1.in 40.8234 60 
5974726 2.07394 
12543855 8.56021 
11520443 16.4629 
4493306 20.24 
5931993 23.0005 
4840472 26.8186 
7163240 29.5254 
10740964 39.6827 
5803304 40.8193 
7498829 44.7195 
8268766 52.8009 
3977516 56.646 
0.123707 226 34 

6993103 51.9854 
7253579 70.3447 
8009644 70.7042 
9918695 71.0029 
6908395 78.4358 
8355499 81.5787 
4920533 84.3532 
5707692 91.8239 
5052138 87.069 
4848826 86.7455 
7456329 105.158 
6289310 133.064 
0.129446 257 35 

4574406 107.463 
5691093 95.3446 
7608964 104.354 
11971552 120.961 
5419663 133.679 
6877310 145.661 
12355227 125.281 
6843688 124.892 
8511028 147.151 
4058489 189.053 
5221684 188.656 
4261765 132.897 
0.126418 235 35 

14679194 182.071 
14303198 148.715 
5207044 159.381 
4160435 159.79 
3807232 158.349 
4118685 166.947 
5794579 164.117 
3902702 192.021 
10119235 196.406 
6122530 177.944 
4001506 182.739 
6834824 180.941 
0.131479 178 36 

6974691 190.515 
9517977 192.928 
6906037 197.59 
7304566 254.534 
8132035 249.36 
6240602 231.037 
7893340 214.065 
10984845 248.844 
6908032 216.915 
7784522 238.056 
9924582 268.211 
10286490 250.7 
0.128407 526 37 

15365326 240.346 
9966391 255.497 
10309649 280.727 
6782931 386.89 
9135013 339.611 
6891469 263.993 
9921724 280.244 
11044534 346.338 
7186701 321.506 
9532460 301.53 
11786033 380.347 
11227151 329.557 
0.126437 523 36 

11650449 362.977 
11803574 370.721 
14036694 327.537 
15680968 325.786 
14421614 355.131 
14101136 411.913 
27253281 362.248 
16535648 383.419 
16254539 398.399 
16152069 425.029 
15510300 424.918 
16643780 416.483 
0.135735 523 38 

16194018 442.645 
14850362 568.253 
15873799 468.991 
16292844 581.417 
16956883 471.812 
14432051 575.134 
12485207 473.318 
12992229 509.438 
10924048 524.838 
11516377 670.962 
13361748 614.304 
13195707 641.07 
0.138084 738 38 

14845651 728.709 
12716520 552.66 
19708549 566.154 
11862501 614.686 
14897390 778.822 
10943547 669.448 
12232071 743.478 
12912429 597.402 
14067481 723.923 
18435186 631.527 
16499477 693.404 
15580510 678.653 
0.133465 738 37 

18606046 659.43 
14970574 659.931 
15316548 707.396 
21615398 713.91 
21273317 805.965 
19747985 717.728 
12256494 709.419 
15613942 761.371 
12115208 749.514 
11753291 796.331 
11706985 758.367 
34233397 718.622 
0.136679 738 38 

