1.in 7.3659 25.5182 alpha: 48
distance ratio: 0
input box: (1, 0, 0, )  (100000, 100000, 100000, ) 
query box: (1, 0, 0, )  (100000, 100000, 100000, ) 
0 1000000 0.012075 17 15.5325 0.193794 463 0.210487 475 0.41977 554 
10000000 11000000 0.010443 42 25.3744 0.849994 1725 0.932517 1746 1.21151 1857 
20000000 21000000 0.037394 48 25.6339 0.954148 1800 1.04554 1822 1.29814 1945 
30000000 31000000 0.008359 48 25.7747 0.749973 1497 0.845956 1519 1.07428 1632 
40000000 41000000 0.014454 48 26.0207 0.752681 1505 0.837543 1527 1.114 1651 
50000000 51000000 0.020571 49 26.6145 0.936559 1811 1.05267 1835 1.34875 1975 
60000000 61000000 0.0121 49 27.4944 0.958933 1850 1.07066 1874 1.37491 2016 
70000000 71000000 0.020131 49 27.6563 0.725927 1418 0.770664 1437 1.11915 1574 
80000000 81000000 0.019265 51 27.9454 0.633939 1242 0.659452 1259 1.01143 1397 
90000000 91000000 0.013931 51 28.4109 0.601157 1165 0.62371 1182 0.962471 1321 
100000000 101000000 0.015157 53 28.9215 0.535241 1055 0.556073 1070 0.842156 1196 
110000000 111000000 0.026607 56 29.3897 0.496926 974 0.523395 1002 0.837667 1190 
120000000 121000000 0.035456 64 29.7059 0.463743 917 0.48847 944 0.771622 1124 
130000000 131000000 0.012928 64 30.0496 0.456167 906 0.480777 933 0.756953 1114 
140000000 141000000 0.184362 58 28.2994 0.451489 899 0.476182 926 0.746086 1104 
150000000 151000000 0.019586 58 28.422 0.187225 408 0.205598 429 0.374106 559 
160000000 161000000 0.014831 62 28.7449 0.104652 260 0.11813 274 0.249919 372 
170000000 171000000 0.01788 58 28.8613 0.058668 138 0.070972 152 0.197257 250 
180000000 181000000 0.014762 58 28.9279 0.050772 123 0.062872 137 0.183009 231 
190000000 191000000 0.016039 58 29.1164 0.039333 100 0.05132 113 0.166231 203 
200000000 201000000 0.016707 59 29.3127 0.030628 79 0.041608 92 0.154065 182 
210000000 211000000 0.018063 60 29.5434 0.030733 79 0.041832 93 0.154601 183 
220000000 221000000 0.021366 63 29.8285 0.024648 66 0.03499 79 0.143353 165 
230000000 231000000 0.016498 63 30.0145 0.024647 66 0.034868 79 0.144096 166 
240000000 241000000 0.011231 63 30.0756 0.023586 64 0.03352 76 0.142935 163 
250000000 251000000 0.016144 63 30.2447 0.021107 59 0.030938 72 0.139406 158 
260000000 261000000 0.014958 63 30.3466 0.020765 59 0.030698 71 0.139086 158 
270000000 271000000 0.025598 63 29.875 0.020887 58 0.030733 71 0.139602 158 
280000000 281000000 0.013254 65 29.9984 0.019305 55 0.029217 68 0.137524 155 
290000000 291000000 0.013839 65 30.1053 0.019307 55 0.029296 68 0.137879 155 
300000000 301000000 0.01322 67 30.1747 0.019245 55 0.029181 68 0.137803 155 
310000000 311000000 0.017359 67 30.2401 0.019202 55 0.029114 68 0.137789 155 
320000000 321000000 0.014496 67 30.3111 0.019222 55 0.029194 68 0.138146 155 
330000000 331000000 0.011877 69 30.4143 0.018971 55 0.029006 68 0.137159 154 
340000000 341000000 0.012415 69 30.4997 0.01852 54 0.028331 67 0.13657 153 
350000000 351000000 0.01371 69 30.5902 0.017002 51 0.026677 63 0.134212 150 
360000000 361000000 0.014932 70 30.666 0.01664 50 0.026274 63 0.133402 149 
370000000 371000000 0.012434 70 30.8028 0.016499 50 0.026134 62 0.133247 148 
380000000 381000000 0.013851 70 30.8982 0.016427 50 0.026061 62 0.132862 148 
390000000 391000000 0.013377 70 30.9397 0.015989 49 0.02546 61 0.13139 146 
400000000 401000000 0.014437 70 31.0131 0.015357 48 0.024697 60 0.129459 144 
410000000 411000000 0.015054 70 31.0356 0.015274 47 0.024582 59 0.128838 143 
420000000 421000000 0.013222 70 31.0658 0.01506 47 0.024316 59 0.127027 141 
430000000 431000000 0.012927 70 31.1384 0.014873 47 0.024063 58 0.126152 139 
440000000 441000000 0.012885 70 31.2148 0.01489 47 0.024112 58 0.126109 139 
450000000 451000000 0.017196 70 31.2557 0.014527 46 0.023625 57 0.125047 137 
460000000 461000000 0.013352 71 31.3057 0.014586 46 0.023664 57 0.1248 137 
470000000 471000000 0.013867 72 31.3549 0.014572 46 0.023633 57 0.124697 137 
480000000 481000000 0.012878 72 31.4267 0.014511 46 0.023554 57 0.12454 136 
490000000 491000000 0.011455 72 31.2208 0.014605 46 0.023653 57 0.124904 136 
500000000 501000000 0.011909 72 31.2884 0.014536 46 0.023594 57 0.124364 136 
510000000 511000000 0.010775 72 31.3343 0.01461 46 0.023652 57 0.124459 136 
520000000 521000000 0.015257 72 31.4057 0.01452 46 0.023517 57 0.124033 136 
530000000 531000000 0.016722 72 31.4399 0.014482 46 0.023495 57 0.124112 135 
540000000 541000000 0.011379 72 31.4755 0.014553 46 0.023456 57 0.123558 135 
550000000 551000000 0.012191 73 31.5121 0.014435 45 0.023386 57 0.123277 135 
560000000 561000000 0.012452 73 31.5485 0.014453 45 0.023404 57 0.123233 135 
570000000 571000000 0.012026 73 31.5915 0.014438 45 0.023381 57 0.123091 134 
580000000 581000000 0.012066 73 31.6111 0.014427 45 0.023295 56 0.122858 134 
590000000 591000000 0.01176 73 31.6399 0.014445 45 0.023235 56 0.122425 134 
600000000 601000000 0.01202 73 31.6984 0.014409 45 0.023207 56 0.122643 133 
610000000 611000000 0.014073 73 31.6964 0.014405 45 0.023171 56 0.122169 133 
620000000 621000000 0.012342 73 31.6379 0.014397 45 0.023126 56 0.122303 133 
630000000 631000000 0.016371 73 31.6933 0.014357 45 0.023076 56 0.121822 132 
640000000 641000000 0.016762 73 31.7281 0.014195 45 0.022867 55 0.121245 131 
650000000 651000000 0.016809 73 31.7622 0.014244 45 0.022808 55 0.120885 131 
660000000 661000000 0.013921 73 31.7958 0.014273 45 0.022836 55 0.12073 130 
670000000 671000000 0.014305 73 31.8386 0.014266 45 0.022914 55 0.120457 130 
680000000 681000000 0.011911 73 31.8789 0.014316 45 0.022874 55 0.12062 130 
690000000 691000000 0.020035 73 31.924 0.01432 45 0.022863 55 0.12039 130 
700000000 701000000 0.016306 73 31.9671 0.01435 45 0.022833 55 0.120418 130 
710000000 711000000 0.016257 73 32.0053 0.014487 45 0.022797 55 0.120129 130 
720000000 721000000 0.014113 73 32.0261 0.014312 45 0.022766 55 0.119899 129 
730000000 731000000 0.014498 73 32.0536 0.014332 45 0.022788 55 0.119664 129 
740000000 741000000 0.015062 73 32.0893 0.014389 45 0.022849 55 0.119617 129 
750000000 751000000 0.014262 73 32.1151 0.014355 45 0.022789 55 0.119019 129 
760000000 761000000 0.015406 73 32.1528 0.014332 45 0.022693 55 0.119279 128 
770000000 771000000 0.011981 73 32.196 0.014352 45 0.022751 55 0.118997 128 
780000000 781000000 0.013803 73 32.2177 0.01438 45 0.022731 55 0.118953 128 
790000000 791000000 0.014995 73 32.2399 0.014345 45 0.022654 55 0.118752 128 
800000000 801000000 0.015099 73 32.2553 0.014365 45 0.022654 55 0.118968 128 
810000000 811000000 0.011288 73 32.2756 0.01429 45 0.022616 55 0.118729 128 
820000000 821000000 0.01725 73 32.3026 0.014316 45 0.022691 55 0.118785 128 
830000000 831000000 0.016119 73 32.3291 0.014293 45 0.02265 55 0.118988 128 
840000000 841000000 0.014079 73 32.3599 0.014359 45 0.022674 55 0.118612 128 
850000000 851000000 0.017381 73 32.3847 0.014352 45 0.022657 55 0.118986 128 
860000000 861000000 0.020035 73 32.4217 0.014359 45 0.02272 55 0.118787 128 
870000000 871000000 0.01772 73 32.4508 0.014358 45 0.022578 55 0.118624 127 
880000000 881000000 0.017739 73 32.4732 0.014346 45 0.022597 55 0.118427 127 
890000000 891000000 0.014564 73 32.4956 0.014407 45 0.022612 55 0.118651 127 
900000000 901000000 0.018441 73 32.5172 0.014427 45 0.022655 55 0.118234 127 
910000000 911000000 0.016686 73 32.552 0.014404 45 0.022614 55 0.117869 127 
920000000 921000000 0.020627 73 32.5763 0.014412 45 0.022626 54 0.117818 126 
930000000 931000000 0.015119 73 32.6035 0.014416 45 0.022629 54 0.117669 126 
940000000 941000000 0.016347 73 32.6269 0.01444 45 0.022643 54 0.1176 126 
950000000 951000000 0.017131 74 32.6393 0.014469 45 0.022707 54 0.117776 126 
960000000 961000000 0.01587 74 32.6611 0.014406 45 0.022621 55 0.117335 126 
970000000 971000000 0.021169 74 32.7101 0.014439 45 0.02265 54 0.117527 126 
980000000 981000000 0.015385 74 32.748 0.014461 45 0.02266 54 0.117321 126 
990000000 991000000 0.016355 74 32.767 0.014455 45 0.022658 54 0.117558 126 
distance ratio: 10
input box: (1, 0, 0, )  (100000, 100000, 100000, ) 
query box: (999991, 1000000, 1000000, )  (1099990, 1100000, 1100000, ) 
0 1000000 0.004458 17 15.5325 0.12316 316 0.130742 327 0.295775 422 
10000000 11000000 0.011646 42 25.3744 1.74562 3164 1.81785 3203 2.11935 3357 
20000000 21000000 0.018212 48 25.6339 3.27229 5289 3.39962 5371 3.87947 5667 
30000000 31000000 0.009647 48 25.7747 4.06496 6469 4.21398 6545 4.75185 6875 
40000000 41000000 0.014166 48 26.0207 4.05789 6469 4.2178 6545 4.7516 6875 
50000000 51000000 0.019748 49 26.6145 4.05326 6469 4.22332 6545 4.75678 6875 
60000000 61000000 0.014418 49 27.4944 4.05118 6469 4.22784 6545 4.76453 6875 
70000000 71000000 0.020032 49 27.6563 0.061352 177 0.063568 177 0.186422 297 
80000000 81000000 0.022202 51 27.9454 0.061064 177 0.063707 177 0.186448 297 
90000000 91000000 0.019605 51 28.4109 0.06293 185 0.06543 185 0.188623 305 
100000000 101000000 0.013782 53 28.9215 0.010028 45 0.014351 56 0.048593 108 
110000000 111000000 0.028195 56 29.3897 0.010442 40 0.013152 44 0.049931 99 
120000000 121000000 0.039023 64 29.7059 0.010474 40 0.013298 44 0.049763 99 
130000000 131000000 0.012411 64 30.0496 0.010352 40 0.01328 44 0.049888 99 
140000000 141000000 0.133468 58 28.2994 0.010388 40 0.013193 44 0.049777 99 
150000000 151000000 0.017392 58 28.422 0.010361 40 0.013176 44 0.04982 99 
160000000 161000000 0.015097 62 28.7449 0.010398 40 0.013124 44 0.049656 99 
170000000 171000000 0.017909 58 28.8613 0.010398 40 0.013204 44 0.049859 99 
180000000 181000000 0.014405 58 28.9279 0.010371 40 0.013162 44 0.049642 99 
190000000 191000000 0.017421 58 29.1164 0.010358 40 0.013172 44 0.049988 99 
200000000 201000000 0.015679 59 29.3127 0.010379 40 0.013252 44 0.049734 99 
210000000 211000000 0.017715 60 29.5434 0.010387 40 0.013197 44 0.049973 99 
220000000 221000000 0.023143 63 29.8285 0.010381 40 0.013145 44 0.049805 99 
230000000 231000000 0.018998 63 30.0145 0.010368 40 0.013164 44 0.049538 99 
240000000 241000000 0.012233 63 30.0756 0.010449 40 0.013134 44 0.049383 99 
250000000 251000000 0.01862 63 30.2447 0.010418 40 0.01323 44 0.050453 100 
260000000 261000000 0.015545 63 30.3466 0.010405 40 0.013255 44 0.049885 100 
270000000 271000000 0.028244 63 29.875 0.010395 40 0.012899 45 0.050674 102 
280000000 281000000 0.013475 65 29.9984 0.010433 40 0.012851 45 0.050671 102 
290000000 291000000 0.015062 65 30.1053 0.010439 40 0.012903 45 0.050769 102 
300000000 301000000 0.014962 67 30.1747 0.010417 40 0.012853 45 0.050745 102 
310000000 311000000 0.01645 67 30.2401 0.010417 40 0.012916 45 0.050684 102 
320000000 321000000 0.015891 67 30.3111 0.010385 40 0.012809 45 0.050826 102 
330000000 331000000 0.009724 69 30.4143 0.010445 40 0.012894 45 0.050833 102 
340000000 341000000 0.014699 69 30.4997 0.010432 40 0.012824 45 0.050675 102 
350000000 351000000 0.01473 69 30.5902 0.010443 40 0.012877 45 0.050556 102 
360000000 361000000 0.014683 70 30.666 0.01047 40 0.012963 45 0.050453 102 
370000000 371000000 0.013857 70 30.8028 0.010423 40 0.01287 45 0.050985 102 
380000000 381000000 0.016145 70 30.8982 0.010413 40 0.012859 45 0.050654 102 
390000000 391000000 0.012737 70 30.9397 0.010426 40 0.012922 45 0.050529 102 
400000000 401000000 0.015542 70 31.0131 0.010403 40 0.01284 45 0.050727 102 
410000000 411000000 0.015683 70 31.0356 0.010427 40 0.012854 45 0.050952 102 
420000000 421000000 0.01384 70 31.0658 0.010458 40 0.012885 45 0.051059 102 
430000000 431000000 0.017819 70 31.1384 0.010406 40 0.012833 45 0.050917 102 
440000000 441000000 0.014428 70 31.2148 0.010465 40 0.012924 45 0.050702 102 
450000000 451000000 0.014449 70 31.2557 0.010471 40 0.012894 45 0.050808 102 
460000000 461000000 0.014533 71 31.3057 0.010477 40 0.01289 45 0.050951 102 
470000000 471000000 0.013929 72 31.3549 0.01053 40 0.012905 45 0.050764 102 
480000000 481000000 0.01355 72 31.4267 0.010457 40 0.0129 45 0.050685 102 
490000000 491000000 0.012994 72 31.2208 0.010485 40 0.012866 45 0.051065 102 
500000000 501000000 0.01449 72 31.2884 0.01047 40 0.012884 45 0.050804 102 
510000000 511000000 0.011944 72 31.3343 0.010584 40 0.012915 45 0.050743 102 
520000000 521000000 0.017768 72 31.4057 0.010449 40 0.012945 45 0.050566 102 
530000000 531000000 0.01668 72 31.4399 0.010464 40 0.012908 45 0.050795 102 
540000000 541000000 0.012523 72 31.4755 0.010484 40 0.012946 45 0.050865 102 
550000000 551000000 0.012187 73 31.5121 0.010519 40 0.012849 45 0.050897 102 
560000000 561000000 0.012466 73 31.5485 0.010475 40 0.012893 45 0.050459 102 
570000000 571000000 0.012681 73 31.5915 0.010447 40 0.012955 45 0.050645 102 
580000000 581000000 0.0139 73 31.6111 0.010479 40 0.012918 45 0.050781 102 
590000000 591000000 0.012834 73 31.6399 0.010447 40 0.012929 45 0.050804 102 
600000000 601000000 0.011782 73 31.6984 0.010476 40 0.012897 45 0.050763 102 
610000000 611000000 0.015183 73 31.6964 0.010547 40 0.012916 45 0.050566 102 
620000000 621000000 0.013141 73 31.6379 0.010495 40 0.01298 45 0.050777 102 
630000000 631000000 0.016503 73 31.6933 0.0105 40 0.012898 45 0.050706 102 
640000000 641000000 0.017461 73 31.7281 0.010495 40 0.012925 45 0.050794 102 
650000000 651000000 0.018101 73 31.7622 0.010447 40 0.012877 45 0.050501 102 
660000000 661000000 0.014689 73 31.7958 0.010442 40 0.012919 45 0.050738 102 
670000000 671000000 0.015977 73 31.8386 0.010482 40 0.012792 45 0.050622 102 
680000000 681000000 0.012697 73 31.8789 0.010472 40 0.012839 45 0.050732 102 
690000000 691000000 0.02148 73 31.924 0.010486 40 0.012864 45 0.050623 102 
700000000 701000000 0.017823 73 31.9671 0.010466 40 0.012923 45 0.050966 102 
710000000 711000000 0.017552 73 32.0053 0.010514 40 0.012886 45 0.050544 102 
720000000 721000000 0.015144 73 32.0261 0.010446 40 0.012808 45 0.051172 102 
730000000 731000000 0.015133 73 32.0536 0.010476 40 0.012826 45 0.050553 102 
740000000 741000000 0.01573 73 32.0893 0.010472 40 0.012865 45 0.050615 102 
750000000 751000000 0.014729 73 32.1151 0.010537 40 0.012967 45 0.050788 102 
760000000 761000000 0.016691 73 32.1528 0.01044 40 0.012834 45 0.050654 102 
770000000 771000000 0.015094 73 32.196 0.010494 40 0.012971 45 0.050632 102 
780000000 781000000 0.015278 73 32.2177 0.010448 40 0.012952 45 0.050508 102 
790000000 791000000 0.015605 73 32.2399 0.010447 40 0.012904 45 0.050602 102 
800000000 801000000 0.01729 73 32.2553 0.010466 40 0.012912 45 0.050812 102 
810000000 811000000 0.01305 73 32.2756 0.01048 40 0.012941 45 0.050716 102 
820000000 821000000 0.019511 73 32.3026 0.010516 40 0.012843 45 0.050481 102 
830000000 831000000 0.015997 73 32.3291 0.010491 40 0.01296 45 0.050332 102 
840000000 841000000 0.014249 73 32.3599 0.010472 40 0.012847 45 0.050456 102 
850000000 851000000 0.01649 73 32.3847 0.01047 40 0.012895 45 0.050549 102 
860000000 861000000 0.02235 73 32.4217 0.010469 40 0.01292 45 0.05058 102 
870000000 871000000 0.019905 73 32.4508 0.010471 40 0.012875 45 0.050551 102 
880000000 881000000 0.018973 73 32.4732 0.010472 40 0.012796 45 0.050508 102 
890000000 891000000 0.018047 73 32.4956 0.010545 40 0.012913 45 0.050624 102 
900000000 901000000 0.016827 73 32.5172 0.010502 40 0.012906 45 0.050767 102 
910000000 911000000 0.017918 73 32.552 0.010482 40 0.012943 45 0.05049 102 
920000000 921000000 0.020319 73 32.5763 0.010489 40 0.012925 45 0.05084 102 
930000000 931000000 0.015784 73 32.6035 0.010449 40 0.013003 45 0.050753 102 
940000000 941000000 0.019007 73 32.6269 0.010455 40 0.013044 45 0.050697 102 
950000000 951000000 0.0202 74 32.6393 0.010472 40 0.012971 45 0.05093 102 
960000000 961000000 0.018274 74 32.6611 0.010476 40 0.012909 45 0.050557 102 
970000000 971000000 0.020147 74 32.7101 0.010491 40 0.012908 45 0.050831 102 
980000000 981000000 0.015395 74 32.748 0.010525 40 0.012977 45 0.050545 102 
990000000 991000000 0.015992 74 32.767 0.010475 40 0.01295 45 0.0507 102 
distance ratio: 100
input box: (1, 0, 0, )  (100000, 100000, 100000, ) 
query box: (9999901, 10000000, 10000000, )  (10099900, 10100000, 10100000, ) 
0 1000000 0.004676 17 15.5325 0.12363 315 0.134061 335 0.281592 426 
10000000 11000000 0.012377 42 25.3744 1.95706 3370 2.03096 3400 2.37819 3613 
20000000 21000000 0.017374 48 25.6339 3.37992 5363 3.49658 5432 3.97897 5720 
30000000 31000000 0.009139 48 25.7747 4.17248 6524 4.3124 6591 4.83935 6878 
40000000 41000000 0.013171 48 26.0207 4.15839 6524 4.31459 6591 4.83367 6878 
50000000 51000000 0.02058 49 26.6145 4.15858 6524 4.31802 6591 4.84418 6878 
60000000 61000000 0.014412 49 27.4944 4.15567 6524 4.31901 6591 4.84991 6878 
70000000 71000000 0.019405 49 27.6563 0.06164 177 0.065767 182 0.187728 297 
80000000 81000000 0.02203 51 27.9454 0.061709 177 0.065775 182 0.187863 297 
90000000 91000000 0.014764 51 28.4109 0.063532 185 0.067493 190 0.189093 305 
100000000 101000000 0.01623 53 28.9215 0.010037 45 0.014414 56 0.048929 108 
110000000 111000000 0.031743 56 29.3897 0.01055 40 0.013278 44 0.050327 99 
120000000 121000000 0.038477 64 29.7059 0.010531 40 0.013335 44 0.050122 99 
130000000 131000000 0.012879 64 30.0496 0.01056 40 0.013303 44 0.050214 99 
140000000 141000000 0.152691 58 28.2994 0.010546 40 0.013265 44 0.05014 99 
150000000 151000000 0.018278 58 28.422 0.010563 40 0.013245 44 0.050041 99 
160000000 161000000 0.016487 62 28.7449 0.010605 40 0.0133 44 0.050086 99 
170000000 171000000 0.019378 58 28.8613 0.010549 40 0.013257 44 0.050337 99 
180000000 181000000 0.015747 58 28.9279 0.01051 40 0.013321 44 0.050374 99 
190000000 191000000 0.017391 58 29.1164 0.010542 40 0.013261 44 0.050161 99 
200000000 201000000 0.014053 59 29.3127 0.010558 40 0.013328 44 0.05006 99 
210000000 211000000 0.019421 60 29.5434 0.010517 40 0.013228 44 0.05029 99 
220000000 221000000 0.022744 63 29.8285 0.010534 40 0.013336 44 0.050064 99 
230000000 231000000 0.01945 63 30.0145 0.010541 40 0.013284 44 0.05004 99 
240000000 241000000 0.013693 63 30.0756 0.010519 40 0.013294 44 0.049998 99 
250000000 251000000 0.016744 63 30.2447 0.01058 40 0.013363 44 0.050371 100 
260000000 261000000 0.015955 63 30.3466 0.010572 40 0.01333 44 0.050665 100 
270000000 271000000 0.03094 63 29.875 0.010629 40 0.012893 45 0.051353 102 
280000000 281000000 0.014164 65 29.9984 0.010571 40 0.012951 45 0.050882 102 
290000000 291000000 0.014397 65 30.1053 0.010574 40 0.012897 45 0.051094 102 
300000000 301000000 0.012307 67 30.1747 0.010584 40 0.01291 45 0.051133 102 
310000000 311000000 0.018687 67 30.2401 0.010598 40 0.012877 45 0.050799 102 
320000000 321000000 0.014669 67 30.3111 0.010572 40 0.012943 45 0.051029 102 
330000000 331000000 0.011433 69 30.4143 0.010595 40 0.012944 45 0.051234 102 
340000000 341000000 0.014519 69 30.4997 0.010621 40 0.012999 45 0.051225 102 
350000000 351000000 0.011772 69 30.5902 0.010622 40 0.012883 45 0.051269 102 
360000000 361000000 0.017447 70 30.666 0.010565 40 0.012936 45 0.050991 102 
370000000 371000000 0.015202 70 30.8028 0.010623 40 0.012924 45 0.051118 102 
380000000 381000000 0.015463 70 30.8982 0.010567 40 0.012976 45 0.051256 102 
390000000 391000000 0.012947 70 30.9397 0.01061 40 0.012893 45 0.050982 102 
400000000 401000000 0.014593 70 31.0131 0.01057 40 0.012948 45 0.051194 102 
410000000 411000000 0.014601 70 31.0356 0.010578 40 0.012903 45 0.051321 102 
420000000 421000000 0.015924 70 31.0658 0.010631 40 0.012904 45 0.05135 102 
430000000 431000000 0.01619 70 31.1384 0.010593 40 0.012965 45 0.051024 102 
440000000 441000000 0.016076 70 31.2148 0.01057 40 0.012923 45 0.051216 102 
450000000 451000000 0.018029 70 31.2557 0.010665 40 0.013158 45 0.051494 102 
460000000 461000000 0.015214 71 31.3057 0.010646 40 0.012915 45 0.051228 102 
470000000 471000000 0.012337 72 31.3549 0.010657 40 0.013024 45 0.051251 102 
480000000 481000000 0.012949 72 31.4267 0.010604 40 0.012935 45 0.051076 102 
490000000 491000000 0.012412 72 31.2208 0.010707 40 0.013004 45 0.051126 102 
500000000 501000000 0.014261 72 31.2884 0.010634 40 0.012928 45 0.051101 102 
510000000 511000000 0.011211 72 31.3343 0.010637 40 0.012932 45 0.051035 102 
520000000 521000000 0.01662 72 31.4057 0.010602 40 0.012932 45 0.051136 102 
530000000 531000000 0.017191 72 31.4399 0.010636 40 0.012976 45 0.051175 102 
540000000 541000000 0.015146 72 31.4755 0.010607 40 0.012951 45 0.051243 102 
550000000 551000000 0.011484 73 31.5121 0.010583 40 0.012935 45 0.051071 102 
560000000 561000000 0.012828 73 31.5485 0.010612 40 0.013037 45 0.051223 102 
570000000 571000000 0.014967 73 31.5915 0.010631 40 0.012949 45 0.051349 102 
580000000 581000000 0.013089 73 31.6111 0.010605 40 0.012989 45 0.051259 102 
590000000 591000000 0.011883 73 31.6399 0.010616 40 0.012907 45 0.051215 102 
600000000 601000000 0.01362 73 31.6984 0.010658 40 0.012938 45 0.051093 102 
610000000 611000000 0.014955 73 31.6964 0.010651 40 0.013088 45 0.05175 102 
620000000 621000000 0.01283 73 31.6379 0.010642 40 0.013011 45 0.051382 102 
630000000 631000000 0.019094 73 31.6933 0.010612 40 0.012929 45 0.05144 102 
640000000 641000000 0.017905 73 31.7281 0.010604 40 0.012943 45 0.051267 102 
650000000 651000000 0.018861 73 31.7622 0.010632 40 0.013042 45 0.050961 102 
660000000 661000000 0.01698 73 31.7958 0.010642 40 0.012941 45 0.051362 102 
670000000 671000000 0.013255 73 31.8386 0.010644 40 0.012991 45 0.051496 102 
680000000 681000000 0.01315 73 31.8789 0.010633 40 0.012934 45 0.051267 102 
690000000 691000000 0.021361 73 31.924 0.010628 40 0.012896 45 0.051124 102 
700000000 701000000 0.016571 73 31.9671 0.010618 40 0.012944 45 0.051032 102 
710000000 711000000 0.017988 73 32.0053 0.010638 40 0.013052 45 0.051252 102 
720000000 721000000 0.017068 73 32.0261 0.010589 40 0.012959 45 0.051172 102 
730000000 731000000 0.016994 73 32.0536 0.010605 40 0.012933 45 0.051044 102 
740000000 741000000 0.018232 73 32.0893 0.010641 40 0.012937 45 0.051285 102 
750000000 751000000 0.015367 73 32.1151 0.010601 40 0.012919 45 0.051337 102 
760000000 761000000 0.01675 73 32.1528 0.010636 40 0.012966 45 0.051057 102 
770000000 771000000 0.013816 73 32.196 0.010565 40 0.012967 45 0.051422 102 
780000000 781000000 0.01582 73 32.2177 0.010617 40 0.012944 45 0.051009 102 
790000000 791000000 0.015851 73 32.2399 0.010598 40 0.012881 45 0.051156 102 
800000000 801000000 0.01648 73 32.2553 0.010566 40 0.012942 45 0.051234 102 
810000000 811000000 0.013912 73 32.2756 0.010657 40 0.012957 45 0.05107 102 
820000000 821000000 0.020759 73 32.3026 0.010607 40 0.013007 45 0.051232 102 
830000000 831000000 0.016521 73 32.3291 0.010627 40 0.012991 45 0.051079 102 
840000000 841000000 0.015499 73 32.3599 0.010625 40 0.012925 45 0.051072 102 
850000000 851000000 0.017656 73 32.3847 0.010612 40 0.012922 45 0.050918 102 
860000000 861000000 0.023128 73 32.4217 0.010647 40 0.012925 45 0.051377 102 
870000000 871000000 0.019757 73 32.4508 0.010618 40 0.012928 45 0.051299 102 
880000000 881000000 0.018977 73 32.4732 0.010638 40 0.01295 45 0.051082 102 
890000000 891000000 0.016026 73 32.4956 0.010733 40 0.01305 45 0.051062 102 
900000000 901000000 0.017658 73 32.5172 0.010583 40 0.012932 45 0.051131 102 
910000000 911000000 0.017353 73 32.552 0.010666 40 0.012976 45 0.05118 102 
920000000 921000000 0.020202 73 32.5763 0.010599 40 0.012925 45 0.051068 102 
930000000 931000000 0.015246 73 32.6035 0.010564 40 0.012847 45 0.051329 102 
940000000 941000000 0.018509 73 32.6269 0.010617 40 0.013002 45 0.051454 102 
950000000 951000000 0.019174 74 32.6393 0.010621 40 0.012971 45 0.051254 102 
960000000 961000000 0.019561 74 32.6611 0.010617 40 0.012929 45 0.051303 102 
970000000 971000000 0.02098 74 32.7101 0.010706 40 0.01304 45 0.050863 102 
980000000 981000000 0.014286 74 32.748 0.010727 40 0.013047 45 0.050903 102 
990000000 991000000 0.015594 74 32.767 0.010607 40 0.012899 45 0.051137 102 

