1.in 4.75021 25.5182 alpha: 30
0 1000000 0.00894 17 15.5325 0.191011 434 0.208538 450 0.429835 549 
10000000 11000000 0.047388 21 19.005 0.583868 1285 0.623906 1305 0.917571 1445 
20000000 21000000 0.090861 22 19.9294 0.660438 1350 0.703938 1372 1.13024 1527 
30000000 31000000 0.114673 22 20.5019 1.11453 2199 1.18812 2225 1.73805 2420 
40000000 41000000 0.144956 23 20.8934 0.963322 1937 1.01589 1964 1.51966 2164 
50000000 51000000 0.174323 23 21.2044 0.967943 1912 1.02311 1941 1.57349 2134 
60000000 61000000 0.194715 23 21.4703 0.972991 1943 1.02533 1972 1.5934 2176 
70000000 71000000 0.23436 23 21.6952 0.277882 523 0.303577 549 0.634524 738 
80000000 81000000 0.280385 24 21.8715 0.284866 535 0.31005 559 0.633025 737 
90000000 91000000 0.307579 24 22.0366 0.268727 505 0.298887 537 0.640476 730 
100000000 101000000 0.353993 25 22.1796 0.212406 404 0.242497 435 0.554614 624 
110000000 111000000 0.375946 25 22.3187 0.228037 423 0.257761 455 0.583763 651 
120000000 121000000 0.398662 25 22.4567 0.229927 432 0.261812 466 0.592521 659 
130000000 131000000 0.49224 25 22.5841 0.223427 417 0.253588 445 0.57915 632 
140000000 141000000 0.470838 26 22.6861 0.225451 417 0.255749 446 0.582203 635 
150000000 151000000 0.542155 26 22.7853 0.215871 401 0.246678 434 0.578025 630 
160000000 161000000 0.590007 30 22.8861 0.215625 398 0.242326 428 0.560523 620 
170000000 171000000 0.621245 30 22.9884 0.218123 405 0.245177 435 0.558258 626 
180000000 181000000 0.721913 36 23.101 0.225394 420 0.250726 447 0.560475 640 
190000000 191000000 0.771555 37 23.1697 0.250722 465 0.274665 493 0.602306 704 
200000000 201000000 0.836133 42 23.1552 0.229254 456 0.256065 489 0.557693 689 
210000000 211000000 0.900172 42 23.1138 0.180392 415 0.192413 434 0.416033 591 
220000000 221000000 0.789185 37 22.9947 0.136489 358 0.142947 374 0.329674 493 
230000000 231000000 0.960295 40 22.9425 0.10984 358 0.108477 365 0.214189 453 
240000000 241000000 1.01218 37 22.8316 0.090451 332 0.089104 337 0.170445 392 
250000000 251000000 0.798246 36 22.9245 0.085703 324 0.083445 328 0.162479 379 
260000000 261000000 1.13177 37 22.9066 0.089361 342 0.087309 347 0.169513 402 
270000000 271000000 1.10149 38 22.9742 0.08133 313 0.080904 317 0.161454 358 
280000000 281000000 1.24013 37 22.9046 0.095139 340 0.095693 344 0.17956 386 
290000000 291000000 1.25251 40 22.999 0.110735 378 0.111219 383 0.202937 433 
300000000 301000000 1.35423 36 23.1715 0.106112 344 0.104669 348 0.191445 394 
310000000 311000000 1.25898 34 23.2698 0.103834 347 0.101477 350 0.187544 394 
320000000 321000000 1.17023 43 23.3007 0.085001 314 0.084202 317 0.165111 357 
330000000 331000000 1.47783 37 23.3073 0.08578 321 0.083326 324 0.159661 356 
340000000 341000000 1.35422 37 23.3616 0.094775 360 0.093297 363 0.170761 407 
350000000 351000000 1.60107 37 23.3309 0.082644 302 0.079762 305 0.158488 344 
360000000 361000000 1.59262 38 23.5172 0.088476 316 0.086696 319 0.15872 354 
370000000 371000000 1.46858 40 23.5172 0.089135 315 0.088069 319 0.162441 360 
380000000 381000000 1.59119 36 23.5893 0.090355 316 0.087432 321 0.164627 360 
390000000 391000000 1.18567 39 23.6675 0.086406 303 0.084482 307 0.164917 345 
400000000 401000000 1.623 38 23.7151 0.084389 308 0.081682 311 0.166792 355 
410000000 411000000 1.35244 36 23.7855 0.086607 319 0.083339 322 0.165359 370 
420000000 421000000 1.91522 37 23.7998 0.095047 318 0.093185 322 0.177299 368 
430000000 431000000 1.914 40 23.8484 0.09091 310 0.090156 314 0.175627 359 
440000000 441000000 1.80219 37 23.9108 0.096074 316 0.095008 320 0.175613 360 
450000000 451000000 1.66367 40 23.956 0.099631 315 0.098037 319 0.183654 361 
460000000 461000000 1.49599 38 24.0444 0.121133 345 0.120683 349 0.21536 395 
470000000 471000000 2.07239 43 24.043 0.112033 316 0.116474 326 0.23805 401 
480000000 481000000 1.86039 39 24.0368 0.102309 296 0.11135 309 0.233647 391 
490000000 491000000 2.12182 49 24.1616 0.114033 276 0.124184 293 0.287706 409 
500000000 501000000 2.2185 44 24.1712 0.105751 265 0.115422 281 0.259983 380 
510000000 511000000 2.30009 39 24.2439 0.101082 250 0.109178 268 0.248007 368 
520000000 521000000 2.24693 39 24.274 0.093471 242 0.101993 257 0.241811 357 
530000000 531000000 2.26061 43 24.2815 0.099435 252 0.107557 268 0.2447 370 
540000000 541000000 2.44429 41 24.3316 0.100668 246 0.106691 260 0.247856 352 
550000000 551000000 1.98506 39 24.3705 0.099238 254 0.105612 268 0.250446 368 
560000000 561000000 2.47344 40 24.4294 0.108058 282 0.117698 300 0.257151 402 
570000000 571000000 2.53474 39 24.4277 0.10344 256 0.109676 269 0.246241 362 
580000000 581000000 2.31728 44 24.5112 0.105166 273 0.11284 288 0.250498 387 
590000000 591000000 2.66216 42 24.5057 0.108416 279 0.115164 292 0.25209 384 
600000000 601000000 2.6971 38 24.4877 0.109471 275 0.116819 290 0.262217 406 
610000000 611000000 2.06282 42 24.5236 0.113285 282 0.120517 296 0.266806 393 
620000000 621000000 2.64911 39 24.6157 0.111994 286 0.120139 299 0.262368 392 
630000000 631000000 2.82969 39 24.6512 0.109623 264 0.116157 278 0.256512 372 
640000000 641000000 2.22787 41 24.6457 0.124513 286 0.132969 300 0.27875 400 
650000000 651000000 2.84898 40 24.6784 0.137438 307 0.148303 322 0.309761 432 
660000000 661000000 2.9975 37 24.7503 0.140724 299 0.148759 314 0.30668 419 
670000000 671000000 2.57562 42 24.7342 0.139971 301 0.149957 315 0.313464 424 
680000000 681000000 2.69995 38 24.8044 0.141575 315 0.152357 329 0.314004 433 
690000000 691000000 2.54587 39 24.8055 0.133701 286 0.146611 301 0.307777 409 
700000000 701000000 3.35824 39 24.8139 0.134249 283 0.145084 298 0.305373 405 
710000000 711000000 2.96788 39 24.7963 0.162365 342 0.175 358 0.347996 476 
720000000 721000000 3.09627 39 24.8553 0.232918 430 0.261245 459 0.596068 646 
730000000 731000000 3.23271 42 24.8992 0.228163 431 0.255785 460 0.587717 648 
740000000 741000000 2.63152 44 24.9821 0.223383 409 0.252197 438 0.580751 615 
750000000 751000000 3.48118 39 24.9456 0.207095 384 0.239474 414 0.562588 602 
760000000 761000000 3.40155 39 24.9688 0.223955 417 0.256184 454 0.601771 652 
770000000 771000000 3.58488 43 25.0238 0.209492 391 0.241467 423 0.565676 617 
780000000 781000000 2.75959 40 25.0032 0.206855 384 0.240337 418 0.578883 614 
790000000 791000000 2.79706 42 25.0166 0.215114 399 0.257452 445 0.615374 662 
800000000 801000000 3.69703 41 25.0403 0.215752 396 0.250725 431 0.608597 636 
810000000 811000000 3.63788 42 25.0914 0.220213 392 0.256212 427 0.607327 636 
820000000 821000000 3.30381 44 25.0275 0.216477 397 0.254322 440 0.618854 670 
830000000 831000000 3.76965 43 25.0966 0.227711 413 0.263495 449 0.620887 652 
840000000 841000000 3.14525 39 25.116 0.214234 391 0.249363 427 0.606552 650 
850000000 851000000 3.72216 46 25.1603 0.217482 399 0.254458 435 0.592712 635 
860000000 861000000 3.84416 40 25.1381 0.218781 393 0.253417 428 0.594841 629 
870000000 871000000 3.03336 38 25.1834 0.221091 405 0.256631 440 0.603255 650 
880000000 881000000 3.93229 39 25.2393 0.215001 391 0.250196 426 0.595634 640 
890000000 891000000 3.76423 39 25.2168 0.211446 385 0.246796 422 0.57553 626 
900000000 901000000 4.06569 39 25.2214 0.208818 379 0.245814 416 0.571335 610 
910000000 911000000 4.18085 41 25.285 0.210088 379 0.246317 415 0.583167 610 
920000000 921000000 3.84531 41 25.2853 0.204475 371 0.240308 407 0.568041 602 
930000000 931000000 4.20343 41 25.3557 0.210077 392 0.245743 430 0.587168 634 
940000000 941000000 4.17928 41 25.2945 0.206519 384 0.245709 419 0.599433 633 
950000000 951000000 3.99113 43 25.3602 0.198736 365 0.233916 400 0.582359 623 
960000000 961000000 4.27734 47 25.3664 0.196245 364 0.233273 404 0.570945 609 
970000000 971000000 4.24304 44 25.3831 0.139881 240 0.166715 268 0.405276 435 
980000000 981000000 4.36824 46 25.3726 0.139294 242 0.165388 271 0.405452 442 
990000000 991000000 4.37181 44 25.431 0.138612 239 0.164948 267 0.407332 432 

1.in 4.42312 25.5182 alpha: 1
0 1000000 0.009801 17 15.5325 0.189825 434 0.210977 450 0.43162 549 
10000000 11000000 0.063096 21 18.9916 0.594193 1317 0.633548 1337 0.914859 1471 
20000000 21000000 0.100877 22 19.9238 0.617473 1278 0.662411 1301 1.0754 1466 
30000000 31000000 0.123854 22 20.4872 1.12508 2201 1.20846 2228 1.76333 2427 
40000000 41000000 0.177849 23 20.9 1.24081 2452 1.32208 2476 1.8249 2659 
50000000 51000000 0.238361 23 21.2023 1.19216 2301 1.28299 2336 1.86483 2551 
60000000 61000000 0.171694 23 21.476 1.10332 2159 1.17451 2185 1.68827 2370 
70000000 71000000 0.178301 24 21.7066 0.437486 793 0.46806 820 0.83273 1009 
80000000 81000000 0.13021 24 21.9031 0.438151 800 0.467132 826 0.823777 1025 
90000000 91000000 0.280844 24 22.0402 0.320139 594 0.350803 625 0.700891 826 
100000000 101000000 0.436128 24 22.1954 0.234148 426 0.265843 456 0.591688 635 
110000000 111000000 0.460524 25 22.3243 0.227398 434 0.260984 463 0.584478 644 
120000000 121000000 0.479477 24 22.4588 0.256361 467 0.284758 497 0.615668 688 
130000000 131000000 0.14154 25 22.5855 0.269448 518 0.305907 553 0.62122 740 
140000000 141000000 0.537666 25 22.6939 0.255721 470 0.284716 500 0.616522 689 
150000000 151000000 0.505402 25 22.7869 0.23524 446 0.26225 476 0.574397 661 
160000000 161000000 0.098256 25 22.8813 0.295079 542 0.32401 571 0.641542 758 
170000000 171000000 0.399306 25 22.962 0.239073 449 0.268951 478 0.586269 661 
180000000 181000000 0.728645 26 23.0288 0.22636 421 0.257024 450 0.58717 639 
190000000 191000000 0.435898 26 23.1157 0.224195 422 0.257114 453 0.586057 646 
200000000 201000000 0.159249 25 23.1869 0.23559 432 0.267971 465 0.590061 649 
210000000 211000000 0.3732 25 23.2566 0.23294 433 0.2702 467 0.591437 650 
220000000 221000000 0.239619 25 23.3278 0.221037 412 0.24968 441 0.569159 624 
230000000 231000000 0.346034 25 23.3932 0.233691 431 0.267001 463 0.594717 650 
240000000 241000000 0.202067 25 23.4584 0.233464 426 0.262209 455 0.581787 632 
250000000 251000000 0.4796 25 23.5206 0.246625 448 0.277675 478 0.607504 659 
260000000 261000000 0.764713 26 23.5731 0.214379 411 0.245562 443 0.569525 632 
270000000 271000000 1.07248 26 23.6314 0.249442 454 0.280761 486 0.612177 680 
280000000 281000000 1.16332 26 23.6778 0.262353 472 0.291758 502 0.628659 691 
290000000 291000000 0.350467 26 23.7311 0.243037 450 0.277792 488 0.617928 685 
300000000 301000000 0.620393 26 23.7758 0.268187 484 0.30154 517 0.645525 707 
310000000 311000000 0.331435 26 23.822 0.254895 474 0.291034 508 0.632947 710 
320000000 321000000 1.17792 26 23.8651 0.247102 455 0.282242 486 0.61498 679 
330000000 331000000 0.342803 26 23.9073 0.249546 456 0.280258 486 0.603003 668 
340000000 341000000 0.526509 27 23.9439 0.250834 458 0.284454 492 0.609499 678 
350000000 351000000 0.280615 26 23.9805 0.236883 440 0.268799 471 0.605364 677 
360000000 361000000 0.116306 27 24.0227 0.232812 435 0.26662 468 0.603637 674 
370000000 371000000 0.151929 26 24.0592 0.225558 421 0.263677 454 0.589523 646 
380000000 381000000 0.158563 26 24.1025 0.232121 430 0.268137 460 0.604508 644 
390000000 391000000 0.544572 26 24.136 0.238901 445 0.27665 479 0.610412 662 
400000000 401000000 1.70048 27 24.1904 0.243247 452 0.278201 492 0.630467 696 
410000000 411000000 0.87841 27 24.2093 0.24047 433 0.272405 463 0.60778 650 
420000000 421000000 0.238797 26 24.2482 0.236864 432 0.269981 465 0.607047 655 
430000000 431000000 0.552208 27 24.2782 0.270344 490 0.305187 520 0.629103 702 
440000000 441000000 0.510331 26 24.3138 0.229289 431 0.26459 460 0.592457 643 
450000000 451000000 0.500794 27 24.3529 0.230064 434 0.264761 463 0.590671 645 
460000000 461000000 1.81667 27 24.3844 0.247367 456 0.278481 487 0.600329 669 
470000000 471000000 1.21986 27 24.4378 0.209444 394 0.250069 429 0.583773 633 
480000000 481000000 0.295139 27 24.4444 0.229096 416 0.268589 449 0.612495 652 
490000000 491000000 0.263703 27 24.4744 0.205406 370 0.246871 404 0.578539 607 
500000000 501000000 0.451105 27 24.5094 0.18053 329 0.216191 362 0.535585 563 
510000000 511000000 0.293457 27 24.5425 0.178389 330 0.217852 363 0.538097 562 
520000000 521000000 0.474743 27 24.57 0.175826 328 0.21521 364 0.547092 569 
530000000 531000000 0.234763 27 24.6015 0.173342 329 0.215415 366 0.551011 572 
540000000 541000000 0.380583 27 24.6269 0.174388 329 0.216928 365 0.549166 572 
550000000 551000000 0.293015 27 24.656 0.17421 328 0.214213 361 0.547806 562 
560000000 561000000 0.197111 27 24.681 0.172939 324 0.208287 356 0.534754 557 
570000000 571000000 0.724822 27 24.7049 0.172294 325 0.208006 357 0.534102 559 
580000000 581000000 0.288196 27 24.7304 0.189794 345 0.226403 378 0.567055 590 
590000000 591000000 0.192361 27 24.7567 0.182502 337 0.220699 372 0.569769 587 
600000000 601000000 0.763715 27 24.7735 0.186301 347 0.222817 381 0.561509 589 
610000000 611000000 0.105595 27 24.8002 0.185251 346 0.222495 381 0.56235 589 
620000000 621000000 3.1146 27 24.8402 0.188744 346 0.227599 379 0.575373 592 
630000000 631000000 0.245333 28 24.8412 0.183662 330 0.219071 364 0.565063 568 
640000000 641000000 0.336748 27 24.8627 0.193468 354 0.23275 388 0.579647 594 
650000000 651000000 0.789232 27 24.8886 0.199841 360 0.238513 396 0.59328 607 
660000000 661000000 0.710182 28 24.912 0.198562 361 0.23732 397 0.58238 613 
670000000 671000000 2.91152 27 24.937 0.196202 340 0.232496 374 0.554967 571 
680000000 681000000 0.31802 28 24.9462 0.202715 365 0.242486 399 0.592374 606 
690000000 691000000 0.190502 28 24.965 0.2031 365 0.241809 399 0.594012 605 
700000000 701000000 0.130962 28 24.985 0.202382 364 0.241358 398 0.592371 603 
710000000 711000000 0.182416 27 25.0027 0.201319 362 0.240624 397 0.586802 612 
720000000 721000000 0.282729 27 25.0192 0.231438 400 0.27591 439 0.660554 665 
730000000 731000000 0.348277 27 25.0339 0.23349 401 0.276048 440 0.660499 663 
740000000 741000000 0.480372 28 25.0537 0.216982 388 0.259495 427 0.642368 653 
750000000 751000000 0.185229 28 25.0694 0.211812 369 0.257647 415 0.661228 651 
760000000 761000000 1.26557 28 25.1004 0.214362 387 0.257404 426 0.644484 667 
770000000 771000000 0.440349 28 25.1097 0.211423 381 0.257528 422 0.643358 655 
780000000 781000000 0.372887 28 25.1274 0.208409 364 0.256162 403 0.641714 620 
790000000 791000000 1.19921 28 25.1607 0.213129 367 0.262136 413 0.655079 648 
800000000 801000000 0.860834 28 25.1767 0.213805 367 0.261249 413 0.655588 648 
810000000 811000000 0.887168 28 25.1961 0.219528 377 0.26912 423 0.666016 660 
820000000 821000000 1.64457 28 25.2059 0.215906 377 0.261789 420 0.643483 661 
830000000 831000000 0.665844 28 25.2267 0.217307 381 0.264166 424 0.645026 667 
840000000 841000000 2.36574 28 25.2711 0.213738 378 0.261463 420 0.642032 663 
850000000 851000000 2.72001 28 25.2914 0.233599 413 0.279784 458 0.68552 713 
860000000 861000000 0.511929 28 25.2806 0.232794 395 0.278893 435 0.687568 668 
870000000 871000000 0.377377 28 25.3023 0.224585 389 0.274276 430 0.68065 662 
880000000 881000000 0.659942 28 25.3216 0.226933 391 0.275855 432 0.681106 666 
890000000 891000000 1.6307 28 25.3315 0.220553 375 0.268682 418 0.649622 648 
900000000 901000000 0.244872 28 25.3476 0.210033 363 0.259021 405 0.636596 633 
910000000 911000000 0.504143 28 25.3656 0.208502 363 0.257904 405 0.637352 634 
920000000 921000000 1.46695 28 25.3852 0.214863 378 0.269786 424 0.678875 660 
930000000 931000000 0.531067 28 25.4008 0.211836 378 0.267423 424 0.679756 660 
940000000 941000000 0.1636 28 25.414 0.216118 379 0.269545 426 0.68087 662 
950000000 951000000 0.17703 28 25.4322 0.211262 373 0.26398 419 0.675731 654 
960000000 961000000 0.2528 28 25.4483 0.201719 352 0.255423 398 0.658106 626 
970000000 971000000 0.183867 28 25.4656 0.1355 228 0.175942 262 0.459251 452 
980000000 981000000 0.762026 28 25.4814 0.140755 228 0.177632 263 0.459222 452 
990000000 991000000 0.226561 28 25.4951 0.134565 228 0.176261 263 0.457867 452 

1.in 4.5765 25.5182 alpha: 5
0 1000000 0.008746 17 15.5325 0.192356 434 0.211749 450 0.430322 549 
10000000 11000000 0.079782 21 18.9916 0.936832 1788 0.993645 1816 1.30493 1943 
20000000 21000000 0.108977 22 19.9276 0.601647 1289 0.648172 1313 1.09433 1471 
30000000 31000000 0.047555 23 20.5118 1.96437 3429 2.04837 3453 2.49072 3626 
40000000 41000000 0.123104 23 20.8823 1.94385 3505 2.03114 3533 2.51102 3715 
50000000 51000000 0.068126 23 21.2018 1.32138 2536 1.41335 2565 1.9574 2769 
60000000 61000000 0.080048 24 21.4767 1.54767 2831 1.65824 2869 2.21259 3075 
70000000 71000000 0.057666 24 21.7086 0.345736 645 0.374493 673 0.70268 859 
80000000 81000000 0.246949 24 21.887 0.405873 729 0.433687 757 0.793628 953 
90000000 91000000 0.208029 24 22.0481 0.394945 695 0.425047 724 0.794614 928 
100000000 101000000 0.022789 24 22.2089 0.347513 605 0.380835 638 0.706557 829 
110000000 111000000 0.040937 25 22.3451 0.245281 451 0.269645 478 0.568667 648 
120000000 121000000 0.06161 25 22.475 0.204978 389 0.231733 416 0.560075 627 
130000000 131000000 0.063741 25 22.5859 0.287299 521 0.317641 550 0.649074 735 
140000000 141000000 0.342953 25 22.6858 0.239556 441 0.268611 470 0.605149 656 
150000000 151000000 0.078766 25 22.8054 0.262576 481 0.295698 517 0.618058 697 
160000000 161000000 0.077195 25 22.8911 0.287105 521 0.320598 557 0.641629 738 
170000000 171000000 0.116133 25 22.9544 0.264792 494 0.295678 525 0.619099 713 
180000000 181000000 0.132535 25 23.0385 0.264541 491 0.296827 522 0.620808 709 
190000000 191000000 0.214442 25 23.1118 0.226476 429 0.257878 460 0.5807 649 
200000000 201000000 0.047234 26 23.1954 0.236016 442 0.269318 471 0.594475 664 
210000000 211000000 0.052379 26 23.2648 0.237336 441 0.26737 470 0.59477 663 
220000000 221000000 0.036912 26 23.3333 0.224695 424 0.257997 453 0.584011 646 
230000000 231000000 0.139714 26 23.391 0.217435 414 0.247731 443 0.569274 630 
240000000 241000000 0.085836 26 23.4597 0.217166 414 0.24716 442 0.574232 632 
250000000 251000000 0.0387 26 23.5225 0.221829 413 0.250743 443 0.571191 625 
260000000 261000000 0.087997 26 23.6093 0.233328 432 0.266543 462 0.600636 646 
270000000 271000000 0.085416 26 23.6528 0.220593 407 0.249625 437 0.588258 628 
280000000 281000000 0.075923 26 23.7065 0.222442 417 0.256814 447 0.598247 640 
290000000 291000000 0.024193 26 23.7569 0.242954 452 0.277442 484 0.62679 684 
300000000 301000000 0.056222 26 23.8029 0.239413 442 0.271556 474 0.624653 679 
310000000 311000000 0.055772 26 23.8494 0.246473 460 0.280023 491 0.627479 690 
320000000 321000000 0.055587 27 23.8863 0.249707 465 0.28409 497 0.634357 695 
330000000 331000000 0.144421 27 23.9309 0.252035 466 0.283907 498 0.636168 697 
340000000 341000000 0.03325 27 23.9775 0.240947 461 0.278296 493 0.618976 692 
350000000 351000000 0.065994 26 24.0104 0.245211 452 0.274273 483 0.59581 670 
360000000 361000000 0.065774 27 24.0469 0.232272 427 0.267822 458 0.591661 645 
370000000 371000000 0.12722 27 24.083 0.242568 449 0.275599 481 0.612709 673 
380000000 381000000 0.172115 27 24.1219 0.250873 462 0.282468 494 0.61292 678 
390000000 391000000 0.064144 27 24.1605 0.250712 463 0.283477 495 0.614007 681 
400000000 401000000 0.05515 26 24.1973 0.248929 465 0.285828 496 0.61803 683 
410000000 411000000 0.033393 27 24.2355 0.242817 452 0.279228 485 0.610362 666 
420000000 421000000 0.061043 27 24.2786 0.242612 449 0.276958 482 0.609486 663 
430000000 431000000 0.037441 27 24.3129 0.244334 450 0.280127 482 0.602608 660 
440000000 441000000 0.038692 27 24.3413 0.283885 512 0.317238 544 0.650839 725 
450000000 451000000 0.054174 27 24.3638 0.235972 445 0.273379 478 0.604241 660 
460000000 461000000 0.049711 27 24.3923 0.262034 472 0.296323 504 0.616711 690 
470000000 471000000 0.16075 27 24.4223 0.206973 379 0.242366 413 0.567886 607 
480000000 481000000 0.070604 27 24.4483 0.202456 372 0.238524 406 0.564408 603 
490000000 491000000 0.090423 27 24.4843 0.198948 365 0.234591 400 0.565776 605 
500000000 501000000 0.138241 27 24.5152 0.183961 341 0.219283 375 0.540638 577 
510000000 511000000 0.324208 27 24.5429 0.179525 332 0.212596 364 0.548863 569 
520000000 521000000 0.076945 27 24.5746 0.189632 363 0.226868 396 0.557516 601 
530000000 531000000 0.04489 27 24.6053 0.191141 363 0.224317 395 0.554876 601 
540000000 541000000 0.413389 27 24.6478 0.190853 364 0.225727 396 0.559574 602 
550000000 551000000 0.089646 27 24.6717 0.199287 373 0.233882 405 0.567812 612 
560000000 561000000 0.044792 27 24.6964 0.198048 372 0.232459 405 0.568515 612 
570000000 571000000 0.060366 27 24.717 0.19502 369 0.230497 401 0.566449 608 
580000000 581000000 0.068109 27 24.7446 0.193536 367 0.230295 400 0.567752 608 
590000000 591000000 0.080921 27 24.7691 0.193223 369 0.23085 402 0.572974 613 
600000000 601000000 0.109758 27 24.7883 0.177711 326 0.213944 359 0.540156 559 
610000000 611000000 0.035872 27 24.8123 0.178963 327 0.215549 360 0.539998 558 
620000000 621000000 0.044097 27 24.8334 0.179781 333 0.2191 366 0.550221 563 
630000000 631000000 0.059876 27 24.8536 0.179564 325 0.214783 359 0.541876 559 
640000000 641000000 0.11621 27 24.8767 0.181643 331 0.219097 364 0.540942 561 
650000000 651000000 0.067679 27 24.8989 0.19597 350 0.234998 385 0.566275 588 
660000000 661000000 0.096825 28 24.9196 0.19165 341 0.22889 375 0.561087 578 
670000000 671000000 0.044036 27 24.9428 0.193822 345 0.231969 379 0.562995 580 
680000000 681000000 0.065331 27 24.9623 0.188549 344 0.231574 378 0.561502 580 
690000000 691000000 0.032517 28 24.9881 0.192716 344 0.231451 378 0.562331 580 
700000000 701000000 0.09886 28 25.0035 0.190399 345 0.23228 379 0.563766 582 
710000000 711000000 0.027582 28 25.0236 0.199459 356 0.240993 392 0.584176 597 
720000000 721000000 0.047859 28 25.0413 0.231244 406 0.273357 444 0.667569 672 
730000000 731000000 0.056302 28 25.0593 0.231949 406 0.272436 444 0.666535 672 
740000000 741000000 0.041738 28 25.0784 0.230286 405 0.27293 442 0.667417 672 
750000000 751000000 0.068414 28 25.0961 0.223743 392 0.267732 430 0.665075 659 
760000000 761000000 0.083563 28 25.1135 0.221191 389 0.265877 428 0.659681 655 
770000000 771000000 0.071456 28 25.1337 0.226767 404 0.271922 445 0.670069 673 
780000000 781000000 0.074243 28 25.1522 0.210533 371 0.258525 411 0.631182 626 
790000000 791000000 0.074094 28 25.1838 0.215193 378 0.260981 420 0.657487 659 
800000000 801000000 0.042573 28 25.1904 0.210213 377 0.258567 420 0.65356 659 
810000000 811000000 0.137058 28 25.2084 0.216116 386 0.266255 429 0.664534 670 
820000000 821000000 0.041788 28 25.2267 0.220608 389 0.268686 432 0.665932 673 
830000000 831000000 0.139218 28 25.2455 0.216676 385 0.265734 428 0.664498 669 
840000000 841000000 0.032185 28 25.2631 0.218906 388 0.266861 431 0.666248 671 
850000000 851000000 0.116358 28 25.2832 0.217156 387 0.267596 430 0.664923 671 
860000000 861000000 0.050716 28 25.305 0.220759 388 0.268765 432 0.669884 674 
870000000 871000000 2.40876 28 25.3309 0.215908 385 0.267283 429 0.666486 671 
880000000 881000000 0.078602 28 25.3368 0.218118 386 0.268 429 0.665245 669 
890000000 891000000 0.163823 28 25.3568 0.216669 388 0.268683 431 0.66798 672 
900000000 901000000 0.068789 28 25.3712 0.209711 371 0.258381 415 0.65624 655 
910000000 911000000 0.038733 28 25.3872 0.210402 372 0.258442 415 0.657686 657 
920000000 921000000 0.322967 28 25.3996 0.209388 371 0.260332 415 0.658035 656 
930000000 931000000 0.103745 28 25.4176 0.210451 372 0.259743 415 0.657677 657 
940000000 941000000 0.056606 28 25.4323 0.208767 371 0.260195 415 0.658266 658 
950000000 951000000 0.04972 28 25.45 0.204761 362 0.254587 406 0.652594 646 
960000000 961000000 0.133114 28 25.4634 0.200479 363 0.254843 406 0.650584 646 
970000000 971000000 0.112967 28 25.4782 0.136735 229 0.176613 265 0.453881 454 
980000000 981000000 0.058717 28 25.4943 0.133409 229 0.176671 265 0.456713 454 
990000000 991000000 0.083323 28 25.5098 0.135475 229 0.176224 265 0.456013 454 

1.in 4.80078 25.5182 alpha: 10
0 1000000 0.00829 17 15.5325 0.192672 434 0.213701 450 0.428154 549 
10000000 11000000 0.019534 21 19.0442 0.67683 1465 0.722248 1486 1.00784 1620 
20000000 21000000 0.013108 23 19.968 0.756939 1535 0.809076 1558 1.20791 1723 
30000000 31000000 0.05427 22 20.498 1.737 3113 1.82074 3139 2.33052 3336 
40000000 41000000 0.058238 23 20.9277 1.02975 2040 1.1011 2070 1.64474 2269 
50000000 51000000 0.019639 24 21.2344 1.07227 2118 1.13794 2148 1.71211 2354 
60000000 61000000 0.251254 23 21.4642 0.964777 1951 1.02152 1980 1.58294 2192 
70000000 71000000 0.026616 24 21.7184 0.312114 596 0.344529 629 0.673649 815 
80000000 81000000 0.021018 24 21.9372 0.367457 671 0.400245 704 0.738007 893 
90000000 91000000 0.023032 25 22.0341 0.262298 491 0.293955 521 0.63481 708 
100000000 101000000 0.022894 25 22.2227 0.230021 436 0.25936 466 0.564353 642 
110000000 111000000 0.022454 25 22.3642 0.236263 444 0.265305 475 0.571928 650 
120000000 121000000 0.036649 25 22.5115 0.236363 444 0.265772 475 0.571572 650 
130000000 131000000 0.038623 25 22.6134 0.263962 487 0.294408 517 0.606648 694 
140000000 141000000 0.243204 25 22.7242 0.260945 477 0.289854 508 0.601226 684 
150000000 151000000 0.132397 25 22.7901 0.210702 404 0.237729 433 0.544464 615 
160000000 161000000 0.018161 26 22.8974 0.226447 432 0.257049 461 0.565508 644 
170000000 171000000 0.019377 26 22.9988 0.257949 476 0.286334 505 0.597894 689 
180000000 181000000 0.057334 26 23.0569 0.235069 449 0.267087 479 0.587004 664 
190000000 191000000 0.183221 26 23.1378 0.215218 418 0.246514 449 0.566444 635 
200000000 201000000 0.027138 26 23.232 0.216445 423 0.249287 454 0.570109 639 
210000000 211000000 0.025916 26 23.2999 0.218013 423 0.249717 454 0.570554 639 
220000000 221000000 0.048098 26 23.374 0.220399 424 0.25155 455 0.569817 640 
230000000 231000000 0.02517 26 23.4452 0.220643 426 0.252729 457 0.568105 642 
240000000 241000000 0.046165 26 23.5191 0.218434 422 0.252085 454 0.568307 637 
250000000 251000000 0.015513 26 23.5802 0.217709 405 0.248621 433 0.567197 621 
260000000 261000000 1.35986 26 23.6303 0.221882 424 0.251979 455 0.583294 647 
270000000 271000000 0.039217 26 23.6807 0.225055 427 0.255677 458 0.583368 653 
280000000 281000000 0.35731 27 23.7235 0.223135 417 0.253617 447 0.568946 624 
290000000 291000000 0.031074 27 23.7926 0.222894 422 0.254986 452 0.575738 631 
300000000 301000000 0.022479 27 23.8529 0.231333 430 0.262969 460 0.583743 642 
310000000 311000000 0.024901 27 23.8742 0.243577 446 0.27762 479 0.620805 675 
320000000 321000000 0.049876 27 23.9293 0.241876 446 0.278013 478 0.620214 675 
330000000 331000000 0.495345 27 23.9706 0.226631 424 0.260034 455 0.598126 649 
340000000 341000000 0.019286 26 24.0056 0.2374 450 0.269932 481 0.59946 674 
350000000 351000000 0.032675 27 24.0476 0.240142 456 0.274487 487 0.60363 679 
360000000 361000000 0.026704 27 24.095 0.241892 456 0.275786 488 0.605057 680 
370000000 371000000 0.018127 27 24.1337 0.244725 458 0.276731 489 0.607757 681 
380000000 381000000 0.02203 27 24.1643 0.2432 455 0.276138 486 0.603233 678 
390000000 391000000 0.015792 27 24.2017 0.242599 457 0.277058 488 0.60604 680 
400000000 401000000 0.01621 27 24.2377 0.241702 458 0.277449 490 0.607958 681 
410000000 411000000 0.019704 27 24.2781 0.245178 458 0.278118 489 0.607231 681 
420000000 421000000 0.021294 27 24.3213 0.237056 447 0.270942 478 0.602675 670 
430000000 431000000 0.024204 27 24.3544 0.241512 453 0.276059 484 0.606474 676 
440000000 441000000 0.026422 27 24.3809 0.280707 508 0.314324 539 0.648004 731 
450000000 451000000 0.020347 27 24.4186 0.297887 532 0.329807 563 0.668116 756 
460000000 461000000 0.290868 27 24.4461 0.250466 464 0.283389 495 0.604359 684 
470000000 471000000 0.050136 27 24.4805 0.207894 393 0.24451 426 0.571507 624 
480000000 481000000 0.025153 27 24.5113 0.204236 390 0.24299 423 0.573199 624 
490000000 491000000 0.026647 27 24.5455 0.205174 374 0.239938 408 0.580449 618 
500000000 501000000 0.027371 28 24.5692 0.192498 353 0.226727 387 0.562491 597 
510000000 511000000 0.026017 27 24.5964 0.194082 355 0.228525 388 0.564661 598 
520000000 521000000 0.023169 28 24.6293 0.194643 355 0.229506 389 0.564074 598 
530000000 531000000 0.031499 28 24.6521 0.193064 355 0.228098 389 0.5642 599 
540000000 541000000 0.052724 28 24.6873 0.190795 355 0.229003 389 0.565667 598 
550000000 551000000 0.023804 27 24.696 0.189979 351 0.226795 385 0.562252 597 
560000000 561000000 0.019975 28 24.723 0.190762 351 0.227034 386 0.563433 597 
570000000 571000000 0.037493 28 24.7464 0.194834 358 0.232188 392 0.569658 603 
580000000 581000000 0.034473 28 24.7738 0.19355 356 0.235381 391 0.570258 602 
590000000 591000000 0.0321 28 24.7977 0.19524 359 0.234533 394 0.58132 607 
600000000 601000000 0.019634 28 24.8227 0.178231 332 0.215689 364 0.545109 567 
610000000 611000000 0.036723 28 24.8479 0.181075 331 0.216765 364 0.544194 567 
620000000 621000000 0.03419 28 24.8745 0.182741 334 0.217848 367 0.548806 570 
630000000 631000000 0.0236 28 24.8958 0.180302 331 0.216132 364 0.545573 567 
640000000 641000000 0.037909 28 24.9203 0.183515 336 0.220962 368 0.541365 570 
650000000 651000000 0.035809 28 24.9409 0.197578 352 0.23379 386 0.566775 591 
660000000 661000000 0.019463 29 24.9742 0.197229 352 0.235511 386 0.567416 593 
670000000 671000000 0.087931 28 24.9942 0.195011 349 0.232151 383 0.564833 589 
680000000 681000000 0.020958 28 25.0173 0.19411 348 0.232185 382 0.564083 588 
690000000 691000000 0.023106 28 25.0323 0.192958 348 0.231852 382 0.56758 588 
700000000 701000000 0.021139 28 25.0496 0.192675 348 0.231567 382 0.565977 588 
710000000 711000000 0.016824 28 25.0725 0.200177 361 0.238879 395 0.580767 607 
720000000 721000000 0.039209 28 25.1002 0.22636 407 0.273461 450 0.650943 664 
730000000 731000000 0.026612 28 25.1184 0.227751 408 0.27381 450 0.651522 665 
740000000 741000000 0.025041 28 25.1403 0.229297 407 0.274192 450 0.652765 666 
750000000 751000000 0.034164 28 25.156 0.219388 395 0.265799 439 0.646051 659 
760000000 761000000 0.026901 28 25.1751 0.215292 388 0.257752 428 0.652307 681 
770000000 771000000 0.03121 28 25.1976 0.214719 389 0.259577 429 0.653447 683 
780000000 781000000 0.029832 29 25.2218 0.214488 388 0.260216 428 0.661957 686 
790000000 791000000 0.022497 28 25.2339 0.231326 416 0.283126 462 0.667453 681 
800000000 801000000 0.016825 28 25.2498 0.231864 413 0.281789 459 0.661477 679 
810000000 811000000 0.024728 28 25.2743 0.236509 422 0.28691 468 0.670823 688 
820000000 821000000 0.046519 28 25.2882 0.240894 426 0.290557 472 0.675133 693 
830000000 831000000 0.102925 28 25.3093 0.240074 425 0.29018 471 0.67506 692 
840000000 841000000 0.025744 28 25.3186 0.239037 421 0.288453 467 0.672595 689 
850000000 851000000 0.05897 28 25.34 0.23997 422 0.288659 468 0.674212 689 
860000000 861000000 0.017441 28 25.3405 0.240974 425 0.290685 471 0.676979 693 
870000000 871000000 0.026896 28 25.3589 0.240871 425 0.289618 471 0.674993 693 
880000000 881000000 0.021514 28 25.3744 0.236394 425 0.289844 472 0.677302 694 
890000000 891000000 0.025106 28 25.3937 0.23929 425 0.291739 472 0.677113 694 
900000000 901000000 0.078674 28 25.4024 0.227178 408 0.279775 454 0.665972 675 
910000000 911000000 0.026782 28 25.4155 0.229458 408 0.279986 455 0.667243 676 
920000000 921000000 0.034714 28 25.433 0.226171 408 0.280883 454 0.667697 676 
930000000 931000000 0.026223 29 25.4529 0.229504 408 0.279901 454 0.665284 676 
940000000 941000000 0.030515 29 25.4716 0.227923 408 0.280846 454 0.664441 676 
950000000 951000000 0.02169 29 25.4885 0.225122 398 0.27515 445 0.655948 665 
960000000 961000000 1.1373 29 25.4965 0.205639 356 0.258614 404 0.655383 632 
970000000 971000000 0.024109 29 25.5106 0.137713 236 0.176091 272 0.458192 468 
980000000 981000000 0.034933 29 25.5254 0.135485 236 0.175086 272 0.458128 468 
990000000 991000000 0.034756 29 25.5391 0.134396 236 0.17509 272 0.459988 468 

1.in 4.82987 25.5182 alpha: 20
0 1000000 0.008224 17 15.5325 0.191878 434 0.211446 450 0.429728 549 
10000000 11000000 0.046013 22 19.1159 0.543245 1220 0.587032 1241 0.891439 1373 
20000000 21000000 0.016593 23 20.0675 1.56686 2714 1.64204 2739 2.06527 2901 
30000000 31000000 0.016438 23 20.5642 1.48954 2792 1.58057 2820 2.12568 3029 
40000000 41000000 0.013722 25 20.9972 1.4804 2780 1.57229 2806 2.10709 2999 
50000000 51000000 0.034001 25 21.3996 1.49436 2806 1.5865 2832 2.12884 3026 
60000000 61000000 0.016967 26 21.7448 1.51534 2843 1.61795 2872 2.19213 3078 
70000000 71000000 0.01162 27 21.9072 0.317226 601 0.348541 634 0.670508 816 
80000000 81000000 0.015008 27 22.098 0.359447 657 0.389696 690 0.721997 871 
90000000 91000000 0.029202 27 22.1793 0.279809 519 0.311552 548 0.665793 747 
100000000 101000000 0.010281 27 22.3742 0.223238 419 0.251142 448 0.561058 633 
110000000 111000000 0.025559 27 22.5181 0.221808 420 0.252608 449 0.562837 634 
120000000 121000000 0.084244 27 22.6356 0.221785 420 0.251303 449 0.563712 634 
130000000 131000000 0.015331 27 22.7894 0.223287 420 0.250652 449 0.564135 634 
140000000 141000000 0.075174 29 22.9508 0.22151 420 0.250533 449 0.564652 634 
150000000 151000000 0.013764 29 23.1173 0.220435 420 0.251654 449 0.564143 634 
160000000 161000000 0.0127 29 23.2319 0.225174 422 0.25276 452 0.567091 636 
170000000 171000000 0.011842 29 23.3072 0.24043 448 0.270767 477 0.583873 662 
180000000 181000000 0.011914 29 23.3648 0.227193 430 0.257842 459 0.570037 644 
190000000 191000000 0.043965 29 23.4099 0.222466 425 0.254975 454 0.576743 643 
200000000 201000000 0.011205 29 23.4828 0.226368 425 0.254216 455 0.575062 643 
210000000 211000000 0.014717 28 23.4771 0.226059 426 0.255223 455 0.575659 643 
220000000 221000000 0.010687 28 23.5828 0.226296 426 0.254714 455 0.577674 643 
230000000 231000000 0.160108 28 23.6025 0.231149 432 0.26052 462 0.589636 652 
240000000 241000000 0.011505 28 23.58 0.226245 434 0.259081 467 0.593406 661 
250000000 251000000 0.014964 28 23.6721 0.225976 434 0.260071 467 0.594128 661 
260000000 261000000 0.013673 29 23.7613 0.229075 436 0.261541 469 0.597607 664 
270000000 271000000 0.015787 29 23.8429 0.216258 418 0.248734 452 0.578272 644 
280000000 281000000 0.01214 28 23.8034 0.224181 432 0.25716 465 0.590296 658 
290000000 291000000 0.050891 29 23.8817 0.231615 441 0.264161 474 0.600439 669 
300000000 301000000 0.014024 29 23.969 0.23263 441 0.265725 475 0.603096 671 
310000000 311000000 0.010999 29 24.047 0.231443 441 0.265504 475 0.605678 671 
320000000 321000000 0.015798 29 24.1356 0.229486 441 0.265407 475 0.603339 671 
330000000 331000000 0.01128 28 23.9819 0.243161 467 0.276305 499 0.620002 705 
340000000 341000000 0.014832 28 24.0363 0.244463 467 0.27615 499 0.619369 705 
350000000 351000000 0.012793 29 24.0954 0.242861 468 0.276558 500 0.621052 706 
360000000 361000000 0.017074 30 24.1454 0.244337 468 0.276535 500 0.621786 706 
370000000 371000000 0.010278 30 24.1994 0.243825 469 0.276795 501 0.623816 707 
380000000 381000000 0.030721 30 24.2507 0.242916 469 0.276829 501 0.625811 707 
390000000 391000000 0.014853 30 24.2962 0.245674 469 0.277849 501 0.624973 707 
400000000 401000000 0.013337 30 24.3426 0.244976 470 0.278491 502 0.62737 709 
410000000 411000000 0.046724 30 24.383 0.240047 470 0.278703 502 0.62679 709 
420000000 421000000 0.014035 30 24.4294 0.247044 473 0.281399 506 0.632276 715 
430000000 431000000 0.01263 30 24.4567 0.248598 475 0.281696 507 0.635247 717 
440000000 441000000 0.0213 30 24.4934 0.266823 504 0.301777 537 0.656709 747 
450000000 451000000 0.014291 30 24.5318 0.276356 519 0.310896 552 0.6676 763 
460000000 461000000 0.029091 30 24.5729 0.263499 479 0.295317 510 0.629172 713 
470000000 471000000 0.01537 30 24.6061 0.202836 387 0.238619 420 0.573168 633 
480000000 481000000 0.014936 30 24.6476 0.202034 382 0.236125 416 0.572281 628 
490000000 491000000 0.200535 30 24.6691 0.183137 349 0.217787 384 0.546374 594 
500000000 501000000 0.013692 30 24.7061 0.174689 333 0.209029 368 0.532216 577 
510000000 511000000 0.014925 31 24.7492 0.173152 334 0.208444 368 0.532981 578 
520000000 521000000 0.016403 31 24.7857 0.175361 334 0.210193 369 0.533775 579 
530000000 531000000 0.017714 31 24.8254 0.174944 334 0.209342 369 0.533976 579 
540000000 541000000 0.015753 31 24.8476 0.174664 334 0.20894 369 0.532709 579 
550000000 551000000 0.02242 31 24.8861 0.174796 334 0.209466 369 0.534557 579 
560000000 561000000 0.013991 31 24.9236 0.173442 334 0.210359 369 0.534001 579 
570000000 571000000 0.022034 31 24.9598 0.177263 338 0.213688 372 0.540328 583 
580000000 581000000 0.018192 31 24.998 0.177746 335 0.212356 370 0.540085 582 
590000000 591000000 0.015857 31 24.9798 0.18033 341 0.216444 376 0.550958 589 
600000000 601000000 0.019671 31 25.0108 0.181292 341 0.217624 376 0.550729 589 
610000000 611000000 0.014831 31 25.0279 0.181777 341 0.217564 376 0.55112 589 
620000000 621000000 0.013993 31 25.0424 0.186603 347 0.224204 382 0.560649 597 
630000000 631000000 0.023176 31 25.0664 0.18308 345 0.222449 380 0.562396 595 
640000000 641000000 0.023502 31 25.0991 0.188468 349 0.227222 384 0.558023 598 
650000000 651000000 0.015126 31 25.1228 0.193843 360 0.234647 396 0.57395 613 
660000000 661000000 0.013292 31 25.1678 0.195209 360 0.235056 396 0.574153 614 
670000000 671000000 0.013453 31 25.2101 0.197089 360 0.23484 397 0.575364 614 
680000000 681000000 0.016073 31 25.232 0.193692 359 0.234487 396 0.575047 614 
690000000 691000000 0.02531 31 25.2551 0.193414 359 0.233742 395 0.574391 613 
700000000 701000000 0.011564 31 25.274 0.192515 359 0.234813 395 0.574405 613 
710000000 711000000 0.015109 31 25.301 0.200264 368 0.239123 406 0.586488 627 
720000000 721000000 0.014748 31 25.3248 0.232137 407 0.276597 447 0.671226 667 
730000000 731000000 0.01829 31 25.3416 0.22746 406 0.276605 447 0.671847 667 
740000000 741000000 0.016945 31 25.3676 0.229478 404 0.275069 444 0.670095 665 
750000000 751000000 0.019631 31 25.4013 0.221225 391 0.268133 431 0.664299 655 
760000000 761000000 0.025201 32 25.4289 0.221225 390 0.267767 431 0.663824 654 
770000000 771000000 0.016271 32 25.46 0.220406 390 0.268108 431 0.665148 655 
780000000 781000000 0.018507 32 25.4854 0.217691 388 0.267499 429 0.668974 655 
790000000 791000000 0.02929 32 25.5149 0.230444 412 0.278177 455 0.686141 688 
800000000 801000000 0.012825 32 25.5343 0.226669 413 0.280693 457 0.687408 691 
810000000 811000000 0.024537 32 25.5641 0.235286 424 0.287409 468 0.699321 705 
820000000 821000000 0.015145 33 25.5804 0.235473 420 0.285829 464 0.698111 700 
830000000 831000000 0.015051 33 25.6135 0.23469 420 0.284843 464 0.698414 700 
840000000 841000000 0.013434 32 25.6525 0.236259 420 0.285699 464 0.69855 700 
850000000 851000000 0.013516 32 25.64 0.234766 418 0.284652 462 0.695351 698 
860000000 861000000 0.013352 32 25.635 0.237689 420 0.286914 464 0.70061 701 
870000000 871000000 0.012953 32 25.5155 0.234937 421 0.287823 466 0.701417 703 
880000000 881000000 0.013552 32 25.5333 0.237525 421 0.287096 466 0.700783 703 
890000000 891000000 0.02088 32 25.5497 0.233153 421 0.286995 466 0.701653 703 
900000000 901000000 0.011157 32 25.571 0.227732 406 0.277273 450 0.692146 687 
910000000 911000000 0.018049 32 25.5901 0.226502 405 0.277996 450 0.691651 688 
920000000 921000000 0.014628 32 25.6116 0.227795 405 0.276962 450 0.691573 687 
930000000 931000000 0.020383 32 25.6337 0.22699 405 0.277647 450 0.689443 687 
940000000 941000000 0.015573 32 25.6575 0.227934 407 0.279194 452 0.695213 690 
950000000 951000000 0.016439 32 25.6808 0.222823 399 0.274394 444 0.6863 681 
960000000 961000000 0.019482 32 25.6962 0.22239 399 0.274274 444 0.687611 681 
970000000 971000000 0.015477 32 25.7131 0.140365 241 0.181333 278 0.469048 475 
980000000 981000000 0.016816 32 25.7287 0.142054 241 0.182044 278 0.466788 476 
990000000 991000000 0.029187 32 25.7451 0.142872 241 0.182467 278 0.465677 476 

1.in 4.50446 25.5182 alpha: 30
0 1000000 0.010224 17 15.5325 0.189465 434 0.210824 450 0.424048 549 
10000000 11000000 0.057992 23 19.508 1.01956 1966 1.06478 1986 1.34771 2111 
20000000 21000000 0.015913 26 20.2853 1.61809 2822 1.70343 2851 2.19938 3035 
30000000 31000000 0.029211 28 21.0501 2.8266 4818 2.93141 4849 3.4643 5058 
40000000 41000000 0.018585 28 21.5972 2.85831 4880 2.97954 4911 3.50829 5121 
50000000 51000000 0.02433 28 21.7942 2.84554 4857 2.95312 4888 3.49351 5097 
60000000 61000000 0.026306 28 21.9244 2.63821 4536 2.75341 4567 3.29642 4776 
70000000 71000000 0.011122 30 22.1245 0.406949 754 0.433056 779 0.747291 950 
80000000 81000000 0.011877 30 22.2686 0.366008 687 0.395833 713 0.732368 892 
90000000 91000000 0.011226 30 22.5087 0.345578 645 0.377061 676 0.72197 867 
100000000 101000000 0.031959 31 22.7098 0.268029 511 0.297762 540 0.619092 724 
110000000 111000000 0.011597 31 22.9714 0.263164 511 0.299171 541 0.619974 725 
120000000 121000000 0.013119 31 23.0868 0.266202 511 0.297734 541 0.620604 725 
130000000 131000000 0.012041 31 23.2204 0.268782 511 0.29752 541 0.620406 725 
140000000 141000000 0.055379 32 23.4355 0.267624 511 0.297848 541 0.62152 725 
150000000 151000000 0.015435 31 23.3924 0.265971 511 0.297389 541 0.620045 725 
160000000 161000000 0.013492 31 23.5235 0.270566 513 0.300108 543 0.621065 726 
170000000 171000000 0.013164 31 23.5766 0.276835 519 0.304793 549 0.627344 731 
180000000 181000000 0.087953 32 23.6507 0.268239 512 0.300632 542 0.62365 725 
190000000 191000000 0.010551 32 23.7955 0.267187 510 0.299045 540 0.625971 723 
200000000 201000000 0.009741 32 23.9488 0.271457 513 0.304251 543 0.628737 727 
210000000 211000000 0.011037 32 24.083 0.272383 513 0.303078 543 0.630182 727 
220000000 221000000 0.021892 32 24.1478 0.27319 513 0.303943 543 0.629673 727 
230000000 231000000 0.011792 32 24.1776 0.271333 515 0.304028 545 0.633005 729 
240000000 241000000 0.236328 31 24.068 0.272819 515 0.304548 545 0.633869 730 
250000000 251000000 0.030052 32 24.1485 0.273348 515 0.30375 545 0.632359 730 
260000000 261000000 0.010226 32 24.1933 0.269895 512 0.302179 542 0.62957 727 
270000000 271000000 0.023153 32 24.2216 0.26843 510 0.299724 540 0.625876 724 
280000000 281000000 0.009793 32 24.2566 0.266492 504 0.29603 534 0.62379 717 
290000000 291000000 0.011272 32 24.306 0.280942 528 0.313408 559 0.65247 747 
300000000 301000000 0.011468 32 24.2716 0.282458 528 0.315669 559 0.651994 748 
310000000 311000000 0.011973 32 24.3346 0.274691 521 0.311028 552 0.646741 740 
320000000 321000000 0.014156 32 24.4173 0.277967 521 0.310983 552 0.647856 740 
330000000 331000000 0.010362 33 24.4927 0.27679 521 0.311846 553 0.648769 741 
340000000 341000000 0.011623 33 24.538 0.276478 521 0.313019 553 0.647935 741 
350000000 351000000 0.013065 33 24.6141 0.277796 522 0.312188 553 0.651624 742 
360000000 361000000 0.010252 32 24.6587 0.27879 521 0.310925 552 0.648976 741 
370000000 371000000 0.008291 32 24.3237 0.242442 457 0.273709 488 0.609283 682 
380000000 381000000 0.013717 32 24.3822 0.242504 459 0.274209 490 0.609502 684 
390000000 391000000 0.011965 33 24.4575 0.241576 460 0.275979 491 0.611326 685 
400000000 401000000 0.009457 33 24.5074 0.246651 464 0.279433 495 0.617471 689 
410000000 411000000 0.012709 33 24.5683 0.246208 463 0.278847 494 0.616547 688 
420000000 421000000 0.011821 33 24.6255 0.255057 476 0.289718 507 0.627826 702 
430000000 431000000 0.012099 33 24.6801 0.258996 480 0.293641 511 0.632964 706 
440000000 441000000 0.013904 33 24.7227 0.280158 513 0.315577 545 0.657655 742 
450000000 451000000 0.023272 33 24.7729 0.284152 522 0.320896 553 0.662644 751 
460000000 461000000 0.021426 33 24.8203 0.276258 503 0.312649 534 0.642687 724 
470000000 471000000 0.01355 33 24.8594 0.225325 412 0.259839 446 0.596515 653 
480000000 481000000 0.014717 35 24.9102 0.222349 407 0.257592 441 0.59514 648 
490000000 491000000 0.017493 35 24.9577 0.204944 376 0.243213 410 0.573828 617 
500000000 501000000 0.01487 35 25.0022 0.179005 339 0.217157 373 0.544122 581 
510000000 511000000 0.013761 34 25.0283 0.181131 339 0.215698 373 0.544781 580 
520000000 521000000 0.020602 34 25.0653 0.181776 337 0.215496 371 0.541508 579 
530000000 531000000 0.014898 34 25.1073 0.181196 337 0.214867 371 0.542435 579 
540000000 541000000 0.019924 34 25.1664 0.18108 338 0.214923 371 0.542944 579 
550000000 551000000 0.013782 34 25.1652 0.181157 337 0.215145 371 0.543782 579 
560000000 561000000 0.022929 34 25.2062 0.180874 337 0.215794 371 0.544627 579 
570000000 571000000 0.016732 34 25.2559 0.186761 344 0.222562 378 0.550891 586 
580000000 581000000 0.012281 34 25.297 0.18583 342 0.221509 376 0.549053 584 
590000000 591000000 0.022011 35 25.3577 0.185647 342 0.221818 377 0.556117 585 
600000000 601000000 0.011312 35 25.3991 0.184072 342 0.22253 377 0.557848 585 
610000000 611000000 0.010594 35 25.4296 0.185885 342 0.223565 376 0.556235 585 
620000000 621000000 0.038129 35 25.4678 0.187843 343 0.224009 378 0.559315 587 
630000000 631000000 0.012545 35 25.5094 0.186867 340 0.222485 375 0.558884 584 
640000000 641000000 0.010352 36 25.5466 0.193842 356 0.231937 391 0.566232 600 
650000000 651000000 0.010326 35 25.5682 0.195915 359 0.236925 394 0.574515 607 
660000000 661000000 0.017205 35 25.6197 0.199055 359 0.237132 394 0.579038 607 
670000000 671000000 0.016446 35 25.6384 0.198661 359 0.236514 394 0.577921 607 
680000000 681000000 0.017556 35 25.6657 0.198339 358 0.235999 393 0.577956 607 
690000000 691000000 0.013619 35 25.7 0.196976 358 0.235449 393 0.579229 607 
700000000 701000000 0.013457 35 25.7254 0.194847 358 0.236176 393 0.576179 607 
710000000 711000000 0.012742 35 25.7684 0.214808 391 0.254707 427 0.602549 643 
720000000 721000000 0.016922 35 25.7969 0.225178 411 0.269011 452 0.664538 681 
730000000 731000000 0.016597 35 25.8318 0.223207 411 0.269214 452 0.662588 681 
740000000 741000000 0.018054 35 25.8559 0.224428 408 0.268174 450 0.661422 680 
750000000 751000000 0.016956 37 25.9036 0.219691 401 0.264313 443 0.658767 675 
760000000 761000000 0.018145 37 25.7447 0.217797 397 0.262402 440 0.656639 672 
770000000 771000000 0.01609 37 25.7783 0.218603 397 0.263184 440 0.659659 673 
780000000 781000000 0.01639 37 25.8135 0.217154 394 0.261464 436 0.659456 671 
790000000 791000000 0.016446 37 25.8488 0.242691 442 0.290027 487 0.695226 728 
800000000 801000000 0.011716 37 25.8908 0.239407 440 0.291033 485 0.691752 727 
810000000 811000000 0.039731 37 25.954 0.240545 442 0.288498 487 0.694763 729 
820000000 821000000 0.01102 36 25.9028 0.238052 438 0.287176 482 0.69084 723 
830000000 831000000 0.014819 36 25.964 0.239511 438 0.286851 482 0.69174 723 
840000000 841000000 0.017634 36 26.0126 0.238033 438 0.286623 482 0.691315 723 
850000000 851000000 0.010544 36 26.0618 0.238183 438 0.286449 482 0.691946 724 
860000000 861000000 0.011682 36 26.1167 0.236549 438 0.287785 483 0.690569 724 
870000000 871000000 0.013947 38 26.174 0.237198 438 0.287887 483 0.693306 724 
880000000 881000000 0.01323 35 25.9691 0.238683 438 0.289903 483 0.694556 725 
890000000 891000000 0.015861 36 26.0111 0.239868 438 0.288875 483 0.695667 725 
900000000 901000000 0.028007 37 26.0383 0.232113 424 0.280726 470 0.688665 712 
910000000 911000000 0.010978 35 25.9181 0.233164 423 0.282252 468 0.687206 709 
920000000 921000000 0.011893 35 25.9525 0.230939 422 0.280421 468 0.685751 709 
930000000 931000000 0.01597 35 25.9586 0.230338 422 0.279394 467 0.684283 709 
940000000 941000000 0.015573 35 25.9788 0.233789 426 0.283503 472 0.688872 715 
950000000 951000000 0.012265 35 26.0052 0.229915 421 0.279946 467 0.686872 709 
960000000 961000000 0.013074 35 26.0354 0.230705 421 0.280912 467 0.686983 709 
970000000 971000000 0.015165 35 26.0554 0.14939 260 0.188079 297 0.469185 493 
980000000 981000000 0.014762 35 26.0714 0.147162 260 0.188052 297 0.469004 493 
990000000 991000000 0.024856 35 26.0897 0.149854 260 0.186849 297 0.467944 493 

1.in 4.51198 25.5182 alpha: 40
0 1000000 0.009501 17 15.5325 0.188081 434 0.205597 450 0.42071 549 
10000000 11000000 0.018922 28 20.292 1.61803 2872 1.68071 2900 2.03845 3067 
20000000 21000000 0.011156 28 21.0047 1.70279 2999 1.78438 3024 2.29601 3207 
30000000 31000000 0.019754 30 21.4369 1.97215 3656 2.05933 3682 2.54126 3871 
40000000 41000000 0.015894 33 22.1391 1.99113 3689 2.08361 3715 2.56593 3905 
50000000 51000000 0.01309 35 22.8849 2.01406 3733 2.1119 3759 2.59296 3949 
60000000 61000000 0.016446 36 23.742 2.01316 3723 2.11535 3749 2.60099 3941 
70000000 71000000 0.019684 36 23.8886 0.4341 805 0.464065 832 0.864316 1111 
80000000 81000000 0.012341 36 24.1185 0.431544 796 0.459706 823 0.846877 1084 
90000000 91000000 0.016069 37 24.3124 0.38016 702 0.414546 733 0.769326 945 
100000000 101000000 0.009033 37 24.5651 0.314461 587 0.347651 619 0.681862 824 
110000000 111000000 0.012264 37 23.7052 0.302515 572 0.333453 604 0.663447 808 
120000000 121000000 0.011454 40 24.0685 0.302923 572 0.333311 604 0.663446 808 
130000000 131000000 0.01093 40 24.3258 0.3071 577 0.337104 609 0.67239 814 
140000000 141000000 0.01481 40 24.7639 0.306723 577 0.338785 609 0.668056 814 
150000000 151000000 0.011857 40 25.0427 0.305096 577 0.336567 609 0.669412 814 
160000000 161000000 0.00908 40 25.1652 0.304887 577 0.338956 609 0.66779 814 
170000000 171000000 0.032645 40 25.1914 0.309263 581 0.339024 614 0.67072 818 
180000000 181000000 0.011987 40 25.262 0.299843 566 0.3321 598 0.665883 803 
190000000 191000000 0.042915 40 24.9968 0.292965 556 0.325053 589 0.655813 792 
200000000 201000000 0.010968 40 25.1141 0.295538 561 0.329331 593 0.661982 797 
210000000 211000000 0.022163 40 25.3104 0.298815 561 0.328999 593 0.662486 797 
220000000 221000000 0.010609 40 25.4456 0.297183 561 0.330597 593 0.662875 797 
230000000 231000000 0.104192 40 25.3449 0.298017 562 0.33023 595 0.666159 799 
240000000 241000000 0.012896 40 25.3953 0.305634 572 0.337541 604 0.683297 808 
250000000 251000000 0.010721 40 25.4935 0.304405 572 0.337559 604 0.679776 808 
260000000 261000000 0.009745 40 25.5828 0.305737 573 0.339341 605 0.682887 810 
270000000 271000000 0.011625 40 25.2426 0.298118 563 0.333143 595 0.672153 800 
280000000 281000000 0.009434 40 25.3155 0.30164 570 0.335478 602 0.676538 807 
290000000 291000000 0.008934 40 25.4436 0.314816 587 0.349238 620 0.695916 829 
300000000 301000000 0.009369 40 25.4947 0.318743 590 0.353293 623 0.700701 832 
310000000 311000000 0.011582 40 25.6562 0.317939 590 0.352388 623 0.701198 832 
320000000 321000000 0.014431 40 25.756 0.316237 590 0.353423 623 0.700914 833 
330000000 331000000 0.009736 40 25.8523 0.321035 593 0.355026 626 0.706917 836 
340000000 341000000 0.010943 40 25.9557 0.319037 593 0.3552 626 0.706394 836 
350000000 351000000 0.012038 40 26.0487 0.322576 593 0.356369 627 0.706955 837 
360000000 361000000 0.00937 42 26.1761 0.323945 594 0.357352 627 0.70997 838 
370000000 371000000 0.011427 42 26.2088 0.323834 595 0.358942 628 0.711827 839 
380000000 381000000 0.021498 42 26.2172 0.322082 593 0.356797 626 0.709094 837 
390000000 391000000 0.011502 42 26.2507 0.319128 593 0.356453 626 0.708309 837 
400000000 401000000 0.022014 42 26.3037 0.320414 594 0.358321 628 0.711957 838 
410000000 411000000 0.011696 42 26.3486 0.320989 592 0.35706 626 0.709983 836 
420000000 421000000 0.014202 42 26.4296 0.333735 607 0.367493 640 0.722593 850 
430000000 431000000 0.009689 42 26.4229 0.327557 603 0.363853 636 0.71813 847 
440000000 441000000 0.013176 42 26.4217 0.340406 621 0.376219 654 0.731145 865 
450000000 451000000 0.010412 42 26.435 0.34147 621 0.378396 654 0.729048 865 
460000000 461000000 0.023444 42 26.4312 0.326198 596 0.360237 629 0.697748 836 
470000000 471000000 0.020686 42 26.4315 0.264224 492 0.299092 528 0.636662 741 
480000000 481000000 0.027598 42 26.4796 0.258645 487 0.297878 523 0.63745 740 
490000000 491000000 0.016345 45 26.5324 0.22337 419 0.260572 454 0.594194 673 
500000000 501000000 0.014252 47 26.6005 0.194696 378 0.231169 413 0.559177 632 
510000000 511000000 0.014026 47 26.6134 0.196089 378 0.229939 413 0.561195 632 
520000000 521000000 0.017078 47 26.6491 0.194016 377 0.229579 413 0.561514 632 
530000000 531000000 0.01513 47 26.6852 0.194927 377 0.230099 413 0.561101 632 
540000000 541000000 0.014137 47 26.7151 0.192884 377 0.230872 413 0.55931 632 
550000000 551000000 0.020789 47 26.777 0.195003 377 0.230381 412 0.559327 632 
560000000 561000000 0.015441 47 26.8444 0.195346 377 0.230898 413 0.561245 632 
570000000 571000000 0.019678 47 26.8752 0.19861 380 0.235315 416 0.566673 637 
580000000 581000000 0.019137 47 26.9397 0.195638 379 0.233712 415 0.566065 635 
590000000 591000000 0.017293 47 26.9489 0.198792 383 0.238691 420 0.573426 641 
600000000 601000000 0.013688 47 26.964 0.200772 383 0.238373 419 0.573531 640 
610000000 611000000 0.037858 47 27.0007 0.197543 382 0.236907 419 0.573339 640 
620000000 621000000 0.028719 47 27.0533 0.200652 383 0.23815 419 0.574467 640 
630000000 631000000 0.019184 47 27.0911 0.19972 380 0.237827 417 0.574157 638 
640000000 641000000 0.029059 47 27.1146 0.204579 389 0.24198 425 0.576422 646 
650000000 651000000 0.013337 47 27.1427 0.212277 403 0.253821 440 0.596008 665 
660000000 661000000 0.012787 47 27.2118 0.212597 403 0.253491 440 0.596592 666 
670000000 671000000 0.012075 47 27.2618 0.215328 403 0.254773 440 0.597321 666 
680000000 681000000 0.013944 47 27.2896 0.214824 402 0.253997 440 0.598613 666 
690000000 691000000 0.016348 47 27.3357 0.213828 402 0.253608 439 0.597705 665 
700000000 701000000 0.012343 47 27.3642 0.213399 402 0.252976 439 0.596953 665 
710000000 711000000 0.013675 47 27.3797 0.242614 464 0.286372 503 0.641084 740 
720000000 721000000 0.055919 47 27.3641 0.251825 458 0.295821 501 0.679483 741 
730000000 731000000 0.020062 47 27.3954 0.251047 458 0.296073 500 0.678953 741 
740000000 741000000 0.01343 47 27.4131 0.249051 454 0.293525 496 0.676211 737 
750000000 751000000 0.013945 47 27.4376 0.245821 447 0.291399 490 0.676059 734 
760000000 761000000 0.013395 47 27.4473 0.245833 446 0.29028 489 0.67573 734 
770000000 771000000 0.016455 47 27.4738 0.243811 446 0.291125 490 0.679633 735 
780000000 781000000 0.017476 47 27.508 0.252235 462 0.298791 506 0.691933 752 
790000000 791000000 0.017702 47 27.5319 0.28069 512 0.328121 558 0.731925 818 
800000000 801000000 0.012689 47 27.5521 0.274116 504 0.322699 551 0.727249 810 
810000000 811000000 0.033332 47 27.5614 0.277172 511 0.326213 558 0.72916 818 
820000000 821000000 0.012832 47 27.626 0.277177 511 0.328251 558 0.729991 818 
830000000 831000000 0.013294 47 27.6487 0.276956 511 0.326273 558 0.729389 818 
840000000 841000000 0.013444 47 27.7152 0.278571 513 0.329114 559 0.731169 820 
850000000 851000000 0.014015 47 27.7371 0.279807 513 0.32877 560 0.73426 821 
860000000 861000000 0.010675 47 27.7503 0.277615 513 0.32966 560 0.736595 822 
870000000 871000000 0.011767 47 27.746 0.280414 513 0.329253 560 0.737252 822 
880000000 881000000 0.013896 47 27.7661 0.28134 514 0.332347 561 0.738067 823 
890000000 891000000 0.018635 47 27.8095 0.281081 514 0.331496 561 0.738074 823 
900000000 901000000 0.010894 47 27.8378 0.269164 496 0.319633 544 0.723921 805 
910000000 911000000 0.013249 47 27.8445 0.268627 497 0.31945 544 0.726865 805 
920000000 921000000 0.013427 47 27.8124 0.265581 495 0.318951 542 0.723171 803 
930000000 931000000 0.015132 47 27.8374 0.266285 495 0.319051 542 0.721732 803 
940000000 941000000 0.021923 47 27.8666 0.270465 498 0.321382 546 0.725349 808 
950000000 951000000 0.015918 47 27.8935 0.264209 489 0.316045 536 0.718261 797 
960000000 961000000 0.012721 47 27.9085 0.2646 488 0.315422 536 0.717897 797 
970000000 971000000 0.022255 47 27.9138 0.153369 269 0.194205 308 0.484932 518 
980000000 981000000 0.019055 47 27.9288 0.153369 269 0.194061 308 0.483876 518 
990000000 991000000 0.017596 47 27.9478 0.152813 269 0.193887 308 0.484712 518 

1.in 4.6982 25.5182 alpha: 48
0 1000000 0.00946 17 15.5325 0.192795 434 0.207931 450 0.424753 549 
10000000 11000000 0.011805 42 25.3744 2.17266 3645 2.23317 3680 2.61927 3872 
20000000 21000000 0.033363 48 25.6339 3.5534 5839 3.6515 5888 4.14177 6116 
30000000 31000000 0.009393 48 25.7747 4.82243 7885 4.93238 7935 5.49589 8191 
40000000 41000000 0.015827 48 26.0207 4.81713 7894 4.94949 7945 5.51187 8200 
50000000 51000000 0.019591 49 26.6145 4.84103 7923 4.97014 7973 5.53842 8229 
60000000 61000000 0.01369 49 27.4944 4.83517 7904 4.96931 7956 5.54394 8213 
70000000 71000000 0.019215 49 27.6563 0.562334 982 0.593492 1008 0.979277 1203 
80000000 81000000 0.025259 51 27.9454 0.565472 986 0.593955 1012 0.975515 1206 
90000000 91000000 0.018167 51 28.4109 0.501598 884 0.538446 916 0.928489 1132 
100000000 101000000 0.010791 53 28.8836 0.4043 718 0.441123 752 0.793297 962 
110000000 111000000 0.011784 53 29.2727 0.402677 719 0.440509 753 0.792444 963 
120000000 121000000 0.016752 53 29.4139 0.405091 719 0.442227 752 0.791173 962 
130000000 131000000 0.015653 53 29.5877 0.410735 727 0.445488 761 0.796165 971 
140000000 141000000 0.017319 54 30.0863 0.411489 727 0.444102 761 0.796138 971 
150000000 151000000 0.012519 53 28.5749 0.409738 727 0.445281 761 0.79621 970 
160000000 161000000 0.011672 59 28.8611 0.409528 727 0.444569 761 0.796843 971 
170000000 171000000 0.0141 59 29.1421 0.426987 748 0.462915 782 0.813943 992 
180000000 181000000 0.015114 59 28.398 0.410437 721 0.444362 755 0.796935 964 
190000000 191000000 0.014412 59 28.5374 0.409663 720 0.446752 754 0.799129 964 
200000000 201000000 0.014893 59 28.6346 0.410794 723 0.448825 757 0.805118 967 
210000000 211000000 0.013393 59 28.8872 0.411025 723 0.449337 757 0.805064 967 
220000000 221000000 0.014491 59 29.0805 0.412089 723 0.447062 757 0.805985 967 
230000000 231000000 0.011125 59 29.4839 0.418282 728 0.457318 762 0.815743 973 
240000000 241000000 0.011452 59 29.6357 0.419889 728 0.457973 762 0.814187 973 
250000000 251000000 0.012391 59 29.8383 0.420885 729 0.457809 763 0.817548 974 
260000000 261000000 0.015015 59 30.0613 0.422057 729 0.459674 764 0.818446 975 
270000000 271000000 0.016026 59 30.1515 0.41874 725 0.456134 759 0.816424 971 
280000000 281000000 0.010727 59 30.2651 0.419834 725 0.457522 760 0.8155 971 
290000000 291000000 0.010001 59 28.8193 0.431006 743 0.472031 778 0.838621 992 
300000000 301000000 0.012692 59 28.9766 0.434124 745 0.475975 780 0.844494 994 
310000000 311000000 0.011419 59 29.134 0.432921 746 0.474133 781 0.84624 995 
320000000 321000000 0.014395 59 29.2968 0.434441 746 0.476141 781 0.844833 995 
330000000 331000000 0.010444 59 29.405 0.437155 747 0.478237 782 0.848624 997 
340000000 341000000 0.012935 63 29.5965 0.437463 747 0.477748 783 0.848962 997 
350000000 351000000 0.015912 63 29.7142 0.439492 748 0.478862 783 0.852845 998 
360000000 361000000 0.011586 63 29.8795 0.439719 748 0.479238 783 0.852815 998 
370000000 371000000 0.011326 63 29.9413 0.438533 746 0.479796 782 0.853722 998 
380000000 381000000 0.012945 63 30.0768 0.44159 747 0.47832 782 0.853609 998 
390000000 391000000 0.014068 63 30.2373 0.437714 745 0.480032 780 0.853077 995 
400000000 401000000 0.01181 63 30.3966 0.443752 749 0.484396 784 0.856426 999 
410000000 411000000 0.01663 63 30.5965 0.44361 748 0.485914 783 0.86238 998 
420000000 421000000 0.015073 63 30.6736 0.465631 778 0.50929 814 0.887973 1035 
430000000 431000000 0.011618 63 30.7781 0.4655 777 0.508683 813 0.888049 1034 
440000000 441000000 0.014203 63 30.7413 0.500207 826 0.542794 862 0.931452 1084 
450000000 451000000 0.013017 63 30.8226 0.500111 826 0.541541 862 0.928162 1084 
460000000 461000000 0.022479 63 30.8775 0.475388 785 0.520603 822 0.889615 1043 
470000000 471000000 0.01724 63 30.9269 0.338318 571 0.379485 610 0.74651 839 
480000000 481000000 0.018424 65 31.0335 0.332832 564 0.376166 603 0.747178 835 
490000000 491000000 0.019041 64 31.1522 0.295216 506 0.341099 546 0.71165 781 
500000000 501000000 0.018606 64 31.2623 0.270088 475 0.313301 517 0.679349 756 
510000000 511000000 0.014905 64 31.2121 0.264934 473 0.311355 515 0.680509 753 
520000000 521000000 0.018955 64 31.2052 0.266706 472 0.311628 513 0.678136 751 
530000000 531000000 0.015533 64 31.2905 0.267499 472 0.310145 513 0.676747 750 
540000000 541000000 0.011888 64 31.2595 0.23977 431 0.282419 472 0.641758 707 
550000000 551000000 0.020238 64 31.3493 0.237606 430 0.282321 471 0.642403 706 
560000000 561000000 0.014487 64 31.451 0.237741 430 0.281842 471 0.640403 706 
570000000 571000000 0.019573 64 31.4602 0.246442 440 0.291834 481 0.654355 719 
580000000 581000000 0.014585 64 31.5137 0.24585 441 0.290721 483 0.653947 720 
590000000 591000000 0.019578 64 31.5723 0.259322 458 0.30585 500 0.673865 740 
600000000 601000000 0.013431 64 31.6278 0.257708 458 0.304227 500 0.672862 739 
610000000 611000000 0.013933 64 31.7092 0.259857 457 0.303918 499 0.672368 738 
620000000 621000000 0.01465 64 31.7755 0.263734 460 0.308924 503 0.678881 742 
630000000 631000000 0.012377 64 31.8021 0.256574 453 0.302802 495 0.67116 735 
640000000 641000000 0.013657 64 31.8553 0.269377 473 0.317563 515 0.681874 754 
650000000 651000000 0.013232 64 31.8842 0.275617 478 0.322106 522 0.69376 767 
660000000 661000000 0.012919 64 31.9202 0.27111 478 0.32316 521 0.695086 767 
670000000 671000000 0.023906 64 31.9091 0.274474 478 0.321976 521 0.69585 767 
680000000 681000000 0.024736 66 32.025 0.271137 476 0.31882 519 0.693252 765 
690000000 691000000 0.02021 67 32.1272 0.267151 473 0.31671 516 0.686932 761 
700000000 701000000 0.015111 67 32.1755 0.268249 473 0.314693 516 0.688507 761 
710000000 711000000 0.0157 67 32.2083 0.302088 537 0.349396 582 0.740626 840 
720000000 721000000 0.020083 67 32.2737 0.346876 628 0.399136 675 0.75726 918 
730000000 731000000 0.023441 67 32.3473 0.345554 628 0.395642 675 0.757843 917 
740000000 741000000 0.019744 67 32.4017 0.345297 625 0.394549 672 0.756694 915 
750000000 751000000 0.014778 67 32.4759 0.331327 608 0.383069 655 0.746676 901 
760000000 761000000 0.019428 67 32.5332 0.332051 607 0.384357 655 0.749055 902 
770000000 771000000 0.020845 67 32.5931 0.329518 607 0.38682 655 0.752038 902 
780000000 781000000 0.019472 67 32.6697 0.336499 617 0.388414 665 0.757806 914 
790000000 791000000 0.014913 67 32.7212 0.352235 644 0.407774 695 0.786505 954 
800000000 801000000 0.012508 67 32.7141 0.336417 626 0.392518 676 0.764674 932 
810000000 811000000 0.014325 67 32.5617 0.343694 637 0.400195 687 0.777984 945 
820000000 821000000 0.013114 67 32.5184 0.33749 630 0.39738 680 0.769971 936 
830000000 831000000 0.018278 67 32.531 0.340837 630 0.39444 680 0.771582 937 
840000000 841000000 0.012925 67 32.3658 0.342494 632 0.397386 682 0.773153 939 
850000000 851000000 0.016584 67 32.384 0.339436 632 0.397974 682 0.77366 939 
860000000 861000000 0.010958 67 32.4054 0.342383 632 0.397357 682 0.774984 939 
870000000 871000000 0.015168 67 32.4206 0.342879 632 0.397485 682 0.775052 939 
880000000 881000000 0.0135 67 32.4308 0.342679 632 0.398117 682 0.775987 940 
890000000 891000000 0.02216 67 32.4277 0.343253 631 0.397589 682 0.777458 940 
900000000 901000000 0.01416 67 32.4522 0.331042 616 0.389084 667 0.766405 926 
910000000 911000000 0.014645 67 32.4895 0.331605 616 0.387014 667 0.767567 926 
920000000 921000000 0.014792 67 32.4898 0.32856 615 0.386408 666 0.763078 924 
930000000 931000000 0.017418 67 32.5046 0.32942 615 0.385944 665 0.763362 924 
940000000 941000000 0.020476 67 32.5585 0.328472 618 0.388341 669 0.767696 929 
950000000 951000000 0.01893 67 32.6349 0.323222 609 0.384795 660 0.761088 920 
960000000 961000000 0.025618 67 32.666 0.325603 608 0.382061 660 0.763916 920 
970000000 971000000 0.018779 67 32.7016 0.228885 427 0.289861 483 0.691591 780 
980000000 981000000 0.017959 67 32.7312 0.232629 427 0.289427 483 0.695731 780 
990000000 991000000 0.019764 67 32.7795 0.231148 427 0.289349 483 0.6924 780 

1.in 4.56877 25.5182 alpha: 49
0 1000000 0.009417 17 15.5325 0.189661 434 0.210731 450 0.42482 549 
10000000 11000000 0.022983 87 40.473 2.61386 4271 2.67852 4310 3.07864 4531 
20000000 21000000 0.038249 101 46.3761 8.20235 13609 8.39046 13773 9.28281 14280 
30000000 31000000 0.013791 101 49.0082 13.649 20756 13.8831 20925 14.9113 21479 
40000000 41000000 0.017474 101 50.883 13.8354 20856 14.067 21025 15.1359 21580 
50000000 51000000 0.020041 101 53.0474 14.0292 20942 14.2677 21111 15.3499 21666 
60000000 61000000 0.019573 104 55.9971 13.9885 20828 14.2409 20998 15.3182 21561 
70000000 71000000 0.025352 104 57.6634 1.66981 2490 1.798 2531 2.31477 2785 
80000000 81000000 0.031763 111 59.0992 1.80106 2583 1.92818 2626 2.45977 2884 
90000000 91000000 0.04221 112 60.0774 1.38501 2107 1.50968 2166 2.07886 2484 
100000000 101000000 0.018774 130 62.4442 1.06167 1647 1.17042 1717 1.78108 2071 
110000000 111000000 0.025598 130 63.4314 1.06255 1648 1.17542 1718 1.77476 2072 
120000000 121000000 0.025912 130 63.8097 1.0596 1649 1.16873 1720 1.77871 2073 
130000000 131000000 0.026162 130 64.3345 1.06538 1649 1.17002 1720 1.78097 2073 
140000000 141000000 0.029925 130 65.1177 1.07167 1649 1.16688 1720 1.77891 2073 
150000000 151000000 0.029942 138 65.7438 1.062 1649 1.16484 1720 1.7804 2073 
160000000 161000000 0.022251 138 66.536 1.06404 1651 1.17038 1721 1.78345 2075 
170000000 171000000 0.023994 138 67.4983 1.14214 1706 1.24294 1776 1.85951 2131 
180000000 181000000 0.037274 138 68.619 1.13238 1662 1.23052 1732 1.85366 2089 
190000000 191000000 0.018758 155 69.4267 1.10175 1630 1.18718 1700 1.81056 2059 
200000000 201000000 0.025057 155 69.9966 1.12 1646 1.21591 1717 1.83745 2076 
210000000 211000000 0.022718 155 70.4505 1.12383 1646 1.21361 1717 1.84219 2076 
220000000 221000000 0.021788 155 70.1147 1.12091 1645 1.20948 1716 1.82834 2076 
230000000 231000000 0.029861 155 70.6223 1.17616 1676 1.27557 1748 1.89332 2110 
240000000 241000000 0.021297 155 70.6862 1.20406 1690 1.29578 1762 1.92357 2125 
250000000 251000000 0.029808 155 70.8543 1.21012 1698 1.31111 1770 1.94764 2133 
260000000 261000000 0.023454 155 70.8579 1.21815 1697 1.31888 1769 1.94224 2133 
270000000 271000000 0.02793 155 71.0426 1.15504 1661 1.2489 1733 1.89517 2098 
280000000 281000000 0.02655 155 71.4781 1.17685 1666 1.26117 1739 1.89007 2104 
290000000 291000000 0.02686 155 72.4565 1.19263 1686 1.28923 1760 1.93025 2134 
300000000 301000000 0.03378 155 73.5882 1.19783 1694 1.30328 1767 1.93731 2141 
310000000 311000000 0.031136 163 74.4044 1.20912 1694 1.30662 1768 1.94553 2141 
320000000 321000000 0.038011 163 74.6371 1.20468 1696 1.30936 1770 1.96442 2143 
330000000 331000000 0.029049 163 74.6396 1.22309 1702 1.31696 1776 1.94635 2150 
340000000 341000000 0.032367 163 75.2903 1.21936 1702 1.31409 1776 1.9552 2150 
350000000 351000000 0.03539 167 76.495 1.22442 1701 1.31457 1775 1.96949 2150 
360000000 361000000 0.033625 167 77.2765 1.22258 1700 1.30914 1774 1.95809 2150 
370000000 371000000 0.023004 167 77.3398 1.22745 1705 1.31921 1779 1.96929 2155 
380000000 381000000 0.025297 167 77.3213 1.24927 1713 1.34531 1788 1.98406 2165 
390000000 391000000 0.027356 167 77.2712 1.25008 1722 1.35897 1797 2.00122 2175 
400000000 401000000 0.043045 167 77.4876 1.29512 1740 1.38394 1815 2.0497 2193 
410000000 411000000 0.041519 167 77.7716 1.28867 1737 1.3796 1812 2.02784 2191 
420000000 421000000 0.032682 167 78.126 1.30589 1762 1.40142 1839 2.06514 2227 
430000000 431000000 0.0279 167 78.2659 1.31278 1768 1.41093 1845 2.07961 2233 
440000000 441000000 0.027789 167 77.8736 1.45413 1913 1.56166 1991 2.2376 2382 
450000000 451000000 0.02147 167 77.7684 1.46018 1915 1.56712 1993 2.23634 2385 
460000000 461000000 0.028695 167 77.4484 1.28733 1751 1.40061 1830 2.04964 2228 
470000000 471000000 0.047126 170 77.2243 0.997276 1440 1.10247 1523 1.73848 1947 
480000000 481000000 0.0347 175 77.2922 0.940325 1379 1.0373 1462 1.69191 1883 
490000000 491000000 0.040759 175 77.6196 0.869986 1301 0.97344 1384 1.61625 1809 
500000000 501000000 0.03376 175 77.5489 0.757544 1227 0.855481 1312 1.50972 1744 
510000000 511000000 0.036602 180 77.8302 0.759225 1229 0.855569 1314 1.50802 1748 
520000000 521000000 0.045465 180 77.8573 0.762656 1230 0.862555 1315 1.50504 1749 
530000000 531000000 0.028196 180 77.8188 0.764394 1230 0.858281 1315 1.51497 1749 
540000000 541000000 0.03473 180 77.669 0.764431 1232 0.873298 1317 1.51431 1752 
550000000 551000000 0.041256 180 77.7487 0.752056 1229 0.856752 1315 1.50056 1749 
560000000 561000000 0.040757 180 77.8215 0.765665 1228 0.857078 1314 1.51035 1748 
570000000 571000000 0.037061 180 77.6652 0.773992 1251 0.875152 1338 1.52145 1778 
580000000 581000000 0.036103 180 77.7426 0.777748 1256 0.875085 1343 1.52508 1781 
590000000 591000000 0.046199 180 77.6172 0.809056 1315 0.913415 1404 1.58462 1851 
600000000 601000000 0.023639 180 77.6205 0.80723 1313 0.898571 1401 1.56964 1846 
610000000 611000000 0.031182 180 77.6503 0.785376 1304 0.889369 1392 1.54672 1835 
620000000 621000000 0.030773 180 77.5736 0.82262 1318 0.924303 1407 1.59386 1852 
630000000 631000000 0.024498 180 77.669 0.767545 1288 0.866648 1376 1.52717 1820 
640000000 641000000 0.020331 180 77.507 0.75436 1278 0.86311 1366 1.50294 1808 
650000000 651000000 0.033377 180 77.357 0.757082 1279 0.857365 1367 1.5214 1812 
660000000 661000000 0.028405 180 77.2798 0.743833 1277 0.850812 1366 1.52529 1812 
670000000 671000000 0.037506 180 77.2955 0.750749 1278 0.855228 1367 1.51131 1813 
680000000 681000000 0.041736 180 77.4384 0.734527 1268 0.832955 1357 1.50019 1805 
690000000 691000000 0.039047 180 77.5353 0.723096 1262 0.83206 1351 1.49505 1799 
700000000 701000000 0.027126 180 77.6022 0.722996 1262 0.824142 1351 1.48362 1799 
710000000 711000000 0.031253 180 77.5163 0.73679 1284 0.853591 1374 1.52508 1830 
720000000 721000000 0.043265 180 77.5884 0.909861 1572 1.00838 1663 1.68016 2133 
730000000 731000000 0.053776 180 77.6495 0.903601 1570 1.0058 1662 1.68206 2132 
740000000 741000000 0.04088 180 77.7314 0.896702 1566 1.00127 1659 1.68265 2133 
750000000 751000000 0.039204 180 77.774 0.863472 1514 0.965935 1608 1.6402 2083 
760000000 761000000 0.05672 180 77.8909 0.853971 1505 0.957341 1600 1.62658 2077 
770000000 771000000 0.04378 180 78.0722 0.855493 1505 0.957814 1600 1.62659 2078 
780000000 781000000 0.045468 180 78.2275 0.851408 1504 0.959073 1601 1.6327 2084 
790000000 791000000 0.036519 180 78.2101 0.849435 1512 0.959814 1611 1.64056 2102 
800000000 801000000 0.025919 180 78.1065 0.836922 1490 0.939103 1590 1.62208 2081 
810000000 811000000 0.032935 180 78.0746 0.841169 1490 0.948464 1588 1.63429 2084 
820000000 821000000 0.03352 180 78.0388 0.835334 1490 0.947004 1589 1.63736 2084 
830000000 831000000 0.028371 180 78.0417 0.837484 1491 0.944959 1589 1.63724 2085 
840000000 841000000 0.03193 180 78.0222 0.83849 1491 0.948703 1589 1.64698 2086 
850000000 851000000 0.028316 180 77.8399 0.835727 1491 0.949965 1590 1.6496 2086 
860000000 861000000 0.020142 180 77.8618 0.843356 1491 0.950402 1589 1.64389 2085 
870000000 871000000 0.023918 180 77.8637 0.840237 1494 0.954926 1592 1.64172 2088 
880000000 881000000 0.022268 180 77.6959 0.840868 1495 0.955775 1593 1.64396 2089 
890000000 891000000 0.046848 180 77.62 0.845776 1494 0.952118 1593 1.64865 2090 
900000000 901000000 0.024438 180 77.5936 0.776447 1396 0.888235 1496 1.57015 1998 
910000000 911000000 0.022161 180 77.5367 0.777439 1397 0.890046 1497 1.57614 1999 
920000000 921000000 0.03379 180 77.4042 0.76724 1387 0.874823 1487 1.54984 1985 
930000000 931000000 0.042052 180 77.3368 0.756105 1387 0.87373 1487 1.54402 1985 
940000000 941000000 0.029719 180 77.3175 0.766034 1391 0.875634 1491 1.54608 1991 
950000000 951000000 0.042607 180 77.3716 0.749836 1362 0.857431 1462 1.53972 1960 
960000000 961000000 0.046689 180 77.3849 0.746844 1361 0.858678 1462 1.52905 1960 
970000000 971000000 0.041157 180 77.4203 0.411583 726 0.510665 818 1.06634 1285 
980000000 981000000 0.045215 180 77.5038 0.409498 724 0.508354 817 1.06987 1284 
990000000 991000000 0.046195 180 77.5197 0.409837 724 0.512692 817 1.07782 1284 

1.in 4.76908 25.5182 alpha: 50
0 1000000 0.011072 17 15.5325 0.190493 434 0.214958 450 0.428309 549 
10000000 11000000 0.023095 87 40.473 2.64416 4271 2.71304 4310 3.11522 4531 
20000000 21000000 0.03709 101 46.3761 8.28541 13609 8.48755 13773 9.40021 14280 
30000000 31000000 0.0162 101 49.0082 13.8412 20756 14.0595 20925 15.1337 21479 
40000000 41000000 0.022191 101 50.883 14.0181 20856 14.2635 21025 15.3319 21580 
50000000 51000000 0.019908 101 53.0474 14.2117 20942 14.456 21111 15.5356 21666 
60000000 61000000 0.025875 104 55.9971 14.1858 20828 14.4141 20998 15.5192 21561 
70000000 71000000 0.024497 104 57.6634 1.6916 2490 1.82335 2531 2.34427 2785 
80000000 81000000 0.038093 111 59.0992 1.831 2583 1.95319 2626 2.47548 2884 
90000000 91000000 0.043995 112 60.0774 1.4006 2107 1.52746 2166 2.10152 2484 
100000000 101000000 0.015304 130 62.4442 1.07454 1647 1.18543 1717 1.79797 2071 
110000000 111000000 0.025354 130 63.4314 1.07534 1648 1.18414 1718 1.79617 2072 
120000000 121000000 0.025885 130 63.8097 1.07879 1649 1.18592 1720 1.80574 2073 
130000000 131000000 0.030721 130 64.3345 1.07812 1649 1.18571 1720 1.79891 2073 
140000000 141000000 0.031607 130 65.1177 1.07329 1649 1.17678 1720 1.79927 2073 
150000000 151000000 0.029708 138 65.7438 1.0774 1649 1.18083 1720 1.79652 2073 
160000000 161000000 0.022702 138 66.536 1.08266 1651 1.17817 1721 1.8028 2075 
170000000 171000000 0.025729 138 67.4983 1.15257 1706 1.25497 1776 1.87843 2131 
180000000 181000000 0.038618 138 68.619 1.14686 1662 1.24522 1732 1.87446 2089 
190000000 191000000 0.016644 155 69.4267 1.10144 1630 1.20807 1700 1.82437 2059 
200000000 201000000 0.031171 155 69.9966 1.13861 1646 1.23047 1717 1.85376 2076 
210000000 211000000 0.026447 155 70.4505 1.13232 1646 1.2283 1717 1.86 2076 
220000000 221000000 0.023625 155 70.1147 1.13948 1645 1.23356 1716 1.87048 2076 
230000000 231000000 0.026587 155 70.6223 1.18667 1676 1.28355 1748 1.91328 2110 
240000000 241000000 0.022501 155 70.6862 1.2157 1690 1.31484 1762 1.95423 2125 
250000000 251000000 0.030832 155 70.8543 1.24026 1698 1.32562 1770 1.95985 2133 
260000000 261000000 0.023124 155 70.8579 1.24802 1697 1.32337 1769 1.96072 2133 
270000000 271000000 0.027876 155 71.0426 1.16938 1661 1.26463 1733 1.90082 2098 
280000000 281000000 0.026465 155 71.4781 1.19511 1666 1.28668 1739 1.91064 2104 
290000000 291000000 0.026832 155 72.4565 1.21408 1686 1.30048 1760 1.94454 2134 
300000000 301000000 0.036456 155 73.5882 1.20678 1694 1.31345 1767 1.96144 2141 
310000000 311000000 0.031571 163 74.4044 1.21402 1694 1.32173 1768 1.95625 2141 
320000000 321000000 0.036479 163 74.6371 1.23062 1696 1.32249 1770 1.96614 2143 
330000000 331000000 0.027201 163 74.6396 1.23837 1702 1.32382 1776 1.97555 2150 
340000000 341000000 0.03575 163 75.2903 1.2276 1702 1.32647 1776 1.9774 2150 
350000000 351000000 0.036597 167 76.495 1.23328 1701 1.33032 1775 1.98354 2150 
360000000 361000000 0.031727 167 77.2765 1.23558 1700 1.32915 1774 1.97212 2150 
370000000 371000000 0.026334 167 77.3398 1.24114 1705 1.33336 1779 1.99379 2155 
380000000 381000000 0.028888 167 77.3213 1.25181 1713 1.34859 1788 2.00101 2165 
390000000 391000000 0.029937 167 77.2712 1.2718 1722 1.36993 1797 2.02526 2175 
400000000 401000000 0.041213 167 77.4876 1.2988 1740 1.40202 1815 2.04169 2193 
410000000 411000000 0.045441 167 77.7716 1.29743 1737 1.39125 1812 2.05768 2191 
420000000 421000000 0.031575 167 78.126 1.31859 1762 1.41601 1839 2.08145 2227 
430000000 431000000 0.027086 167 78.2659 1.32678 1768 1.43527 1845 2.0852 2233 
440000000 441000000 0.027133 167 77.8736 1.47774 1913 1.57782 1991 2.26621 2382 
450000000 451000000 0.022305 167 77.7684 1.47349 1915 1.58575 1993 2.24679 2385 
460000000 461000000 0.026091 167 77.4484 1.30105 1751 1.40477 1830 2.06429 2228 
470000000 471000000 0.039137 170 77.2243 1.00804 1440 1.09832 1523 1.75366 1947 
480000000 481000000 0.036626 175 77.2922 0.946604 1379 1.04427 1462 1.71484 1883 
490000000 491000000 0.035624 175 77.6196 0.884914 1301 0.981736 1384 1.65189 1809 
500000000 501000000 0.034819 175 77.5489 0.77079 1227 0.865252 1312 1.52892 1744 
510000000 511000000 0.038315 180 77.8302 0.774483 1229 0.86921 1314 1.51795 1748 
520000000 521000000 0.040661 180 77.8573 0.766765 1230 0.874491 1315 1.52305 1749 
530000000 531000000 0.026281 180 77.8188 0.771838 1230 0.871442 1315 1.52337 1749 
540000000 541000000 0.028194 180 77.669 0.770388 1232 0.87083 1317 1.51839 1752 
550000000 551000000 0.041909 180 77.7487 0.763114 1229 0.868427 1315 1.52088 1749 
560000000 561000000 0.031216 180 77.8215 0.769731 1228 0.865118 1314 1.51845 1748 
570000000 571000000 0.042566 180 77.6652 0.781066 1251 0.878307 1338 1.53576 1778 
580000000 581000000 0.035472 180 77.7426 0.780411 1256 0.889299 1343 1.53884 1781 
590000000 591000000 0.048521 180 77.6172 0.822182 1315 0.913825 1404 1.60923 1851 
600000000 601000000 0.028763 180 77.6205 0.817043 1313 0.916407 1401 1.5756 1846 
610000000 611000000 0.029034 180 77.6503 0.795434 1304 0.892928 1392 1.56845 1835 
620000000 621000000 0.029725 180 77.5736 0.830131 1318 0.921754 1407 1.59929 1852 
630000000 631000000 0.025229 180 77.669 0.779426 1288 0.880873 1376 1.55068 1820 
640000000 641000000 0.021409 180 77.507 0.755272 1278 0.870513 1366 1.52159 1808 
650000000 651000000 0.027146 180 77.357 0.757494 1279 0.863356 1367 1.53432 1812 
660000000 661000000 0.03402 180 77.2798 0.757445 1277 0.85299 1366 1.53629 1812 
670000000 671000000 0.043212 180 77.2955 0.761477 1278 0.85699 1367 1.53417 1813 
680000000 681000000 0.043899 180 77.4384 0.74883 1268 0.844056 1357 1.51323 1805 
690000000 691000000 0.030654 180 77.5353 0.727689 1262 0.826884 1351 1.50462 1799 
700000000 701000000 0.027332 180 77.6022 0.72897 1262 0.829126 1351 1.51056 1799 
710000000 711000000 0.0332 180 77.5163 0.747035 1284 0.857579 1374 1.53823 1830 
720000000 721000000 0.051608 180 77.5884 0.926941 1572 1.01808 1663 1.69138 2133 
730000000 731000000 0.050203 180 77.6495 0.913323 1570 1.01785 1662 1.69477 2132 
740000000 741000000 0.037367 180 77.7314 0.907744 1566 1.01204 1659 1.68669 2133 
750000000 751000000 0.048635 180 77.774 0.873268 1514 0.972418 1608 1.6403 2083 
760000000 761000000 0.052429 180 77.8909 0.856677 1505 0.964534 1600 1.64131 2077 
770000000 771000000 0.057814 180 78.0722 0.858878 1505 0.965598 1600 1.6361 2078 
780000000 781000000 0.050089 180 78.2275 0.860573 1504 0.963574 1601 1.64193 2084 
790000000 791000000 0.03905 180 78.2101 0.851005 1512 0.966069 1611 1.65668 2102 
800000000 801000000 0.02749 180 78.1065 0.835443 1490 0.949184 1590 1.62912 2081 
810000000 811000000 0.032356 180 78.0746 0.839591 1490 0.953376 1588 1.64281 2084 
820000000 821000000 0.034236 180 78.0388 0.8453 1490 0.954463 1589 1.64511 2084 
830000000 831000000 0.027597 180 78.0417 0.845604 1491 0.953617 1589 1.64827 2085 
840000000 841000000 0.033559 180 78.0222 0.842764 1491 0.957377 1589 1.65443 2086 
850000000 851000000 0.02857 180 77.8399 0.847347 1491 0.953381 1590 1.64835 2086 
860000000 861000000 0.019396 180 77.8618 0.850911 1491 0.963748 1589 1.65608 2085 
870000000 871000000 0.023618 180 77.8637 0.847428 1494 0.960568 1592 1.65247 2088 
880000000 881000000 0.019005 180 77.6959 0.849479 1495 0.959159 1593 1.65074 2089 
890000000 891000000 0.047446 180 77.62 0.842526 1494 0.957222 1593 1.65703 2090 
900000000 901000000 0.026222 180 77.5936 0.781517 1396 0.893257 1496 1.57754 1998 
910000000 911000000 0.025466 180 77.5367 0.786156 1397 0.89444 1497 1.57935 1999 
920000000 921000000 0.041414 180 77.4042 0.7705 1387 0.884875 1487 1.55889 1985 
930000000 931000000 0.045146 180 77.3368 0.773148 1387 0.879518 1487 1.56115 1985 
940000000 941000000 0.033153 180 77.3175 0.763952 1391 0.883725 1491 1.56201 1991 
950000000 951000000 0.03581 180 77.3716 0.754128 1362 0.86119 1462 1.53666 1960 
960000000 961000000 0.045811 180 77.3849 0.748525 1361 0.863094 1462 1.54265 1960 
970000000 971000000 0.039447 180 77.4203 0.420012 726 0.515001 818 1.07694 1285 
980000000 981000000 0.046385 180 77.5038 0.414548 724 0.514364 817 1.08323 1284 
990000000 991000000 0.046244 180 77.5197 0.413718 724 0.515844 817 1.07206 1284 

