1.in 7.11133 25.5182 input box: (1, 0, 0, )  (100000, 100000, 100000, ) 
query box: (9999901, 10000000, 10000000, )  (10099900, 10100000, 10100000, ) 
(10037161, 10037260, 10037260, ) 
(10069193, 10069292, 10069292, ) 
(10080929, 10081029, 10081029, ) 
(10000021, 10000120, 10000120, ) 
(10002798, 10002897, 10002897, ) 
(10067795, 10067895, 10067895, ) 
(10030723, 10030822, 10030822, ) 
(10053014, 10053114, 10053114, ) 
(10094006, 10094106, 10094106, ) 
(10067842, 10067942, 10067942, ) 
alpha: 40
begin insert: 10000000
0 1000000 0.025571 17 15.5325 1.20879 315 1.35852 335 2.85607 426 
5000000 6000000 0.022821 28 19.5884 13.8915 2833 13.9436 2857 16.5733 3024 
10000000 11000000 0.024898 28 20.292 13.6825 2833 13.968 2857 16.7385 3024 
15000000 16000000 0.01845 28 20.7594 4.88436 1146 4.95644 1155 6.6784 1251 
20000000 21000000 0.021795 28 21.0047 11.9639 2468 12.2179 2484 16.0584 2657 
25000000 26000000 0.019633 30 21.5015 13.4178 2733 13.6888 2741 18.3306 2930 
30000000 31000000 0.027628 30 21.4369 9.57947 2273 9.76087 2292 12.6082 2425 
35000000 36000000 0.027312 30 21.8033 9.58768 2273 9.77789 2292 12.6431 2425 
40000000 41000000 0.024813 33 22.1391 9.57593 2273 9.79835 2292 12.6495 2425 
45000000 46000000 0.019981 36 22.6096 9.61165 2273 9.77335 2292 12.6705 2425 
50000000 51000000 0.019203 35 22.8849 9.57512 2273 9.7837 2292 12.6563 2425 
60000000 61000000 0.024171 36 23.742 9.58293 2273 9.78608 2292 12.6391 2425 
70000000 71000000 0.023446 36 23.8886 0.620157 185 0.675151 192 2.0569 312 
80000000 81000000 0.015694 36 24.1185 0.619714 185 0.675496 192 2.058 312 
90000000 91000000 0.021892 37 24.3124 0.620435 185 0.674577 192 2.06005 312 
100000000 101000000 0.016962 37 24.5917 0.094397 37 0.115703 42 0.492521 95 
200000000 201000000 0.017452 40 24.6805 0.084433 33 0.128951 43 0.474295 82 
300000000 301000000 0.016814 42 25.4589 0.084511 33 0.127081 44 0.490753 88 
400000000 401000000 0.024925 45 26.0937 0.083998 33 0.126582 44 0.489423 88 
500000000 501000000 0.01499 45 26.6016 0.083792 33 0.126495 44 0.49086 88 
600000000 601000000 0.016082 44 26.9773 0.083942 33 0.126056 44 0.489411 88 
700000000 701000000 0.014237 44 27.2604 0.085079 33 0.128728 44 0.489932 88 
800000000 801000000 0.016688 45 27.4952 0.083987 33 0.126354 44 0.490635 88 
900000000 901000000 0.017229 45 27.7079 0.085367 33 0.126819 44 0.489686 88 

