1.in 8.62437 25.5182 alpha: 49
begin insert: 100000000
0 1000000 0.008039 17 15.5325 30.9869 497 32.5715 510 68.7305 602
5000000 6000000 0.040451 51 26.5387 215.682 2405 219.342 2435 286.427 2645
10000000 11000000 0.05054 87 40.473 250.255 2779 256.478 2813 329.742 3040
15000000 16000000 0.033917 94 42.8236 387.986 4260 393.585 4286 473.976 4506
20000000 21000000 0.055532 101 46.3761 466.684 5017 472.445 5048 551.868 5262
25000000 26000000 0.044762 101 48.2149 407.5 4259 410.619 4288 483.285 4500
30000000 31000000 0.036278 101 49.0082 478.873 4754 485.763 4786 551.358 4960
35000000 36000000 0.042359 101 50.6629 477.937 4664 484.763 4695 556.571 4874
40000000 41000000 0.035604 101 50.883 468.662 4568 471.45 4597 532.555 4772
45000000 46000000 0.045547 101 52.4917 465.326 4502 472.795 4532 546.009 4706
50000000 51000000 0.043389 101 53.0474 408.323 3803 416.883 3830 465.514 3969
60000000 61000000 0.046747 104 55.9971 293.601 2700 292.221 2725 340.024 2844
70000000 71000000 0.027623 104 57.6634 148.731 1508 153.461 1527 181.54 1636
80000000 81000000 0.048477 111 59.0992 65.4944 753 65.178 770 84.6771 858
90000000 91000000 0.057814 112 60.0774 14.5214 196 15.7358 213 30.3751 287
100000000 101000000 0.035059 130 62.4442 1.43699 63 2.75507 79 14.1838 146
200000000 201000000 0.039581 155 69.9966 1.43948 63 2.76019 79 14.2971 146
300000000 301000000 0.049955 155 73.5882 1.43859 63 2.7369 80 14.3763 148
400000000 401000000 0.0522 167 77.4876 1.43418 63 2.75597 80 14.4886 149
500000000 501000000 0.045346 175 77.5489 1.4463 63 2.78391 80 14.7064 150
600000000 601000000 0.038198 180 77.6205 1.45281 63 2.79602 80 14.8022 151
700000000 701000000 0.036611 180 77.6022 1.44874 63 2.79167 80 14.8073 152
800000000 801000000 0.037796 180 78.1065 1.45622 64 2.80738 81 14.9439 153
900000000 901000000 0.036584 180 77.5936 1.449 64 2.81436 81 14.9809 153
