1.in 6.96789 25.5182 
input box: (1, 0, 0, )  (100000, 100000, 100000, ) 
query box: (9999901, 10000000, 10000000, )  (10099900, 10100000, 10100000, ) 
(10037161, 10037260, 10037260, ) 
(10069193, 10069292, 10069292, ) 
(10080929, 10081029, 10081029, ) 
(10000021, 10000120, 10000120, ) 
(10002798, 10002897, 10002897, ) 
(10067795, 10067895, 10067895, ) 
(10030723, 10030822, 10030822, ) 
(10053014, 10053114, 10053114, ) 
(10094006, 10094106, 10094106, ) 
(10067842, 10067942, 10067942, ) 
alpha: 30
begin insert: 10000000
0 1000000 0.027709 17 15.5325 1.20882 315 1.37269 335 2.87772 426 
5000000 6000000 0.019392 23 18.7138 9.35189 2128 9.28357 2137 10.2361 2240 
10000000 11000000 0.053506 23 19.508 9.21521 2128 9.32619 2137 10.2475 2240 
15000000 16000000 0.018405 26 20.0128 5.03965 1262 5.18312 1273 7.03664 1433 
20000000 21000000 0.026498 26 20.2853 10.7734 2284 10.9631 2303 14.8871 2480 
25000000 26000000 0.020765 28 20.7866 16.2244 3106 16.522 3115 20.7177 3293 
30000000 31000000 0.023548 28 21.0501 17.636 3355 17.9375 3370 22.2671 3555 
35000000 36000000 0.022192 28 21.3828 17.6849 3355 18.0285 3370 22.2901 3555 
40000000 41000000 0.01889 28 21.5972 17.7106 3355 17.9673 3370 22.3245 3555 
45000000 46000000 0.018996 29 21.9125 17.7769 3355 18.0352 3370 22.3008 3555 
50000000 51000000 0.035113 28 21.7942 17.6939 3355 17.9532 3370 22.2597 3555 
60000000 61000000 0.016257 28 21.9244 17.6323 3355 17.9349 3370 22.2049 3555 
70000000 71000000 0.014788 30 22.1245 0.602725 173 0.620093 173 1.93188 274 
80000000 81000000 0.016634 30 22.2686 0.580304 174 0.649154 180 1.85714 279 
90000000 91000000 0.015485 30 22.5087 0.6533 196 0.71822 202 1.92878 301 
100000000 101000000 0.016946 31 22.7251 0.069855 31 0.101804 40 0.454684 95 
200000000 201000000 0.023227 33 23.9908 0.09165 31 0.115866 35 0.436268 68 
300000000 301000000 0.016716 34 24.548 0.093274 31 0.11585 35 0.444235 69 
400000000 401000000 0.016289 35 25.0562 0.092482 31 0.114525 35 0.441626 69 
500000000 501000000 0.012732 35 25.4139 0.092269 31 0.116119 35 0.442599 69 
600000000 601000000 0.01387 36 25.6993 0.093303 31 0.115574 35 0.442083 69 
700000000 701000000 0.014008 37 25.913 0.093037 31 0.116048 35 0.440367 69 
800000000 801000000 0.016082 38 26.1489 0.093603 31 0.115836 35 0.440271 69 
900000000 901000000 0.017765 36 26.3406 0.092293 31 0.114266 35 0.438987 69 

