1.in 4.57654 25.5182 alpha: 30
4.7908 28 25.5182 0.62506 26 1.51472 38 9.27206 91 4.60748 28 25.5249 1.73216 26 4.81504 40 24.2203 102 
1.in 4.44888 25.5182 alpha: 1
540.997 28 25.511 0.631914 26 1.52651 38 9.29885 92 458.708 28 25.4848 1.74798 26 4.92262 40 24.8446 102 
1.in 4.57802 25.5182 alpha: 2
283.717 28 25.5124 0.63516 26 1.52924 38 9.37455 92 267.168 28 25.5093 1.74926 26 4.9023 40 24.5552 102 
1.in 4.73791 25.5182 alpha: 3
203.309 28 25.5227 0.634843 26 1.52766 38 9.34616 92 168.131 28 25.4867 1.7478 26 4.89705 40 24.5905 102 
1.in 4.43569 25.5182 alpha: 4
156.706 28 25.5066 0.636696 26 1.53796 38 9.3828 91 126.965 28 25.5002 1.75979 26 4.93029 40 24.851 102 
1.in 4.82573 25.5182 alpha: 5
114.572 28 25.5242 0.640122 26 1.54625 38 9.40142 91 98.0187 28 25.4854 1.75706 26 4.92339 40 24.6544 102 
1.in 4.91279 25.5182 alpha: 6
94.9312 28 25.5277 0.636759 26 1.52441 38 9.35429 92 74.8448 28 25.4965 1.75107 26 4.91154 39 24.6506 101 
1.in 4.55397 25.5182 alpha: 10
51.2542 29 25.554 0.63428 26 1.52302 38 9.34577 92 35.5134 29 25.569 1.74008 26 4.88738 39 24.6083 101 
1.in 4.76526 25.5182 alpha: 20
28.4786 32 25.7626 0.634113 26 1.52514 38 9.34342 92 20.7469 33 25.8783 1.73435 25 4.88697 39 24.5759 102 
1.in 4.76126 25.5182 alpha: 30
22.0317 35 26.1167 0.630084 26 1.52881 38 9.38083 92 16.2973 36 26.4622 1.70583 24 4.85473 38 24.6328 101 
1.in 4.4023 25.5182 alpha: 40
16.7781 47 27.9713 0.615221 25 1.5125 37 9.44603 92 16.4823 38 25.7877 1.72641 25 4.86939 39 24.6847 102 
1.in 4.52888 25.5182 alpha: 45
17.2297 53 28.8785 0.622696 26 1.53276 38 9.51716 93 17.2896 39 26.4451 1.72842 25 4.88319 38 24.7637 101 
1.in 4.43304 25.5182 alpha: 46
17.7066 59 29.4712 0.618124 25 1.53351 38 9.54317 93 19.5212 41 26.3752 1.7325 25 4.88165 39 24.7215 101 
1.in 4.5492 25.5182 alpha: 47
17.061 58 31.0037 0.606257 25 1.50972 37 9.53532 93 17.6667 42 27.2062 1.72184 24 4.87874 38 24.7809 101 
1.in 4.57204 25.5182 alpha: 48
18.1566 67 32.8096 0.675225 28 1.59178 41 9.66205 97 17.4691 43 28.0121 1.71592 24 4.86925 37 24.699 100 
1.in 4.36069 25.5182 alpha: 49
32.7869 180 77.4509 1.39184 64 2.43044 81 11.3933 154 16.0192 66 38.8125 1.70313 23 4.85974 37 24.7761 99 
1.in 4.61017 25.5182 alpha: 50
33.3645 180 77.4509 1.39332 64 2.44158 81 11.3788 154 16.2072 66 38.8125 1.70237 23 4.86264 37 24.754 99 
