1.in 8.43692 25.5182 alpha: 48
begin insert: 100000000
0 1000000 0.030854 17 15.5325 18.0076 434 20.0426 450 41.7098 549 
5000000 6000000 0.023352 36 22.675 206.221 3642 211.039 3676 247.748 3868 
10000000 11000000 0.017449 42 25.3744 206.682 3644 210.043 3679 245.033 3871 
15000000 16000000 0.015954 42 25.7957 84.0528 1649 87.4076 1666 122.83 1834 
20000000 21000000 0.02863 48 25.6339 335.339 5837 339.921 5886 386.104 6114 
25000000 26000000 0.020622 48 25.9314 373.501 6481 378.632 6529 426.134 6770 
30000000 31000000 0.015591 48 25.7747 454.631 7881 458.842 7932 514.135 8188 
35000000 36000000 0.01656 48 25.4125 454.767 7882 456.197 7933 514.871 8188 
40000000 41000000 0.018321 48 26.0207 452.286 7891 458.411 7941 513.865 8197 
45000000 46000000 0.016391 48 26.4098 454.16 7892 460.4 7942 515.13 8198 
50000000 51000000 0.031375 49 26.6145 455.808 7919 462.324 7970 517.391 8226 
60000000 61000000 0.016129 49 27.4944 455.745 7901 462.369 7953 516.901 8210 
70000000 71000000 0.029443 49 27.6563 53.6245 979 57.2896 1006 92.9175 1199 
80000000 81000000 0.028413 51 27.9454 53.8943 982 57.483 1009 92.8293 1202 
90000000 91000000 0.017326 51 28.4109 47.8784 880 51.9253 912 88.6659 1128 
100000000 101000000 0.013805 53 28.8836 37.8347 716 41.8893 749 76.6978 959 
200000000 201000000 0.020871 59 28.6346 38.5087 720 42.9003 754 78.7174 964 
300000000 301000000 0.014208 59 28.9766 41.0026 742 45.718 777 82.9714 991 
400000000 401000000 0.01434 63 30.3966 42.0617 746 46.8477 781 84.3965 996 
500000000 501000000 0.021175 64 31.2623 25.1063 475 30.1994 516 66.8596 755 
600000000 601000000 0.014511 64 31.6278 24.1434 457 29.3299 499 66.1416 738 
700000000 701000000 0.019525 67 32.1755 25.0911 473 30.3795 516 67.6279 761 
800000000 801000000 0.014351 67 32.7141 31.4346 626 37.4979 676 74.643 932 
900000000 901000000 0.016288 67 32.4522 30.8413 617 37.0379 667 74.6392 926 
begin insert: 100000000
0 1000000 0.005115 17 15.5196 1.20523 22 2.14529 30 12.2404 86 
5000000 6000000 0.006211 20 18.1447 1.98749 25 3.55476 33 18.3406 92 
10000000 11000000 0.007928 22 19.039 2.20284 26 4.00635 34 20.6895 94 
15000000 16000000 0.007456 22 19.5909 2.28161 26 4.20538 35 21.5729 95 
20000000 21000000 0.008458 23 19.994 2.30973 26 4.35137 35 21.9847 96 
25000000 26000000 0.009115 23 20.3056 2.31743 26 4.44715 35 22.2359 96 
30000000 31000000 0.008154 24 20.5664 2.30503 26 4.50475 36 22.5285 96 
35000000 36000000 0.008997 24 20.7882 2.28317 26 4.55436 36 22.764 97 
40000000 41000000 0.010119 24 20.9792 2.25862 26 4.60767 36 22.973 97 
45000000 46000000 0.010682 24 21.1484 2.21853 25 4.6312 36 23.1289 97 
50000000 51000000 0.011345 25 21.3 2.17793 25 4.6631 36 23.3195 97 
60000000 61000000 0.010773 25 21.5644 2.10056 25 4.69627 36 23.54 98 
70000000 71000000 0.011405 25 21.7886 1.99489 24 4.74005 36 23.7314 98 
80000000 81000000 0.012279 26 21.9827 1.8755 24 4.75105 37 23.8607 99 
90000000 91000000 0.011713 26 22.1543 1.7439 23 4.77409 37 23.9756 99 
100000000 101000000 0.011698 29 22.3502 1.62614 23 4.78991 37 24.1107 99 
200000000 201000000 0.013674 54 25.7528 1.56228 23 4.73695 37 24.0658 99 
300000000 301000000 0.012743 52 26.8188 1.56446 23 4.72051 37 24.0319 99 
400000000 401000000 0.009775 38 26.6239 1.57959 23 4.7397 37 23.9969 100 
500000000 501000000 0.011821 45 27.329 1.56402 23 4.73332 37 23.9024 100 
600000000 601000000 0.01157 46 27.8696 1.5656 23 4.734 37 23.9202 100 
700000000 701000000 0.012197 47 28.3073 1.56449 23 4.73006 37 23.9357 100 
800000000 801000000 0.011882 33 27.4069 1.60719 24 4.7688 37 23.9311 100 
900000000 901000000 0.01282 34 27.6676 1.5849 24 4.7377 37 23.976 100 

