1.in 7.43926 25.5182
input box: (1, 0, 0, )  (100000, 100000, 100000, ) 
query box: (9999901, 10000000, 10000000, )  (10099900, 10100000, 10100000, ) 
(10037161, 10037260, 10037260, ) 
(10069193, 10069292, 10069292, ) 
(10080929, 10081029, 10081029, ) 
(10000021, 10000120, 10000120, ) 
(10002798, 10002897, 10002897, ) 
(10067795, 10067895, 10067895, ) 
(10030723, 10030822, 10030822, ) 
(10053014, 10053114, 10053114, ) 
(10094006, 10094106, 10094106, ) 
(10067842, 10067942, 10067942, ) 
alpha: 48
begin insert: 10000000
0 1000000 0.031374 17 15.5325 1.21356 315 1.37208 335 2.87239 426 
5000000 6000000 0.027445 36 22.675 17.4696 3370 17.637 3400 20.8603 3613 
10000000 11000000 0.020412 42 25.3744 17.4786 3370 17.8477 3400 20.86 3613 
15000000 16000000 0.018499 42 25.7957 4.67957 1120 4.84826 1126 6.51739 1268 
20000000 21000000 0.035166 48 25.6339 30.5976 5363 30.9927 5432 35.4511 5720 
25000000 26000000 0.02121 48 25.9314 35.765 6182 36.4537 6249 41.4603 6536 
30000000 31000000 0.017276 48 25.7747 37.8865 6524 38.5531 6591 43.3446 6878 
35000000 36000000 0.015948 48 25.4125 37.8737 6524 38.5818 6591 43.4742 6878 
40000000 41000000 0.021878 48 26.0207 37.9233 6524 38.5996 6591 43.4808 6878 
45000000 46000000 0.017544 48 26.4098 37.9291 6524 38.5216 6591 43.3682 6878 
50000000 51000000 0.030867 49 26.6145 37.7342 6524 38.3738 6591 43.1416 6878 
60000000 61000000 0.016191 49 27.4944 37.6324 6524 38.2988 6591 43.0301 6878 
70000000 71000000 0.023768 49 27.6563 0.615338 177 0.655938 182 1.91245 297 
80000000 81000000 0.028759 51 27.9454 0.612769 177 0.654703 182 1.91283 297 
90000000 91000000 0.018934 51 28.4109 0.635726 185 0.675084 190 1.93128 305 
100000000 101000000 0.01955 53 28.9215 0.1 45 0.14118 56 0.48158 108 
200000000 201000000 0.022306 59 29.3127 0.108088 40 0.133788 44 0.497739 99 
300000000 301000000 0.017671 67 30.1747 0.108734 40 0.131872 45 0.508763 102 
400000000 401000000 0.015152 70 31.0131 0.108721 40 0.131907 45 0.507187 102 
500000000 501000000 0.015745 72 31.2884 0.108249 40 0.131338 45 0.507723 102 
600000000 601000000 0.015101 73 31.6984 0.108009 40 0.130543 45 0.507538 102 
700000000 701000000 0.02126 73 31.9671 0.109137 40 0.132321 45 0.507663 102 
800000000 801000000 0.017818 73 32.2553 0.107672 40 0.130543 45 0.507963 102 
900000000 901000000 0.022499 73 32.5172 0.108111 40 0.131743 45 0.50912 102 

