1.in 4.48185 25.5182 alpha: 30
0 1000000 0.021334 17 15.5325 0.188068 434 0.20767 450 0.426671 549 
10000000 11000000 0.044377 21 18.9809 0.600718 1343 0.634491 1362 0.912928 1494 
20000000 21000000 0.082406 22 19.9334 0.616093 1269 0.64845 1292 1.04847 1442 
30000000 31000000 0.103527 22 20.4919 1.02093 2045 1.08221 2075 1.61877 2282 
40000000 41000000 0.134819 23 20.8877 0.942189 1928 0.988509 1955 1.47976 2134 
50000000 51000000 0.171327 23 21.1926 0.90599 1831 0.958616 1867 1.50486 2077 
60000000 61000000 0.215984 23 21.475 0.973211 1965 1.02206 1996 1.56461 2187 
70000000 71000000 0.245376 23 21.6938 0.258574 499 0.286052 528 0.59233 698 
80000000 81000000 0.267136 24 21.8673 0.277259 528 0.304109 554 0.643432 741 
90000000 91000000 0.29815 25 22.0402 0.275691 513 0.304522 541 0.646622 732 
100000000 101000000 0.353452 25 22.1904 0.216842 412 0.243764 441 0.549894 621 
110000000 111000000 0.33716 25 22.3352 0.228011 429 0.255554 461 0.578363 650 
120000000 121000000 0.415125 25 22.4629 0.223294 416 0.251325 446 0.576797 632 
130000000 131000000 0.464564 25 22.5842 0.223072 420 0.250399 449 0.576578 641 
140000000 141000000 0.43998 25 22.6904 0.217467 412 0.247788 443 0.564513 624 
150000000 151000000 0.47521 25 22.7852 0.209975 402 0.243548 437 0.55696 616 
160000000 161000000 0.574867 25 22.8787 0.210846 395 0.240765 427 0.561425 609 
170000000 171000000 0.643381 25 22.9785 0.220503 411 0.246505 439 0.565863 618 
180000000 181000000 0.742337 25 23.0494 0.215198 403 0.244663 433 0.56875 619 
190000000 191000000 0.751068 25 23.1151 0.229604 416 0.25862 444 0.58965 629 
200000000 201000000 0.752192 25 23.2117 0.213775 410 0.24495 442 0.556835 625 
210000000 211000000 0.879467 26 23.2852 0.220244 414 0.248362 444 0.570953 635 
220000000 221000000 0.825683 26 23.3632 0.224105 423 0.254771 455 0.581011 653 
230000000 231000000 0.915797 26 23.426 0.21815 414 0.247882 446 0.582194 642 
240000000 241000000 0.864839 26 23.4966 0.22431 418 0.257121 451 0.567412 634 
250000000 251000000 1.01318 26 23.5622 0.218596 411 0.254372 452 0.579497 640 
260000000 261000000 1.17895 26 23.6255 0.214506 394 0.249723 423 0.573811 609 
270000000 271000000 1.25525 26 23.6876 0.231028 438 0.262692 471 0.605911 670 
280000000 281000000 1.37641 26 23.739 0.221107 422 0.256837 453 0.598035 651 
290000000 291000000 1.34839 26 23.792 0.254963 457 0.285177 488 0.62442 680 
300000000 301000000 1.22843 26 23.8414 0.245934 444 0.275749 476 0.628453 675 
310000000 311000000 1.29503 26 23.8845 0.246247 455 0.276515 486 0.631827 689 
320000000 321000000 1.28696 26 23.9321 0.237443 459 0.278277 504 0.629254 712 
330000000 331000000 1.56128 26 23.9786 0.244969 475 0.279068 509 0.627863 723 
340000000 341000000 1.43802 26 24.013 0.226624 437 0.255123 469 0.578508 667 
350000000 351000000 1.61666 26 24.0526 0.237881 444 0.265945 475 0.587152 664 
360000000 361000000 1.7193 26 24.0939 0.241369 447 0.272213 478 0.602216 669 
370000000 371000000 1.89828 27 24.1311 0.241846 457 0.276517 488 0.632211 689 
380000000 381000000 1.81622 26 24.1649 0.234701 434 0.268448 468 0.613808 664 
390000000 391000000 1.83827 26 24.2018 0.242306 463 0.273735 497 0.624593 698 
400000000 401000000 2.04835 26 24.2328 0.224793 430 0.260087 464 0.59715 661 
410000000 411000000 2.10605 27 24.2724 0.229366 433 0.259788 464 0.599352 664 
420000000 421000000 2.0118 26 24.2966 0.243078 451 0.274692 486 0.617984 685 
430000000 431000000 2.09282 27 24.3326 0.230354 428 0.261925 459 0.598776 656 
440000000 441000000 2.19644 27 24.3696 0.23067 427 0.265376 461 0.614125 662 
450000000 451000000 2.27044 27 24.3941 0.237405 432 0.269278 464 0.620381 662 
460000000 461000000 2.11563 27 24.421 0.245526 444 0.273765 475 0.604621 667 
470000000 471000000 2.48309 27 24.457 0.20595 380 0.241128 415 0.568421 616 
480000000 481000000 2.48287 27 24.4774 0.212765 389 0.24797 425 0.575163 624 
490000000 491000000 2.52351 27 24.5128 0.188297 343 0.222854 376 0.550218 577 
500000000 501000000 2.19226 27 24.5434 0.176802 329 0.210232 361 0.535502 560 
510000000 511000000 2.4802 27 24.5662 0.182204 331 0.212805 364 0.54524 572 
520000000 521000000 2.20301 27 24.5946 0.189125 343 0.220923 375 0.550636 572 
530000000 531000000 2.57687 27 24.6211 0.185205 337 0.217373 369 0.556794 578 
540000000 541000000 2.36961 27 24.6528 0.176252 326 0.209724 360 0.537914 564 
550000000 551000000 2.53215 27 24.6791 0.185336 331 0.221543 364 0.550659 566 
560000000 561000000 2.94333 27 24.6969 0.189123 344 0.224134 377 0.564579 578 
570000000 571000000 2.81052 27 24.7232 0.17692 327 0.212142 362 0.538496 571 
580000000 581000000 2.90219 27 24.7467 0.188207 331 0.220582 364 0.546579 565 
590000000 591000000 2.57534 27 24.7631 0.190336 339 0.225957 373 0.569428 580 
600000000 601000000 3.08427 27 24.7909 0.187469 339 0.223203 373 0.568072 588 
610000000 611000000 3.20935 27 24.8157 0.184094 332 0.221214 367 0.552422 568 
620000000 621000000 3.10746 27 24.8388 0.183577 330 0.218345 365 0.550246 570 
630000000 631000000 2.69199 27 24.8674 0.193636 340 0.228156 373 0.56134 572 
640000000 641000000 2.91068 27 24.8779 0.190606 344 0.227997 378 0.563175 587 
650000000 651000000 3.1949 27 24.9033 0.205862 366 0.243195 400 0.584837 606 
660000000 661000000 3.16973 27 24.9311 0.202397 357 0.238302 392 0.576419 594 
670000000 671000000 3.2243 27 24.9427 0.211966 369 0.2497 404 0.603429 613 
680000000 681000000 3.32098 27 24.9704 0.199798 353 0.239462 387 0.587208 597 
690000000 691000000 3.04034 27 24.9798 0.199412 350 0.237933 385 0.56333 581 
700000000 701000000 3.30152 27 25.0019 0.197759 341 0.2363 379 0.580745 591 
710000000 711000000 2.99118 27 25.0228 0.20274 363 0.242066 399 0.596054 611 
720000000 721000000 3.01042 27 25.0531 0.234478 404 0.279063 443 0.67372 669 
730000000 731000000 3.40832 27 25.0771 0.233538 406 0.279508 447 0.67808 677 
740000000 741000000 3.6508 27 25.0898 0.227996 395 0.270786 434 0.671005 663 
750000000 751000000 4.0228 27 25.106 0.213237 370 0.258907 411 0.652458 632 
760000000 761000000 3.54806 27 25.1195 0.215214 373 0.259433 413 0.641808 639 
770000000 771000000 3.87609 27 25.1419 0.227638 397 0.269772 437 0.68071 671 
780000000 781000000 3.80743 27 25.1537 0.214678 376 0.260946 424 0.669997 654 
790000000 791000000 3.75627 27 25.1931 0.217515 377 0.260335 419 0.648638 653 
800000000 801000000 4.02384 28 25.1973 0.219178 384 0.266201 426 0.667797 666 
810000000 811000000 3.93771 28 25.2246 0.23296 412 0.285764 460 0.702496 695 
820000000 821000000 4.01028 28 25.2396 0.230658 410 0.279092 452 0.697838 697 
830000000 831000000 4.04476 28 25.2536 0.226668 392 0.27564 435 0.677382 673 
840000000 841000000 4.13266 28 25.2623 0.220218 379 0.273647 435 0.683123 677 
850000000 851000000 3.55499 28 25.2888 0.225263 391 0.271154 432 0.666119 666 
860000000 861000000 4.26508 28 25.3093 0.232858 392 0.282061 433 0.690876 660 
870000000 871000000 4.49762 28 25.3241 0.231542 403 0.28216 446 0.688265 677 
880000000 881000000 4.37868 28 25.3399 0.229951 408 0.279447 451 0.702654 696 
890000000 891000000 4.40421 28 25.3548 0.23356 404 0.281289 447 0.690348 685 
900000000 901000000 4.38976 28 25.3712 0.208734 369 0.258627 412 0.657401 662 
910000000 911000000 3.82003 28 25.3826 0.21881 382 0.266621 425 0.676498 661 
920000000 921000000 4.51035 28 25.4054 0.224207 383 0.274015 424 0.672851 668 
930000000 931000000 4.5788 28 25.4199 0.219952 381 0.27279 432 0.684632 662 
940000000 941000000 4.66287 28 25.4341 0.224087 387 0.27665 437 0.68953 675 
950000000 951000000 4.69565 28 25.4521 0.207918 358 0.255968 402 0.635413 631 
960000000 961000000 4.7556 28 25.4624 0.221536 384 0.270858 428 0.688428 670 
970000000 971000000 4.55569 28 25.4792 0.144276 231 0.180873 266 0.469865 452 
980000000 981000000 3.92144 28 25.4991 0.142259 228 0.179749 263 0.467174 454 
990000000 991000000 4.83753 28 25.5162 0.142535 228 0.181653 263 0.466768 454 

1.in 4.41155 25.5182 alpha: 1
0 1000000 0.008354 17 15.5325 0.192993 434 0.221656 450 0.437159 549 
10000000 11000000 0.065613 21 18.9916 0.596314 1317 0.6338 1337 0.916641 1471 
20000000 21000000 0.09331 22 19.9238 0.620767 1278 0.66159 1301 1.081 1466 
30000000 31000000 0.142671 22 20.4872 1.12399 2201 1.20751 2228 1.76235 2427 
40000000 41000000 0.197102 23 20.9 1.24903 2452 1.33004 2476 1.83112 2659 
50000000 51000000 0.233815 23 21.2023 1.19878 2301 1.28348 2336 1.87542 2551 
60000000 61000000 0.170177 23 21.476 1.1071 2159 1.18119 2185 1.69349 2370 
70000000 71000000 0.202497 24 21.7066 0.442623 793 0.470869 820 0.829517 1009 
80000000 81000000 0.150642 24 21.9031 0.44158 800 0.468142 826 0.831285 1025 
90000000 91000000 0.272805 24 22.0402 0.320112 594 0.353477 625 0.703462 826 
100000000 101000000 0.441283 24 22.1954 0.232396 426 0.266455 456 0.590636 635 
110000000 111000000 0.474108 25 22.3243 0.229105 434 0.260901 463 0.584457 644 
120000000 121000000 0.519627 24 22.4588 0.253498 467 0.28601 497 0.618888 688 
130000000 131000000 0.144913 25 22.5855 0.273926 518 0.306474 553 0.622861 740 
140000000 141000000 0.532199 25 22.6939 0.254945 470 0.285396 500 0.617359 689 
150000000 151000000 0.434758 25 22.7869 0.234957 446 0.264557 476 0.574703 661 
160000000 161000000 0.117718 25 22.8813 0.295425 542 0.323671 571 0.642952 758 
170000000 171000000 0.378526 25 22.962 0.241544 449 0.269059 478 0.588737 661 
180000000 181000000 0.687076 26 23.0288 0.228016 421 0.259667 450 0.591155 639 
190000000 191000000 0.463336 26 23.1157 0.222639 422 0.258046 453 0.588372 646 
200000000 201000000 0.184145 25 23.1869 0.237251 432 0.269834 465 0.591664 649 
210000000 211000000 0.367438 25 23.2566 0.236624 433 0.270306 467 0.591666 650 
220000000 221000000 0.258414 25 23.3278 0.220137 412 0.251596 441 0.566869 624 
230000000 231000000 0.330016 25 23.3932 0.232606 431 0.265838 463 0.595601 650 
240000000 241000000 0.195457 25 23.4584 0.233405 426 0.26268 455 0.582983 632 
250000000 251000000 0.514211 25 23.5206 0.249277 448 0.277793 478 0.608424 659 
260000000 261000000 0.739659 26 23.5731 0.214891 411 0.24564 443 0.569497 632 
270000000 271000000 1.11328 26 23.6314 0.251675 454 0.281824 486 0.615646 680 
280000000 281000000 1.11309 26 23.6778 0.265181 472 0.293299 502 0.628731 691 
290000000 291000000 0.383411 26 23.7311 0.242505 450 0.278776 488 0.620539 685 
300000000 301000000 0.660589 26 23.7758 0.269707 484 0.303885 517 0.646448 707 
310000000 311000000 0.338213 26 23.822 0.256063 474 0.29224 508 0.63736 710 
320000000 321000000 1.17722 26 23.8651 0.249042 455 0.282341 486 0.615738 679 
330000000 331000000 0.308586 26 23.9073 0.246583 456 0.280283 486 0.604257 668 
340000000 341000000 0.558248 27 23.9439 0.24974 458 0.284327 492 0.615623 678 
350000000 351000000 0.287336 26 23.9805 0.23714 440 0.268947 471 0.607828 677 
360000000 361000000 0.118926 27 24.0227 0.235963 435 0.266907 468 0.605001 674 
370000000 371000000 0.13152 26 24.0592 0.22762 421 0.262137 454 0.592757 646 
380000000 381000000 0.163792 26 24.1025 0.232239 430 0.268895 460 0.606616 644 
390000000 391000000 0.528568 26 24.136 0.244358 445 0.277769 479 0.610462 662 
400000000 401000000 1.58277 27 24.1904 0.241334 452 0.280422 492 0.631894 696 
410000000 411000000 0.830584 27 24.2093 0.239116 433 0.27171 463 0.6094 650 
420000000 421000000 0.212849 26 24.2482 0.236608 432 0.26942 465 0.612294 655 
430000000 431000000 0.497805 27 24.2782 0.274014 490 0.30694 520 0.63037 702 
440000000 441000000 0.513042 26 24.3138 0.231139 431 0.264658 460 0.595001 643 
450000000 451000000 0.504393 27 24.3529 0.229745 434 0.265812 463 0.59285 645 
460000000 461000000 1.70039 27 24.3844 0.245532 456 0.28151 487 0.601418 669 
470000000 471000000 1.36317 27 24.4378 0.211179 394 0.249128 429 0.585262 633 
480000000 481000000 0.275015 27 24.4444 0.230741 416 0.269309 449 0.614547 652 
490000000 491000000 0.243134 27 24.4744 0.206894 370 0.245913 404 0.577764 607 
500000000 501000000 0.407749 27 24.5094 0.178018 329 0.216815 362 0.533719 563 
510000000 511000000 0.298657 27 24.5425 0.180761 330 0.216145 363 0.534335 562 
520000000 521000000 0.51685 27 24.57 0.18003 328 0.215161 364 0.55069 569 
530000000 531000000 0.196103 27 24.6015 0.179711 329 0.216336 366 0.552114 572 
540000000 541000000 0.459151 27 24.6269 0.177444 329 0.217568 365 0.551941 572 
550000000 551000000 0.321301 27 24.656 0.176618 328 0.215319 361 0.551368 562 
560000000 561000000 0.205503 27 24.681 0.174051 324 0.207349 356 0.535947 557 
570000000 571000000 0.72024 27 24.7049 0.171792 325 0.207213 357 0.533044 559 
580000000 581000000 0.289911 27 24.7304 0.192223 345 0.228519 378 0.568798 590 
590000000 591000000 0.181075 27 24.7567 0.185028 337 0.222283 372 0.569473 587 
600000000 601000000 0.835689 27 24.7735 0.187103 347 0.221677 381 0.560949 589 
610000000 611000000 0.105315 27 24.8002 0.185857 346 0.22177 381 0.562549 589 
620000000 621000000 3.48021 27 24.8402 0.193424 346 0.23077 379 0.576005 592 
630000000 631000000 0.234819 28 24.8412 0.181126 330 0.220626 364 0.56631 568 
640000000 641000000 0.341846 27 24.8627 0.196782 354 0.232323 388 0.581365 594 
650000000 651000000 0.780513 27 24.8886 0.200706 360 0.237903 396 0.594435 607 
660000000 661000000 0.717908 28 24.912 0.199638 361 0.236769 397 0.585445 613 
670000000 671000000 2.93539 27 24.937 0.19823 340 0.234673 374 0.553888 571 
680000000 681000000 0.290544 28 24.9462 0.203961 365 0.242647 399 0.595017 606 
690000000 691000000 0.190486 28 24.965 0.202785 365 0.24195 399 0.594942 605 
700000000 701000000 0.135683 28 24.985 0.202342 364 0.241075 398 0.592177 603 
710000000 711000000 0.186005 27 25.0027 0.199775 362 0.242713 397 0.590508 612 
720000000 721000000 0.266504 27 25.0192 0.231961 400 0.278229 439 0.66108 665 
730000000 731000000 0.349623 27 25.0339 0.230892 401 0.277707 440 0.66019 663 
740000000 741000000 0.461599 28 25.0537 0.217093 388 0.262321 427 0.642313 653 
750000000 751000000 0.188552 28 25.0694 0.212825 369 0.258646 415 0.663823 651 
760000000 761000000 1.3283 28 25.1004 0.211573 387 0.257188 426 0.643275 667 
770000000 771000000 0.449751 28 25.1097 0.214925 381 0.259456 422 0.648121 655 
780000000 781000000 0.36365 28 25.1274 0.211429 364 0.255816 403 0.642793 620 
790000000 791000000 1.12246 28 25.1607 0.215517 367 0.262335 413 0.660282 648 
800000000 801000000 0.928202 28 25.1767 0.21189 367 0.263507 413 0.659127 648 
810000000 811000000 0.937149 28 25.1961 0.222652 377 0.270275 423 0.669134 660 
820000000 821000000 1.63566 28 25.2059 0.213234 377 0.262559 420 0.643993 661 
830000000 831000000 0.641881 28 25.2267 0.216324 381 0.264343 424 0.645535 667 
840000000 841000000 2.59094 28 25.2711 0.215997 378 0.261428 420 0.640231 663 
850000000 851000000 2.32723 28 25.2914 0.232461 413 0.282803 458 0.685423 713 
860000000 861000000 0.482316 28 25.2806 0.233129 395 0.280678 435 0.687423 668 
870000000 871000000 0.311114 28 25.3023 0.22461 389 0.27393 430 0.682872 662 
880000000 881000000 0.705795 28 25.3216 0.225646 391 0.275623 432 0.686294 666 
890000000 891000000 1.50799 28 25.3315 0.219513 375 0.268297 418 0.653444 648 
900000000 901000000 0.258428 28 25.3476 0.210016 363 0.25779 405 0.637781 633 
910000000 911000000 0.504142 28 25.3656 0.209972 363 0.257321 405 0.636405 634 
920000000 921000000 1.45859 28 25.3852 0.217577 378 0.268083 424 0.67754 660 
930000000 931000000 0.576582 28 25.4008 0.214978 378 0.267405 424 0.678027 660 
940000000 941000000 0.161594 28 25.414 0.216109 379 0.26889 426 0.686533 662 
950000000 951000000 0.178527 28 25.4322 0.209381 373 0.264997 419 0.675538 654 
960000000 961000000 0.276229 28 25.4483 0.206265 352 0.25692 398 0.658033 626 
970000000 971000000 0.181837 28 25.4656 0.137419 228 0.176339 262 0.4587 452 
980000000 981000000 0.775588 28 25.4814 0.136663 228 0.17814 263 0.462883 452 
990000000 991000000 0.23758 28 25.4951 0.137752 228 0.175782 263 0.458597 452 

1.in 4.49461 25.5182 alpha: 2
0 1000000 0.009195 17 15.5325 0.193374 434 0.219684 450 0.432868 549 
10000000 11000000 0.072537 21 18.9916 0.6058 1317 0.636993 1337 0.921505 1471 
20000000 21000000 0.10232 21 19.9205 0.618795 1273 0.653603 1297 1.08831 1472 
30000000 31000000 0.17608 22 20.5112 1.76662 3216 1.8545 3241 2.31352 3409 
40000000 41000000 0.196208 23 20.8917 0.931795 1833 0.976814 1856 1.45555 2026 
50000000 51000000 0.246757 23 21.1937 0.979486 1943 1.03427 1971 1.58038 2180 
60000000 61000000 0.139748 23 21.4695 1.10266 2111 1.16715 2138 1.76765 2341 
70000000 71000000 0.092978 24 21.711 0.374315 675 0.401482 701 0.73004 874 
80000000 81000000 0.360207 24 21.9143 0.386314 704 0.419408 733 0.761232 921 
90000000 91000000 0.235851 24 22.0347 0.286479 525 0.316443 554 0.674779 754 
100000000 101000000 0.054706 24 22.1834 0.254584 458 0.280973 488 0.588272 663 
110000000 111000000 0.141691 24 22.3258 0.242594 446 0.273011 475 0.584653 649 
120000000 121000000 0.488936 24 22.4566 0.256898 471 0.288216 504 0.620975 690 
130000000 131000000 0.588021 25 22.58 0.230268 419 0.260976 449 0.58823 640 
140000000 141000000 0.129838 25 22.6901 0.267798 493 0.298751 524 0.627871 711 
150000000 151000000 0.609457 25 22.7907 0.263279 478 0.292114 508 0.618175 697 
160000000 161000000 0.158773 25 22.8819 0.284307 516 0.312808 546 0.637641 732 
170000000 171000000 0.09024 25 22.9627 0.274819 496 0.305465 527 0.641854 718 
180000000 181000000 0.084007 25 23.0343 0.258516 474 0.289182 504 0.622061 693 
190000000 191000000 0.136685 25 23.1027 0.234548 431 0.265623 461 0.59463 650 
200000000 201000000 0.107341 25 23.185 0.228309 413 0.257424 444 0.584747 635 
210000000 211000000 0.349016 26 23.2554 0.23982 437 0.271134 467 0.603895 659 
220000000 221000000 0.12556 26 23.3269 0.242495 447 0.278084 478 0.612965 669 
230000000 231000000 0.093407 26 23.3908 0.265392 479 0.294858 509 0.639953 704 
240000000 241000000 0.247273 26 23.4566 0.253729 450 0.283756 479 0.605359 658 
250000000 251000000 0.16879 26 23.5189 0.254198 452 0.285818 484 0.62163 672 
260000000 261000000 0.952758 25 23.581 0.242298 435 0.274792 464 0.604705 647 
270000000 271000000 0.103344 26 23.6355 0.235451 423 0.264756 453 0.583479 636 
280000000 281000000 0.327519 26 23.6829 0.261478 470 0.293868 501 0.629382 693 
290000000 291000000 0.6894 26 23.7354 0.274572 483 0.304578 513 0.658716 710 
300000000 301000000 0.100245 26 23.7826 0.263615 476 0.295071 508 0.641358 710 
310000000 311000000 0.190701 26 23.8268 0.262474 476 0.30065 510 0.649726 702 
320000000 321000000 0.139687 26 23.8685 0.254618 465 0.291315 498 0.642015 698 
330000000 331000000 0.058485 26 23.9205 0.226504 411 0.257512 440 0.58345 644 
340000000 341000000 0.074935 26 23.9528 0.229348 414 0.25608 443 0.580825 646 
350000000 351000000 0.182642 26 23.9959 0.240094 434 0.267917 463 0.596018 664 
360000000 361000000 1.24484 26 24.0325 0.238221 437 0.273513 473 0.616582 666 
370000000 371000000 0.085515 26 24.0719 0.234096 441 0.271702 473 0.617875 674 
380000000 381000000 0.121393 27 24.1065 0.236552 440 0.270113 471 0.597711 661 
390000000 391000000 0.275 26 24.1406 0.235067 438 0.27072 468 0.618033 670 
400000000 401000000 0.12724 26 24.1786 0.237098 439 0.271008 469 0.620806 672 
410000000 411000000 0.469113 27 24.2152 0.245261 443 0.278425 475 0.616459 673 
420000000 421000000 0.255687 26 24.2532 0.237308 440 0.274002 471 0.625179 674 
430000000 431000000 0.125651 27 24.2839 0.242952 443 0.27743 472 0.628828 662 
440000000 441000000 0.067553 27 24.3135 0.253918 463 0.291448 492 0.635573 681 
450000000 451000000 0.082191 27 24.3511 0.234376 431 0.268382 460 0.618265 651 
460000000 461000000 0.190033 27 24.3846 0.235676 428 0.267823 457 0.599831 643 
470000000 471000000 0.675227 27 24.4184 0.212811 387 0.244276 420 0.57518 617 
480000000 481000000 0.307358 27 24.4439 0.214767 387 0.252486 420 0.595294 627 
490000000 491000000 0.226789 27 24.4704 0.206963 371 0.244344 403 0.574037 598 
500000000 501000000 0.074552 27 24.5037 0.181777 334 0.217549 366 0.538697 559 
510000000 511000000 0.163433 27 24.5348 0.18446 335 0.218393 368 0.538019 561 
520000000 521000000 0.210134 27 24.5693 0.171991 308 0.206068 341 0.522596 534 
530000000 531000000 0.125852 27 24.6008 0.169956 308 0.205704 341 0.525092 534 
540000000 541000000 0.085928 27 24.6335 0.16943 308 0.205007 340 0.520947 534 
550000000 551000000 0.16291 27 24.6619 0.171836 309 0.204352 340 0.520843 534 
560000000 561000000 0.109993 27 24.685 0.174519 314 0.208376 345 0.529848 542 
570000000 571000000 3.28873 27 24.7206 0.192469 343 0.224929 375 0.552434 574 
580000000 581000000 0.138632 27 24.7298 0.185937 347 0.223142 384 0.564767 608 
590000000 591000000 1.60903 27 24.7824 0.187734 338 0.226957 372 0.578741 579 
600000000 601000000 0.3322 27 24.7799 0.190807 342 0.229756 375 0.562347 570 
610000000 611000000 0.225271 27 24.8006 0.19109 340 0.227911 373 0.562332 569 
620000000 621000000 0.091682 27 24.8231 0.191703 340 0.22943 374 0.561601 571 
630000000 631000000 0.104188 27 24.8425 0.189389 337 0.227016 371 0.563889 568 
640000000 641000000 0.445475 27 24.8663 0.195605 346 0.232921 379 0.569191 576 
650000000 651000000 0.067101 27 24.8832 0.200961 349 0.236816 382 0.569443 580 
660000000 661000000 0.207831 27 24.9062 0.196245 344 0.233375 377 0.565617 576 
670000000 671000000 0.07412 27 24.9298 0.19418 343 0.233154 377 0.563703 574 
680000000 681000000 0.18939 27 24.9453 0.195743 343 0.23241 376 0.564004 574 
690000000 691000000 0.17712 27 24.9634 0.19432 348 0.235815 383 0.581797 592 
700000000 701000000 0.10254 27 24.9869 0.191143 348 0.233786 382 0.582856 592 
710000000 711000000 0.115289 27 25.0048 0.196086 348 0.237034 385 0.574488 586 
720000000 721000000 0.096695 27 25.0211 0.229507 406 0.275545 445 0.657543 672 
730000000 731000000 0.33238 28 25.0373 0.229285 408 0.27487 446 0.662001 673 
740000000 741000000 0.264284 28 25.0551 0.227229 394 0.270874 434 0.660673 664 
750000000 751000000 0.158401 28 25.0719 0.215522 365 0.259704 404 0.649513 636 
760000000 761000000 0.311868 27 25.0873 0.224577 391 0.27368 435 0.66947 660 
770000000 771000000 0.321804 27 25.1069 0.217578 379 0.2682 430 0.664287 666 
780000000 781000000 0.155062 27 25.116 0.215273 378 0.263556 421 0.660248 670 
790000000 791000000 0.146166 28 25.1387 0.220436 382 0.268682 422 0.659723 650 
800000000 801000000 0.114899 28 25.1555 0.221772 383 0.268669 424 0.660064 652 
810000000 811000000 0.258826 28 25.1749 0.225724 394 0.276077 435 0.672296 667 
820000000 821000000 0.326922 28 25.1966 0.229207 395 0.277814 436 0.67223 667 
830000000 831000000 1.63085 28 25.2289 0.229198 394 0.276679 435 0.671753 666 
840000000 841000000 0.226725 28 25.2459 0.231107 395 0.27964 436 0.672362 667 
850000000 851000000 0.246505 28 25.2704 0.227679 388 0.274522 429 0.680858 660 
860000000 861000000 0.249487 28 25.2895 0.226949 388 0.27528 429 0.676947 660 
870000000 871000000 0.189946 28 25.2997 0.224499 385 0.27311 426 0.678501 657 
880000000 881000000 0.082123 28 25.3184 0.223992 385 0.270902 426 0.678396 657 
890000000 891000000 0.76122 28 25.3306 0.229199 387 0.279895 430 0.693807 659 
900000000 901000000 0.05824 28 25.3429 0.215178 372 0.271618 414 0.678471 642 
910000000 911000000 0.284182 28 25.3614 0.215574 372 0.2675 414 0.675811 642 
920000000 921000000 1.32913 28 25.3947 0.215017 370 0.267713 412 0.677867 641 
930000000 931000000 1.46825 28 25.4025 0.220176 373 0.27063 415 0.681693 643 
940000000 941000000 0.106371 28 25.4172 0.215481 374 0.27138 417 0.681511 648 
950000000 951000000 0.051404 28 25.4375 0.21173 365 0.264384 408 0.67629 635 
960000000 961000000 0.184831 28 25.4525 0.209238 368 0.271193 426 0.672969 672 
970000000 971000000 0.200537 28 25.4651 0.138913 234 0.181549 269 0.469002 461 
980000000 981000000 0.243296 28 25.4803 0.141606 234 0.1798 269 0.465201 461 
990000000 991000000 0.151633 28 25.4988 0.14127 234 0.180382 269 0.46631 461 

1.in 4.0614 25.5182 alpha: 5
0 1000000 0.008409 17 15.5325 0.188006 434 0.207132 450 0.425515 549 
10000000 11000000 0.070583 21 18.9916 0.939684 1788 0.991894 1816 1.30504 1943 
20000000 21000000 0.103819 22 19.9276 0.601723 1289 0.649476 1313 1.09422 1471 
30000000 31000000 0.043911 23 20.5118 1.97778 3429 2.06452 3453 2.50376 3626 
40000000 41000000 0.099285 23 20.8823 1.95761 3505 2.05008 3533 2.52424 3715 
50000000 51000000 0.075468 23 21.2018 1.32965 2536 1.41632 2565 1.96035 2769 
60000000 61000000 0.082685 24 21.4767 1.56969 2831 1.66934 2869 2.21811 3075 
70000000 71000000 0.044605 24 21.7086 0.345606 645 0.37763 673 0.70165 859 
80000000 81000000 0.269883 24 21.887 0.406895 729 0.439944 757 0.796541 953 
90000000 91000000 0.205688 24 22.0481 0.398991 695 0.430751 724 0.796252 928 
100000000 101000000 0.03178 24 22.2089 0.351954 605 0.38133 638 0.712724 829 
110000000 111000000 0.046143 25 22.3451 0.244724 451 0.271669 478 0.574786 648 
120000000 121000000 0.059399 25 22.475 0.206295 389 0.232492 416 0.558767 627 
130000000 131000000 0.054231 25 22.5859 0.290035 521 0.322262 550 0.652199 735 
140000000 141000000 0.33167 25 22.6858 0.238642 441 0.269778 470 0.607839 656 
150000000 151000000 0.08697 25 22.8054 0.266367 481 0.297646 517 0.616194 697 
160000000 161000000 0.067342 25 22.8911 0.29059 521 0.32271 557 0.647712 738 
170000000 171000000 0.135214 25 22.9544 0.266731 494 0.298429 525 0.624953 713 
180000000 181000000 0.131835 25 23.0385 0.26566 491 0.298 522 0.623256 709 
190000000 191000000 0.202325 25 23.1118 0.227642 429 0.260018 460 0.581218 649 
200000000 201000000 0.040139 26 23.1954 0.240814 442 0.271136 471 0.596174 664 
210000000 211000000 0.049526 26 23.2648 0.238379 441 0.269584 470 0.597284 663 
220000000 221000000 0.040134 26 23.3333 0.227198 424 0.260243 453 0.5862 646 
230000000 231000000 0.129852 26 23.391 0.221198 414 0.252106 443 0.574057 630 
240000000 241000000 0.078137 26 23.4597 0.22028 414 0.250136 442 0.576922 632 
250000000 251000000 0.039185 26 23.5225 0.222836 413 0.253454 443 0.573044 625 
260000000 261000000 0.088816 26 23.6093 0.236494 432 0.27037 462 0.606448 646 
270000000 271000000 0.081674 26 23.6528 0.223453 407 0.252147 437 0.589251 628 
280000000 281000000 0.081897 26 23.7065 0.226711 417 0.259091 447 0.603317 640 
290000000 291000000 0.025789 26 23.7569 0.248669 452 0.278917 484 0.631732 684 
300000000 301000000 0.051784 26 23.8029 0.236588 442 0.274509 474 0.625351 679 
310000000 311000000 0.058142 26 23.8494 0.246855 460 0.282282 491 0.630935 690 
320000000 321000000 0.052762 27 23.8863 0.251074 465 0.286555 497 0.639248 695 
330000000 331000000 0.149672 27 23.9309 0.254507 466 0.287348 498 0.640377 697 
340000000 341000000 0.030559 27 23.9775 0.243112 461 0.280998 493 0.625334 692 
350000000 351000000 0.072113 26 24.0104 0.247536 452 0.277885 483 0.600326 670 
360000000 361000000 0.064802 27 24.0469 0.235707 427 0.270067 458 0.595925 645 
370000000 371000000 0.1176 27 24.083 0.246509 449 0.27964 481 0.615869 673 
380000000 381000000 0.161436 27 24.1219 0.252286 462 0.284045 494 0.617576 678 
390000000 391000000 0.061167 27 24.1605 0.250467 463 0.285218 495 0.61743 681 
400000000 401000000 0.042074 26 24.1973 0.250542 465 0.287139 496 0.618098 683 
410000000 411000000 0.034225 27 24.2355 0.246898 452 0.281108 485 0.613206 666 
420000000 421000000 0.061425 27 24.2786 0.243864 449 0.279155 482 0.611225 663 
430000000 431000000 0.040137 27 24.3129 0.247202 450 0.282071 482 0.604316 660 
440000000 441000000 0.035782 27 24.3413 0.283098 512 0.321203 544 0.658108 725 
450000000 451000000 0.047568 27 24.3638 0.241423 445 0.276008 478 0.606306 660 
460000000 461000000 0.0504 27 24.3923 0.262758 472 0.298351 504 0.621697 690 
470000000 471000000 0.159742 27 24.4223 0.209842 379 0.244092 413 0.571335 607 
480000000 481000000 0.065013 27 24.4483 0.206683 372 0.239941 406 0.567393 603 
490000000 491000000 0.094222 27 24.4843 0.197956 365 0.235381 400 0.568449 605 
500000000 501000000 0.142027 27 24.5152 0.184422 341 0.220239 375 0.544101 577 
510000000 511000000 0.328559 27 24.5429 0.180408 332 0.213875 364 0.546936 569 
520000000 521000000 0.073118 27 24.5746 0.192313 363 0.227502 396 0.560525 601 
530000000 531000000 0.053137 27 24.6053 0.194431 363 0.22601 395 0.559657 601 
540000000 541000000 0.416963 27 24.6478 0.191791 364 0.227712 396 0.560509 602 
550000000 551000000 0.082844 27 24.6717 0.197837 373 0.23408 405 0.571569 612 
560000000 561000000 0.042629 27 24.6964 0.199126 372 0.235051 405 0.570676 612 
570000000 571000000 0.058131 27 24.717 0.196397 369 0.231522 401 0.569756 608 
580000000 581000000 0.067774 27 24.7446 0.195654 367 0.230531 400 0.5694 608 
590000000 591000000 0.091779 27 24.7691 0.196682 369 0.23323 402 0.575347 613 
600000000 601000000 0.101234 27 24.7883 0.180605 326 0.216308 359 0.541304 559 
610000000 611000000 0.035338 27 24.8123 0.179978 327 0.215807 360 0.543538 558 
620000000 621000000 0.043687 27 24.8334 0.184415 333 0.220064 366 0.550244 563 
630000000 631000000 0.057469 27 24.8536 0.178127 325 0.21582 359 0.543828 559 
640000000 641000000 0.116328 27 24.8767 0.181408 331 0.220331 364 0.543022 561 
650000000 651000000 0.065651 27 24.8989 0.195952 350 0.236242 385 0.571925 588 
660000000 661000000 0.071727 28 24.9196 0.191072 341 0.230612 375 0.56327 578 
670000000 671000000 0.042861 27 24.9428 0.196301 345 0.233942 379 0.567556 580 
680000000 681000000 0.058858 27 24.9623 0.193947 344 0.232521 378 0.564367 580 
690000000 691000000 0.039265 28 24.9881 0.194826 344 0.233702 378 0.564875 580 
700000000 701000000 0.096958 28 25.0035 0.191484 345 0.233353 379 0.566358 582 
710000000 711000000 0.031071 28 25.0236 0.201705 356 0.243848 392 0.589782 597 
720000000 721000000 0.047436 28 25.0413 0.231053 406 0.274783 444 0.670255 672 
730000000 731000000 0.056284 28 25.0593 0.231077 406 0.275746 444 0.668993 672 
740000000 741000000 0.047939 28 25.0784 0.228016 405 0.274593 442 0.669645 672 
750000000 751000000 0.069255 28 25.0961 0.225972 392 0.268469 430 0.664384 659 
760000000 761000000 0.097046 28 25.1135 0.224241 389 0.269863 428 0.661422 655 
770000000 771000000 0.08103 28 25.1337 0.225804 404 0.274338 445 0.674613 673 
780000000 781000000 0.075302 28 25.1522 0.213713 371 0.260269 411 0.632066 626 
790000000 791000000 0.074507 28 25.1838 0.216871 378 0.262616 420 0.660828 659 
800000000 801000000 0.048203 28 25.1904 0.213009 377 0.260872 420 0.656555 659 
810000000 811000000 0.138874 28 25.2084 0.218624 386 0.267427 429 0.666459 670 
820000000 821000000 0.043334 28 25.2267 0.222842 389 0.269741 432 0.669092 673 
830000000 831000000 0.149328 28 25.2455 0.219437 385 0.266302 428 0.666395 669 
840000000 841000000 0.032179 28 25.2631 0.22182 388 0.268928 431 0.667661 671 
850000000 851000000 0.115879 28 25.2832 0.221852 387 0.267986 430 0.668176 671 
860000000 861000000 0.057574 28 25.305 0.222765 388 0.271057 432 0.671828 674 
870000000 871000000 2.62506 28 25.3309 0.21878 385 0.269404 429 0.66984 671 
880000000 881000000 0.072129 28 25.3368 0.219793 386 0.269146 429 0.668292 669 
890000000 891000000 0.170784 28 25.3568 0.219135 388 0.26993 431 0.671988 672 
900000000 901000000 0.067474 28 25.3712 0.208645 371 0.259622 415 0.658517 655 
910000000 911000000 0.033981 28 25.3872 0.208763 372 0.260234 415 0.660329 657 
920000000 921000000 0.35097 28 25.3996 0.20742 371 0.261159 415 0.661446 656 
930000000 931000000 0.109698 28 25.4176 0.211497 372 0.260868 415 0.662701 657 
940000000 941000000 0.049379 28 25.4323 0.211797 371 0.262642 415 0.661028 658 
950000000 951000000 0.05158 28 25.45 0.204942 362 0.254813 406 0.652306 646 
960000000 961000000 0.128222 28 25.4634 0.203949 363 0.255125 406 0.653246 646 
970000000 971000000 0.100396 28 25.4782 0.139542 229 0.178814 265 0.458524 454 
980000000 981000000 0.056045 28 25.4943 0.13628 229 0.176331 265 0.457528 454 
990000000 991000000 0.091091 28 25.5098 0.137135 229 0.176695 265 0.45766 454 

1.in 4.78225 25.5182 alpha: 10
0 1000000 0.0086 17 15.5325 0.193782 434 0.209693 450 0.432316 549 
10000000 11000000 0.019346 21 19.0442 0.675924 1465 0.720279 1486 1.0069 1620 
20000000 21000000 0.02191 23 19.968 0.763841 1535 0.814026 1558 1.21406 1723 
30000000 31000000 0.057891 22 20.498 1.74452 3113 1.8307 3139 2.3362 3336 
40000000 41000000 0.047729 23 20.9277 1.03594 2040 1.10371 2070 1.64959 2269 
50000000 51000000 0.019815 24 21.2344 1.07532 2118 1.141 2148 1.71613 2354 
60000000 61000000 0.284046 23 21.4642 0.967495 1951 1.01958 1980 1.58384 2192 
70000000 71000000 0.022647 24 21.7184 0.315902 596 0.348057 629 0.676908 815 
80000000 81000000 0.019858 24 21.9372 0.367017 671 0.400468 704 0.744386 893 
90000000 91000000 0.023078 25 22.0341 0.262905 491 0.294042 521 0.637378 708 
100000000 101000000 0.018865 25 22.2227 0.231635 436 0.259609 466 0.566543 642 
110000000 111000000 0.020884 25 22.3642 0.236435 444 0.26603 475 0.572339 650 
120000000 121000000 0.037018 25 22.5115 0.235809 444 0.266762 475 0.571061 650 
130000000 131000000 0.039081 25 22.6134 0.264826 487 0.294419 517 0.608981 694 
140000000 141000000 0.221007 25 22.7242 0.25934 477 0.289482 508 0.605051 684 
150000000 151000000 0.123288 25 22.7901 0.210638 404 0.238482 433 0.543185 615 
160000000 161000000 0.015882 26 22.8974 0.226189 432 0.258305 461 0.564471 644 
170000000 171000000 0.019847 26 22.9988 0.256923 476 0.286352 505 0.599898 689 
180000000 181000000 0.052666 26 23.0569 0.235403 449 0.266316 479 0.58574 664 
190000000 191000000 0.200555 26 23.1378 0.216544 418 0.248118 449 0.567116 635 
200000000 201000000 0.028225 26 23.232 0.217009 423 0.250192 454 0.571003 639 
210000000 211000000 0.026644 26 23.2999 0.217735 423 0.251056 454 0.570569 639 
220000000 221000000 0.046689 26 23.374 0.219543 424 0.252103 455 0.572565 640 
230000000 231000000 0.029749 26 23.4452 0.220312 426 0.25295 457 0.570873 642 
240000000 241000000 0.038111 26 23.5191 0.220286 422 0.252722 454 0.567872 637 
250000000 251000000 0.013613 26 23.5802 0.217247 405 0.248377 433 0.567059 621 
260000000 261000000 1.38082 26 23.6303 0.222431 424 0.254308 455 0.584243 647 
270000000 271000000 0.034227 26 23.6807 0.224259 427 0.256488 458 0.586138 653 
280000000 281000000 0.378152 27 23.7235 0.224806 417 0.253809 447 0.572724 624 
290000000 291000000 0.030146 27 23.7926 0.225158 422 0.257131 452 0.577725 631 
300000000 301000000 0.034348 27 23.8529 0.232475 430 0.263173 460 0.588601 642 
310000000 311000000 0.027647 27 23.8742 0.245803 446 0.279294 479 0.624251 675 
320000000 321000000 0.052456 27 23.9293 0.242908 446 0.280226 478 0.623002 675 
330000000 331000000 0.465365 27 23.9706 0.229875 424 0.260645 455 0.599852 649 
340000000 341000000 0.021332 26 24.0056 0.241647 450 0.27207 481 0.600411 674 
350000000 351000000 0.035054 27 24.0476 0.244492 456 0.276687 487 0.605307 679 
360000000 361000000 0.03375 27 24.095 0.24449 456 0.278238 488 0.608676 680 
370000000 371000000 0.019612 27 24.1337 0.247067 458 0.277689 489 0.609991 681 
380000000 381000000 0.02298 27 24.1643 0.243986 455 0.277693 486 0.606658 678 
390000000 391000000 0.014907 27 24.2017 0.244625 457 0.278215 488 0.612958 680 
400000000 401000000 0.016087 27 24.2377 0.244977 458 0.280735 490 0.610496 681 
410000000 411000000 0.024446 27 24.2781 0.247856 458 0.279926 489 0.612179 681 
420000000 421000000 0.021626 27 24.3213 0.241544 447 0.272724 478 0.605065 670 
430000000 431000000 0.023011 27 24.3544 0.243776 453 0.276609 484 0.610393 676 
440000000 441000000 0.019804 27 24.3809 0.281162 508 0.317437 539 0.651389 731 
450000000 451000000 0.01935 27 24.4186 0.296977 532 0.333171 563 0.669007 756 
460000000 461000000 0.29531 27 24.4461 0.25317 464 0.285559 495 0.607209 684 
470000000 471000000 0.041984 27 24.4805 0.210407 393 0.245397 426 0.574219 624 
480000000 481000000 0.025967 27 24.5113 0.209191 390 0.24506 423 0.576912 624 
490000000 491000000 0.0281 27 24.5455 0.206357 374 0.242154 408 0.582884 618 
500000000 501000000 0.029698 28 24.5692 0.191264 353 0.227686 387 0.563569 597 
510000000 511000000 0.027267 27 24.5964 0.194332 355 0.229548 388 0.57019 598 
520000000 521000000 0.02211 28 24.6293 0.195217 355 0.230254 389 0.568628 598 
530000000 531000000 0.030894 28 24.6521 0.193667 355 0.23078 389 0.565212 599 
540000000 541000000 0.049938 28 24.6873 0.194741 355 0.229368 389 0.567104 598 
550000000 551000000 0.023964 27 24.696 0.191028 351 0.227501 385 0.563828 597 
560000000 561000000 0.023643 28 24.723 0.192451 351 0.227644 386 0.565721 597 
570000000 571000000 0.035746 28 24.7464 0.197081 358 0.23316 392 0.573132 603 
580000000 581000000 0.03278 28 24.7738 0.194543 356 0.232051 391 0.573233 602 
590000000 591000000 0.046309 28 24.7977 0.200776 359 0.238125 394 0.580002 607 
600000000 601000000 0.021693 28 24.8227 0.181798 332 0.21681 364 0.544467 567 
610000000 611000000 0.057902 28 24.8479 0.180034 331 0.216163 364 0.547621 567 
620000000 621000000 0.033614 28 24.8745 0.181951 334 0.217927 367 0.547149 570 
630000000 631000000 0.023904 28 24.8958 0.176327 331 0.215883 364 0.546717 567 
640000000 641000000 0.035711 28 24.9203 0.183846 336 0.219915 368 0.543812 570 
650000000 651000000 0.034206 28 24.9409 0.198368 352 0.236684 386 0.565694 591 
660000000 661000000 0.016894 29 24.9742 0.196548 352 0.234648 386 0.567471 593 
670000000 671000000 0.090888 28 24.9942 0.19335 349 0.233197 383 0.565528 589 
680000000 681000000 0.021674 28 25.0173 0.193905 348 0.231364 382 0.56478 588 
690000000 691000000 0.023124 28 25.0323 0.193377 348 0.233128 382 0.565753 588 
700000000 701000000 0.021342 28 25.0496 0.193634 348 0.231111 382 0.565977 588 
710000000 711000000 0.017584 28 25.0725 0.197812 361 0.238025 395 0.581649 607 
720000000 721000000 0.037763 28 25.1002 0.228761 407 0.273833 450 0.651641 664 
730000000 731000000 0.029232 28 25.1184 0.2288 408 0.274165 450 0.652523 665 
740000000 741000000 0.029676 28 25.1403 0.225556 407 0.274278 450 0.653 666 
750000000 751000000 0.036049 28 25.156 0.219733 395 0.265799 439 0.648192 659 
760000000 761000000 0.028068 28 25.1751 0.213134 388 0.258614 428 0.652166 681 
770000000 771000000 0.024939 28 25.1976 0.214051 389 0.259273 429 0.654831 683 
780000000 781000000 0.029652 29 25.2218 0.214815 388 0.259269 428 0.6602 686 
790000000 791000000 0.021249 28 25.2339 0.235042 416 0.28463 462 0.665908 681 
800000000 801000000 0.016432 28 25.2498 0.232925 413 0.282024 459 0.665609 679 
810000000 811000000 0.023034 28 25.2743 0.236812 422 0.287758 468 0.671403 688 
820000000 821000000 0.054947 28 25.2882 0.240798 426 0.291744 472 0.676211 693 
830000000 831000000 0.105333 28 25.3093 0.241727 425 0.29064 471 0.674663 692 
840000000 841000000 0.025325 28 25.3186 0.237684 421 0.290042 467 0.674635 689 
850000000 851000000 0.053255 28 25.34 0.239311 422 0.288828 468 0.676714 689 
860000000 861000000 0.016234 28 25.3405 0.241967 425 0.292206 471 0.678795 693 
870000000 871000000 0.031882 28 25.3589 0.241486 425 0.2907 471 0.67648 693 
880000000 881000000 0.024364 28 25.3744 0.241785 425 0.29003 472 0.677522 694 
890000000 891000000 0.025271 28 25.3937 0.241192 425 0.292013 472 0.678527 694 
900000000 901000000 0.068823 28 25.4024 0.228878 408 0.280772 454 0.667008 675 
910000000 911000000 0.025381 28 25.4155 0.227868 408 0.281578 455 0.667591 676 
920000000 921000000 0.038237 28 25.433 0.228381 408 0.282418 454 0.668124 676 
930000000 931000000 0.027142 29 25.4529 0.231466 408 0.280751 454 0.669202 676 
940000000 941000000 0.024984 29 25.4716 0.226842 408 0.28082 454 0.66787 676 
950000000 951000000 0.022498 29 25.4885 0.226047 398 0.276125 445 0.656802 665 
960000000 961000000 1.10775 29 25.4965 0.204337 356 0.259145 404 0.658696 632 
970000000 971000000 0.025417 29 25.5106 0.138306 236 0.175559 272 0.458619 468 
980000000 981000000 0.031953 29 25.5254 0.134901 236 0.175292 272 0.457337 468 
990000000 991000000 0.036827 29 25.5391 0.137161 236 0.175763 272 0.459723 468 

1.in 4.20826 25.5182 alpha: 20
0 1000000 0.008707 17 15.5325 0.188515 434 0.206625 450 0.426739 549 
10000000 11000000 0.050881 22 19.1159 0.529807 1220 0.573876 1241 0.879051 1373 
20000000 21000000 0.016864 23 20.0675 1.53375 2714 1.61016 2739 2.02591 2901 
30000000 31000000 0.0333 23 20.5642 1.4526 2792 1.54368 2820 2.09299 3029 
40000000 41000000 0.013325 25 20.9972 1.44734 2780 1.5391 2806 2.07471 2999 
50000000 51000000 0.029213 25 21.3996 1.46074 2806 1.55281 2832 2.09605 3026 
60000000 61000000 0.01719 26 21.7448 1.48759 2843 1.58638 2872 2.16017 3078 
70000000 71000000 0.011919 27 21.9072 0.313725 601 0.345572 634 0.670094 816 
80000000 81000000 0.012714 27 22.098 0.354746 657 0.387224 690 0.711272 871 
90000000 91000000 0.030791 27 22.1793 0.279401 519 0.309485 548 0.658876 747 
100000000 101000000 0.009521 27 22.3742 0.214377 419 0.248478 448 0.557133 633 
110000000 111000000 0.026413 27 22.5181 0.218402 420 0.246673 449 0.559279 634 
120000000 121000000 0.081148 27 22.6356 0.218702 420 0.246795 449 0.558469 634 
130000000 131000000 0.01749 27 22.7894 0.220082 420 0.246753 449 0.558526 634 
140000000 141000000 0.072241 29 22.9508 0.214968 420 0.246802 449 0.560141 634 
150000000 151000000 0.012062 29 23.1173 0.219166 420 0.247393 449 0.558955 634 
160000000 161000000 0.013115 29 23.2319 0.221566 422 0.251047 452 0.560116 636 
170000000 171000000 0.011821 29 23.3072 0.236007 448 0.266345 477 0.578051 662 
180000000 181000000 0.015901 29 23.3648 0.224885 430 0.255611 459 0.566402 644 
190000000 191000000 0.042147 29 23.4099 0.221366 425 0.250291 454 0.571319 643 
200000000 201000000 0.010722 29 23.4828 0.223806 425 0.250535 455 0.571418 643 
210000000 211000000 0.015739 28 23.4771 0.223321 426 0.251616 455 0.569837 643 
220000000 221000000 0.0115 28 23.5828 0.222789 426 0.252989 455 0.570938 643 
230000000 231000000 0.153273 28 23.6025 0.226451 432 0.259262 462 0.581972 652 
240000000 241000000 0.011192 28 23.58 0.225757 434 0.257085 467 0.588266 661 
250000000 251000000 0.012486 28 23.6721 0.222456 434 0.256353 467 0.588628 661 
260000000 261000000 0.01174 29 23.7613 0.226042 436 0.258618 469 0.594278 664 
270000000 271000000 0.01558 29 23.8429 0.214488 418 0.24837 452 0.571966 644 
280000000 281000000 0.014214 28 23.8034 0.222387 432 0.255004 465 0.58913 658 
290000000 291000000 0.052245 29 23.8817 0.225579 441 0.261091 474 0.596958 669 
300000000 301000000 0.014539 29 23.969 0.230211 441 0.26238 475 0.599354 671 
310000000 311000000 0.011179 29 24.047 0.231535 441 0.263726 475 0.599901 671 
320000000 321000000 0.015315 29 24.1356 0.229234 441 0.264472 475 0.602008 671 
330000000 331000000 0.010893 28 23.9819 0.240543 467 0.273131 499 0.617029 705 
340000000 341000000 0.014087 28 24.0363 0.242399 467 0.27283 499 0.615641 705 
350000000 351000000 0.012754 29 24.0954 0.239255 468 0.273004 500 0.619302 706 
360000000 361000000 0.012618 30 24.1454 0.242379 468 0.274647 500 0.618911 706 
370000000 371000000 0.00997 30 24.1994 0.240999 469 0.27459 501 0.622547 707 
380000000 381000000 0.036453 30 24.2507 0.24277 469 0.275079 501 0.621943 707 
390000000 391000000 0.011892 30 24.2962 0.240138 469 0.275155 501 0.62072 707 
400000000 401000000 0.01623 30 24.3426 0.242475 470 0.276284 502 0.624804 709 
410000000 411000000 0.045809 30 24.383 0.242316 470 0.277563 502 0.621895 709 
420000000 421000000 0.012923 30 24.4294 0.244149 473 0.27712 506 0.628141 715 
430000000 431000000 0.012312 30 24.4567 0.246731 475 0.280231 507 0.632282 717 
440000000 441000000 0.020301 30 24.4934 0.265942 504 0.298914 537 0.652765 747 
450000000 451000000 0.016663 30 24.5318 0.272326 519 0.307694 552 0.66312 763 
460000000 461000000 0.028504 30 24.5729 0.257058 479 0.291687 510 0.62567 713 
470000000 471000000 0.01902 30 24.6061 0.201942 387 0.234945 420 0.570975 633 
480000000 481000000 0.013786 30 24.6476 0.201782 382 0.233115 416 0.569202 628 
490000000 491000000 0.182147 30 24.6691 0.180418 349 0.21486 384 0.542271 594 
500000000 501000000 0.013116 30 24.7061 0.174747 333 0.205922 368 0.528086 577 
510000000 511000000 0.015697 31 24.7492 0.173062 334 0.206495 368 0.528186 578 
520000000 521000000 0.014887 31 24.7857 0.173639 334 0.20711 369 0.528721 579 
530000000 531000000 0.01619 31 24.8254 0.170944 334 0.207431 369 0.530344 579 
540000000 541000000 0.014892 31 24.8476 0.174785 334 0.207662 369 0.529269 579 
550000000 551000000 0.024195 31 24.8861 0.173404 334 0.208757 369 0.531268 579 
560000000 561000000 0.012995 31 24.9236 0.174779 334 0.208199 369 0.529658 579 
570000000 571000000 0.024511 31 24.9598 0.174143 338 0.210854 372 0.538624 583 
580000000 581000000 0.018041 31 24.998 0.172888 335 0.210159 370 0.535581 582 
590000000 591000000 0.012905 31 24.9798 0.17927 341 0.214322 376 0.545324 589 
600000000 601000000 0.029459 31 25.0108 0.178095 341 0.215997 376 0.545756 589 
610000000 611000000 0.017051 31 25.0279 0.176243 341 0.215861 376 0.546742 589 
620000000 621000000 0.013935 31 25.0424 0.185562 347 0.220876 382 0.557702 597 
630000000 631000000 0.026439 31 25.0664 0.18246 345 0.220072 380 0.555241 595 
640000000 641000000 0.023313 31 25.0991 0.185594 349 0.225325 384 0.556076 598 
650000000 651000000 0.018424 31 25.1228 0.195793 360 0.232311 396 0.570113 613 
660000000 661000000 0.013559 31 25.1678 0.192609 360 0.2327 396 0.570492 614 
670000000 671000000 0.01467 31 25.2101 0.194179 360 0.232746 397 0.571567 614 
680000000 681000000 0.014033 31 25.232 0.191624 359 0.231946 396 0.570797 614 
690000000 691000000 0.024726 31 25.2551 0.192752 359 0.231446 395 0.570898 613 
700000000 701000000 0.010649 31 25.274 0.19161 359 0.232219 395 0.568827 613 
710000000 711000000 0.016328 31 25.301 0.196487 368 0.235433 406 0.581037 627 
720000000 721000000 0.013417 31 25.3248 0.228299 407 0.274811 447 0.666706 667 
730000000 731000000 0.020616 31 25.3416 0.228912 406 0.273299 447 0.666814 667 
740000000 741000000 0.016237 31 25.3676 0.228282 404 0.272346 444 0.665307 665 
750000000 751000000 0.025336 31 25.4013 0.221941 391 0.26511 431 0.658172 655 
760000000 761000000 0.020887 32 25.4289 0.220536 390 0.265078 431 0.65933 654 
770000000 771000000 0.028862 32 25.46 0.219771 390 0.265114 431 0.661503 655 
780000000 781000000 0.020059 32 25.4854 0.217333 388 0.265034 429 0.663173 655 
790000000 791000000 0.016089 32 25.5149 0.225698 412 0.275864 455 0.682126 688 
800000000 801000000 0.010849 32 25.5343 0.228358 413 0.277335 457 0.682714 691 
810000000 811000000 0.014983 32 25.5641 0.232357 424 0.283593 468 0.69428 705 
820000000 821000000 0.014134 33 25.5804 0.232131 420 0.282642 464 0.691862 700 
830000000 831000000 0.016087 33 25.6135 0.229881 420 0.281932 464 0.694411 700 
840000000 841000000 0.014826 32 25.6525 0.231788 420 0.281426 464 0.692878 700 
850000000 851000000 0.013799 32 25.64 0.233612 418 0.280621 462 0.69544 698 
860000000 861000000 0.014109 32 25.635 0.23305 420 0.284896 464 0.695558 701 
870000000 871000000 0.01203 32 25.5155 0.23481 421 0.284754 466 0.696998 703 
880000000 881000000 0.02305 32 25.5333 0.231415 421 0.284725 466 0.696029 703 
890000000 891000000 0.020288 32 25.5497 0.230634 421 0.283055 466 0.697612 703 
900000000 901000000 0.010618 32 25.571 0.224502 406 0.274457 450 0.689429 687 
910000000 911000000 0.016396 32 25.5901 0.224278 405 0.275201 450 0.687185 688 
920000000 921000000 0.014607 32 25.6116 0.220802 405 0.274296 450 0.686711 687 
930000000 931000000 0.018033 32 25.6337 0.222068 405 0.273812 450 0.686944 687 
940000000 941000000 0.015284 32 25.6575 0.226765 407 0.276951 452 0.686514 690 
950000000 951000000 0.013907 32 25.6808 0.218342 399 0.273004 444 0.680261 681 
960000000 961000000 0.019007 32 25.6962 0.218278 399 0.272085 444 0.6813 681 
970000000 971000000 0.014932 32 25.7131 0.138298 241 0.179308 278 0.460816 475 
980000000 981000000 0.015497 32 25.7287 0.140699 241 0.179152 278 0.461578 476 
990000000 991000000 0.02586 32 25.7451 0.141464 241 0.179089 278 0.46214 476 

1.in 4.74212 25.5182 alpha: 30
0 1000000 0.010792 17 15.5325 0.192582 434 0.215907 450 0.428049 549 
10000000 11000000 0.054877 23 19.508 1.03156 1966 1.07812 1986 1.36434 2111 
20000000 21000000 0.027432 26 20.2853 1.65085 2822 1.73303 2851 2.23233 3035 
30000000 31000000 0.018552 28 21.0501 2.87092 4818 2.96898 4849 3.5089 5058 
40000000 41000000 0.017988 28 21.5972 2.91284 4880 3.01201 4911 3.55687 5121 
50000000 51000000 0.024814 28 21.7942 2.8877 4857 3.00371 4888 3.53911 5097 
60000000 61000000 0.0144 28 21.9244 2.68405 4536 2.79405 4567 3.33295 4776 
70000000 71000000 0.011006 30 22.1245 0.416111 754 0.442059 779 0.755175 950 
80000000 81000000 0.01138 30 22.2686 0.372453 687 0.400038 713 0.739711 892 
90000000 91000000 0.011514 30 22.5087 0.352302 645 0.382728 676 0.727299 867 
100000000 101000000 0.029306 31 22.7098 0.27162 511 0.303325 540 0.625269 724 
110000000 111000000 0.009947 31 22.9714 0.267661 511 0.303426 541 0.627874 725 
120000000 121000000 0.012614 31 23.0868 0.27237 511 0.302362 541 0.628466 725 
130000000 131000000 0.010398 31 23.2204 0.271766 511 0.30281 541 0.627283 725 
140000000 141000000 0.057478 32 23.4355 0.272375 511 0.302245 541 0.628406 725 
150000000 151000000 0.011974 31 23.3924 0.271099 511 0.303064 541 0.627784 725 
160000000 161000000 0.01527 31 23.5235 0.27296 513 0.304475 543 0.628072 726 
170000000 171000000 0.011514 31 23.5766 0.278717 519 0.310319 549 0.63201 731 
180000000 181000000 0.088884 32 23.6507 0.274751 512 0.304116 542 0.631705 725 
190000000 191000000 0.009208 32 23.7955 0.272948 510 0.305594 540 0.633179 723 
200000000 201000000 0.009049 32 23.9488 0.274456 513 0.308302 543 0.636097 727 
210000000 211000000 0.010531 32 24.083 0.27531 513 0.307726 543 0.639673 727 
220000000 221000000 0.021834 32 24.1478 0.276133 513 0.306972 543 0.63709 727 
230000000 231000000 0.013288 32 24.1776 0.277192 515 0.310451 545 0.639111 729 
240000000 241000000 0.236844 31 24.068 0.278238 515 0.309453 545 0.641588 730 
250000000 251000000 0.032596 32 24.1485 0.274694 515 0.308512 545 0.642689 730 
260000000 261000000 0.011692 32 24.1933 0.275019 512 0.307085 542 0.637775 727 
270000000 271000000 0.012679 32 24.2216 0.272104 510 0.305216 540 0.633997 724 
280000000 281000000 0.009507 32 24.2566 0.268449 504 0.302705 534 0.630979 717 
290000000 291000000 0.009814 32 24.306 0.285149 528 0.318588 559 0.655969 747 
300000000 301000000 0.011878 32 24.2716 0.287104 528 0.319102 559 0.658788 748 
310000000 311000000 0.011316 32 24.3346 0.281432 521 0.315527 552 0.65632 740 
320000000 321000000 0.012153 32 24.4173 0.28405 521 0.316274 552 0.65286 740 
330000000 331000000 0.010574 33 24.4927 0.281725 521 0.316442 553 0.657155 741 
340000000 341000000 0.012619 33 24.538 0.284091 521 0.318158 553 0.656821 741 
350000000 351000000 0.012019 33 24.6141 0.282017 522 0.31688 553 0.657214 742 
360000000 361000000 0.016531 32 24.6587 0.28278 521 0.316923 552 0.655781 741 
370000000 371000000 0.008592 32 24.3237 0.244778 457 0.275215 488 0.61294 682 
380000000 381000000 0.014413 32 24.3822 0.243525 459 0.276504 490 0.611339 684 
390000000 391000000 0.013487 33 24.4575 0.244753 460 0.277214 491 0.61354 685 
400000000 401000000 0.010713 33 24.5074 0.246471 464 0.281546 495 0.618971 689 
410000000 411000000 0.013119 33 24.5683 0.248231 463 0.280835 494 0.618411 688 
420000000 421000000 0.013397 33 24.6255 0.25785 476 0.290724 507 0.630944 702 
430000000 431000000 0.010868 33 24.6801 0.259648 480 0.294342 511 0.636515 706 
440000000 441000000 0.011999 33 24.7227 0.281657 513 0.31689 545 0.661993 742 
450000000 451000000 0.023338 33 24.7729 0.287517 522 0.322399 553 0.66737 751 
460000000 461000000 0.019755 33 24.8203 0.279826 503 0.313773 534 0.642867 724 
470000000 471000000 0.015836 33 24.8594 0.225497 412 0.262416 446 0.599239 653 
480000000 481000000 0.01559 35 24.9102 0.218138 407 0.259008 441 0.598797 648 
490000000 491000000 0.018669 35 24.9577 0.208474 376 0.243378 410 0.579593 617 
500000000 501000000 0.01509 35 25.0022 0.180863 339 0.218112 373 0.547201 581 
510000000 511000000 0.013687 34 25.0283 0.182987 339 0.217173 373 0.547509 580 
520000000 521000000 0.015079 34 25.0653 0.182834 337 0.21728 371 0.545548 579 
530000000 531000000 0.014219 34 25.1073 0.182248 337 0.217154 371 0.545888 579 
540000000 541000000 0.017568 34 25.1664 0.183421 338 0.216943 371 0.547299 579 
550000000 551000000 0.013205 34 25.1652 0.182366 337 0.217005 371 0.547958 579 
560000000 561000000 0.013033 34 25.2062 0.182007 337 0.217279 371 0.548195 579 
570000000 571000000 0.016263 34 25.2559 0.188468 344 0.224241 378 0.556178 586 
580000000 581000000 0.016272 34 25.297 0.187052 342 0.221684 376 0.554068 584 
590000000 591000000 0.019385 35 25.3577 0.188616 342 0.224251 377 0.559664 585 
600000000 601000000 0.012112 35 25.3991 0.185344 342 0.224197 377 0.560553 585 
610000000 611000000 0.015617 35 25.4296 0.188049 342 0.22492 376 0.56068 585 
620000000 621000000 0.025079 35 25.4678 0.187264 343 0.225476 378 0.56369 587 
630000000 631000000 0.011317 35 25.5094 0.185495 340 0.22553 375 0.561879 584 
640000000 641000000 0.010247 36 25.5466 0.196261 356 0.234183 391 0.569516 600 
650000000 651000000 0.011744 35 25.5682 0.198762 359 0.239199 394 0.580145 607 
660000000 661000000 0.015598 35 25.6197 0.20083 359 0.239534 394 0.583192 607 
670000000 671000000 0.014684 35 25.6384 0.200741 359 0.238926 394 0.581386 607 
680000000 681000000 0.015026 35 25.6657 0.199206 358 0.238269 393 0.582308 607 
690000000 691000000 0.012239 35 25.7 0.197349 358 0.238356 393 0.583043 607 
700000000 701000000 0.010876 35 25.7254 0.198711 358 0.23923 393 0.580303 607 
710000000 711000000 0.012503 35 25.7684 0.217077 391 0.256708 427 0.60865 643 
720000000 721000000 0.016119 35 25.7969 0.22871 411 0.274426 452 0.669403 681 
730000000 731000000 0.015037 35 25.8318 0.228344 411 0.272643 452 0.670264 681 
740000000 741000000 0.017102 35 25.8559 0.224926 408 0.271481 450 0.670111 680 
750000000 751000000 0.01432 37 25.9036 0.224403 401 0.268315 443 0.663444 675 
760000000 761000000 0.014277 37 25.7447 0.220938 397 0.266461 440 0.664421 672 
770000000 771000000 0.016869 37 25.7783 0.222773 397 0.266456 440 0.664582 673 
780000000 781000000 0.017058 37 25.8135 0.219048 394 0.264479 436 0.667376 671 
790000000 791000000 0.015575 37 25.8488 0.245132 442 0.293047 487 0.702316 728 
800000000 801000000 0.011502 37 25.8908 0.243815 440 0.294445 485 0.701043 727 
810000000 811000000 0.044224 37 25.954 0.241628 442 0.292073 487 0.700385 729 
820000000 821000000 0.010537 36 25.9028 0.240166 438 0.291327 482 0.69682 723 
830000000 831000000 0.015251 36 25.964 0.241206 438 0.290443 482 0.698548 723 
840000000 841000000 0.015903 36 26.0126 0.240103 438 0.289714 482 0.697972 723 
850000000 851000000 0.013916 36 26.0618 0.24153 438 0.291023 482 0.698651 724 
860000000 861000000 0.012394 36 26.1167 0.23965 438 0.289911 483 0.700609 724 
870000000 871000000 0.016094 38 26.174 0.241275 438 0.290337 483 0.701994 724 
880000000 881000000 0.011297 35 25.9691 0.241431 438 0.294333 483 0.700669 725 
890000000 891000000 0.014634 36 26.0111 0.244003 438 0.292217 483 0.699774 725 
900000000 901000000 0.026827 37 26.0383 0.233793 424 0.283125 470 0.690599 712 
910000000 911000000 0.010372 35 25.9181 0.235552 423 0.284945 468 0.693469 709 
920000000 921000000 0.010894 35 25.9525 0.23339 422 0.283596 468 0.693004 709 
930000000 931000000 0.015031 35 25.9586 0.232629 422 0.284208 467 0.69215 709 
940000000 941000000 0.017116 35 25.9788 0.232902 426 0.285759 472 0.695982 715 
950000000 951000000 0.014137 35 26.0052 0.231177 421 0.285376 467 0.69333 709 
960000000 961000000 0.013528 35 26.0354 0.230772 421 0.284204 467 0.692904 709 
970000000 971000000 0.013145 35 26.0554 0.152952 260 0.190269 297 0.473269 493 
980000000 981000000 0.017044 35 26.0714 0.148362 260 0.19041 297 0.47452 493 
990000000 991000000 0.019242 35 26.0897 0.151697 260 0.189665 297 0.476677 493 

1.in 4.28126 25.5182 alpha: 40
0 1000000 0.009086 17 15.5325 0.188555 434 0.217634 450 0.422603 549 
10000000 11000000 0.009163 28 20.292 1.64913 2872 1.70968 2900 2.07159 3067 
20000000 21000000 0.0104 28 21.0047 1.73058 2999 1.80839 3024 2.32463 3207 
30000000 31000000 0.018473 30 21.4369 1.98739 3656 2.07522 3682 2.55441 3871 
40000000 41000000 0.014978 33 22.1391 2.00153 3689 2.09355 3715 2.57864 3905 
50000000 51000000 0.012659 35 22.8849 2.02667 3733 2.12355 3759 2.6086 3949 
60000000 61000000 0.016248 36 23.742 2.02223 3723 2.12737 3749 2.61709 3941 
70000000 71000000 0.017203 36 23.8886 0.440232 805 0.468488 832 0.87547 1111 
80000000 81000000 0.012115 36 24.1185 0.434795 796 0.463304 823 0.856838 1084 
90000000 91000000 0.023024 37 24.3124 0.388975 702 0.418124 733 0.773489 945 
100000000 101000000 0.007619 37 24.5651 0.320191 587 0.351444 619 0.684383 824 
110000000 111000000 0.011705 37 23.7052 0.306654 572 0.338265 604 0.6686 808 
120000000 121000000 0.010908 40 24.0685 0.305152 572 0.336026 604 0.668866 808 
130000000 131000000 0.011363 40 24.3258 0.310296 577 0.34058 609 0.672651 814 
140000000 141000000 0.012761 40 24.7639 0.309645 577 0.340369 609 0.672951 814 
150000000 151000000 0.011758 40 25.0427 0.308311 577 0.33998 609 0.674536 814 
160000000 161000000 0.008844 40 25.1652 0.307642 577 0.33985 609 0.672374 814 
170000000 171000000 0.025251 40 25.1914 0.309874 581 0.345039 614 0.672519 818 
180000000 181000000 0.014548 40 25.262 0.30092 566 0.334936 598 0.671084 803 
190000000 191000000 0.043299 40 24.9968 0.29738 556 0.327016 589 0.661271 792 
200000000 201000000 0.00914 40 25.1141 0.298864 561 0.330923 593 0.664181 797 
210000000 211000000 0.020414 40 25.3104 0.300169 561 0.330739 593 0.666964 797 
220000000 221000000 0.009827 40 25.4456 0.297414 561 0.331087 593 0.667959 797 
230000000 231000000 0.100802 40 25.3449 0.301003 562 0.333954 595 0.668197 799 
240000000 241000000 0.011036 40 25.3953 0.308047 572 0.340675 604 0.685218 808 
250000000 251000000 0.010397 40 25.4935 0.307709 572 0.340061 604 0.683559 808 
260000000 261000000 0.011537 40 25.5828 0.308771 573 0.341255 605 0.688395 810 
270000000 271000000 0.009814 40 25.2426 0.299432 563 0.333444 595 0.679075 800 
280000000 281000000 0.010629 40 25.3155 0.307028 570 0.337593 602 0.684941 807 
290000000 291000000 0.009556 40 25.4436 0.318159 587 0.354103 620 0.697778 829 
300000000 301000000 0.009382 40 25.4947 0.322754 590 0.354528 623 0.703592 832 
310000000 311000000 0.013108 40 25.6562 0.32026 590 0.353994 623 0.708235 832 
320000000 321000000 0.0119 40 25.756 0.322729 590 0.357009 623 0.704984 833 
330000000 331000000 0.008917 40 25.8523 0.324339 593 0.357502 626 0.708571 836 
340000000 341000000 0.010055 40 25.9557 0.325295 593 0.359315 626 0.708177 836 
350000000 351000000 0.013403 40 26.0487 0.325731 593 0.359601 627 0.711954 837 
360000000 361000000 0.010872 42 26.1761 0.322527 594 0.360707 627 0.714477 838 
370000000 371000000 0.009321 42 26.2088 0.325031 595 0.361782 628 0.715079 839 
380000000 381000000 0.019821 42 26.2172 0.324179 593 0.360609 626 0.713937 837 
390000000 391000000 0.011634 42 26.2507 0.325262 593 0.360266 626 0.7128 837 
400000000 401000000 0.012578 42 26.3037 0.326729 594 0.361592 628 0.714341 838 
410000000 411000000 0.012645 42 26.3486 0.326803 592 0.359148 626 0.713538 836 
420000000 421000000 0.011754 42 26.4296 0.334438 607 0.370401 640 0.725594 850 
430000000 431000000 0.009444 42 26.4229 0.331335 603 0.366996 636 0.723377 847 
440000000 441000000 0.011078 42 26.4217 0.3438 621 0.378833 654 0.733546 865 
450000000 451000000 0.009294 42 26.435 0.344347 621 0.378048 654 0.73427 865 
460000000 461000000 0.025185 42 26.4312 0.328642 596 0.363872 629 0.700706 836 
470000000 471000000 0.017117 42 26.4315 0.266147 492 0.301075 528 0.639839 741 
480000000 481000000 0.013127 42 26.4796 0.262785 487 0.299041 523 0.639799 740 
490000000 491000000 0.01663 45 26.5324 0.225237 419 0.26014 454 0.596558 673 
500000000 501000000 0.014635 47 26.6005 0.198225 378 0.231971 413 0.562097 632 
510000000 511000000 0.01218 47 26.6134 0.19716 378 0.232716 413 0.563541 632 
520000000 521000000 0.016652 47 26.6491 0.196908 377 0.232032 413 0.56285 632 
530000000 531000000 0.012809 47 26.6852 0.194879 377 0.232011 413 0.56134 632 
540000000 541000000 0.013478 47 26.7151 0.195219 377 0.232555 413 0.561707 632 
550000000 551000000 0.017428 47 26.777 0.198316 377 0.231901 412 0.562045 632 
560000000 561000000 0.013964 47 26.8444 0.194825 377 0.232652 413 0.56236 632 
570000000 571000000 0.018305 47 26.8752 0.200069 380 0.236352 416 0.570792 637 
580000000 581000000 0.015595 47 26.9397 0.200473 379 0.236173 415 0.56921 635 
590000000 591000000 0.015071 47 26.9489 0.200613 383 0.241162 420 0.576976 641 
600000000 601000000 0.010247 47 26.964 0.202223 383 0.239026 419 0.578125 640 
610000000 611000000 0.040094 47 27.0007 0.200659 382 0.240101 419 0.57706 640 
620000000 621000000 0.029103 47 27.0533 0.199044 383 0.239577 419 0.5772 640 
630000000 631000000 0.018085 47 27.0911 0.198606 380 0.237965 417 0.576793 638 
640000000 641000000 0.017355 47 27.1146 0.205881 389 0.243305 425 0.579059 646 
650000000 651000000 0.012899 47 27.1427 0.216177 403 0.256844 440 0.597894 665 
660000000 661000000 0.015091 47 27.2118 0.217136 403 0.256401 440 0.600466 666 
670000000 671000000 0.014049 47 27.2618 0.217127 403 0.257902 440 0.602925 666 
680000000 681000000 0.015287 47 27.2896 0.216445 402 0.257229 440 0.604322 666 
690000000 691000000 0.013756 47 27.3357 0.213624 402 0.256167 439 0.600056 665 
700000000 701000000 0.011991 47 27.3642 0.215411 402 0.255312 439 0.601595 665 
710000000 711000000 0.012652 47 27.3797 0.244323 464 0.287909 503 0.643312 740 
720000000 721000000 0.065606 47 27.3641 0.251964 458 0.297776 501 0.684776 741 
730000000 731000000 0.016401 47 27.3954 0.25228 458 0.297963 500 0.683336 741 
740000000 741000000 0.015385 47 27.4131 0.250716 454 0.295653 496 0.682199 737 
750000000 751000000 0.014031 47 27.4376 0.249418 447 0.293474 490 0.678751 734 
760000000 761000000 0.015192 47 27.4473 0.24858 446 0.293951 489 0.680102 734 
770000000 771000000 0.014787 47 27.4738 0.245539 446 0.295274 490 0.684178 735 
780000000 781000000 0.018782 47 27.508 0.255536 462 0.300947 506 0.692939 752 
790000000 791000000 0.017938 47 27.5319 0.282708 512 0.330829 558 0.737016 818 
800000000 801000000 0.012055 47 27.5521 0.275596 504 0.325262 551 0.729533 810 
810000000 811000000 0.034204 47 27.5614 0.279684 511 0.330313 558 0.735732 818 
820000000 821000000 0.012279 47 27.626 0.279232 511 0.330739 558 0.734404 818 
830000000 831000000 0.011564 47 27.6487 0.277391 511 0.330416 558 0.735576 818 
840000000 841000000 0.013314 47 27.7152 0.280054 513 0.331205 559 0.737669 820 
850000000 851000000 0.012551 47 27.7371 0.279532 513 0.331996 560 0.739767 821 
860000000 861000000 0.019291 47 27.7503 0.282315 513 0.332104 560 0.741284 822 
870000000 871000000 0.012725 47 27.746 0.279558 513 0.332092 560 0.741115 822 
880000000 881000000 0.012463 47 27.7661 0.280103 514 0.33453 561 0.741854 823 
890000000 891000000 0.015759 47 27.8095 0.281953 514 0.334647 561 0.743787 823 
900000000 901000000 0.01053 47 27.8378 0.272858 496 0.322003 544 0.728059 805 
910000000 911000000 0.015431 47 27.8445 0.268461 497 0.323111 544 0.731029 805 
920000000 921000000 0.012081 47 27.8124 0.269267 495 0.3209 542 0.72856 803 
930000000 931000000 0.024531 47 27.8374 0.268767 495 0.321258 542 0.727817 803 
940000000 941000000 0.02133 47 27.8666 0.273367 498 0.323912 546 0.732346 808 
950000000 951000000 0.014819 47 27.8935 0.265239 489 0.318686 536 0.724296 797 
960000000 961000000 0.011753 47 27.9085 0.267076 488 0.318903 536 0.724476 797 
970000000 971000000 0.02048 47 27.9138 0.154574 269 0.195195 308 0.486692 518 
980000000 981000000 0.017193 47 27.9288 0.154466 269 0.195003 308 0.489499 518 
990000000 991000000 0.016127 47 27.9478 0.154441 269 0.196482 308 0.486446 518 

1.in 4.34731 25.5182 alpha: 45
0 1000000 0.009153 17 15.5325 0.190601 434 0.207971 450 0.426922 549 
10000000 11000000 0.009536 33 21.2844 1.88921 3237 1.95368 3267 2.3305 3446 
20000000 21000000 0.011551 45 22.7597 3.32876 5473 3.42201 5511 4.12559 5890 
30000000 31000000 0.027244 45 23.0935 4.94322 8055 5.08161 8097 5.8411 8476 
40000000 41000000 0.012196 45 24.0394 4.98558 8099 5.10389 8141 5.88523 8520 
50000000 51000000 0.010594 45 23.4351 4.98794 8116 5.12832 8158 5.91422 8537 
60000000 61000000 0.012355 45 24.2005 4.96668 8069 5.10154 8112 5.88101 8491 
70000000 71000000 0.072949 42 23.5842 0.385822 701 0.414699 728 0.747489 909 
80000000 81000000 0.013805 41 24.0534 0.407621 732 0.437818 759 0.775457 941 
90000000 91000000 0.022142 41 24.218 0.362584 648 0.396681 679 0.738085 876 
100000000 101000000 0.010375 41 24.5751 0.275584 507 0.306793 539 0.612509 723 
110000000 111000000 0.011679 41 24.7371 0.267827 497 0.299365 528 0.603425 714 
120000000 121000000 0.012016 41 24.9517 0.268073 497 0.298447 528 0.604026 714 
130000000 131000000 0.015422 41 25.1515 0.270172 502 0.302413 533 0.609368 718 
140000000 141000000 0.020472 45 25.5978 0.271123 502 0.301802 533 0.608924 718 
150000000 151000000 0.011153 47 26.0145 0.272846 502 0.304019 533 0.609004 718 
160000000 161000000 0.011711 47 26.2088 0.26861 502 0.302221 533 0.608399 718 
170000000 171000000 0.009567 47 26.2431 0.282474 515 0.309658 546 0.615721 732 
180000000 181000000 0.013609 47 26.4014 0.276177 503 0.307686 535 0.619258 722 
190000000 191000000 0.01161 47 26.4764 0.264546 487 0.295622 519 0.60396 706 
200000000 201000000 0.008877 47 25.8688 0.26328 485 0.295456 517 0.601279 703 
210000000 211000000 0.010488 47 26.0493 0.260911 485 0.293483 517 0.601345 703 
220000000 221000000 0.013379 47 26.2091 0.260814 485 0.2949 517 0.599501 703 
230000000 231000000 0.010641 47 26.3311 0.265641 487 0.298289 519 0.606117 706 
240000000 241000000 0.010545 47 26.4489 0.265087 489 0.298689 521 0.609818 708 
250000000 251000000 0.01075 47 26.6001 0.264778 489 0.298185 521 0.608222 708 
260000000 261000000 0.010288 47 26.7839 0.267664 489 0.299607 521 0.608178 708 
270000000 271000000 0.015444 47 26.8373 0.262959 481 0.294478 513 0.602266 699 
280000000 281000000 0.011061 48 26.9629 0.262392 481 0.297052 513 0.604291 699 
290000000 291000000 0.011207 48 27.0521 0.275548 496 0.306887 528 0.625858 718 
300000000 301000000 0.012308 47 26.9416 0.273434 495 0.307324 528 0.628636 718 
310000000 311000000 0.010368 47 26.9997 0.27351 496 0.308824 529 0.629746 719 
320000000 321000000 0.012798 47 27.1752 0.272395 496 0.309708 529 0.629426 719 
330000000 331000000 0.010336 47 27.3299 0.278576 498 0.313741 531 0.632863 722 
340000000 341000000 0.011775 47 26.0042 0.269235 489 0.302955 521 0.624148 714 
350000000 351000000 0.011295 47 26.1294 0.270538 489 0.302881 522 0.626463 715 
360000000 361000000 0.010765 47 26.2283 0.269959 489 0.302799 521 0.627551 714 
370000000 371000000 0.01064 47 26.297 0.270084 489 0.303246 523 0.628404 716 
380000000 381000000 0.024376 47 26.3295 0.270518 490 0.304317 523 0.631708 716 
390000000 391000000 0.012793 47 26.3714 0.27091 491 0.305549 524 0.630668 717 
400000000 401000000 0.01677 47 26.4507 0.268873 489 0.302916 522 0.627775 716 
410000000 411000000 0.012209 47 26.5419 0.269561 488 0.303115 522 0.627592 715 
420000000 421000000 0.011455 47 26.6167 0.29014 518 0.325732 552 0.653752 749 
430000000 431000000 0.009902 47 26.6566 0.289918 518 0.324406 552 0.65471 749 
440000000 441000000 0.012369 47 26.7207 0.301912 531 0.336058 565 0.665882 763 
450000000 451000000 0.015147 47 26.7916 0.29913 531 0.334905 565 0.668992 763 
460000000 461000000 0.017761 47 26.8394 0.312291 551 0.346934 585 0.675333 784 
470000000 471000000 0.015141 47 26.8715 0.275571 488 0.311668 524 0.652019 734 
480000000 481000000 0.016282 47 26.9525 0.269247 481 0.309137 518 0.650568 730 
490000000 491000000 0.016254 47 27.0156 0.244333 437 0.283608 474 0.62643 690 
500000000 501000000 0.027352 47 27.0791 0.217886 397 0.254468 434 0.590034 652 
510000000 511000000 0.013517 47 27.1322 0.21733 397 0.255 434 0.59031 652 
520000000 521000000 0.014385 47 27.1831 0.216347 396 0.255075 434 0.58962 651 
530000000 531000000 0.016538 47 27.2626 0.217838 396 0.255121 433 0.5903 651 
540000000 541000000 0.012433 47 27.3242 0.216413 396 0.254658 433 0.58991 651 
550000000 551000000 0.015592 47 27.3848 0.215948 396 0.254617 433 0.588963 651 
560000000 561000000 0.016834 49 27.4513 0.217948 396 0.255322 433 0.591565 651 
570000000 571000000 0.014023 49 27.5187 0.219816 401 0.258261 439 0.597865 658 
580000000 581000000 0.013209 49 27.5877 0.221751 402 0.259867 440 0.5999 661 
590000000 591000000 0.016742 49 27.6318 0.222718 402 0.261721 440 0.605311 661 
600000000 601000000 0.010657 49 27.6876 0.222931 402 0.262099 440 0.60376 662 
610000000 611000000 0.014162 49 27.7354 0.219812 402 0.26153 440 0.60498 661 
620000000 621000000 0.011883 49 27.7987 0.224875 407 0.267778 445 0.61333 667 
630000000 631000000 0.010377 49 27.8304 0.222466 399 0.263501 438 0.607479 659 
640000000 641000000 0.010985 49 27.831 0.230867 412 0.270231 451 0.608565 671 
650000000 651000000 0.012438 49 27.8853 0.240962 433 0.284806 472 0.635696 699 
660000000 661000000 0.013652 49 27.943 0.241719 433 0.286062 472 0.636501 699 
670000000 671000000 0.015528 49 27.9972 0.240354 433 0.287024 472 0.637794 699 
680000000 681000000 0.116369 49 27.979 0.242 432 0.284869 471 0.637969 699 
690000000 691000000 0.015341 49 28.0381 0.240307 432 0.284412 471 0.636861 699 
700000000 701000000 0.014838 49 28.0919 0.242186 432 0.284742 471 0.635275 699 
710000000 711000000 0.012025 49 28.1184 0.29444 534 0.341018 575 0.70591 812 
720000000 721000000 0.014045 49 28.1349 0.266764 479 0.315403 525 0.714337 769 
730000000 731000000 0.016387 49 28.0608 0.264259 479 0.316432 525 0.711601 769 
740000000 741000000 0.016029 49 28.0997 0.260971 472 0.310646 519 0.707082 763 
750000000 751000000 0.016997 49 28.1313 0.254263 461 0.307104 509 0.704782 757 
760000000 761000000 0.015958 49 28.1586 0.254628 459 0.305517 507 0.705934 755 
770000000 771000000 0.015517 49 28.1977 0.253399 459 0.306505 507 0.70573 756 
780000000 781000000 0.015193 53 28.2251 0.258116 463 0.312946 513 0.721635 771 
790000000 791000000 0.013036 53 28.2729 0.283198 510 0.341443 562 0.759368 832 
800000000 801000000 0.010412 53 28.2495 0.279026 500 0.332983 552 0.751881 821 
810000000 811000000 0.014403 53 28.332 0.292491 520 0.347569 573 0.771965 845 
820000000 821000000 0.012982 53 28.2446 0.28214 510 0.340527 562 0.764918 834 
830000000 831000000 0.012323 53 28.2542 0.283443 510 0.340393 562 0.764193 834 
840000000 841000000 0.011526 53 28.3152 0.28536 512 0.34356 565 0.766983 837 
850000000 851000000 0.012571 53 28.3602 0.283964 513 0.344294 566 0.767278 838 
860000000 861000000 0.010734 53 28.3771 0.286771 513 0.343303 566 0.766936 839 
870000000 871000000 0.010597 53 28.4008 0.287063 513 0.343209 566 0.768696 839 
880000000 881000000 0.011733 53 28.4585 0.286808 513 0.343675 566 0.771868 839 
890000000 891000000 0.013552 53 28.5204 0.286251 512 0.343747 566 0.769685 840 
900000000 901000000 0.01677 53 28.542 0.274455 497 0.332627 550 0.754711 823 
910000000 911000000 0.012841 53 28.5817 0.276957 497 0.335075 551 0.755699 824 
920000000 921000000 0.014925 53 28.5991 0.270939 495 0.330965 548 0.753844 821 
930000000 931000000 0.024385 53 28.6371 0.273642 495 0.331132 548 0.756456 821 
940000000 941000000 0.018895 53 28.6863 0.275891 497 0.333083 550 0.75654 824 
950000000 951000000 0.014254 53 28.7476 0.267384 483 0.324494 536 0.745226 807 
960000000 961000000 0.012889 53 28.7805 0.263604 483 0.32474 536 0.747373 807 
970000000 971000000 0.01423 53 28.7969 0.17086 302 0.214131 344 0.549578 588 
980000000 981000000 0.017783 53 28.816 0.169094 302 0.214302 344 0.549248 588 
990000000 991000000 0.040227 53 28.84 0.170024 302 0.214744 344 0.548976 588 

1.in 4.32762 25.5182 alpha: 48
0 1000000 0.012559 17 15.5325 0.190387 434 0.209854 450 0.429189 549 
10000000 11000000 0.009932 42 25.3744 2.18361 3645 2.24693 3680 2.63272 3872 
20000000 21000000 0.050141 48 25.6339 3.54872 5839 3.64694 5888 4.14804 6116 
30000000 31000000 0.014218 48 25.7747 4.81442 7885 4.93076 7935 5.50016 8191 
40000000 41000000 0.012261 48 26.0207 4.81075 7894 4.93551 7945 5.50015 8200 
50000000 51000000 0.019461 49 26.6145 4.8379 7923 4.9635 7973 5.54111 8229 
60000000 61000000 0.012483 49 27.4944 4.83084 7904 4.96554 7956 5.53583 8213 
70000000 71000000 0.019669 49 27.6563 0.560294 982 0.5899 1008 0.975223 1203 
80000000 81000000 0.023407 51 27.9454 0.560859 986 0.592039 1012 0.970921 1206 
90000000 91000000 0.017495 51 28.4109 0.504095 884 0.537854 916 0.921342 1132 
100000000 101000000 0.010302 53 28.8836 0.404702 718 0.438682 752 0.789782 962 
110000000 111000000 0.012574 53 29.2727 0.402897 719 0.440754 753 0.787557 963 
120000000 121000000 0.016418 53 29.4139 0.404842 719 0.43881 752 0.788171 962 
130000000 131000000 0.014403 53 29.5877 0.408656 727 0.442176 761 0.79663 971 
140000000 141000000 0.014873 54 30.0863 0.411318 727 0.44274 761 0.794168 971 
150000000 151000000 0.010646 53 28.5749 0.404895 727 0.446067 761 0.792394 970 
160000000 161000000 0.01568 59 28.8611 0.408713 727 0.441628 761 0.793952 971 
170000000 171000000 0.010595 59 29.1421 0.423187 748 0.460055 782 0.809362 992 
180000000 181000000 0.01835 59 28.398 0.40683 721 0.444013 755 0.794066 964 
190000000 191000000 0.009671 59 28.5374 0.407858 720 0.444227 754 0.79858 964 
200000000 201000000 0.01313 59 28.6346 0.410448 723 0.447025 757 0.801359 967 
210000000 211000000 0.0123 59 28.8872 0.413008 723 0.446536 757 0.801182 967 
220000000 221000000 0.012586 59 29.0805 0.411312 723 0.447649 757 0.801485 967 
230000000 231000000 0.011296 59 29.4839 0.415746 728 0.456919 762 0.814343 973 
240000000 241000000 0.010836 59 29.6357 0.419703 728 0.454844 762 0.813811 973 
250000000 251000000 0.012916 59 29.8383 0.419889 729 0.456717 763 0.813594 974 
260000000 261000000 0.009868 59 30.0613 0.421717 729 0.458161 764 0.81603 975 
270000000 271000000 0.014725 59 30.1515 0.41746 725 0.45622 759 0.820066 971 
280000000 281000000 0.01163 59 30.2651 0.418293 725 0.455496 760 0.812318 971 
290000000 291000000 0.009766 59 28.8193 0.427601 743 0.470433 778 0.837128 992 
300000000 301000000 0.010536 59 28.9766 0.435281 745 0.470801 780 0.839697 994 
310000000 311000000 0.011645 59 29.134 0.436421 746 0.472486 781 0.842406 995 
320000000 321000000 0.014056 59 29.2968 0.434555 746 0.474954 781 0.840303 995 
330000000 331000000 0.009966 59 29.405 0.436538 747 0.475987 782 0.844086 997 
340000000 341000000 0.011878 63 29.5965 0.436371 747 0.47553 783 0.845417 997 
350000000 351000000 0.017204 63 29.7142 0.437966 748 0.476981 783 0.849746 998 
360000000 361000000 0.010626 63 29.8795 0.437258 748 0.476936 783 0.849213 998 
370000000 371000000 0.01156 63 29.9413 0.438496 746 0.476718 782 0.848688 998 
380000000 381000000 0.016333 63 30.0768 0.436468 747 0.476323 782 0.848477 998 
390000000 391000000 0.017437 63 30.2373 0.4383 745 0.479521 780 0.84751 995 
400000000 401000000 0.014474 63 30.3966 0.444613 749 0.486837 784 0.855512 999 
410000000 411000000 0.01554 63 30.5965 0.443443 748 0.483989 783 0.855819 998 
420000000 421000000 0.012206 63 30.6736 0.467328 778 0.506973 814 0.888318 1035 
430000000 431000000 0.011468 63 30.7781 0.464008 777 0.509372 813 0.884716 1034 
440000000 441000000 0.014918 63 30.7413 0.498854 826 0.54133 862 0.924871 1084 
450000000 451000000 0.01431 63 30.8226 0.499939 826 0.541503 862 0.921885 1084 
460000000 461000000 0.018529 63 30.8775 0.474897 785 0.518331 822 0.883397 1043 
470000000 471000000 0.019552 63 30.9269 0.335815 571 0.377032 610 0.743096 839 
480000000 481000000 0.020309 65 31.0335 0.331066 564 0.375101 603 0.743123 835 
490000000 491000000 0.02476 64 31.1522 0.297654 506 0.339827 546 0.708145 781 
500000000 501000000 0.017665 64 31.2623 0.267918 475 0.311213 517 0.677462 756 
510000000 511000000 0.013304 64 31.2121 0.26693 473 0.31185 515 0.675433 753 
520000000 521000000 0.012983 64 31.2052 0.26721 472 0.310279 513 0.674384 751 
530000000 531000000 0.017019 64 31.2905 0.262509 472 0.31031 513 0.672907 750 
540000000 541000000 0.011974 64 31.2595 0.238065 431 0.280722 472 0.640483 707 
550000000 551000000 0.016252 64 31.3493 0.23833 430 0.280498 471 0.638461 706 
560000000 561000000 0.016003 64 31.451 0.237447 430 0.280496 471 0.639558 706 
570000000 571000000 0.018371 64 31.4602 0.243652 440 0.287762 481 0.648817 719 
580000000 581000000 0.014985 64 31.5137 0.245846 441 0.288728 483 0.650878 720 
590000000 591000000 0.017976 64 31.5723 0.259199 458 0.304377 500 0.670307 740 
600000000 601000000 0.013318 64 31.6278 0.258337 458 0.30272 500 0.671872 739 
610000000 611000000 0.014507 64 31.7092 0.258824 457 0.302609 499 0.670006 738 
620000000 621000000 0.014465 64 31.7755 0.259553 460 0.305589 503 0.675687 742 
630000000 631000000 0.01211 64 31.8021 0.255768 453 0.301781 495 0.668314 735 
640000000 641000000 0.013117 64 31.8553 0.267929 473 0.315095 515 0.67827 754 
650000000 651000000 0.01368 64 31.8842 0.273804 478 0.321195 522 0.69332 767 
660000000 661000000 0.0145 64 31.9202 0.272171 478 0.32069 521 0.695656 767 
670000000 671000000 0.021408 64 31.9091 0.27402 478 0.321064 521 0.691612 767 
680000000 681000000 0.01984 66 32.025 0.272292 476 0.318711 519 0.690502 765 
690000000 691000000 0.016834 67 32.1272 0.265627 473 0.314655 516 0.686332 761 
700000000 701000000 0.016655 67 32.1755 0.267155 473 0.314199 516 0.685933 761 
710000000 711000000 0.014575 67 32.2083 0.298336 537 0.347938 582 0.735155 840 
720000000 721000000 0.022319 67 32.2737 0.34565 628 0.396588 675 0.759235 918 
730000000 731000000 0.01962 67 32.3473 0.345898 628 0.394868 675 0.758442 917 
740000000 741000000 0.019479 67 32.4017 0.344102 625 0.393692 672 0.755379 915 
750000000 751000000 0.01608 67 32.4759 0.331993 608 0.382448 655 0.744493 901 
760000000 761000000 0.018599 67 32.5332 0.331942 607 0.384207 655 0.746812 902 
770000000 771000000 0.019544 67 32.5931 0.331926 607 0.383838 655 0.74993 902 
780000000 781000000 0.018431 67 32.6697 0.334074 617 0.387177 665 0.75586 914 
790000000 791000000 0.019974 67 32.7212 0.351527 644 0.404433 695 0.785062 954 
800000000 801000000 0.011825 67 32.7141 0.334571 626 0.392161 676 0.762927 932 
810000000 811000000 0.011853 67 32.5617 0.344722 637 0.399917 687 0.77531 945 
820000000 821000000 0.010901 67 32.5184 0.339406 630 0.394777 680 0.771683 936 
830000000 831000000 0.012833 67 32.531 0.339303 630 0.393544 680 0.770118 937 
840000000 841000000 0.012133 67 32.3658 0.342018 632 0.396479 682 0.77464 939 
850000000 851000000 0.014864 67 32.384 0.342516 632 0.397373 682 0.773752 939 
860000000 861000000 0.0116 67 32.4054 0.341824 632 0.396352 682 0.772932 939 
870000000 871000000 0.012212 67 32.4206 0.342268 632 0.399019 682 0.773087 939 
880000000 881000000 0.012585 67 32.4308 0.338101 632 0.39752 682 0.775388 940 
890000000 891000000 0.022981 67 32.4277 0.340651 631 0.397913 682 0.774317 940 
900000000 901000000 0.015776 67 32.4522 0.33057 616 0.386542 667 0.765143 926 
910000000 911000000 0.014201 67 32.4895 0.331458 616 0.386818 667 0.763329 926 
920000000 921000000 0.01449 67 32.4898 0.328418 615 0.384288 666 0.76392 924 
930000000 931000000 0.016516 67 32.5046 0.330041 615 0.386749 665 0.761498 924 
940000000 941000000 0.018795 67 32.5585 0.3322 618 0.387411 669 0.766479 929 
950000000 951000000 0.013908 67 32.6349 0.326346 609 0.381063 660 0.761323 920 
960000000 961000000 0.021231 67 32.666 0.324994 608 0.38124 660 0.763047 920 
970000000 971000000 0.019234 67 32.7016 0.231006 427 0.289934 483 0.690914 780 
980000000 981000000 0.020785 67 32.7312 0.231055 427 0.288318 483 0.690651 780 
990000000 991000000 0.021632 67 32.7795 0.227812 427 0.287685 483 0.691024 780 

1.in 4.30468 25.5182 alpha: 49
0 1000000 0.009996 17 15.5325 0.190541 434 0.210228 450 0.426429 549 
10000000 11000000 0.023064 87 40.473 2.63314 4271 2.70247 4310 3.10235 4531 
20000000 21000000 0.032038 101 46.3761 8.25451 13609 8.43547 13773 9.34308 14280 
30000000 31000000 0.012448 101 49.0082 13.7136 20756 13.9518 20925 15.0074 21479 
40000000 41000000 0.015437 101 50.883 13.9255 20856 14.1415 21025 15.2156 21580 
50000000 51000000 0.016528 101 53.0474 14.1058 20942 14.3408 21111 15.4234 21666 
60000000 61000000 0.018572 104 55.9971 14.0498 20828 14.3047 20998 15.3907 21561 
70000000 71000000 0.025931 104 57.6634 1.68081 2490 1.81772 2531 2.3282 2785 
80000000 81000000 0.033351 111 59.0992 1.82059 2583 1.93844 2626 2.46884 2884 
90000000 91000000 0.041821 112 60.0774 1.39511 2107 1.52729 2166 2.09725 2484 
100000000 101000000 0.017275 130 62.4442 1.07038 1647 1.17841 1717 1.80233 2071 
110000000 111000000 0.022825 130 63.4314 1.07138 1648 1.18201 1718 1.78795 2072 
120000000 121000000 0.035421 130 63.8097 1.07932 1649 1.18318 1720 1.79337 2073 
130000000 131000000 0.023245 130 64.3345 1.0754 1649 1.18117 1720 1.78948 2073 
140000000 141000000 0.027591 130 65.1177 1.07027 1649 1.18195 1720 1.79334 2073 
150000000 151000000 0.043155 138 65.7438 1.0717 1649 1.17892 1720 1.78504 2073 
160000000 161000000 0.019955 138 66.536 1.0764 1651 1.17792 1721 1.79931 2075 
170000000 171000000 0.023336 138 67.4983 1.14901 1706 1.2595 1776 1.87024 2131 
180000000 181000000 0.037176 138 68.619 1.14462 1662 1.244 1732 1.87912 2089 
190000000 191000000 0.018156 155 69.4267 1.10408 1630 1.19588 1700 1.82568 2059 
200000000 201000000 0.023229 155 69.9966 1.13105 1646 1.22929 1717 1.85765 2076 
210000000 211000000 0.026608 155 70.4505 1.1285 1646 1.23132 1717 1.85486 2076 
220000000 221000000 0.024542 155 70.1147 1.1246 1645 1.22264 1716 1.8623 2076 
230000000 231000000 0.023727 155 70.6223 1.18402 1676 1.28117 1748 1.91519 2110 
240000000 241000000 0.021655 155 70.6862 1.20844 1690 1.30624 1762 1.93404 2125 
250000000 251000000 0.028744 155 70.8543 1.22528 1698 1.32318 1770 1.95626 2133 
260000000 261000000 0.025338 155 70.8579 1.2227 1697 1.33062 1769 1.95102 2133 
270000000 271000000 0.028571 155 71.0426 1.1652 1661 1.27227 1733 1.88972 2098 
280000000 281000000 0.026336 155 71.4781 1.17291 1666 1.27446 1739 1.91017 2104 
290000000 291000000 0.028215 155 72.4565 1.19514 1686 1.29436 1760 1.94574 2134 
300000000 301000000 0.031539 155 73.5882 1.2112 1694 1.32167 1767 1.96072 2141 
310000000 311000000 0.027294 163 74.4044 1.22385 1694 1.31513 1768 1.95055 2141 
320000000 321000000 0.040882 163 74.6371 1.22167 1696 1.31577 1770 1.96322 2143 
330000000 331000000 0.021355 163 74.6396 1.22605 1702 1.32362 1776 1.97959 2150 
340000000 341000000 0.032081 163 75.2903 1.23015 1702 1.33576 1776 1.97167 2150 
350000000 351000000 0.037027 167 76.495 1.23939 1701 1.32738 1775 1.97753 2150 
360000000 361000000 0.029936 167 77.2765 1.22865 1700 1.32162 1774 1.96308 2150 
370000000 371000000 0.027203 167 77.3398 1.22702 1705 1.3367 1779 1.97688 2155 
380000000 381000000 0.025558 167 77.3213 1.24613 1713 1.35716 1788 1.99897 2165 
390000000 391000000 0.030605 167 77.2712 1.26136 1722 1.36742 1797 2.01371 2175 
400000000 401000000 0.043835 167 77.4876 1.30161 1740 1.39466 1815 2.04022 2193 
410000000 411000000 0.037611 167 77.7716 1.29488 1737 1.39505 1812 2.03654 2191 
420000000 421000000 0.035399 167 78.126 1.31864 1762 1.41239 1839 2.08724 2227 
430000000 431000000 0.031126 167 78.2659 1.33372 1768 1.42152 1845 2.08359 2233 
440000000 441000000 0.030819 167 77.8736 1.47075 1913 1.5897 1991 2.24706 2382 
450000000 451000000 0.021924 167 77.7684 1.48304 1915 1.59873 1993 2.24977 2385 
460000000 461000000 0.019775 167 77.4484 1.28996 1751 1.40379 1830 2.06695 2228 
470000000 471000000 0.049401 170 77.2243 1.0084 1440 1.1019 1523 1.75607 1947 
480000000 481000000 0.032627 175 77.2922 0.951152 1379 1.05258 1462 1.69938 1883 
490000000 491000000 0.034354 175 77.6196 0.883299 1301 0.976924 1384 1.62425 1809 
500000000 501000000 0.031934 175 77.5489 0.776097 1227 0.860977 1312 1.51722 1744 
510000000 511000000 0.03231 180 77.8302 0.762617 1229 0.862001 1314 1.53308 1748 
520000000 521000000 0.044157 180 77.8573 0.765399 1230 0.867937 1315 1.52644 1749 
530000000 531000000 0.026926 180 77.8188 0.768125 1230 0.871599 1315 1.5148 1749 
540000000 541000000 0.029071 180 77.669 0.769599 1232 0.872766 1317 1.52238 1752 
550000000 551000000 0.036862 180 77.7487 0.767118 1229 0.870097 1315 1.51802 1749 
560000000 561000000 0.039796 180 77.8215 0.765783 1228 0.860286 1314 1.5226 1748 
570000000 571000000 0.045314 180 77.6652 0.782066 1251 0.886658 1338 1.53438 1778 
580000000 581000000 0.027355 180 77.7426 0.78324 1256 0.881938 1343 1.5316 1781 
590000000 591000000 0.037259 180 77.6172 0.813163 1315 0.914236 1404 1.60741 1851 
600000000 601000000 0.025573 180 77.6205 0.808005 1313 0.913357 1401 1.58691 1846 
610000000 611000000 0.03393 180 77.6503 0.799643 1304 0.896188 1392 1.55369 1835 
620000000 621000000 0.029248 180 77.5736 0.822175 1318 0.926567 1407 1.59871 1852 
630000000 631000000 0.026157 180 77.669 0.769027 1288 0.87555 1376 1.54222 1820 
640000000 641000000 0.019499 180 77.507 0.760918 1278 0.867169 1366 1.51411 1808 
650000000 651000000 0.029567 180 77.357 0.763552 1279 0.866513 1367 1.54094 1812 
660000000 661000000 0.031046 180 77.2798 0.759673 1277 0.872828 1366 1.53236 1812 
670000000 671000000 0.040218 180 77.2955 0.772107 1278 0.858755 1367 1.53456 1813 
680000000 681000000 0.039621 180 77.4384 0.743708 1268 0.850749 1357 1.51256 1805 
690000000 691000000 0.034084 180 77.5353 0.730046 1262 0.832385 1351 1.49814 1799 
700000000 701000000 0.023715 180 77.6022 0.731218 1262 0.837964 1351 1.50282 1799 
710000000 711000000 0.031926 180 77.5163 0.752031 1284 0.850597 1374 1.54601 1830 
720000000 721000000 0.042376 180 77.5884 0.9185 1572 1.02481 1663 1.69954 2133 
730000000 731000000 0.046046 180 77.6495 0.912811 1570 1.01866 1662 1.69475 2132 
740000000 741000000 0.039117 180 77.7314 0.908708 1566 1.01003 1659 1.68768 2133 
750000000 751000000 0.044429 180 77.774 0.870979 1514 0.970276 1608 1.6434 2083 
760000000 761000000 0.052911 180 77.8909 0.866878 1505 0.962966 1600 1.64217 2077 
770000000 771000000 0.043751 180 78.0722 0.858792 1505 0.963508 1600 1.6469 2078 
780000000 781000000 0.047272 180 78.2275 0.85759 1504 0.963898 1601 1.64796 2084 
790000000 791000000 0.036203 180 78.2101 0.858781 1512 0.963808 1611 1.64944 2102 
800000000 801000000 0.027551 180 78.1065 0.831466 1490 0.947348 1590 1.63837 2081 
810000000 811000000 0.028941 180 78.0746 0.841274 1490 0.955427 1588 1.6504 2084 
820000000 821000000 0.030266 180 78.0388 0.844071 1490 0.957932 1589 1.65293 2084 
830000000 831000000 0.027679 180 78.0417 0.852642 1491 0.954422 1589 1.64609 2085 
840000000 841000000 0.033647 180 78.0222 0.849124 1491 0.953133 1589 1.64191 2086 
850000000 851000000 0.042807 180 77.8399 0.848587 1491 0.957849 1590 1.6573 2086 
860000000 861000000 0.020845 180 77.8618 0.849738 1491 0.956459 1589 1.65392 2085 
870000000 871000000 0.03367 180 77.8637 0.85356 1494 0.953183 1592 1.65918 2088 
880000000 881000000 0.019493 180 77.6959 0.848867 1495 0.960399 1593 1.6616 2089 
890000000 891000000 0.047873 180 77.62 0.853216 1494 0.960206 1593 1.6514 2090 
900000000 901000000 0.024565 180 77.5936 0.782543 1396 0.895447 1496 1.58211 1998 
910000000 911000000 0.021638 180 77.5367 0.784927 1397 0.894373 1497 1.58814 1999 
920000000 921000000 0.030275 180 77.4042 0.768045 1387 0.886973 1487 1.56007 1985 
930000000 931000000 0.042253 180 77.3368 0.765054 1387 0.883518 1487 1.5678 1985 
940000000 941000000 0.030434 180 77.3175 0.771039 1391 0.884409 1491 1.56719 1991 
950000000 951000000 0.042659 180 77.3716 0.752404 1362 0.862521 1462 1.53469 1960 
960000000 961000000 0.042478 180 77.3849 0.749608 1361 0.865198 1462 1.54241 1960 
970000000 971000000 0.03947 180 77.4203 0.419001 726 0.513595 818 1.08243 1285 
980000000 981000000 0.047521 180 77.5038 0.414979 724 0.511395 817 1.08325 1284 
990000000 991000000 0.054006 180 77.5197 0.410764 724 0.511767 817 1.07598 1284 

1.in 4.77673 25.5182 alpha: 50
0 1000000 0.009365 17 15.5325 0.190603 434 0.215624 450 0.428149 549 
10000000 11000000 0.023908 87 40.473 2.65135 4271 2.72185 4310 3.12144 4531 
20000000 21000000 0.034647 101 46.3761 8.28937 13609 8.47344 13773 9.36568 14280 
30000000 31000000 0.013784 101 49.0082 13.7933 20756 14.0278 20925 15.08 21479 
40000000 41000000 0.018201 101 50.883 13.9861 20856 14.2198 21025 15.3029 21580 
50000000 51000000 0.020441 101 53.0474 14.1824 20942 14.4233 21111 15.4974 21666 
60000000 61000000 0.019613 104 55.9971 14.1404 20828 14.3847 20998 15.4631 21561 
70000000 71000000 0.025655 104 57.6634 1.68836 2490 1.82479 2531 2.34379 2785 
80000000 81000000 0.028973 111 59.0992 1.82532 2583 1.95663 2626 2.47753 2884 
90000000 91000000 0.043488 112 60.0774 1.39935 2107 1.54302 2166 2.09889 2484 
100000000 101000000 0.016871 130 62.4442 1.07759 1647 1.19161 1717 1.81038 2071 
110000000 111000000 0.02316 130 63.4314 1.0788 1648 1.18363 1718 1.79725 2072 
120000000 121000000 0.023957 130 63.8097 1.08383 1649 1.18336 1720 1.79918 2073 
130000000 131000000 0.025745 130 64.3345 1.07822 1649 1.18083 1720 1.80306 2073 
140000000 141000000 0.024949 130 65.1177 1.07567 1649 1.18071 1720 1.79824 2073 
150000000 151000000 0.033572 138 65.7438 1.07816 1649 1.17687 1720 1.79473 2073 
160000000 161000000 0.020192 138 66.536 1.08252 1651 1.1855 1721 1.8012 2075 
170000000 171000000 0.024255 138 67.4983 1.15409 1706 1.26202 1776 1.89413 2131 
180000000 181000000 0.033311 138 68.619 1.15044 1662 1.25339 1732 1.86535 2089 
190000000 191000000 0.018028 155 69.4267 1.11052 1630 1.20664 1700 1.82975 2059 
200000000 201000000 0.024184 155 69.9966 1.1409 1646 1.23057 1717 1.86153 2076 
210000000 211000000 0.026694 155 70.4505 1.13568 1646 1.23626 1717 1.86172 2076 
220000000 221000000 0.026354 155 70.1147 1.13453 1645 1.23419 1716 1.86057 2076 
230000000 231000000 0.024458 155 70.6223 1.19151 1676 1.28979 1748 1.91808 2110 
240000000 241000000 0.02395 155 70.6862 1.22539 1690 1.31381 1762 1.9432 2125 
250000000 251000000 0.026474 155 70.8543 1.22248 1698 1.32373 1770 1.96053 2133 
260000000 261000000 0.029757 155 70.8579 1.23344 1697 1.3299 1769 1.96183 2133 
270000000 271000000 0.027713 155 71.0426 1.17166 1661 1.27005 1733 1.89918 2098 
280000000 281000000 0.027216 155 71.4781 1.18209 1666 1.27924 1739 1.92338 2104 
290000000 291000000 0.027891 155 72.4565 1.20227 1686 1.31264 1760 1.95301 2134 
300000000 301000000 0.032833 155 73.5882 1.22385 1694 1.31059 1767 1.96237 2141 
310000000 311000000 0.030341 163 74.4044 1.22095 1694 1.32088 1768 1.96034 2141 
320000000 321000000 0.036328 163 74.6371 1.22573 1696 1.32014 1770 1.97297 2143 
330000000 331000000 0.022693 163 74.6396 1.2342 1702 1.32982 1776 1.96586 2150 
340000000 341000000 0.033053 163 75.2903 1.23233 1702 1.33016 1776 1.97417 2150 
350000000 351000000 0.03798 167 76.495 1.23445 1701 1.33214 1775 1.97989 2150 
360000000 361000000 0.031163 167 77.2765 1.23468 1700 1.32525 1774 1.97599 2150 
370000000 371000000 0.022642 167 77.3398 1.24766 1705 1.34143 1779 1.98031 2155 
380000000 381000000 0.025749 167 77.3213 1.25653 1713 1.35135 1788 1.99473 2165 
390000000 391000000 0.026325 167 77.2712 1.27196 1722 1.36828 1797 2.00786 2175 
400000000 401000000 0.040724 167 77.4876 1.30265 1740 1.40178 1815 2.04625 2193 
410000000 411000000 0.0424 167 77.7716 1.30032 1737 1.39387 1812 2.04798 2191 
420000000 421000000 0.035912 167 78.126 1.3269 1762 1.42614 1839 2.07753 2227 
430000000 431000000 0.030943 167 78.2659 1.32288 1768 1.4303 1845 2.09011 2233 
440000000 441000000 0.027284 167 77.8736 1.48551 1913 1.58291 1991 2.26638 2382 
450000000 451000000 0.019313 167 77.7684 1.48329 1915 1.58844 1993 2.27959 2385 
460000000 461000000 0.020618 167 77.4484 1.29853 1751 1.40352 1830 2.09353 2228 
470000000 471000000 0.049955 170 77.2243 1.00616 1440 1.10971 1523 1.75762 1947 
480000000 481000000 0.034914 175 77.2922 0.951152 1379 1.05276 1462 1.70333 1883 
490000000 491000000 0.039435 175 77.6196 0.883408 1301 0.980262 1384 1.64252 1809 
500000000 501000000 0.030816 175 77.5489 0.768313 1227 0.86254 1312 1.51255 1744 
510000000 511000000 0.037929 180 77.8302 0.770607 1229 0.865884 1314 1.52577 1748 
520000000 521000000 0.043984 180 77.8573 0.765254 1230 0.86212 1315 1.52848 1749 
530000000 531000000 0.029425 180 77.8188 0.768775 1230 0.871783 1315 1.52723 1749 
540000000 541000000 0.027245 180 77.669 0.7697 1232 0.869879 1317 1.51961 1752 
550000000 551000000 0.034031 180 77.7487 0.767118 1229 0.870971 1315 1.51919 1749 
560000000 561000000 0.039425 180 77.8215 0.760784 1228 0.861936 1314 1.52306 1748 
570000000 571000000 0.041879 180 77.6652 0.781114 1251 0.889082 1338 1.54937 1778 
580000000 581000000 0.036377 180 77.7426 0.776356 1256 0.880904 1343 1.54197 1781 
590000000 591000000 0.036262 180 77.6172 0.81514 1315 0.918948 1404 1.58296 1851 
600000000 601000000 0.021959 180 77.6205 0.806838 1313 0.912463 1401 1.58173 1846 
610000000 611000000 0.031693 180 77.6503 0.79394 1304 0.899497 1392 1.55914 1835 
620000000 621000000 0.028165 180 77.5736 0.823642 1318 0.919921 1407 1.59077 1852 
630000000 631000000 0.02494 180 77.669 0.786584 1288 0.878109 1376 1.53554 1820 
640000000 641000000 0.02102 180 77.507 0.770531 1278 0.854279 1366 1.51401 1808 
650000000 651000000 0.033042 180 77.357 0.764234 1279 0.858784 1367 1.53059 1812 
660000000 661000000 0.026141 180 77.2798 0.759707 1277 0.865378 1366 1.52769 1812 
670000000 671000000 0.033852 180 77.2955 0.767953 1278 0.866926 1367 1.52714 1813 
680000000 681000000 0.036457 180 77.4384 0.74667 1268 0.850093 1357 1.51442 1805 
690000000 691000000 0.033243 180 77.5353 0.728161 1262 0.833133 1351 1.50113 1799 
700000000 701000000 0.027245 180 77.6022 0.734542 1262 0.833 1351 1.51479 1799 
710000000 711000000 0.031243 180 77.5163 0.749882 1284 0.854926 1374 1.53175 1830 
720000000 721000000 0.04621 180 77.5884 0.914456 1572 1.01876 1663 1.69986 2133 
730000000 731000000 0.056348 180 77.6495 0.912847 1570 1.01949 1662 1.69691 2132 
740000000 741000000 0.037099 180 77.7314 0.910827 1566 1.01268 1659 1.69054 2133 
750000000 751000000 0.038322 180 77.774 0.867988 1514 0.972524 1608 1.64647 2083 
760000000 761000000 0.052832 180 77.8909 0.859371 1505 0.96535 1600 1.64209 2077 
770000000 771000000 0.044928 180 78.0722 0.861721 1505 0.964565 1600 1.63809 2078 
780000000 781000000 0.04369 180 78.2275 0.855498 1504 0.971225 1601 1.64136 2084 
790000000 791000000 0.031666 180 78.2101 0.855746 1512 0.960809 1611 1.65376 2102 
800000000 801000000 0.025635 180 78.1065 0.837803 1490 0.944114 1590 1.63004 2081 
810000000 811000000 0.032604 180 78.0746 0.841508 1490 0.962417 1588 1.65181 2084 
820000000 821000000 0.031095 180 78.0388 0.840929 1490 0.960484 1589 1.65478 2084 
830000000 831000000 0.023411 180 78.0417 0.850601 1491 0.956915 1589 1.64707 2085 
840000000 841000000 0.02895 180 78.0222 0.845566 1491 0.955619 1589 1.64574 2086 
850000000 851000000 0.026294 180 77.8399 0.848211 1491 0.954296 1590 1.64427 2086 
860000000 861000000 0.019329 180 77.8618 0.851286 1491 0.95473 1589 1.64944 2085 
870000000 871000000 0.024501 180 77.8637 0.857675 1494 0.957865 1592 1.65757 2088 
880000000 881000000 0.021319 180 77.6959 0.849679 1495 0.958082 1593 1.65736 2089 
890000000 891000000 0.050828 180 77.62 0.843273 1494 0.957312 1593 1.65944 2090 
900000000 901000000 0.023362 180 77.5936 0.783948 1396 0.89249 1496 1.58453 1998 
910000000 911000000 0.025759 180 77.5367 0.782061 1397 0.896645 1497 1.58845 1999 
920000000 921000000 0.032149 180 77.4042 0.767102 1387 0.880546 1487 1.56615 1985 
930000000 931000000 0.046261 180 77.3368 0.769051 1387 0.880318 1487 1.5609 1985 
940000000 941000000 0.03119 180 77.3175 0.765618 1391 0.884156 1491 1.57115 1991 
950000000 951000000 0.039358 180 77.3716 0.747222 1362 0.866545 1462 1.54286 1960 
960000000 961000000 0.044487 180 77.3849 0.75212 1361 0.862403 1462 1.54828 1960 
970000000 971000000 0.040986 180 77.4203 0.414015 726 0.512699 818 1.07807 1285 
980000000 981000000 0.046121 180 77.5038 0.412552 724 0.512833 817 1.07239 1284 
990000000 991000000 0.051722 180 77.5197 0.413271 724 0.513772 817 1.07489 1284 

