1.in 7.84269 25.5182 input box: (1, 0, 0, )  (100000, 100000, 100000, ) 
query box: (9999901, 10000000, 10000000, )  (10099900, 10100000, 10100000, ) 
(10037161, 10037260, 10037260, ) 
(10069193, 10069292, 10069292, ) 
(10080929, 10081029, 10081029, ) 
(10000021, 10000120, 10000120, ) 
(10002798, 10002897, 10002897, ) 
(10067795, 10067895, 10067895, ) 
(10030723, 10030822, 10030822, ) 
(10053014, 10053114, 10053114, ) 
(10094006, 10094106, 10094106, ) 
(10067842, 10067942, 10067942, ) 
alpha: 49
begin insert: 10000000
0 1000000 0.027294 17 15.5325 1.20813 315 1.35627 335 2.86701 426 
5000000 6000000 0.030859 51 26.5387 20.2109 3717 20.466 3748 23.4413 3963 
10000000 11000000 0.038383 87 40.473 20.2757 3717 20.5138 3748 23.5769 3963 
15000000 16000000 0.029958 94 42.8236 5.72391 1388 5.88498 1400 7.5885 1523 
20000000 21000000 0.044467 101 46.3761 61.6446 11431 63.1973 11574 72.0575 12312 
25000000 26000000 0.028513 101 48.2149 73.055 13164 74.0984 13290 82.3378 13983 
30000000 31000000 0.01889 101 49.0082 77.1858 14049 78.2581 14182 86.633 14872 
35000000 36000000 0.034031 101 50.6629 77.2051 14049 78.0761 14182 86.5146 14872 
40000000 41000000 0.024526 101 50.883 76.9025 14049 78.0457 14182 86.4548 14872 
45000000 46000000 0.028967 101 52.4917 76.972 14049 78.2263 14182 87.1062 14872 
50000000 51000000 0.024022 101 53.0474 77.2437 14049 78.3957 14182 86.9968 14872 
60000000 61000000 0.024535 104 55.9971 77.2284 14049 78.3524 14182 87.0298 14872 
70000000 71000000 0.029793 104 57.6634 2.51771 660 2.69503 683 4.89961 859 
80000000 81000000 0.031535 111 59.0992 2.50477 660 2.68898 683 4.8944 859 
90000000 91000000 0.057455 112 60.0774 2.51174 663 2.69085 686 4.89829 862 
100000000 101000000 0.039387 130 62.6774 0.176787 86 0.217336 96 0.55593 140 
200000000 201000000 0.043793 154 67.7914 0.176812 86 0.215233 96 0.554246 140 
300000000 301000000 0.048274 157 70.2482 0.175681 86 0.217294 96 0.567279 140 
400000000 401000000 0.047796 158 71.382 0.176107 86 0.216442 96 0.567096 140 
500000000 501000000 0.046983 159 72.1806 0.175723 86 0.216601 96 0.566107 140 
600000000 601000000 0.057741 160 72.7461 0.177062 86 0.217422 96 0.567212 140 
700000000 701000000 0.048429 160 73.3465 0.176859 86 0.217754 96 0.564849 140 
800000000 801000000 0.057968 160 73.6821 0.177034 86 0.219272 96 0.565372 140 
900000000 901000000 0.070395 161 74.0993 0.175842 86 0.216866 96 0.564612 140 

