1.in 4.48548 25.5182 alpha: 48
begin insert: 100000000
0 1000000 0.010162 17 15.5325 21.0065 497 22.5312 510 44.3053 602 
5000000 6000000 0.019672 36 22.675 117.222 2040 122.004 2073 162.452 2266 
10000000 11000000 0.012379 42 25.3744 117.697 2024 121.513 2058 163.247 2251 
15000000 16000000 0.010004 42 25.7957 164.491 2686 167.3 2707 210.972 2902 
20000000 21000000 0.020327 48 25.6339 143.412 2401 146.776 2419 182.118 2574 
25000000 26000000 0.012367 48 25.9314 155.777 2554 159.339 2571 194.344 2728 
30000000 31000000 0.008743 48 25.7747 144.544 2335 146.5 2352 176.394 2470 
35000000 36000000 0.012085 48 25.4125 109.885 1836 112.503 1853 138.49 1967 
40000000 41000000 0.013503 48 26.0207 108.62 1811 110.471 1828 135.009 1937 
45000000 46000000 0.014007 48 26.4098 112.094 1843 114.994 1860 137.821 1967 
50000000 51000000 0.019175 49 26.6145 91.1301 1479 93.4623 1494 112.494 1585 
60000000 61000000 0.013221 49 27.4944 59.9439 979 63.0679 993 79.8094 1074 
70000000 71000000 0.018287 49 27.6563 36.8854 594 38.0015 607 51.3865 682 
80000000 81000000 0.03525 51 27.9454 16.3015 276 18.3633 288 29.2867 353 
90000000 91000000 0.018374 51 28.4109 3.25411 73 4.21288 85 12.8213 143 
100000000 101000000 0.011161 53 28.8836 0.675883 30 1.54661 41 9.12096 95 
200000000 201000000 0.013668 59 28.6346 0.667247 29 1.53926 41 9.09691 94 
300000000 301000000 0.012888 59 28.9766 0.657831 28 1.51638 40 9.08882 93 
400000000 401000000 0.022307 63 30.3966 0.659407 28 1.52232 40 9.15221 94 
500000000 501000000 0.019629 64 31.2623 0.661752 28 1.53257 41 9.23979 95 
600000000 601000000 0.014003 64 31.6278 0.660307 28 1.53482 40 9.2794 96 
700000000 701000000 0.016313 67 32.1755 0.661764 28 1.53656 41 9.29035 96 
800000000 801000000 0.014423 67 32.7141 0.666346 28 1.54808 41 9.39828 97 
900000000 901000000 0.016502 67 32.4522 0.665532 28 1.54356 41 9.39127 97 
begin insert: 100000000
0 1000000 0.003982 17 15.5196 1.27377 22 2.2203 30 12.4864 86 
5000000 6000000 0.004778 20 18.1447 2.07183 25 3.67123 33 18.7068 92 
10000000 11000000 0.006383 22 19.039 2.26616 26 4.08109 34 20.9184 94 
15000000 16000000 0.006439 22 19.5909 2.34851 26 4.27897 35 21.7891 95 
20000000 21000000 0.007358 23 19.994 2.3808 26 4.40878 35 22.2031 96 
25000000 26000000 0.007639 23 20.3056 2.38873 26 4.49337 35 22.5345 96 
30000000 31000000 0.008398 24 20.5664 2.37873 26 4.56384 36 22.7922 96 
35000000 36000000 0.008934 24 20.7882 2.35922 26 4.62279 36 22.999 97 
40000000 41000000 0.009305 24 20.9792 2.3261 26 4.66276 36 23.1814 97 
45000000 46000000 0.010046 24 21.1484 2.29521 25 4.69924 36 23.3598 97 
50000000 51000000 0.010443 25 21.3 2.25189 25 4.73383 36 23.5018 97 
60000000 61000000 0.011129 25 21.5644 2.17023 25 4.80584 36 23.714 98 
70000000 71000000 0.011591 25 21.7886 2.07251 24 4.85264 36 23.9305 98 
80000000 81000000 0.011996 26 21.9827 1.94511 24 4.86913 37 23.9769 99 
90000000 91000000 0.012761 26 22.1543 1.8213 23 4.89116 37 24.0804 99 
100000000 101000000 0.008926 29 22.3502 1.70431 23 4.89812 37 24.1634 99 
200000000 201000000 0.013366 54 25.7528 1.62264 23 4.78689 37 24.1864 99 
300000000 301000000 0.011379 52 26.8188 1.63099 23 4.77477 37 24.1172 99 
400000000 401000000 0.00932 38 26.6239 1.64494 23 4.785 37 24.0755 100 
500000000 501000000 0.010683 45 27.329 1.629 23 4.76882 37 24.1098 100 
600000000 601000000 0.009939 46 27.8696 1.6317 23 4.76602 37 24.0852 100 
700000000 701000000 0.012458 47 28.3073 1.63182 23 4.75652 37 24.0223 100 
800000000 801000000 0.011888 33 27.4069 1.68842 24 4.81586 37 23.9777 100 
900000000 901000000 0.01162 34 27.6676 1.65236 24 4.76181 37 23.9025 100 

