1.in 4.92821 25.5182 alpha: 30
0 1000000 0.011986 17 15.5196 0.010829 16 
10000000 11000000 0.053344 21 18.9832 0.016488 20 
20000000 21000000 0.07326 22 19.9151 0.018718 20 
30000000 31000000 0.106342 22 20.4979 0.019304 21 
40000000 41000000 0.13522 23 20.8944 0.020558 21 
50000000 51000000 0.164856 23 21.1793 0.018989 22 
60000000 61000000 0.200443 23 21.4644 0.020482 22 
70000000 71000000 0.226605 23 21.694 0.020587 22 
80000000 81000000 0.264879 24 21.8771 0.022843 22 
90000000 91000000 0.285781 24 22.0272 0.021847 23 
100000000 101000000 0.311266 25 22.1846 0.021664 23 
110000000 111000000 0.357801 25 22.3279 0.021145 23 
120000000 121000000 0.381734 25 22.4613 0.022472 23 
130000000 131000000 0.411134 25 22.5796 0.022729 23 
140000000 141000000 0.412808 25 22.6889 0.022408 23 
150000000 151000000 0.51339 25 22.7838 0.022869 23 
160000000 161000000 0.526651 25 22.8829 0.021255 23 
170000000 171000000 0.571379 25 22.9645 0.022371 23 
180000000 181000000 0.627211 25 23.0285 0.022948 24 
190000000 191000000 0.673342 25 23.1121 0.021882 24 
200000000 201000000 0.699799 25 23.1898 0.023289 24 
210000000 211000000 0.794372 26 23.2751 0.022688 24 
220000000 221000000 0.824208 26 23.3561 0.023166 24 
230000000 231000000 0.918319 26 23.4104 0.022851 24 
240000000 241000000 0.977987 26 23.4903 0.022286 24 
250000000 251000000 1.03566 26 23.5593 0.022931 24 
260000000 261000000 1.06617 26 23.6236 0.022166 24 
270000000 271000000 1.09791 26 23.6779 0.022635 24 
280000000 281000000 1.16609 26 23.7333 0.022698 24 
290000000 291000000 1.37817 26 23.7852 0.023259 24 
300000000 301000000 1.26707 26 23.8401 0.020935 24 
310000000 311000000 1.33377 26 23.882 0.023121 24 
320000000 321000000 1.47054 26 23.9304 0.021047 25 
330000000 331000000 1.64731 26 23.9691 0.022755 24 
340000000 341000000 1.6534 26 24.0104 0.023016 25 
350000000 351000000 1.68008 26 24.0577 0.023296 25 
360000000 361000000 1.52795 26 24.0847 0.022108 25 
370000000 371000000 1.69238 27 24.129 0.020961 25 
380000000 381000000 1.748 26 24.1624 0.022579 25 
390000000 391000000 1.81512 26 24.1979 0.022278 25 
400000000 401000000 1.64017 27 24.2378 0.02267 25 
410000000 411000000 2.02777 26 24.2687 0.022488 25 
420000000 421000000 1.65538 26 24.3049 0.022405 25 
430000000 431000000 2.07423 27 24.3247 0.023112 25 
440000000 441000000 2.05203 27 24.3591 0.022887 25 
450000000 451000000 2.20038 27 24.3949 0.022014 25 
460000000 461000000 1.89277 27 24.4314 0.023224 25 
470000000 471000000 2.25508 27 24.4543 0.022517 25 
480000000 481000000 2.3207 27 24.4842 0.021909 25 
490000000 491000000 2.3101 27 24.5085 0.021941 25 
500000000 501000000 2.3908 27 24.5402 0.022223 25 
510000000 511000000 2.30983 27 24.5712 0.021261 25 
520000000 521000000 2.17863 27 24.5979 0.022706 25 
530000000 531000000 2.55127 27 24.6231 0.023198 25 
540000000 541000000 2.26419 27 24.6559 0.023071 25 
550000000 551000000 2.63753 27 24.6728 0.022383 25 
560000000 561000000 2.70596 27 24.6973 0.020918 25 
570000000 571000000 2.7154 27 24.7184 0.021454 25 
580000000 581000000 2.80101 27 24.7429 0.022975 25 
590000000 591000000 2.52665 27 24.7668 0.021784 25 
600000000 601000000 2.93328 27 24.7908 0.022742 25 
610000000 611000000 2.80359 27 24.8121 0.02151 25 
620000000 621000000 2.75786 27 24.841 0.022658 25 
630000000 631000000 2.9509 27 24.8549 0.022815 25 
640000000 641000000 2.98282 27 24.8827 0.024348 25 
650000000 651000000 3.03883 27 24.898 0.023403 25 
660000000 661000000 3.13814 27 24.9206 0.022723 25 
670000000 671000000 3.1737 27 24.9403 0.021174 25 
680000000 681000000 2.78616 27 24.9698 0.021987 25 
690000000 691000000 2.82659 27 24.9817 0.020998 26 
700000000 701000000 3.25665 27 25.0097 0.023761 26 
710000000 711000000 2.9789 27 25.0257 0.021023 25 
720000000 721000000 3.57382 27 25.055 0.022652 26 
730000000 731000000 3.5049 27 25.0705 0.022391 26 
740000000 741000000 3.61269 27 25.0844 0.021659 26 
750000000 751000000 3.70203 27 25.0976 0.021258 25 
760000000 761000000 3.22505 27 25.1241 0.023855 26 
770000000 771000000 3.73644 28 25.1469 0.023093 26 
780000000 781000000 3.74507 27 25.1577 0.02278 26 
790000000 791000000 3.74986 27 25.1865 0.022696 26 
800000000 801000000 4.00225 28 25.2 0.021031 26 
810000000 811000000 4.01737 27 25.2117 0.023121 26 
820000000 821000000 4.15841 28 25.2279 0.022329 26 
830000000 831000000 4.03002 28 25.2436 0.022257 26 
840000000 841000000 4.04538 28 25.2685 0.022698 26 
850000000 851000000 4.00987 28 25.2889 0.022702 26 
860000000 861000000 4.07883 28 25.3072 0.021244 26 
870000000 871000000 4.00951 28 25.3122 0.022104 26 
880000000 881000000 4.16746 27 25.3433 0.021563 26 
890000000 891000000 4.44911 28 25.3575 0.022474 26 
900000000 901000000 4.11653 28 25.378 0.023285 26 
910000000 911000000 4.35853 27 25.3858 0.023435 26 
920000000 921000000 4.3608 28 25.4017 0.021017 26 
930000000 931000000 4.28612 28 25.4201 0.020931 26 
940000000 941000000 4.48482 28 25.4304 0.022835 26 
950000000 951000000 3.81195 28 25.4521 0.021438 26 
960000000 961000000 4.54041 28 25.4636 0.024251 26 
970000000 971000000 4.59417 28 25.4833 0.021463 26 
980000000 981000000 4.70964 28 25.5017 0.022637 26 
990000000 991000000 4.66428 28 25.5061 0.02245 26 

1.in 4.82924 25.5182 alpha: 1
0 1000000 0.013982 17 15.5196 0.011443 16 
10000000 11000000 0.017151 20 18.9975 0.013875 20 
20000000 21000000 0.028385 21 19.9942 0.018006 21 
30000000 31000000 0.017928 22 20.2352 0.019303 21 
40000000 41000000 0.068609 23 20.9834 0.018332 22 
50000000 51000000 0.020596 22 21.0051 0.020278 22 
60000000 61000000 0.021831 23 21.1792 0.01954 22 
70000000 71000000 0.028312 23 21.7957 0.021088 22 
80000000 81000000 0.026953 23 21.9871 0.021589 23 
90000000 91000000 0.029288 23 22.0002 0.022224 23 
100000000 101000000 0.293404 24 22.084 0.020784 23 
110000000 111000000 0.245368 24 22.3302 0.021502 23 
120000000 121000000 0.419046 25 22.4672 0.022281 23 
130000000 131000000 0.309465 24 22.588 0.019382 23 
140000000 141000000 0.621764 25 22.6851 0.021636 23 
150000000 151000000 0.20247 25 22.7931 0.018878 23 
160000000 161000000 0.276389 25 22.885 0.022086 23 
170000000 171000000 0.764909 25 22.967 0.022179 24 
180000000 181000000 0.173194 25 23.0364 0.022221 24 
190000000 191000000 0.35491 25 23.1129 0.021747 24 
200000000 201000000 0.428568 25 23.1762 0.020029 24 
210000000 211000000 0.753735 25 23.2508 0.018641 24 
220000000 221000000 0.417698 25 23.3261 0.019552 24 
230000000 231000000 0.221892 25 23.3883 0.019613 24 
240000000 241000000 0.316805 26 23.4568 0.020615 24 
250000000 251000000 0.384879 25 23.5124 0.020445 24 
260000000 261000000 0.329157 26 23.5765 0.020707 24 
270000000 271000000 1.17962 25 23.6265 0.019369 24 
280000000 281000000 0.323249 26 23.6856 0.02033 24 
290000000 291000000 0.232276 26 23.7311 0.023718 24 
300000000 301000000 0.31448 26 23.7882 0.022017 24 
310000000 311000000 1.64983 26 23.8818 0.020676 24 
320000000 321000000 0.282946 26 23.8679 0.022487 24 
330000000 331000000 0.285422 26 23.9023 0.022577 24 
340000000 341000000 0.433665 26 23.9505 0.023007 25 
350000000 351000000 0.168671 26 23.976 0.024183 25 
360000000 361000000 0.876442 26 24.0208 0.024906 25 
370000000 371000000 0.550596 26 24.0507 0.02191 25 
380000000 381000000 0.254406 26 24.0801 0.023119 25 
390000000 391000000 0.328007 26 24.1209 0.02331 25 
400000000 401000000 0.296831 26 24.1401 0.023612 25 
410000000 411000000 0.839385 26 24.1907 0.022101 25 
420000000 421000000 0.35628 26 24.2183 0.022921 25 
430000000 431000000 1.72304 27 24.2947 0.019157 25 
440000000 441000000 0.334932 27 24.2989 0.020795 25 
450000000 451000000 0.252325 27 24.3214 0.023431 25 
460000000 461000000 0.446259 26 24.3575 0.022186 25 
470000000 471000000 0.659643 27 24.4005 0.02131 25 
480000000 481000000 0.383368 27 24.4317 0.022392 25 
490000000 491000000 0.382639 27 24.4715 0.021186 25 
500000000 501000000 0.938851 27 24.5095 0.021506 25 
510000000 511000000 1.23714 27 24.5432 0.020724 25 
520000000 521000000 0.483261 26 24.5684 0.020838 25 
530000000 531000000 0.54613 27 24.6032 0.021348 25 
540000000 541000000 0.374266 27 24.6306 0.02197 25 
550000000 551000000 0.284196 27 24.6629 0.023191 25 
560000000 561000000 0.480008 27 24.684 0.022096 25 
570000000 571000000 1.26933 27 24.7014 0.023174 25 
580000000 581000000 0.666691 27 24.7335 0.023341 25 
590000000 591000000 3.61146 27 24.7672 0.021737 25 
600000000 601000000 0.489471 27 24.7812 0.023089 25 
610000000 611000000 1.41933 27 24.8041 0.022397 25 
620000000 621000000 0.302097 27 24.8303 0.022245 25 
630000000 631000000 2.87004 27 24.871 0.022547 26 
640000000 641000000 0.741845 27 24.8657 0.022224 25 
650000000 651000000 0.339196 27 24.8871 0.023203 25 
660000000 661000000 0.530914 27 24.9036 0.021543 25 
670000000 671000000 0.450648 27 24.9231 0.022102 25 
680000000 681000000 0.278691 27 24.9382 0.021678 25 
690000000 691000000 0.335671 27 24.9523 0.022257 25 
700000000 701000000 0.351596 27 24.9685 0.023052 25 
710000000 711000000 0.990806 28 24.9891 0.023241 25 
720000000 721000000 0.869652 27 24.9994 0.02287 25 
730000000 731000000 0.463694 27 25.0102 0.023325 25 
740000000 741000000 0.276588 27 25.0233 0.049948 25 
750000000 751000000 3.12297 27 25.0367 0.023282 26 
760000000 761000000 0.325704 27 25.0472 0.022549 26 
770000000 771000000 1.4742 28 25.081 0.022304 26 
780000000 781000000 0.193162 27 25.0822 0.077152 26 
790000000 791000000 2.15236 27 25.1606 0.021606 26 
800000000 801000000 0.354905 27 25.131 0.023214 26 
810000000 811000000 0.35062 27 25.1351 0.022769 26 
820000000 821000000 0.339559 27 25.143 0.023108 26 
830000000 831000000 0.303353 28 25.1643 0.022643 26 
840000000 841000000 0.371655 27 25.1725 0.022488 26 
850000000 851000000 0.344254 27 25.1849 0.021064 26 
860000000 861000000 0.322259 27 25.2002 0.021457 26 
870000000 871000000 0.27972 27 25.2108 0.022096 26 
880000000 881000000 0.198419 27 25.2243 0.021673 26 
890000000 891000000 0.248845 27 25.2398 0.023449 26 
900000000 901000000 1.04846 28 25.3214 0.022624 26 
910000000 911000000 0.651625 28 25.3214 0.023611 26 
920000000 921000000 0.317431 27 25.3261 0.021571 26 
930000000 931000000 0.298423 27 25.3369 0.023661 26 
940000000 941000000 0.874495 28 25.3472 0.022259 26 
950000000 951000000 0.48243 28 25.3637 0.023212 26 
960000000 961000000 0.244197 28 25.3891 0.022371 26 
970000000 971000000 0.136549 28 25.4278 0.023039 26 
980000000 981000000 0.362079 28 25.455 0.02154 26 
990000000 991000000 1.00435 28 25.471 0.020554 26 

1.in 4.92146 25.5182 alpha: 2
0 1000000 0.01263 17 15.5196 0.010702 16 
10000000 11000000 0.012809 20 18.9943 0.017127 20 
20000000 21000000 0.015119 21 19.9801 0.018642 21 
30000000 31000000 0.013632 22 20.3275 0.01966 21 
40000000 41000000 0.01538 22 20.9658 0.019635 22 
50000000 51000000 0.013673 23 21.0229 0.02114 22 
60000000 61000000 0.014298 23 21.2842 0.01927 22 
70000000 71000000 0.01825 23 21.7471 0.018248 22 
80000000 81000000 0.018503 23 21.9554 0.021558 23 
90000000 91000000 0.018145 23 21.9985 0.02115 23 
100000000 101000000 0.078398 24 22.0541 0.021878 23 
110000000 111000000 0.236643 24 22.3192 0.020982 23 
120000000 121000000 0.303523 24 22.4679 0.021254 23 
130000000 131000000 0.170839 24 22.5861 0.019403 23 
140000000 141000000 0.08817 25 22.7034 0.018555 23 
150000000 151000000 0.328724 25 22.7884 0.02199 23 
160000000 161000000 0.135868 25 22.8821 0.02216 23 
170000000 171000000 0.085147 25 22.9631 0.021962 23 
180000000 181000000 0.113888 25 23.0238 0.019836 24 
190000000 191000000 0.863174 25 23.1215 0.022517 24 
200000000 201000000 0.183836 25 23.1782 0.022643 24 
210000000 211000000 0.291455 25 23.2481 0.020104 24 
220000000 221000000 0.130265 25 23.3236 0.020511 24 
230000000 231000000 0.116398 26 23.3863 0.02313 24 
240000000 241000000 0.185272 26 23.4601 0.019552 24 
250000000 251000000 0.133197 26 23.5167 0.018993 24 
260000000 261000000 0.379247 26 23.5796 0.023719 24 
270000000 271000000 0.176742 26 23.6356 0.022591 24 
280000000 281000000 0.184805 26 23.6918 0.022631 24 
290000000 291000000 0.317461 26 23.7329 0.020307 24 
300000000 301000000 0.140392 26 23.7827 0.022899 24 
310000000 311000000 0.228721 26 23.8205 0.022494 24 
320000000 321000000 0.722609 26 23.8643 0.020392 24 
330000000 331000000 0.117868 26 23.9041 0.022506 24 
340000000 341000000 1.83374 26 24.0077 0.022586 25 
350000000 351000000 0.088951 26 23.9734 0.022867 25 
360000000 361000000 0.130233 26 24.0085 0.022346 25 
370000000 371000000 0.122426 26 24.0372 0.022897 25 
380000000 381000000 0.135447 26 24.0696 0.023029 25 
390000000 391000000 0.75398 26 24.1161 0.020904 25 
400000000 401000000 1.07679 26 24.1662 0.022156 25 
410000000 411000000 0.243564 26 24.1826 0.021572 25 
420000000 421000000 0.173452 26 24.2203 0.022087 25 
430000000 431000000 0.347855 26 24.2572 0.020161 25 
440000000 441000000 0.140077 26 24.2888 0.021734 25 
450000000 451000000 0.122369 26 24.3203 0.021578 25 
460000000 461000000 0.093699 27 24.3511 0.020746 25 
470000000 471000000 0.212691 27 24.3913 0.022187 25 
480000000 481000000 0.17743 26 24.4337 0.023651 25 
490000000 491000000 0.252954 26 24.4741 0.020913 25 
500000000 501000000 0.329395 27 24.5001 0.023664 25 
510000000 511000000 0.371508 27 24.531 0.020961 25 
520000000 521000000 0.159095 27 24.5649 0.023429 25 
530000000 531000000 0.235252 27 24.5998 0.020477 25 
540000000 541000000 0.160373 27 24.6326 0.022215 25 
550000000 551000000 0.394473 27 24.6568 0.022466 25 
560000000 561000000 0.158581 27 24.6884 0.022041 25 
570000000 571000000 0.17515 27 24.7167 0.022149 25 
580000000 581000000 0.262483 27 24.7449 0.022657 25 
590000000 591000000 0.235174 27 24.7691 0.0231 25 
600000000 601000000 0.604271 27 24.782 0.022558 25 
610000000 611000000 0.187045 27 24.8089 0.023231 25 
620000000 621000000 0.284605 27 24.8288 0.02244 25 
630000000 631000000 0.150221 27 24.8511 0.023319 25 
640000000 641000000 0.380343 27 24.8713 0.022968 25 
650000000 651000000 0.208214 27 24.8891 0.022761 25 
660000000 661000000 0.28728 27 24.9031 0.024221 25 
670000000 671000000 0.190036 27 24.9192 0.022278 25 
680000000 681000000 0.208413 27 24.9353 0.021437 25 
690000000 691000000 0.155849 27 24.951 0.024081 25 
700000000 701000000 0.13876 27 24.9614 0.022858 25 
710000000 711000000 0.193868 27 24.9751 0.022959 25 
720000000 721000000 0.103648 27 24.9877 0.022524 25 
730000000 731000000 0.314551 27 24.999 0.021972 25 
740000000 741000000 0.185941 27 25.0127 0.022157 25 
750000000 751000000 0.28466 27 25.0579 0.022998 26 
760000000 761000000 0.179967 27 25.0539 0.021404 26 
770000000 771000000 0.176839 27 25.0595 0.023423 26 
780000000 781000000 0.118892 27 25.0659 0.023313 26 
790000000 791000000 0.197946 27 25.1009 0.023516 26 
800000000 801000000 0.170914 27 25.107 0.020676 26 
810000000 811000000 0.195421 27 25.1162 0.021149 26 
820000000 821000000 0.13034 27 25.126 0.023648 26 
830000000 831000000 0.195296 27 25.1615 0.022702 26 
840000000 841000000 0.164117 28 25.1612 0.02146 26 
850000000 851000000 0.141983 28 25.1686 0.023679 26 
860000000 861000000 0.169487 28 25.1792 0.023083 26 
870000000 871000000 0.174241 28 25.1874 0.02201 26 
880000000 881000000 0.149827 28 25.2029 0.023592 26 
890000000 891000000 0.169258 28 25.2177 0.02626 26 
900000000 901000000 0.128864 28 25.2319 0.022983 26 
910000000 911000000 0.12997 28 25.298 0.022146 26 
920000000 921000000 0.145496 28 25.3091 0.023201 26 
930000000 931000000 0.157601 27 25.3183 0.023621 26 
940000000 941000000 0.336052 27 25.3511 0.025045 26 
950000000 951000000 0.171685 27 25.3657 0.021545 26 
960000000 961000000 0.094219 27 25.3818 0.023252 26 
970000000 971000000 0.613598 28 25.4048 0.022638 26 
980000000 981000000 0.224332 28 25.4847 0.022142 26 
990000000 991000000 1.09315 28 25.4995 0.022628 26 

1.in 5.11261 25.5182 alpha: 5
0 1000000 0.012037 17 15.5196 0.012488 16 
10000000 11000000 0.006905 20 18.9646 0.017205 20 
20000000 21000000 0.008985 21 19.9203 0.018848 21 
30000000 31000000 0.010824 22 20.45 0.019988 21 
40000000 41000000 0.010437 22 20.8927 0.019803 22 
50000000 51000000 0.011539 23 21.1225 0.019732 22 
60000000 61000000 0.01171 23 21.422 0.022452 22 
70000000 71000000 0.013734 23 21.699 0.02252 22 
80000000 81000000 0.014681 23 21.8774 0.022458 23 
90000000 91000000 0.013574 24 21.9972 0.022797 23 
100000000 101000000 0.053941 24 22.1224 0.023942 23 
110000000 111000000 0.138875 24 22.2976 0.020245 23 
120000000 121000000 0.042909 25 22.4677 0.022017 23 
130000000 131000000 0.061046 25 22.5939 0.021911 23 
140000000 141000000 0.345623 25 22.692 0.021842 23 
150000000 151000000 0.11936 25 22.8031 0.021772 23 
160000000 161000000 0.052859 25 22.8885 0.022093 23 
170000000 171000000 0.049298 25 22.9676 0.022513 24 
180000000 181000000 0.060272 26 23.0376 0.023893 24 
190000000 191000000 0.125545 25 23.1152 0.022187 24 
200000000 201000000 0.057749 25 23.1784 0.02089 24 
210000000 211000000 0.036043 25 23.2484 0.021407 24 
220000000 221000000 0.037903 26 23.3328 0.023587 24 
230000000 231000000 1.19002 26 23.4267 0.021388 24 
240000000 241000000 0.052317 26 23.4599 0.020989 24 
250000000 251000000 0.046346 26 23.5223 0.02244 24 
260000000 261000000 0.060946 26 23.5894 0.023022 24 
270000000 271000000 0.093976 26 23.6423 0.022513 24 
280000000 281000000 0.148846 26 23.6915 0.022865 24 
290000000 291000000 0.047733 26 23.7392 0.020926 24 
300000000 301000000 0.052611 26 23.7855 0.022557 24 
310000000 311000000 0.043193 26 23.8288 0.022431 24 
320000000 321000000 0.0521 26 23.8717 0.02111 24 
330000000 331000000 0.063851 26 23.9068 0.021355 24 
340000000 341000000 0.157749 26 23.9469 0.022346 24 
350000000 351000000 0.051615 26 23.9825 0.022959 24 
360000000 361000000 0.054744 26 24.0204 0.021223 24 
370000000 371000000 0.043307 26 24.0609 0.022556 24 
380000000 381000000 0.080289 26 24.1008 0.0234 25 
390000000 391000000 0.042035 26 24.125 0.023177 25 
400000000 401000000 0.057656 26 24.1539 0.022874 25 
410000000 411000000 0.056225 26 24.1906 0.022345 25 
420000000 421000000 0.05967 26 24.2275 0.023312 25 
430000000 431000000 0.055808 26 24.2672 0.021962 25 
440000000 441000000 0.046446 26 24.3071 0.020655 25 
450000000 451000000 0.058424 27 24.347 0.022792 25 
460000000 461000000 0.046054 27 24.3853 0.022662 25 
470000000 471000000 0.083144 27 24.4214 0.021189 25 
480000000 481000000 0.070867 27 24.4558 0.020955 25 
490000000 491000000 1.23152 27 24.4991 0.020954 25 
500000000 501000000 0.063569 27 24.5171 0.023356 25 
510000000 511000000 0.074255 27 24.5459 0.023925 25 
520000000 521000000 0.117387 27 24.5784 0.022901 25 
530000000 531000000 0.052476 27 24.6056 0.02347 25 
540000000 541000000 0.051229 27 24.6329 0.022662 25 
550000000 551000000 0.057081 27 24.6602 0.023424 25 
560000000 561000000 0.132879 27 24.6867 0.021322 25 
570000000 571000000 0.04921 27 24.7047 0.021034 25 
580000000 581000000 0.069264 27 24.7328 0.022924 25 
590000000 591000000 0.068485 27 24.7582 0.022757 25 
600000000 601000000 0.041288 27 24.7826 0.023149 25 
610000000 611000000 0.054426 27 24.8041 0.022827 25 
620000000 621000000 0.041227 27 24.8253 0.022888 25 
630000000 631000000 0.03987 27 24.8453 0.022651 25 
640000000 641000000 0.051864 27 24.8661 0.023478 25 
650000000 651000000 0.054466 27 24.885 0.022156 25 
660000000 661000000 0.043695 27 24.9028 0.022925 25 
670000000 671000000 0.078089 27 24.9213 0.02132 25 
680000000 681000000 0.679197 27 24.938 0.021771 25 
690000000 691000000 0.043787 27 24.9545 0.022715 25 
700000000 701000000 0.047165 27 24.9711 0.022397 25 
710000000 711000000 0.056995 27 24.9883 0.022951 25 
720000000 721000000 0.047708 27 25.0045 0.021183 25 
730000000 731000000 0.036868 27 25.0217 0.0231 25 
740000000 741000000 0.056261 27 25.0365 0.023973 25 
750000000 751000000 0.045373 27 25.0539 0.023146 25 
760000000 761000000 0.040832 27 25.0705 0.02253 25 
770000000 771000000 0.037967 27 25.0873 0.022692 25 
780000000 781000000 0.029449 27 25.1047 0.020712 25 
790000000 791000000 0.190323 27 25.1457 0.022318 26 
800000000 801000000 0.063173 27 25.1571 0.024629 26 
810000000 811000000 0.05835 27 25.171 0.021952 26 
820000000 821000000 0.054291 27 25.1886 0.022952 26 
830000000 831000000 0.038208 27 25.2084 0.023817 26 
840000000 841000000 0.045614 27 25.2264 0.022996 26 
850000000 851000000 0.047222 27 25.2443 0.020979 26 
860000000 861000000 0.043047 27 25.2619 0.022813 26 
870000000 871000000 0.037328 27 25.2797 0.022397 26 
880000000 881000000 0.043826 28 25.2981 0.021341 26 
890000000 891000000 0.063122 28 25.3151 0.023025 26 
900000000 901000000 0.041176 28 25.3332 0.022566 26 
910000000 911000000 0.038427 28 25.3503 0.022816 26 
920000000 921000000 0.274803 28 25.371 0.019701 26 
930000000 931000000 0.089273 28 25.3742 0.022584 26 
940000000 941000000 0.108672 28 25.3831 0.023009 26 
950000000 951000000 0.044479 28 25.3946 0.021511 26 
960000000 961000000 0.033089 28 25.4101 0.019945 26 
970000000 971000000 0.174444 28 25.4283 0.02089 26 
980000000 981000000 0.035668 28 25.4487 0.022988 26 
990000000 991000000 0.14455 28 25.4694 0.021169 26 

1.in 4.87955 25.5182 alpha: 10
0 1000000 0.012351 17 15.5196 0.017013 16 
10000000 11000000 0.006767 21 18.9978 0.017445 20 
20000000 21000000 0.007524 22 19.9403 0.019833 21 
30000000 31000000 0.009708 23 20.5072 0.019883 21 
40000000 41000000 0.009255 23 20.9118 0.020545 22 
50000000 51000000 0.009535 24 21.2229 0.021724 22 
60000000 61000000 0.011083 24 21.4881 0.022457 22 
70000000 71000000 0.010504 24 21.7107 0.022419 23 
80000000 81000000 0.011844 24 21.8991 0.024547 23 
90000000 91000000 0.011975 25 22.0645 0.022887 23 
100000000 101000000 0.041552 25 22.2176 0.023847 23 
110000000 111000000 0.065711 25 22.3718 0.02239 23 
120000000 121000000 0.028366 26 22.5068 0.022604 23 
130000000 131000000 0.062066 26 22.6369 0.022361 23 
140000000 141000000 0.024747 26 22.7001 0.021043 23 
150000000 151000000 0.021356 26 22.826 0.022662 23 
160000000 161000000 0.049949 26 22.9023 0.021974 23 
170000000 171000000 0.132916 25 22.964 0.022978 24 
180000000 181000000 0.043226 26 23.0606 0.023176 24 
190000000 191000000 0.023619 26 23.1455 0.021796 24 
200000000 201000000 0.031387 26 23.2325 0.021926 24 
210000000 211000000 0.022971 26 23.3102 0.022004 24 
220000000 221000000 0.025012 26 23.3421 0.022642 24 
230000000 231000000 0.032012 26 23.4139 0.022811 24 
240000000 241000000 0.024341 27 23.4822 0.021966 24 
250000000 251000000 0.021464 26 23.5509 0.020742 24 
260000000 261000000 0.03563 27 23.6175 0.021177 24 
270000000 271000000 0.035571 28 23.6796 0.022538 24 
280000000 281000000 0.032721 27 23.7274 0.022977 24 
290000000 291000000 0.034708 27 23.7891 0.02177 24 
300000000 301000000 0.038449 27 23.8522 0.022135 24 
310000000 311000000 0.032255 27 23.8697 0.022949 24 
320000000 321000000 0.02038 27 23.915 0.023056 24 
330000000 331000000 0.022158 27 23.9596 0.022701 24 
340000000 341000000 0.02415 27 24.0037 0.022543 24 
350000000 351000000 0.025265 27 24.0472 0.022302 24 
360000000 361000000 0.018631 27 24.0914 0.022333 24 
370000000 371000000 0.025247 27 24.1355 0.021785 24 
380000000 381000000 0.032115 27 24.1793 0.021031 24 
390000000 391000000 0.032452 28 24.2236 0.023749 24 
400000000 401000000 0.028632 28 24.2632 0.02241 24 
410000000 411000000 0.016952 27 24.3042 0.022313 24 
420000000 421000000 0.053484 28 24.3059 0.022002 25 
430000000 431000000 0.023548 28 24.3465 0.023063 25 
440000000 441000000 0.023423 28 24.3839 0.023119 25 
450000000 451000000 0.019209 28 24.415 0.02272 25 
460000000 461000000 0.024524 28 24.4478 0.022723 25 
470000000 471000000 0.024401 28 24.483 0.022798 25 
480000000 481000000 0.025448 28 24.5185 0.022496 25 
490000000 491000000 0.021961 28 24.5512 0.022492 25 
500000000 501000000 0.026536 28 24.5852 0.022507 25 
510000000 511000000 0.020072 28 24.6172 0.021244 25 
520000000 521000000 0.025761 28 24.6475 0.019598 25 
530000000 531000000 0.142798 27 24.613 0.022948 25 
540000000 541000000 0.021653 27 24.638 0.023221 25 
550000000 551000000 0.023321 28 24.6653 0.022836 25 
560000000 561000000 0.022971 27 24.6918 0.023763 25 
570000000 571000000 0.017937 28 24.7191 0.022619 25 
580000000 581000000 0.020797 28 24.7439 0.024085 25 
590000000 591000000 0.018118 28 24.7701 0.022575 25 
600000000 601000000 0.019598 28 24.7949 0.022737 25 
610000000 611000000 0.02132 28 24.8197 0.022281 25 
620000000 621000000 0.018141 28 24.8442 0.022037 25 
630000000 631000000 0.016474 28 24.8694 0.024327 25 
640000000 641000000 0.019503 28 24.8929 0.022678 25 
650000000 651000000 0.01688 28 24.9175 0.020854 25 
660000000 661000000 0.023567 28 24.9403 0.020186 25 
670000000 671000000 0.01847 28 24.964 0.02242 25 
680000000 681000000 0.015248 28 24.9872 0.023034 25 
690000000 691000000 0.019647 28 25.0092 0.02237 25 
700000000 701000000 0.016748 28 25.0322 0.022934 25 
710000000 711000000 0.01979 28 25.0547 0.021129 25 
720000000 721000000 0.01929 28 25.077 0.022329 25 
730000000 731000000 0.02605 28 25.0988 0.02089 25 
740000000 741000000 0.02154 28 25.1215 0.023075 25 
750000000 751000000 0.017874 28 25.1427 0.021181 25 
760000000 761000000 0.0194 28 25.1638 0.022716 25 
770000000 771000000 0.024156 28 25.1838 0.02229 25 
780000000 781000000 0.016952 28 25.2044 0.022779 25 
790000000 791000000 0.01528 28 25.2248 0.022686 25 
800000000 801000000 0.020765 28 25.2448 0.020459 25 
810000000 811000000 0.019267 28 25.2594 0.022486 25 
820000000 821000000 0.018703 28 25.2794 0.022519 25 
830000000 831000000 0.073723 29 25.2988 0.022646 25 
840000000 841000000 0.018964 29 25.3177 0.022966 25 
850000000 851000000 0.023169 29 25.3372 0.023964 25 
860000000 861000000 0.015843 29 25.3556 0.020312 25 
870000000 871000000 0.017357 29 25.3741 0.02191 25 
880000000 881000000 0.029159 29 25.3902 0.021661 25 
890000000 891000000 0.019238 29 25.4075 0.021403 25 
900000000 901000000 0.021579 29 25.4253 0.022563 25 
910000000 911000000 0.021016 29 25.443 0.020888 25 
920000000 921000000 0.018967 29 25.4606 0.022651 25 
930000000 931000000 0.022304 29 25.478 0.022573 25 
940000000 941000000 0.015275 29 25.4956 0.022542 25 
950000000 951000000 0.020997 29 25.5122 0.020637 25 
960000000 961000000 0.019965 29 25.5289 0.022755 25 
970000000 971000000 0.023731 29 25.5469 0.021827 25 
980000000 981000000 0.027358 29 25.551 0.022349 25 
990000000 991000000 0.023459 29 25.5564 0.022416 26 

1.in 4.67286 25.5182 alpha: 20
0 1000000 0.011693 17 15.5196 0.012223 16 
10000000 11000000 0.005322 22 19.0372 0.017218 20 
20000000 21000000 0.006507 23 19.9909 0.019146 21 
30000000 31000000 0.007501 23 20.5625 0.020081 21 
40000000 41000000 0.009056 24 20.9742 0.021017 22 
50000000 51000000 0.00884 25 21.2941 0.021571 22 
60000000 61000000 0.00973 25 21.5582 0.022105 23 
70000000 71000000 0.010347 25 21.7816 0.023019 23 
80000000 81000000 0.010859 25 21.975 0.023291 23 
90000000 91000000 0.011344 26 22.1461 0.024226 23 
100000000 101000000 0.033984 26 22.3023 0.023635 24 
110000000 111000000 0.127933 26 22.4528 0.021959 24 
120000000 121000000 0.016908 26 22.5855 0.022654 24 
130000000 131000000 0.012914 28 22.7968 0.021253 24 
140000000 141000000 0.014945 28 22.804 0.022992 23 
150000000 151000000 0.014921 28 22.9635 0.021205 23 
160000000 161000000 0.022796 28 23.129 0.022325 23 
170000000 171000000 0.01943 29 23.2679 0.022644 23 
180000000 181000000 0.01687 27 23.0521 0.021466 23 
190000000 191000000 0.015212 28 23.1744 0.022887 23 
200000000 201000000 0.01524 29 23.2898 0.021777 23 
210000000 211000000 0.013193 29 23.3896 0.021624 23 
220000000 221000000 0.016442 30 23.505 0.021077 23 
230000000 231000000 0.019817 30 23.6006 0.020633 23 
240000000 241000000 0.01613 30 23.6893 0.022032 23 
250000000 251000000 0.017327 30 23.7845 0.022508 23 
260000000 261000000 0.017873 31 23.8702 0.023517 23 
270000000 271000000 0.06424 31 23.9409 0.021256 24 
280000000 281000000 0.015025 31 24.0319 0.02253 24 
290000000 291000000 0.011966 28 23.7931 0.023208 24 
300000000 301000000 0.012839 29 23.8591 0.022935 24 
310000000 311000000 0.01052 29 23.9209 0.022962 24 
320000000 321000000 0.012736 29 23.9815 0.021881 24 
330000000 331000000 0.01159 30 24.0375 0.022203 24 
340000000 341000000 0.014505 30 24.0956 0.024033 24 
350000000 351000000 0.013437 30 24.1488 0.023795 24 
360000000 361000000 0.014698 30 24.2052 0.022263 24 
370000000 371000000 0.011918 30 24.2547 0.022392 24 
380000000 381000000 0.012809 30 24.3029 0.022129 24 
390000000 391000000 0.013324 30 24.3575 0.022423 24 
400000000 401000000 0.011971 30 24.4022 0.022405 24 
410000000 411000000 0.011931 30 24.4484 0.020876 24 
420000000 421000000 0.016122 30 24.4957 0.022939 24 
430000000 431000000 0.016415 31 24.542 0.022548 24 
440000000 441000000 0.015966 31 24.5852 0.0222 24 
450000000 451000000 0.01541 31 24.6291 0.022458 24 
460000000 461000000 0.01563 31 24.6683 0.022578 24 
470000000 471000000 0.013745 31 24.7064 0.024058 24 
480000000 481000000 0.013733 31 24.745 0.021877 24 
490000000 491000000 0.014892 31 24.7827 0.024099 24 
500000000 501000000 0.014756 31 24.8183 0.02272 24 
510000000 511000000 0.013549 31 24.8546 0.02257 24 
520000000 521000000 0.015101 31 24.8884 0.022298 24 
530000000 531000000 0.015568 32 24.9238 0.020325 24 
540000000 541000000 0.01605 31 24.9603 0.022154 24 
550000000 551000000 0.01476 31 24.9952 0.021869 24 
560000000 561000000 0.014023 31 25.0273 0.022334 24 
570000000 571000000 0.018586 31 25.0606 0.02152 24 
580000000 581000000 0.020271 31 25.0901 0.021005 24 
590000000 591000000 0.013497 31 25.1223 0.020299 24 
600000000 601000000 0.018451 31 25.152 0.022121 24 
610000000 611000000 0.01417 32 25.1836 0.022298 24 
620000000 621000000 0.013596 32 25.2132 0.0223 24 
630000000 631000000 0.016689 32 25.2448 0.019974 24 
640000000 641000000 0.014766 32 25.2725 0.021087 24 
650000000 651000000 0.01552 32 25.3 0.023615 24 
660000000 661000000 0.015554 33 25.3268 0.022671 24 
670000000 671000000 0.015595 33 25.3553 0.022648 24 
680000000 681000000 0.013086 33 25.3783 0.021758 24 
690000000 691000000 0.015036 33 25.4041 0.022691 24 
700000000 701000000 0.015748 33 25.3907 0.022424 24 
710000000 711000000 0.016172 33 25.4162 0.022535 24 
720000000 721000000 0.021651 33 25.4401 0.021449 24 
730000000 731000000 0.015362 33 25.3774 0.021294 25 
740000000 741000000 0.015603 33 25.4029 0.022773 25 
750000000 751000000 0.012927 33 25.4262 0.022135 25 
760000000 761000000 0.015037 33 25.4497 0.02099 25 
770000000 771000000 0.013104 33 25.4694 0.023574 25 
780000000 781000000 0.010468 33 25.4899 0.021706 25 
790000000 791000000 0.012398 32 25.5116 0.020801 25 
800000000 801000000 0.013266 32 25.5327 0.022499 25 
810000000 811000000 0.014062 33 25.5521 0.023521 25 
820000000 821000000 0.011223 33 25.5509 0.022198 25 
830000000 831000000 0.011991 33 25.5739 0.020619 25 
840000000 841000000 0.013308 33 25.5944 0.020921 25 
850000000 851000000 0.017282 33 25.6156 0.022399 25 
860000000 861000000 0.013562 33 25.6346 0.022881 25 
870000000 871000000 0.014144 33 25.6544 0.022285 25 
880000000 881000000 0.012456 33 25.6739 0.020902 25 
890000000 891000000 0.014197 33 25.6937 0.022175 25 
900000000 901000000 0.017337 33 25.7136 0.022954 25 
910000000 911000000 0.012991 33 25.7316 0.023971 25 
920000000 921000000 0.017017 33 25.7506 0.022002 25 
930000000 931000000 0.013078 33 25.7687 0.021815 25 
940000000 941000000 0.012049 33 25.7889 0.022162 25 
950000000 951000000 0.020098 33 25.8062 0.021305 25 
960000000 961000000 0.013931 33 25.8248 0.022298 25 
970000000 971000000 0.012963 33 25.8391 0.02232 25 
980000000 981000000 0.015725 33 25.8542 0.021976 25 
990000000 991000000 0.019722 33 25.8677 0.021286 25 

1.in 5.16887 25.5182 alpha: 30
0 1000000 0.011728 17 15.5196 0.01075 16 
10000000 11000000 0.00532 22 19.039 0.017993 20 
20000000 21000000 0.006525 23 19.994 0.019129 21 
30000000 31000000 0.007711 24 20.5664 0.019925 21 
40000000 41000000 0.008437 24 20.9792 0.021004 22 
50000000 51000000 0.009325 25 21.3 0.022213 22 
60000000 61000000 0.01066 25 21.5644 0.022965 23 
70000000 71000000 0.010506 25 21.7885 0.022602 23 
80000000 81000000 0.011665 26 21.9827 0.021363 23 
90000000 91000000 0.011745 26 22.1543 0.023835 23 
100000000 101000000 0.028752 26 22.3167 0.023896 24 
110000000 111000000 0.025219 28 22.5184 0.02368 24 
120000000 121000000 0.015167 31 22.8245 0.022898 24 
130000000 131000000 0.012779 30 22.9165 0.021935 24 
140000000 141000000 0.019282 34 23.2069 0.021983 24 
150000000 151000000 0.011553 31 23.1276 0.022081 24 
160000000 161000000 0.011038 33 23.3486 0.022877 24 
170000000 171000000 0.018835 33 23.5669 0.023057 24 
180000000 181000000 0.035103 30 23.2407 0.021181 24 
190000000 191000000 0.012905 32 23.4148 0.02265 24 
200000000 201000000 0.014799 32 23.5663 0.022982 24 
210000000 211000000 0.013132 33 23.7088 0.022966 24 
220000000 221000000 0.012155 35 23.8639 0.021669 24 
230000000 231000000 0.01698 35 23.9938 0.023109 24 
240000000 241000000 0.013594 35 24.1109 0.021041 24 
250000000 251000000 0.016647 35 24.2269 0.021444 24 
260000000 261000000 0.017382 35 24.3337 0.022657 24 
270000000 271000000 0.012271 28 23.685 0.022347 24 
280000000 281000000 0.009112 30 23.7644 0.023587 24 
290000000 291000000 0.010861 31 23.8424 0.023337 24 
300000000 301000000 0.010729 32 23.9206 0.023321 24 
310000000 311000000 0.013091 32 23.998 0.022747 24 
320000000 321000000 0.010866 33 24.0689 0.0233 24 
330000000 331000000 0.012442 33 24.139 0.022364 24 
340000000 341000000 0.011419 33 24.2071 0.021097 24 
350000000 351000000 0.010912 33 24.2689 0.022934 24 
360000000 361000000 0.015434 34 24.3351 0.021775 24 
370000000 371000000 0.013868 34 24.3942 0.023252 24 
380000000 381000000 0.011128 33 24.4552 0.02257 24 
390000000 391000000 0.012841 34 24.5218 0.022594 24 
400000000 401000000 0.011584 34 24.5745 0.022086 24 
410000000 411000000 0.011032 34 24.628 0.022701 24 
420000000 421000000 0.014269 34 24.6718 0.022596 24 
430000000 431000000 0.013847 34 24.725 0.022766 24 
440000000 441000000 0.013548 34 24.7798 0.022213 24 
450000000 451000000 0.014815 34 24.8306 0.022238 24 
460000000 461000000 0.013266 34 24.8732 0.022305 24 
470000000 471000000 0.011734 34 24.9186 0.022456 24 
480000000 481000000 0.014356 35 24.9636 0.023521 24 
490000000 491000000 0.014716 35 25.0069 0.021054 24 
500000000 501000000 0.01182 35 25.0503 0.022365 24 
510000000 511000000 0.014089 35 25.0902 0.022304 24 
520000000 521000000 0.011304 35 25.1303 0.020712 24 
530000000 531000000 0.012664 35 25.1709 0.022361 24 
540000000 541000000 0.014014 35 25.2123 0.022996 24 
550000000 551000000 0.011597 35 25.2531 0.022259 24 
560000000 561000000 0.013423 35 25.2884 0.023467 24 
570000000 571000000 0.012931 35 25.3304 0.020445 24 
580000000 581000000 0.014034 35 25.3662 0.021267 24 
590000000 591000000 0.020249 35 25.4052 0.02226 24 
600000000 601000000 0.01122 35 25.4382 0.021652 24 
610000000 611000000 0.013605 35 25.4746 0.022258 24 
620000000 621000000 0.01279 35 25.5087 0.022281 24 
630000000 631000000 0.01162 35 25.5449 0.022516 24 
640000000 641000000 0.012228 35 25.5769 0.021944 24 
650000000 651000000 0.012353 35 25.6076 0.022531 24 
660000000 661000000 0.013007 37 25.6382 0.0217 24 
670000000 671000000 0.010555 37 25.6718 0.022879 24 
680000000 681000000 0.012789 35 25.7014 0.022309 24 
690000000 691000000 0.013845 35 25.7303 0.021879 24 
700000000 701000000 0.014143 35 25.759 0.020378 24 
710000000 711000000 0.012941 35 25.7882 0.021882 24 
720000000 721000000 0.013726 35 25.8156 0.02205 24 
730000000 731000000 0.016625 36 25.8444 0.022015 24 
740000000 741000000 0.012767 36 25.8735 0.022288 24 
750000000 751000000 0.012642 36 25.8997 0.023594 24 
760000000 761000000 0.012569 36 25.927 0.021729 24 
770000000 771000000 0.011619 36 25.9524 0.020798 24 
780000000 781000000 0.011914 36 25.9772 0.021059 24 
790000000 791000000 0.013043 36 26.0034 0.021824 24 
800000000 801000000 0.012993 36 26.0284 0.021856 24 
810000000 811000000 0.013768 36 26.0522 0.02071 24 
820000000 821000000 0.013298 36 26.0777 0.021936 24 
830000000 831000000 0.013205 36 26.1047 0.022292 24 
840000000 841000000 0.021029 36 26.1293 0.021591 24 
850000000 851000000 0.013825 36 26.153 0.020454 24 
860000000 861000000 0.01417 36 26.1756 0.020854 24 
870000000 871000000 0.015291 36 26.1987 0.021707 24 
880000000 881000000 0.016886 36 26.2216 0.022922 24 
890000000 891000000 0.014106 36 26.2432 0.022438 24 
900000000 901000000 0.01624 36 26.2669 0.023077 24 
910000000 911000000 0.012581 36 26.2872 0.021683 24 
920000000 921000000 0.01885 36 26.309 0.022203 24 
930000000 931000000 0.015534 36 26.3315 0.021001 24 
940000000 941000000 0.011011 36 26.3539 0.01976 24 
950000000 951000000 0.016504 36 26.3734 0.021984 24 
960000000 961000000 0.016478 36 26.3932 0.020023 24 
970000000 971000000 0.022382 36 26.4153 0.019956 24 
980000000 981000000 0.014237 36 26.4314 0.020584 24 
990000000 991000000 0.014093 36 26.4491 0.022177 24 

1.in 5.08629 25.5182 alpha: 40
0 1000000 0.01187 17 15.5196 0.009254 16 
10000000 11000000 0.005242 22 19.039 0.017669 20 
20000000 21000000 0.006446 23 19.994 0.019614 21 
30000000 31000000 0.007492 24 20.5664 0.020304 21 
40000000 41000000 0.008433 24 20.9792 0.021269 22 
50000000 51000000 0.009061 25 21.3 0.021808 22 
60000000 61000000 0.010045 25 21.5644 0.022881 23 
70000000 71000000 0.010268 25 21.7886 0.022662 23 
80000000 81000000 0.010751 26 21.9827 0.023084 23 
90000000 91000000 0.011063 26 22.1543 0.024381 23 
100000000 101000000 0.019125 26 22.3238 0.023649 24 
110000000 111000000 0.02549 36 22.6906 0.023124 24 
120000000 121000000 0.011746 37 23.0359 0.023094 24 
130000000 131000000 0.010201 35 23.104 0.022882 24 
140000000 141000000 0.010838 39 23.5165 0.023447 24 
150000000 151000000 0.016464 39 23.8906 0.02179 24 
160000000 161000000 0.033528 41 24.2465 0.02126 24 
170000000 171000000 0.018675 37 23.676 0.022844 24 
180000000 181000000 0.017697 37 23.9395 0.021802 24 
190000000 191000000 0.01239 39 24.224 0.022924 24 
200000000 201000000 0.013978 41 24.5013 0.023102 24 
210000000 211000000 0.013578 41 24.7134 0.023306 24 
220000000 221000000 0.010483 36 23.9533 0.022838 24 
230000000 231000000 0.014421 36 24.1273 0.023594 24 
240000000 241000000 0.01055 37 24.2978 0.022638 24 
250000000 251000000 0.012672 39 24.4542 0.025258 24 
260000000 261000000 0.013133 39 24.5972 0.023465 24 
270000000 271000000 0.012722 40 24.7352 0.023475 24 
280000000 281000000 0.011754 41 24.8801 0.023283 24 
290000000 291000000 0.011727 41 25.0038 0.023516 24 
300000000 301000000 0.014183 42 25.1447 0.021707 24 
310000000 311000000 0.013148 43 25.2685 0.023056 24 
320000000 321000000 0.008065 31 24.3126 0.023126 24 
330000000 331000000 0.010423 33 24.3905 0.023568 24 
340000000 341000000 0.009763 37 24.4655 0.0234 24 
350000000 351000000 0.008582 37 24.5376 0.023492 24 
360000000 361000000 0.010627 37 24.6131 0.021785 24 
370000000 371000000 0.010459 37 24.6812 0.023125 24 
380000000 381000000 0.008235 37 24.7496 0.022837 24 
390000000 391000000 0.008921 37 24.8193 0.02168 24 
400000000 401000000 0.009111 37 24.8807 0.022666 24 
410000000 411000000 0.008628 37 24.9409 0.02129 24 
420000000 421000000 0.00897 38 25.0012 0.021053 24 
430000000 431000000 0.010666 38 25.0632 0.023294 24 
440000000 441000000 0.01057 38 25.1232 0.02336 24 
450000000 451000000 0.010904 38 25.1816 0.023726 24 
460000000 461000000 0.013824 38 25.233 0.022276 24 
470000000 471000000 0.010246 38 25.2848 0.022976 24 
480000000 481000000 0.011071 38 25.3376 0.023081 24 
490000000 491000000 0.010514 38 25.386 0.022364 24 
500000000 501000000 0.010153 39 25.4355 0.023118 24 
510000000 511000000 0.009549 39 25.482 0.023119 24 
520000000 521000000 0.010381 39 25.5274 0.023439 24 
530000000 531000000 0.011756 39 25.5721 0.02318 24 
540000000 541000000 0.009634 39 25.6178 0.022884 24 
550000000 551000000 0.010663 39 25.6637 0.021584 24 
560000000 561000000 0.009605 40 25.7058 0.023046 24 
570000000 571000000 0.008073 31 24.7234 0.023412 25 
580000000 581000000 0.009338 33 24.7523 0.023145 25 
590000000 591000000 0.009347 33 24.7818 0.023195 25 
600000000 601000000 0.008618 33 24.8107 0.021028 25 
610000000 611000000 0.008702 33 24.8387 0.023369 25 
620000000 621000000 0.009059 35 24.8665 0.023697 25 
630000000 631000000 0.008244 35 24.8935 0.022252 25 
640000000 641000000 0.009302 35 24.9205 0.024409 25 
650000000 651000000 0.009721 35 24.9476 0.022698 25 
660000000 661000000 0.009062 35 24.9741 0.020968 25 
670000000 671000000 0.008598 35 25.0005 0.02316 25 
680000000 681000000 0.009607 36 25.0271 0.022742 25 
690000000 691000000 0.009163 36 25.0521 0.022585 25 
700000000 701000000 0.009539 36 25.0772 0.022644 25 
710000000 711000000 0.010545 36 25.1025 0.022684 25 
720000000 721000000 0.009228 36 25.1267 0.021791 25 
730000000 731000000 0.008861 36 25.1514 0.02107 25 
740000000 741000000 0.010242 36 25.1746 0.024663 25 
750000000 751000000 0.009229 36 25.1982 0.022722 25 
760000000 761000000 0.009835 36 25.2213 0.021703 25 
770000000 771000000 0.009068 36 25.2444 0.021874 25 
780000000 781000000 0.009357 36 25.2669 0.021049 25 
790000000 791000000 0.010277 36 25.2894 0.022444 25 
800000000 801000000 0.010912 36 25.3115 0.022758 25 
810000000 811000000 0.010776 36 25.333 0.022543 25 
820000000 821000000 0.011376 36 25.3548 0.023095 25 
830000000 831000000 0.009778 36 25.3767 0.023691 25 
840000000 841000000 0.011738 36 25.3978 0.023301 25 
850000000 851000000 0.010214 35 25.4184 0.020351 25 
860000000 861000000 0.011127 35 25.4391 0.022172 25 
870000000 871000000 0.011769 35 25.4595 0.020692 25 
880000000 881000000 0.009839 35 25.4799 0.022416 25 
890000000 891000000 0.011517 35 25.4993 0.022986 25 
900000000 901000000 0.010566 36 25.5187 0.0207 25 
910000000 911000000 0.011792 36 25.5378 0.021141 25 
920000000 921000000 0.01081 36 25.5569 0.022254 25 
930000000 931000000 0.010897 36 25.5764 0.020815 25 
940000000 941000000 0.0123 36 25.5953 0.020905 25 
950000000 951000000 0.011404 36 25.6133 0.019931 25 
960000000 961000000 0.010858 36 25.6318 0.022743 25 
970000000 971000000 0.010329 37 25.6671 0.023877 25 
980000000 981000000 0.012044 38 25.709 0.02192 25 
990000000 991000000 0.010991 38 25.7525 0.022192 25 

1.in 4.86241 25.5182 alpha: 45
0 1000000 0.01254 17 15.5196 0.012162 16 
10000000 11000000 0.005396 22 19.039 0.017432 20 
20000000 21000000 0.006982 23 19.994 0.020308 21 
30000000 31000000 0.008093 24 20.5664 0.02064 21 
40000000 41000000 0.008397 24 20.9792 0.021574 22 
50000000 51000000 0.009321 25 21.3 0.022946 22 
60000000 61000000 0.009528 25 21.5644 0.022653 23 
70000000 71000000 0.010573 25 21.7886 0.022345 23 
80000000 81000000 0.010979 26 21.9827 0.02332 23 
90000000 91000000 0.011297 26 22.1543 0.023807 23 
100000000 101000000 0.015653 28 22.3381 0.022696 24 
110000000 111000000 0.013857 37 22.7614 0.023631 24 
120000000 121000000 0.018673 37 23.0415 0.023224 24 
130000000 131000000 0.013748 41 23.6342 0.02442 24 
140000000 141000000 0.012233 41 23.654 0.023655 24 
150000000 151000000 0.013952 43 24.1425 0.023993 24 
160000000 161000000 0.012237 44 24.6022 0.021746 24 
170000000 171000000 0.014103 41 24.0254 0.023564 24 
180000000 181000000 0.013695 41 24.3629 0.023102 24 
190000000 191000000 0.013582 46 24.7367 0.023905 24 
200000000 201000000 0.016001 46 25.0751 0.02383 24 
210000000 211000000 0.011955 46 25.3422 0.023848 24 
220000000 221000000 0.01377 48 25.6457 0.02408 24 
230000000 231000000 0.014126 48 25.8993 0.023643 24 
240000000 241000000 0.011923 48 26.1291 0.023286 24 
250000000 251000000 0.016103 48 26.3507 0.023093 24 
260000000 261000000 0.010587 37 24.7564 0.023818 24 
270000000 271000000 0.009621 39 24.9074 0.024809 24 
280000000 281000000 0.009618 39 25.0577 0.02153 24 
290000000 291000000 0.009753 44 25.208 0.024542 24 
300000000 301000000 0.010565 44 25.3479 0.022769 24 
310000000 311000000 0.01108 44 25.4877 0.023508 24 
320000000 321000000 0.008979 44 25.6192 0.023549 24 
330000000 331000000 0.010931 45 25.7467 0.024069 24 
340000000 341000000 0.011926 46 25.8708 0.022797 24 
350000000 351000000 0.010117 46 25.979 0.023098 24 
360000000 361000000 0.013327 46 26.0966 0.023766 24 
370000000 371000000 0.010547 46 26.1971 0.022645 24 
380000000 381000000 0.009791 46 26.3028 0.023379 24 
390000000 391000000 1.7567 28 25.2339 0.023936 24 
400000000 401000000 0.008673 35 25.2973 0.023862 24 
410000000 411000000 0.008165 35 25.3579 0.023527 24 
420000000 421000000 0.009033 35 25.4186 0.023292 24 
430000000 431000000 0.00826 36 25.4791 0.021347 24 
440000000 441000000 0.009449 37 25.537 0.023054 24 
450000000 451000000 0.008913 38 25.5944 0.02148 24 
460000000 461000000 0.009927 38 25.6485 0.021049 24 
470000000 471000000 0.009024 38 25.7035 0.022087 24 
480000000 481000000 0.009241 39 25.7561 0.023224 24 
490000000 491000000 0.009746 39 25.8077 0.021738 24 
500000000 501000000 0.009421 39 25.8576 0.023355 24 
510000000 511000000 0.009743 39 25.9055 0.021604 24 
520000000 521000000 0.009618 39 25.9536 0.023253 24 
530000000 531000000 0.007686 39 25.9999 0.023379 24 
540000000 541000000 0.009624 40 26.0454 0.023536 24 
550000000 551000000 0.009015 40 26.0909 0.02323 24 
560000000 561000000 0.00947 40 26.1365 0.023399 24 
570000000 571000000 0.009465 40 26.1822 0.023521 24 
580000000 581000000 0.010144 40 26.2256 0.023568 24 
590000000 591000000 0.011121 40 26.2704 0.023121 24 
600000000 601000000 0.009469 40 26.3112 0.023362 24 
610000000 611000000 0.010157 40 26.3521 0.024527 24 
620000000 621000000 0.009 40 26.3907 0.021355 24 
630000000 631000000 0.009157 40 26.4294 0.024381 24 
640000000 641000000 0.009982 40 26.4651 0.023446 24 
650000000 651000000 0.008927 30 25.5244 0.02271 25 
660000000 661000000 0.010124 30 25.5529 0.023485 25 
670000000 671000000 0.009265 31 25.5809 0.023558 25 
680000000 681000000 0.008868 31 25.6087 0.023183 25 
690000000 691000000 0.010202 34 25.6355 0.023801 25 
700000000 701000000 0.009939 35 25.6623 0.023739 25 
710000000 711000000 0.010678 35 25.6889 0.021235 25 
720000000 721000000 0.008847 35 25.7148 0.022923 25 
730000000 731000000 0.010555 35 25.7407 0.023113 25 
740000000 741000000 0.010025 35 25.766 0.021239 25 
750000000 751000000 0.00962 35 25.7909 0.024838 25 
760000000 761000000 0.009432 35 25.8156 0.021575 25 
770000000 771000000 0.008924 35 25.8405 0.023679 25 
780000000 781000000 0.009385 35 25.8646 0.024209 25 
790000000 791000000 0.010555 35 25.8888 0.023426 25 
800000000 801000000 0.009517 35 25.9125 0.02324 25 
810000000 811000000 0.010439 35 25.9358 0.023091 25 
820000000 821000000 0.011321 35 25.9586 0.023455 25 
830000000 831000000 0.011162 35 25.9819 0.021825 25 
840000000 841000000 0.011479 35 26.0042 0.023104 25 
850000000 851000000 0.011047 35 26.0264 0.023184 25 
860000000 861000000 0.011523 35 26.0487 0.023468 25 
870000000 871000000 0.011727 35 26.0705 0.022189 25 
880000000 881000000 0.011673 35 26.0921 0.02182 25 
890000000 891000000 0.011576 35 26.1131 0.022921 25 
900000000 901000000 0.012497 35 26.1338 0.02082 25 
910000000 911000000 0.011665 35 26.1543 0.021828 25 
920000000 921000000 0.011168 35 26.1747 0.022921 25 
930000000 931000000 0.011819 36 26.1954 0.021288 25 
940000000 941000000 0.011021 36 26.2152 0.022832 25 
950000000 951000000 0.012568 36 26.2347 0.023075 25 
960000000 961000000 0.010151 36 26.2541 0.021848 25 
970000000 971000000 0.011278 39 26.2985 0.023001 25 
980000000 981000000 0.012631 39 26.352 0.022999 25 
990000000 991000000 0.011001 39 26.4024 0.021935 25 

1.in 5.09481 25.5182 alpha: 48
0 1000000 0.012229 17 15.5196 0.012008 16 
10000000 11000000 0.007736 22 19.039 0.017897 20 
20000000 21000000 0.006706 23 19.994 0.020499 21 
30000000 31000000 0.008742 24 20.5664 0.020122 21 
40000000 41000000 0.008129 24 20.9792 0.020563 22 
50000000 51000000 0.009361 25 21.3 0.021929 22 
60000000 61000000 0.009963 25 21.5644 0.022605 23 
70000000 71000000 0.01003 25 21.7886 0.023726 23 
80000000 81000000 0.010703 26 21.9827 0.023391 23 
90000000 91000000 0.011457 26 22.1543 0.023668 23 
100000000 101000000 0.028907 29 22.3502 0.023109 24 
110000000 111000000 0.021247 43 23.136 0.023546 24 
120000000 121000000 0.015146 38 23.33 0.023018 24 
130000000 131000000 0.010963 47 24.186 0.023282 24 
140000000 141000000 0.010165 39 24.0056 0.02348 24 
150000000 151000000 0.013425 49 24.6813 0.022554 24 
160000000 161000000 0.012024 51 25.3507 0.023583 24 
170000000 171000000 0.011865 55 25.9818 0.023758 24 
180000000 181000000 0.013435 39 24.8956 0.023404 24 
190000000 191000000 0.010429 47 25.3389 0.023622 24 
200000000 201000000 0.011571 54 25.7528 0.022865 24 
210000000 211000000 0.012613 56 26.1196 0.023531 24 
220000000 221000000 0.014069 56 26.5171 0.023783 24 
230000000 231000000 0.013161 56 26.8421 0.023644 24 
240000000 241000000 0.010403 40 25.5754 0.024436 24 
250000000 251000000 0.010473 43 25.7973 0.024487 24 
260000000 261000000 0.010796 47 26.018 0.022202 24 
270000000 271000000 0.011636 47 26.2251 0.024613 24 
280000000 281000000 0.010374 47 26.426 0.023411 24 
290000000 291000000 0.009695 52 26.6247 0.022771 24 
300000000 301000000 0.010512 52 26.8188 0.023295 24 
310000000 311000000 0.012608 52 27.0033 0.021735 24 
320000000 321000000 0.012143 53 27.1773 0.023836 24 
330000000 331000000 0.012677 53 27.341 0.023952 24 
340000000 341000000 0.010589 53 27.5054 0.021531 24 
350000000 351000000 0.011506 53 27.6452 0.021395 24 
360000000 361000000 0.011901 54 27.804 0.022978 24 
370000000 371000000 0.010469 37 26.3715 0.022004 24 
380000000 381000000 0.00958 37 26.4592 0.02358 24 
390000000 391000000 0.008903 38 26.5431 0.023473 24 
400000000 401000000 0.009805 38 26.6239 0.021472 24 
410000000 411000000 0.009162 38 26.7012 0.023377 24 
420000000 421000000 0.009113 40 26.7804 0.021889 24 
430000000 431000000 0.009216 40 26.8591 0.023311 24 
440000000 441000000 0.009146 43 26.9341 0.022634 24 
450000000 451000000 0.010168 43 27.0078 0.022692 24 
460000000 461000000 0.010325 43 27.0736 0.023157 24 
470000000 471000000 0.00904 43 27.1392 0.023235 24 
480000000 481000000 0.011918 45 27.2057 0.021711 24 
490000000 491000000 0.009869 45 27.2674 0.022222 24 
500000000 501000000 0.012788 45 27.329 0.022533 24 
510000000 511000000 0.00952 45 27.3862 0.021984 24 
520000000 521000000 0.010265 45 27.4441 0.024408 24 
530000000 531000000 0.00976 45 27.5005 0.023409 24 
540000000 541000000 0.00975 46 27.5563 0.022838 24 
550000000 551000000 0.01109 46 27.6111 0.022828 24 
560000000 561000000 0.010694 46 27.664 0.02337 24 
570000000 571000000 0.009779 46 27.7185 0.023416 24 
580000000 581000000 0.010866 46 27.769 0.020756 24 
590000000 591000000 0.011454 46 27.8216 0.02322 24 
600000000 601000000 0.011838 46 27.8696 0.023165 24 
610000000 611000000 0.010874 46 27.9182 0.021768 24 
620000000 621000000 0.010681 46 27.9635 0.023996 24 
630000000 631000000 0.009356 46 28.0106 0.023251 24 
640000000 641000000 0.009968 46 28.054 0.023146 24 
650000000 651000000 0.011381 46 28.0969 0.023042 24 
660000000 661000000 0.010963 47 28.1405 0.021931 24 
670000000 671000000 0.011111 47 28.1844 0.023265 24 
680000000 681000000 0.009495 47 28.2253 0.022715 24 
690000000 691000000 0.010527 47 28.2661 0.023019 24 
700000000 701000000 0.010282 47 28.3073 0.023763 24 
710000000 711000000 0.013403 47 28.3473 0.023225 24 
720000000 721000000 0.01115 47 28.3848 0.023222 24 
730000000 731000000 0.012948 47 28.4227 0.02081 24 
740000000 741000000 0.011383 48 28.4608 0.021739 24 
750000000 751000000 0.011419 48 28.4978 0.022999 24 
760000000 761000000 0.01134 48 28.533 0.02147 24 
770000000 771000000 0.010098 31 27.3227 0.023818 24 
780000000 781000000 0.011537 33 27.3512 0.023512 24 
790000000 791000000 0.011994 33 27.3793 0.02367 24 
800000000 801000000 0.010852 33 27.4069 0.022349 24 
810000000 811000000 0.012963 33 27.4347 0.023085 24 
820000000 821000000 0.010843 33 27.4623 0.023023 24 
830000000 831000000 0.012392 33 27.4892 0.023034 24 
840000000 841000000 0.011789 33 27.5156 0.023428 24 
850000000 851000000 0.010252 33 27.5416 0.021981 24 
860000000 861000000 0.016475 33 27.5678 0.023068 24 
870000000 871000000 0.014179 33 27.5931 0.022452 24 
880000000 881000000 0.012385 34 27.6181 0.02445 24 
890000000 891000000 0.011646 34 27.6433 0.023478 24 
900000000 901000000 0.011434 34 27.6676 0.021465 24 
910000000 911000000 0.011799 34 27.6911 0.021562 24 
920000000 921000000 0.013215 34 27.7148 0.022602 24 
930000000 931000000 0.011494 35 27.7384 0.022429 24 
940000000 941000000 0.012729 35 27.7614 0.022793 24 
950000000 951000000 0.012044 35 27.7845 0.022365 24 
960000000 961000000 0.013387 35 27.8072 0.022263 24 
970000000 971000000 0.011877 42 27.8532 0.022627 24 
980000000 981000000 0.010491 43 27.91 0.022303 24 
990000000 991000000 0.010796 43 27.9669 0.022358 24 

1.in 4.79411 25.5182 alpha: 49
0 1000000 0.011652 17 15.5196 0.010704 16 
10000000 11000000 0.005456 22 19.039 0.017488 20 
20000000 21000000 0.006517 23 19.994 0.020312 21 
30000000 31000000 0.008953 24 20.5664 0.01915 21 
40000000 41000000 0.008442 24 20.9792 0.021581 22 
50000000 51000000 0.009007 25 21.3 0.02253 22 
60000000 61000000 0.010008 25 21.5644 0.021902 23 
70000000 71000000 0.010604 25 21.7886 0.023267 23 
80000000 81000000 0.010512 26 21.9827 0.024353 23 
90000000 91000000 0.011439 26 22.1543 0.02478 23 
100000000 101000000 0.03912 35 22.39 0.022734 24 
110000000 111000000 0.011804 55 23.4565 0.02368 24 
120000000 121000000 0.014765 55 24.4141 0.021875 24 
130000000 131000000 0.010708 55 25.2544 0.022008 24 
140000000 141000000 0.015113 55 26.0117 0.023443 24 
150000000 151000000 0.013478 55 26.7034 0.022694 24 
160000000 161000000 0.012312 55 27.2733 0.023663 24 
170000000 171000000 0.012024 57 27.8217 0.023327 24 
180000000 181000000 0.012842 58 28.3476 0.023179 24 
190000000 191000000 0.013056 58 28.8207 0.024426 24 
200000000 201000000 0.01504 58 29.2908 0.022052 24 
210000000 211000000 0.012206 58 29.6979 0.022819 24 
220000000 221000000 0.01443 58 30.0757 0.023612 24 
230000000 231000000 0.013068 58 30.4347 0.02321 24 
240000000 241000000 0.016278 58 30.7674 0.023279 24 
250000000 251000000 0.015893 58 31.0855 0.023952 24 
260000000 261000000 0.018135 58 31.3716 0.023951 24 
270000000 271000000 0.014768 59 31.65 0.023504 24 
280000000 281000000 0.01628 60 31.9185 0.023623 24 
290000000 291000000 0.013902 60 32.1687 0.023021 24 
300000000 301000000 0.015636 61 32.4065 0.023573 24 
310000000 311000000 0.016127 61 32.6343 0.022867 24 
320000000 321000000 0.014764 62 32.8588 0.021432 24 
330000000 331000000 0.015414 62 33.0671 0.022533 24 
340000000 341000000 0.015212 62 33.2698 0.023102 24 
350000000 351000000 0.015206 62 33.4705 0.023014 24 
360000000 361000000 0.015985 62 33.6471 0.0233 24 
370000000 371000000 0.01451 62 33.8265 0.023294 24 
380000000 381000000 0.016472 62 33.994 0.022661 24 
390000000 391000000 0.019483 62 34.1541 0.023326 24 
400000000 401000000 0.020903 62 34.3204 0.023044 24 
410000000 411000000 0.016338 62 34.474 0.02314 24 
420000000 421000000 0.016764 62 34.6167 0.024451 24 
430000000 431000000 0.016052 62 34.756 0.023671 24 
440000000 441000000 0.01672 62 34.891 0.022676 24 
450000000 451000000 0.017039 63 35.026 0.023114 24 
460000000 461000000 0.019749 63 35.1549 0.024463 24 
470000000 471000000 0.018384 63 35.2745 0.024967 24 
480000000 481000000 0.016711 63 35.388 0.02287 24 
490000000 491000000 0.015484 63 35.4979 0.023288 24 
500000000 501000000 0.01616 63 35.6062 0.022829 24 
510000000 511000000 0.017346 63 35.7119 0.024424 24 
520000000 521000000 0.022344 63 35.8133 0.022863 24 
530000000 531000000 0.015587 63 35.913 0.021336 24 
540000000 541000000 0.013886 63 36.0084 0.023522 24 
550000000 551000000 0.015302 63 36.1041 0.024058 24 
560000000 561000000 0.017423 63 36.1953 0.022583 24 
570000000 571000000 0.018738 64 36.2823 0.023623 24 
580000000 581000000 0.015774 64 36.3698 0.022727 24 
590000000 591000000 0.017712 64 36.4525 0.021017 24 
600000000 601000000 0.018985 64 36.5348 0.022699 24 
610000000 611000000 0.01788 64 36.6137 0.021678 24 
620000000 621000000 0.01666 64 36.6928 0.023046 24 
630000000 631000000 0.018635 64 36.7677 0.022716 24 
640000000 641000000 0.018104 64 36.8414 0.023192 24 
650000000 651000000 0.019495 64 36.9142 0.020901 24 
660000000 661000000 0.017858 64 36.9843 0.022966 24 
670000000 671000000 0.01973 64 37.053 0.023961 24 
680000000 681000000 0.019384 64 37.1207 0.022103 24 
690000000 691000000 0.031487 64 37.1844 0.023052 24 
700000000 701000000 0.018834 64 37.2475 0.023122 24 
710000000 711000000 0.02164 64 37.3105 0.022521 24 
720000000 721000000 0.017039 64 37.373 0.023262 24 
730000000 731000000 0.018944 64 37.431 0.023115 24 
740000000 741000000 0.018046 64 37.4884 0.022473 24 
750000000 751000000 0.016818 64 37.5472 0.023084 24 
760000000 761000000 0.018432 65 37.6063 0.022479 24 
770000000 771000000 0.019607 65 37.6602 0.021094 24 
780000000 781000000 0.029631 65 37.7145 0.021032 24 
790000000 791000000 0.018852 65 37.768 0.02277 24 
800000000 801000000 0.021793 65 37.8217 0.022729 24 
810000000 811000000 0.018976 65 37.8716 0.022567 24 
820000000 821000000 0.018825 65 37.9209 0.022981 24 
830000000 831000000 0.018866 65 37.9677 0.02444 24 
840000000 841000000 0.016711 65 38.0164 0.022935 24 
850000000 851000000 0.023293 65 38.064 0.021884 24 
860000000 861000000 0.021926 65 38.109 0.021332 24 
870000000 871000000 0.021596 65 38.1555 0.022283 24 
880000000 881000000 0.019356 65 38.1995 0.0232 24 
890000000 891000000 0.019452 65 38.2428 0.024394 24 
900000000 901000000 0.020339 65 38.286 0.022947 24 
910000000 911000000 0.027375 65 38.3281 0.021205 24 
920000000 921000000 0.02074 65 38.3685 0.022677 24 
930000000 931000000 0.019129 65 38.4078 0.022999 24 
940000000 941000000 0.024936 65 38.4466 0.021682 24 
950000000 951000000 0.0227 65 38.4865 0.021899 24 
960000000 961000000 0.021641 65 38.5264 0.021052 24 
970000000 971000000 0.014365 66 38.5907 0.022388 24 
980000000 981000000 0.014574 66 38.6706 0.021486 24 
990000000 991000000 0.018295 66 38.7425 0.022798 24 

1.in 5.01552 25.5182 alpha: 50
0 1000000 0.011887 17 15.5196 0.011679 16 
10000000 11000000 0.005341 22 19.039 0.01762 20 
20000000 21000000 0.006531 23 19.994 0.018599 21 
30000000 31000000 0.008301 24 20.5664 0.021137 21 
40000000 41000000 0.008565 24 20.9792 0.021104 22 
50000000 51000000 0.009632 25 21.3 0.020782 22 
60000000 61000000 0.009768 25 21.5644 0.021977 23 
70000000 71000000 0.009725 25 21.7886 0.021324 23 
80000000 81000000 0.011041 26 21.9827 0.023831 23 
90000000 91000000 0.011188 26 22.1543 0.022548 23 
100000000 101000000 0.021323 35 22.39 0.023573 24 
110000000 111000000 0.010618 55 23.4565 0.024233 24 
120000000 121000000 0.012697 55 24.4141 0.02378 24 
130000000 131000000 0.010546 55 25.2544 0.023419 24 
140000000 141000000 0.014532 55 26.0117 0.022988 24 
150000000 151000000 0.015285 55 26.7034 0.023119 24 
160000000 161000000 0.011051 55 27.2733 0.023384 24 
170000000 171000000 0.01695 57 27.8217 0.02279 24 
180000000 181000000 0.013312 58 28.3476 0.023095 24 
190000000 191000000 0.012407 58 28.8207 0.024067 24 
200000000 201000000 0.015788 58 29.2908 0.021524 24 
210000000 211000000 0.014793 58 29.6979 0.023448 24 
220000000 221000000 0.014902 58 30.0757 0.023009 24 
230000000 231000000 0.015687 58 30.4347 0.023028 24 
240000000 241000000 0.01508 58 30.7674 0.022619 24 
250000000 251000000 0.016244 58 31.0855 0.023295 24 
260000000 261000000 0.013641 58 31.3716 0.022233 24 
270000000 271000000 0.015871 59 31.65 0.022685 24 
280000000 281000000 0.015733 60 31.9185 0.024859 24 
290000000 291000000 0.014543 60 32.1687 0.023859 24 
300000000 301000000 0.015188 61 32.4065 0.022553 24 
310000000 311000000 0.013811 61 32.6343 0.021128 24 
320000000 321000000 0.015122 62 32.8588 0.022943 24 
330000000 331000000 0.014058 62 33.0671 0.02113 24 
340000000 341000000 0.014258 62 33.2698 0.023466 24 
350000000 351000000 0.01469 62 33.4705 0.022557 24 
360000000 361000000 0.015624 62 33.6471 0.022931 24 
370000000 371000000 0.015859 62 33.8265 0.022182 24 
380000000 381000000 0.019242 62 33.994 0.022984 24 
390000000 391000000 0.016008 62 34.1541 0.023652 24 
400000000 401000000 0.017943 62 34.3204 0.024163 24 
410000000 411000000 0.018731 62 34.474 0.023278 24 
420000000 421000000 0.014415 62 34.6167 0.023413 24 
430000000 431000000 0.0183 62 34.756 0.023227 24 
440000000 441000000 0.017528 62 34.891 0.021491 24 
450000000 451000000 0.014468 63 35.026 0.023285 24 
460000000 461000000 0.016567 63 35.1549 0.022428 24 
470000000 471000000 0.020465 63 35.2745 0.023181 24 
480000000 481000000 0.018561 63 35.388 0.022856 24 
490000000 491000000 0.01515 63 35.4979 0.022732 24 
500000000 501000000 0.017098 63 35.6062 0.022019 24 
510000000 511000000 0.015578 63 35.7119 0.023381 24 
520000000 521000000 0.021744 63 35.8133 0.024045 24 
530000000 531000000 0.015713 63 35.913 0.02303 24 
540000000 541000000 0.01609 63 36.0084 0.023012 24 
550000000 551000000 0.016478 63 36.1041 0.022201 24 
560000000 561000000 0.017097 63 36.1953 0.024644 24 
570000000 571000000 0.016269 64 36.2823 0.023125 24 
580000000 581000000 0.018875 64 36.3698 0.022738 24 
590000000 591000000 0.019429 64 36.4525 0.020774 24 
600000000 601000000 0.016687 64 36.5348 0.02106 24 
610000000 611000000 0.016126 64 36.6137 0.02195 24 
620000000 621000000 0.020144 64 36.6928 0.022875 24 
630000000 631000000 0.017574 64 36.7677 0.022443 24 
640000000 641000000 0.020401 64 36.8414 0.022597 24 
650000000 651000000 0.020029 64 36.9142 0.02255 24 
660000000 661000000 0.017891 64 36.9843 0.022999 24 
670000000 671000000 0.01909 64 37.053 0.023736 24 
680000000 681000000 0.021108 64 37.1207 0.023 24 
690000000 691000000 0.02096 64 37.1844 0.022681 24 
700000000 701000000 0.020351 64 37.2475 0.02183 24 
710000000 711000000 0.020283 64 37.3105 0.022981 24 
720000000 721000000 0.019649 64 37.373 0.022658 24 
730000000 731000000 0.020635 64 37.431 0.022848 24 
740000000 741000000 0.017293 64 37.4884 0.021975 24 
750000000 751000000 0.018651 64 37.5472 0.021124 24 
760000000 761000000 0.019313 65 37.6063 0.022379 24 
770000000 771000000 0.01969 65 37.6602 0.020812 24 
780000000 781000000 0.019832 65 37.7145 0.020396 24 
790000000 791000000 0.01915 65 37.768 0.024022 24 
800000000 801000000 0.023634 65 37.8217 0.020407 24 
810000000 811000000 0.020667 65 37.8716 0.021201 24 
820000000 821000000 0.021885 65 37.9209 0.022592 24 
830000000 831000000 0.021823 65 37.9677 0.022765 24 
840000000 841000000 0.019977 65 38.0164 0.02078 24 
850000000 851000000 0.021081 65 38.064 0.022584 24 
860000000 861000000 0.022386 65 38.109 0.02291 24 
870000000 871000000 0.018274 65 38.1555 0.022442 24 
880000000 881000000 0.018846 65 38.1995 0.022317 24 
890000000 891000000 0.02043 65 38.2428 0.02286 24 
900000000 901000000 0.025286 65 38.286 0.023131 24 
910000000 911000000 0.021518 65 38.3281 0.020513 24 
920000000 921000000 0.030711 65 38.3685 0.020822 24 
930000000 931000000 0.020744 65 38.4078 0.02116 24 
940000000 941000000 0.023342 65 38.4466 0.022624 24 
950000000 951000000 0.023128 65 38.4865 0.022783 24 
960000000 961000000 0.020568 65 38.5264 0.022884 24 
970000000 971000000 0.015497 66 38.5907 0.023384 24 
980000000 981000000 0.016383 66 38.6706 0.022004 24 
990000000 991000000 0.016369 66 38.7425 0.021681 24 

