1.in 7.36812 25.5182 alpha: 40
begin insert: 100000000
0 1000000 0.025558 17 15.5325 17.4842 434 19.5076 450 40.7345 549 
5000000 6000000 0.023209 28 19.5884 153.118 2865 157.803 2894 192.296 3059 
10000000 11000000 0.016007 28 20.292 155.426 2871 171.918 2899 201.17 3065 
15000000 16000000 0.013203 28 20.7594 86.745 1507 77.9343 1523 115.74 1695 
20000000 21000000 0.018516 28 21.0047 176.081 2997 199.9 3022 230.873 3205 
25000000 26000000 0.019798 30 21.5015 191.974 3467 197.427 3494 250.366 3697 
30000000 31000000 0.028608 30 21.4369 189.731 3654 194.276 3680 240.313 3870 
35000000 36000000 0.03026 30 21.8033 187.615 3660 192.887 3686 240.83 3875 
40000000 41000000 0.024295 33 22.1391 190.811 3687 195.11 3714 241.262 3903 
45000000 46000000 0.018712 36 22.6096 193.296 3734 197.828 3760 244.454 3950 
50000000 51000000 0.020126 35 22.8849 192.821 3731 197.296 3757 243.747 3947 
60000000 61000000 0.020292 36 23.742 193.245 3721 197.518 3748 244.319 3939 
70000000 71000000 0.025785 36 23.8886 42.1851 803 45.7058 830 84.6695 1108 
80000000 81000000 0.0142 36 24.1185 41.7348 793 45.2948 820 83.3781 1081 
90000000 91000000 0.016821 37 24.3124 37.0621 699 40.9843 730 76.5484 942 
100000000 101000000 0.010385 37 24.5651 30.3309 585 34.2595 617 68.1411 822 
200000000 201000000 0.012617 40 25.1141 28.6083 560 32.5104 592 66.3383 796 
300000000 301000000 0.014181 40 25.4947 30.6646 589 34.8752 622 70.2614 831 
400000000 401000000 0.018618 42 26.3037 31.1209 593 35.4332 626 71.0995 837 
500000000 501000000 0.018544 47 26.6005 18.4988 378 22.7836 413 56.1399 632 
600000000 601000000 0.01813 47 26.964 18.9787 382 23.4651 419 57.4297 640 
700000000 701000000 0.022348 47 27.3642 20.2898 401 24.9412 439 59.6919 665 
800000000 801000000 0.017887 47 27.5521 26.4682 504 32.1449 551 72.955 810 
900000000 901000000 0.013411 47 27.8378 26.0425 497 31.8464 544 73.0849 805 
begin insert: 100000000
0 1000000 0.00487 17 15.5196 1.21589 22 2.16985 30 12.3506 86 
5000000 6000000 0.005988 20 18.1447 1.99383 25 3.58548 33 18.5502 92 
10000000 11000000 0.008266 22 19.039 2.18918 26 4.00239 34 20.7116 94 
15000000 16000000 0.007724 22 19.5909 2.27522 26 4.20799 35 21.6915 95 
20000000 21000000 0.007804 23 19.994 2.30602 26 4.32011 35 22.1392 96 
25000000 26000000 0.008856 23 20.3056 2.31668 26 4.42144 35 22.3751 96 
30000000 31000000 0.010367 24 20.5664 2.29592 26 4.47434 36 22.5816 96 
35000000 36000000 0.01009 24 20.7882 2.27661 26 4.52685 36 22.8968 97 
40000000 41000000 0.010609 24 20.9792 2.27377 26 4.58577 36 23.0009 97 
45000000 46000000 0.011974 24 21.1484 2.22138 25 4.61336 36 23.155 97 
50000000 51000000 0.009993 25 21.3 2.17709 25 4.64597 36 23.2882 97 
60000000 61000000 0.012017 25 21.5644 2.10749 25 4.68447 36 23.5022 98 
70000000 71000000 0.011277 25 21.7886 1.99599 24 4.72166 36 23.7124 98 
80000000 81000000 0.01243 26 21.9827 1.87994 24 4.75218 37 23.8605 99 
90000000 91000000 0.014115 26 22.1543 1.75625 23 4.76631 37 23.9105 99 
100000000 101000000 0.011673 26 22.3238 1.64395 23 4.77872 37 24.0236 99 
200000000 201000000 0.018903 41 24.5013 1.58415 23 4.71287 37 24.0042 100 
300000000 301000000 0.014 42 25.1447 1.61468 23 4.74982 37 23.8729 100 
400000000 401000000 0.010798 37 24.8807 1.67252 24 4.84655 38 23.7682 101 
500000000 501000000 0.010584 39 25.4355 1.60397 24 4.69339 38 23.757 101 
600000000 601000000 0.00936 33 24.8107 1.75016 25 5.11542 39 24.0669 102 
700000000 701000000 0.00858 36 25.0772 1.65102 25 4.74805 39 23.7193 102 
800000000 801000000 0.010073 36 25.3115 1.64377 25 4.70936 39 23.7246 102 
900000000 901000000 0.01334 36 25.5187 1.66628 25 4.71967 39 23.6867 102 

