=> zmen002 @ dynamic: ~/KDtree/build                                                             main [!*]
$ PARLAY_NUM_THREADS=192 numactl -i all ./test -p /data3/zmen002/kdtree/ss_varden/1000000000_3/1.in -k 10 -t 0 -d 3 -q 48 -s 0 -r 3 -i 1
1.in 4.45498 25.524
1: 1.43333e-05 1.16667e-05
2: 1.53333e-05 1.56667e-05
5: 1.5e-05 2.53333e-05
10: 2.26667e-05 4.46667e-05
20: 2.33333e-05 8.6e-05
50: 3e-05 0.000200667
100: 4.3e-05 0.000365667
200: 7.53333e-05 0.000789667
500: 0.000143667 0.00188667
1000: 0.000231 0.00370933
2000: 0.000901 0.007483
5000: 0.00225333 0.0200837
1: 1.46667e-05 1.3e-05
2: 1.63333e-05 1.8e-05
5: 2.03333e-05 3.3e-05
10: 3.26667e-05 5.7e-05
20: 3.86667e-05 9.83333e-05
50: 3.86667e-05 0.000212333
100: 6.9e-05 0.000402333
200: 9.43333e-05 0.000739333
500: 0.000208667 0.00186467
1000: 0.000413667 0.003722
2000: 0.00125333 0.007342
5000: 0.00131033 0.0150427
