Tree: CPAM; AugType: HasBox; Split: MortonCurve; BDO: 6; Inba: 30; Coord: integer; 
1.in 
# Insert
## 1
median: (1, 10.5861)-> min: (1, 10.5861)-> max: (1, 10.5861)-> tot: 10.5861-> avg: 10.5861
in-dis-skewed knn time: 2.4755 57.4163 384.088 0 384.088 327.672 14.6316 274.434 1188.91 0 1188.91 915.48 52.8167 580.895 1647.92 0 1647.92 1068.03 
out-dis-skewed knn time: 1.4045 33.0628 300.9 0 300.9 268.837 2.2505 57.3107 367.415 0 367.415 311.104 6.28153 99.412 435.617 0 435.617 337.205 
in-dis-uniform knn time: 19.4509 77.6206 529.195 0 529.195 452.574 42.5424 217.186 943.754 0 943.754 727.568 83.8286 436.27 1259.75 0 1259.75 824.478 
out-dis-uniform knn time: 1.62066 29.7705 256.63 0 256.63 227.86 3.53253 64.2149 370.584 0 370.584 307.37 10.6098 128.423 466.784 0 466.784 339.362 
range count time: 0.00186333 0 0 0 0 0 0.0105853 0 0 0 0 0 0.840927 0 0 0 0 0 
range query time: 0.001813 0 0 0 0 0 0.0150127 0 0 0 0 0 2.05661 0 0 0 0 0 
# Insert
## 0.1
median: (4, 1.56915)-> min: (2, 1.4574)-> max: (1, 1.76039)-> tot: 15.8821-> avg: 1.58821
in-dis-skewed knn time: 2.65858 65.9791 460.862 0 460.862 395.882 14.4392 269.474 1234.27 0 1234.27 965.796 48.7059 556.298 1655.36 0 1655.36 1100.07 
out-dis-skewed knn time: 1.53115 35.8395 312.507 0 312.507 277.668 2.28321 54.2245 364.773 0 364.773 311.548 6.72044 101.565 442.637 0 442.637 342.072 
in-dis-uniform knn time: 19.3891 82.7496 586.471 0 586.471 504.722 43.817 228.431 1031.89 0 1031.89 804.46 89.4477 471.349 1387.98 0 1387.98 917.629 
out-dis-uniform knn time: 1.87184 33.5338 278.31 0 278.31 245.777 4.18646 73.5988 430.222 0 430.222 357.623 12.8294 156.04 551.811 0 551.811 396.771 
range count time: 0.00150767 0 0 0 0 0 0.0101337 0 0 0 0 0 0.893106 0 0 0 0 0 
range query time: 0.00197967 0 0 0 0 0 0.017105 0 0 0 0 0 2.13287 0 0 0 0 0 
# Insert
## 0.01
median: (95, 0.114745)-> min: (51, 0.101352)-> max: (16, 0.132602)-> tot: 11.4884-> avg: 0.114884
in-dis-skewed knn time: 2.83347 55.0411 396.413 0 396.413 342.372 13.8331 221.041 990.341 0 990.341 770.3 45.1708 444.883 1312.08 0 1312.08 868.193 
out-dis-skewed knn time: 1.95593 50.7313 390.068 0 390.068 340.336 3.07413 77.5484 433.384 0 433.384 356.835 8.92453 131.829 501.895 0 501.895 371.066 
in-dis-uniform knn time: 19.3797 78.7308 562.97 0 562.97 485.239 42.6698 205.398 944.081 0 944.081 739.683 87.3317 421.219 1260.08 0 1260.08 839.862 
out-dis-uniform knn time: 2.33871 39.9207 319.514 0 319.514 280.593 5.21595 90.0863 483.542 0 483.542 394.456 14.7295 173.248 603.033 0 603.033 430.786 
range count time: 0.00174533 0 0 0 0 0 0.0107943 0 0 0 0 0 0.905118 0 0 0 0 0 
range query time: 0.00264267 0 0 0 0 0 0.0199153 0 0 0 0 0 2.1554 0 0 0 0 0 
# Insert
## 0.001
median: (583, 0.00894233)-> min: (92, 0.008057)-> max: (181, 0.0142567)-> tot: 9.07419-> avg: 0.00907368
in-dis-skewed knn time: 3.35267 61.749 466.107 0 466.107 405.358 18.2818 301.053 1383.92 0 1383.92 1083.87 58.1474 639.175 1843.36 0 1843.36 1205.18 
out-dis-skewed knn time: 1.71331 35.2775 359.74 0 359.74 325.463 2.41563 53.6235 392.774 0 392.774 340.15 13.5735 161.219 598.823 0 598.823 438.604 
in-dis-uniform knn time: 19.0786 74.2436 551.73 0 551.73 478.487 43.3218 215.826 1002.02 0 1002.02 787.192 91.3019 452.217 1350.28 0 1350.28 899.064 
out-dis-uniform knn time: 2.26939 32.1117 312.809 0 312.809 281.697 5.61741 84.5407 516.383 0 516.383 432.843 18.9645 205.636 709.959 0 709.959 505.322 
range count time: 0.00179767 0 0 0 0 0 0.0121847 0 0 0 0 0 0.911866 0 0 0 0 0 
range query time: 0.00226 0 0 0 0 0 0.0175633 0 0 0 0 0 2.18955 0 0 0 0 0 
# Insert
## 0.0001
median: (4325, 0.001831)-> min: (322, 0.00152067)-> max: (7768, 0.00642933)-> tot: 18.6354-> avg: 0.00186304
in-dis-skewed knn time: 2.59417 53.2562 382.305 0 382.305 330.049 16.027 250.89 1160.9 0 1160.9 911.012 53.2634 545.224 1543.61 0 1543.61 999.385 
out-dis-skewed knn time: 1.99877 44.6088 407.889 0 407.889 364.28 2.78144 69.6845 450.623 0 450.623 381.939 8.29732 131.545 545.988 0 545.988 415.443 
in-dis-uniform knn time: 19.9958 86.9857 626.581 0 626.581 540.595 44.0576 222.886 1017.82 0 1017.82 795.938 92.8463 461.954 1364.64 0 1364.64 903.684 
out-dis-uniform knn time: 2.65571 37.9113 347.986 0 347.986 311.075 6.40755 95.625 582.925 0 582.925 488.3 18.4578 205.413 746.646 0 746.646 542.233 
range count time: 0.00174533 0 0 0 0 0 0.0124717 0 0 0 0 0 0.913084 0 0 0 0 0 
range query time: 0.00182233 0 0 0 0 0 0.0178923 0 0 0 0 0 2.20179 0 0 0 0 0 

Tree: CPAM; AugType: HasBox; Split: MortonCurve; BDO: 6; Inba: 30; Coord: integer; 
2_sort_by_0.in 
# Insert
## 1
median: (1, 10.6645)-> min: (1, 10.6645)-> max: (1, 10.6645)-> tot: 10.6645-> avg: 10.6645
in-dis-skewed knn time: 13.2426 92.6266 502.446 0 502.446 410.82 36.94 271.135 940.85 0 940.85 670.715 83.0896 554.045 1359.38 0 1359.38 806.334 
out-dis-skewed knn time: 4.53623 50.6373 423.24 0 423.24 373.603 13.5256 134.822 640.371 0 640.371 506.549 52.1685 389.709 1055 0 1055 666.287 
in-dis-uniform knn time: 26.889 101.445 627.454 0 627.454 527.009 60.2887 268.418 1079.59 0 1079.59 812.176 121.208 564.59 1556.34 0 1556.34 992.755 
out-dis-uniform knn time: 5.74021 52.4784 414.184 0 414.184 362.705 17.4718 145.163 654.721 0 654.721 510.558 55.918 378.669 1027.18 0 1027.18 649.513 
range count time: 0.001698 0 0 0 0 0 0.10599 0 0 0 0 0 1.78381 0 0 0 0 0 
range query time: 0.001698 0 0 0 0 0 0.116785 0 0 0 0 0 2.67074 0 0 0 0 0 
# Insert
## 0.1
median: (5, 1.5211)-> min: (4, 1.43682)-> max: (1, 1.59284)-> tot: 15.1171-> avg: 1.51171
in-dis-skewed knn time: 9.83411 62.2896 378.15 0 378.15 316.861 34.5947 234.082 875.799 0 875.799 642.717 82.0969 513.451 1291.01 0 1291.01 778.563 
out-dis-skewed knn time: 5.50548 63.64 511.537 0 511.537 448.897 15.0282 153.605 714.528 0 714.528 561.922 57.4616 422.952 1152.15 0 1152.15 730.201 
in-dis-uniform knn time: 31.2362 109.27 712.571 0 712.571 604.301 69.05 278.788 1164.28 0 1164.28 886.493 139.312 584.757 1659.06 0 1659.06 1075.3 
out-dis-uniform knn time: 7.47915 70.7893 533.743 0 533.743 463.953 19.5705 163.443 725.559 0 725.559 563.116 62.2472 410.672 1115.27 0 1115.27 705.597 
range count time: 0.00207867 0 0 0 0 0 0.126008 0 0 0 0 0 1.88696 0 0 0 0 0 
range query time: 0.003122 0 0 0 0 0 0.133771 0 0 0 0 0 2.79434 0 0 0 0 0 
# Insert
## 0.01
median: (2, 0.117363)-> min: (94, 0.0995787)-> max: (13, 0.136849)-> tot: 11.7304-> avg: 0.117304
in-dis-skewed knn time: 9.10744 50.1008 329.707 0 329.707 280.606 33.35 202.749 789.161 0 789.161 587.413 79.815 437.219 1159.1 0 1159.1 722.878 
out-dis-skewed knn time: 6.02024 58.3495 467.039 0 467.039 409.689 16.4657 139.499 636.787 0 636.787 498.288 62.042 374.573 1000.03 0 1000.03 626.456 
in-dis-uniform knn time: 28.3402 105.625 675.301 0 675.301 570.676 61.6826 261.205 1076.28 0 1076.28 816.072 127.749 545.383 1543.17 0 1543.17 998.785 
out-dis-uniform knn time: 7.65272 64.5181 478.749 0 478.749 415.231 20.061 145.093 634.177 0 634.177 490.084 63.5312 354.044 952.048 0 952.048 599.004 
range count time: 0.00201233 0 0 0 0 0 0.131387 0 0 0 0 0 1.92167 0 0 0 0 0 
range query time: 0.00189167 0 0 0 0 0 0.131576 0 0 0 0 0 2.87307 0 0 0 0 0 
# Insert
## 0.001
median: (388, 0.0132053)-> min: (640, 0.00932467)-> max: (589, 0.0183777)-> tot: 13.1649-> avg: 0.0131645
in-dis-skewed knn time: 8.56866 50.0798 323.924 0 323.924 274.844 30.3589 191.048 740.569 0 740.569 550.521 76.0674 434.252 1120.16 0 1120.16 686.904 
out-dis-skewed knn time: 5.67661 57.6394 454.311 0 454.311 397.671 14.9801 136.231 623.145 0 623.145 487.914 58.7653 378.2 1006.72 0 1006.72 629.522 
in-dis-uniform knn time: 27.3387 105.786 659.408 0 659.408 554.622 58.0807 256.094 1032.67 0 1032.67 777.572 122.489 545.592 1500.63 0 1500.63 956.039 
out-dis-uniform knn time: 7.37807 66.1996 476.37 0 476.37 411.171 18.7409 145.482 630.97 0 630.97 486.488 61.4972 364.279 970.455 0 970.455 607.176 
range count time: 0.00223833 0 0 0 0 0 0.127722 0 0 0 0 0 1.91757 0 0 0 0 0 
range query time: 0.001627 0 0 0 0 0 0.134329 0 0 0 0 0 2.88707 0 0 0 0 0 
# Insert
## 0.0001
median: (6276, 0.00586733)-> min: (2622, 0.00185433)-> max: (3920, 0.0108713)-> tot: 57.417-> avg: 0.00574121
in-dis-skewed knn time: 8.48459 48.5196 313.512 0 313.512 265.992 30.8635 199.865 760.229 0 760.229 561.364 75.5761 439.163 1130.11 0 1130.11 691.946 
out-dis-skewed knn time: 5.50445 56.1879 454.832 0 454.832 399.645 14.2903 130.558 623.44 0 623.44 493.882 55.398 366.571 1007.67 0 1007.67 642.096 
in-dis-uniform knn time: 28.1632 109.08 679.636 0 679.636 571.556 59.6031 262.063 1057.72 0 1057.72 796.661 124.668 554.364 1533.01 0 1533.01 979.649 
out-dis-uniform knn time: 7.14839 64.9441 476.421 0 476.421 412.477 17.9355 142.506 633.34 0 633.34 491.834 58.467 358.879 975.965 0 975.965 618.086 
range count time: 0.002027 0 0 0 0 0 0.12732 0 0 0 0 0 1.9029 0 0 0 0 0 
range query time: 0.00165867 0 0 0 0 0 0.134705 0 0 0 0 0 2.87442 0 0 0 0 0 

Tree: CPAM; AugType: HasBox; Split: MortonCurve; BDO: 6; Inba: 30; Coord: integer; 
2.in 
# Insert
## 1
median: (1, 11.5739)-> min: (1, 11.5739)-> max: (1, 11.5739)-> tot: 11.5739-> avg: 11.5739
in-dis-skewed knn time: 26.8112 98.3867 621.67 0 621.67 524.283 62.2529 275.442 1133.72 0 1133.72 859.277 126.41 582.891 1637.45 0 1637.45 1055.56 
out-dis-skewed knn time: 27.2171 99.8296 627.076 0 627.076 528.247 62.4799 275.646 1134.41 0 1134.41 859.767 126.52 583.024 1637.87 0 1637.87 1055.85 
in-dis-uniform knn time: 26.8014 98.3961 621.757 0 621.757 524.361 62.4372 275.439 1133.75 0 1133.75 859.315 126.524 582.891 1637.53 0 1637.53 1055.64 
out-dis-uniform knn time: 27.2616 99.8668 627.252 0 627.252 528.385 62.5703 275.663 1134.46 0 1134.46 859.793 126.623 583.036 1637.91 0 1637.91 1055.87 
range count time: 0.00149167 0 0 0 0 0 0.0764427 0 0 0 0 0 1.53134 0 0 0 0 0 
range query time: 0.00155267 0 0 0 0 0 0.087792 0 0 0 0 0 2.51498 0 0 0 0 0 
# Insert
## 0.1
median: (8, 1.98279)-> min: (0, 1.40593)-> max: (7, 2.1675)-> tot: 18.5004-> avg: 1.85004
in-dis-skewed knn time: 25.9641 98.654 626.133 0 626.133 528.479 63.5556 280.79 1149.67 0 1149.67 869.88 134.667 598.842 1662.4 0 1662.4 1064.56 
out-dis-skewed knn time: 26.5432 100.11 631.565 0 631.565 532.455 63.8205 280.985 1150.4 0 1150.4 870.41 134.839 598.985 1662.91 0 1662.91 1064.93 
in-dis-uniform knn time: 26.1798 98.6802 626.272 0 626.272 528.592 63.8312 280.783 1149.75 0 1149.75 869.964 134.944 598.837 1662.51 0 1662.51 1064.68 
out-dis-uniform knn time: 26.6174 100.131 631.674 0 631.674 532.543 63.9253 280.985 1150.36 0 1150.36 870.373 134.965 598.943 1662.81 0 1662.81 1064.87 
range count time: 0.00158067 0 0 0 0 0 0.0918203 0 0 0 0 0 1.64561 0 0 0 0 0 
range query time: 0.00161767 0 0 0 0 0 0.0994147 0 0 0 0 0 2.6898 0 0 0 0 0 
# Insert
## 0.01
median: (47, 0.443974)-> min: (1, 0.116407)-> max: (98, 0.718689)-> tot: 43.3916-> avg: 0.433916
in-dis-skewed knn time: 25.7886 97.9177 624.627 0 624.627 527.709 63.3717 281.306 1149.98 0 1149.98 869.67 134.377 596.717 1662.4 0 1662.4 1066.68 
out-dis-skewed knn time: 26.4138 99.4416 630.137 0 630.137 531.695 63.6748 281.498 1150.63 0 1150.63 870.128 134.576 596.78 1662.73 0 1662.73 1066.95 
in-dis-uniform knn time: 26.0293 97.9869 624.735 0 624.735 527.748 63.7005 281.297 1149.99 0 1149.99 869.695 134.623 596.666 1662.43 0 1662.43 1066.76 
out-dis-uniform knn time: 26.4721 99.4692 630.292 0 630.292 531.822 63.7924 281.489 1150.58 0 1150.58 870.086 134.758 596.748 1662.63 0 1662.63 1066.88 
range count time: 0.00161367 0 0 0 0 0 0.0942347 0 0 0 0 0 1.64539 0 0 0 0 0 
range query time: 0.001643 0 0 0 0 0 0.102525 0 0 0 0 0 2.70973 0 0 0 0 0 
# Insert
## 0.001
median: (504, 0.138665)-> min: (1, 0.00945567)-> max: (997, 0.15644)-> tot: 123.054-> avg: 0.123053
in-dis-skewed knn time: 25.8231 97.9077 624.244 0 624.244 527.336 63.5923 282.075 1153.32 0 1153.32 872.247 134.733 600.521 1670.53 0 1670.53 1071.01 
out-dis-skewed knn time: 26.4354 99.4141 629.709 0 629.709 531.295 63.8897 282.277 1154.04 0 1154.04 872.759 134.986 600.632 1670.98 0 1670.98 1071.35 
in-dis-uniform knn time: 26.0681 97.9848 624.426 0 624.426 527.441 63.9205 282.089 1153.45 0 1153.45 872.358 135.073 600.518 1670.69 0 1670.69 1071.17 
out-dis-uniform knn time: 26.5024 99.4583 629.927 0 629.927 531.469 64.0516 282.316 1154.11 0 1154.11 872.798 135.218 600.664 1671.01 0 1671.01 1071.35 
range count time: 0.00163067 0 0 0 0 0 0.094171 0 0 0 0 0 1.65331 0 0 0 0 0 
range query time: 0.00167867 0 0 0 0 0 0.102006 0 0 0 0 0 2.70397 0 0 0 0 0 
# Insert
## 0.0001
median: (7267, 0.018211)-> min: (0, 0.00173233)-> max: (5966, 0.023104)-> tot: 177.96-> avg: 0.0177955
in-dis-skewed knn time: 26.5651 104.537 664.381 0 664.381 560.844 63.6892 286.151 1165.78 0 1165.78 880.625 134.993 610.281 1688.73 0 1688.73 1079.45 
out-dis-skewed knn time: 27.2106 106.071 670.001 0 670.001 564.93 64.0148 286.343 1166.45 0 1166.45 881.109 135.262 610.38 1689.12 0 1689.12 1079.74 
in-dis-uniform knn time: 26.8374 104.62 664.666 0 664.666 561.046 64.0407 286.165 1165.92 0 1165.92 880.757 135.37 610.309 1688.93 0 1688.93 1079.63 
out-dis-uniform knn time: 27.289 106.092 670.077 0 670.077 564.986 64.1269 286.376 1166.52 0 1166.52 881.139 135.435 610.42 1689.16 0 1689.16 1079.74 
range count time: 0.001777 0 0 0 0 0 0.094454 0 0 0 0 0 1.64965 0 0 0 0 0 
range query time: 0.003215 0 0 0 0 0 0.102925 0 0 0 0 0 2.70878 0 0 0 0 0 

