Tree: PTree; AugType: HasBox; Split: MortonCurve; BDO: 6; Inba: 30; Coord: integer; 
1.in 
# Insert
## 1
median: (1, 2.97565)-> min: (1, 2.97565)-> max: (1, 2.97565)-> tot: 2.97565-> avg: 2.97565
in-dis-skewed knn time: 3.72973 97.611 669.696 0 669.696 573.085 12.0276 243.751 1095.3 0 1095.3 852.551 42.0601 520.559 1560.09 0 1560.09 1040.53 
out-dis-skewed knn time: 6.11661 148.6 960.46 0 960.46 812.859 16.5544 338.673 1419.99 0 1419.99 1082.32 57.8277 723.964 2058 0 2058 1335.03 
in-dis-uniform knn time: 23.1436 103.911 671.119 0 671.119 568.208 51.6134 269.264 1114.07 0 1114.07 845.805 104.162 569.972 1602.31 0 1602.31 1033.34 
out-dis-uniform knn time: 22.3829 101.555 655.218 0 655.218 554.663 49.5783 259.905 1078.52 0 1078.52 819.613 100.902 554.282 1559.52 0 1559.52 1006.24 
range count time: 0.00165467 7.90888 90.788 0 0 83.8791 0.0110843 65.5908 233.474 0 0.26386 168.62 1.04432 1126.24 2178.47 0 124.482 928.744 
range query time: 0.00187433 7.90888 90.788 0 0 83.8791 0.0158737 65.5908 233.474 0 0.26386 168.62 2.00084 1126.24 2178.47 0 124.482 928.744 
# Insert
## 0.1
median: (5, 0.33941)-> min: (0, 0.257938)-> max: (8, 0.369659)-> tot: 3.23049-> avg: 0.323049
in-dis-skewed knn time: 4.81428 98.8653 707.968 0 707.968 610.103 17.107 296.924 1375.4 0 1375.4 1079.48 55.8728 686.66 2041 0 2041 1355.34 
out-dis-skewed knn time: 5.46884 109.311 763.366 0 763.366 655.055 17.0785 309.592 1351.39 0 1351.39 1042.79 53.8586 646.1 1915.7 0 1915.7 1270.6 
in-dis-uniform knn time: 22.2343 100.104 693.276 0 693.276 594.172 54.1711 292.674 1291.99 0 1291.99 1000.32 112.137 637.025 1866.34 0 1866.34 1230.31 
out-dis-uniform knn time: 22.3012 101.594 700.7 0 700.7 600.106 52.5945 288.419 1281.34 0 1281.34 993.92 109.593 632.566 1859.87 0 1859.87 1228.3 
range count time: 0.00184567 7.9753 91.0506 0 0 84.0753 0.0134327 67.472 240.534 0 0.30762 173.754 1.06871 1174.72 2334.25 0 140.43 1020.1 
range query time: 0.00179233 7.9753 91.0506 0 0 84.0753 0.016765 67.472 240.534 0 0.30762 173.754 2.14419 1174.72 2334.25 0 140.43 1020.1 
# Insert
## 0.01
median: (44, 0.037312)-> min: (5, 0.0262357)-> max: (87, 0.0503637)-> tot: 3.72593-> avg: 0.0372588
in-dis-skewed knn time: 3.31953 71.1116 531.664 0 531.664 461.552 15.2432 257.15 1228.4 0 1228.4 972.252 52.6436 602.394 1827.57 0 1827.57 1226.18 
out-dis-skewed knn time: 5.89403 113.949 797.351 0 797.351 684.402 16.6684 301.635 1308.32 0 1308.32 1007.69 53.5346 631.063 1861.8 0 1861.8 1231.73 
in-dis-uniform knn time: 23.0042 102.809 706.774 0 706.774 604.965 54.3269 288.016 1270.81 0 1270.81 983.795 