Tree: PTree; AugType: HasBox; Split: HilbertCurve; BDO: 6; Inba: 30; Coord: integer; 
Cosmo50_round_no_dup.in 
# Insert
## 1
median: (1, 1.02307)-> min: (1, 1.02307)-> max: (1, 1.02307)-> tot: 1.02307-> avg: 1.02307
in-dis-skewed knn time: 0.213198 9.93759 75.4961 0 75.4961 66.5585 0.392872 20.4269 99.9046 0 99.9046 80.4776 1.28039 47.8391 148.882 0 148.882 102.043 
out-dis-skewed knn time: 0.265606 14.2252 96.8803 0 96.8803 83.6551 0.57922 27.8553 129.948 0 129.948 103.092 1.89131 64.0039 192.886 0 192.886 129.882 
in-dis-uniform knn time: 0.975264 11.9646 90.9075 0 90.9075 79.943 1.86916 24.9282 121.604 0 121.604 97.6753 4.18595 58.3885 181.298 0 181.298 123.909 
out-dis-uniform knn time: 1.00872 12.9689 94.3476 0 94.3476 82.3787 1.83326 25.3896 123.107 0 123.107 98.7175 4.10239 59.2132 183.372 0 183.372 125.159 
range count time: 0.000853667 3.56982 34.4664 0 0 31.8965 0.00874267 47.6678 141.636 0 0.26872 94.6993 0.763865 774.667 1402.28 0 98.3351 530.28 
range query time: 0.000814333 3.56982 34.4664 0 0 31.8965 0.014725 47.6678 141.636 0 0.26872 94.6993 1.7597 774.667 1402.28 0 98.3351 530.28 
# Insert
## 0.0001
median: (3420, 0.000639)-> min: (0, 0.000453)-> max: (5110, 0.00384133)-> tot: 6.58885-> avg: 0.000658079
in-dis-skewed knn time: 0.23334 11.8559 94.637 0 94.637 83.7811 0.491195 27.5653 133.585 0 133.585 107.019 1.74166 70.8686 209.737 0 209.737 139.868 
out-dis-skewed knn time: 0.29692 15.5089 110.062 0 110.062 95.5536 0.657211 32.5602 150.695 0 150.695 119.135 2.21956 80.023 232.425 0 232.425 153.403 
in-dis-uniform knn time: 0.978622 14.4999 115.403 0 115.403 101.903 2.03464 33.3827 161.57 0 161.57 129.187 4.97956 84.1721 251.262 0 251.262 168.09 
out-dis-uniform knn time: 1.01457 15.4082 117.929 0 117.929 103.521 1.97779 33.3881 160.902 0 160.902 128.514 4.83576 83.7714 249.695 0 249.695 166.924 
range count time: 0.000888333 3.79184 40.1324 0 0 37.3406 0.0111337 55.528 166.961 0 0.45806 111.975 0.840013 933.051 1706.71 0 135.206 639.452 
range query time: 0.000915333 3.79184 40.1324 0 0 37.3406 0.0159957 55.528 166.961 0 0.45806 111.975 1.94671 933.051 1706.71 0 135.206 639.452 
# Delete
## 0.0001
median: (624, 0.000914333)-> min: (9999, 0.000559333)-> max: (9216, 0.00347867)-> tot: 9.40153-> avg: 0.000939656
in-dis-skewed knn time: 0.234007 12.2408 94.6609 0 94.6609 83.4202 0.484558 28.0334 132.132 0 132.132 105.099 1.63783 72.0088 208.729 0 208.729 137.72 
out-dis-skewed knn time: 0.254661 12.9719 94.7515 0 94.7515 82.7796 0.566527 27.3985 125.891 0 125.891 99.4924 1.909 67.167 195.279 0 195.279 129.113 
in-dis-uniform knn time: 0.941753 13.2653 102.646 0 102.646 90.381 1.91216 29.7761 142.379 0 142.379 113.603 4.56242 74.6367 221.026 0 221.026 147.389 
out-dis-uniform knn time: 0.981009 14.1072 104.786 0 104.786 91.6793 1.86596 29.601 140.856 0 140.856 112.255 4.44929 73.5777 217.997 0 217.997 145.419 
range count time: 0.00083 3.84226 36.5645 0 0 33.7222 0.010818 58.0206 165.969 0 0.5317 108.416 0.837033 939.717 1704.81 0 137.727 628.364 
range query time: 0.000854 3.84226 36.5645 0 0 33.7222 0.0161793 58.0206 165.969 0 0.5317 108.416 1.93905 939.717 1704.81 0 137.727 628.364 

Tree: PTree; AugType: HasBox; Split: HilbertCurve; BDO: 6; Inba: 30; Coord: integer; 
GeoLifeNoScale_round_no_dup.in 
# Insert
## 1
median: (1, 0.00150433)-> min: (1, 0.00150433)-> max: (1, 0.00150433)-> tot: 0.00150433-> avg: 0.00150433
in-dis-skewed knn time: 0.000695667 7.05635 34.5518 0 34.5518 28.4955 0.000317 13.3997 43.0928 0 43.0928 30.6931 0.001039 23.3156 52.2119 0 52.2119 29.8963 
out-dis-skewed knn time: 0.000150667 7.19309 33.6582 0 33.6582 27.4651 0.000261333 11.5639 39.5526 0 39.5526 28.9887 0.000873333 21.6582 48.4677 0 48.4677 27.8095 
in-dis-uniform knn time: 0.000147 6.25695 32.6364 0 32.6364 27.3794 0.000275667 11.5965 40.3926 0 40.3926 29.796 0.000924667 21.7708 49.1593 0 49.1593 28.3884 
out-dis-uniform knn time: 0.000155333 6.64664 33.4318 0 33.4318 27.7852 0.000254333 11.0943 39.8971 0 39.8971 29.8029 0.000910667 21.0143 48.3751 0 48.3751 28.3609 
range count time: 0.000479667 3.08714 20.4246 0 0 18.3374 0.00711333 57.4449 116.787 0 0.09946 60.243 0.102565 735.207 998.88 0 60.5809 204.092 
range query time: 0.000508667 3.08714 20.4246 0 0 18.3374 0.008884 57.4449 116.787 0 0.09946 60.243 0.537229 735.207 998.88 0 60.5809 204.092 
# Insert
## 0.0001
median: (7749, 2.3e-05)-> min: (531, 5.33333e-06)-> max: (6980, 0.000273667)-> tot: 0.23968-> avg: 2.29056e-05
in-dis-skewed knn time: 0.000161 7.39369 38.1521 0 38.1521 31.7585 0.000274333 13.4508 45.7284 0 45.7284 33.2776 0.000960667 24.7464 56.2427 0 56.2427 32.4962 
out-dis-skewed knn time: 0.000145667 7.05672 33.8659 0 33.8659 27.8092 0.000263667 12.2705 41.4583 0 41.4583 30.1878 0.000849 24.012 51.8351 0 51.8351 28.8231 
in-dis-uniform knn time: 0.000144667 6.37603 35.5105 0 35.5105 30.1345 0.000273 11.6427 42.5887 0 42.5887 31.9459 0.000896333 23.8223 53.4493 0 53.4493 30.627 
out-dis-uniform knn time: 0.000159 7.0184 36.6639 0 36.6639 30.6455 0.000282 11.5745 43.2403 0 43.2403 32.6658 0.000942 24.5449 54.3658 0 54.3658 30.8209 
range count time: 0.000472667 3.10104 20.1783 0 0 18.0773 0.00730433 61.2171 130.548 0 0.15902 70.1722 0.107723 808.982 1140.01 0 79.0495 252.973 
range query time: 0.000479333 3.10104 20.1783 0 0 18.0773 0.008916 61.2171 130.548 0 0.15902 70.1722 0.539633 808.982 1140.01 0 79.0495 252.973 
# Delete
## 0.0001
median: (3379, 1.16667e-05)-> min: (9427, 3e-06)-> max: (23, 6.46667e-05)-> tot: 0.136552-> avg: 1.28353e-05
in-dis-skewed knn time: 0.000972333 7.16341 35.7419 0 35.7419 29.5785 0.000324 14.4166 46.6762 0 46.6762 33.2596 0.00134833 27.5113 59.9113 0 59.9113 33.4001 
out-dis-skewed knn time: 0.000151667 7.17956 34.6927 0 34.6927 28.5131 0.000271 12.2712 43.3287 0 43.3287 32.0575 0.000949667 26.1074 57.6157 0 57.6157 32.5083 
in-dis-uniform knn time: 0.000183667 6.63787 33.991 0 33.991 28.3531 0.000273667 12.5372 43.1488 0 43.1488 31.6116 0.000899 24.9876 54.5285 0 54.5285 30.5409 
out-dis-uniform knn time: 0.000143 6.91401 34.6267 0 34.6267 28.7127 0.000286333 11.76 42.3166 0 42.3166 31.5565 0.000937 24.1108 53.7345 0 53.7345 30.6237 
range count time: 0.000452667 3.1532 21.9071 0 0 19.7539 0.00746967 61.9 129.364 0 0.14284 68.3207 0.109584 817.15 1143.67 0 77.3167 250.199 
range query time: 0.00128967 3.1532 21.9071 0 0 19.7539 0.00913167 61.9 129.364 0 0.14284 68.3207 0.541224 817.15 1143.67 0 77.3167 250.199 

Tree: PTree; AugType: HasBox; Split: HilbertCurve; BDO: 6; Inba: 30; Coord: integer; 
osm_round_no_dup.in 
# Insert
## 1
median: (1, 2.26282)-> min: (1, 2.26282)-> max: (1, 2.26282)-> tot: 2.26282-> avg: 2.26282
in-dis-skewed knn time: 0.257405 9.24331 113.931 0 113.931 105.688 0.980667 26.8083 195.178 0 195.178 169.369 6.13146 84.145 277.145 0 277.145 194 
out-dis-skewed knn time: 0.241058 10.2372 112.619 0 112.619 103.382 1.0461 32.0188 217.483 0 217.483 186.464 6.56297 94.84 310.859 0 310.859 217.019 
in-dis-uniform knn time: 0.921268 8.22023 107.518 0 107.518 100.298 1.78127 22.2486 169.227 0 169.227 147.978 6.44535 70.2219 240.105 0 240.105 170.884 
out-dis-uniform knn time: 0.723337 7.46511 94.6709 0 94.6709 88.2058 1.40678 18.3641 140.387 0 140.387 123.023 5.16179 58.3139 202.706 0 202.706 145.392 
range count time: 0.0005 4.02348 48.5939 0 0.00012 45.5703 0.00186633 17.983 83.2117 0 2.08836 64.1403 0.084724 192.82 550.201 0 116.671 241.71 
range query time: 0.000569667 4.02348 48.5939 0 0.00012 45.5703 0.00792033 17.983 83.2117 0 2.08836 64.1403 1.172 192.82 550.201 0 116.671 241.71 
# Insert
## 0.0001
median: (7630, 0.000803667)-> min: (120, 0.000643333)-> max: (4001, 0.00584067)-> tot: 8.18739-> avg: 0.000818141
in-dis-skewed knn time: 0.264835 8.33205 108.031 0 108.031 100.699 1.13845 25.2503 203.33 0 203.33 179.079 6.12046 73.8562 282.291 0 282.291 209.435 
out-dis-skewed knn time: 0.276906 11.0958 121.572 0 121.572 111.476 1.02983 26.9802 201.498 0 201.498 175.518 5.85152 75.346 280.246 0 280.246 205.9 
in-dis-uniform knn time: 1.26492 9.6139 121.329 0 121.329 112.715 2.44471 23.7182 180.928 0 180.928 158.21 7.66815 67.4266 248.18 0 248.18 181.753 
out-dis-uniform knn time: 1.01424 9.14785 110.844 0 110.844 102.696 1.98433 21.9188 161.819 0 161.819 140.9 6.48079 59.8597 220.467 0 220.467 161.607 
range count time: 0.000615333 4.1456 58.8195 0 0.0001 55.6738 0.00225467 17.5894 91.9157 0 1.6949 73.6314 0.0964917 186.288 546.537 0 109.266 251.983 
range query time: 0.000705 4.1456 58.8195 0 0.0001 55.6738 0.00822833 17.5894 91.9157 0 1.6949 73.6314 1.21875 186.288 546.537 0 109.266 251.983 
# Delete
## 0.0001
median: (3476, 0.000752)-> min: (9786, 0.000514)-> max: (6005, 0.00482767)-> tot: 7.97681-> avg: 0.000797183
in-dis-skewed knn time: 0.266815 8.47654 110.07 0 110.07 102.594 0.901762 20.8265 164.597 0 164.597 144.771 5.19282 65.9448 233.018 0 233.018 168.073 
out-dis-skewed knn time: 0.215456 7.85094 97.027 0 97.027 90.176 1.02954 26.8464 202.511 0 202.511 176.664 6.29545 80.2083 275.86 0 275.86 196.652 
in-dis-uniform knn time: 1.03053 7.80864 103.121 0 103.121 96.3126 1.90199 18.3108 148.061 0 148.061 130.75 6.03942 56.3252 206.714 0 206.714 151.389 
out-dis-uniform knn time: 0.827225 6.77898 86.4116 0 86.4116 80.6326 1.58115 16.8457 135.954 0 135.954 120.108 5.37347 51.729 190.246 0 190.246 139.517 
range count time: 0.000594667 3.91808 55.533 0 6e-05 52.6149 0.002131 17.6495 84.5473 0 1.9722 65.9256 0.088273 185.535 531.661 0 111.026 236.101 
range query time: 0.000682667 3.91808 55.533 0 6e-05 52.6149 0.00816 17.6495 84.5473 0 1.9722 65.9256 1.23592 185.535 531.661 0 111.026 236.101 

