Tree: PTree; AugType: HasBox; Split: MortonCurve; BDO: 6; Inba: 30; Coord: integer; 
Cosmo50_round_no_dup.in 
# Insert
## 1
median: (1, 0.836503)-> min: (1, 0.836503)-> max: (1, 0.836503)-> tot: 0.836503-> avg: 0.836503
in-dis-skewed knn time: 0.799547 54.9283 322.024 0 322.024 268.096 2.58098 143.998 561.2 0 561.2 418.201 8.89871 284.105 781.497 0 781.497 498.392 
out-dis-skewed knn time: 1.65027 71.1404 409.661 0 409.661 339.52 4.61819 185.966 744.071 0 744.071 559.106 11.9049 369.247 1028.28 0 1028.28 660.036 
in-dis-uniform knn time: 5.1681 76.776 467.311 0 467.311 391.535 11.5454 201.062 819.737 0 819.737 619.674 22.9322 404.124 1145.73 0 1145.73 742.607 
out-dis-uniform knn time: 5.16271 78.1247 470.779 0 470.779 393.655 11.3507 202.173 824.342 0 824.342 623.169 22.6163 406.547 1151.58 0 1151.58 746.029 
range count time: 0.00144633 7.63784 71.1746 0 0 64.5368 0.0133897 69.3714 236.352 0 0.1925 167.788 0.979958 960.675 1824.43 0 95.1798 769.578 
range query time: 0.00152533 7.63784 71.1746 0 0 64.5368 0.0179793 69.3714 236.352 0 0.1925 167.788 1.93415 960.675 1824.43 0 95.1798 769.578 
# Insert
## 0.0001
median: (3690, 0.000542667)-> min: (0, 0.000370667)-> max: (8689, 0.00427667)-> tot: 5.63103-> avg: 0.000562502
in-dis-skewed knn time: 1.01399 65.389 393.441 0 393.441 329.052 2.7202 150.286 594.747 0 594.747 445.461 9.38461 310.716 849.628 0 849.628 539.912 
out-dis-skewed knn time: 1.90868 93.5317 543.739 0 543.739 451.207 4.27091 189.111 768.033 0 768.033 579.922 11.676 392.29 1098.83 0 1098.83 707.54 
in-dis-uniform knn time: 5.58372 104.399 642.125 0 642.125 538.726 11.0476 223.026 917.986 0 917.986 695.96 23.3283 466.997 1319.9 0 1319.9 853.904 
out-dis-uniform knn time: 5.54499 106.118 646.939 0 646.939 541.821 10.7746 222.618 917.05 0 917.05 695.432 22.7663 466.081 1318.64 0 1318.64 853.564 
range count time: 0.00172633 7.91276 87.4647 0 0 80.5519 0.017146 79.7056 275.672 0 0.35214 196.615 1.0579 1151.74 2210.55 0 134.262 925.541 
range query time: 0.00176833 7.91276 87.4647 0 0 80.5519 0.021531 79.7056 275.672 0 0.35214 196.615 2.11659 1151.74 2210.55 0 134.262 925.541 
# Delete
## 0.0001
median: (2584, 0.000812)-> min: (9998, 0.000445667)-> max: (4122, 0.00481633)-> tot: 8.46266-> avg: 0.000845766
in-dis-skewed knn time: 0.931149 61.9725 380.265 0 380.265 319.293 2.66658 156.575 606.03 0 606.03 450.456 9.36897 331.984 876.654 0 876.654 545.671 
out-dis-skewed knn time: 1.69048 73.0726 459.95 0 459.95 387.877 5.10105 199.641 855.21 0 855.21 656.569 13.5444 425.847 1215.75 0 1215.75 790.906 
in-dis-uniform knn time: 4.70305 77.6455 491.31 0 491.31 414.665 10.7699 207.222 845.028 0 845.028 638.806 22.5804 437.434 1212.43 0 1212.43 775.998 
out-dis-uniform knn time: 4.74424 78.8154 495.971 0 495.971 418.155 10.6985 208.36 857.779 0 857.779 650.419 22.4493 440.251 1228.75 0 1228.75 789.501 
range count time: 0.00159267 7.74018 77.1126 0 0 70.3724 0.0162713 82.3671 268.355 0 0.39954 186.589 1.05626 1158 2195.41 0 136.565 901.843 
range query time: 0.00159367 7.74018 77.1126 0 0 70.3724 0.0214993 82.3671 268.355 0 0.39954 186.589 2.11641 1158 2195.41 0 136.565 901.843 

Tree: PTree; AugType: HasBox; Split: MortonCurve; BDO: 6; Inba: 30; Coord: integer; 
GeoLifeNoScale_round_no_dup.in 
# Insert
## 1
median: (1, 0.001232)-> min: (1, 0.001232)-> max: (1, 0.001232)-> tot: 0.001232-> avg: 0.001232
in-dis-skewed knn time: 0.000135333 6.65928 25.7122 0 25.7122 20.053 0.000286 11.6187 30.9459 0 30.9459 20.3272 0.000845667 19.7908 38.062 0 38.062 19.2712 
out-dis-skewed knn time: 0.000181 10.9429 35.2596 0 35.2596 25.3167 0.000374667 18.201 44.044 0 44.044 26.843 0.001107 29.0353 52.2261 0 52.2261 24.1908 
in-dis-uniform knn time: 0.00013 5.99662 23.497 0 23.497 18.5004 0.000264333 10.1942 28.0466 0 28.0466 18.8524 0.000758333 17.3824 34.1679 0 34.1679 17.7855 
out-dis-uniform knn time: 0.000125333 5.84979 23.2246 0 23.2246 18.3748 0.000239333 9.55238 27.3849 0 27.3849 18.8325 0.000695 16.3357 33.2561 0 33.2561 17.9204 
range count time: 0.000614 4.4916 22.5774 0 0 19.0858 0.00954033 79.4074 127.489 0 0.04976 49.0319 0.121959 904.078 1083.7 0 40.1627 140.455 
range query time: 0.00066 4.4916 22.5774 0 0 19.0858 0.011077 79.4074 127.489 0 0.04976 49.0319 0.538512 904.078 1083.7 0 40.1627 140.455 
# Insert
## 0.0001
median: (7311, 2e-05)-> min: (44, 2e-06)-> max: (5716, 0.000263667)-> tot: 0.204628-> avg: 1.94842e-05
in-dis-skewed knn time: 0.000132333 6.16153 25.9763 0 25.9763 20.8148 0.000346667 12.624 33.0263 0 33.0263 21.4023 0.000978 23.411 42.5297 0 42.5297 20.1187 
out-dis-skewed knn time: 0.000169 10.6694 35.6334 0 35.6334 25.9639 0.000425333 20.3539 47.6014 0 47.6014 28.2476 0.00130533 36.0909 60.456 0 60.456 25.3651 
in-dis-uniform knn time: 0.000128667 5.90684 24.4576 0 24.4576 19.5507 0.000257667 11.0301 30.1965 0 30.1965 20.1664 0.000857 19.929 37.4512 0 37.4512 18.5222 
out-dis-uniform knn time: 0.000132333 5.74315 23.9395 0 23.9395 19.1964 0.000241667 10.2861 29.3567 0 29.3567 20.0706 0.000754667 18.9733 36.7957 0 36.7957 18.8224 
range count time: 0.000546333 4.2 21.1342 0 0 17.9342 0.00979533 85.4782 144.785 0 0.09586 60.2111 0.129626 1008.63 1267.37 0 60.7409 199.004 
range query time: 0.000582 4.2 21.1342 0 0 17.9342 0.0111017 85.4782 144.785 0 0.09586 60.2111 0.543202 1008.63 1267.37 0 60.7409 199.004 
# Delete
## 0.0001
median: (1311, 1.06667e-05)-> min: (10237, 1e-06)-> max: (41, 6.7e-05)-> tot: 0.125885-> avg: 1.17915e-05
in-dis-skewed knn time: 0.000154667 6.80729 26.1604 0 26.1604 20.3531 0.000315333 12.0304 32.1593 0 32.1593 21.1289 0.000864333 21.5571 40.5526 0 40.5526 19.9955 
out-dis-skewed knn time: 0.000169667 9.85838 34.408 0 34.408 25.5496 0.000327667 19.4966 47.5278 0 47.5278 29.0312 0.00119033 33.4692 59.1326 0 59.1326 26.6634 
in-dis-uniform knn time: 0.000126 5.77874 23.8118 0 23.8118 19.0331 0.000239667 10.5346 29.707 0 29.707 20.1724 0.000701333 19.0071 36.9827 0 36.9827 18.9756 
out-dis-uniform knn time: 0.000113 5.52948 23.1449 0 23.1449 18.6155 0.000214667 9.72174 28.4728 0 28.4728 19.751 0.000722667 17.7495 35.4225 0 35.4225 18.6729 
range count time: 0.000541333 4.3143 23.2395 0 0 19.9252 0.010061 84.7505 141.997 0 0.08322 58.1634 0.131203 998.588 1241.41 0 55.664 188.157 
range query time: 0.000610667 4.3143 23.2395 0 0 19.9252 0.011551 84.7505 141.997 0 0.08322 58.1634 0.540799 998.588 1241.41 0 55.664 188.157 

Tree: PTree; AugType: HasBox; Split: MortonCurve; BDO: 6; Inba: 30; Coord: integer; 
osm_round_no_dup.in 
# Insert
## 1
median: (1, 2.1224)-> min: (1, 2.1224)-> max: (1, 2.1224)-> tot: 2.1224-> avg: 2.1224
in-dis-skewed knn time: 0.636573 24.4007 258.823 0 258.823 235.422 2.91378 81.8155 521.162 0 521.162 440.346 17.6141 244.637 758.469 0 758.469 514.832 
out-dis-skewed knn time: 0.429451 17.0598 194.754 0 194.754 178.694 2.60496 79.89 510.306 0 510.306 431.416 15.6646 224.043 718.172 0 718.172 495.128 
in-dis-uniform knn time: 2.70476 24.0778 256.97 0 256.97 233.892 6.98845 82.1493 553.248 0 553.248 472.099 21.447 237.426 787.585 0 787.585 551.159 
out-dis-uniform knn time: 2.04598 21.1469 229.215 0 229.215 209.068 5.3065 71.7928 496.459 0 496.459 425.667 17.9343 209.133 709.957 0 709.957 501.824 
range count time: 0.000449 3.04642 45.4644 0 0.00012 43.4178 0.002558 25.2122 137.804 0 1.94576 111.646 0.131451 265.44 774.245 0 137.251 372.553 
range query time: 0.000556667 3.04642 45.4644 0 0.00012 43.4178 0.00835867 25.2122 137.804 0 1.94576 111.646 1.19248 265.44 774.245 0 137.251 372.553 
# Insert
## 0.0001
median: (1682, 0.000777)-> min: (239, 0.000598333)-> max: (4112, 0.005133)-> tot: 7.90639-> avg: 0.000790077
in-dis-skewed knn time: 0.806866 26.3308 288.959 0 288.959 263.628 3.83822 83.7782 569.182 0 569.182 486.404 20.2442 236.663 835.789 0 835.789 600.126 
out-dis-skewed knn time: 0.693238 24.2975 281.902 0 281.902 258.605 3.33191 83.8277 547.848 0 547.848 465.021 16.4716 207.032 734.686 0 734.686 528.654 
in-dis-uniform knn time: 3.80066 31.4345 334.09 0 334.09 303.655 9.17828 92.139 623.245 0 623.245 532.106 25.8519 241.141 873.195 0 873.195 633.054 
out-dis-uniform knn time: 2.89488 27.2501 291.781 0 291.781 265.531 7.25826 83.1139 560.967 0 560.967 478.853 21.9766 216.338 784.239 0 784.239 568.9 
range count time: 0.000579667 3.79148 52.7135 0 0.00014 49.9219 0.00333267 25.9406 160.765 0 1.59308 134.231 0.151548 256.681 789.357 0 128.868 404.808 
range query time: 0.000659 3.79148 52.7135 0 0.00014 49.9219 0.00843733 25.9406 160.765 0 1.59308 134.231 1.26626 256.681 789.357 0 128.868 404.808 
# Delete
## 0.0001
median: (2498, 0.000717333)-> min: (9787, 0.000483)-> max: (6167, 0.00479567)-> tot: 7.36799-> avg: 0.000736301
in-dis-skewed knn time: 0.674041 22.6365 241.927 0 241.927 220.29 3.40992 79.5949 535.043 0 535.043 456.449 17.8092 227.746 762.071 0 762.071 535.325 
out-dis-skewed knn time: 0.581239 20.7687 234.019 0 234.019 214.25 2.85815 70.0278 485.572 0 485.572 416.544 16.3265 210.74 707.371 0 707.371 497.631 
in-dis-uniform knn time: 3.13346 25.2048 275.232 0 275.232 251.027 7.6839 80.6242 554.742 0 554.742 475.117 22.5264 223.917 779.631 0 779.631 556.714 
out-dis-uniform knn time: 2.44468 21.5699 241.135 0 241.135 220.565 6.04548 69.3438 495.038 0 495.038 426.694 19.0244 194.985 699.334 0 699.334 505.349 
range count time: 0.000505 2.98414 44.7774 0 0.0001 42.7932 0.00294067 24.4986 137.295 0 1.8409 111.956 0.138422 255.478 748.953 0 129.75 364.725 
range query time: 0.000568 2.98414 44.7774 0 0.0001 42.7932 0.008676 24.4986 137.295 0 1.8409 111.956 1.2663 255.478 748.953 0 129.75 364.725 

