Tree: CPAM; AugType: HasBox; Split: MortonCurve; BDO: 6; Inba: 30; Coord: integer; 
Cosmo50_round_no_dup.in 
# Insert
## 1
median: (1, 5.38451)-> min: (1, 5.38451)-> max: (1, 5.38451)-> tot: 5.38451-> avg: 5.38451
in-dis-skewed knn time: 1.14557 54.9283 322.024 0 322.024 268.096 4.38678 143.998 561.2 0 561.2 418.201 14.5252 284.105 781.497 0 781.497 498.392 
out-dis-skewed knn time: 2.5204 71.1404 409.661 0 409.661 339.52 7.08041 185.966 744.071 0 744.071 559.106 17.5639 369.247 1028.28 0 1028.28 660.036 
in-dis-uniform knn time: 6.89233 76.776 467.311 0 467.311 391.535 15.7563 201.062 819.737 0 819.737 619.674 31.7882 404.124 1145.73 0 1145.73 742.607 
out-dis-uniform knn time: 6.89929 78.1247 470.779 0 470.779 393.655 15.534 202.173 824.342 0 824.342 623.169 31.3398 406.547 1151.58 0 1151.58 746.029 
range count time: 0.00169033 0 0 0 0 0 0.01932 0 0 0 0 0 1.29937 0 0 0 0 0 
range query time: 0.003023 0 0 0 0 0 0.0260597 0 0 0 0 0 2.33427 0 0 0 0 0 
# Insert
## 0.0001
median: (6166, 0.001814)-> min: (0, 0.000722333)-> max: (8972, 0.006604)-> tot: 18.9854-> avg: 0.00189785
in-dis-skewed knn time: 1.26323 61.044 364.193 0 364.193 304.149 3.8221 146.989 576.384 0 576.384 430.394 12.9878 304.162 823.274 0 823.274 520.112 
out-dis-skewed knn time: 2.3925 83.8739 494.876 0 494.876 412.002 5.42862 177.056 707.343 0 707.343 531.286 14.0273 365.851 1004.86 0 1004.86 640.007 
in-dis-uniform knn time: 6.52903 95.2553 578.119 0 578.119 483.864 13.4595 213.002 853.579 0 853.579 641.577 28.6304 444.868 1228.53 0 1228.53 784.658 
out-dis-uniform knn time: 6.47989 96.4311 581.718 0 581.718 486.286 13.0689 211.67 849.483 0 849.483 638.814 27.8207 442.176 1222.02 0 1222.02 780.843 
range count time: 0.001784 0 0 0 0 0 0.021244 0 0 0 0 0 1.33056 0 0 0 0 0 
range query time: 0.00171967 0 0 0 0 0 0.0280137 0 0 0 0 0 2.43578 0 0 0 0 0 
# Delete
## 0.0001
median: (1773, 0.00196767)-> min: (9999, 0.000832)-> max: (417, 0.00714167)-> tot: 19.2145-> avg: 0.00192095
in-dis-skewed knn time: 1.2357 62.1455 381.453 0 381.453 320.307 3.80311 157.612 608.582 0 608.582 451.97 13.1138 333.806 880.057 0 880.057 547.251 
out-dis-skewed knn time: 2.42835 73.4707 455.962 0 455.962 383.492 7.21379 196.499 829.604 0 829.604 634.105 18.2795 409.361 1165.56 0 1165.56 757.198 
in-dis-uniform knn time: 6.03671 77.211 483.577 0 483.577 407.366 14.1029 203.663 825.04 0 825.04 622.377 29.451 424.381 1175.53 0 1175.53 752.146 
out-dis-uniform knn time: 6.14136 78.4732 488.294 0 488.294 410.82 14.0805 204.599 835.675 0 835.675 632.076 29.3706 425.733 1187.23 0 1187.23 762.499 
range count time: 0.00171667 0 0 0 0 0 0.020546 0 0 0 0 0 1.33173 0 0 0 0 0 
range query time: 0.001631 0 0 0 0 0 0.0273273 0 0 0 0 0 2.4392 0 0 0 0 0 

Tree: CPAM; AugType: HasBox; Split: MortonCurve; BDO: 6; Inba: 30; Coord: integer; 
GeoLifeNoScale_round_no_dup.in 
# Insert
## 1
median: (1, 0.003208)-> min: (1, 0.003208)-> max: (1, 0.003208)-> tot: 0.003208-> avg: 0.003208
in-dis-skewed knn time: 0.000199333 6.65928 25.7122 0 25.7122 20.053 0.000364667 11.6187 30.9459 0 30.9459 20.3272 0.000977 19.7908 38.062 0 38.062 19.2712 
out-dis-skewed knn time: 0.000273 10.9429 35.2596 0 35.2596 25.3167 0.000462333 18.201 44.044 0 44.044 26.843 0.00122633 29.0353 52.2261 0 52.2261 24.1908 
in-dis-uniform knn time: 0.000167333 5.99662 23.497 0 23.497 18.5004 0.00029 10.1942 28.0466 0 28.0466 18.8524 0.001073 17.3824 34.1679 0 34.1679 17.7855 
out-dis-uniform knn time: 0.000168 5.84979 23.2246 0 23.2246 18.3748 0.000301 9.55238 27.3849 0 27.3849 18.8325 0.001045 16.3357 33.2561 0 33.2561 17.9204 
range count time: 0.000675667 0 0 0 0 0 0.010492 0 0 0 0 0 0.13686 0 0 0 0 0 
range query time: 0.000857 0 0 0 0 0 0.012351 0 0 0 0 0 0.542227 0 0 0 0 0 
# Insert
## 0.0001
median: (7821, 4.36667e-05)-> min: (2, 8.66667e-06)-> max: (8192, 7.6e-05)-> tot: 0.448543-> avg: 4.33036e-05
in-dis-skewed knn time: 0.000176 6.30015 25.5349 0 25.5349 20.2348 0.000373333 12.565 32.8396 0 32.8396 21.2746 0.000965 21.8835 41.1585 0 41.1585 20.275 
out-dis-skewed knn time: 0.000233667 10.4718 35.287 0 35.287 25.8152 0.000469667 20.0898 47.698 0 47.698 28.6082 0.00132533 33.5992 58.654 0 58.654 26.0548 
in-dis-uniform knn time: 0.000162 5.88693 23.8918 0 23.8918 19.0049 0.000301 10.7077 29.5526 0 29.5526 19.8449 0.000836667 19.2919 36.9358 0 36.9358 18.6439 
out-dis-uniform knn time: 0.000164333 5.66692 23.2313 0 23.2313 18.5644 0.000279667 9.9478 28.5546 0 28.5546 19.6068 0.000832333 17.8971 35.4983 0 35.4983 18.6012 
range count time: 0.000693667 0 0 0 0 0 0.0115357 0 0 0 0 0 0.146782 0 0 0 0 0 
range query time: 0.000827 0 0 0 0 0 0.0125703 0 0 0 0 0 0.541956 0 0 0 0 0 
# Delete
## 0.0001
median: (4562, 4.43333e-05)-> min: (10237, 9e-06)-> max: (3415, 9.16667e-05)-> tot: 0.453109-> avg: 4.37492e-05
in-dis-skewed knn time: 0.000172333 6.72577 25.5387 0 25.5387 19.8129 0.000368333 11.8295 31.0503 0 31.0503 20.2209 0.00105933 20.8009 39.0511 0 39.0511 19.2502 
out-dis-skewed knn time: 0.000252 10.0988 33.3497 0 33.3497 24.2509 0.000477667 19.1709 45.1071 0 45.1071 26.9361 0.00141733 31.9959 56.0301 0 56.0301 25.0342 
in-dis-uniform knn time: 0.000154 5.78475 23.2678 0 23.2678 18.4831 0.000349667 10.2911 28.5635 0 28.5635 19.2724 0.000853 18.2201 35.3952 0 35.3952 18.1751 
out-dis-uniform knn time: 0.000153667 5.55314 22.5498 0 22.5498 17.9966 0.000302667 9.45963 27.3192 0 27.3192 18.8596 0.000822333 16.9688 33.8517 0 33.8517 17.8828 
range count time: 0.000750667 0 0 0 0 0 0.011009 0 0 0 0 0 0.147234 0 0 0 0 0 
range query time: 0.000795333 0 0 0 0 0 0.0135447 0 0 0 0 0 0.547115 0 0 0 0 0 

Tree: CPAM; AugType: HasBox; Split: MortonCurve; BDO: 6; Inba: 30; Coord: integer; 
osm_round_no_dup.in 
# Insert
## 1
median: (1, 7.00719)-> min: (1, 7.00719)-> max: (1, 7.00719)-> tot: 7.00719-> avg: 7.00719
in-dis-skewed knn time: 0.791099 24.4007 258.823 0 258.823 235.422 3.46656 81.8155 521.162 0 521.162 440.346 19.8623 244.637 758.469 0 758.469 514.832 
out-dis-skewed knn time: 0.526093 17.0598 194.754 0 194.754 178.694 3.05164 79.89 510.306 0 510.306 431.416 17.1188 224.043 718.172 0 718.172 495.128 
in-dis-uniform knn time: 3.61936 24.0778 256.97 0 256.97 233.892 9.4636 82.1493 553.248 0 553.248 472.099 26.067 237.426 787.585 0 787.585 551.159 
out-dis-uniform knn time: 2.76353 21.1469 229.215 0 229.215 209.068 7.19352 71.7928 496.459 0 496.459 425.667 21.3028 209.133 709.957 0 709.957 501.824 
range count time: 0.000689 0 0 0 0 0 0.00358833 0 0 0 0 0 0.181628 0 0 0 0 0 
range query time: 0.000636 0 0 0 0 0 0.00919433 0 0 0 0 0 1.43429 0 0 0 0 0 
# Insert
## 0.0001
median: (3965, 0.001486)-> min: (83, 0.001109)-> max: (5334, 0.00578)-> tot: 15.3809-> avg: 0.00153754
in-dis-skewed knn time: 0.877119 21.4034 246.928 0 246.928 226.525 4.04143 70.7242 505.895 0 505.895 436.171 20.4205 206.984 731.577 0 731.577 525.594 
out-dis-skewed knn time: 0.656258 18.4892 215.362 0 215.362 197.873 3.21334 68.8605 433.715 0 433.715 365.855 16.0146 172.444 587.067 0 587.067 415.623 
in-dis-uniform knn time: 4.22222 26.3668 293.649 0 293.649 268.282 10.3472 79.1489 553.593 0 553.593 475.444 28.0342 208.733 758.576 0 758.576 550.842 
out-dis-uniform knn time: 3.18866 22.8112 254.837 0 254.837 233.026 8.01797 69.9438 489.493 0 489.493 420.549 23.0012 182.082 670.407 0 670.407 489.325 
range count time: 0.000720667 0 0 0 0 0 0.004114 0 0 0 0 0 0.199381 0 0 0 0 0 
range query time: 0.000697667 0 0 0 0 0 0.00921533 0 0 0 0 0 1.46503 0 0 0 0 0 
# Delete
## 0.0001
median: (7052, 0.00159533)-> min: (9877, 0.00121367)-> max: (4675, 0.006999)-> tot: 16.6466-> avg: 0.00166416
in-dis-skewed knn time: 0.831474 22.7501 240.502 0 240.502 218.752 4.12551 78.8927 524.807 0 524.807 446.914 19.9918 218.108 744.001 0 744.001 526.893 
out-dis-skewed knn time: 0.711151 20.751 233.772 0 233.772 214.021 3.36593 69.2709 481.784 0 481.784 413.513 17.8797 205.175 695.754 0 695.754 491.579 
in-dis-uniform knn time: 3.88024 25.2802 272.25 0 272.25 247.97 9.64597 78.8201 540.812 0 540.812 462.992 26.7638 212.802 753.178 0 753.178 541.375 
out-dis-uniform knn time: 3.05571 21.5552 237.415 0 237.415 216.86 7.65297 68.8506 487.493 0 487.493 419.642 22.5374 187.111 684.215 0 684.215 498.104 
range count time: 0.000672333 0 0 0 0 0 0.00399433 0 0 0 0 0 0.193686 0 0 0 0 0 
range query time: 0.000648 0 0 0 0 0 0.00939433 0 0 0 0 0 1.48276 0 0 0 0 0 

