Tree: PTree; AugType: HasBox; Split: MortonCurve; BDO: 6; Inba: 30; Coord: integer; 
1.in 
# Insert
## 0.0001
median: (662, 0.0008265)-> min: (6715, 0.0006645)-> max: (1497, 0.005038)-> tot: 8.47638-> avg: 0.000847141
range query time: 
0 9 2.000000e-05
0 7 2.000000e-06
0 3 1.000000e-06
0 3 1.000000e-06
0 3 1.000000e-06
0 1 1.000000e-06
0 2 1.000000e-06
0 1 1.000000e-06
0 1 1.000000e-06
0 4 1.000000e-06
0 3 1.000000e-06
0 1 1.000000e-06
0 2 1.000000e-06
0 2 1.000000e-06
0 2 1.000000e-06
0 1 1.000000e-06
0 1 1.000000e-06
0 1 1.000000e-06
0 2 1.000000e-06
0 1 1.000000e-06
0 1 1.000000e-06
0 1 1.000000e-06
0 12 9.000000e-06
0 11 2.000000e-06
0 1 1.000000e-06
0 10 2.000000e-06
0 2 1.000000e-06
0 2 1.000000e-06
0 1 1.000000e-06
0 1 1.000000e-06
0 8 2.000000e-06
0 2 1.000000e-06
0 1 1.000000e-06
0 1 1.000000e-06
0 6 2.000000e-06
0 4 1.000000e-06
0 3 1.000000e-06
0 3 1.000000e-06
0 2 1.000000e-06
0 1 1.000000e-06
0 1 1.000000e-06
0 1 1.000000e-06
0 1 1.000000e-06
0 2 1.000000e-06
0 2 1.000000e-06
0 1 1.000000e-06
0 1 1.000000e-06
0 1 1.000000e-06
0 15 2.000000e-06
0 11 1.000000e-06
0 1 1.000000e-06
0 10 1.000000e-06
0 2 1.000000e-06
0 2 0.000000e+00
0 2 0.000000e+00
0 1 0.000000e+00
0 1 0.000000e+00
0 8 1.000000e-06
0 7 1.000000e-06
0 5 1.000000e-06
0 4 1.000000e-06
0 3 1.000000e-06
0 2 1.000000e-06
0 1 0.000000e+00
0 1 1.000000e-06
0 1 1.000000e-06
0 1 0.000000e+00
0 1 1.000000e-06
0 2 1.000000e-06
0 2 0.000000e+00
0 1 0.000000e+00
0 1 1.000000e-06
0 1 1.000000e-06
0 4 1.000000e-06
0 1 1.000000e-06
0 3 1.000000e-06
0 1 1.000000e-06
0 2 1.000000e-06
0 2 1.000000e-06
0 2 0.000000e+00
0 1 1.000000e-06
0 1 1.000000e-06
0 16 1.000000e-06
0 3 1.000000e-06
0 1 1.000000e-06
0 2 1.000000e-06
0 1 1.000000e-06
0 1 1.000000e-06
0 13 1.000000e-06
0 4 1.000000e-06
0 1 1.000000e-06
0 3 1.000000e-06
0 2 1.000000e-06
0 2 0.000000e+00
0 1 1.000000e-06
0 1 1.000000e-06
0 1 1.000000e-06
0 9 1.000000e-06
0 7 1.000000e-06
0 2 1.000000e-06
1 2754 9.500000e-05
1 1686 2.200000e-05
1 1191 1.500000e-05
1 950 1.200000e-05
1 908 1.100000e-05
1 899 9.000000e-06
1 715 7.000000e-06
1 675 9.000000e-06
1 599 9.000000e-06
1 401 8.000000e-06
1 369 7.000000e-06
1 210 5.000000e-06
1 144 5.000000e-06
1 159 5.000000e-06
1 156 4.000000e-06
1 198 5.000000e-06
1 173 4.000000e-06
1 184 5.000000e-06
1 180 4.000000e-06
1 105 4.000000e-06
1 105 2.000000e-06
1 102 2.000000e-06
1 241 4.000000e-06
1 146 3.000000e-06
1 101 2.000000e-06
1 495 8.000000e-06
1 359 6.000000e-06
1 271 6.000000e-06
1 135 3.000000e-06
1 134 2.000000e-06
1 101 3.000000e-06
1 136 5.000000e-06
1 130 4.000000e-06
1 115 4.000000e-06
1 136 4.000000e-06
1 1068 2.400000e-05
1 793 1.200000e-05
1 702 1.200000e-05
1 616 8.000000e-06
1 490 7.000000e-06
1 446 6.000000e-06
1 391 6.000000e-06
1 376 7.000000e-06
1 314 1.300000e-05
1 200 5.000000e-06
1 174 4.000000e-06
1 163 4.000000e-06
1 129 4.000000e-06
1 111 4.000000e-06
1 114 6.000000e-06
1 102 5.000000e-06
1 126 4.000000e-06
1 116 3.000000e-06
1 275 1.100000e-05
1 178 6.000000e-06
1 136 5.000000e-06
1 4617 1.390000e-04
1 1822 3.100000e-05
1 961 1.600000e-05
1 290 6.000000e-06
1 218 4.000000e-06
1 201 4.000000e-06
1 115 4.000000e-06
1 114 3.000000e-06
1 671 1.100000e-05
1 147 5.000000e-06
1 135 4.000000e-06
1 524 1.000000e-05
1 367 7.000000e-06
1 320 7.000000e-06
1 227 5.000000e-06
1 133 5.000000e-06
1 157 6.000000e-06
1 141 5.000000e-06
1 113 5.000000e-06
1 861 1.600000e-05
1 824 1.500000e-05
1 490 1.000000e-05
1 451 1.000000e-05
1 358 7.000000e-06
1 274 6.000000e-06
1 215 5.000000e-06
1 132 5.000000e-06
1 334 1.100000e-05
1 301 9.000000e-06
1 296 8.000000e-06
1 267 7.000000e-06
1 182 7.000000e-06
1 134 5.000000e-06
1 123 5.000000e-06
1 104 5.000000e-06
1 2795 5.500000e-05
1 2103 2.800000e-05
1 296 8.000000e-06
1 229 7.000000e-06
1 172 5.000000e-06
1 126 4.000000e-06
1 1807 1.700000e-05
1 313 6.000000e-06
1 308 7.000000e-06
2 208812 2.246000e-03
2 206058 2.423000e-03
2 16636 2.220000e-04
2 10979 1.210000e-04
2 189422 1.406000e-03
2 27921 3.310000e-04
2 19128 2.390000e-04
2 16374 1.740000e-04
2 16170 1.950000e-04
2 12605 1.710000e-04
2 10351 1.330000e-04
2 161501 1.003000e-03
2 125048 7.570000e-04
2 84812 5.730000e-04
2 63281 5.310000e-04
2 36779 3.400000e-04
2 30585 2.680000e-04
2 12441 1.540000e-04
2 10903 1.100000e-04
2 18144 1.860000e-04
2 10526 1.190000e-04
2 26502 2.880000e-04
2 17020 1.970000e-04
2 14303 1.460000e-04
2 12374 1.260000e-04
2 11817 1.180000e-04
2 10794 1.050000e-04
2 21531 2.000000e-04
2 18429 1.540000e-04
2 18309 1.790000e-04
2 13655 1.360000e-04
2 40236 2.980000e-04
2 14275 1.720000e-04
2 11788 1.320000e-04
2 25961 2.040000e-04
2 14189 1.060000e-04
2 11772 1.040000e-04
2 36453 4.150000e-04
2 30156 3.490000e-04
2 23550 2.720000e-04
2 21547 2.640000e-04
2 11836 1.680000e-04
2 122812 1.361000e-03
2 54340 6.730000e-04
2 33946 4.440000e-04
2 31767 2.890000e-04
2 23307 2.410000e-04
2 17475 2.190000e-04
2 13157 1.400000e-04
2 20394 3.060000e-04
2 13939 2.070000e-04
2 10572 1.610000e-04
2 10123 1.450000e-04
2 68472 1.203000e-03
2 32902 3.960000e-04
2 24682 2.300000e-04
2 18147 2.200000e-04
2 12970 1.330000e-04
2 35570 4.160000e-04
2 33394 3.780000e-04
2 13151 1.820000e-04
2 10338 1.130000e-04
2 20243 2.500000e-04
2 19762 2.190000e-04
2 16708 1.750000e-04
2 11239 1.360000e-04
2 10565 1.280000e-04
2 537551 2.392000e-03
2 263040 1.703000e-03
2 17813 1.960000e-04
2 17158 1.170000e-04
2 15214 1.250000e-04
2 12381 1.250000e-04
2 12032 1.110000e-04
2 11625 1.260000e-04
2 11169 1.120000e-04
2 245227 1.368000e-03
2 144895 1.141000e-03
2 95143 8.470000e-04
2 37671 3.540000e-04
2 30262 2.990000e-04
2 18880 1.820000e-04
2 13479 1.460000e-04
2 11283 1.180000e-04
2 11382 1.410000e-04
2 57472 5.110000e-04
2 56418 4.640000e-04
2 55102 4.470000e-04
2 10022 1.450000e-04
2 45080 4.460000e-04
2 18726 2.260000e-04
2 15635 1.850000e-04
2 12056 1.700000e-04
2 26354 3.020000e-04
2 19650 2.130000e-04
2 15264 2.060000e-04
2 13201 1.610000e-04
2 11288 1.250000e-04
2 49752 6.140000e-04
2 44767 4.760000e-04


Tree: PTree; AugType: HasBox; Split: MortonCurve; BDO: 6; Inba: 30; Coord: integer; 
2_sort_by_0.in 
# Insert
## 0.0001
median: (2708, 0.0008125)-> min: (43, 0.0006815)-> max: (9263, 0.0092835)-> tot: 8.40211-> avg: 0.000839712
range query time: 
0 56 3.700000e-05
0 10 4.000000e-06
0 10 4.000000e-06
0 8 3.000000e-06
0 4 2.000000e-06
0 1 2.000000e-06
0 3 2.000000e-06
0 2 2.000000e-06
0 1 2.000000e-06
0 1 2.000000e-06
0 1 2.000000e-06
0 4 2.000000e-06
0 1 1.000000e-06
0 3 2.000000e-06
0 3 2.000000e-06
0 1 1.000000e-06
0 2 2.000000e-06
0 1 1.000000e-06
0 1 1.000000e-06
0 2 2.000000e-06
0 1 2.000000e-06
0 1 1.000000e-06
0 46 5.000000e-06
0 45 4.000000e-06
0 28 3.000000e-06
0 26 2.000000e-06
0 17 2.000000e-06
0 6 2.000000e-06
0 5 2.000000e-06
0 5 2.000000e-06
0 4 2.000000e-06
0 3 2.000000e-06
0 1 1.000000e-06
0 2 2.000000e-06
0 2 2.000000e-06
0 1 2.000000e-06
0 1 1.000000e-06
0 1 1.000000e-06
0 1 2.000000e-06
0 1 1.000000e-06
0 11 3.000000e-06
0 9 2.000000e-06
0 6 2.000000e-06
0 2 1.000000e-06
0 1 1.000000e-06
0 1 1.000000e-06
0 4 2.000000e-06
0 3 2.000000e-06
0 1 1.000000e-06
0 2 2.000000e-06
0 1 1.000000e-06
0 1 2.000000e-06
0 1 1.000000e-06
0 3 2.000000e-06
0 1 1.000000e-06
0 2 2.000000e-06
0 2 2.000000e-06
0 1 1.000000e-06
0 1 1.000000e-06
0 2 2.000000e-06
0 1 2.000000e-06
0 1 2.000000e-06
0 9 2.000000e-06
0 8 2.000000e-06
0 6 2.000000e-06
0 2 2.000000e-06
0 1 1.000000e-06
0 1 1.000000e-06
0 4 2.000000e-06
0 2 2.000000e-06
0 2 1.000000e-06
0 2 1.000000e-06
0 1 1.000000e-06
0 1 1.000000e-06
0 2 2.000000e-06
0 2 2.000000e-06
0 2 1.000000e-06
0 1 2.000000e-06
0 1 1.000000e-06
0 2 2.000000e-06
0 2 1.000000e-06
0 2 1.000000e-06
0 1 1.000000e-06
0 1 2.000000e-06
0 1 1.000000e-06
0 2 2.000000e-06
0 1 1.000000e-06
0 1 2.000000e-06
0 17 3.000000e-06
0 12 3.000000e-06
0 11 3.000000e-06
0 9 2.000000e-06
0 3 2.000000e-06
0 2 2.000000e-06
0 1 2.000000e-06
0 1 1.000000e-06
0 1 1.000000e-06
0 6 2.000000e-06
0 4 2.000000e-06
0 2 2.000000e-06
1 684 4.200000e-05
1 240 6.000000e-06
1 222 5.000000e-06
1 166 6.000000e-06
1 149 5.000000e-06
1 444 1.100000e-05
1 272 8.000000e-06
1 140 5.000000e-06
1 132 4.000000e-06
1 172 5.000000e-06
1 163 5.000000e-06
1 2976 2.180000e-04
1 669 1.900000e-05
1 225 7.000000e-06
1 189 7.000000e-06
1 136 5.000000e-06
1 444 1.300000e-05
1 106 9.000000e-06
1 338 1.300000e-05
1 272 1.100000e-05
1 218 1.100000e-05
1 174 8.000000e-06
1 122 8.000000e-06
1 119 7.000000e-06
1 101 7.000000e-06
1 2307 3.700000e-05
1 856 1.100000e-05
1 823 1.100000e-05
1 430 1.000000e-05
1 274 7.000000e-06
1 251 6.000000e-06
1 192 5.000000e-06
1 111 3.000000e-06
1 156 8.000000e-06
1 393 9.000000e-06
1 224 7.000000e-06
1 125 6.000000e-06
1 109 5.000000e-06
1 169 7.000000e-06
1 158 5.000000e-06
1 1451 2.500000e-05
1 406 1.000000e-05
1 328 8.000000e-06
1 137 4.000000e-06
1 191 6.000000e-06
1 115 5.000000e-06
1 1045 1.700000e-05
1 445 9.000000e-06
1 381 8.000000e-06
1 146 4.000000e-06
1 235 4.000000e-06
1 176 4.000000e-06
1 152 3.000000e-06
1 119 3.000000e-06
1 600 9.000000e-06
1 279 5.000000e-06
1 190 4.000000e-06
1 139 4.000000e-06
1 321 7.000000e-06
1 238 7.000000e-06
1 224 6.000000e-06
1 162 5.000000e-06
1 7198 1.640000e-04
1 5823 8.600000e-05
1 3102 4.200000e-05
1 475 1.500000e-05
1 313 1.400000e-05
1 169 7.000000e-06
1 144 7.000000e-06
1 143 7.000000e-06
1 162 1.200000e-05
1 148 1.100000e-05
1 127 1.000000e-05
1 2627 3.100000e-05
1 2540 3.000000e-05
1 387 8.000000e-06
1 190 5.000000e-06
1 116 4.000000e-06
1 197 6.000000e-06
1 137 5.000000e-06
1 124 4.000000e-06
1 116 4.000000e-06
1 2153 2.700000e-05
1 1552 2.100000e-05
1 411 7.000000e-06
1 192 5.000000e-06
1 121 4.000000e-06
1 219 6.000000e-06
1 108 5.000000e-06
1 105 4.000000e-06
1 111 5.000000e-06
1 108 4.000000e-06
1 1141 1.700000e-05
1 544 1.300000e-05
1 354 9.000000e-06
1 123 5.000000e-06
1 231 7.000000e-06
1 206 6.000000e-06
1 149 6.000000e-06
1 190 6.000000e-06
2 982317 9.879000e-03
2 416858 4.510000e-03
2 25192 2.950000e-04
2 17362 8.100000e-05
2 16678 1.370000e-04
2 391666 4.057000e-03
2 215348 1.854000e-03
2 30424 6.680000e-04
2 29250 5.160000e-04
2 26208 4.150000e-04
2 20660 2.990000e-04
2 19904 2.930000e-04
2 19753 2.720000e-04
2 12539 1.540000e-04
2 184924 2.154000e-03
2 168714 1.812000e-03
2 116001 1.422000e-03
2 21480 4.770000e-04
2 20579 4.160000e-04
2 10408 2.150000e-04
2 10171 2.110000e-04
2 94521 1.175000e-03
2 31258 6.560000e-04
2 20668 5.310000e-04
2 12181 4.240000e-04
2 10590 4.780000e-04
2 63263 9.550000e-04
2 32666 4.610000e-04
2 11819 3.490000e-04
2 11236 3.230000e-04
2 20847 3.220000e-04
2 13568 2.290000e-04
2 30597 4.030000e-04
2 27460 3.790000e-04
2 15817 2.910000e-04
2 14300 2.680000e-04
2 10203 1.880000e-04
2 11643 2.060000e-04
2 52713 6.870000e-04
2 35743 4.290000e-04
2 30668 4.280000e-04
2 15491 3.220000e-04
2 15177 2.670000e-04
2 14000 2.630000e-04
2 10478 1.850000e-04
2 16970 2.170000e-04
2 16909 1.980000e-04
2 15364 1.770000e-04
2 16210 5.130000e-04
2 13739 4.480000e-04
2 11758 4.230000e-04
2 176318 3.182000e-03
2 48309 1.042000e-03
2 43150 7.430000e-04
2 10076 1.750000e-04
2 33074 5.590000e-04
2 32739 5.150000e-04
2 23369 4.070000e-04
2 16533 3.610000e-04
2 13135 3.000000e-04
2 128009 2.047000e-03
2 53382 6.550000e-04
2 33755 3.320000e-04
2 24651 2.650000e-04
2 23972 2.870000e-04
2 23230 2.580000e-04
2 16753 2.190000e-04
2 13080 1.830000e-04
2 19627 2.130000e-04
2 11870 1.190000e-04
2 74627 8.550000e-04
2 58341 5.720000e-04
2 55505 6.340000e-04
2 50383 5.490000e-04
2 40568 4.700000e-04
2 36499 4.270000e-04
2 26324 3.260000e-04
2 17075 2.470000e-04
2 10546 1.800000e-04
2 10175 1.110000e-04
2 16286 2.880000e-04
2 14047 2.320000e-04
2 565459 6.766000e-03
2 560730 5.964000e-03
2 509335 4.309000e-03
2 144316 1.143000e-03
2 141156 1.255000e-03
2 87587 8.920000e-04
2 47753 5.370000e-04
2 11048 1.260000e-04
2 36705 3.780000e-04
2 33096 4.030000e-04
2 17010 2.250000e-04
2 16086 2.570000e-04
2 14166 2.080000e-04
2 39834 5.130000e-04
2 25477 3.270000e-04
2 17647 2.300000e-04
2 15201 1.810000e-04
2 14357 1.940000e-04


Tree: PTree; AugType: HasBox; Split: MortonCurve; BDO: 6; Inba: 30; Coord: integer; 
2.in 
# Insert
## 0.0001
median: (5713, 0.002704)-> min: (2, 0.000727)-> max: (7398, 0.0095965)-> tot: 26.1246-> avg: 0.00261196
range query time: 
0 41 2.100000e-05
0 33 2.000000e-06
0 8 1.000000e-06
0 6 1.000000e-06
0 4 1.000000e-06
0 1 1.000000e-06
0 3 1.000000e-06
0 1 1.000000e-06
0 2 1.000000e-06
0 1 1.000000e-06
0 1 1.000000e-06
0 2 1.000000e-06
0 1 1.000000e-06
0 1 1.000000e-06
0 2 1.000000e-06
0 1 1.000000e-06
0 1 1.000000e-06
0 25 2.000000e-06
0 23 2.000000e-06
0 7 2.000000e-06
0 3 1.000000e-06
0 1 1.000000e-06
0 2 1.000000e-06
0 2 1.000000e-06
0 1 1.000000e-06
0 1 1.000000e-06
0 4 1.000000e-06
0 4 1.000000e-06
0 1 1.000000e-06
0 3 1.000000e-06
0 2 1.000000e-06
0 1 1.000000e-06
0 1 1.000000e-06
0 1 1.000000e-06
0 16 2.000000e-06
0 5 2.000000e-06
0 4 1.000000e-06
0 3 1.000000e-06
0 1 1.000000e-06
0 2 1.000000e-06
0 1 1.000000e-06
0 1 2.000000e-06
0 1 1.000000e-06
0 1 2.000000e-06
0 11 2.000000e-06
0 6 1.000000e-06
0 1 1.000000e-06
0 5 1.000000e-06
0 5 1.000000e-06
0 4 1.000000e-06
0 3 1.000000e-06
0 3 1.000000e-06
0 3 1.000000e-06
0 3 1.000000e-06
0 1 1.000000e-06
0 2 1.000000e-06
0 2 1.000000e-06
0 1 1.000000e-06
0 1 1.000000e-06
0 1 1.000000e-06
0 1 1.000000e-06
0 5 1.000000e-06
0 5 1.000000e-06
0 4 1.000000e-06
0 1 1.000000e-06
0 3 1.000000e-06
0 2 1.000000e-06
0 1 1.000000e-06
0 1 1.000000e-06
0 1 1.000000e-06
0 1 1.000000e-06
0 2 2.000000e-06
0 2 1.000000e-06
0 1 1.000000e-06
0 1 1.000000e-06
0 8 2.000000e-06
0 4 1.000000e-06
0 4 1.000000e-06
0 1 1.000000e-06
0 3 1.000000e-06
0 1 1.000000e-06
0 2 1.000000e-06
0 1 1.000000e-06
0 1 1.000000e-06
0 4 1.000000e-06
0 3 1.000000e-06
0 3 1.000000e-06
0 2 1.000000e-06
0 1 1.000000e-06
0 1 1.000000e-06
0 1 7.000000e-06
0 1 1.000000e-06
0 70 1.000000e-05
0 4 2.000000e-06
0 1 1.000000e-06
0 3 2.000000e-06
0 3 1.000000e-06
0 2 1.000000e-06
0 2 1.000000e-06
0 2 1.000000e-06
1 1329 2.900000e-05
1 120 4.000000e-06
1 111 4.000000e-06
1 1209 1.500000e-05
1 1013 1.000000e-05
1 642 1.100000e-05
1 609 7.000000e-06
1 289 6.000000e-06
1 255 5.000000e-06
1 204 4.000000e-06
1 136 4.000000e-06
1 126 4.000000e-06
1 124 3.000000e-06
1 320 8.000000e-06
1 223 6.000000e-06
1 196 6.000000e-06
1 145 5.000000e-06
1 121 4.000000e-06
1 371 9.000000e-06
1 153 5.000000e-06
1 123 4.000000e-06
1 120 4.000000e-06
1 115 3.000000e-06
1 218 6.000000e-06
1 100 4.000000e-06
1 118 5.000000e-06
1 109 3.000000e-06
1 196 6.000000e-06
1 138 5.000000e-06
1 121 4.000000e-06
1 8099 2.270000e-04
1 3107 5.300000e-05
1 1558 1.900000e-05
1 912 9.000000e-06
1 587 7.000000e-06
1 166 7.000000e-06
1 114 5.000000e-06
1 421 9.000000e-06
1 214 8.000000e-06
1 171 5.000000e-06
1 166 5.000000e-06
1 156 5.000000e-06
1 152 4.000000e-06
1 105 4.000000e-06
1 207 8.000000e-06
1 198 6.000000e-06
1 165 6.000000e-06
1 162 5.000000e-06
1 136 4.000000e-06
1 119 4.000000e-06
1 325 5.000000e-06
1 160 3.000000e-06
1 165 4.000000e-06
1 148 3.000000e-06
1 120 3.000000e-06
1 646 9.000000e-06
1 514 9.000000e-06
1 111 7.000000e-06
1 403 9.000000e-06
1 300 6.000000e-06
1 147 4.000000e-06
1 153 5.000000e-06
1 103 3.000000e-06
1 132 5.000000e-06
1 120 4.000000e-06
1 104 3.000000e-06
1 1549 2.400000e-05
1 1187 1.500000e-05
1 787 1.200000e-05
1 725 9.000000e-06
1 716 9.000000e-06
1 716 8.000000e-06
1 670 8.000000e-06
1 106 6.000000e-06
1 564 9.000000e-06
1 177 3.000000e-06
1 152 3.000000e-06
1 142 3.000000e-06
1 110 3.000000e-06
1 387 7.000000e-06
1 193 5.000000e-06
1 111 5.000000e-06
1 194 5.000000e-06
1 187 4.000000e-06
1 119 3.000000e-06
1 400 7.000000e-06
1 360 6.000000e-06
1 159 3.000000e-06
1 142 2.000000e-06
1 138 3.000000e-06
1 118 2.000000e-06
1 201 3.000000e-06
1 155 3.000000e-06
1 362 6.000000e-06
1 288 5.000000e-06
1 161 3.000000e-06
1 114 3.000000e-06
1 127 3.000000e-06
1 4992 1.250000e-04
1 3530 5.500000e-05
2 886107 4.590000e-03
2 117161 1.944000e-03
2 30686 3.190000e-04
2 20623 1.830000e-04
2 12555 1.690000e-04
2 11226 1.130000e-04
2 10063 1.050000e-04
2 86475 9.100000e-04
2 51610 7.250000e-04
2 27631 4.520000e-04
2 19847 3.240000e-04
2 14920 2.800000e-04
2 14329 2.540000e-04
2 11767 1.680000e-04
2 23979 5.620000e-04
2 19717 4.350000e-04
2 17588 4.470000e-04
2 12713 4.010000e-04
2 11354 3.940000e-04
2 34865 6.490000e-04
2 15530 4.730000e-04
2 15340 4.370000e-04
2 19335 4.940000e-04
2 18934 4.600000e-04
2 13537 3.570000e-04
2 768946 7.139000e-03
2 329871 3.799000e-03
2 167789 2.181000e-03
2 38974 4.970000e-04
2 29499 3.420000e-04
2 20365 2.170000e-04
2 14871 1.590000e-04
2 128815 1.374000e-03
2 122224 1.487000e-03
2 94272 1.057000e-03
2 44166 5.290000e-04
2 30395 3.640000e-04
2 22005 2.960000e-04
2 15420 1.890000e-04
2 11586 1.310000e-04
2 10570 1.240000e-04
2 13771 1.740000e-04
2 12907 1.610000e-04
2 11684 1.360000e-04
2 50106 6.330000e-04
2 41440 4.760000e-04
2 16545 2.510000e-04
2 15002 1.820000e-04
2 11728 1.230000e-04
2 24895 2.960000e-04
2 22330 2.410000e-04
2 15555 1.640000e-04
2 11811 1.310000e-04
2 27952 5.170000e-04
2 24794 4.590000e-04
2 18069 3.100000e-04
2 11037 2.680000e-04
2 162082 2.556000e-03
2 89838 1.379000e-03
2 49727 8.040000e-04
2 33691 5.230000e-04
2 29209 4.720000e-04
2 26588 3.660000e-04
2 10279 2.290000e-04
2 16309 3.150000e-04
2 10812 1.850000e-04
2 16036 2.310000e-04
2 11413 1.850000e-04
2 10009 1.590000e-04
2 40111 6.350000e-04
2 30491 5.160000e-04
2 28261 4.540000e-04
2 24158 3.250000e-04
2 20285 2.970000e-04
2 14735 1.990000e-04
2 11365 1.400000e-04
2 72244 1.064000e-03
2 52294 6.810000e-04
2 22096 4.170000e-04
2 13778 2.880000e-04
2 30198 3.660000e-04
2 25550 2.950000e-04
2 11539 1.620000e-04
2 14011 1.700000e-04
2 13285 1.600000e-04
2 19950 2.650000e-04
2 16047 1.780000e-04
2 10313 1.340000e-04
2 439075 4.754000e-03
2 105662 1.081000e-03
2 48062 4.190000e-04
2 25369 2.550000e-04
2 21464 1.770000e-04
2 21230 1.560000e-04
2 17202 1.270000e-04
2 10087 9.700000e-05
2 22693 2.160000e-04
2 15310 1.450000e-04
2 11070 1.330000e-04
2 57600 5.510000e-04


