Tree: KdTree; AugType: HasBox; Split: MaxStretchDim-ObjectMedian; BDO: 6; Inba: 30; Coord: integer; 
1.in 
## incre insert half: 403.676 
0 9 7.000000e-06
0 76 8.000000e-06
0 38 2.000000e-06
0 38 2.000000e-06
0 40 9.000000e-06
0 4 0.000000e+00
0 36 3.000000e-06
0 42 3.000000e-06
0 26 2.000000e-06
0 16 1.000000e-06
0 35 4.000000e-06
0 83 1.300000e-05
0 14 2.000000e-06
0 69 7.000000e-06
0 9 2.000000e-06
0 60 3.000000e-06
0 55 2.000000e-06
0 15 1.000000e-06
0 40 3.000000e-06
0 27 2.000000e-06
0 13 2.000000e-06
0 5 1.000000e-06
0 25 3.000000e-06
0 95 7.000000e-06
0 83 7.000000e-06
0 15 1.000000e-06
0 68 2.000000e-06
0 38 2.000000e-06
0 30 2.000000e-06
0 12 2.000000e-06
0 20 2.000000e-06
0 42 8.000000e-06
0 32 2.000000e-06
0 10 2.000000e-06
0 31 4.000000e-06
0 21 3.000000e-06
0 91 9.000000e-06
0 14 2.000000e-06
0 77 4.000000e-06
0 61 3.000000e-06
0 53 3.000000e-06
0 41 6.000000e-06
0 41 2.000000e-06
0 40 2.000000e-06
0 30 2.000000e-06
0 10 1.000000e-06
0 1 0.000000e+00
0 12 2.000000e-06
0 8 2.000000e-06
0 16 3.000000e-06
0 74 1.100000e-05
0 34 3.000000e-06
0 40 4.000000e-06
0 31 3.000000e-06
0 9 2.000000e-06
0 40 1.100000e-05
0 33 4.000000e-06
0 7 4.000000e-06
0 27 3.000000e-06
0 96 9.000000e-06
0 91 4.000000e-06
0 75 7.000000e-06
0 26 3.000000e-06
0 49 4.000000e-06
0 40 3.000000e-06
0 29 3.000000e-06
0 11 3.000000e-06
0 9 2.000000e-06
0 16 3.000000e-06
0 5 2.000000e-06
0 61 1.100000e-05
0 38 6.000000e-06
0 23 4.000000e-06
0 42 4.000000e-06
0 42 2.000000e-06
0 20 2.000000e-06
0 22 3.000000e-06
0 74 8.000000e-06
0 62 2.000000e-06
0 12 1.000000e-06
0 50 2.000000e-06
0 23 2.000000e-06
0 27 5.000000e-06
0 12 1.000000e-06
0 72 4.000000e-06
0 42 3.000000e-06
0 3 0.000000e+00
0 39 7.000000e-06
0 30 2.000000e-06
0 80 1.100000e-05
0 10 2.000000e-06
0 70 4.000000e-06
0 55 4.000000e-06
0 45 3.000000e-06
0 7 3.000000e-06
0 38 7.000000e-06
0 10 2.000000e-06
0 15 4.000000e-06
0 15 2.000000e-06
0 29 5.000000e-06
1 2754 1.480000e-04
1 1686 2.000000e-05
1 1191 3.700000e-05
1 950 1.300000e-05
1 241 6.000000e-06
1 495 1.900000e-05
1 1068 5.500000e-05
1 712 1.000000e-05
1 356 7.000000e-06
1 1965 8.700000e-05
1 843 1.200000e-05
1 1122 4.800000e-05
1 1028 2.900000e-05
1 980 3.200000e-05
1 631 3.000000e-05
1 9800 7.350000e-04
1 8510 4.400000e-04
1 4726 9.200000e-05
1 3851 3.600000e-05
1 350 7.000000e-06
1 3501 9.100000e-05
1 2667 6.200000e-05
1 2461 6.300000e-05
1 645 1.100000e-05
1 1816 2.200000e-05
1 761 1.100000e-05
1 1055 4.900000e-05
1 404 7.000000e-06
1 651 2.100000e-05
1 206 1.000000e-05
1 834 3.500000e-05
1 875 3.200000e-05
1 3784 1.450000e-04
1 3080 2.260000e-04
1 3021 8.900000e-05
1 864 1.300000e-05
1 2157 9.700000e-05
1 573 1.100000e-05
1 1584 2.000000e-05
1 633 1.000000e-05
1 951 2.700000e-05
1 704 2.300000e-05
1 1290 6.700000e-05
1 109 3.000000e-06
1 1181 3.700000e-05
1 278 6.000000e-06
1 903 2.800000e-05
1 5678 3.200000e-04
1 3505 4.400000e-05
1 580 1.300000e-05
1 2925 8.600000e-05
1 964 1.500000e-05
1 1961 5.400000e-05
1 1544 5.100000e-05
1 954 1.100000e-05
1 590 2.300000e-05
1 417 9.000000e-06
1 2173 1.170000e-04
1 599 1.000000e-05
1 1574 5.300000e-05
1 395 6.000000e-06
1 1179 3.800000e-05
1 1171 4.000000e-05
1 807 1.400000e-05
1 364 1.100000e-05
1 1036 6.700000e-05
1 638 1.200000e-05
1 398 1.600000e-05
1 3897 1.890000e-04
1 3060 9.400000e-05
1 2455 7.300000e-05
1 2366 7.100000e-05
1 1337 1.600000e-05
1 101 5.000000e-06
1 1236 4.900000e-05
1 1173 3.400000e-05
1 1054 3.400000e-05
1 1035 3.200000e-05
1 658 8.000000e-06
1 377 7.000000e-06
1 119 3.000000e-06
1 1029 7.000000e-05
1 177 9.000000e-06
1 852 1.500000e-05
1 605 2.600000e-05
1 837 2.400000e-05
1 6999 3.650000e-04
1 5158 1.620000e-04
1 1812 2.400000e-05
1 1339 1.700000e-05
1 720 1.200000e-05
1 619 1.300000e-05
1 473 2.500000e-05
1 3346 1.330000e-04
1 495 1.100000e-05
1 2851 8.500000e-05
1 1345 1.900000e-05
1 112 4.000000e-06
1 1233 3.900000e-05
1 676 1.000000e-05
2 208812 9.106000e-03
2 206058 7.551000e-03
2 16636 1.660000e-04
2 189422 3.795000e-03
2 72661 5.030000e-04
2 14592 8.300000e-05
2 58069 9.710000e-04
2 49260 8.290000e-04
2 46264 7.540000e-04
2 37768 6.490000e-04
2 23257 1.380000e-04
2 13746 8.700000e-05
2 14511 8.900000e-05
2 116761 3.206000e-03
2 12779 7.900000e-05
2 103982 2.002000e-03
2 22836 2.910000e-04
2 21628 2.120000e-04
2 15280 3.130000e-04
2 81146 2.501000e-03
2 75003 1.410000e-03
2 69080 1.300000e-03
2 60826 4.080000e-04
2 10991 1.070000e-04
2 49835 9.130000e-04
2 37975 7.110000e-04
2 22804 1.650000e-04
2 12308 9.700000e-05
2 10496 8.300000e-05
2 15171 3.140000e-04
2 11860 2.500000e-04
2 180321 6.097000e-03
2 100824 1.769000e-03
2 24139 2.250000e-04
2 15406 1.120000e-04
2 76685 2.704000e-03
2 52622 3.630000e-04
2 34179 6.250000e-04
2 15369 1.170000e-04
2 18810 3.450000e-04
2 18443 3.420000e-04
2 24063 4.190000e-04
2 19752 3.620000e-04
2 79497 3.469000e-03
2 31909 3.590000e-04
2 31444 1.910000e-04
2 27074 1.770000e-04
2 16361 3.940000e-04
2 10713 8.400000e-05
2 47588 1.545000e-03
2 14892 1.490000e-04
2 32696 9.910000e-04
2 17602 1.260000e-04
2 15094 3.150000e-04
2 381277 1.188400e-02
2 271070 8.140000e-03
2 171620 1.992000e-03
2 66274 5.000000e-04
2 52684 2.810000e-04
2 50194 8.660000e-04
2 40578 7.130000e-04
2 32307 5.960000e-04
2 25548 1.570000e-04
2 14100 9.300000e-05
2 11448 7.300000e-05
2 13590 1.010000e-04
2 105346 3.149000e-03
2 76448 1.407000e-03
2 30610 2.300000e-04
2 16119 1.180000e-04
2 14491 3.110000e-04
2 45838 1.203000e-03
2 34302 6.430000e-04
2 23429 1.540000e-04
2 11586 8.900000e-05
2 11843 9.200000e-05
2 10873 1.030000e-04
2 11536 2.390000e-04
2 28898 7.580000e-04
2 23907 4.920000e-04
2 14499 1.570000e-04
2 99450 4.357000e-03
2 96261 2.308000e-03
2 38082 3.570000e-04
2 12667 1.090000e-04
2 25415 4.980000e-04
2 21317 5.010000e-04
2 15669 4.060000e-04
2 58179 1.106000e-03
2 57463 1.013000e-03
2 15949 1.100000e-04
2 41514 1.125000e-03
2 40406 7.220000e-04
2 39867 7.200000e-04
2 15851 8.700000e-05
2 24016 4.380000e-04
2 22451 4.080000e-04
2 21130 3.720000e-04
2 14714 8.500000e-05
2 110207 4.617000e-03

Tree: KdTree; AugType: HasBox; Split: MaxStretchDim-ObjectMedian; BDO: 6; Inba: 30; Coord: integer; 
2_sort_by_0.in 
## incre insert half: 1211.99 
0 56 1.700000e-05
0 10 2.000000e-06
0 46 4.000000e-06
0 19 2.000000e-06
0 27 3.000000e-06
0 98 1.800000e-05
0 24 3.000000e-06
0 74 8.000000e-06
0 12 2.000000e-06
0 62 3.000000e-06
0 38 2.000000e-06
0 24 2.000000e-06
0 68 9.000000e-06
0 63 3.000000e-06
0 7 1.000000e-06
0 56 2.000000e-06
0 31 2.000000e-06
0 25 2.000000e-06
0 5 2.000000e-06
0 18 7.000000e-06
0 49 1.400000e-05
0 29 3.000000e-06
0 20 3.000000e-06
0 61 5.000000e-06
0 52 2.000000e-06
0 23 2.000000e-06
0 29 5.000000e-06
0 9 2.000000e-06
0 37 3.000000e-06
0 18 3.000000e-06
0 58 3.000000e-06
0 47 5.000000e-06
0 38 2.000000e-06
0 9 1.000000e-06
0 11 1.000000e-06
0 50 4.000000e-06
0 12 2.000000e-06
0 38 3.000000e-06
0 52 9.000000e-06
0 19 2.000000e-06
0 33 3.000000e-06
0 22 4.000000e-06
0 97 1.600000e-05
0 47 2.000000e-06
0 34 2.000000e-06
0 13 1.000000e-06
0 50 3.000000e-06
0 44 2.000000e-06
0 16 1.000000e-06
0 28 5.000000e-06
0 6 1.000000e-06
0 64 8.000000e-06
0 2 1.000000e-06
0 62 3.000000e-06
0 20 2.000000e-06
0 42 2.000000e-06
0 6 1.000000e-06
0 36 2.000000e-06
0 57 9.000000e-06
0 26 3.000000e-06
0 31 3.000000e-06
0 19 3.000000e-06
0 22 2.000000e-06
0 82 9.000000e-06
0 36 2.000000e-06
0 46 2.000000e-06
0 33 2.000000e-06
0 13 1.000000e-06
0 42 7.000000e-06
0 8 1.000000e-06
0 34 2.000000e-06
0 97 1.200000e-05
0 37 2.000000e-06
0 60 3.000000e-06
0 28 3.000000e-06
0 32 3.000000e-06
0 25 3.000000e-06
0 41 7.000000e-06
0 30 2.000000e-06
0 11 1.000000e-06
0 89 5.000000e-06
0 39 2.000000e-06
0 50 8.000000e-06
0 43 1.000000e-06
0 1 0.000000e+00
0 42 1.000000e-06
0 9 1.000000e-06
0 33 1.000000e-06
0 7 1.000000e-06
0 42 6.000000e-06
0 17 1.000000e-06
0 25 1.000000e-06
0 12 2.000000e-06
0 37 6.000000e-06
0 64 7.000000e-06
0 32 4.000000e-06
0 32 7.000000e-06
0 65 4.000000e-06
0 54 2.000000e-06
0 36 2.000000e-06
1 684 1.790000e-04
1 8644 8.200000e-04
1 6569 1.870000e-04
1 5961 1.450000e-04
1 3013 3.100000e-05
1 2919 6.900000e-05
1 1235 1.700000e-05
1 164 4.000000e-06
1 1071 3.300000e-05
1 1060 3.100000e-05
1 808 1.100000e-05
1 252 7.000000e-06
1 1684 7.300000e-05
1 1683 5.200000e-05
1 1225 3.700000e-05
1 1043 3.200000e-05
1 584 7.000000e-06
1 459 6.000000e-06
1 182 6.000000e-06
1 458 2.200000e-05
1 2948 1.350000e-04
1 2464 7.300000e-05
1 2241 1.110000e-04
1 160 9.000000e-06
1 2081 9.900000e-05
1 1013 1.700000e-05
1 949 1.400000e-05
1 1068 3.500000e-05
1 979 1.200000e-05
1 223 1.300000e-05
1 484 3.700000e-05
1 608 3.600000e-05
1 2075 1.470000e-04
1 1127 1.800000e-05
1 569 2.200000e-05
1 558 2.800000e-05
1 948 3.100000e-05
1 8034 5.320000e-04
1 2962 4.600000e-05
1 1182 2.000000e-05
1 647 1.100000e-05
1 535 2.500000e-05
1 1780 6.100000e-05
1 1698 5.600000e-05
1 1666 5.000000e-05
1 1352 4.700000e-05
1 858 1.500000e-05
1 494 2.100000e-05
1 314 1.100000e-05
1 5072 2.800000e-04
1 952 2.000000e-05
1 4120 1.400000e-04
1 2229 3.100000e-05
1 206 1.100000e-05
1 2023 5.800000e-05
1 1972 5.700000e-05
1 1444 4.700000e-05
1 519 1.400000e-05
1 925 1.800000e-05
1 528 2.000000e-05
1 1891 7.400000e-05
1 1409 4.200000e-05
1 1218 3.500000e-05
1 801 1.400000e-05
1 417 1.100000e-05
1 191 8.000000e-06
1 482 1.100000e-05
1 7830 4.570000e-04
1 992 1.700000e-05
1 6838 2.420000e-04
1 5228 1.420000e-04
1 1438 3.300000e-05
1 324 6.000000e-06
1 1114 2.600000e-05
1 465 2.000000e-05
1 649 2.100000e-05
1 3790 1.410000e-04
1 460 2.600000e-05
1 3330 9.900000e-05
1 2560 8.600000e-05
1 1391 2.100000e-05
1 885 1.200000e-05
1 506 3.200000e-05
1 1169 6.000000e-05
1 1131 3.900000e-05
1 1082 3.300000e-05
1 893 1.800000e-05
1 189 1.300000e-05
1 770 5.200000e-05
1 1610 7.100000e-05
1 1376 5.400000e-05
1 394 2.500000e-05
1 982 2.500000e-05
1 234 1.400000e-05
1 7619 5.560000e-04
1 3530 7.500000e-05
1 2089 6.100000e-05
1 653 9.000000e-06
1 1436 4.800000e-05
1 1421 4.400000e-05
2 982317 4.641000e-02
2 416858 2.396900e-02
2 25192 5.700000e-04
2 17362 2.640000e-04
2 391666 2.008100e-02
2 157265 4.647000e-03
2 157189 5.305000e-03
2 74516 9.740000e-04
2 71570 8.110000e-04
2 50665 5.130000e-04
2 48494 1.100000e-03
2 40516 8.990000e-04
2 38748 8.880000e-04
2 34020 7.710000e-04
2 17768 2.020000e-04
2 16252 4.520000e-04
2 20905 4.720000e-04
2 13233 1.540000e-04
2 82673 3.179000e-03
2 60535 6.730000e-04
2 55701 1.228000e-03
2 55076 1.197000e-03
2 15246 2.110000e-04
2 39830 1.231000e-03
2 30703 7.140000e-04
2 13164 1.490000e-04
2 17539 2.140000e-04
2 22138 5.540000e-04
2 16194 4.030000e-04
2 234401 1.314800e-02
2 168291 7.261000e-03
2 63853 1.053000e-03
2 30219 3.260000e-04
2 25353 2.600000e-04
2 11348 1.590000e-04
2 14005 1.550000e-04
2 33634 7.660000e-04
2 29566 8.410000e-04
2 25284 2.690000e-04
2 20941 2.660000e-04
2 19617 4.910000e-04
2 104438 4.315000e-03
2 50901 6.460000e-04
2 17896 2.190000e-04
2 33005 1.208000e-03
2 23640 2.780000e-04
2 12658 1.620000e-04
2 10982 1.390000e-04
2 53537 1.628000e-03
2 22557 3.440000e-04
2 13731 1.870000e-04
2 30980 1.353000e-03
2 19380 2.530000e-04
2 11600 2.150000e-04
2 66110 4.501000e-03
2 10685 2.530000e-04
2 55425 1.351000e-03
2 10279 1.220000e-04
2 45146 1.461000e-03
2 38408 8.810000e-04
2 34766 8.070000e-04
2 17276 2.060000e-04
2 17490 4.260000e-04
2 565459 3.606400e-02
2 500814 2.146100e-02
2 132666 7.148000e-03
2 73512 2.358000e-03
2 51295 1.344000e-03
2 27780 9.120000e-04
2 19790 1.179000e-03
2 23515 1.333000e-03
2 21681 1.125000e-03
2 17243 8.830000e-04
2 22217 1.366000e-03
2 21301 1.074000e-03
2 17912 1.042000e-03
2 59154 3.059000e-03
2 28159 1.058000e-03
2 21953 1.187000e-03
2 10681 7.510000e-04
2 11272 7.520000e-04
2 30995 1.718000e-03
2 12096 8.180000e-04
2 18899 1.391000e-03
2 368148 2.264800e-02
2 165859 6.518000e-03
2 127035 3.895000e-03
2 57245 1.226000e-03
2 51805 1.604000e-03
2 48436 1.569000e-03
2 32935 1.266000e-03
2 30096 8.080000e-04
2 14671 3.970000e-04
2 15425 4.000000e-04
2 15501 1.216000e-03
2 69790 3.788000e-03
2 67522 2.245000e-03
2 55205 1.017000e-03
2 42084 1.301000e-03
2 20561 6.370000e-04

Tree: KdTree; AugType: HasBox; Split: MaxStretchDim-ObjectMedian; BDO: 6; Inba: 30; Coord: integer; 
2.in 
## incre insert half: 1008.55 
0 41 3.400000e-05
0 33 5.000000e-06
0 8 4.000000e-06
0 70 1.400000e-05
0 60 4.000000e-06
0 20 3.000000e-06
0 40 4.000000e-06
0 14 3.000000e-06
0 26 4.000000e-06
0 10 3.000000e-06
0 9 5.000000e-06
0 74 5.200000e-05
0 72 1.400000e-05
0 15 4.000000e-06
0 57 9.000000e-06
0 32 8.000000e-06
0 25 8.000000e-06
0 2 8.000000e-06
0 61 1.500000e-05
0 33 9.000000e-06
0 28 1.400000e-05
0 59 1.300000e-05
0 31 9.000000e-06
0 28 9.000000e-06
0 85 1.140000e-04
0 63 1.100000e-05
0 32 9.000000e-06
0 31 1.000000e-05
0 22 1.000000e-05
0 16 9.000000e-06
0 20 9.000000e-06
0 77 2.000000e-05
0 10 5.000000e-06
0 67 8.000000e-06
0 22 7.000000e-06
0 45 1.000000e-05
0 18 7.000000e-06
0 27 8.000000e-06
0 26 1.100000e-05
0 27 1.100000e-05
0 47 1.300000e-05
0 3 8.000000e-06
0 44 1.300000e-05
0 1 6.000000e-06
0 43 8.000000e-06
0 25 8.000000e-06
0 18 7.000000e-06
0 31 1.500000e-05
0 43 7.000000e-06
0 28 5.000000e-06
0 15 4.000000e-06
0 70 1.300000e-05
0 16 5.000000e-06
0 54 5.000000e-06
0 25 4.000000e-06
0 29 7.000000e-06
0 66 1.300000e-05
0 47 6.000000e-06
0 17 5.000000e-06
0 30 5.000000e-06
0 19 8.000000e-06
0 43 1.500000e-05
0 11 7.000000e-06
0 32 9.000000e-06
0 89 2.400000e-05
0 48 1.000000e-05
0 13 9.000000e-06
0 35 8.000000e-06
0 41 1.000000e-05
0 3 6.000000e-06
0 38 9.000000e-06
0 39 1.500000e-05
0 52 1.300000e-05
0 14 8.000000e-06
0 38 1.000000e-05
0 25 1.000000e-05
0 17 1.200000e-05
0 85 1.900000e-05
0 77 1.400000e-05
0 71 1.000000e-05
0 47 1.000000e-05
0 17 8.000000e-06
0 30 8.000000e-06
0 24 9.000000e-06
0 6 7.000000e-06
0 8 7.000000e-06
0 47 1.700000e-05
0 26 9.000000e-06
0 21 8.000000e-06
0 45 1.900000e-05
0 23 8.000000e-06
0 22 1.000000e-05
0 65 1.700000e-05
0 64 9.000000e-06
0 8 8.000000e-06
0 56 1.700000e-05
0 24 8.000000e-06
0 32 8.000000e-06
0 1 6.000000e-06
0 32 1.900000e-05
1 1329 8.500000e-05
1 120 7.000000e-06
1 1209 7.700000e-05
1 1207 4.000000e-05
1 264 1.600000e-05
1 943 2.500000e-05
1 7174 1.023000e-03
1 6187 4.420000e-04
1 5202 2.470000e-04
1 4632 2.090000e-04
1 4102 1.850000e-04
1 3159 9.600000e-05
1 3001 1.450000e-04
1 291 2.700000e-05
1 2710 1.690000e-04
1 1041 6.100000e-05
1 566 5.800000e-05
1 475 5.600000e-05
1 1669 1.390000e-04
1 182 2.100000e-05
1 1487 9.200000e-05
1 910 6.800000e-05
1 577 8.700000e-05
1 158 7.300000e-05
1 943 1.160000e-04
1 530 5.900000e-05
1 570 1.230000e-04
1 985 9.300000e-05
1 987 1.800000e-04
1 4052 4.510000e-04
1 4042 2.850000e-04
1 3507 2.350000e-04
1 990 1.180000e-04
1 2517 2.110000e-04
1 752 4.800000e-05
1 1765 1.160000e-04
1 968 1.010000e-04
1 797 1.190000e-04
1 535 7.100000e-05
1 8068 8.260000e-04
1 698 2.050000e-04
1 7370 5.740000e-04
1 4308 3.100000e-04
1 3722 1.990000e-04
1 3682 2.370000e-04
1 1114 5.100000e-05
1 591 3.200000e-05
1 523 2.600000e-05
1 2568 2.190000e-04
1 1380 9.800000e-05
1 1327 1.160000e-04
1 1094 1.220000e-04
1 803 7.300000e-05
1 291 3.000000e-05
1 233 8.100000e-05
1 1188 1.310000e-04
1 736 6.700000e-05
1 452 4.100000e-05
1 586 6.000000e-05
1 3062 2.670000e-04
1 1399 1.400000e-04
1 608 6.000000e-05
1 791 1.150000e-04
1 1663 1.890000e-04
1 1552 1.620000e-04
1 379 3.000000e-05
1 1173 1.330000e-04
1 125 9.300000e-05
1 1048 1.270000e-04
1 961 1.270000e-04
1 111 3.000000e-05
1 4429 8.410000e-04
1 279 6.600000e-05
1 4150 4.730000e-04
1 1910 8.100000e-05
1 1258 4.300000e-05
1 936 3.600000e-05
1 322 2.800000e-05
1 652 4.600000e-05
1 2240 1.770000e-04
1 1912 9.000000e-05
1 1162 1.020000e-04
1 267 3.600000e-05
1 895 6.200000e-05
1 750 8.600000e-05
1 328 4.300000e-05
1 5634 6.400000e-04
1 4580 3.620000e-04
1 3538 1.830000e-04
1 497 3.300000e-05
1 3041 2.330000e-04
1 1207 5.400000e-05
1 182 2.400000e-05
1 1025 6.600000e-05
1 848 5.600000e-05
1 177 3.300000e-05
1 1834 1.700000e-04
1 1686 1.330000e-04
1 266 6.900000e-05
1 1420 1.210000e-04
2 886107 3.997500e-02
2 117161 7.886000e-03
2 30686 6.450000e-04
2 20623 2.950000e-04
2 12555 1.970000e-04
2 10063 2.640000e-04
2 86475 5.197000e-03
2 68283 2.146000e-03
2 25403 4.960000e-04
2 20939 4.300000e-04
2 13346 5.290000e-04
2 42880 1.597000e-03
2 33010 1.033000e-03
2 23151 5.350000e-04
2 20681 7.810000e-04
2 11832 4.380000e-04
2 18192 6.680000e-04
2 768946 3.848400e-02
2 122361 4.616000e-03
2 69713 2.296000e-03
2 35328 5.680000e-04
2 24523 3.860000e-04
2 19625 3.370000e-04
2 10805 2.790000e-04
2 34385 6.300000e-04
2 33808 5.000000e-04
2 21266 2.990000e-04
2 12504 2.210000e-04
2 12542 2.230000e-04
2 52648 1.712000e-03
2 46535 7.530000e-04
2 40708 5.310000e-04
2 31664 4.330000e-04
2 21808 3.740000e-04
2 18330 3.240000e-04
2 646585 3.567200e-02
2 318721 1.410700e-02
2 277088 1.338900e-02
2 273780 1.026100e-02
2 81882 2.210000e-03
2 38564 8.690000e-04
2 17957 3.980000e-04
2 20607 5.810000e-04
2 19448 4.880000e-04
2 43318 6.630000e-04
2 40456 5.980000e-04
2 35989 9.430000e-04
2 10216 2.510000e-04
2 25773 4.890000e-04
2 13091 3.020000e-04
2 12682 3.090000e-04
2 191898 7.878000e-03
2 58255 1.885000e-03
2 53521 1.139000e-03
2 47160 1.013000e-03
2 22335 5.240000e-04
2 22075 7.160000e-04
2 20514 7.470000e-04
2 12176 4.090000e-04
2 24825 1.088000e-03
2 15482 7.370000e-04
2 133643 6.204000e-03
2 60978 1.207000e-03
2 46989 7.370000e-04
2 18948 3.520000e-04
2 28041 4.930000e-04
2 19426 6.630000e-04
2 13989 4.480000e-04
2 72665 3.574000e-03
2 15652 6.850000e-04
2 57013 1.768000e-03
2 27543 7.880000e-04
2 18166 7.980000e-04
2 29470 1.652000e-03
2 27878 7.820000e-04
2 14438 4.930000e-04
2 13440 3.990000e-04
2 41633 4.172000e-03
2 36561 2.789000e-03
2 31674 1.855000e-03
2 16893 1.228000e-03
2 14781 1.200000e-03
2 327864 1.986300e-02
2 167854 6.612000e-03
2 24553 1.265000e-03
2 21326 9.100000e-04
2 19357 8.440000e-04
2 143301 5.458000e-03
2 74575 1.623000e-03
2 43585 1.137000e-03
2 40821 1.567000e-03
2 18830 9.080000e-04
2 21991 1.180000e-03
2 20340 1.150000e-03
2 16112 1.065000e-03
2 30990 1.085000e-03
2 24020 1.280000e-03
2 19205 9.240000e-04
2 68726 3.104000e-03
2 61163 1.413000e-03

