Tree: KdTree; AugType: HasBox; Split: MaxStretchDim-ObjectMedian; BDO: 6; Inba: 30; Coord: integer; 
1.in 
# Insert
## 1
median: (1, 6.12852)-> min: (1, 6.12852)-> max: (1, 6.12852)-> tot: 6.12852-> avg: 6.12852
in-dis-skewed knn time: 0.051635 1 24.6057 0 24.6057 24.6057 0.109031 2.76483 28.3079 0 28.3079 26.5431 0.532387 12.2008 42.207 0 42.207 31.0062 
out-dis-skewed knn time: 0.406287 17.9474 174.597 0 174.597 157.65 0.641431 29.9088 190.578 0 190.578 161.669 5.53335 111.644 282.349 0 282.349 171.705 
in-dis-uniform knn time: 0.223778 1 24.4898 0 24.4898 24.4898 0.398904 2.78131 28.2443 0 28.2443 26.463 1.30328 12.2742 42.2609 0 42.2609 30.9867 
out-dis-uniform knn time: 0.10504 3.43279 52.9138 0 52.9138 50.4811 0.168716 6.70816 58.6196 0 58.6196 52.9114 1.18463 24.9245 81.0541 0 81.0541 57.1296 
range count time: 0.000723333 2.25636 27.9745 0 0.00094 26.7172 0.00243667 25.8909 77.698 0 4.28096 48.5261 0.0601763 266.699 671.416 0 164.264 241.454 
range query time: 0.000522667 2.25636 27.9745 0 0.00094 26.7172 0.007033 25.8909 77.698 0 4.28096 48.5261 1.07244 266.699 671.416 0 164.264 241.454 
# Delete
## 0.1
median: (1, 0.823279)-> min: (9, 0.0278553)-> max: (5, 1.89148)-> tot: 9.35732-> avg: 0.935731
in-dis-skewed knn time: 0.053733 1 25.2192 0 25.2192 25.2192 0.110809 2.73843 28.8906 0 28.8906 27.1522 0.534168 12.0308 42.6553 0 42.6553 31.6246 
out-dis-skewed knn time: 0.515284 24.8959 210.421 0 210.421 186.525 0.842234 42.8229 238.32 0 238.32 196.497 6.51831 128.584 346.984 0 346.984 219.401 
in-dis-uniform knn time: 0.23394 1 24.6431 0 24.6431 24.6431 0.410475 2.75821 28.3629 0 28.3629 26.6047 1.3286 12.1167 42.2277 0 42.2277 31.111 
out-dis-uniform knn time: 0.133531 4.80957 62.8254 0 62.8254 59.0158 0.224919 7.88618 69.8341 0 69.8341 62.9479 1.58926 30.1396 97.3966 0 97.3966 68.257 
range count time: 0.001027 2.27898 26.8012 0 0.00166 25.5205 0.002504 25.9303 76.323 0 4.2622 47.1305 0.062785 264.778 666.768 0 162.528 240.462 
range query time: 0.000429333 2.27898 26.8012 0 0.00166 25.5205 0.00694 25.9303 76.323 0 4.2622 47.1305 1.04046 264.778 666.768 0 162.528 240.462 
# Delete
## 0.01
median: (38, 0.0953847)-> min: (99, 0.00282433)-> max: (54, 1.93325)-> tot: 18.8525-> avg: 0.188524
in-dis-skewed knn time: 0.0542443 1 25.2192 0 25.2192 25.2192 0.111556 2.73843 28.8906 0 28.8906 27.1522 0.535994 12.0308 42.6553 0 42.6553 31.6246 
out-dis-skewed knn time: 0.44068 20.9096 181.533 0 181.533 161.624 0.676682 31.8925 201.503 0 201.503 170.61 5.08054 105.704 303.194 0 303.194 198.491 
in-dis-uniform knn time: 0.234064 1 24.695 0 24.695 24.695 0.411766 2.75912 28.4179 0 28.4179 26.6588 1.33262 12.1271 42.2958 0 42.2958 31.1687 
out-dis-uniform knn time: 0.133109 4.70206 64.0482 0 64.0482 60.3461 0.225885 8.22665 72.8039 0 72.8039 65.5773 1.46552 30.0531 98.2238 0 98.2238 69.1706 
range count time: 0.000889667 2.37266 28.2275 0 0.00238 26.8525 0.00256667 25.8685 76.4498 0 4.34104 47.2403 0.0628947 264.491 666.202 0 162.521 240.191 
range query time: 0.000474667 2.37266 28.2275 0 0.00238 26.8525 0.00694467 25.8685 76.4498 0 4.34104 47.2403 1.03372 264.491 666.202 0 162.521 240.191 
# Delete
## 0.001
median: (58, 0.0117543)-> min: (999, 0.000262)-> max: (542, 1.89031)-> tot: 28.7585-> avg: 0.028758
in-dis-skewed knn time: 0.0543283 1 25.2192 0 25.2192 25.2192 0.111745 2.73843 28.8906 0 28.8906 27.1522 0.536724 12.0308 42.6553 0 42.6553 31.6246 
out-dis-skewed knn time: 0.473567 21.8999 196.423 0 196.423 175.523 0.74351 35.8555 216.392 0 216.392 181.537 5.77151 115.619 339.917 0 339.917 225.298 
in-dis-uniform knn time: 0.234275 1 24.701 0 24.701 24.701 0.411245 2.75861 28.4223 0 28.4223 26.6637 1.33116 12.1215 42.2982 0 42.2982 31.1766 
out-dis-uniform knn time: 0.108395 2.83533 55.6209 0 55.6209 53.7856 0.173716 5.93752 63.9662 0 63.9662 59.0286 0.967023 19.8663 86.1639 0 86.1639 67.2976 
range count time: 0.00104833 2.33248 27.4019 0 0.00174 26.0677 0.00289967 25.834 76.8852 0 4.2945 47.7567 0.0635203 264.492 666.124 0 162.565 240.067 
range query time: 0.000472667 2.33248 27.4019 0 0.00174 26.0677 0.006683 25.834 76.8852 0 4.2945 47.7567 1.03184 264.492 666.124 0 162.565 240.067 
# Delete
## 0.0001
median: (9749, 0.002944)-> min: (9999, 6.86667e-05)-> max: (5428, 1.82217)-> tot: 51.6016-> avg: 0.00515967
in-dis-skewed knn time: 0.05437 1 25.2192 0 25.2192 25.2192 0.111673 2.73843 28.8906 0 28.8906 27.1522 0.536218 12.0308 42.6553 0 42.6553 31.6246 
out-dis-skewed knn time: 0.525301 26.8855 207.578 0 207.578 181.693 0.804319 40.8577 228.55 0 228.55 188.692 6.49715 125.672 343.238 0 343.238 218.566 
in-dis-uniform knn time: 0.234243 1 24.667 0 24.667 24.667 0.410372 2.75757 28.3864 0 28.3864 26.6288 1.32907 12.1169 42.2614 0 42.2614 31.1445 
out-dis-uniform knn time: 0.124234 4.21085 59.998 0 59.998 56.7871 0.230892 8.43578 73.657 0 73.657 66.2212 1.75143 33.6459 108.745 0 108.745 76.0992 
range count time: 0.00106633 2.3154 26.124 0 0.00132 24.8073 0.00254433 25.7827 75.8292 0 4.2471 46.7994 0.063117 264.306 665.469 0 162.388 239.775 
range query time: 0.000460667 2.3154 26.124 0 0.00132 24.8073 0.00663467 25.7827 75.8292 0 4.2471 46.7994 1.03562 264.306 665.469 0 162.388 239.775 

Tree: KdTree; AugType: HasBox; Split: MaxStretchDim-ObjectMedian; BDO: 6; Inba: 30; Coord: integer; 
2_sort_by_0.in 
# Insert
## 1
median: (1, 5.02894)-> min: (1, 5.02894)-> max: (1, 5.02894)-> tot: 5.02894-> avg: 5.02894
in-dis-skewed knn time: 0.1132 1 24.5632 0 24.5632 24.5632 0.242955 2.80161 28.3174 0 28.3174 26.5158 0.984213 12.3384 42.3011 0 42.3011 30.9627 
out-dis-skewed knn time: 0.0978227 1.49791 30.1322 0 30.1322 29.6343 0.435309 13.7026 70.5441 0 70.5441 57.8415 2.09333 54.8834 158.821 0 158.821 104.938 
in-dis-uniform knn time: 0.222967 1 24.4828 0 24.4828 24.4828 0.397813 2.81032 28.3254 0 28.3254 26.5151 1.30476 12.3948 42.5766 0 42.5766 31.1818 
out-dis-uniform knn time: 0.0973913 1.5122 29.6045 0 29.6045 29.0923 0.392434 11.8249 61.381 0 61.381 50.5561 1.77234 44.1589 127.673 0 127.673 84.5141 
range count time: 0.000356 1.83186 25.9946 0 0.00242 25.1603 0.00465433 52.4644 138.541 0 3.41954 83.657 0.093648 360.67 863.948 0 198.146 306.132 
range query time: 0.000405667 1.83186 25.9946 0 0.00242 25.1603 0.007893 52.4644 138.541 0 3.41954 83.657 1.1017 360.67 863.948 0 198.146 306.132 
# Delete
## 0.1
median: (8, 0.633965)-> min: (9, 0.0250347)-> max: (3, 3.39307)-> tot: 10.0121-> avg: 1.00121
in-dis-skewed knn time: 0.12026 1 24.6336 0 24.6336 24.6336 0.250473 2.7955 28.3904 0 28.3904 26.5949 1.01901 12.3256 42.4085 0 42.4085 31.0828 
out-dis-skewed knn time: 0.10168 1.51168 29.0171 0 29.0171 28.5054 0.463867 13.7842 68.89 0 68.89 56.1058 2.23279 54.5718 155.242 0 155.242 101.67 
in-dis-uniform knn time: 0.232117 1 24.5435 0 24.5435 24.5435 0.411136 2.79505 28.3671 0 28.3671 26.572 1.33841 12.2973 42.543 0 42.543 31.2457 
out-dis-uniform knn time: 0.102254 1.51134 28.4006 0 28.4006 27.8892 0.404079 11.8286 59.6772 0 59.6772 48.8487 1.88655 43.8758 124.672 0 124.672 81.7966 
range count time: 0.000354 1.89252 26.0018 0 0.003 25.1063 0.004921 54.3394 140.086 0 3.41288 83.3341 0.0976243 357.758 862.216 0 198.422 307.035 
range query time: 0.000395 1.89252 26.0018 0 0.003 25.1063 0.008293 54.3394 140.086 0 3.41288 83.3341 1.07713 357.758 862.216 0 198.422 307.035 
# Delete
## 0.01
median: (28, 0.131754)-> min: (99, 0.00230367)-> max: (36, 3.85184)-> tot: 24.3224-> avg: 0.243223
in-dis-skewed knn time: 0.122464 1 24.6336 0 24.6336 24.6336 0.261834 2.7955 28.3904 0 28.3904 26.5949 1.03139 12.3256 42.4085 0 42.4085 31.0828 
out-dis-skewed knn time: 0.101801 1.51171 28.078 0 28.078 27.5662 0.459987 13.781 68.4439 0 68.4439 55.6629 2.21458 55.3216 156.646 0 156.646 102.325 
in-dis-uniform knn time: 0.23314 1 24.5502 0 24.5502 24.5502 0.412735 2.7958 28.3787 0 28.3787 26.5829 1.34312 12.3077 42.5755 0 42.5755 31.2678 
out-dis-uniform knn time: 0.101212 1.5248 27.5882 0 27.5882 27.0634 0.400634 11.8305 59.2947 0 59.2947 48.4642 1.87277 44.5246 125.622 0 125.622 82.0974 
range count time: 0.000442333 1.89252 26.0018 0 0.003 25.1063 0.00497033 54.3491 140.039 0 3.42186 83.2682 0.0981273 357.677 862.014 0 198.41 306.927 
range query time: 0.00124067 1.89252 26.0018 0 0.003 25.1063 0.00796067 54.3491 140.039 0 3.42186 83.2682 1.0712 357.677 862.014 0 198.41 306.927 
# Delete
## 0.001
median: (412, 0.019015)-> min: (999, 0.000256)-> max: (368, 3.68533)-> tot: 36.8315-> avg: 0.036831
in-dis-skewed knn time: 0.123174 1 24.7936 0 24.7936 24.7936 0.259067 2.77866 28.5216 0 28.5216 26.743 1.02847 12.1705 42.3761 0 42.3761 31.2055 
out-dis-skewed knn time: 0.0958757 1.48302 26.3895 0 26.3895 25.9065 0.4486 13.4808 66.0581 0 66.0581 53.5773 2.21943 53.6456 153.295 0 153.295 100.65 
in-dis-uniform knn time: 0.232362 1 24.5876 0 24.5876 24.5876 0.411735 2.79307 28.4124 0 28.4124 26.6193 1.33411 12.2768 42.5798 0 42.5798 31.3031 
out-dis-uniform knn time: 0.0922697 1.49717 25.9849 0 25.9849 25.4878 0.390557 11.5576 57.2067 0 57.2067 46.6492 1.87184 43.2 122.763 0 122.763 80.5631 
range count time: 0.000322 1.85392 25.934 0 0.003 25.0771 0.00487367 53.239 139.055 0 3.41738 83.3991 0.098098 356.803 862.305 0 198.679 307.823 
range query time: 0.000388 1.85392 25.934 0 0.003 25.0771 0.00797933 53.239 139.055 0 3.41738 83.3991 1.0759 356.803 862.305 0 198.679 307.823 
# Delete
## 0.0001
median: (9066, 0.003952)-> min: (9999, 7.13333e-05)-> max: (3680, 3.59004)-> tot: 62.7547-> avg: 0.00627498
in-dis-skewed knn time: 0.124083 1 24.807 0 24.807 24.807 0.262679 2.78301 28.5368 0 28.5368 26.7538 1.0308 12.2077 42.4114 0 42.4114 31.2037 
out-dis-skewed knn time: 0.0802673 1.54168 23.6129 0 23.6129 23.0712 0.336628 11.131 44.7519 0 44.7519 34.6209 1.56688 39.737 91.0699 0 91.0699 52.3329 
in-dis-uniform knn time: 0.232329 1 24.5697 0 24.5697 24.5697 0.410539 2.79412 28.4002 0 28.4002 26.6061 1.33489 12.2942 42.5979 0 42.5979 31.3038 
out-dis-uniform knn time: 0.0777047 1.54951 23.2677 0 23.2677 22.7182 0.301151 9.4605 39.8216 0 39.8216 31.3611 1.3108 31.7568 74.9362 0 74.9362 44.1795 
range count time: 0.000350333 1.8248 26.8168 0 0.00246 25.9895 0.004923 52.0497 139.591 0 3.44182 85.0993 0.0979257 357.021 862.898 0 198.673 308.204 
range query time: 0.000437 1.8248 26.8168 0 0.00246 25.9895 0.00808 52.0497 139.591 0 3.44182 85.0993 1.07385 357.021 862.898 0 198.673 308.204 

Tree: KdTree; AugType: HasBox; Split: MaxStretchDim-ObjectMedian; BDO: 6; Inba: 30; Coord: integer; 
2.in 
# Insert
## 1
median: (1, 3.68976)-> min: (1, 3.68976)-> max: (1, 3.68976)-> tot: 3.68976-> avg: 3.68976
in-dis-skewed knn time: 0.220615 1 24.4833 0 24.4833 24.4833 0.398098 2.80954 28.3256 0 28.3256 26.5161 1.299 12.2859 42.456 0 42.456 31.1701 
out-dis-skewed knn time: 0.253515 1.35512 25.4498 0 25.4498 25.0946 0.397918 2.88882 28.5204 0 28.5204 26.6315 1.27788 12.324 42.5289 0 42.5289 31.2049 
in-dis-uniform knn time: 0.221688 1 24.4828 0 24.4828 24.4828 0.38846 2.80958 28.3229 0 28.3229 26.5133 1.26091 12.2858 42.4548 0 42.4548 31.169 
out-dis-uniform knn time: 0.256728 1.35586 25.4499 0 25.4499 25.094 0.395334 2.88927 28.5228 0 28.5228 26.6335 1.25553 12.3235 42.5282 0 42.5282 31.2047 
range count time: 0.000349667 2.08564 27.4 0 0.00184 26.3126 0.00451133 53.3363 138.96 0 3.434 83.19 0.0977693 371.408 885.85 0 196.042 319.4 
range query time: 0.000428 2.08564 27.4 0 0.00184 26.3126 0.00767233 53.3363 138.96 0 3.434 83.19 1.09078 371.408 885.85 0 196.042 319.4 
# Delete
## 0.1
median: (4, 0.502435)-> min: (9, 0.0262093)-> max: (0, 0.570793)-> tot: 4.36786-> avg: 0.436786
in-dis-skewed knn time: 0.229446 1 24.9666 0 24.9666 24.9666 0.41032 3.15178 29.4683 0 29.4683 27.3166 1.42037 15.4819 47.2396 0 47.2396 32.7577 
out-dis-skewed knn time: 0.261184 1.40202 26.0337 0 26.0337 25.6317 0.411414 3.29219 29.7115 0 29.7115 27.4193 1.39724 15.5435 47.3369 0 47.3369 32.7934 
in-dis-uniform knn time: 0.228919 1 24.9664 0 24.9664 24.9664 0.40019 3.15135 29.4698 0 29.4698 27.3184 1.37523 15.483 47.2425 0 47.2425 32.7595 
out-dis-uniform knn time: 0.263137 1.40246 26.0341 0 26.0341 25.6317 0.41015 3.29155 29.7094 0 29.7094 27.4179 1.36836 15.5448 47.3367 0 47.3367 32.7919 
range count time: 0.000592667 2.22904 28.2182 0 0.0052 26.984 0.00513433 60.2341 161.464 0 5.30536 96.9248 0.101872 418.708 1038.89 0 246.202 374.978 
range query time: 0.000429 2.22904 28.2182 0 0.0052 26.984 0.00794633 60.2341 161.464 0 5.30536 96.9248 1.06608 418.708 1038.89 0 246.202 374.978 
# Delete
## 0.01
median: (47, 0.122637)-> min: (99, 0.00328433)-> max: (3, 0.141671)-> tot: 11.1544-> avg: 0.111543
in-dis-skewed knn time: 0.229556 1 24.9666 0 24.9666 24.9666 0.409884 3.15177 29.4683 0 29.4683 27.3165 1.41956 15.4819 47.2395 0 47.2395 32.7576 
out-dis-skewed knn time: 0.259781 1.40202 26.0337 0 26.0337 25.6316 0.41133 3.29218 29.7115 0 29.7115 27.4193 1.39553 15.5434 47.3368 0 47.3368 32.7934 
in-dis-uniform knn time: 0.228852 1 24.9664 0 24.9664 24.9664 0.399309 3.15134 29.4697 0 29.4697 27.3184 1.37365 15.4829 47.2424 0 47.2424 32.7595 
out-dis-uniform knn time: 0.262521 1.40246 26.0341 0 26.0341 25.6317 0.409475 3.29154 29.7094 0 29.7094 27.4179 1.36776 15.5447 47.3366 0 47.3366 32.7919 
range count time: 0.000358667 2.22904 28.2182 0 0.0052 26.984 0.005629 60.2341 161.464 0 5.30536 96.9248 0.103185 418.707 1038.88 0 246.2 374.977 
range query time: 0.000421667 2.22904 28.2182 0 0.0052 26.984 0.00814033 60.2341 161.464 0 5.30536 96.9248 1.07348 418.707 1038.88 0 246.2 374.977 
# Delete
## 0.001
median: (523, 0.0245583)-> min: (999, 0.000416333)-> max: (59, 0.0284533)-> tot: 22.9679-> avg: 0.0229674
in-dis-skewed knn time: 0.228848 1 24.9666 0 24.9666 24.9666 0.410377 3.15177 29.4683 0 29.4683 27.3165 1.4209 15.4818 47.2395 0 47.2395 32.7576 
out-dis-skewed knn time: 0.260314 1.40202 26.0337 0 26.0337 25.6316 0.41285 3.29218 29.7115 0 29.7115 27.4193 1.3965 15.5434 47.3368 0 47.3368 32.7934 
in-dis-uniform knn time: 0.229254 1 24.9664 0 24.9664 24.9664 0.400129 3.15134 29.4697 0 29.4697 27.3184 1.37423 15.4829 47.2424 0 47.2424 32.7595 
out-dis-uniform knn time: 0.263239 1.40246 26.0341 0 26.0341 25.6317 0.410793 3.29154 29.7094 0 29.7094 27.4179 1.36925 15.5447 47.3366 0 47.3366 32.7919 
range count time: 0.000636 2.22904 28.2182 0 0.0052 26.984 0.005138 60.2341 161.464 0 5.30536 96.9248 0.103298 418.707 1038.88 0 246.2 374.977 
range query time: 0.000435667 2.22904 28.2182 0 0.0052 26.984 0.00807667 60.2341 161.464 0 5.30536 96.9248 1.06036 418.707 1038.88 0 246.2 374.977 
# Delete
## 0.0001
median: (4770, 0.00626867)-> min: (9999, 0.000101333)-> max: (3577, 0.00922867)-> tot: 59.7973-> avg: 0.00597923
in-dis-skewed knn time: 0.233176 1 24.9666 0 24.9666 24.9666 0.410527 3.15177 29.4683 0 29.4683 27.3165 1.41987 15.4818 47.2395 0 47.2395 32.7576 
out-dis-skewed knn time: 0.260391 1.40202 26.0337 0 26.0337 25.6316 0.4116 3.29218 29.7115 0 29.7115 27.4193 1.3969 15.5434 47.3368 0 47.3368 32.7934 
in-dis-uniform knn time: 0.229341 1 24.9664 0 24.9664 24.9664 0.400054 3.15134 29.4697 0 29.4697 27.3184 1.37476 15.4829 47.2424 0 47.2424 32.7595 
out-dis-uniform knn time: 0.263392 1.40246 26.0341 0 26.0341 25.6317 0.410177 3.29153 29.7094 0 29.7094 27.4179 1.36951 15.5447 47.3366 0 47.3366 32.7919 
range count time: 0.000602 2.22904 28.2182 0 0.0052 26.984 0.005707 60.2341 161.464 0 5.30536 96.9248 0.104003 418.707 1038.88 0 246.2 374.977 
range query time: 0.000416333 2.22904 28.2182 0 0.0052 26.984 0.00801633 60.2341 161.464 0 5.30536 96.9248 1.07014 418.707 1038.88 0 246.2 374.977 

Tree: OrthTree; AugType: HasBox; Split: RotateDim-SpatialMedian; BDO: 6; Inba: 30; Coord: integer; 
1.in 
# Insert
## 1
median: (1, 11.8225)-> min: (1, 11.8225)-> max: (1, 11.8225)-> tot: 11.8225-> avg: 11.8225
in-dis-skewed knn time: 0.0953383 1 25.304 0 75.912 75.912 0.154989 3.15499 27.1499 0 81.4498 79.2945 0.5757 16.0724 34.0105 0 102.032 86.9477 
out-dis-skewed knn time: 0.156146 6.97083 43.9343 0 131.803 57.4051 0.278599 16.9235 55.8615 0 167.584 72.3359 1.05635 56.809 73.8417 0 221.525 86.3671 
in-dis-uniform knn time: 0.232536 1 24.5412 0 73.6236 73.6236 0.392459 3.15454 26.4065 0 79.2194 77.0646 1.30098 16.0696 33.3009 0 99.9027 84.823 
out-dis-uniform knn time: 0.0972957 2.21009 29.0366 0 87.1097 83.4601 0.145759 5.07648 31.9281 0 95.7844 88.8796 0.487522 17.0404 37.2232 0 111.67 92.3332 
range count time: 0.000598667 3.35962 49.9073 49.9073 0.00208 47.5456 0.00312567 37.9116 116.795 116.795 5.74294 74.1407 0.0537967 379.039 874.062 874.062 195.348 300.674 
range query time: 0.000730333 3.35962 49.9073 49.9073 0.00208 47.5456 0.006721 37.9116 116.795 116.795 5.74294 74.1407 1.11753 379.039 874.062 874.062 195.348 300.674 
# Delete
## 0.1
median: (2, 0.710365)-> min: (9, 0.053329)-> max: (1, 0.99328)-> tot: 6.7916-> avg: 0.67916
in-dis-skewed knn time: 0.0993727 1 25.9258 0 77.7774 77.7774 0.157801 3.02705 27.6897 0 83.0692 81.0417 0.563447 15.4625 34.3425 0 103.027 88.5524 
out-dis-skewed knn time: 0.138362 6.97702 38.0251 0 114.075 46.5377 0.243022 13.9691 45.0064 0 135.019 58.4971 1.16392 45.9528 68.9302 0 206.79 90.3412 
in-dis-uniform knn time: 0.242878 1 25.1674 0 75.5023 75.5023 0.397447 3.03208 26.9491 0 80.8473 78.815 1.28758 15.5509 33.6395 0 100.919 86.3574 
out-dis-uniform knn time: 0.110969 2.70052 32.9971 0 98.9914 95.0973 0.19865 8.87748 38.932 0 116.796 106.654 1.1386 34.9401 54.3001 0 162.9 126.357 
range count time: 0.000577333 2.83512 50.1735 50.1735 0.00356 48.3348 0.00284767 34.5631 114.134 114.134 6.02878 74.5423 0.0496103 354.911 873.07 873.07 207.098 312.061 
range query time: 0.000703333 2.83512 50.1735 50.1735 0.00356 48.3348 0.00664467 34.5631 114.134 114.134 6.02878 74.5423 1.06789 354.911 873.07 873.07 207.098 312.061 
# Delete
## 0.01
median: (33, 0.08515)-> min: (99, 0.00605)-> max: (54, 0.124359)-> tot: 8.47719-> avg: 0.0847714
in-dis-skewed knn time: 0.0998927 1 25.9258 0 77.7774 77.7774 0.158649 3.02705 27.6897 0 83.0692 81.0417 0.574215 15.4625 34.3425 0 103.027 88.5524 
out-dis-skewed knn time: 0.138897 6.97702 38.0251 0 114.075 46.5377 0.243515 13.9691 45.0064 0 135.019 58.4971 1.18144 45.9528 68.9302 0 206.79 90.3412 
in-dis-uniform knn time: 0.248304 1 25.1674 0 75.5023 75.5023 0.402003 3.03208 26.9491 0 80.8473 78.815 1.30082 15.5509 33.6395 0 100.919 86.3574 
out-dis-uniform knn time: 0.112016 2.70052 32.9971 0 98.9914 95.0973 0.199146 8.87748 38.932 0 116.796 106.654 1.14619 34.9401 54.3001 0 162.9 126.357 
range count time: 0.000576667 2.83512 50.1735 50.1735 0.00356 48.3348 0.00284 34.5631 114.134 114.134 6.02878 74.5423 0.0501007 354.911 873.07 873.07 207.098 312.061 
range query time: 0.000679 2.83512 50.1735 50.1735 0.00356 48.3348 0.006743 34.5631 114.134 114.134 6.02878 74.5423 1.03083 354.911 873.07 873.07 207.098 312.061 
# Delete
## 0.001
median: (205, 0.0125453)-> min: (999, 0.000620667)-> max: (356, 0.0176237)-> tot: 12.5348-> avg: 0.0125343
in-dis-skewed knn time: 0.0999917 1 25.9258 0 77.7774 77.7774 0.159093 3.02705 27.6897 0 83.0692 81.0417 0.567831 15.4625 34.3425 0 103.027 88.5524 
out-dis-skewed knn time: 0.138716 6.97702 38.0251 0 114.075 46.5377 0.239025 13.9691 45.0064 0 135.019 58.4971 1.15374 45.9528 68.9302 0 206.79 90.3412 
in-dis-uniform knn time: 0.247408 1 25.1674 0 75.5023 75.5023 0.404663 3.03208 26.9491 0 80.8473 78.815 1.30695 15.5509 33.6395 0 100.919 86.3574 
out-dis-uniform knn time: 0.111583 2.70052 32.9971 0 98.9914 95.0973 0.199281 8.87748 38.932 0 116.796 106.654 1.14926 34.9401 54.3001 0 162.9 126.357 
range count time: 0.000569 2.83512 50.1735 50.1735 0.00356 48.3348 0.002875 34.5631 114.134 114.134 6.02878 74.5423 0.0497957 354.911 873.07 873.07 207.098 312.061 
range query time: 0.000674 2.83512 50.1735 50.1735 0.00356 48.3348 0.00667767 34.5631 114.134 114.134 6.02878 74.5423 1.02361 354.911 873.07 873.07 207.098 312.061 
# Delete
## 0.0001
median: (8840, 0.00275167)-> min: (9999, 3.83333e-05)-> max: (1573, 0.00573133)-> tot: 28.3067-> avg: 0.00283017
in-dis-skewed knn time: 0.100189 1 25.9258 0 77.7774 77.7774 0.159677 3.02705 27.6897 0 83.0692 81.0417 0.568132 15.4625 34.3425 0 103.027 88.5524 
out-dis-skewed knn time: 0.139291 6.97702 38.0251 0 114.075 46.5377 0.238618 13.9691 45.0064 0 135.019 58.4971 1.17894 45.9528 68.9302 0 206.79 90.3412 
in-dis-uniform knn time: 0.248322 1 25.1674 0 75.5023 75.5023 0.404019 3.03208 26.9491 0 80.8473 78.815 1.30516 15.5509 33.6395 0 100.919 86.3574 
out-dis-uniform knn time: 0.112406 2.70052 32.9971 0 98.9914 95.0973 0.20151 8.87748 38.932 0 116.796 106.654 1.14751 34.9401 54.3001 0 162.9 126.357 
range count time: 0.000584333 2.83512 50.1735 50.1735 0.00356 48.3348 0.002843 34.5631 114.134 114.134 6.02878 74.5423 0.049767 354.911 873.07 873.07 207.098 312.061 
range query time: 0.000684667 2.83512 50.1735 50.1735 0.00356 48.3348 0.00651567 34.5631 114.134 114.134 6.02878 74.5423 1.01302 354.911 873.07 873.07 207.098 312.061 

Tree: OrthTree; AugType: HasBox; Split: RotateDim-SpatialMedian; BDO: 6; Inba: 30; Coord: integer; 
2_sort_by_0.in 
# Insert
## 1
median: (1, 4.56713)-> min: (1, 4.56713)-> max: (1, 4.56713)-> tot: 4.56713-> avg: 4.56713
in-dis-skewed knn time: 0.101382 1 12.3687 0 37.1061 37.1061 0.21887 3.06434 14.1396 0 42.4188 40.3545 0.973357 15.7269 20.8148 0 62.4445 47.7174 
out-dis-skewed knn time: 0.103022 1.5257 14.9311 0 44.7934 44.2677 0.376552 12.2161 29.1429 0 87.4286 76.2125 1.6555 47.912 57.0467 0 171.14 124.228 
in-dis-uniform knn time: 0.204271 1 12.3675 0 37.1025 37.1025 0.370279 3.06942 14.1732 0 42.5197 40.4503 1.29754 15.7672 20.9428 0 62.8285 48.0612 
out-dis-uniform knn time: 0.102339 1.53803 14.6388 0 43.9163 43.3782 0.327722 10.3712 25.5528 0 76.6583 67.2871 1.4033 38.949 46.4729 0 139.419 101.47 
range count time: 0.000379 2.13928 27.4834 27.4834 0.00668 26.3374 0.006702 81.1319 229.41 229.41 4.87678 144.401 0.0980757 518.666 1342.12 1342.12 314.905 509.554 
range query time: 0.000485333 2.13928 27.4834 27.4834 0.00668 26.3374 0.00942433 81.1319 229.41 229.41 4.87678 144.401 1.20135 518.666 1342.12 1342.12 314.905 509.554 
# Delete
## 0.1
median: (2, 0.229523)-> min: (9, 0.047609)-> max: (6, 0.250934)-> tot: 1.92283-> avg: 0.192282
in-dis-skewed knn time: 0.10194 1 13 0 39.0001 39.0001 0.209874 3.01498 14.8065 0 44.4195 42.4045 0.951085 16.0206 21.9995 0 65.9985 50.9779 
out-dis-skewed knn time: 0.0407127 1.1023 7.61383 0 22.8415 22.7392 0.312581 8.21715 32.4007 0 97.2022 89.985 2.21306 65.5111 87.5195 0 262.558 190.168 
in-dis-uniform knn time: 0.19815 1 13 0 39.0001 39.0001 0.345439 3.02294 14.8429 0 44.5287 42.5057 1.24301 16.0821 22.1424 0 66.4271 51.345 
out-dis-uniform knn time: 0.0527917 1.20525 9.36776 0 28.1033 27.898 0.326312 9.12224 31.7375 0 95.2126 87.0904 1.99215 55.7979 73.4138 0 220.241 157.569 
range count time: 0.000376 2.0659 28.4315 28.4315 0.00544 27.3602 0.00496567 69.5956 194.584 194.584 5.32062 120.668 0.072802 467.153 1191.14 1191.14 294.94 430.042 
range query time: 0.000509667 2.0659 28.4315 28.4315 0.00544 27.3602 0.00813967 69.5956 194.584 194.584 5.32062 120.668 1.1571 467.153 1191.14 1191.14 294.94 430.042 
# Delete
## 0.01
median: (95, 0.031407)-> min: (99, 0.00674467)-> max: (47, 0.0425047)-> tot: 3.08388-> avg: 0.0308384
in-dis-skewed knn time: 0.105247 1 13 0 39.0001 39.0001 0.216406 3.01498 14.8065 0 44.4195 42.4045 0.957093 16.0206 21.9995 0 65.9985 50.9779 
out-dis-skewed knn time: 0.0417097 1.1023 7.61383 0 22.8415 22.7392 0.31621 8.21715 32.4007 0 97.2022 89.985 2.23179 65.5111 87.5195 0 262.558 190.168 
in-dis-uniform knn time: 0.201251 1 13 0 39.0001 39.0001 0.349192 3.02294 14.8429 0 44.5287 42.5057 1.24679 16.0821 22.1424 0 66.4271 51.345 
out-dis-uniform knn time: 0.0532673 1.20525 9.36776 0 28.1033 27.898 0.329876 9.12224 31.7375 0 95.2126 87.0904 2.00883 55.7979 73.4138 0 220.241 157.569 
range count time: 0.000386333 2.0659 28.4315 28.4315 0.00544 27.3602 0.00503633 69.5956 194.584 194.584 5.32062 120.668 0.073913 467.153 1191.14 1191.14 294.94 430.042 
range query time: 0.000503 2.0659 28.4315 28.4315 0.00544 27.3602 0.00798267 69.5956 194.584 194.584 5.32062 120.668 1.10293 467.153 1191.14 1191.14 294.94 430.042 
# Delete
## 0.001
median: (188, 0.004296)-> min: (999, 0.000494667)-> max: (881, 0.0115763)-> tot: 4.24677-> avg: 0.00424628
in-dis-skewed knn time: 0.107356 1 13 0 39.0001 39.0001 0.216676 3.01498 14.8065 0 44.4195 42.4045 0.958125 16.0206 21.9995 0 65.9985 50.9779 
out-dis-skewed knn time: 0.040629 1.1023 7.61383 0 22.8415 22.7392 0.319243 8.21715 32.4007 0 97.2022 89.985 2.25327 65.5111 87.5195 0 262.558 190.168 
in-dis-uniform knn time: 0.205376 1 13 0 39.0001 39.0001 0.354813 3.02294 14.8429 0 44.5287 42.5057 1.25668 16.0821 22.1424 0 66.4271 51.345 
out-dis-uniform knn time: 0.053324 1.20525 9.36776 0 28.1033 27.898 0.333152 9.12224 31.7375 0 95.2126 87.0904 2.02665 55.7979 73.4138 0 220.241 157.569 
range count time: 0.000395 2.0659 28.4315 28.4315 0.00544 27.3602 0.00534933 69.5956 194.584 194.584 5.32062 120.668 0.0729343 467.153 1191.14 1191.14 294.94 430.042 
range query time: 0.000468333 2.0659 28.4315 28.4315 0.00544 27.3602 0.00813633 69.5956 194.584 194.584 5.32062 120.668 1.07139 467.153 1191.14 1191.14 294.94 430.042 
# Delete
## 0.0001
median: (1246, 0.000860667)-> min: (9999, 0.000126667)-> max: (7161, 0.00463)-> tot: 8.73645-> avg: 0.000873147
in-dis-skewed knn time: 0.108964 1 13 0 39.0001 39.0001 0.222395 3.01498 14.8065 0 44.4195 42.4045 0.963272 16.0206 21.9995 0 65.9985 50.9779 
out-dis-skewed knn time: 0.0411347 1.1023 7.61383 0 22.8415 22.7392 0.321589 8.21715 32.4007 0 97.2022 89.985 2.26605 65.5111 87.5195 0 262.558 190.168 
in-dis-uniform knn time: 0.207302 1 13 0 39.0001 39.0001 0.35548 3.02294 14.8429 0 44.5287 42.5057 1.25503 16.0821 22.1424 0 66.4271 51.345 
out-dis-uniform knn time: 0.0534633 1.20525 9.36776 0 28.1033 27.898 0.336211 9.12224 31.7375 0 95.2126 87.0904 2.03614 55.7979 73.4138 0 220.241 157.569 
range count time: 0.000384667 2.0659 28.4315 28.4315 0.00544 27.3602 0.00516833 69.5956 194.584 194.584 5.32062 120.668 0.0730387 467.153 1191.14 1191.14 294.94 430.042 
range query time: 0.000485 2.0659 28.4315 28.4315 0.00544 27.3602 0.00801333 69.5956 194.584 194.584 5.32062 120.668 1.02431 467.153 1191.14 1191.14 294.94 430.042 

Tree: OrthTree; AugType: HasBox; Split: RotateDim-SpatialMedian; BDO: 6; Inba: 30; Coord: integer; 
2.in 
# Insert
## 1
median: (1, 3.33088)-> min: (1, 3.33088)-> max: (1, 3.33088)-> tot: 3.33088-> avg: 3.33088
in-dis-skewed knn time: 0.204068 1 12.3678 0 37.1034 37.1034 0.362062 2.96084 14.0751 0 42.2252 40.2644 1.2223 14.6398 20.2332 0 60.6996 47.0597 
out-dis-skewed knn time: 0.229829 1.32293 12.7318 0 38.1953 37.8724 0.363341 3.032 14.1212 0 42.3635 40.3315 1.20084 14.5528 20.2276 0 60.6829 47.13 
in-dis-uniform knn time: 0.203394 1 12.3674 0 37.1022 37.1022 0.353546 2.96017 14.0761 0 42.2282 40.268 1.18562 14.6392 20.2325 0 60.6975 47.0581 
out-dis-uniform knn time: 0.230378 1.32304 12.7316 0 38.1947 37.8717 0.360601 3.03172 14.12 0 42.36 40.3283 1.17567 14.5508 20.225 0 60.6751 47.1241 
range count time: 0.000407333 2.35978 28.2445 28.2445 0.0054 26.8794 0.00486733 64.9048 183.664 183.664 5.64974 114.11 0.078304 445.238 1075.39 1075.39 244.638 386.511 
range query time: 0.000528333 2.35978 28.2445 28.2445 0.0054 26.8794 0.00786967 64.9048 183.664 183.664 5.64974 114.11 1.143 445.238 1075.39 1075.39 244.638 386.511 
# Delete
## 0.1
median: (4, 0.509612)-> min: (9, 0.0789137)-> max: (1, 0.520912)-> tot: 4.32335-> avg: 0.432335
in-dis-skewed knn time: 0.211469 1 12.9142 0 38.7425 38.7425 0.392882 4.01094 15.4102 0 46.2305 43.2196 1.50455 24.7398 25.4291 0 76.2872 52.5448 
out-dis-skewed knn time: 0.237793 1.38831 13.4696 0 40.4089 40.0206 0.396199 4.25508 15.5443 0 46.633 43.3779 1.48382 24.8218 25.4891 0 76.4674 52.6429 
in-dis-uniform knn time: 0.211159 1 12.9141 0 38.7422 38.7422 0.383121 4.01101 15.4115 0 46.2345 43.2235 1.46323 24.7416 25.429 0 76.2871 52.5429 
out-dis-uniform knn time: 0.241468 1.38846 13.4694 0 40.4082 40.0198 0.393802 4.25421 15.5432 0 46.6295 43.3753 1.45577 24.8236 25.4874 0 76.4621 52.6358 
range count time: 0.000425333 3.00408 30.9162 30.9162 0.01456 28.8976 0.00601 97.8468 263.321 263.321 11.7264 154.748 0.0866773 647.81 1583.42 1583.42 388.217 548.393 
range query time: 0.000487667 3.00408 30.9162 30.9162 0.01456 28.8976 0.009326 97.8468 263.321 263.321 11.7264 154.748 1.17988 647.81 1583.42 1583.42 388.217 548.393 
# Delete
## 0.01
median: (58, 0.117498)-> min: (99, 0.008318)-> max: (5, 0.127389)-> tot: 10.2417-> avg: 0.102417
in-dis-skewed knn time: 0.211683 1 12.9142 0 38.7425 38.7425 0.394084 4.01094 15.4102 0 46.2305 43.2196 1.50882 24.7398 25.4291 0 76.2872 52.5448 
out-dis-skewed knn time: 0.238593 1.38831 13.4696 0 40.4089 40.0206 0.396409 4.25508 15.5443 0 46.633 43.3779 1.48723 24.8218 25.4891 0 76.4674 52.6429 
in-dis-uniform knn time: 0.211625 1 12.9141 0 38.7422 38.7422 0.384291 4.01101 15.4115 0 46.2345 43.2235 1.46742 24.7416 25.429 0 76.2871 52.5429 
out-dis-uniform knn time: 0.241798 1.38846 13.4694 0 40.4082 40.0198 0.394677 4.25421 15.5432 0 46.6295 43.3753 1.45908 24.8236 25.4874 0 76.4621 52.6358 
range count time: 0.000409 3.00408 30.9162 30.9162 0.01456 28.8976 0.00606 97.8468 263.321 263.321 11.7264 154.748 0.0878637 647.81 1583.42 1583.42 388.217 548.393 
range query time: 0.000503667 3.00408 30.9162 30.9162 0.01456 28.8976 0.00923367 97.8468 263.321 263.321 11.7264 154.748 1.178 647.81 1583.42 1583.42 388.217 548.393 
# Delete
## 0.001
median: (380, 0.0215703)-> min: (999, 0.000483)-> max: (383, 0.0260057)-> tot: 19.5645-> avg: 0.019564
in-dis-skewed knn time: 0.211809 1 12.9142 0 38.7425 38.7425 0.394366 4.01094 15.4102 0 46.2305 43.2196 1.51045 24.7398 25.4291 0 76.2872 52.5448 
out-dis-skewed knn time: 0.240568 1.38831 13.4696 0 40.4089 40.0206 0.396991 4.25508 15.5443 0 46.633 43.3779 1.48938 24.8218 25.4891 0 76.4674 52.6429 
in-dis-uniform knn time: 0.21379 1 12.9141 0 38.7422 38.7422 0.384762 4.01101 15.4115 0 46.2345 43.2235 1.46867 24.7416 25.429 0 76.2871 52.5429 
out-dis-uniform knn time: 0.241897 1.38846 13.4694 0 40.4082 40.0198 0.395579 4.25421 15.5432 0 46.6295 43.3753 1.46093 24.8236 25.4874 0 76.4621 52.6358 
range count time: 0.000410667 3.00408 30.9162 30.9162 0.01456 28.8976 0.006269 97.8468 263.321 263.321 11.7264 154.748 0.0878913 647.81 1583.42 1583.42 388.217 548.393 
range query time: 0.000501 3.00408 30.9162 30.9162 0.01456 28.8976 0.00930367 97.8468 263.321 263.321 11.7264 154.748 1.17607 647.81 1583.42 1583.42 388.217 548.393 
# Delete
## 0.0001
median: (4541, 0.003178)-> min: (9999, 8.43333e-05)-> max: (4040, 0.00684)-> tot: 29.8677-> avg: 0.00298627
in-dis-skewed knn time: 0.211728 1 12.9142 0 38.7425 38.7425 0.39441 4.01094 15.4102 0 46.2305 43.2196 1.51108 24.7398 25.4291 0 76.2872 52.5448 
out-dis-skewed knn time: 0.239191 1.38831 13.4696 0 40.4089 40.0206 0.397254 4.25508 15.5443 0 46.633 43.3779 1.48989 24.8218 25.4891 0 76.4674 52.6429 
in-dis-uniform knn time: 0.212219 1 12.9141 0 38.7422 38.7422 0.384691 4.01101 15.4115 0 46.2345 43.2235 1.46959 24.7416 25.429 0 76.2871 52.5429 
out-dis-uniform knn time: 0.241972 1.38846 13.4694 0 40.4082 40.0198 0.39561 4.25421 15.5432 0 46.6295 43.3753 1.46149 24.8236 25.4874 0 76.4621 52.6358 
range count time: 0.000424 3.00408 30.9162 30.9162 0.01456 28.8976 0.00604833 97.8468 263.321 263.321 11.7264 154.748 0.088525 647.81 1583.42 1583.42 388.217 548.393 
range query time: 0.000508333 3.00408 30.9162 30.9162 0.01456 28.8976 0.00914933 97.8468 263.321 263.321 11.7264 154.748 1.17662 647.81 1583.42 1583.42 388.217 548.393 

Tree: PTree; AugType: HasBox; Split: HilbertCurve; BDO: 6; Inba: 30; Coord: integer; 
1.in 
# Insert
## 1
median: (1, 3.09693)-> min: (1, 3.09693)-> max: (1, 3.09693)-> tot: 3.09693-> avg: 3.09693
in-dis-skewed knn time: 0.505736 12.8589 171.423 0 171.423 159.564 2.23203 46.3945 290.184 0 290.184 244.789 13.364 134.854 428.803 0 428.803 294.948 
out-dis-skewed knn time: 0.284466 11.975 104.134 0 104.134 93.1587 0.566024 19.0435 117.567 0 117.567 99.5232 3.57419 38.2555 145.824 0 145.824 108.568 
in-dis-uniform knn time: 1.29349 8.15147 112.159 0 112.159 105.008 2.69765 24.7432 171.078 0 171.078 147.335 8.71028 65.8455 231.495 0 231.495 166.649 
out-dis-uniform knn time: 0.183134 5.17477 75.5945 0 75.5945 71.4198 0.391254 9.98244 96.7066 0 96.7066 87.7242 2.50083 26.8616 120.651 0 120.651 94.7895 
range count time: 0.000516 4.0073 41.959 0 0 38.9517 0.00216033 18.4003 71.3244 0 1.27028 52.6538 0.103922 200.289 516.042 0 96.6906 220.063 
range query time: 0.000632667 4.0073 41.959 0 0 38.9517 0.008231 18.4003 71.3244 0 1.27028 52.6538 1.15436 200.289 516.042 0 96.6906 220.063 
# Delete
## 0.1
median: (5, 0.220868)-> min: (3, 0.219031)-> max: (9, 0.225248)-> tot: 2.21531-> avg: 0.221531
in-dis-skewed knn time: 0.37108 8.8994 125.037 0 125.037 117.137 2.18078 43.4774 290.62 0 290.62 248.143 13.7874 136.513 433.468 0 433.468 297.955 
out-dis-skewed knn time: 0.261484 9.99728 98.2249 0 98.2249 89.2276 0.574595 16.0663 119.528 0 119.528 104.462 3.67126 41.2336 154.72 0 154.72 114.486 
in-dis-uniform knn time: 1.32175 7.94675 109.927 0 109.927 102.98 2.73267 23.956 170.272 0 170.272 147.316 8.89339 65.9705 231.391 0 231.391 166.42 
out-dis-uniform knn time: 0.20019 5.98198 84.294 0 84.294 79.312 0.477677 11.3691 106.781 0 106.781 96.4116 3.0574 30.3028 127.47 0 127.47 98.1673 
range count time: 0.000526 4.09776 41.4084 0 0 38.3107 0.00222233 18.4227 71.9916 0 1.27664 53.2922 0.109692 200.326 518.686 0 96.8013 222.559 
range query time: 0.000994333 4.09776 41.4084 0 0 38.3107 0.00824467 18.4227 71.9916 0 1.27664 53.2922 1.156 200.326 518.686 0 96.8013 222.559 
# Delete
## 0.01
median: (49, 0.024857)-> min: (68, 0.0230847)-> max: (54, 0.033174)-> tot: 2.54323-> avg: 0.0254318
in-dis-skewed knn time: 0.377735 8.8994 125.037 0 125.037 117.137 2.21374 43.4774 290.62 0 290.62 248.143 13.8743 136.513 433.468 0 433.468 297.955 
out-dis-skewed knn time: 0.265485 9.99728 98.2249 0 98.2249 89.2276 0.576829 16.0663 119.528 0 119.528 104.462 3.68616 41.2336 154.72 0 154.72 114.486 
in-dis-uniform knn time: 1.34966 7.94753 109.932 0 109.932 102.985 2.79125 23.9583 170.282 0 170.282 147.324 9.09255 65.9767 231.405 0 231.405 166.428 
out-dis-uniform knn time: 0.207148 5.98198 84.294 0 84.294 79.312 0.484016 11.3691 106.781 0 106.781 96.4116 3.07828 30.3028 127.47 0 127.47 98.1673 
range count time: 0.000536333 4.09776 41.4084 0 0 38.3107 0.002331 18.4227 71.9916 0 1.27664 53.2922 0.105537 200.326 518.686 0 96.8013 222.559 
range query time: 0.000948 4.09776 41.4084 0 0 38.3107 0.008431 18.4227 71.9916 0 1.27664 53.2922 1.19912 200.326 518.686 0 96.8013 222.559 
# Delete
## 0.001
median: (395, 0.00332)-> min: (0, 0.00268767)-> max: (544, 0.00981667)-> tot: 3.54139-> avg: 0.00354089
in-dis-skewed knn time: 0.383666 8.8994 125.54 0 125.54 117.64 2.25104 43.4774 291.124 0 291.124 248.646 14.066 136.513 433.972 0 433.972 298.459 
out-dis-skewed knn time: 0.266363 10.0012 98.2378 0 98.2378 89.2366 0.582989 16.0723 119.544 0 119.544 104.472 3.70308 41.247 154.746 0 154.746 114.499 
in-dis-uniform knn time: 1.36107 7.94288 109.91 0 109.91 102.967 2.82594 23.9398 170.166 0 170.166 147.226 9.177 65.9272 231.254 0 231.254 166.327 
out-dis-uniform knn time: 0.249575 7.75618 92.2183 0 92.2183 85.4621 0.558437 13.7109 116.801 0 116.801 104.09 3.40784 34.8287 143.565 0 143.565 109.736 
range count time: 0.000826333 4.09776 40.4084 0 0 37.3107 0.00239167 18.4172 71.0584 0 1.27664 52.3645 0.105346 200.324 518.968 0 96.8003 222.844 
range query time: 0.000684667 4.09776 40.4084 0 0 37.3107 0.00834167 18.4172 71.0584 0 1.27664 52.3645 1.21491 200.324 518.968 0 96.8003 222.844 
# Delete
## 0.0001
median: (6689, 0.000801667)-> min: (425, 0.000536667)-> max: (8522, 0.00505267)-> tot: 8.21266-> avg: 0.000820767
in-dis-skewed knn time: 0.382966 8.8994 125.54 0 125.54 117.64 2.24834 43.4774 291.124 0 291.124 248.646 14.1432 136.513 433.972 0 433.972 298.459 
out-dis-skewed knn time: 0.270242 10.001 98.2226 0 98.2226 89.2215 0.578165 16.0692 119.502 0 119.502 104.433 3.68929 41.23 154.686 0 154.686 114.456 
in-dis-uniform knn time: 1.3619 7.94199 109.735 0 109.735 102.793 2.82733 23.9027 169.815 0 169.815 146.912 9.16624 65.7973 230.815 0 230.815 166.018 
out-dis-uniform knn time: 0.245654 8.1028 91.9594 0 91.9594 84.8566 0.589192 14.9548 118.335 0 118.335 104.38 3.46312 35.1826 143.604 0 143.604 109.422 
range count time: 0.000547667 4.09776 40.4084 0 0 37.3107 0.002368 18.4227 70.9817 0 1.27658 52.2824 0.105884 200.324 518.857 0 96.7981 222.734 
range query time: 0.000677333 4.09776 40.4084 0 0 37.3107 0.00858967 18.4227 70.9817 0 1.27658 52.2824 1.21905 200.324 518.857 0 96.7981 222.734 

Tree: PTree; AugType: HasBox; Split: HilbertCurve; BDO: 6; Inba: 30; Coord: integer; 
2_sort_by_0.in 
# Insert
## 1
median: (1, 3.28714)-> min: (1, 3.28714)-> max: (1, 3.28714)-> tot: 3.28714-> avg: 3.28714
in-dis-skewed knn time: 0.459385 4.30811 50.764 0 50.764 47.4559 0.877761 8.66183 59.4057 0 59.4057 51.7439 2.55717 21.2955 79.6323 0 79.6323 59.3368 
out-dis-skewed knn time: 0.226633 4.00484 64.9037 0 64.9037 61.8989 0.660108 13.8734 93.2904 0 93.2904 80.417 2.55772 37.1828 140.074 0 140.074 103.891 
in-dis-uniform knn time: 1.14851 5.43029 68.823 0 68.823 64.3927 2.08864 14.4346 100.732 0 100.732 87.2976 5.27853 38.5883 140.209 0 140.209 102.62 
out-dis-uniform knn time: 0.234457 4.14776 65.2175 0 65.2175 62.0697 0.616963 12.1292 87.5912 0 87.5912 76.462 2.36995 31.5904 124.241 0 124.241 93.6509 
range count time: 0.000401333 1.98122 28.7715 0 0 27.7903 0.00379633 36.6545 108.672 0 0.83594 72.1817 0.157627 263.666 607.946 0 108.576 236.703 
range query time: 0.000657333 1.98122 28.7715 0 0 27.7903 0.00963033 36.6545 108.672 0 0.83594 72.1817 1.19842 263.666 607.946 0 108.576 236.703 
# Delete
## 0.1
median: (8, 0.232635)-> min: (2, 0.230058)-> max: (0, 0.233638)-> tot: 2.32152-> avg: 0.232151
in-dis-skewed knn time: 0.466289 4.30811 50.764 0 50.764 47.4559 0.86751 8.66183 59.4057 0 59.4057 51.7439 2.59916 21.2955 79.6323 0 79.6323 59.3368 
out-dis-skewed knn time: 0.242953 3.64499 70.1224 0 70.1224 67.4774 0.689141 13.9501 100.748 0 100.748 87.7981 2.51445 38.1157 149.262 0 149.262 112.146 
in-dis-uniform knn time: 1.16374 5.49451 70.9528 0 70.9528 66.4583 2.13368 15.2607 109.736 0 109.736 95.4754 5.7565 42.9678 155.179 0 155.179 113.212 
out-dis-uniform knn time: 0.255894 3.81316 72.0037 0 72.0037 69.1905 0.648296 12.3107 95.6494 0 95.6494 84.3387 2.34115 32.3643 133.504 0 133.504 102.139 
range count time: 0.000409 1.98122 28.7715 0 0 27.7903 0.003932 36.6848 108.146 0 0.8342 71.6267 0.160928 263.678 608.037 0 108.52 236.838 
range query time: 0.000653 1.98122 28.7715 0 0 27.7903 0.00987633 36.6848 108.146 0 0.8342 71.6267 1.19397 263.678 608.037 0 108.52 236.838 
# Delete
## 0.01
median: (29, 0.0248217)-> min: (23, 0.024439)-> max: (98, 0.0271673)-> tot: 2.50271-> avg: 0.0250266
in-dis-skewed knn time: 0.494493 4.30811 50.764 0 50.764 47.4559 0.891325 8.66183 59.4057 0 59.4057 51.7439 2.63809 21.2955 79.6323 0 79.6323 59.3368 
out-dis-skewed knn time: 0.253822 3.71365 70.8118 0 70.8118 68.0982 0.71935 14.0707 101.653 0 101.653 88.5822 2.60031 38.578 150.813 0 150.813 113.235 
in-dis-uniform knn time: 1.16275 5.51054 71.0871 0 71.0871 66.5766 2.13037 15.3769 110.25 0 110.25 95.873 5.87981 43.3537 156.062 0 156.062 113.708 
out-dis-uniform knn time: 0.266412 3.88272 72.69 0 72.69 69.8073 0.677507 12.4147 96.4876 0 96.4876 85.0728 2.41627 32.7495 134.861 0 134.861 103.111 
range count time: 0.000387333 1.98122 28.7715 0 0 27.7903 0.00410733 36.6848 108.146 0 0.8342 71.6267 0.163779 263.678 608.037 0 108.52 236.838 
range query time: 0.000647333 1.98122 28.7715 0 0 27.7903 0.00999267 36.6848 108.146 0 0.8342 71.6267 1.21585 263.678 608.037 0 108.52 236.838 
# Delete
## 0.001
median: (909, 0.00317667)-> min: (100, 0.00291567)-> max: (573, 0.00831667)-> tot: 3.23282-> avg: 0.00323232
in-dis-skewed knn time: 0.510415 4.30811 50.764 0 50.764 47.4559 0.931785 8.66183 59.4057 0 59.4057 51.7439 2.72832 21.2955 79.6323 0 79.6323 59.3368 
out-dis-skewed knn time: 0.277508 4.01064 69.6239 0 69.6239 66.6133 0.784517 14.6249 100.641 0 100.641 87.0165 2.77666 39.3585 149.221 0 149.221 110.863 
in-dis-uniform knn time: 1.21105 5.51304 70.7864 0 70.7864 66.2734 2.19543 14.9848 106.711 0 106.711 92.7264 5.90175 42.2292 151.618 0 151.618 110.389 
out-dis-uniform knn time: 0.294442 4.16318 71.5638 0 71.5638 68.4006 0.738332 12.9063 95.5296 0 95.5296 83.6233 2.60294 33.8391 134.139 0 134.139 101.3 
range count time: 0.000413667 1.98122 28.7715 0 0 27.7903 0.00439667 36.6848 108.146 0 0.8342 71.6267 0.158092 263.678 608.037 0 108.52 236.838 
range query time: 0.000632 1.98122 28.7715 0 0 27.7903 0.0100427 36.6848 108.146 0 0.8342 71.6267 1.25677 263.678 608.037 0 108.52 236.838 
# Delete
## 0.0001
median: (4663, 0.00083)-> min: (9999, 0.000576333)-> max: (5343, 0.00449867)-> tot: 8.37139-> avg: 0.000836642
in-dis-skewed knn time: 0.514189 4.30811 50.764 0 50.764 47.4559 0.941014 8.66183 59.4057 0 59.4057 51.7439 2.74379 21.2955 79.6323 0 79.6323 59.3368 
out-dis-skewed knn time: 0.274357 3.86026 69.6056 0 69.6056 66.7454 0.765803 14.2635 99.1814 0 99.1814 85.9179 2.72308 38.6558 146.534 0 146.534 108.878 
in-dis-uniform knn time: 1.21326 5.51754 70.8243 0 70.8243 66.3067 2.20009 15.1821 106.891 0 106.891 92.7085 5.85653 41.5737 150.239 0 150.239 109.665 
out-dis-uniform knn time: 0.287723 4.03407 71.6919 0 71.6919 68.6579 0.723242 12.6195 94.5566 0 94.5566 82.9371 2.54029 33.0529 131.99 0 131.99 99.9369 
range count time: 0.000402667 1.98122 28.7715 0 0 27.7903 0.004479 36.6848 107.961 0 0.8342 71.4423 0.159205 263.678 607.816 0 108.52 236.617 
range query time: 0.00064 1.98122 28.7715 0 0 27.7903 0.0101337 36.6848 107.961 0 0.8342 71.4423 1.25937 263.678 607.816 0 108.52 236.617 

Tree: PTree; AugType: HasBox; Split: HilbertCurve; BDO: 6; Inba: 30; Coord: integer; 
2.in 
# Insert
## 1
median: (1, 3.3375)-> min: (1, 3.3375)-> max: (1, 3.3375)-> tot: 3.3375-> avg: 3.3375
in-dis-skewed knn time: 1.11555 4.92512 61.9913 0 61.9913 58.0662 1.93476 9.96535 73.4343 0 73.4343 64.4689 4.66297 25.3624 97.6118 0 97.6118 73.2493 
out-dis-skewed knn time: 1.1294 5.12152 62.5362 0 62.5362 58.4146 1.93195 10.0093 73.5392 0 73.5392 64.5299 4.63933 25.3728 97.6456 0 97.6456 73.2728 
in-dis-uniform knn time: 1.09148 4.92444 61.9854 0 61.9854 58.0609 1.92309 9.96379 73.4234 0 73.4234 64.4596 4.62731 25.3582 97.5966 0 97.5966 73.2385 
out-dis-uniform knn time: 1.12843 5.11925 62.5105 0 62.5105 58.3912 1.93214 10.0041 73.5084 0 73.5084 64.5043 4.62605 25.3538 97.5918 0 97.5918 73.238 
range count time: 0.000404333 2.08512 27.8222 0 0 26.737 0.003796 36.3258 109.573 0 0.857 73.3904 0.155735 266.333 622.721 0 109.395 247.993 
range query time: 0.000635667 2.08512 27.8222 0 0 26.737 0.00947167 36.3258 109.573 0 0.857 73.3904 1.16535 266.333 622.721 0 109.395 247.993 
# Delete
## 0.1
median: (6, 0.496954)-> min: (9, 0.268533)-> max: (3, 0.64775)-> tot: 4.68833-> avg: 0.468833
in-dis-skewed knn time: 1.1585 4.91774 62.2523 0 62.2523 58.3346 1.95541 9.95849 73.7436 0 73.7436 64.7851 4.63142 25.5317 98.2366 0 98.2366 73.705 
out-dis-skewed knn time: 1.18403 5.12218 62.8115 0 62.8115 58.6893 1.96553 10.0148 73.8635 0 73.8635 64.8487 4.63508 25.5541 98.2802 0 98.2802 73.726 
in-dis-uniform knn time: 1.15124 4.91743 62.2495 0 62.2495 58.3321 1.96163 9.95891 73.7433 0 73.7433 64.7844 4.64347 25.5328 98.2387 0 98.2387 73.7058 
out-dis-uniform knn time: 1.18862 5.12067 62.7953 0 62.7953 58.6746 1.97405 10.0108 73.8419 0 73.8419 64.8311 4.65179 25.547 98.2539 0 98.2539 73.7069 
range count time: 0.000423667 2.08778 27.7885 0 0 26.7007 0.00457467 36.4786 110.358 0 0.88618 73.9929 0.160677 267.456 627.962 0 111.099 250.407 
range query time: 0.000582667 2.08778 27.7885 0 0 26.7007 0.009984 36.4786 110.358 0 0.88618 73.9929 1.24697 267.456 627.962 0 111.099 250.407 
# Delete
## 0.01
median: (49, 0.155269)-> min: (99, 0.027784)-> max: (30, 0.20455)-> tot: 14.3899-> avg: 0.143898
in-dis-skewed knn time: 1.15598 4.91458 62.1591 0 62.1591 58.2445 1.95285 9.95151 73.664 0 73.664 64.7125 4.63248 25.5419 98.1348 0 98.1348 73.5929 
out-dis-skewed knn time: 1.18123 5.1213 62.719 0 62.719 58.5977 1.962 10.0102 73.7844 0 73.7844 64.7742 4.637 25.5656 98.1791 0 98.1791 73.6135 
in-dis-uniform knn time: 1.14842 4.91435 62.1569 0 62.1569 58.2426 1.95791 9.95118 73.6637 0 73.6637 64.7125 4.64442 25.5439 98.1387 0 98.1387 73.5947 
out-dis-uniform knn time: 1.18484 5.11837 62.703 0 62.703 58.5846 1.96955 10.0044 73.7634 0 73.7634 64.759 4.65439 25.558 98.1519 0 98.1519 73.5939 
range count time: 0.000444333 2.09056 27.8237 0 0 26.7331 0.00476633 36.4916 110.396 0 0.89312 74.0111 0.160971 267.889 628.649 0 111.27 250.49 
range query time: 0.000577333 2.09056 27.8237 0 0 26.7331 0.010495 36.4916 110.396 0 0.89312 74.0111 1.24348 267.889 628.649 0 111.27 250.49 
# Delete
## 0.001
median: (643, 0.029193)-> min: (999, 0.00374567)-> max: (359, 0.03685)-> tot: 27.7039-> avg: 0.0277034
in-dis-skewed knn time: 1.15485 4.9154 62.156 0 62.156 58.2406 1.95266 9.95799 73.6605 0 73.6605 64.7025 4.63399 25.5434 98.1192 0 98.1192 73.5758 
out-dis-skewed knn time: 1.18109 5.12227 62.7166 0 62.7166 58.5943 1.96275 10.0174 73.7816 0 73.7816 64.7642 4.63943 25.5675 98.1632 0 98.1632 73.5958 
in-dis-uniform knn time: 1.14824 4.91545 62.1546 0 62.1546 58.2391 1.958 9.95808 73.6603 0 73.6603 64.7022 4.64616 25.545 98.1228 0 98.1228 73.5778 
out-dis-uniform knn time: 1.18531 5.1193 62.6999 0 62.6999 58.5806 1.97048 10.0111 73.7596 0 73.7596 64.7485 4.65495 25.5595 98.1357 0 98.1357 73.5762 
range count time: 0.000445667 2.09758 27.8218 0 2e-05 26.7242 0.00467033 36.5117 110.384 0 0.89412 73.978 0.161748 267.924 628.625 0 111.235 250.466 
range query time: 0.000652333 2.09758 27.8218 0 2e-05 26.7242 0.00993733 36.5117 110.384 0 0.89412 73.978 1.24039 267.924 628.625 0 111.235 250.466 
# Delete
## 0.0001
median: (2210, 0.004297)-> min: (9999, 0.000579333)-> max: (3053, 0.00679367)-> tot: 42.2118-> avg: 0.00422068
in-dis-skewed knn time: 1.1544 4.9147 62.1514 0 62.1514 58.2367 1.95187 9.95775 73.6536 0 73.6536 64.6959 4.63276 25.5454 98.1146 0 98.1146 73.5692 
out-dis-skewed knn time: 1.18126 5.12146 62.7115 0 62.7115 58.59 1.96221 10.017 73.7747 0 73.7747 64.7577 4.63927 25.5696 98.1588 0 98.1588 73.5892 
in-dis-uniform knn time: 1.14869 4.91461 62.1495 0 62.1495 58.2349 1.95889 9.9577 73.6534 0 73.6534 64.6957 4.64601 25.5471 98.1178 0 98.1178 73.5706 
out-dis-uniform knn time: 1.18577 5.11861 62.6949 0 62.6949 58.5763 1.96974 10.0109 73.7528 0 73.7528 64.7418 4.65493 25.5615 98.131 0 98.131 73.5695 
range count time: 0.000441 2.09828 27.8271 0 2e-05 26.7288 0.004767 36.504 110.371 0 0.89438 73.9725 0.160941 267.888 628.578 0 111.241 250.449 
range query time: 0.000613333 2.09828 27.8271 0 2e-05 26.7288 0.00996133 36.504 110.371 0 0.89438 73.9725 1.24368 267.888 628.578 0 111.241 250.449 

