Tree: ZdTree; AugType: WithoutBox; Split: MortonCurve; BDO: 6; Inba: 30; Coord: float; 
1.in 
# Insert
## 1
median: (1, 5.59065)-> min: (1, 5.59065)-> max: (1, 5.59065)-> tot: 5.59065-> avg: 5.59065
in-dis-skewed knn time: 0.114392 0 0 0 0 0 0.193133 0 0 0 0 0 0.759641 0 0 0 0 0 
out-dis-skewed knn time: 0.109836 0 0 0 0 0 0.153728 0 0 0 0 0 0.867257 0 0 0 0 0 
in-dis-uniform knn time: 0.310864 0 0 0 0 0 0.506353 0 0 0 0 0 1.62459 0 0 0 0 0 
out-dis-uniform knn time: 0.153058 0 0 0 0 0 0.264781 0 0 0 0 0 1.65961 0 0 0 0 0 
range count time: 0.000468333 0 0 0 0 0 0.00224867 0 0 0 0 0 0.0853703 0 0 0 0 0 
range query time: 0.000636 0 0 0 0 0 0.00927233 0 0 0 0 0 1.57132 0 0 0 0 0 
# Delete
## 0.1
median: (9, 0.615776)-> min: (0, 0.519048)-> max: (8, 0.680694)-> tot: 6.07619-> avg: 0.607618
in-dis-skewed knn time: 0.116545 0 0 0 0 0 0.193651 0 0 0 0 0 0.782583 0 0 0 0 0 
out-dis-skewed knn time: 0.115186 0 0 0 0 0 0.155908 0 0 0 0 0 0.868884 0 0 0 0 0 
in-dis-uniform knn time: 0.309194 0 0 0 0 0 0.506081 0 0 0 0 0 1.60068 0 0 0 0 0 
out-dis-uniform knn time: 0.151335 0 0 0 0 0 0.264494 0 0 0 0 0 1.66496 0 0 0 0 0 
range count time: 0.001262 0 0 0 0 0 0.00217233 0 0 0 0 0 0.0787853 0 0 0 0 0 
range query time: 0.000673 0 0 0 0 0 0.009055 0 0 0 0 0 1.58898 0 0 0 0 0 
# Delete
## 0.01
median: (45, 0.051496)-> min: (13, 0.039849)-> max: (98, 0.0722977)-> tot: 5.24656-> avg: 0.0524651
in-dis-skewed knn time: 0.116381 0 0 0 0 0 0.193484 0 0 0 0 0 0.782205 0 0 0 0 0 
out-dis-skewed knn time: 0.109593 0 0 0 0 0 0.155494 0 0 0 0 0 0.879419 0 0 0 0 0 
in-dis-uniform knn time: 0.310371 0 0 0 0 0 0.507624 0 0 0 0 0 1.57835 0 0 0 0 0 
out-dis-uniform knn time: 0.154557 0 0 0 0 0 0.265926 0 0 0 0 0 1.6666 0 0 0 0 0 
range count time: 0.000362667 0 0 0 0 0 0.003691 0 0 0 0 0 0.0731933 0 0 0 0 0 
range query time: 0.000589333 0 0 0 0 0 0.00905633 0 0 0 0 0 1.53655 0 0 0 0 0 
# Delete
## 0.001
median: (420, 0.0148243)-> min: (87, 0.005853)-> max: (847, 0.054873)-> tot: 15.8743-> avg: 0.0158738
in-dis-skewed knn time: 0.11662 0 0 0 0 0 0.197061 0 0 0 0 0 0.784248 0 0 0 0 0 
out-dis-skewed knn time: 0.108706 0 0 0 0 0 0.155466 0 0 0 0 0 0.881497 0 0 0 0 0 
in-dis-uniform knn time: 0.311983 0 0 0 0 0 0.508031 0 0 0 0 0 1.58616 0 0 0 0 0 
out-dis-uniform knn time: 0.154549 0 0 0 0 0 0.262846 0 0 0 0 0 1.66692 0 0 0 0 0 
range count time: 0.000368333 0 0 0 0 0 0.00227333 0 0 0 0 0 0.0727207 0 0 0 0 0 
range query time: 0.000608667 0 0 0 0 0 0.00918733 0 0 0 0 0 1.41235 0 0 0 0 0 
# Delete
## 0.0001
median: (8977, 0.00245633)-> min: (0, 0.00116067)-> max: (8503, 0.0243307)-> tot: 36.0791-> avg: 0.00360741
in-dis-skewed knn time: 0.118948 0 0 0 0 0 0.1975 0 0 0 0 0 0.782526 0 0 0 0 0 
out-dis-skewed knn time: 0.109096 0 0 0 0 0 0.156565 0 0 0 0 0 0.886096 0 0 0 0 0 
in-dis-uniform knn time: 0.310933 0 0 0 0 0 0.508448 0 0 0 0 0 1.5896 0 0 0 0 0 
out-dis-uniform knn time: 0.155452 0 0 0 0 0 0.262042 0 0 0 0 0 1.63541 0 0 0 0 0 
range count time: 0.000712667 0 0 0 0 0 0.00272267 0 0 0 0 0 0.0718647 0 0 0 0 0 
range query time: 0.000563667 0 0 0 0 0 0.00887567 0 0 0 0 0 1.38852 0 0 0 0 0 

Tree: ZdTree; AugType: WithoutBox; Split: MortonCurve; BDO: 6; Inba: 30; Coord: float; 
2_sort_by_0.in 
# Insert
## 1
median: (1, 5.42714)-> min: (1, 5.42714)-> max: (1, 5.42714)-> tot: 5.42714-> avg: 5.42714
in-dis-skewed knn time: 0.136921 0 0 0 0 0 0.282687 0 0 0 0 0 1.19772 0 0 0 0 0 
out-dis-skewed knn time: 0.101739 0 0 0 0 0 0.390402 0 0 0 0 0 2.18175 0 0 0 0 0 
in-dis-uniform knn time: 0.279309 0 0 0 0 0 0.485163 0 0 0 0 0 1.67078 0 0 0 0 0 
out-dis-uniform knn time: 0.102367 0 0 0 0 0 0.343633 0 0 0 0 0 1.9027 0 0 0 0 0 
range count time: 0.000330333 0 0 0 0 0 0.00459833 0 0 0 0 0 0.141679 0 0 0 0 0 
range query time: 0.000450333 0 0 0 0 0 0.0109847 0 0 0 0 0 1.62164 0 0 0 0 0 
# Delete
## 0.1
median: (2, 0.595936)-> min: (0, 0.543793)-> max: (7, 0.655417)-> tot: 6.00238-> avg: 0.600237
in-dis-skewed knn time: 0.135862 0 0 0 0 0 0.280048 0 0 0 0 0 1.20637 0 0 0 0 0 
out-dis-skewed knn time: 0.104124 0 0 0 0 0 0.405991 0 0 0 0 0 2.21248 0 0 0 0 0 
in-dis-uniform knn time: 0.276726 0 0 0 0 0 0.483958 0 0 0 0 0 1.65566 0 0 0 0 0 
out-dis-uniform knn time: 0.10585 0 0 0 0 0 0.357879 0 0 0 0 0 1.92619 0 0 0 0 0 
range count time: 0.000371667 0 0 0 0 0 0.00494833 0 0 0 0 0 0.134799 0 0 0 0 0 
range query time: 0.00051 0 0 0 0 0 0.010444 0 0 0 0 0 1.63499 0 0 0 0 0 
# Delete
## 0.01
median: (12, 0.0459163)-> min: (27, 0.039404)-> max: (93, 0.0664667)-> tot: 4.73228-> avg: 0.0473223
in-dis-skewed knn time: 0.141574 0 0 0 0 0 0.285394 0 0 0 0 0 1.19802 0 0 0 0 0 
out-dis-skewed knn time: 0.106662 0 0 0 0 0 0.410882 0 0 0 0 0 2.23054 0 0 0 0 0 
in-dis-uniform knn time: 0.281592 0 0 0 0 0 0.483815 0 0 0 0 0 1.63495 0 0 0 0 0 
out-dis-uniform knn time: 0.106529 0 0 0 0 0 0.361802 0 0 0 0 0 1.94177 0 0 0 0 0 
range count time: 0.000980333 0 0 0 0 0 0.00464233 0 0 0 0 0 0.130375 0 0 0 0 0 
range query time: 0.000460333 0 0 0 0 0 0.01037 0 0 0 0 0 1.64781 0 0 0 0 0 
# Delete
## 0.001
median: (686, 0.010359)-> min: (119, 0.00489433)-> max: (931, 0.042025)-> tot: 11.9448-> avg: 0.0119443
in-dis-skewed knn time: 0.138199 0 0 0 0 0 0.291049 0 0 0 0 0 1.21106 0 0 0 0 0 
out-dis-skewed knn time: 0.103695 0 0 0 0 0 0.41227 0 0 0 0 0 2.2387 0 0 0 0 0 
in-dis-uniform knn time: 0.279267 0 0 0 0 0 0.481992 0 0 0 0 0 1.60804 0 0 0 0 0 
out-dis-uniform knn time: 0.106574 0 0 0 0 0 0.363616 0 0 0 0 0 1.93561 0 0 0 0 0 
range count time: 0.000368 0 0 0 0 0 0.00462867 0 0 0 0 0 0.123378 0 0 0 0 0 
range query time: 0.000516 0 0 0 0 0 0.0100953 0 0 0 0 0 1.587 0 0 0 0 0 
# Delete
## 0.0001
median: (2211, 0.001993)-> min: (5234, 0.000988667)-> max: (9067, 0.0217033)-> tot: 29.0009-> avg: 0.00289958
in-dis-skewed knn time: 0.144284 0 0 0 0 0 0.293454 0 0 0 0 0 1.20884 0 0 0 0 0 
out-dis-skewed knn time: 0.106573 0 0 0 0 0 0.41453 0 0 0 0 0 2.24662 0 0 0 0 0 
in-dis-uniform knn time: 0.276064 0 0 0 0 0 0.481018 0 0 0 0 0 1.60808 0 0 0 0 0 
out-dis-uniform knn time: 0.106602 0 0 0 0 0 0.36458 0 0 0 0 0 1.94973 0 0 0 0 0 
range count time: 0.000331333 0 0 0 0 0 0.00501967 0 0 0 0 0 0.121389 0 0 0 0 0 
range query time: 0.000416667 0 0 0 0 0 0.00984133 0 0 0 0 0 1.45277 0 0 0 0 0 

Tree: ZdTree; AugType: WithoutBox; Split: MortonCurve; BDO: 6; Inba: 30; Coord: float; 
2.in 
# Insert
## 1
median: (1, 4.99956)-> min: (1, 4.99956)-> max: (1, 4.99956)-> tot: 4.99956-> avg: 4.99956
in-dis-skewed knn time: 0.277277 0 0 0 0 0 0.489391 0 0 0 0 0 1.61335 0 0 0 0 0 
out-dis-skewed knn time: 0.305396 0 0 0 0 0 0.484404 0 0 0 0 0 1.57057 0 0 0 0 0 
in-dis-uniform knn time: 0.268496 0 0 0 0 0 0.466645 0 0 0 0 0 1.53757 0 0 0 0 0 
out-dis-uniform knn time: 0.303125 0 0 0 0 0 0.474885 0 0 0 0 0 1.52192 0 0 0 0 0 
range count time: 0.000385 0 0 0 0 0 0.00474267 0 0 0 0 0 0.142502 0 0 0 0 0 
range query time: 0.000480333 0 0 0 0 0 0.0107633 0 0 0 0 0 1.59909 0 0 0 0 0 
# Delete
## 0.1
median: (4, 0.985436)-> min: (9, 0.637596)-> max: (0, 1.26318)-> tot: 9.29979-> avg: 0.929978
in-dis-skewed knn time: 0.28467 0 0 0 0 0 0.505046 0 0 0 0 0 1.60458 0 0 0 0 0 
out-dis-skewed knn time: 0.315598 0 0 0 0 0 0.504406 0 0 0 0 0 1.5724 0 0 0 0 0 
in-dis-uniform knn time: 0.273451 0 0 0 0 0 0.483743 0 0 0 0 0 1.54262 0 0 0 0 0 
out-dis-uniform knn time: 0.308493 0 0 0 0 0 0.489103 0 0 0 0 0 1.52715 0 0 0 0 0 
range count time: 0.000342333 0 0 0 0 0 0.00520567 0 0 0 0 0 0.139334 0 0 0 0 0 
range query time: 0.000468333 0 0 0 0 0 0.0105043 0 0 0 0 0 1.53491 0 0 0 0 0 
# Delete
## 0.01
median: (78, 0.191734)-> min: (99, 0.0424327)-> max: (0, 0.24813)-> tot: 18.3252-> avg: 0.183252
in-dis-skewed knn time: 0.285911 0 0 0 0 0 0.505789 0 0 0 0 0 1.59044 0 0 0 0 0 
out-dis-skewed knn time: 0.316835 0 0 0 0 0 0.503276 0 0 0 0 0 1.56177 0 0 0 0 0 
in-dis-uniform knn time: 0.274854 0 0 0 0 0 0.484459 0 0 0 0 0 1.53075 0 0 0 0 0 
out-dis-uniform knn time: 0.311369 0 0 0 0 0 0.48925 0 0 0 0 0 1.51724 0 0 0 0 0 
range count time: 0.000350667 0 0 0 0 0 0.00540567 0 0 0 0 0 0.13589 0 0 0 0 0 
range query time: 0.000496667 0 0 0 0 0 0.01017 0 0 0 0 0 1.48857 0 0 0 0 0 
# Delete
## 0.001
median: (465, 0.0344497)-> min: (999, 0.006371)-> max: (0, 0.0473797)-> tot: 32.5341-> avg: 0.0325336
in-dis-skewed knn time: 0.286768 0 0 0 0 0 0.508641 0 0 0 0 0 1.60044 0 0 0 0 0 
out-dis-skewed knn time: 0.31899 0 0 0 0 0 0.506551 0 0 0 0 0 1.57352 0 0 0 0 0 
in-dis-uniform knn time: 0.27638 0 0 0 0 0 0.486902 0 0 0 0 0 1.54487 0 0 0 0 0 
out-dis-uniform knn time: 0.313392 0 0 0 0 0 0.493201 0 0 0 0 0 1.53229 0 0 0 0 0 
range count time: 0.000349333 0 0 0 0 0 0.006161 0 0 0 0 0 0.133562 0 0 0 0 0 
range query time: 0.000454667 0 0 0 0 0 0.0102283 0 0 0 0 0 1.49487 0 0 0 0 0 
# Delete
## 0.0001
median: (4759, 0.005272)-> min: (9999, 0.00156867)-> max: (7, 0.0133947)-> tot: 51.9407-> avg: 0.00519357
in-dis-skewed knn time: 0.287773 0 0 0 0 0 0.509623 0 0 0 0 0 1.6042 0 0 0 0 0 
out-dis-skewed knn time: 0.318631 0 0 0 0 0 0.507736 0 0 0 0 0 1.5776 0 0 0 0 0 
in-dis-uniform knn time: 0.277449 0 0 0 0 0 0.490336 0 0 0 0 0 1.55188 0 0 0 0 0 
out-dis-uniform knn time: 0.313468 0 0 0 0 0 0.494311 0 0 0 0 0 1.54013 0 0 0 0 0 
range count time: 0.000331333 0 0 0 0 0 0.006271 0 0 0 0 0 0.136547 0 0 0 0 0 
range query time: 0.000764667 0 0 0 0 0 0.0106483 0 0 0 0 0 1.49771 0 0 0 0 0 

