Tree: CPAM; AugType: HasBox; Split: MortonCurve; BDO: 6; Inba: 30; Coord: integer; 
1.in 
# Insert
## 1
median: (1, 9.69758)-> min: (1, 9.69758)-> max: (1, 9.69758)-> tot: 9.69758-> avg: 9.69758
in-dis-skewed knn time: 1.15178 29.0741 262.459 0 262.459 234.385 4.65588 86.4208 470.732 0 470.732 385.311 25.7228 251.407 756.089 0 756.089 505.681 
out-dis-skewed knn time: 0.380628 10.9828 121.958 0 121.958 111.976 1.2199 40.8143 275.969 0 275.969 236.154 8.02003 91.6922 327.906 0 327.906 237.214 
in-dis-uniform knn time: 5.5733 25.3594 245.638 0 245.638 221.278 14.0487 80.8965 457.193 0 457.193 377.296 33.8938 211.525 652.745 0 652.745 442.22 
out-dis-uniform knn time: 0.376612 7.8302 123.945 0 123.945 117.114 0.590767 13.0714 141.417 0 141.417 129.345 3.2181 35.3325 178.772 0 178.772 144.44 
range count time: 0.000915333 0 0 0 0 0 0.00421833 0 0 0 0 0 0.229249 0 0 0 0 0 
range query time: 0.000771667 0 0 0 0 0 0.009422 0 0 0 0 0 1.42279 0 0 0 0 0 
Not supported Tree type
Not supported Tree type
Not supported Tree type
Not supported Tree type
# Delete
## 0.1
median: (5, 0)-> min: (0, 0)-> max: (9, 0)-> tot: 2e-06-> avg: 0
Not supported Tree type
in-dis-skewed knn time: 0.006629 0 0 0 0 0 0.0156353 0 0 0 0 0 0.00910267 0 0 0 0 0 
out-dis-skewed knn time: 0.006644 0 0 0 0 0 0.0144447 0 0 0 0 0 0.009228 0 0 0 0 0 
in-dis-uniform knn time: 0.00664333 0 0 0 0 0 0.0153373 0 0 0 0 0 0.00919267 0 0 0 0 0 
out-dis-uniform knn time: 0.00655167 0 0 0 0 0 0.0145187 0 0 0 0 0 0.00915533 0 0 0 0 0 
range count time: 5.33333e-05 0 0 0 0 0 5.4e-05 0 0 0 0 0 5.43333e-05 0 0 0 0 0 
range query time: 4.13333e-05 0 0 0 0 0 4.03333e-05 0 0 0 0 0 4.1e-05 0 0 0 0 0 
Not supported Tree type
Not supported Tree type
Not supported Tree type
Not supported Tree type
# Delete
## 0.01
median: (12, 0)-> min: (62, 0)-> max: (26, 0)-> tot: 6.33333e-06-> avg: 0
Not supported Tree type
in-dis-skewed knn time: 0.00676533 0 0 0 0 0 0.0151237 0 0 0 0 0 0.00909 0 0 0 0 0 
out-dis-skewed knn time: 0.006672 0 0 0 0 0 0.014592 0 0 0 0 0 0.00938367 0 0 0 0 0 
in-dis-uniform knn time: 0.00663 0 0 0 0 0 0.0143593 0 0 0 0 0 0.00912067 0 0 0 0 0 
out-dis-uniform knn time: 0.006709 0 0 0 0 0 0.015599 0 0 0 0 0 0.00914533 0 0 0 0 0 
range count time: 5e-05 0 0 0 0 0 5.23333e-05 0 0 0 0 0 5.1e-05 0 0 0 0 0 
range query time: 4.1e-05 0 0 0 0 0 4.2e-05 0 0 0 0 0 4.33333e-05 0 0 0 0 0 
Not supported Tree type
Not supported Tree type
Not supported Tree type
Not supported Tree type
# Delete
## 0.001
median: (173, 0)-> min: (672, 0)-> max: (351, 2e-06)-> tot: 4.63333e-05-> avg: 2.33333e-09
Not supported Tree type
in-dis-skewed knn time: 0.00654067 0 0 0 0 0 0.0152453 0 0 0 0 0 0.00913367 0 0 0 0 0 
out-dis-skewed knn time: 0.00668733 0 0 0 0 0 0.014938 0 0 0 0 0 0.0102457 0 0 0 0 0 
in-dis-uniform knn time: 0.00662233 0 0 0 0 0 0.0143397 0 0 0 0 0 0.00906167 0 0 0 0 0 
out-dis-uniform knn time: 0.007325 0 0 0 0 0 0.01453 0 0 0 0 0 0.00899033 0 0 0 0 0 
range count time: 5.06667e-05 0 0 0 0 0 5.06667e-05 0 0 0 0 0 5e-05 0 0 0 0 0 
range query time: 4.1e-05 0 0 0 0 0 4.53333e-05 0 0 0 0 0 4.3e-05 0 0 0 0 0 
Not supported Tree type
Not supported Tree type
Not supported Tree type
Not supported Tree type
# Delete
## 0.0001
median: (1662, 0)-> min: (6670, 0)-> max: (6393, 2.33333e-06)-> tot: 0.000414-> avg: 7e-10
Not supported Tree type
in-dis-skewed knn time: 0.00693967 0 0 0 0 0 0.014449 0 0 0 0 0 0.00907 0 0 0 0 0 
out-dis-skewed knn time: 0.006656 0 0 0 0 0 0.0154267 0 0 0 0 0 0.009129 0 0 0 0 0 
in-dis-uniform knn time: 0.00658567 0 0 0 0 0 0.014473 0 0 0 0 0 0.009752 0 0 0 0 0 
out-dis-uniform knn time: 0.00671833 0 0 0 0 0 0.0152683 0 0 0 0 0 0.009068 0 0 0 0 0 
range count time: 5.43333e-05 0 0 0 0 0 5.5e-05 0 0 0 0 0 5.56667e-05 0 0 0 0 0 
range query time: 4.6e-05 0 0 0 0 0 4.2e-05 0 0 0 0 0 4.16667e-05 0 0 0 0 0 

Tree: CPAM; AugType: HasBox; Split: MortonCurve; BDO: 6; Inba: 30; Coord: integer; 
2_sort_by_0.in 
# Insert
## 1
median: (1, 9.97135)-> min: (1, 9.97135)-> max: (1, 9.97135)-> tot: 9.97135-> avg: 9.97135
in-dis-skewed knn time: 1.3764 7.971 69.7383 0 69.7383 62.7673 2.63909 16.1377 84.834 0 84.834 69.6963 5.91671 33.5273 105.539 0 105.539 73.0112 
out-dis-skewed knn time: 0.34344 4.30917 77.6274 0 77.6274 74.3182 1.03928 19.4272 119.104 0 119.104 100.677 4.13545 61.7946 201.881 0 201.881 141.086 
in-dis-uniform knn time: 4.58173 18.6298 187.542 0 187.542 169.912 11.4107 55.6464 316.767 0 316.767 262.121 26.3599 140.118 438.721 0 438.721 299.603 
out-dis-uniform knn time: 0.362315 4.50617 78.5481 0 78.5481 75.0419 0.975524 17.0342 110.844 0 110.844 94.8099 3.77505 51.163 174.606 0 174.606 124.443 
range count time: 0.000765 0 0 0 0 0 0.006791 0 0 0 0 0 0.294359 0 0 0 0 0 
range query time: 0.000892667 0 0 0 0 0 0.0119343 0 0 0 0 0 1.47191 0 0 0 0 0 
Not supported Tree type
Not supported Tree type
Not supported Tree type
Not supported Tree type
# Delete
## 0.1
median: (6, 0)-> min: (0, 0)-> max: (1, 3.33333e-07)-> tot: 3e-06-> avg: 3.33333e-08
Not supported Tree type
in-dis-skewed knn time: 0.00645567 0 0 0 0 0 0.0144443 0 0 0 0 0 0.009081 0 0 0 0 0 
out-dis-skewed knn time: 0.00655933 0 0 0 0 0 0.0142723 0 0 0 0 0 0.00902 0 0 0 0 0 
in-dis-uniform knn time: 0.00648867 0 0 0 0 0 0.0150123 0 0 0 0 0 0.009016 0 0 0 0 0 
out-dis-uniform knn time: 0.00654467 0 0 0 0 0 0.0153663 0 0 0 0 0 0.009017 0 0 0 0 0 
range count time: 5.36667e-05 0 0 0 0 0 5.3e-05 0 0 0 0 0 5.8e-05 0 0 0 0 0 
range query time: 4e-05 0 0 0 0 0 3.93333e-05 0 0 0 0 0 4.23333e-05 0 0 0 0 0 
Not supported Tree type
Not supported Tree type
Not supported Tree type
Not supported Tree type
# Delete
## 0.01
median: (13, 0)-> min: (62, 0)-> max: (1, 3.33333e-07)-> tot: 6.33333e-06-> avg: 3.33333e-09
Not supported Tree type
in-dis-skewed knn time: 0.00692933 0 0 0 0 0 0.014433 0 0 0 0 0 0.00905667 0 0 0 0 0 
out-dis-skewed knn time: 0.00704633 0 0 0 0 0 0.0146077 0 0 0 0 0 0.009014 0 0 0 0 0 
in-dis-uniform knn time: 0.00661167 0 0 0 0 0 0.0143857 0 0 0 0 0 0.008992 0 0 0 0 0 
out-dis-uniform knn time: 0.00658867 0 0 0 0 0 0.0154077 0 0 0 0 0 0.00907667 0 0 0 0 0 
range count time: 5.73333e-05 0 0 0 0 0 5.4e-05 0 0 0 0 0 0.000333333 0 0 0 0 0 
range query time: 4e-05 0 0 0 0 0 4.2e-05 0 0 0 0 0 4.23333e-05 0 0 0 0 0 
Not supported Tree type
Not supported Tree type
Not supported Tree type
Not supported Tree type
# Delete
## 0.001
median: (173, 0)-> min: (672, 0)-> max: (1, 6.66667e-07)-> tot: 4.33333e-05-> avg: 6.66667e-10
Not supported Tree type
in-dis-skewed knn time: 0.006684 0 0 0 0 0 0.0143397 0 0 0 0 0 0.00909467 0 0 0 0 0 
out-dis-skewed knn time: 0.006548 0 0 0 0 0 0.0147623 0 0 0 0 0 0.00903867 0 0 0 0 0 
in-dis-uniform knn time: 0.00651433 0 0 0 0 0 0.0143893 0 0 0 0 0 0.009089 0 0 0 0 0 
out-dis-uniform knn time: 0.006429 0 0 0 0 0 0.0144073 0 0 0 0 0 0.009102 0 0 0 0 0 
range count time: 5.73333e-05 0 0 0 0 0 5.33333e-05 0 0 0 0 0 5.23333e-05 0 0 0 0 0 
range query time: 4.13333e-05 0 0 0 0 0 4.43333e-05 0 0 0 0 0 4.53333e-05 0 0 0 0 0 
Not supported Tree type
Not supported Tree type
Not supported Tree type
Not supported Tree type
# Delete
## 0.0001
median: (1670, 0)-> min: (6670, 0)-> max: (2076, 2e-06)-> tot: 0.000422667-> avg: 4.33333e-10
Not supported Tree type
in-dis-skewed knn time: 0.006523 0 0 0 0 0 0.014248 0 0 0 0 0 0.00899767 0 0 0 0 0 
out-dis-skewed knn time: 0.00740067 0 0 0 0 0 0.014492 0 0 0 0 0 0.008995 0 0 0 0 0 
in-dis-uniform knn time: 0.00667233 0 0 0 0 0 0.0145117 0 0 0 0 0 0.00904433 0 0 0 0 0 
out-dis-uniform knn time: 0.006495 0 0 0 0 0 0.014312 0 0 0 0 0 0.00902433 0 0 0 0 0 
range count time: 4.43333e-05 0 0 0 0 0 4.96667e-05 0 0 0 0 0 4.26667e-05 0 0 0 0 0 
range query time: 4.06667e-05 0 0 0 0 0 4.33333e-05 0 0 0 0 0 4.33333e-05 0 0 0 0 0 

Tree: CPAM; AugType: HasBox; Split: MortonCurve; BDO: 6; Inba: 30; Coord: integer; 
2.in 
# Insert
## 1
median: (1, 11.1808)-> min: (1, 11.1808)-> max: (1, 11.1808)-> tot: 11.1808-> avg: 11.1808
in-dis-skewed knn time: 4.7287 20.2791 210.266 0 210.266 190.987 11.8621 60.4154 348.862 0 348.862 289.447 27.6561 151.874 484.432 0 484.432 333.558 
out-dis-skewed knn time: 4.78812 20.5553 210.953 0 210.953 191.398 11.9218 60.4781 349.018 0 349.018 289.54 27.7346 151.9 484.502 0 484.502 333.602 
in-dis-uniform knn time: 4.72978 20.2782 210.253 0 210.253 190.975 11.9281 60.4132 348.83 0 348.83 289.416 27.7639 151.852 484.374 0 484.374 333.522 
out-dis-uniform knn time: 4.80091 20.5559 210.987 0 210.987 191.431 11.9516 60.4648 348.959 0 348.959 289.494 27.7851 151.875 484.422 0 484.422 333.547 
range count time: 0.00107567 0 0 0 0 0 0.00670533 0 0 0 0 0 0.313501 0 0 0 0 0 
range query time: 0.000813333 0 0 0 0 0 0.011522 0 0 0 0 0 1.45008 0 0 0 0 0 
Not supported Tree type
Not supported Tree type
Not supported Tree type
Not supported Tree type
# Delete
## 0.1
median: (5, 0)-> min: (0, 0)-> max: (9, 0)-> tot: 1.66667e-06-> avg: 0
Not supported Tree type
in-dis-skewed knn time: 0.006555 0 0 0 0 0 0.015536 0 0 0 0 0 0.00922733 0 0 0 0 0 
out-dis-skewed knn time: 0.00656533 0 0 0 0 0 0.015332 0 0 0 0 0 0.00916633 0 0 0 0 0 
in-dis-uniform knn time: 0.00670567 0 0 0 0 0 0.0150217 0 0 0 0 0 0.009009 0 0 0 0 0 
out-dis-uniform knn time: 0.006959 0 0 0 0 0 0.0154367 0 0 0 0 0 0.00973567 0 0 0 0 0 
range count time: 0.000102667 0 0 0 0 0 5.46667e-05 0 0 0 0 0 5.16667e-05 0 0 0 0 0 
range query time: 4.53333e-05 0 0 0 0 0 4.3e-05 0 0 0 0 0 4.5e-05 0 0 0 0 0 
Not supported Tree type
Not supported Tree type
Not supported Tree type
Not supported Tree type
# Delete
## 0.01
median: (13, 0)-> min: (62, 0)-> max: (1, 3.33333e-07)-> tot: 6.33333e-06-> avg: 3.33333e-09
Not supported Tree type
in-dis-skewed knn time: 0.00659767 0 0 0 0 0 0.015931 0 0 0 0 0 0.00907567 0 0 0 0 0 
out-dis-skewed knn time: 0.00651967 0 0 0 0 0 0.0143733 0 0 0 0 0 0.009168 0 0 0 0 0 
in-dis-uniform knn time: 0.00657967 0 0 0 0 0 0.015653 0 0 0 0 0 0.009069 0 0 0 0 0 
out-dis-uniform knn time: 0.006624 0 0 0 0 0 0.0155707 0 0 0 0 0 0.00973667 0 0 0 0 0 
range count time: 5.13333e-05 0 0 0 0 0 5.46667e-05 0 0 0 0 0 5.53333e-05 0 0 0 0 0 
range query time: 4.46667e-05 0 0 0 0 0 0.000299333 0 0 0 0 0 6.6e-05 0 0 0 0 0 
Not supported Tree type
Not supported Tree type
Not supported Tree type
Not supported Tree type
# Delete
## 0.001
median: (172, 0)-> min: (672, 0)-> max: (343, 0)-> tot: 4.36667e-05-> avg: 0
Not supported Tree type
in-dis-skewed knn time: 0.00656467 0 0 0 0 0 0.0145487 0 0 0 0 0 0.00912733 0 0 0 0 0 
out-dis-skewed knn time: 0.006641 0 0 0 0 0 0.0146497 0 0 0 0 0 0.00921767 0 0 0 0 0 
in-dis-uniform knn time: 0.00670367 0 0 0 0 0 0.014865 0 0 0 0 0 0.009151 0 0 0 0 0 
out-dis-uniform knn time: 0.00658167 0 0 0 0 0 0.0155477 0 0 0 0 0 0.00917733 0 0 0 0 0 
range count time: 5.36667e-05 0 0 0 0 0 5.36667e-05 0 0 0 0 0 5.4e-05 0 0 0 0 0 
range query time: 4.53333e-05 0 0 0 0 0 4.53333e-05 0 0 0 0 0 4.63333e-05 0 0 0 0 0 
Not supported Tree type
Not supported Tree type
Not supported Tree type
Not supported Tree type
# Delete
## 0.0001
median: (1662, 0)-> min: (6669, 0)-> max: (6916, 2e-06)-> tot: 0.000418667-> avg: 4.33333e-10
Not supported Tree type
in-dis-skewed knn time: 0.00664167 0 0 0 0 0 0.014579 0 0 0 0 0 0.00917633 0 0 0 0 0 
out-dis-skewed knn time: 0.007135 0 0 0 0 0 0.0149253 0 0 0 0 0 0.009068 0 0 0 0 0 
in-dis-uniform knn time: 0.006733 0 0 0 0 0 0.0153087 0 0 0 0 0 0.00910033 0 0 0 0 0 
out-dis-uniform knn time: 0.006627 0 0 0 0 0 0.0149117 0 0 0 0 0 0.00924367 0 0 0 0 0 
range count time: 5.86667e-05 0 0 0 0 0 5.26667e-05 0 0 0 0 0 5.46667e-05 0 0 0 0 0 
range query time: 4.66667e-05 0 0 0 0 0 4.46667e-05 0 0 0 0 0 4.56667e-05 0 0 0 0 0 

