Tree: PTree; AugType: HasBox; Split: MortonCurve; BDO: 6; Inba: 30; Coord: integer; 
1.in 
# Insert
## 1
median: (1, 2.94116)-> min: (1, 2.94116)-> max: (1, 2.94116)-> tot: 2.94116-> avg: 2.94116
in-dis-skewed knn time: 0.935716 29.0741 262.459 0 262.459 234.385 3.91949 86.4208 470.732 0 470.732 385.311 23.4583 251.407 756.089 0 756.089 505.681 
out-dis-skewed knn time: 0.311853 10.9828 121.958 0 121.958 111.976 1.01762 40.8143 275.969 0 275.969 236.154 7.4631 91.6922 327.906 0 327.906 237.214 
in-dis-uniform knn time: 4.24795 25.3594 245.638 0 245.638 221.278 10.7476 80.8965 457.193 0 457.193 377.296 27.8372 211.525 652.745 0 652.745 442.22 
out-dis-uniform knn time: 0.295442 7.8302 123.945 0 123.945 117.114 0.498263 13.0714 141.417 0 141.417 129.345 2.96197 35.3325 178.772 0 178.772 144.44 
range count time: 0.000614 5.32844 45.2731 0 0 40.9446 0.003067 27.0279 124.27 0 1.06208 97.1798 0.164582 280.707 712.571 0 111.046 321.819 
range query time: 0.000734667 5.32844 45.2731 0 0 40.9446 0.00908533 27.0279 124.27 0 1.06208 97.1798 1.18664 280.707 712.571 0 111.046 321.819 
# Insert
## 0.1
median: (8, 0.252741)-> min: (3, 0.247985)-> max: (7, 0.255728)-> tot: 2.52004-> avg: 0.252003
in-dis-skewed knn time: 0.683735 21.7363 204.815 0 204.815 184.079 2.81685 74.7841 381.861 0 381.861 308.077 15.868 206.715 586.978 0 586.978 381.263 
out-dis-skewed knn time: 0.311429 9.98294 121.906 0 121.906 112.923 0.733334 25.9501 236.421 0 236.421 211.471 6.90691 90.9489 384.241 0 384.241 294.292 
in-dis-uniform knn time: 3.95246 24.6136 253.132 0 253.132 229.518 10.077 84.1161 478.69 0 478.69 395.574 27.1763 224.563 680.305 0 680.305 456.742 
out-dis-uniform knn time: 0.227805 5.74444 105.167 0 105.167 100.422 0.474498 13.6549 147.868 0 147.868 135.213 4.87569 68.6163 267.947 0 267.947 200.331 
range count time: 0.000609667 5.34686 50.7778 0 0 46.4309 0.00312033 30.8267 134.495 0 1.68324 102.985 0.165843 308.732 789.903 0 131.842 350.33 
range query time: 0.000723333 5.34686 50.7778 0 0 46.4309 0.00895867 30.8267 134.495 0 1.68324 102.985 1.22193 308.732 789.903 0 131.842 350.33 
# Insert
## 0.01
median: (33, 0.0263427)-> min: (76, 0.024644)-> max: (58, 0.031928)-> tot: 2.67742-> avg: 0.0267737
in-dis-skewed knn time: 0.938138 26.527 242.615 0 242.615 217.088 4.04257 83.5449 443.437 0 443.437 360.892 22.7769 238.258 709.408 0 709.408 472.15 
out-dis-skewed knn time: 0.373672 11.9688 151.652 0 151.652 140.683 0.538303 17.0169 160.929 0 160.929 144.912 6.75313 92.7109 301.276 0 301.276 209.565 
in-dis-uniform knn time: 4.47417 26.3392 270.215 0 270.215 244.876 11.3057 85.3928 508.515 0 508.515 424.122 30.5711 228.944 730.728 0 730.728 502.784 
out-dis-uniform knn time: 0.264701 6.33544 115.034 0 115.034 109.698 0.410968 9.75985 128.955 0 128.955 120.195 2.78883 35.5477 173.184 0 173.184 138.636 
range count time: 0.000664333 5.35244 48.0311 0 0 43.6787 0.00340733 27.9384 128.277 0 1.1678 100.171 0.166409 286.706 743.348 0 116.705 340.937 
range query time: 0.000767333 5.35244 48.0311 0 0 43.6787 0.00895 27.9384 128.277 0 1.1678 100.171 1.25148 286.706 743.348 0 116.705 340.937 
# Insert
## 0.001
median: (370, 0.003718)-> min: (74, 0.00323967)-> max: (974, 0.00690767)-> tot: 3.77356-> avg: 0.00377306
in-dis-skewed knn time: 0.892638 25.006 246.536 0 246.536 222.53 3.51728 71.8699 432.038 0 432.038 361.168 18.4624 186.185 617.964 0 617.964 432.779 
out-dis-skewed knn time: 0.310871 8.99521 128.902 0 128.902 120.907 0.62593 21.9756 167.987 0 167.987 147.012 4.35744 53.1029 224.163 0 224.163 172.06 
in-dis-uniform knn time: 4.61073 25.8553 266.332 0 266.332 241.477 11.5583 81.2994 491.441 0 491.441 411.142 30.2345 215.674 696.361 0 696.361 481.687 
out-dis-uniform knn time: 0.326535 7.15202 133.513 0 133.513 127.361 0.512062 11.9346 143.817 0 143.817 132.883 3.64475 42.2985 197.847 0 197.847 156.548 
range count time: 0.000721667 5.1742 48.742 0 0 44.5678 0.003584 27.1258 131.103 0 1.10336 103.874 0.16958 288.332 752.68 0 118.64 346.709 
range query time: 0.000784 5.1742 48.742 0 0 44.5678 0.008909 27.1258 131.103 0 1.10336 103.874 1.27143 288.332 752.68 0 118.64 346.709 
# Insert
## 0.0001
median: (4837, 0.000860667)-> min: (115, 0.000662333)-> max: (2513, 0.00516633)-> tot: 8.73982-> avg: 0.000873483
in-dis-skewed knn time: 0.929097 25.4076 254.163 0 254.163 229.755 3.60609 75.3732 429.806 0 429.806 355.432 20.9267 216.552 659.719 0 659.719 444.167 
out-dis-skewed knn time: 0.320852 8.99133 123.957 0 123.957 115.965 0.854636 31.8783 230.416 0 230.416 199.538 5.30376 70.86 285.468 0 285.468 215.608 
in-dis-uniform knn time: 4.81667 27.0671 275.393 0 275.393 249.326 12.0095 84.7878 500.312 0 500.312 416.524 31.4046 225.33 715.486 0 715.486 491.156 
out-dis-uniform knn time: 0.334555 7.02638 136.46 0 136.46 130.433 0.542891 12.0508 153.301 0 153.301 142.251 3.42714 39.0637 196.673 0 196.673 158.609 
range count time: 0.000685667 5.35698 52.4201 0 0 48.0631 0.00370867 28.2782 134.137 0 1.20662 105.652 0.17061 289.127 758.268 0 119.352 350.789 
range query time: 0.000789333 5.35698 52.4201 0 0 48.0631 0.00894967 28.2782 134.137 0 1.20662 105.652 1.26878 289.127 758.268 0 119.352 350.789 

Tree: PTree; AugType: HasBox; Split: MortonCurve; BDO: 6; Inba: 30; Coord: integer; 
2_sort_by_0.in 
# Insert
## 1
median: (1, 3.03676)-> min: (1, 3.03676)-> max: (1, 3.03676)-> tot: 3.03676-> avg: 3.03676
in-dis-skewed knn time: 0.97079 7.971 69.7383 0 69.7383 62.7673 1.93918 16.1377 84.834 0 84.834 69.6963 4.75355 33.5273 105.539 0 105.539 73.0112 
out-dis-skewed knn time: 0.283852 4.30917 77.6274 0 77.6274 74.3182 0.874142 19.4272 119.104 0 119.104 100.677 3.63587 61.7946 201.881 0 201.881 141.086 
in-dis-uniform knn time: 3.51344 18.6298 187.542 0 187.542 169.912 8.77881 55.6464 316.767 0 316.767 262.121 21.0756 140.118 438.721 0 438.721 299.603 
out-dis-uniform knn time: 0.300412 4.50617 78.5481 0 78.5481 75.0419 0.82263 17.0342 110.844 0 110.844 94.8099 3.33031 51.163 174.606 0 174.606 124.443 
range count time: 0.000536 3.42534 37.4955 0 0 35.0701 0.004824 44.9907 142.777 0 0.7358 98.0504 0.213847 335.868 786.271 0 121.185 330.218 
range query time: 0.000685 3.42534 37.4955 0 0 35.0701 0.010678 44.9907 142.777 0 0.7358 98.0504 1.22575 335.868 786.271 0 121.185 330.218 
# Insert
## 0.1
median: (8, 0.277007)-> min: (0, 0.271357)-> max: (5, 0.283375)-> tot: 2.76666-> avg: 0.276666
in-dis-skewed knn time: 0.928643 8.77419 78.1378 0 78.1378 70.3636 1.94039 18.2092 95.2945 0 95.2945 78.0853 5.02971 40.1302 121.133 0 121.133 82.0031 
out-dis-skewed knn time: 0.287694 4.25469 79.5732 0 79.5732 76.3185 0.908834 19.5124 123.924 0 123.924 105.412 3.65962 63.6619 215.045 0 215.045 152.383 
in-dis-uniform knn time: 3.74873 21.3986 226.226 0 226.226 205.827 9.40821 63.4507 360.14 0 360.14 297.69 23.3747 163.876 504.756 0 504.756 341.881 
out-dis-uniform knn time: 0.306478 4.47166 80.561 0 80.561 77.0894 0.857866 17.4483 116.313 0 116.313 99.865 3.38248 53.8317 186.608 0 186.608 133.777 
range count time: 0.000525333 3.56502 41.3546 0 0 38.7896 0.00529133 48.0805 149.441 0 0.8625 101.498 0.219055 341.424 809.48 0 127.286 341.77 
range query time: 0.000674 3.56502 41.3546 0 0 38.7896 0.0111753 48.0805 149.441 0 0.8625 101.498 1.24371 341.424 809.48 0 127.286 341.77 
# Insert
## 0.01
median: (96, 0.0282033)-> min: (9, 0.027545)-> max: (91, 0.030415)-> tot: 2.83366-> avg: 0.0283362
in-dis-skewed knn time: 1.11946 7.79721 73.9967 0 73.9967 67.1995 2.04148 14.6411 86.5401 0 86.5401 72.899 4.95489 29.9378 105.291 0 105.291 76.353 
out-dis-skewed knn time: 0.303199 4.22397 73.3021 0 73.3021 70.0782 0.941436 18.1974 110.599 0 110.599 93.4014 3.58503 56.955 190.766 0 190.766 134.811 
in-dis-uniform knn time: 3.85018 20.8976 216.449 0 216.449 196.551 8.8303 56.4193 318.603 0 318.603 263.184 21.4845 140.085 436.965 0 436.965 297.879 
out-dis-uniform knn time: 0.318685 4.47386 74.2736 0 74.2736 70.7997 0.88344 16.2196 103.528 0 103.528 88.3087 3.21801 46.9375 163.935 0 163.935 117.998 
range count time: 0.000627 3.37056 45.0229 0 0 42.6524 0.00560633 45.1177 151.154 0 0.7403 106.296 0.220166 338.887 810.416 0 125.492 347.037 
range query time: 0.000763667 3.37056 45.0229 0 0 42.6524 0.0111343 45.1177 151.154 0 0.7403 106.296 1.27457 338.887 810.416 0 125.492 347.037 
# Insert
## 0.001
median: (866, 0.00377267)-> min: (109, 0.003512)-> max: (640, 0.00592633)-> tot: 3.8289-> avg: 0.0038284
in-dis-skewed knn time: 1.06848 8.23369 78.156 0 78.156 70.9224 1.9091 14.9872 88.9621 0 88.9621 74.9749 4.62896 31.9166 110.513 0 110.513 79.5964 
out-dis-skewed knn time: 0.36245 5.03392 83.0714 0 83.0714 79.0375 1.04433 20.1145 122.281 0 122.281 103.167 3.87015 60.6899 203.567 0 203.567 143.877 
in-dis-uniform knn time: 3.91922 21.5083 217.995 0 217.995 197.487 8.4162 55.6066 311.538 0 311.538 256.932 20.97 143.51 442.635 0 442.635 300.125 
out-dis-uniform knn time: 0.386984 5.43747 84.5939 0 84.5939 80.1564 0.989061 18.1656 115.164 0 115.164 97.9987 3.4911 50.395 176.643 0 176.643 127.248 
range count time: 0.000675 3.45904 53.1947 0 0 50.7357 0.00579933 46.7267 153.513 0 0.8646 106.922 0.218171 347.774 839.974 0 134.557 358.643 
range query time: 0.000788667 3.45904 53.1947 0 0 50.7357 0.0108893 46.7267 153.513 0 0.8646 106.922 1.32748 347.774 839.974 0 134.557 358.643 
# Insert
## 0.0001
median: (3627, 0.000851667)-> min: (378, 0.000725333)-> max: (7282, 0.00454867)-> tot: 8.73776-> avg: 0.000873275
in-dis-skewed knn time: 1.01967 7.95912 80.9983 0 80.9983 74.0392 1.7349 13.8859 90.8556 0 90.8556 77.9697 4.33365 30.1601 111.457 0 111.457 82.2971 
out-dis-skewed knn time: 0.416578 4.9699 90.5512 0 90.5512 86.5813 1.1602 19.8868 132.844 0 132.844 113.957 4.16438 59.5927 215.303 0 215.303 156.71 
in-dis-uniform knn time: 3.77498 20.6595 211.68 0 211.68 192.021 8.23117 54.6398 307.112 0 307.112 253.472 21.0948 146.524 438.014 0 438.014 292.49 
out-dis-uniform knn time: 0.441886 5.23536 91.7271 0 91.7271 87.4918 1.09506 17.8074 124.162 0 124.162 107.354 3.81571 49.9928 187.29 0 187.29 138.297 
range count time: 0.000713 3.5076 56.8653 0 0 54.3577 0.005808 46.9981 153.184 0 0.83178 106.354 0.216559 349.516 816.351 0 126.663 341.172 
range query time: 0.000837667 3.5076 56.8653 0 0 54.3577 0.0109683 46.9981 153.184 0 0.83178 106.354 1.32361 349.516 816.351 0 126.663 341.172 

Tree: PTree; AugType: HasBox; Split: MortonCurve; BDO: 6; Inba: 30; Coord: integer; 
2.in 
# Insert
## 1
median: (1, 3.10178)-> min: (1, 3.10178)-> max: (1, 3.10178)-> tot: 3.10178-> avg: 3.10178
in-dis-skewed knn time: 3.61504 20.2791 210.266 0 210.266 190.987 9.1298 60.4154 348.862 0 348.862 289.447 22.1495 151.874 484.432 0 484.432 333.558 
out-dis-skewed knn time: 3.68134 20.5553 210.953 0 210.953 191.398 9.19457 60.4781 349.018 0 349.018 289.54 22.22 151.9 484.502 0 484.502 333.602 
in-dis-uniform knn time: 3.64124 20.2782 210.253 0 210.253 190.975 9.2025 60.4132 348.83 0 348.83 289.416 22.2477 151.852 484.374 0 484.374 333.522 
out-dis-uniform knn time: 3.69914 20.5559 210.987 0 210.987 191.431 9.22474 60.4648 348.959 0 348.959 289.494 22.2714 151.875 484.422 0 484.422 333.547 
range count time: 0.000537 3.63864 38.7092 0 0 36.0705 0.00473333 44.6424 145.461 0 0.7522 101.066 0.229324 359.125 831.838 0 119.759 353.955 
range query time: 0.000808667 3.63864 38.7092 0 0 36.0705 0.0102663 44.6424 145.461 0 0.7522 101.066 1.21784 359.125 831.838 0 119.759 353.955 
# Insert
## 0.1
median: (9, 0.373981)-> min: (0, 0.285482)-> max: (6, 0.426429)-> tot: 3.67956-> avg: 0.367955
in-dis-skewed knn time: 3.77748 20.4184 211.959 0 211.959 192.541 9.11336 60.9327 352.007 0 352.007 292.074 22.7907 155.926 490.765 0 490.765 335.838 
out-dis-skewed knn time: 3.87047 20.699 212.653 0 212.653 192.954 9.18989 60.9721 352.129 0 352.129 292.157 22.8441 155.91 490.783 0 490.783 335.873 
in-dis-uniform knn time: 3.83791 20.4202 211.931 0 211.931 192.511 9.20301 60.9027 351.924 0 351.924 292.022 22.8966 155.854 490.641 0 490.641 335.787 
out-dis-uniform knn time: 3.89441 20.7008 212.68 0 212.68 192.979 9.22583 60.9621 352.089 0 352.089 292.126 22.9228 155.895 490.732 0 490.732 335.837 
range count time: 0.000614 3.69834 38.7462 0 4e-05 36.0478 0.00570133 44.7338 146.442 0 0.78172 101.927 0.233526 361.174 838.743 0 121.624 356.945 
range query time: 0.000791667 3.69834 38.7462 0 4e-05 36.0478 0.0108633 44.7338 146.442 0 0.78172 101.927 1.29656 361.174 838.743 0 121.624 356.945 
# Insert
## 0.01
median: (49, 0.058255)-> min: (0, 0.0302727)-> max: (96, 0.0753233)-> tot: 5.74607-> avg: 0.0574602
in-dis-skewed knn time: 3.80531 20.4125 212.765 0 212.765 193.353 9.17762 61.5592 354.152 0 354.152 293.593 23.0719 158.391 498.374 0 498.374 340.983 
out-dis-skewed knn time: 3.90879 20.7545 213.541 0 213.541 193.787 9.25796 61.6081 354.238 0 354.238 293.63 23.1613 158.382 498.356 0 498.356 340.974 
in-dis-uniform knn time: 3.87801 20.4727 212.83 0 212.83 193.357 9.27885 61.5391 354.063 0 354.063 293.524 23.2198 158.333 498.253 0 498.253 340.92 
out-dis-uniform knn time: 3.93369 20.7541 213.564 0 213.564 193.81 9.30028 61.5972 354.203 0 354.203 293.605 23.2432 158.363 498.31 0 498.31 340.947 
range count time: 0.000606333 3.50722 38.172 0 0 35.6648 0.00639567 45.4081 147.893 0 0.8147 102.67 0.237255 365.528 851.104 0 124.701 361.875 
range query time: 0.000746667 3.50722 38.172 0 0 35.6648 0.0109297 45.4081 147.893 0 0.8147 102.67 1.30818 365.528 851.104 0 124.701 361.875 
# Insert
## 0.001
median: (458, 0.01348)-> min: (0, 0.00374433)-> max: (939, 0.0197207)-> tot: 12.6449-> avg: 0.0126444
in-dis-skewed knn time: 3.81743 20.5795 215.249 0 215.249 195.67 9.16352 61.5884 353.377 0 353.377 292.788 22.8272 156.582 494.457 0 494.457 338.874 
out-dis-skewed knn time: 3.92286 20.9443 216.072 0 216.072 196.127 9.24362 61.6551 353.501 0 353.501 292.846 22.9094 156.616 494.509 0 494.509 338.893 
in-dis-uniform knn time: 3.89109 20.6642 215.384 0 215.384 195.72 9.262 61.5914 353.346 0 353.346 292.754 22.9811 156.567 494.416 0 494.416 338.849 
out-dis-uniform knn time: 3.94797 20.9453 216.113 0 216.113 196.167 9.2878 61.6431 353.458 0 353.458 292.815 23.0091 156.58 494.432 0 494.432 338.852 
range count time: 0.000623333 3.6902 38.6242 0 0 35.934 0.00608367 45.6011 148.359 0 0.82416 102.933 0.236456 367.105 856.116 0 125.786 364.226 
range query time: 0.000853667 3.6902 38.6242 0 0 35.934 0.0108637 45.6011 148.359 0 0.82416 102.933 1.30169 367.105 856.116 0 125.786 364.226 
# Insert
## 0.0001
median: (5327, 0.00271767)-> min: (0, 0.000719667)-> max: (7009, 0.00800033)-> tot: 26.2348-> avg: 0.00262298
in-dis-skewed knn time: 3.83645 20.5363 215.393 0 215.393 195.856 9.21236 62.0409 355.983 0 355.983 294.942 23.1228 159.305 499.387 0 499.387 341.083 
out-dis-skewed knn time: 3.94168 20.9084 216.271 0 216.271 196.363 9.29352 62.1076 356.097 0 356.097 294.989 23.2045 159.321 499.401 0 499.401 341.08 
in-dis-uniform knn time: 3.90869 20.6206 215.502 0 215.502 195.882 9.30446 62.0372 355.89 0 355.89 294.853 23.2738 159.269 499.254 0 499.254 340.985 
out-dis-uniform knn time: 3.96713 20.9049 216.251 0 216.251 196.347 9.32728 62.0922 356.029 0 356.029 294.937 23.282 159.285 499.304 0 499.304 341.019 
range count time: 0.000631 3.62036 40.334 0 2e-05 37.7136 0.00594367 45.5235 148.136 0 0.8359 102.776 0.236801 367.263 855.759 0 125.858 363.638 
range query time: 0.000862333 3.62036 40.334 0 2e-05 37.7136 0.0106427 45.5235 148.136 0 0.8359 102.776 1.306 367.263 855.759 0 125.858 363.638 

