Tree: CPAM; AugType: HasBox; Split: HilbertCurve; BDO: 6; Inba: 30; Coord: integer; 
1.in 
# Insert
## 1
median: (1, 9.94302)-> min: (1, 9.94302)-> max: (1, 9.94302)-> tot: 9.94302-> avg: 9.94302
in-dis-skewed knn time: 0.606997 12.8589 171.423 0 171.423 159.564 2.51754 46.3945 290.184 0 290.184 244.789 14.4259 134.854 428.803 0 428.803 294.948 
out-dis-skewed knn time: 0.355711 11.975 104.134 0 104.134 93.1587 0.665434 19.0435 117.567 0 117.567 99.5232 3.87526 38.2555 145.824 0 145.824 108.568 
in-dis-uniform knn time: 1.66165 8.15147 112.159 0 112.159 105.008 3.46234 24.7432 171.078 0 171.078 147.335 9.90901 65.8455 231.495 0 231.495 166.649 
out-dis-uniform knn time: 0.231544 5.17477 75.5945 0 75.5945 71.4198 0.465357 9.98244 96.7066 0 96.7066 87.7242 2.6813 26.8616 120.651 0 120.651 94.7895 
range count time: 0.000711 0 0 0 0 0 0.00283133 0 0 0 0 0 0.146767 0 0 0 0 0 
range query time: 0.000994667 0 0 0 0 0 0.008855 0 0 0 0 0 1.37557 0 0 0 0 0 
Not supported Tree type
Not supported Tree type
Not supported Tree type
Not supported Tree type
# Delete
## 0.1
median: (5, 0)-> min: (0, 0)-> max: (9, 0)-> tot: 2e-06-> avg: 0
Not supported Tree type
in-dis-skewed knn time: 0.00643633 0 0 0 0 0 0.014425 0 0 0 0 0 0.00904433 0 0 0 0 0 
out-dis-skewed knn time: 0.006568 0 0 0 0 0 0.0153737 0 0 0 0 0 0.00910133 0 0 0 0 0 
in-dis-uniform knn time: 0.00663433 0 0 0 0 0 0.0145017 0 0 0 0 0 0.00941433 0 0 0 0 0 
out-dis-uniform knn time: 0.006637 0 0 0 0 0 0.0147873 0 0 0 0 0 0.00916133 0 0 0 0 0 
range count time: 5.4e-05 0 0 0 0 0 5.53333e-05 0 0 0 0 0 5.16667e-05 0 0 0 0 0 
range query time: 4.23333e-05 0 0 0 0 0 4.13333e-05 0 0 0 0 0 4.33333e-05 0 0 0 0 0 
Not supported Tree type
Not supported Tree type
Not supported Tree type
Not supported Tree type
# Delete
## 0.01
median: (12, 0)-> min: (62, 0)-> max: (26, 0)-> tot: 6e-06-> avg: 0
Not supported Tree type
in-dis-skewed knn time: 0.00662 0 0 0 0 0 0.0142197 0 0 0 0 0 0.00930467 0 0 0 0 0 
out-dis-skewed knn time: 0.00705467 0 0 0 0 0 0.0146823 0 0 0 0 0 0.00908133 0 0 0 0 0 
in-dis-uniform knn time: 0.00660667 0 0 0 0 0 0.0144933 0 0 0 0 0 0.00903533 0 0 0 0 0 
out-dis-uniform knn time: 0.00674467 0 0 0 0 0 0.0180587 0 0 0 0 0 0.008985 0 0 0 0 0 
range count time: 4.8e-05 0 0 0 0 0 5.2e-05 0 0 0 0 0 4.96667e-05 0 0 0 0 0 
range query time: 4.06667e-05 0 0 0 0 0 0.000157 0 0 0 0 0 4.16667e-05 0 0 0 0 0 
Not supported Tree type
Not supported Tree type
Not supported Tree type
Not supported Tree type
# Delete
## 0.001
median: (172, 0)-> min: (672, 0)-> max: (343, 0)-> tot: 4.76667e-05-> avg: 0
Not supported Tree type
in-dis-skewed knn time: 0.006821 0 0 0 0 0 0.014542 0 0 0 0 0 0.00900567 0 0 0 0 0 
out-dis-skewed knn time: 0.00701733 0 0 0 0 0 0.0144967 0 0 0 0 0 0.009131 0 0 0 0 0 
in-dis-uniform knn time: 0.00645567 0 0 0 0 0 0.01528 0 0 0 0 0 0.00909867 0 0 0 0 0 
out-dis-uniform knn time: 0.00662833 0 0 0 0 0 0.015519 0 0 0 0 0 0.00903367 0 0 0 0 0 
range count time: 5.5e-05 0 0 0 0 0 5.1e-05 0 0 0 0 0 5.83333e-05 0 0 0 0 0 
range query time: 3.96667e-05 0 0 0 0 0 0.000202667 0 0 0 0 0 4.06667e-05 0 0 0 0 0 
Not supported Tree type
Not supported Tree type
Not supported Tree type
Not supported Tree type
# Delete
## 0.0001
median: (1670, 0)-> min: (6670, 0)-> max: (2891, 1.6e-05)-> tot: 0.000560667-> avg: 1.6e-09
Not supported Tree type
in-dis-skewed knn time: 0.00671933 0 0 0 0 0 0.0145993 0 0 0 0 0 0.00896633 0 0 0 0 0 
out-dis-skewed knn time: 0.00657733 0 0 0 0 0 0.0144473 0 0 0 0 0 0.009186 0 0 0 0 0 
in-dis-uniform knn time: 0.006619 0 0 0 0 0 0.0150217 0 0 0 0 0 0.009095 0 0 0 0 0 
out-dis-uniform knn time: 0.006733 0 0 0 0 0 0.0155713 0 0 0 0 0 0.00907267 0 0 0 0 0 
range count time: 5.76667e-05 0 0 0 0 0 5.33333e-05 0 0 0 0 0 5.6e-05 0 0 0 0 0 
range query time: 4.16667e-05 0 0 0 0 0 4.63333e-05 0 0 0 0 0 4.1e-05 0 0 0 0 0 

Tree: CPAM; AugType: HasBox; Split: HilbertCurve; BDO: 6; Inba: 30; Coord: integer; 
2_sort_by_0.in 
# Insert
## 1
median: (1, 10.3037)-> min: (1, 10.3037)-> max: (1, 10.3037)-> tot: 10.3037-> avg: 10.3037
in-dis-skewed knn time: 0.650828 4.30811 50.764 0 50.764 47.4559 1.14328 8.66183 59.4057 0 59.4057 51.7439 3.09903 21.2955 79.6323 0 79.6323 59.3368 
out-dis-skewed knn time: 0.27004 4.00484 64.9037 0 64.9037 61.8989 0.764423 13.8734 93.2904 0 93.2904 80.417 2.82169 37.1828 140.074 0 140.074 103.891 
in-dis-uniform knn time: 1.48705 5.43029 68.823 0 68.823 64.3927 2.7271 14.4346 100.732 0 100.732 87.2976 6.4679 38.5883 140.209 0 140.209 102.62 
out-dis-uniform knn time: 0.278425 4.14776 65.2175 0 65.2175 62.0697 0.71606 12.1292 87.5912 0 87.5912 76.462 2.60034 31.5904 124.241 0 124.241 93.6509 
range count time: 0.000573 0 0 0 0 0 0.00537533 0 0 0 0 0 0.215008 0 0 0 0 0 
range query time: 0.000629333 0 0 0 0 0 0.010935 0 0 0 0 0 1.42664 0 0 0 0 0 
Not supported Tree type
Not supported Tree type
Not supported Tree type
Not supported Tree type
# Delete
## 0.1
median: (6, 0)-> min: (0, 0)-> max: (1, 3.33333e-07)-> tot: 3e-06-> avg: 3.33333e-08
Not supported Tree type
in-dis-skewed knn time: 0.006756 0 0 0 0 0 0.0145513 0 0 0 0 0 0.00896933 0 0 0 0 0 
out-dis-skewed knn time: 0.00668633 0 0 0 0 0 0.0144587 0 0 0 0 0 0.00913467 0 0 0 0 0 
in-dis-uniform knn time: 0.006937 0 0 0 0 0 0.014479 0 0 0 0 0 0.009047 0 0 0 0 0 
out-dis-uniform knn time: 0.00664133 0 0 0 0 0 0.0148543 0 0 0 0 0 0.00925433 0 0 0 0 0 
range count time: 5.43333e-05 0 0 0 0 0 4.9e-05 0 0 0 0 0 5.3e-05 0 0 0 0 0 
range query time: 4.6e-05 0 0 0 0 0 4.33333e-05 0 0 0 0 0 4.4e-05 0 0 0 0 0 
Not supported Tree type
Not supported Tree type
Not supported Tree type
Not supported Tree type
# Delete
## 0.01
median: (12, 0)-> min: (62, 0)-> max: (26, 0)-> tot: 8.33333e-06-> avg: 0
Not supported Tree type
in-dis-skewed knn time: 0.00663433 0 0 0 0 0 0.0145617 0 0 0 0 0 0.00923867 0 0 0 0 0 
out-dis-skewed knn time: 0.00667167 0 0 0 0 0 0.015463 0 0 0 0 0 0.00903933 0 0 0 0 0 
in-dis-uniform knn time: 0.00700633 0 0 0 0 0 0.0171753 0 0 0 0 0 0.00947367 0 0 0 0 0 
out-dis-uniform knn time: 0.00685233 0 0 0 0 0 0.0151257 0 0 0 0 0 0.009378 0 0 0 0 0 
range count time: 6.26667e-05 0 0 0 0 0 5.3e-05 0 0 0 0 0 6.16667e-05 0 0 0 0 0 
range query time: 4.13333e-05 0 0 0 0 0 4.4e-05 0 0 0 0 0 4.8e-05 0 0 0 0 0 
Not supported Tree type
Not supported Tree type
Not supported Tree type
Not supported Tree type
# Delete
## 0.001
median: (173, 0)-> min: (672, 0)-> max: (1, 6.66667e-07)-> tot: 4.6e-05-> avg: 6.66667e-10
Not supported Tree type
in-dis-skewed knn time: 0.006547 0 0 0 0 0 0.014654 0 0 0 0 0 0.00895833 0 0 0 0 0 
out-dis-skewed knn time: 0.00664133 0 0 0 0 0 0.0156327 0 0 0 0 0 0.00915 0 0 0 0 0 
in-dis-uniform knn time: 0.00648133 0 0 0 0 0 0.0145423 0 0 0 0 0 0.009175 0 0 0 0 0 
out-dis-uniform knn time: 0.006613 0 0 0 0 0 0.0144517 0 0 0 0 0 0.00912933 0 0 0 0 0 
range count time: 5.53333e-05 0 0 0 0 0 5.33333e-05 0 0 0 0 0 5.9e-05 0 0 0 0 0 
range query time: 4.5e-05 0 0 0 0 0 4.53333e-05 0 0 0 0 0 4.26667e-05 0 0 0 0 0 
Not supported Tree type
Not supported Tree type
Not supported Tree type
Not supported Tree type
# Delete
## 0.0001
median: (1671, 0)-> min: (6670, 0)-> max: (361, 2.33333e-06)-> tot: 0.000433333-> avg: 6.66667e-10
Not supported Tree type
in-dis-skewed knn time: 0.006658 0 0 0 0 0 0.0145333 0 0 0 0 0 0.009103 0 0 0 0 0 
out-dis-skewed knn time: 0.006929 0 0 0 0 0 0.0150393 0 0 0 0 0 0.00899833 0 0 0 0 0 
in-dis-uniform knn time: 0.006635 0 0 0 0 0 0.0146903 0 0 0 0 0 0.00917933 0 0 0 0 0 
out-dis-uniform knn time: 0.00712367 0 0 0 0 0 0.0148967 0 0 0 0 0 0.00907433 0 0 0 0 0 
range count time: 5.06667e-05 0 0 0 0 0 5.33333e-05 0 0 0 0 0 5.53333e-05 0 0 0 0 0 
range query time: 4.4e-05 0 0 0 0 0 4.4e-05 0 0 0 0 0 4.33333e-05 0 0 0 0 0 

Tree: CPAM; AugType: HasBox; Split: HilbertCurve; BDO: 6; Inba: 30; Coord: integer; 
2.in 
# Insert
## 1
median: (1, 11.7195)-> min: (1, 11.7195)-> max: (1, 11.7195)-> tot: 11.7195-> avg: 11.7195
in-dis-skewed knn time: 1.43631 4.92512 61.9913 0 61.9913 58.0662 2.51943 9.96535 73.4343 0 73.4343 64.4689 5.90791 25.3624 97.6118 0 97.6118 73.2493 
out-dis-skewed knn time: 1.44386 5.12152 62.5362 0 62.5362 58.4146 2.50159 10.0093 73.5392 0 73.5392 64.5299 5.86513 25.3728 97.6456 0 97.6456 73.2728 
in-dis-uniform knn time: 1.39043 4.92444 61.9854 0 61.9854 58.0609 2.48288 9.96379 73.4234 0 73.4234 64.4596 5.84539 25.3582 97.5966 0 97.5966 73.2385 
out-dis-uniform knn time: 1.43846 5.11925 62.5105 0 62.5105 58.3912 2.49284 10.0041 73.5084 0 73.5084 64.5043 5.8356 25.3538 97.5918 0 97.5918 73.238 
range count time: 0.000574 0 0 0 0 0 0.005147 0 0 0 0 0 0.215124 0 0 0 0 0 
range query time: 0.000672667 0 0 0 0 0 0.0107247 0 0 0 0 0 1.38707 0 0 0 0 0 
Not supported Tree type
Not supported Tree type
Not supported Tree type
Not supported Tree type
# Delete
## 0.1
median: (5, 0)-> min: (0, 0)-> max: (9, 0)-> tot: 2e-06-> avg: 0
Not supported Tree type
in-dis-skewed knn time: 0.00666933 0 0 0 0 0 0.014463 0 0 0 0 0 0.00908167 0 0 0 0 0 
out-dis-skewed knn time: 0.00706867 0 0 0 0 0 0.0144207 0 0 0 0 0 0.00897133 0 0 0 0 0 
in-dis-uniform knn time: 0.00666333 0 0 0 0 0 0.01433 0 0 0 0 0 0.00909533 0 0 0 0 0 
out-dis-uniform knn time: 0.006598 0 0 0 0 0 0.015364 0 0 0 0 0 0.00916033 0 0 0 0 0 
range count time: 5.53333e-05 0 0 0 0 0 5.63333e-05 0 0 0 0 0 5.7e-05 0 0 0 0 0 
range query time: 4.26667e-05 0 0 0 0 0 4.43333e-05 0 0 0 0 0 5.03333e-05 0 0 0 0 0 
Not supported Tree type
Not supported Tree type
Not supported Tree type
Not supported Tree type
# Delete
## 0.01
median: (13, 0)-> min: (62, 0)-> max: (1, 3.33333e-07)-> tot: 7e-06-> avg: 3.33333e-09
Not supported Tree type
in-dis-skewed knn time: 0.00656267 0 0 0 0 0 0.0152357 0 0 0 0 0 0.00901533 0 0 0 0 0 
out-dis-skewed knn time: 0.00644 0 0 0 0 0 0.014975 0 0 0 0 0 0.009111 0 0 0 0 0 
in-dis-uniform knn time: 0.00648067 0 0 0 0 0 0.015367 0 0 0 0 0 0.00968233 0 0 0 0 0 
out-dis-uniform knn time: 0.006613 0 0 0 0 0 0.014263 0 0 0 0 0 0.009538 0 0 0 0 0 
range count time: 9.5e-05 0 0 0 0 0 5.43333e-05 0 0 0 0 0 5.93333e-05 0 0 0 0 0 
range query time: 4.33333e-05 0 0 0 0 0 4.46667e-05 0 0 0 0 0 8.73333e-05 0 0 0 0 0 
Not supported Tree type
Not supported Tree type
Not supported Tree type
Not supported Tree type
# Delete
## 0.001
median: (172, 0)-> min: (672, 0)-> max: (343, 0)-> tot: 4.76667e-05-> avg: 0
Not supported Tree type
in-dis-skewed knn time: 0.00664067 0 0 0 0 0 0.0152493 0 0 0 0 0 0.009138 0 0 0 0 0 
out-dis-skewed knn time: 0.00692033 0 0 0 0 0 0.014345 0 0 0 0 0 0.00920967 0 0 0 0 0 
in-dis-uniform knn time: 0.00659967 0 0 0 0 0 0.0144237 0 0 0 0 0 0.009044 0 0 0 0 0 
out-dis-uniform knn time: 0.00655533 0 0 0 0 0 0.0152753 0 0 0 0 0 0.00908633 0 0 0 0 0 
range count time: 5.2e-05 0 0 0 0 0 5.36667e-05 0 0 0 0 0 5.33333e-05 0 0 0 0 0 
range query time: 4.56667e-05 0 0 0 0 0 4.3e-05 0 0 0 0 0 4.4e-05 0 0 0 0 0 
Not supported Tree type
Not supported Tree type
Not supported Tree type
Not supported Tree type
# Delete
## 0.0001
median: (1670, 0)-> min: (6669, 0)-> max: (9747, 2.66667e-06)-> tot: 0.000493-> avg: 5e-10
Not supported Tree type
in-dis-skewed knn time: 0.006676 0 0 0 0 0 0.0147243 0 0 0 0 0 0.00897067 0 0 0 0 0 
out-dis-skewed knn time: 0.0066 0 0 0 0 0 0.015648 0 0 0 0 0 0.00910267 0 0 0 0 0 
in-dis-uniform knn time: 0.006559 0 0 0 0 0 0.0143057 0 0 0 0 0 0.00905833 0 0 0 0 0 
out-dis-uniform knn time: 0.006514 0 0 0 0 0 0.014934 0 0 0 0 0 0.00913667 0 0 0 0 0 
range count time: 5.66667e-05 0 0 0 0 0 5.23333e-05 0 0 0 0 0 5.9e-05 0 0 0 0 0 
range query time: 4.4e-05 0 0 0 0 0 4.4e-05 0 0 0 0 0 4.46667e-05 0 0 0 0 0 

