Tree: PTree; AugType: HasBox; Split: HilbertCurve; BDO: 6; Inba: 30; Coord: integer; 
1.in 
# Insert
## 1
median: (1, 3.38107)-> min: (1, 3.38107)-> max: (1, 3.38107)-> tot: 3.38107-> avg: 3.38107
in-dis-skewed knn time: 1.38362 45.8471 356.36 0 356.36 311.513 7.23241 163.828 797.12 0 797.12 634.292 31.0689 382.826 1132.06 0 1132.06 750.236 
out-dis-skewed knn time: 0.804073 22.1673 237.846 0 237.846 216.678 1.35938 40.333 271.674 0 271.674 232.341 6.14879 82.5275 327.869 0 327.869 246.341 
in-dis-uniform knn time: 6.47298 40.9758 323.67 0 323.67 283.694 14.0534 103.287 506.974 0 506.974 404.687 32.5767 234.471 701.685 0 701.685 468.214 
out-dis-uniform knn time: 1.14551 26.3597 238.315 0 238.315 212.955 2.60183 55.2346 313.971 0 313.971 259.737 9.3372 114.887 397.107 0 397.107 283.221 
range count time: 0.00105333 5.44332 67.3607 0 0 62.9174 0.00658367 39.2626 158.12 0 0.62798 119.23 0.535174 601.397 1275.57 0 129.811 545.366 
range query time: 0.00139 5.44332 67.3607 0 0 62.9174 0.01286 39.2626 158.12 0 0.62798 119.23 1.66936 601.397 1275.57 0 129.811 545.366 
# Insert
## 0.1
median: (6, 0.311629)-> min: (2, 0.29988)-> max: (9, 0.319105)-> tot: 3.10116-> avg: 0.310115
in-dis-skewed knn time: 1.58589 54.064 439.923 0 439.923 386.859 12.8315 295.03 1496.81 0 1496.81 1202.78 55.3915 728.053 2175.96 0 2175.96 1448.91 
out-dis-skewed knn time: 0.651274 11.1149 218.457 0 218.457 208.343 1.42539 38.1391 316.648 0 316.648 279.509 6.57504 81.3228 371.121 0 371.121 290.798 
in-dis-uniform knn time: 6.18005 37.385 302.429 0 302.429 266.044 14.3613 113.495 560.92 0 560.92 448.426 34.8484 271.651 793.772 0 793.772 523.121 
out-dis-uniform knn time: 1.06498 21.3037 218.095 0 218.095 197.791 2.66239 51.9984 328.134 0 328.134 277.135 9.85665 114.146 419.036 0 419.036 305.89 
range count time: 0.001104 5.42268 72.8177 0 0 68.395 0.006771 37.9646 162.68 0 0.55744 125.158 0.548059 628.969 1336.63 0 138.966 569.694 
range query time: 0.001404 5.42268 72.8177 0 0 68.395 0.0128967 37.9646 162.68 0 0.55744 125.158 1.6981 628.969 1336.63 0 138.966 569.694 
# Insert
## 0.01
median: (70, 0.0330707)-> min: (25, 0.031624)-> max: (48, 0.036207)-> tot: 3.31826-> avg: 0.0331821
in-dis-skewed knn time: 1.63919 47.3945 408.44 0 408.44 362.046 9.20357 183.369 1044.34 0 1044.34 861.967 37.3031 450.866 1463.19 0 1463.19 1013.33 
out-dis-skewed knn time: 0.83846 23.6703 257.605 0 257.605 234.934 1.67519 52.8994 323.82 0 323.82 271.92 7.71149 112.251 408.895 0 408.895 297.644 
in-dis-uniform knn time: 6.18285 38.6029 327.786 0 327.786 290.183 13.9209 108.175 559.771 0 559.771 452.596 34.5669 261.708 791.845 0 791.845 531.137 
out-dis-uniform knn time: 1.2526 25.4517 244.944 0 244.944 220.492 3.0462 62.7879 355.158 0 355.158 293.37 11.5039 147.429 479.416 0 479.416 332.987 
range count time: 0.001012 5.47754 69.3573 0 0 64.8798 0.007209 43.7302 171.587 0 0.88756 127.969 0.567714 614.736 1320.12 0 136.373 570.014 
range query time: 0.00103067 5.47754 69.3573 0 0 64.8798 0.0130423 43.7302 171.587 0 0.88756 127.969 1.73946 614.736 1320.12 0 136.373 570.014 
# Insert
## 0.001
median: (451, 0.00449733)-> min: (42, 0.00414133)-> max: (343, 0.00801667)-> tot: 4.57103-> avg: 0.00457053
in-dis-skewed knn time: 1.65193 50.6487 399.059 0 399.059 349.41 9.15773 181.486 956.191 0 956.191 775.705 36.8408 467.22 1464.43 0 1464.43 998.209 
out-dis-skewed knn time: 0.930466 22.8395 284.611 0 284.611 262.771 1.35385 36.6964 313.238 0 313.238 277.542 5.03624 74.6414 378.046 0 378.046 304.405 
in-dis-uniform knn time: 6.27683 37.3039 319.482 0 319.482 283.178 13.6312 101.837 529.754 0 529.754 428.917 33.497 250.543 765.182 0 765.182 515.639 
out-dis-uniform knn time: 1.52725 28.5714 268.691 0 268.691 241.119 3.25603 59.9649 360.498 0 360.498 301.533 11.4553 145.048 484.466 0 484.466 340.418 
range count time: 0.00113633 5.44456 67.3734 0 0 62.9288 0.00774967 39.3392 163.1 0 0.64376 124.117 0.552608 617.869 1342.35 0 139.473 586.008 
range query time: 0.00151033 5.44456 67.3734 0 0 62.9288 0.0128197 39.3392 163.1 0 0.64376 124.117 1.79099 617.869 1342.35 0 139.473 586.008 
# Insert
## 0.0001
median: (4091, 0.000933)-> min: (319, 0.000793333)-> max: (8317, 0.00510833)-> tot: 9.52654-> avg: 0.000952155
in-dis-skewed knn time: 1.46216 40.7842 359.557 0 359.557 319.773 9.79535 182.152 986.995 0 986.995 805.843 42.118 498.15 1469.27 0 1469.27 972.124 
out-dis-skewed knn time: 0.844526 22.1927 254.901 0 254.901 233.708 1.51283 40.3847 318.33 0 318.33 278.946 6.26044 90.2688 393.656 0 393.656 304.388 
in-dis-uniform knn time: 6.50715 39.4697 340.473 0 340.473 302.003 14.449 113.043 580.285 0 580.285 468.242 36.202 278.1 825.944 0 825.944 548.844 
out-dis-uniform knn time: 1.48695 26.9993 252.889 0 252.889 226.89 3.2834 59.0591 360.646 0 360.646 302.587 12.0219 145.025 484.941 0 484.941 340.916 
range count time: 0.00110167 5.18594 68.0283 0 0 63.8424 0.007764 40.4815 169.094 0 0.73322 128.88 0.559002 621.149 1363.83 0 142.715 600.971 
range query time: 0.00113967 5.18594 68.0283 0 0 63.8424 0.012787 40.4815 169.094 0 0.73322 128.88 1.80662 621.149 1363.83 0 142.715 600.971 

Tree: PTree; AugType: HasBox; Split: HilbertCurve; BDO: 6; Inba: 30; Coord: integer; 
2_sort_by_0.in 
# Insert
## 1
median: (1, 3.922)-> min: (1, 3.922)-> max: (1, 3.922)-> tot: 3.922-> avg: 3.922
in-dis-skewed knn time: 1.76696 11.7752 91.167 0 91.167 80.3919 3.81486 25.4654 119.738 0 119.738 95.2727 9.8083 61.9117 180.035 0 180.035 119.123 
out-dis-skewed knn time: 0.459905 6.78633 71.7014 0 71.7014 65.915 1.03339 14.1504 100.593 0 100.593 87.4431 7.68201 61.3841 206.36 0 206.36 145.976 
in-dis-uniform knn time: 3.52581 13.7114 106.333 0 106.333 93.6214 6.85604 29.7248 143.841 0 143.841 115.116 15.7964 73.6867 223.118 0 223.118 150.432 
out-dis-uniform knn time: 0.503335 6.84379 70.4062 0 70.4062 64.5625 1.30745 14.8983 97.6544 0 97.6544 83.7561 8.52586 61.7751 193.847 0 193.847 133.072 
range count time: 0.000729 3.43098 34.3885 0 0 31.9575 0.0585553 167.032 406.663 0 0.08862 240.542 1.13578 1210.24 2135.26 0 116.74 809.28 
range query time: 0.000752667 3.43098 34.3885 0 0 31.9575 0.0654477 167.032 406.663 0 0.08862 240.542 2.02312 1210.24 2135.26 0 116.74 809.28 
# Insert
## 0.1
median: (6, 0.375149)-> min: (1, 0.368808)-> max: (9, 0.377907)-> tot: 3.74544-> avg: 0.374543
in-dis-skewed knn time: 1.55898 10.9736 84.6847 0 84.6847 74.7112 3.52106 25.3533 115.157 0 115.157 90.8035 9.4881 64.2115 177.831 0 177.831 114.619 
out-dis-skewed knn time: 0.457816 6.45404 68.838 0 68.838 63.3839 0.998001 13.3484 96.5408 0 96.5408 84.1924 7.35576 58.1098 199.37 0 199.37 142.26 
in-dis-uniform knn time: 3.18803 12.8751 101.906 0 101.906 90.0309 6.3731 29.1627 140.892 0 140.892 112.729 15.1018 74.179 221.404 0 221.404 148.225 
out-dis-uniform knn time: 0.487656 6.42506 67.3015 0 67.3015 61.8765 1.21135 13.9058 93.4052 0 93.4052 80.4994 8.18204 58.7674 187.592 0 187.592 129.825 
range count time: 0.000737 3.65818 36.219 0 0 33.5609 0.062494 181.104 434.738 0 0.13166 254.502 1.17353 1285.2 2266.99 0 131.858 850.932 
range query time: 0.000749 3.65818 36.219 0 0 33.5609 0.0716537 181.104 434.738 0 0.13166 254.502 2.07765 1285.2 2266.99 0 131.858 850.932 
# Insert
## 0.01
median: (88, 0.0397183)-> min: (18, 0.0383637)-> max: (79, 0.045086)-> tot: 4.00352-> avg: 0.0400347
in-dis-skewed knn time: 1.83353 11.1231 89.5599 0 89.5599 79.4368 4.04681 26.3955 130.311 0 130.311 104.916 10.5191 65.3493 196.88 0 196.88 132.53 
out-dis-skewed knn time: 0.510656 6.36723 70.0505 0 70.0505 64.6833 1.08384 13.2627 98.0123 0 98.0123 85.7496 7.31031 58.3766 201.408 0 201.408 144.031 
in-dis-uniform knn time: 3.29822 13.3671 108.453 0 108.453 96.0864 6.56734 30.5921 151.357 0 151.357 121.765 15.512 77.8496 237.292 0 237.292 160.442 
out-dis-uniform knn time: 0.53378 6.31793 68.162 0 68.162 62.8441 1.2424 13.6506 93.9345 0 93.9345 81.2839 8.04737 58.4668 187.3 0 187.3 129.834 
range count time: 0.000797667 3.5068 38.3916 0 0 35.8848 0.0597567 171.694 419.572 0 0.10086 248.777 1.15462 1251.26 2209.31 0 125.196 833.854 
range query time: 0.000769 3.5068 38.3916 0 0 35.8848 0.065999 171.694 419.572 0 0.10086 248.777 2.15972 1251.26 2209.31 0 125.196 833.854 
# Insert
## 0.001
median: (390, 0.00577733)-> min: (426, 0.00501933)-> max: (744, 0.00827667)-> tot: 5.81909-> avg: 0.00581859
in-dis-skewed knn time: 2.06806 14.274 121.17 0 121.17 107.896 5.3293 44.2093 218.772 0 218.772 175.563 16.1376 128.99 374.731 0 374.731 246.741 
out-dis-skewed knn time: 0.790636 9.55514 108.122 0 108.122 99.5671 1.68977 21.8259 152.231 0 152.231 131.405 8.99349 82.8515 290.817 0 290.817 208.966 
in-dis-uniform knn time: 4.29149 18.1225 159.827 0 159.827 142.704 10.0467 52.1698 269.454 0 269.454 218.284 27.2336 158.547 472.737 0 472.737 315.19 
out-dis-uniform knn time: 0.869646 9.96698 109.348 0 109.348 100.381 2.00001 23.2358 152.969 0 152.969 130.733 10.5363 85.5902 283.216 0 283.216 198.626 
range count time: 0.000919333 3.6795 46.9974 0 0 44.3179 0.061475 173.382 453.679 0 0.09836 281.199 1.17772 1257.33 2308.88 0 128.3 924.252 
range query time: 0.000908667 3.6795 46.9974 0 0 44.3179 0.068141 173.382 453.679 0 0.09836 281.199 2.19501 1257.33 2308.88 0 128.3 924.252 
# Insert
## 0.0001
median: (9616, 0.00127167)-> min: (3933, 0.000931333)-> max: (6464, 0.00597467)-> tot: 12.8909-> avg: 0.0012886
in-dis-skewed knn time: 1.90695 12.9162 106.551 0 106.551 94.6346 4.64616 36.1017 174.636 0 174.636 139.535 13.4549 104.751 299.055 0 299.055 195.304 
out-dis-skewed knn time: 0.75293 8.80025 102.851 0 102.851 95.0509 1.56475 19.1796 142.732 0 142.732 124.553 8.67819 76.9544 277.065 0 277.065 201.111 
in-dis-uniform knn time: 3.84575 16.1051 140.267 0 140.267 125.162 8.43254 41.6368 212.486 0 212.486 171.849 21.8315 123.079 368.431 0 368.431 246.352 
out-dis-uniform knn time: 0.807936 9.01888 102.102 0 102.102 94.0832 1.82405 20.438 140.692 0 140.692 121.254 9.92829 78.5501 264.714 0 264.714 187.164 
range count time: 0.000838333 3.471 42.4053 0 0 39.9343 0.0596623 174.896 446.567 0 0.10758 272.563 1.15279 1271.31 2302.06 0 131.425 900.326 
range query time: 0.000874 3.471 42.4053 0 0 39.9343 0.0700283 174.896 446.567 0 0.10758 272.563 2.18329 1271.31 2302.06 0 131.425 900.326 

Tree: PTree; AugType: HasBox; Split: HilbertCurve; BDO: 6; Inba: 30; Coord: integer; 
2.in 
# Insert
## 1
median: (1, 4.06661)-> min: (1, 4.06661)-> max: (1, 4.06661)-> tot: 4.06661-> avg: 4.06661
in-dis-skewed knn time: 3.6586 14.0964 116.038 0 116.038 102.942 7.3174 31.6138 159.153 0 159.153 128.539 17.1958 80.5239 247.846 0 247.846 168.322 
out-dis-skewed knn time: 3.81764 14.99 119.532 0 119.532 105.541 7.25423 31.7614 159.592 0 159.592 128.831 17.0727 80.5925 248.037 0 248.037 168.444 
in-dis-uniform knn time: 3.60482 14.0957 116.021 0 116.021 102.925 7.21423 31.6214 159.172 0 159.172 128.55 17.0236 80.5367 247.869 0 247.869 168.332 
out-dis-uniform knn time: 3.81498 14.987 119.504 0 119.504 105.517 7.23543 31.7556 159.549 0 159.549 128.793 17.0134 80.5742 247.967 0 247.967 168.393 
range count time: 0.000864 4.08886 38.4715 0 0 35.3826 0.0516157 159.971 397.51 0 0.08308 238.456 0.967976 1065.39 1922.5 0 125.852 732.263 
range query time: 0.000925667 4.08886 38.4715 0 0 35.3826 0.0546667 159.971 397.51 0 0.08308 238.456 1.92442 1065.39 1922.5 0 125.852 732.263 
# Insert
## 0.1
median: (9, 0.475172)-> min: (0, 0.377659)-> max: (6, 0.537802)-> tot: 4.70379-> avg: 0.470378
in-dis-skewed knn time: 3.56992 14.133 116.09 0 116.09 102.958 7.05627 31.7918 159.566 0 159.566 128.774 16.6784 81.0933 248.908 0 248.908 168.815 
out-dis-skewed knn time: 3.77722 15.0339 119.595 0 119.595 105.561 7.08062 31.9267 159.994 0 159.994 129.067 16.6925 81.1277 249.093 0 249.093 168.965 
in-dis-uniform knn time: 3.57541 14.1296 116.05 0 116.05 102.92 7.05473 31.7785 159.548 0 159.548 128.77 16.6913 81.0606 248.89 0 248.89 168.829 
out-dis-uniform knn time: 3.78496 15.0241 119.547 0 119.547 105.523 7.08913 31.9148 159.935 0 159.935 129.02 16.708 81.0996 248.99 0 248.99 168.891 
range count time: 0.000951667 4.09516 38.7127 0 0 35.6175 0.053279 161.222 399.51 0 0.08422 239.203 0.994698 1075.01 1941.68 0 128.441 739.229 
range query time: 0.00128067 4.09516 38.7127 0 0 35.6175 0.0597903 161.222 399.51 0 0.08422 239.203 2.05688 1075.01 1941.68 0 128.441 739.229 
# Insert
## 0.01
median: (50, 0.070489)-> min: (0, 0.0385207)-> max: (99, 0.0882947)-> tot: 7.03024-> avg: 0.0703019
in-dis-skewed knn time: 3.5622 14.1096 116.751 0 116.751 103.642 7.02748 31.8867 160.435 0 160.435 129.548 16.5931 81.8673 250.91 0 250.91 170.043 
out-dis-skewed knn time: 3.7715 15.04 120.293 0 120.293 106.253 7.04813 32.0169 160.796 0 160.796 129.779 16.6056 81.8707 250.982 0 250.982 170.112 
in-dis-uniform knn time: 3.57291 14.1363 116.738 0 116.738 103.602 7.02656 31.8754 160.382 0 160.382 129.507 16.6203 81.815 250.821 0 250.821 170.006 
out-dis-uniform knn time: 3.78335 15.0382 120.273 0 120.273 106.235 7.06128 32.0168 160.782 0 160.782 129.765 16.6282 81.8619 250.949 0 250.949 170.087 
range count time: 0.000985667 4.11636 39.4357 0 0 36.3193 0.0544297 163.572 404.752 0 0.09096 242.089 0.995909 1092.37 1975.41 0 132.486 751.553 
range query time: 0.000939667 4.11636 39.4357 0 0 36.3193 0.0613743 163.572 404.752 0 0.09096 242.089 2.06429 1092.37 1975.41 0 132.486 751.553 
# Insert
## 0.001
median: (514, 0.01547)-> min: (3, 0.005408)-> max: (922, 0.0255753)-> tot: 14.6626-> avg: 0.0146621
in-dis-skewed knn time: 3.55587 14.1329 117.049 0 117.049 103.916 7.04599 32.1413 161.785 0 161.785 130.644 16.6865 82.7994 253.572 0 253.572 171.772 
out-dis-skewed knn time: 3.76872 15.0721 120.606 0 120.606 106.534 7.07133 32.279 162.154 0 162.154 130.875 16.6981 82.8168 253.64 0 253.64 171.823 
in-dis-uniform knn time: 3.56733 14.1655 117.04 0 117.04 103.875 7.04891 32.1353 161.722 0 161.722 130.587 16.6977 82.7537 253.461 0 253.461 171.708 
out-dis-uniform knn time: 3.77872 15.0695 120.595 0 120.595 106.526 7.0822 32.276 162.138 0 162.138 130.862 16.7224 82.8107 253.609 0 253.609 171.799 
range count time: 0.000899 4.08 38.5099 0 0 35.4299 0.0525693 164.366 407.524 0 0.09262 244.066 0.99522 1098.7 1987.55 0 133.823 756.03 
range query time: 0.000992667 4.08 38.5099 0 0 35.4299 0.0584633 164.366 407.524 0 0.09262 244.066 2.0661 1098.7 1987.55 0 133.823 756.03 
# Insert
## 0.0001
median: (5318, 0.00299033)-> min: (2, 0.0009)-> max: (7908, 0.00764233)-> tot: 28.9889-> avg: 0.00289839
in-dis-skewed knn time: 3.54687 14.1058 117.313 0 117.313 104.208 6.99471 31.8494 160.63 0 160.63 129.781 16.5311 81.9564 251.43 0 251.43 170.474 
out-dis-skewed knn time: 3.75881 15.0448 120.862 0 120.862 106.817 7.01852 31.9869 160.993 0 160.993 130.006 16.5408 81.972 251.5 0 251.5 170.528 
in-dis-uniform knn time: 3.5599 14.1378 117.303 0 117.303 104.165 6.99375 31.8429 160.57 0 160.57 129.727 16.5426 81.9174 251.334 0 251.334 170.416 
out-dis-uniform knn time: 3.76957 15.0409 120.83 0 120.83 106.789 7.02473 31.9802 160.95 0 160.95 129.969 16.5625 81.9537 251.425 0 251.425 170.472 
range count time: 0.000972 4.13532 40.1312 0 0 36.9959 0.0525737 164.701 409.585 0 0.09272 245.792 0.992869 1099.82 1990.55 0 134.062 757.669 
range query time: 0.000993333 4.13532 40.1312 0 0 36.9959 0.0583757 164.701 409.585 0 0.09272 245.792 2.06686 1099.82 1990.55 0 134.062 757.669 

