Tree: CPAM; AugType: HasBox; Split: HilbertCurve; BDO: 6; Inba: 30; Coord: integer; 
1.in 
# Insert
## 1
median: (1, 11.1574)-> min: (1, 11.1574)-> max: (1, 11.1574)-> tot: 11.1574-> avg: 11.1574
in-dis-skewed knn time: 1.82798 45.8471 356.36 0 356.36 311.513 9.00968 163.828 797.12 0 797.12 634.292 35.0288 382.826 1132.06 0 1132.06 750.236 
out-dis-skewed knn time: 1.32493 22.1673 237.846 0 237.846 216.678 1.99323 40.333 271.674 0 271.674 232.341 6.84434 82.5275 327.869 0 327.869 246.341 
in-dis-uniform knn time: 7.97786 40.9758 323.67 0 323.67 283.694 17.1981 103.287 506.974 0 506.974 404.687 38.8087 234.471 701.685 0 701.685 468.214 
out-dis-uniform knn time: 1.498 26.3597 238.315 0 238.315 212.955 3.19035 55.2346 313.971 0 313.971 259.737 10.5351 114.887 397.107 0 397.107 283.221 
range count time: 0.001156 0 0 0 0 0 0.00776033 0 0 0 0 0 0.675098 0 0 0 0 0 
range query time: 0.001577 0 0 0 0 0 0.0134263 0 0 0 0 0 1.95427 0 0 0 0 0 
# Delete
## 0.1
median: (6, 1.71664)-> min: (8, 1.62846)-> max: (7, 1.88144)-> tot: 17.4151-> avg: 1.74151
in-dis-skewed knn time: 1.83473 44.6892 355.769 0 355.769 312.08 9.84291 172.552 887.585 0 887.585 716.033 36.0334 405.109 1249.93 0 1249.93 845.823 
out-dis-skewed knn time: 1.12982 24.7518 259.698 0 259.698 235.946 1.92408 45.8772 299.393 0 299.393 254.515 7.33815 94.969 363.787 0 363.787 269.818 
in-dis-uniform knn time: 7.99533 35.2587 285.982 0 285.982 251.724 17.6394 97.4277 484.525 0 484.525 388.097 39.5039 221.604 667.417 0 667.417 446.813 
out-dis-uniform knn time: 1.63327 27.5377 245.691 0 245.691 219.153 3.47839 58.3451 332.025 0 332.025 274.679 11.6759 123.792 426.5 0 426.5 303.708 
range count time: 0.00112233 0 0 0 0 0 0.007793 0 0 0 0 0 0.695322 0 0 0 0 0 
range query time: 0.00115533 0 0 0 0 0 0.0141197 0 0 0 0 0 1.9668 0 0 0 0 0 
# Delete
## 0.01
median: (71, 0.124817)-> min: (74, 0.111469)-> max: (1, 0.148097)-> tot: 12.6165-> avg: 0.126164
in-dis-skewed knn time: 1.84824 44.6895 353.841 0 353.841 310.152 10.287 172.552 885.659 0 885.659 714.108 37.3162 405.109 1248.01 0 1248.01 843.904 
out-dis-skewed knn time: 1.15402 24.7524 258.128 0 258.128 234.376 1.91688 45.8777 297.823 0 297.823 252.946 7.39748 94.9692 362.204 0 362.204 268.235 
in-dis-uniform knn time: 7.643 35.298 285.614 0 285.614 251.316 17.1882 97.4749 484.074 0 484.074 387.599 40.2333 221.669 666.991 0 666.991 446.322 
out-dis-uniform knn time: 1.72351 27.8635 246.266 0 246.266 219.403 3.67947 58.6976 332.205 0 332.205 274.508 11.9686 124.219 426.437 0 426.437 303.218 
range count time: 0.001124 0 0 0 0 0 0.00852167 0 0 0 0 0 0.715959 0 0 0 0 0 
range query time: 0.00208233 0 0 0 0 0 0.0148607 0 0 0 0 0 2.0101 0 0 0 0 0 
# Delete
## 0.001
median: (546, 0.00974833)-> min: (132, 0.00910433)-> max: (524, 0.015016)-> tot: 9.86953-> avg: 0.00986902
in-dis-skewed knn time: 1.94611 44.6936 353.902 0 353.902 310.208 10.9038 172.559 886.266 0 886.266 714.708 38.2961 405.13 1248.65 0 1248.65 844.522 
out-dis-skewed knn time: 1.16147 24.7518 257.229 0 257.229 233.477 1.95375 45.8533 296.772 0 296.772 251.919 7.43139 94.9164 361.14 0 361.14 267.223 
in-dis-uniform knn time: 7.43337 35.2863 285.324 0 285.324 251.038 16.7041 97.4144 483.737 0 483.737 387.322 40.1152 221.623 666.665 0 666.665 446.042 
out-dis-uniform knn time: 1.81321 27.7976 245.882 0 245.882 219.084 3.83592 58.5476 331.775 0 331.775 274.227 12.2327 123.915 425.869 0 425.869 302.955 
range count time: 0.00120467 0 0 0 0 0 0.00857367 0 0 0 0 0 0.712164 0 0 0 0 0 
range query time: 0.00120867 0 0 0 0 0 0.0157277 0 0 0 0 0 2.05147 0 0 0 0 0 
# Delete
## 0.0001
median: (1858, 0.00193667)-> min: (69, 0.001686)-> max: (4027, 0.00660067)-> tot: 19.7681-> avg: 0.00197631
in-dis-skewed knn time: 1.95672 44.6895 352.83 0 352.83 309.141 10.8327 169.875 886.193 0 886.193 717.317 38.1615 404.081 1247.94 0 1247.94 844.855 
out-dis-skewed knn time: 1.15021 24.389 249.761 0 249.761 226.372 1.91067 45.2758 288.945 0 288.945 244.669 7.42058 94.3681 353.462 0 353.462 260.094 
in-dis-uniform knn time: 7.53606 36.5789 297.055 0 297.055 261.476 16.8651 100.975 505.128 0 505.128 405.153 40.7875 231.398 697.443 0 697.443 467.046 
out-dis-uniform knn time: 1.82565 27.7988 242.444 0 242.444 215.645 3.83172 58.288 327.608 0 327.608 270.32 12.282 123.968 422.036 0 422.036 299.068 
range count time: 0.00106967 0 0 0 0 0 0.00849 0 0 0 0 0 0.707173 0 0 0 0 0 
range query time: 0.001128 0 0 0 0 0 0.0151977 0 0 0 0 0 2.0635 0 0 0 0 0 

Tree: CPAM; AugType: HasBox; Split: HilbertCurve; BDO: 6; Inba: 30; Coord: integer; 
2_sort_by_0.in 
# Insert
## 1
median: (1, 11.4701)-> min: (1, 11.4701)-> max: (1, 11.4701)-> tot: 11.4701-> avg: 11.4701
in-dis-skewed knn time: 2.2575 11.7752 91.167 0 91.167 80.3919 4.76358 25.4654 119.738 0 119.738 95.2727 11.8321 61.9117 180.035 0 180.035 119.123 
out-dis-skewed knn time: 0.606544 6.78633 71.7014 0 71.7014 65.915 1.38256 14.1504 100.593 0 100.593 87.4431 9.62424 61.3841 206.36 0 206.36 145.976 
in-dis-uniform knn time: 4.29201 13.7114 106.333 0 106.333 93.6214 8.24455 29.7248 143.841 0 143.841 115.116 18.6 73.6867 223.118 0 223.118 150.432 
out-dis-uniform knn time: 0.679119 6.84379 70.4062 0 70.4062 64.5625 1.74336 14.8983 97.6544 0 97.6544 83.7561 10.5848 61.7751 193.847 0 193.847 133.072 
range count time: 0.00117567 0 0 0 0 0 0.0782813 0 0 0 0 0 1.36481 0 0 0 0 0 
range query time: 0.00119633 0 0 0 0 0 0.085525 0 0 0 0 0 2.3331 0 0 0 0 0 
# Delete
## 0.1
median: (3, 1.70783)-> min: (2, 1.56821)-> max: (9, 1.87301)-> tot: 17.1721-> avg: 1.71721
in-dis-skewed knn time: 2.38388 12.8565 100.73 0 100.73 88.8735 5.18879 28.3113 132.803 0 132.803 105.491 13.1952 69.2844 202.016 0 202.016 133.731 
out-dis-skewed knn time: 0.701172 7.06366 81.0024 0 81.0024 74.9387 1.62703 15.3476 115.565 0 115.565 101.217 11.0703 65.8032 230.391 0 230.391 165.588 
in-dis-uniform knn time: 4.99356 16.2747 127.28 0 127.28 112.006 10.0478 36.0352 174.125 0 174.125 139.09 23.2807 89.8816 272.239 0 272.239 183.357 
out-dis-uniform knn time: 0.76713 7.16041 79.1702 0 79.1702 73.0098 1.99012 16.1299 110.665 0 110.665 95.5351 11.9975 65.5074 212.21 0 212.21 147.703 
range count time: 0.00117633 0 0 0 0 0 0.0841547 0 0 0 0 0 1.4329 0 0 0 0 0 
range query time: 0.00121033 0 0 0 0 0 0.0935523 0 0 0 0 0 2.41216 0 0 0 0 0 
# Delete
## 0.01
median: (74, 0.132873)-> min: (95, 0.110589)-> max: (12, 0.148589)-> tot: 13.1081-> avg: 0.131081
in-dis-skewed knn time: 2.31938 12.8565 100.731 0 100.731 88.8742 5.07407 28.3113 132.803 0 132.803 105.492 13.5009 69.2844 202.016 0 202.016 133.732 
out-dis-skewed knn time: 0.742706 7.33675 81.225 0 81.225 74.8883 1.6661 15.861 115.851 0 115.851 100.99 10.965 67.2414 231.784 0 231.784 165.543 
in-dis-uniform knn time: 4.74286 16.3779 127.952 0 127.952 112.574 9.6563 36.1964 174.805 0 174.805 139.608 23.2323 90.273 273.327 0 273.327 184.054 
out-dis-uniform knn time: 0.809397 7.44544 79.5407 0 79.5407 73.0952 2.00378 16.7128 111.447 0 111.447 95.7347 12.0117 66.8935 214.181 0 214.181 148.287 
range count time: 0.001172 0 0 0 0 0 0.0916867 0 0 0 0 0 1.45657 0 0 0 0 0 
range query time: 0.002192 0 0 0 0 0 0.0976693 0 0 0 0 0 2.50122 0 0 0 0 0 
# Delete
## 0.001
median: (393, 0.013844)-> min: (982, 0.0103383)-> max: (591, 0.019345)-> tot: 13.715-> avg: 0.0137145
in-dis-skewed knn time: 2.30665 12.8565 100.731 0 100.731 88.8742 5.05832 28.3113 132.803 0 132.803 105.492 13.3781 69.2844 202.016 0 202.016 133.732 
out-dis-skewed knn time: 0.74317 7.50443 79.602 0 79.602 73.0976 1.67535 16.379 113.313 0 113.313 97.9344 10.863 68.2791 228.602 0 228.602 161.322 
in-dis-uniform knn time: 4.74875 16.4194 128.242 0 128.242 112.823 9.62256 36.2855 175.184 0 175.184 139.898 23.1081 90.4985 273.972 0 273.972 184.473 
out-dis-uniform knn time: 0.817383 7.63232 78.4798 0 78.4798 71.8475 2.02941 17.2964 110.209 0 110.209 93.9128 12.0003 68.0294 213.599 0 213.599 146.57 
range count time: 0.000875 0 0 0 0 0 0.0883903 0 0 0 0 0 1.4584 0 0 0 0 0 
range query time: 0.000888 0 0 0 0 0 0.092407 0 0 0 0 0 2.51454 0 0 0 0 0 
# Delete
## 0.0001
median: (5599, 0.005185)-> min: (9999, 0.00191133)-> max: (5419, 0.0110843)-> tot: 50.253-> avg: 0.00502481
in-dis-skewed knn time: 2.3006 12.8565 100.731 0 100.731 88.8742 5.0405 28.3113 132.803 0 132.803 105.492 13.3786 69.2844 202.016 0 202.016 133.732 
out-dis-skewed knn time: 0.727162 7.34999 77.7149 0 77.7149 71.3649 1.64856 16.0678 110.835 0 110.835 95.7671 10.8584 67.9252 225.061 0 225.061 158.135 
in-dis-uniform knn time: 4.73946 16.4122 128.204 0 128.204 112.791 9.614 36.2711 175.134 0 175.134 139.863 23.1038 90.4632 273.885 0 273.885 184.422 
out-dis-uniform knn time: 0.803624 7.50258 76.8914 0 76.8914 70.3889 2.00979 17.0495 108.227 0 108.227 92.1776 12.0184 67.6906 211.129 0 211.129 144.438 
range count time: 0.001994 0 0 0 0 0 0.0873343 0 0 0 0 0 1.44595 0 0 0 0 0 
range query time: 0.000826667 0 0 0 0 0 0.0973987 0 0 0 0 0 2.50898 0 0 0 0 0 

Tree: CPAM; AugType: HasBox; Split: HilbertCurve; BDO: 6; Inba: 30; Coord: integer; 
2.in 
# Insert
## 1
median: (1, 12.5496)-> min: (1, 12.5496)-> max: (1, 12.5496)-> tot: 12.5496-> avg: 12.5496
in-dis-skewed knn time: 4.46562 14.0964 116.038 0 116.038 102.942 8.81508 31.6138 159.153 0 159.153 128.539 20.3184 80.5239 247.846 0 247.846 168.322 
out-dis-skewed knn time: 4.63541 14.99 119.532 0 119.532 105.541 8.75049 31.7614 159.592 0 159.592 128.831 20.2058 80.5925 248.037 0 248.037 168.444 
in-dis-uniform knn time: 4.37827 14.0957 116.021 0 116.021 102.925 8.70433 31.6214 159.172 0 159.172 128.55 20.1552 80.5367 247.869 0 247.869 168.332 
out-dis-uniform knn time: 4.63659 14.987 119.504 0 119.504 105.517 8.73696 31.7556 159.549 0 159.549 128.793 20.1456 80.5742 247.967 0 247.967 168.393 
range count time: 0.000955333 0 0 0 0 0 0.067698 0 0 0 0 0 1.17245 0 0 0 0 0 
range query time: 0.001321 0 0 0 0 0 0.0747053 0 0 0 0 0 2.23014 0 0 0 0 0 
# Delete
## 0.1
median: (5, 2.13448)-> min: (8, 1.75786)-> max: (1, 2.37124)-> tot: 20.9701-> avg: 2.09701
in-dis-skewed knn time: 4.24853 14.0818 116.007 0 116.007 102.926 8.65233 31.679 159.482 0 159.482 128.803 21.0439 80.8234 248.49 0 248.49 168.666 
out-dis-skewed knn time: 4.46681 14.9758 119.509 0 119.509 105.533 8.66067 31.8265 159.914 0 159.914 129.087 21.0221 80.8959 248.673 0 248.673 168.777 
in-dis-uniform knn time: 4.22696 14.0821 116 0 116 102.918 8.6387 31.6854 159.496 0 159.496 128.81 21.0156 80.8369 248.516 0 248.516 168.679 
out-dis-uniform knn time: 4.48526 14.9741 119.491 0 119.491 105.517 8.67948 31.8276 159.893 0 159.893 129.065 21.0188 80.8938 248.639 0 248.639 168.745 
range count time: 0.001332 0 0 0 0 0 0.0784223 0 0 0 0 0 1.25636 0 0 0 0 0 
range query time: 0.000980333 0 0 0 0 0 0.0873407 0 0 0 0 0 2.39886 0 0 0 0 0 
# Delete
## 0.01
median: (52, 0.451162)-> min: (99, 0.126029)-> max: (1, 0.732425)-> tot: 45.3919-> avg: 0.453918
in-dis-skewed knn time: 4.25533 14.0744 115.89 0 115.89 102.816 8.65374 31.6475 159.284 0 159.284 128.636 21.0106 80.7057 248.119 0 248.119 168.413 
out-dis-skewed knn time: 4.46969 14.9678 119.387 0 119.387 105.42 8.66044 31.7941 159.715 0 159.715 128.921 20.9953 80.7764 248.304 0 248.304 168.528 
in-dis-uniform knn time: 4.23559 14.0742 115.882 0 115.882 102.808 8.6307 31.6523 159.297 0 159.297 128.645 20.9672 80.7168 248.145 0 248.145 168.428 
out-dis-uniform knn time: 4.48365 14.9663 119.369 0 119.369 105.402 8.66931 31.795 159.693 0 159.693 128.898 20.9788 80.7743 248.268 0 248.268 168.493 
range count time: 0.001005 0 0 0 0 0 0.078132 0 0 0 0 0 1.25622 0 0 0 0 0 
range query time: 0.00102433 0 0 0 0 0 0.0856737 0 0 0 0 0 2.38956 0 0 0 0 0 
# Delete
## 0.001
median: (233, 0.132115)-> min: (999, 0.010444)-> max: (360, 0.164499)-> tot: 123.293-> avg: 0.123292
in-dis-skewed knn time: 4.25691 14.0712 115.88 0 115.88 102.809 8.65661 31.6412 159.279 0 159.279 128.638 21.009 80.6928 248.109 0 248.109 168.416 
out-dis-skewed knn time: 4.47245 14.9644 119.377 0 119.377 105.413 8.6603 31.7879 159.711 0 159.711 128.923 20.9786 80.7635 248.294 0 248.294 168.53 
in-dis-uniform knn time: 4.22681 14.071 115.872 0 115.872 102.801 8.62953 31.646 159.293 0 159.293 128.647 20.9581 80.7045 248.135 0 248.135 168.431 
out-dis-uniform knn time: 4.48141 14.9629 119.358 0 119.358 105.395 8.66838 31.7891 159.689 0 159.689 128.9 20.9669 80.7611 248.257 0 248.257 168.495 
range count time: 0.00129567 0 0 0 0 0 0.080514 0 0 0 0 0 1.25651 0 0 0 0 0 
range query time: 0.001385 0 0 0 0 0 0.086308 0 0 0 0 0 2.38597 0 0 0 0 0 
# Delete
## 0.0001
median: (5294, 0.0177843)-> min: (9999, 0.001827)-> max: (3723, 0.0253687)-> tot: 177.79-> avg: 0.0177784
in-dis-skewed knn time: 4.25821 14.072 115.879 0 115.879 102.807 8.65697 31.6423 159.28 0 159.28 128.638 21.0069 80.6918 248.11 0 248.11 168.418 
out-dis-skewed knn time: 4.46996 14.9653 119.377 0 119.377 105.412 8.66102 31.7891 159.712 0 159.712 128.923 20.9775 80.7626 248.294 0 248.294 168.532 
in-dis-uniform knn time: 4.22641 14.0718 115.871 0 115.871 102.799 8.62915 31.6472 159.294 0 159.294 128.647 20.9599 80.7038 248.135 0 248.135 168.432 
out-dis-uniform knn time: 4.48172 14.9637 119.358 0 119.358 105.394 8.66976 31.7902 159.69 0 159.69 128.9 20.9753 80.7604 248.257 0 248.257 168.497 
range count time: 0.00123533 0 0 0 0 0 0.0756413 0 0 0 0 0 1.2647 0 0 0 0 0 
range query time: 0.00100867 0 0 0 0 0 0.084704 0 0 0 0 0 2.38528 0 0 0 0 0 

