Tree: PTree; AugType: HasBox; Split: HilbertCurve; BDO: 6; Inba: 30; Coord: integer; 
1.in 
# Insert
## 1
median: (1, 3.38161)-> min: (1, 3.38161)-> max: (1, 3.38161)-> tot: 3.38161-> avg: 3.38161
in-dis-skewed knn time: 0.832152 25.8084 203.082 0 203.082 178.274 2.32979 58.2378 280.752 0 280.752 223.514 10.1011 141.297 423.405 0 423.405 283.108 
out-dis-skewed knn time: 0.589957 19.709 154.028 0 154.028 135.319 1.58397 42.3984 207.892 0 207.892 166.493 7.14421 108.112 326.832 0 326.832 219.719 
in-dis-uniform knn time: 4.79631 20.2916 161.851 0 161.851 142.559 10.1889 48.5996 233.061 0 233.061 185.461 24.1176 121.651 363.478 0 363.478 242.826 
out-dis-uniform knn time: 4.54617 19.4909 154.351 0 154.351 135.86 9.26333 44.2617 215.986 0 215.986 172.725 22.1879 111.844 339.031 0 339.031 228.187 
range count time: 0.000902667 4.19174 42.413 0 0 39.2212 0.00765533 45.5873 135.513 0 0.38456 90.5416 0.825491 907.001 1660.24 0 125.014 629.224 
range query time: 0.000900667 4.19174 42.413 0 0 39.2212 0.013157 45.5873 135.513 0 0.38456 90.5416 1.83853 907.001 1660.24 0 125.014 629.224 
# Delete
## 0.1
median: (6, 0.436277)-> min: (9, 0.268344)-> max: (3, 0.504262)-> tot: 4.04898-> avg: 0.404897
in-dis-skewed knn time: 0.651179 19.8555 159.095 0 159.095 140.24 1.84638 45.7944 222.113 0 222.113 177.319 8.15598 111.511 333.126 0 333.126 222.615 
out-dis-skewed knn time: 0.466767 14.6354 119.547 0 119.547 105.912 1.24149 32.2316 163.779 0 163.779 132.548 5.51379 84.331 258.352 0 258.352 175.021 
in-dis-uniform knn time: 4.15784 17.5733 143.062 0 143.062 126.489 8.74816 43.0523 209.072 0 209.072 167.019 20.7413 109.455 326.735 0 326.735 218.28 
out-dis-uniform knn time: 4.0342 17.0106 137.25 0 137.25 121.239 8.093 39.3268 194.338 0 194.338 156.011 19.3388 100.781 305.568 0 305.568 205.787 
range count time: 0.000986333 4.33248 43.764 0 0 40.4315 0.00864933 47.068 139.267 0 0.45716 92.7419 0.845595 945.368 1744.64 0 136.204 664.067 
range query time: 0.00104167 4.33248 43.764 0 0 40.4315 0.014036 47.068 139.267 0 0.45716 92.7419 1.97161 945.368 1744.64 0 136.204 664.067 
# Delete
## 0.01
median: (64, 0.0578123)-> min: (97, 0.0267003)-> max: (57, 0.071539)-> tot: 5.32298-> avg: 0.0532293
in-dis-skewed knn time: 0.675585 20.5753 164.703 0 164.703 145.127 1.8952 46.8873 228.155 0 228.155 182.267 8.4479 114.706 343.276 0 343.276 229.57 
out-dis-skewed knn time: 0.485919 15.0523 122.21 0 122.21 108.158 1.27272 32.8575 166.009 0 166.009 134.152 5.61422 84.7315 260.703 0 260.703 176.972 
in-dis-uniform knn time: 4.28861 18.5467 150.214 0 150.214 132.667 9.00249 44.5471 215.728 0 215.728 172.181 21.4155 113.496 337.88 0 337.88 225.384 
out-dis-uniform knn time: 4.19035 18.2018 146.008 0 146.008 128.806 8.4077 41.6196 204.204 0 204.204 163.585 20.1647 106.692 321.69 0 321.69 215.998 
range count time: 0.00105833 4.34874 44.6936 0 0 41.3448 0.008905 47.1745 140.347 0 0.4626 93.7094 0.848927 945.979 1743.35 0 135.982 662.391 
range query time: 0.00102867 4.34874 44.6936 0 0 41.3448 0.014401 47.1745 140.347 0 0.4626 93.7094 1.97209 945.979 1743.35 0 135.982 662.391 
# Delete
## 0.001
median: (673, 0.00716033)-> min: (982, 0.00335967)-> max: (483, 0.0110123)-> tot: 6.66105-> avg: 0.00666054
in-dis-skewed knn time: 0.666719 20.3596 162.634 0 162.634 143.274 1.87265 46.5606 226.091 0 226.091 180.53 8.28618 113.601 339.734 0 339.734 227.134 
out-dis-skewed knn time: 0.477299 14.938 121.263 0 121.263 107.325 1.26645 32.6104 165.292 0 165.292 133.682 5.61028 84.7074 260.092 0 260.092 176.385 
in-dis-uniform knn time: 4.31544 18.7149 151.203 0 151.203 133.488 9.09819 45.2253 218.47 0 218.47 174.245 21.7036 115.403 342.666 0 342.666 228.262 
out-dis-uniform knn time: 4.22297 18.3521 146.968 0 146.968 129.616 8.50531 42.149 206.63 0 206.63 165.481 20.423 108.318 326.016 0 326.016 218.698 
range count time: 0.00102633 4.34202 44.7373 0 0 41.3953 0.00898533 47.1733 140.232 0 0.46344 93.5957 0.833361 945.929 1742.72 0 135.918 661.871 
range query time: 0.00105167 4.34202 44.7373 0 0 41.3953 0.0142903 47.1733 140.232 0 0.46344 93.5957 1.96554 945.929 1742.72 0 135.918 661.871 
# Delete
## 0.0001
median: (6006, 0.001168)-> min: (9998, 0.000622667)-> max: (8759, 0.00503533)-> tot: 11.3309-> avg: 0.00113259
in-dis-skewed knn time: 0.665065 20.2182 162.808 0 162.808 143.59 1.87056 46.2005 225.6 0 225.6 180.399 8.25896 113.142 339.405 0 339.405 227.263 
out-dis-skewed knn time: 0.480834 15.1137 122.196 0 122.196 108.082 1.29496 33.3461 168.648 0 168.648 136.302 5.66797 86.3986 265.093 0 265.093 179.695 
in-dis-uniform knn time: 4.28829 18.5643 150.242 0 150.242 132.678 9.03907 44.9024 217.192 0 217.192 173.29 21.5589 114.573 340.664 0 340.664 227.092 
out-dis-uniform knn time: 4.19414 18.2812 146.29 0 146.29 129.009 8.42286 41.7842 205.097 0 205.097 164.313 20.2572 107.4 323.679 0 323.679 217.279 
range count time: 0.001031 4.34248 44.6552 0 0 41.3127 0.00889933 47.1765 140.192 0 0.4623 93.553 0.835894 945.897 1742.48 0 135.9 661.682 
range query time: 0.00107867 4.34248 44.6552 0 0 41.3127 0.0140647 47.1765 140.192 0 0.4623 93.553 1.9782 945.897 1742.48 0 135.9 661.682 

Tree: PTree; AugType: HasBox; Split: HilbertCurve; BDO: 6; Inba: 30; Coord: integer; 
2_sort_by_0.in 
# Insert
## 1
median: (1, 3.88114)-> min: (1, 3.88114)-> max: (1, 3.88114)-> tot: 3.88114-> avg: 3.88114
in-dis-skewed knn time: 1.78819 11.7752 91.167 0 91.167 80.3919 3.84525 25.4654 119.738 0 119.738 95.2727 9.8431 61.9117 180.035 0 180.035 119.123 
out-dis-skewed knn time: 0.458696 6.78633 71.7014 0 71.7014 65.915 1.03247 14.1504 100.593 0 100.593 87.4431 7.67498 61.3841 206.36 0 206.36 145.976 
in-dis-uniform knn time: 3.54084 13.7114 106.333 0 106.333 93.6214 6.88902 29.7248 143.841 0 143.841 115.116 15.7932 73.6867 223.118 0 223.118 150.432 
out-dis-uniform knn time: 0.503052 6.84379 70.4062 0 70.4062 64.5625 1.30695 14.8983 97.6544 0 97.6544 83.7561 8.53962 61.7751 193.847 0 193.847 133.072 
range count time: 0.000742 3.43098 34.3885 0 0 31.9575 0.0591827 167.032 406.663 0 0.08862 240.542 1.13175 1210.24 2135.26 0 116.74 809.28 
range query time: 0.000740333 3.43098 34.3885 0 0 31.9575 0.0652573 167.032 406.663 0 0.08862 240.542 2.01672 1210.24 2135.26 0 116.74 809.28 
# Delete
## 0.1
median: (4, 0.301662)-> min: (1, 0.296826)-> max: (9, 0.307734)-> tot: 3.01168-> avg: 0.301167
in-dis-skewed knn time: 1.84809 12.8565 100.73 0 100.73 88.8735 4.05573 28.3113 132.803 0 132.803 105.491 10.5629 69.2844 202.016 0 202.016 133.731 
out-dis-skewed knn time: 0.53963 7.05049 80.775 0 80.775 74.7245 1.2156 15.3533 114.849 0 114.849 100.495 8.40327 65.574 228.736 0 228.736 164.162 
in-dis-uniform knn time: 4.0754 16.2748 127.283 0 127.283 112.008 8.17569 36.0349 174.128 0 174.128 139.093 19.2094 89.8792 272.238 0 272.238 183.359 
out-dis-uniform knn time: 0.582733 7.15117 78.9658 0 78.9658 72.8146 1.46325 16.0964 110.136 0 110.136 95.0395 9.21265 65.2248 211.123 0 211.123 146.898 
range count time: 0.000738667 3.43098 34.3885 0 0 31.9575 0.0645683 167.16 405.467 0 0.08848 239.218 1.16695 1210.35 2136.38 0 116.856 810.182 
range query time: 0.000754 3.43098 34.3885 0 0 31.9575 0.0707267 167.16 405.467 0 0.08848 239.218 2.05665 1210.35 2136.38 0 116.856 810.182 
# Delete
## 0.01
median: (80, 0.0328527)-> min: (22, 0.031502)-> max: (92, 0.0362673)-> tot: 3.29901-> avg: 0.0329896
in-dis-skewed knn time: 1.81696 12.8565 100.731 0 100.731 88.8742 3.86613 28.3113 132.803 0 132.803 105.492 10.1479 69.2844 202.016 0 202.016 133.732 
out-dis-skewed knn time: 0.591378 7.28599 80.9382 0 80.9382 74.6522 1.28591 15.7663 115.04 0 115.04 100.274 8.0086 66.9109 230.249 0 230.249 164.339 
in-dis-uniform knn time: 3.96611 16.3778 127.952 0 127.952 112.574 7.82742 36.1938 174.801 0 174.801 139.607 18.396 90.2681 273.322 0 273.322 184.054 
out-dis-uniform knn time: 0.635071 7.3955 79.2872 0 79.2872 72.8917 1.50336 16.5904 110.814 0 110.814 95.2239 8.87541 66.559 213.128 0 213.128 147.569 
range count time: 0.000765667 3.43098 34.3885 0 0 31.9575 0.060381 167.16 405.509 0 0.08848 239.261 1.14306 1210.34 2136.2 0 116.852 810.016 
range query time: 0.000788333 3.43098 34.3885 0 0 31.9575 0.067747 167.16 405.509 0 0.08848 239.261 2.14379 1210.34 2136.2 0 116.852 810.016 
# Delete
## 0.001
median: (849, 0.006206)-> min: (425, 0.00432633)-> max: (684, 0.009967)-> tot: 6.12807-> avg: 0.00612757
in-dis-skewed knn time: 1.8237 12.8565 100.731 0 100.731 88.8742 3.86302 28.3113 132.803 0 132.803 105.492 10.0973 69.2844 202.016 0 202.016 133.732 
out-dis-skewed knn time: 0.589137 7.57383 79.4376 0 79.4376 72.8638 1.28949 16.5057 112.757 0 112.757 97.2514 7.92095 68.5808 227.729 0 227.729 160.148 
in-dis-uniform knn time: 3.97395 16.4125 128.199 0 128.199 112.787 7.83471 36.2697 175.128 0 175.128 139.859 18.3203 90.4608 273.874 0 273.874 184.414 
out-dis-uniform knn time: 0.639029 7.70303 78.3844 0 78.3844 71.6814 1.5153 17.3644 109.85 0 109.85 93.4858 8.86651 68.1909 213.204 0 213.204 146.013 
range count time: 0.000779 3.43098 34.3885 0 0 31.9575 0.059484 167.16 405.509 0 0.08848 239.261 1.13455 1210.34 2136 0 116.835 809.826 
range query time: 0.000789333 3.43098 34.3885 0 0 31.9575 0.0656917 167.16 405.509 0 0.08848 239.261 2.14795 1210.34 2136 0 116.835 809.826 
# Delete
## 0.0001
median: (7675, 0.002142)-> min: (9999, 0.000713667)-> max: (6596, 0.00639033)-> tot: 20.5305-> avg: 0.00205255
in-dis-skewed knn time: 1.81837 12.8565 100.731 0 100.731 88.8742 3.85801 28.3113 132.803 0 132.803 105.492 10.0921 69.2844 202.016 0 202.016 133.732 
out-dis-skewed knn time: 0.570267 7.48709 77.5921 0 77.5921 71.105 1.25592 16.308 110.128 0 110.128 94.8195 7.85778 68.4076 224.112 0 224.112 156.704 
in-dis-uniform knn time: 3.97027 16.4062 128.149 0 128.149 112.743 7.82469 36.2188 174.907 0 174.907 139.688 18.2982 90.3351 273.526 0 273.526 184.191 
out-dis-uniform knn time: 0.622171 7.64263 76.8483 0 76.8483 70.2057 1.48865 17.2513 107.867 0 107.867 91.6155 8.84157 68.216 211.066 0 211.066 143.85 
range count time: 0.000769667 3.43098 34.3885 0 0 31.9575 0.058269 167.16 405.509 0 0.08848 239.261 1.13848 1210.33 2135.85 0 116.827 809.694 
range query time: 0.000741 3.43098 34.3885 0 0 31.9575 0.0658453 167.16 405.509 0 0.08848 239.261 2.15589 1210.33 2135.85 0 116.827 809.694 

Tree: PTree; AugType: HasBox; Split: HilbertCurve; BDO: 6; Inba: 30; Coord: integer; 
2.in 
# Insert
## 1
median: (1, 4.08079)-> min: (1, 4.08079)-> max: (1, 4.08079)-> tot: 4.08079-> avg: 4.08079
in-dis-skewed knn time: 3.6643 14.0964 116.038 0 116.038 102.942 7.32461 31.6138 159.153 0 159.153 128.539 17.2101 80.5239 247.846 0 247.846 168.322 
out-dis-skewed knn time: 3.82682 14.99 119.532 0 119.532 105.541 7.27475 31.7614 159.592 0 159.592 128.831 17.0885 80.5925 248.037 0 248.037 168.444 
in-dis-uniform knn time: 3.6121 14.0957 116.021 0 116.021 102.925 7.23419 31.6214 159.172 0 159.172 128.55 17.0376 80.5367 247.869 0 247.869 168.332 
out-dis-uniform knn time: 3.82594 14.987 119.504 0 119.504 105.517 7.25835 31.7556 159.549 0 159.549 128.793 17.0279 80.5742 247.967 0 247.967 168.393 
range count time: 0.000856333 4.08886 38.4715 0 0 35.3826 0.049901 159.971 397.51 0 0.08308 238.456 0.968607 1065.39 1922.5 0 125.852 732.263 
range query time: 0.000888 4.08886 38.4715 0 0 35.3826 0.0579513 159.971 397.51 0 0.08308 238.456 1.92863 1065.39 1922.5 0 125.852 732.263 
# Delete
## 0.1
median: (6, 0.608039)-> min: (9, 0.323809)-> max: (2, 0.792732)-> tot: 5.77592-> avg: 0.577591
in-dis-skewed knn time: 3.57533 14.0946 116.542 0 116.542 103.447 7.0633 31.7456 160.284 0 160.284 129.539 16.6564 81.1745 250.007 0 250.007 169.832 
out-dis-skewed knn time: 3.77825 14.9953 120.067 0 120.067 106.072 7.08865 31.9017 160.725 0 160.725 129.824 16.6656 81.2489 250.199 0 250.199 169.95 
in-dis-uniform knn time: 3.5795 14.0933 116.532 0 116.532 103.439 7.06899 31.7516 160.299 0 160.299 129.548 16.6629 81.1885 250.037 0 250.037 169.849 
out-dis-uniform knn time: 3.79304 14.9941 120.05 0 120.05 106.056 7.10662 31.902 160.7 0 160.7 129.798 16.6823 81.2446 250.157 0 250.157 169.912 
range count time: 0.000933 4.06582 38.8619 0 0 35.7961 0.0519243 160.938 400.391 0 0.08616 240.367 0.995536 1072.54 1942.5 0 128.701 742.267 
range query time: 0.00096 4.06582 38.8619 0 0 35.7961 0.0585973 160.938 400.391 0 0.08616 240.367 2.05592 1072.54 1942.5 0 128.701 742.267 
# Delete
## 0.01
median: (49, 0.19077)-> min: (99, 0.0340773)-> max: (30, 0.249411)-> tot: 17.5764-> avg: 0.175763
in-dis-skewed knn time: 3.56529 14.0816 116.427 0 116.427 103.346 7.05649 31.7694 160.274 0 160.274 129.504 16.6373 81.3146 250.145 0 250.145 169.831 
out-dis-skewed knn time: 3.76964 14.9851 119.952 0 119.952 105.967 7.08419 31.9267 160.709 0 160.709 129.783 16.6473 81.3856 250.329 0 250.329 169.943 
in-dis-uniform knn time: 3.57118 14.0813 116.419 0 116.419 103.338 7.06339 31.7748 160.286 0 160.286 129.512 16.6455 81.3266 250.171 0 250.171 169.844 
out-dis-uniform knn time: 3.7864 14.9816 119.933 0 119.933 105.951 7.09575 31.9247 160.685 0 160.685 129.76 16.6502 81.3824 250.292 0 250.292 169.909 
range count time: 0.00123133 4.07814 38.8665 0 0 35.7884 0.0513347 161.273 401.328 0 0.08754 240.968 0.984465 1074.8 1945.6 0 129.106 742.687 
range query time: 0.000888667 4.07814 38.8665 0 0 35.7884 0.0585697 161.273 401.328 0 0.08754 240.968 2.05102 1074.8 1945.6 0 129.106 742.687 
# Delete
## 0.001
median: (178, 0.035177)-> min: (999, 0.004471)-> max: (329, 0.0429213)-> tot: 33.4212-> avg: 0.0334207
in-dis-skewed knn time: 3.56137 14.0834 116.42 0 116.42 103.337 7.05756 31.7788 160.291 0 160.291 129.512 16.6382 81.3302 250.199 0 250.199 169.869 
out-dis-skewed knn time: 3.77074 14.987 119.945 0 119.945 105.958 7.08727 31.9364 160.727 0 160.727 129.791 16.6462 81.3998 250.381 0 250.381 169.981 
in-dis-uniform knn time: 3.57122 14.084 116.412 0 116.412 103.329 7.06433 31.785 160.303 0 160.303 129.518 16.6451 81.3419 250.223 0 250.223 169.882 
out-dis-uniform knn time: 3.78536 14.9836 119.926 0 119.926 105.942 7.10164 31.9346 160.702 0 160.702 129.767 16.6643 81.3975 250.345 0 250.345 169.947 
range count time: 0.000942333 4.07478 38.8531 0 0 35.7783 0.0524057 161.278 401.315 0 0.08844 240.949 0.988104 1074.95 1945.77 0 129.112 742.71 
range query time: 0.000985 4.07478 38.8531 0 0 35.7783 0.0590757 161.278 401.315 0 0.08844 240.949 2.06469 1074.95 1945.77 0 129.112 742.71 
# Delete
## 0.0001
median: (2051, 0.00504833)-> min: (9999, 0.000929667)-> max: (2361, 0.00910067)-> tot: 49.8505-> avg: 0.00498455
in-dis-skewed knn time: 3.5628 14.0853 116.428 0 116.428 103.343 7.05972 31.778 160.292 0 160.292 129.514 16.6253 81.3327 250.199 0 250.199 169.867 
out-dis-skewed knn time: 3.7743 14.9889 119.954 0 119.954 105.965 7.08967 31.9355 160.729 0 160.729 129.794 16.6394 81.4028 250.382 0 250.382 169.979 
in-dis-uniform knn time: 3.57314 14.0857 116.421 0 116.421 103.336 7.06706 31.7841 160.305 0 160.305 129.521 16.6411 81.3448 250.225 0 250.225 169.88 
out-dis-uniform knn time: 3.78837 14.9852 119.934 0 119.934 105.949 7.10092 31.9336 160.704 0 160.704 129.771 16.6622 81.3999 250.345 0 250.345 169.945 
range count time: 0.000953667 4.07676 38.8513 0 0 35.7746 0.0532607 161.282 401.222 0 0.08782 240.853 0.993119 1074.92 1945.74 0 129.107 742.714 
range query time: 0.00128433 4.07676 38.8513 0 0 35.7746 0.059068 161.282 401.222 0 0.08782 240.853 2.05435 1074.92 1945.74 0 129.107 742.714 

