Tree: PTree; AugType: HasBox; Split: HilbertCurve; BDO: 6; Inba: 30; Coord: integer; 
1.in 
# Insert
## 1
median: (1, 3.08969)-> min: (1, 3.08969)-> max: (1, 3.08969)-> tot: 3.08969-> avg: 3.08969
in-dis-skewed knn time: 0.505931 12.8589 171.423 0 171.423 159.564 2.23753 46.3945 290.184 0 290.184 244.789 13.3071 134.854 428.803 0 428.803 294.948 
out-dis-skewed knn time: 0.283858 11.975 104.134 0 104.134 93.1587 0.565426 19.0435 117.567 0 117.567 99.5232 3.57708 38.2555 145.824 0 145.824 108.568 
in-dis-uniform knn time: 1.29248 8.15147 112.159 0 112.159 105.008 2.69576 24.7432 171.078 0 171.078 147.335 8.71075 65.8455 231.495 0 231.495 166.649 
out-dis-uniform knn time: 0.183445 5.17477 75.5945 0 75.5945 71.4198 0.391301 9.98244 96.7066 0 96.7066 87.7242 2.50004 26.8616 120.651 0 120.651 94.7895 
range count time: 0.000522 4.0073 41.959 0 0 38.9517 0.002169 18.4003 71.3244 0 1.27028 52.6538 0.10337 200.289 516.042 0 96.6906 220.063 
range query time: 0.000707 4.0073 41.959 0 0 38.9517 0.00845733 18.4003 71.3244 0 1.27028 52.6538 1.15022 200.289 516.042 0 96.6906 220.063 
# Insert
## 0.1
median: (6, 0.271016)-> min: (3, 0.267381)-> max: (9, 0.273952)-> tot: 2.70701-> avg: 0.270701
in-dis-skewed knn time: 0.533919 13.3316 193.091 0 193.091 180.759 2.16685 45.1755 305.865 0 305.865 261.689 14.3231 162.052 510.161 0 510.161 349.109 
out-dis-skewed knn time: 0.291546 11.9748 103.125 0 103.125 92.1505 0.528225 17.0288 116.497 0 116.497 100.468 3.66736 42.2141 154.024 0 154.024 112.81 
in-dis-uniform knn time: 1.26855 8.42177 122.469 0 122.469 115.047 2.64199 23.7083 180.35 0 180.35 157.641 9.0516 74.2637 267.99 0 267.99 194.726 
out-dis-uniform knn time: 0.19817 5.84996 86.2989 0 86.2989 81.449 0.469465 10.8626 123.014 0 123.014 113.151 3.67629 37.6826 163.447 0 163.447 126.764 
range count time: 0.000505333 4.15962 44.203 0 6e-05 41.0433 0.00231567 21.7008 79.8596 0 1.96132 57.1974 0.105366 216.692 568.86 0 110.873 242.295 
range query time: 0.000669 4.15962 44.203 0 6e-05 41.0433 0.008581 21.7008 79.8596 0 1.96132 57.1974 1.18572 216.692 568.86 0 110.873 242.295 
# Insert
## 0.01
median: (22, 0.029392)-> min: (30, 0.0276583)-> max: (52, 0.0332027)-> tot: 2.95449-> avg: 0.0295444
in-dis-skewed knn time: 0.490707 10.87 163.61 0 163.61 153.74 1.46158 24.4099 210.036 0 210.036 186.626 10.7587 109.188 392.607 0 392.607 284.419 
out-dis-skewed knn time: 0.199105 7.0207 84.3571 0 84.3571 78.3364 0.408175 14.0487 107.629 0 107.629 94.5802 2.41039 31.4012 128.495 0 128.495 98.0935 
in-dis-uniform knn time: 1.39567 8.3118 120.383 0 120.383 113.071 2.83774 20.8951 166.762 0 166.762 146.867 9.20463 65.7738 250.822 0 250.822 186.048 
out-dis-uniform knn time: 0.271771 8.25105 107.615 0 107.615 100.363 0.661942 14.9361 131.892 0 131.892 117.956 4.13915 40.2293 163.328 0 163.328 124.098 
range count time: 0.000554667 3.45504 45.1095 0 0 42.6545 0.00239267 19.4736 79.5798 0 1.47992 59.6264 0.10446 202.62 529.692 0 99.359 228.713 
range query time: 0.000780333 3.45504 45.1095 0 0 42.6545 0.00875467 19.4736 79.5798 0 1.47992 59.6264 1.20393 202.62 529.692 0 99.359 228.713 
# Insert
## 0.001
median: (550, 0.00411233)-> min: (74, 0.00356433)-> max: (791, 0.009092)-> tot: 4.17652-> avg: 0.00417602
in-dis-skewed knn time: 0.483216 10.2114 166.398 0 166.398 157.186 1.85641 35.7441 261.506 0 261.506 226.762 12.0215 125.807 412.31 0 412.31 287.503 
out-dis-skewed knn time: 0.299284 10.9837 116.036 0 116.036 106.052 0.580064 19.0485 133.492 0 133.492 115.443 3.7423 41.2721 169.761 0 169.761 129.489 
in-dis-uniform knn time: 1.42186 8.31925 119.531 0 119.531 112.212 2.90375 22.0541 168.798 0 168.798 147.744 8.93253 64.1565 233.102 0 233.102 169.945 
out-dis-uniform knn time: 0.191051 5.01963 78.696 0 78.696 74.6763 0.498197 10.9465 113.788 0 113.788 103.842 3.6164 36.084 157.751 0 157.751 122.667 
range count time: 0.000588 4.01316 46.52 0 2e-05 43.5068 0.00247733 18.4186 77.2209 0 1.28702 58.5153 0.107066 204.712 532.539 0 101.578 227.248 
range query time: 0.00081 4.01316 46.52 0 2e-05 43.5068 0.009229 18.4186 77.2209 0 1.28702 58.5153 1.22949 204.712 532.539 0 101.578 227.248 
# Insert
## 0.0001
median: (2415, 0.000908333)-> min: (290, 0.000736333)-> max: (5200, 0.00462333)-> tot: 9.22566-> avg: 0.000922066
in-dis-skewed knn time: 0.562933 12.4314 189.14 0 189.14 177.708 2.2604 37.8398 327.21 0 327.21 290.37 15.082 137.567 479.642 0 479.642 343.075 
out-dis-skewed knn time: 0.272032 9.99175 114.141 0 114.141 105.149 0.493538 17.0709 126.733 0 126.733 110.662 3.08333 37.3563 154.13 0 154.13 117.774 
in-dis-uniform knn time: 1.45184 8.55337 123.335 0 123.335 115.782 3.07895 24.4593 192.557 0 192.557 169.098 9.84492 71.663 263.689 0 263.689 193.026 
out-dis-uniform knn time: 0.202397 5.04197 82.6461 0 82.6461 78.6041 0.410571 8.62551 100.447 0 100.447 92.8217 2.09252 22.9877 117.956 0 117.956 95.968 
range count time: 0.000584 4.17708 49.4493 0 2e-05 46.2722 0.002445 18.9706 77.4147 0 1.38194 58.0621 0.107286 205.899 544.011 0 102.143 236.968 
range query time: 0.000834667 4.17708 49.4493 0 2e-05 46.2722 0.008436 18.9706 77.4147 0 1.38194 58.0621 1.2282 205.899 544.011 0 102.143 236.968 

Tree: PTree; AugType: HasBox; Split: HilbertCurve; BDO: 6; Inba: 30; Coord: integer; 
2_sort_by_0.in 
# Insert
## 1
median: (1, 3.32396)-> min: (1, 3.32396)-> max: (1, 3.32396)-> tot: 3.32396-> avg: 3.32396
in-dis-skewed knn time: 0.466377 4.30811 50.764 0 50.764 47.4559 0.854544 8.66183 59.4057 0 59.4057 51.7439 2.57024 21.2955 79.6323 0 79.6323 59.3368 
out-dis-skewed knn time: 0.227399 4.00484 64.9037 0 64.9037 61.8989 0.661111 13.8734 93.2904 0 93.2904 80.417 2.56416 37.1828 140.074 0 140.074 103.891 
in-dis-uniform knn time: 1.1497 5.43029 68.823 0 68.823 64.3927 2.09149 14.4346 100.732 0 100.732 87.2976 5.28546 38.5883 140.209 0 140.209 102.62 
out-dis-uniform knn time: 0.234966 4.14776 65.2175 0 65.2175 62.0697 0.619242 12.1292 87.5912 0 87.5912 76.462 2.37633 31.5904 124.241 0 124.241 93.6509 
range count time: 0.000395333 1.98122 28.7715 0 0 27.7903 0.00382067 36.6545 108.672 0 0.83594 72.1817 0.155994 263.666 607.946 0 108.576 236.703 
range query time: 0.000661667 1.98122 28.7715 0 0 27.7903 0.00977933 36.6545 108.672 0 0.83594 72.1817 1.19292 263.666 607.946 0 108.576 236.703 
# Insert
## 0.1
median: (8, 0.299523)-> min: (1, 0.295157)-> max: (5, 0.30102)-> tot: 2.98497-> avg: 0.298497
in-dis-skewed knn time: 0.411507 4.40114 53.7508 0 53.7508 50.3497 0.803623 8.93598 62.9722 0 62.9722 55.0363 2.60335 24.0092 85.8731 0 85.8731 62.8639 
out-dis-skewed knn time: 0.235286 3.54263 63.4578 0 63.4578 60.9152 0.647232 11.8011 89.044 0 89.044 78.243 2.40602 31.1004 129.277 0 129.277 99.1768 
in-dis-uniform knn time: 1.14038 5.45688 72.9613 0 72.9613 68.5044 2.06939 14.2294 104.748 0 104.748 91.5185 5.50804 39.1558 144.1 0 144.1 105.944 
out-dis-uniform knn time: 0.243817 3.57875 64.2136 0 64.2136 61.6348 0.604188 10.094 83.8846 0 83.8846 74.7906 2.22451 25.9862 114.989 0 114.989 90.0031 
range count time: 0.000374 2.01022 28.7725 0 2e-05 27.7623 0.00397733 38.3283 112.243 0 0.95278 73.9619 0.159043 265.361 615.96 0 112.203 239.396 
range query time: 0.000582 2.01022 28.7725 0 2e-05 27.7623 0.00994967 38.3283 112.243 0 0.95278 73.9619 1.20393 265.361 615.96 0 112.203 239.396 
# Insert
## 0.01
median: (83, 0.0306677)-> min: (2, 0.0300127)-> max: (50, 0.0354773)-> tot: 3.09206-> avg: 0.0309201
in-dis-skewed knn time: 0.482668 3.43171 41.9985 0 41.9985 39.5668 0.802983 5.78379 46.8279 0 46.8279 42.0441 2.20835 13.6108 58.7817 0 58.7817 46.171 
out-dis-skewed knn time: 0.227969 3.30883 61.7889 0 61.7889 59.4801 0.639952 12.2128 90.6193 0 90.6193 79.4065 2.31112 35.8844 138.786 0 138.786 103.902 
in-dis-uniform knn time: 1.05943 5.18297 69.8184 0 69.8184 65.6355 1.87951 13.5124 98.8203 0 98.8203 86.3079 4.99493 37.1437 136.661 0 136.661 100.518 
out-dis-uniform knn time: 0.23431 3.36327 62.1649 0 62.1649 59.8016 0.592284 10.9027 84.5895 0 84.5895 74.6869 2.09287 29.9656 121.638 0 121.638 92.672 
range count time: 0.000393667 1.85942 27.2547 0 0 26.3953 0.00423033 36.3618 107.534 0 0.80946 71.3626 0.162122 261.412 604.169 0 108.521 235.236 
range query time: 0.000672333 1.85942 27.2547 0 0 26.3953 0.010134 36.3618 107.534 0 0.80946 71.3626 1.2282 261.412 604.169 0 108.521 235.236 
# Insert
## 0.001
median: (213, 0.00404167)-> min: (44, 0.00380167)-> max: (59, 0.006228)-> tot: 4.119-> avg: 0.0041185
in-dis-skewed knn time: 0.456827 3.53643 45.1644 0 45.1644 42.628 0.827178 7.50488 58.4838 0 58.4838 51.9789 2.57256 19.829 77.174 0 77.174 58.345 
out-dis-skewed knn time: 0.243197 3.11762 64.9965 0 64.9965 62.8789 0.666761 12.2117 95.5313 0 95.5313 84.3196 2.38429 36.9732 145.545 0 145.545 109.572 
in-dis-uniform knn time: 1.12352 5.61206 78.1234 0 78.1234 73.5114 2.03094 14.8035 108 0 108 94.1967 5.5535 42.3323 150.529 0 150.529 109.197 
out-dis-uniform knn time: 0.246491 3.16206 65.4143 0 65.4143 63.2522 0.613483 10.8402 89.3565 0 89.3565 79.5163 2.14824 30.9747 128.37 0 128.37 98.3949 
range count time: 0.000395667 1.98018 26.15 0 0 25.1698 0.004481 37.7197 108.091 0 0.93354 70.4375 0.157607 270.72 622.041 0 113.062 239.259 
range query time: 0.000553667 1.98018 26.15 0 0 25.1698 0.0101563 37.7197 108.091 0 0.93354 70.4375 1.28261 270.72 622.041 0 113.062 239.259 
# Insert
## 0.0001
median: (6557, 0.000867)-> min: (21, 0.000738333)-> max: (2756, 0.005107)-> tot: 8.84979-> avg: 0.000884476
in-dis-skewed knn time: 0.508644 4.19556 55.8101 0 55.8101 52.6146 1.04495 10.4504 79.5752 0 79.5752 70.1248 3.66594 30.4125 114.548 0 114.548 85.1355 
out-dis-skewed knn time: 0.310707 3.6145 81.0718 0 81.0718 78.4573 0.797347 12.2458 111.819 0 111.819 100.573 2.83446 36.2376 165.563 0 165.563 130.325 
in-dis-uniform knn time: 1.36601 9.23033 131.516 0 131.516 123.286 3.04323 26.5086 194.923 0 194.923 169.414 10.2175 81.9581 286.835 0 286.835 205.877 
out-dis-uniform knn time: 0.321935 3.62217 81.6343 0 81.6343 79.0121 0.744715 10.6411 105.563 0 105.563 95.9222 2.65852 30.9059 148.468 0 148.468 118.562 
range count time: 0.000452 2.13502 34.3572 0 4e-05 33.2221 0.00471433 37.8871 121.285 0 0.96358 83.4344 0.162163 271.599 668.632 0 116.538 281.496 
range query time: 0.000664667 2.13502 34.3572 0 4e-05 33.2221 0.0103923 37.8871 121.285 0 0.96358 83.4344 1.2943 271.599 668.632 0 116.538 281.496 

Tree: PTree; AugType: HasBox; Split: HilbertCurve; BDO: 6; Inba: 30; Coord: integer; 
2.in 
# Insert
## 1
median: (1, 3.34444)-> min: (1, 3.34444)-> max: (1, 3.34444)-> tot: 3.34444-> avg: 3.34444
in-dis-skewed knn time: 1.11417 4.92512 61.9913 0 61.9913 58.0662 1.93295 9.96535 73.4343 0 73.4343 64.4689 4.65735 25.3624 97.6118 0 97.6118 73.2493 
out-dis-skewed knn time: 1.12882 5.12152 62.5362 0 62.5362 58.4146 1.93021 10.0093 73.5392 0 73.5392 64.5299 4.63346 25.3728 97.6456 0 97.6456 73.2728 
in-dis-uniform knn time: 1.09103 4.92444 61.9854 0 61.9854 58.0609 1.92125 9.96379 73.4234 0 73.4234 64.4596 4.62165 25.3582 97.5966 0 97.5966 73.2385 
out-dis-uniform knn time: 1.12775 5.11925 62.5105 0 62.5105 58.3912 1.93013 10.0041 73.5084 0 73.5084 64.5043 4.61942 25.3538 97.5918 0 97.5918 73.238 
range count time: 0.000422333 2.08512 27.8222 0 0 26.737 0.00375167 36.3258 109.573 0 0.857 73.3904 0.156579 266.333 622.721 0 109.395 247.993 
range query time: 0.000581333 2.08512 27.8222 0 0 26.737 0.009469 36.3258 109.573 0 0.857 73.3904 1.16527 266.333 622.721 0 109.395 247.993 
# Insert
## 0.1
median: (9, 0.394699)-> min: (0, 0.30684)-> max: (6, 0.449352)-> tot: 3.89754-> avg: 0.389753
in-dis-skewed knn time: 1.1512 4.94442 62.1979 0 62.1979 58.2535 1.9538 10.0191 73.6897 0 73.6897 64.6707 4.62284 25.5982 98.195 0 98.195 73.5969 
out-dis-skewed knn time: 1.18024 5.14107 62.7271 0 62.7271 58.586 1.96391 10.0469 73.7622 0 73.7622 64.7153 4.62704 25.5682 98.1832 0 98.1832 73.615 
in-dis-uniform knn time: 1.14698 4.94066 62.1659 0 62.1659 58.2253 1.95944 9.9979 73.6316 0 73.6316 64.6337 4.63466 25.5521 98.1304 0 98.1304 73.5783 
out-dis-uniform knn time: 1.1844 5.13836 62.6993 0 62.6993 58.5609 1.97116 10.0394 73.7243 0 73.7243 64.6849 4.64052 25.5508 98.1284 0 98.1284 73.5776 
range count time: 0.000440667 2.09764 27.7195 0 2e-05 26.6218 0.00453033 36.5117 110.15 0 0.88416 73.7537 0.160198 268.078 626.965 0 110.45 249.437 
range query time: 0.000565 2.09764 27.7195 0 2e-05 26.6218 0.00991967 36.5117 110.15 0 0.88416 73.7537 1.2385 268.078 626.965 0 110.45 249.437 
# Insert
## 0.01
median: (51, 0.061239)-> min: (0, 0.0322057)-> max: (82, 0.0793383)-> tot: 5.9985-> avg: 0.0599845
in-dis-skewed knn time: 1.15374 4.94102 62.3738 0 62.3738 58.4327 1.95792 10.1123 74.0946 0 74.0946 64.9823 4.65886 26.0395 99.072 0 99.072 74.0325 
out-dis-skewed knn time: 1.1829 5.1513 62.9051 0 62.9051 58.7538 1.96509 10.1382 74.1277 0 74.1277 64.9895 4.65966 26.0015 99.0206 0 99.0206 74.0191 
in-dis-uniform knn time: 1.15019 4.95099 62.349 0 62.349 58.398 1.96312 10.093 74.0159 0 74.0159 64.923 4.66982 25.9905 98.9816 0 98.9816 73.9911 
out-dis-uniform knn time: 1.18751 5.14962 62.8824 0 62.8824 58.7328 1.97424 10.1329 74.0975 0 74.0975 64.9646 4.67478 25.9844 98.9683 0 98.9683 73.9839 
range count time: 0.000448 2.08694 28.2686 0 0 27.1817 0.004843 37.0074 111.49 0 0.92586 74.5573 0.163048 271.313 635.194 0 112.652 252.228 
range query time: 0.000592 2.08694 28.2686 0 0 27.1817 0.0102957 37.0074 111.49 0 0.92586 74.5573 1.2519 271.313 635.194 0 112.652 252.228 
# Insert
## 0.001
median: (512, 0.0136563)-> min: (0, 0.00408533)-> max: (945, 0.019445)-> tot: 12.9613-> avg: 0.0129608
in-dis-skewed knn time: 1.14848 4.91815 62.3287 0 62.3287 58.4105 1.95073 10.1139 74.0589 0 74.0589 64.945 4.6408 26.1133 99.1359 0 99.1359 74.0226 
out-dis-skewed knn time: 1.17755 5.13225 62.8592 0 62.8592 58.727 1.95701 10.1412 74.0822 0 74.0822 64.9409 4.63976 26.0826 99.0742 0 99.0742 73.9916 
in-dis-uniform knn time: 1.14566 4.9316 62.3161 0 62.3161 58.3845 1.95453 10.0985 73.9845 0 73.9845 64.886 4.65036 26.0787 99.0583 0 99.0583 73.9796 
out-dis-uniform knn time: 1.18221 5.13161 62.8472 0 62.8472 58.7156 1.96595 10.1377 74.0651 0 74.0651 64.9274 4.65778 26.0721 99.041 0 99.041 73.9689 
range count time: 0.000460667 2.11748 28.6024 0 2e-05 27.4849 0.00476167 37.206 111.916 0 0.93478 74.7751 0.162014 272.488 638.424 0 113.431 253.505 
range query time: 0.000622333 2.11748 28.6024 0 2e-05 27.4849 0.0101117 37.206 111.916 0 0.93478 74.7751 1.25109 272.488 638.424 0 113.431 253.505 
# Insert
## 0.0001
median: (5466, 0.00277067)-> min: (0, 0.000775)-> max: (8848, 0.00703367)-> tot: 26.7705-> avg: 0.00267655
in-dis-skewed knn time: 1.15274 4.95803 62.8892 0 62.8892 58.9312 1.95513 10.1355 74.4108 0 74.4108 65.2753 4.65892 26.2089 99.6639 0 99.6639 74.455 
out-dis-skewed knn time: 1.18361 5.17219 63.4271 0 63.4271 59.2549 1.96175 10.1639 74.4433 0 74.4433 65.2794 4.65805 26.1834 99.6179 0 99.6179 74.4345 
in-dis-uniform knn time: 1.15085 4.97039 62.8732 0 62.8732 58.9028 1.95935 10.1214 74.3413 0 74.3413 65.2199 4.66804 26.1775 99.5998 0 99.5998 74.4223 
out-dis-uniform knn time: 1.18839 5.17137 63.4135 0 63.4135 59.2421 1.97056 10.1625 74.4284 0 74.4284 65.266 4.67521 26.176 99.5957 0 99.5957 74.4197 
range count time: 0.000455333 2.10304 28.3284 0 4e-05 27.2253 0.004809 37.1955 112.352 0 0.93098 75.2251 0.163445 272.815 638.998 0 113.552 253.631 
range query time: 0.00065 2.10304 28.3284 0 4e-05 27.2253 0.0105547 37.1955 112.352 0 0.93098 75.2251 1.25097 272.815 638.998 0 113.552 253.631 

