Tree: CPAM; AugType: HasBox; Split: HilbertCurve; BDO: 6; Inba: 30; Coord: integer; 
1.in 
# Insert
## 1
median: (1, 10.0111)-> min: (1, 10.0111)-> max: (1, 10.0111)-> tot: 10.0111-> avg: 10.0111
in-dis-skewed knn time: 0.607252 12.8589 171.423 0 171.423 159.564 2.51532 46.3945 290.184 0 290.184 244.789 14.5446 134.854 428.803 0 428.803 294.948 
out-dis-skewed knn time: 0.355974 11.975 104.134 0 104.134 93.1587 0.662738 19.0435 117.567 0 117.567 99.5232 3.86198 38.2555 145.824 0 145.824 108.568 
in-dis-uniform knn time: 1.66178 8.15147 112.159 0 112.159 105.008 3.46911 24.7432 171.078 0 171.078 147.335 9.92712 65.8455 231.495 0 231.495 166.649 
out-dis-uniform knn time: 0.231339 5.17477 75.5945 0 75.5945 71.4198 0.464989 9.98244 96.7066 0 96.7066 87.7242 2.67964 26.8616 120.651 0 120.651 94.7895 
range count time: 0.000924667 0 0 0 0 0 0.00281033 0 0 0 0 0 0.1455 0 0 0 0 0 
range query time: 0.00108533 0 0 0 0 0 0.00878733 0 0 0 0 0 1.37618 0 0 0 0 0 
# Insert
## 0.1
median: (0, 1.36039)-> min: (3, 1.24094)-> max: (5, 1.39851)-> tot: 13.321-> avg: 1.33209
in-dis-skewed knn time: 0.635271 12.9507 192.423 0 192.423 180.473 2.41103 44.4092 304.874 0 304.874 261.465 15.5648 161.641 508.782 0 508.782 348.141 
out-dis-skewed knn time: 0.373292 11.9748 103.125 0 103.125 92.1504 0.62054 17.0289 116.497 0 116.497 100.468 3.96842 42.212 154.022 0 154.022 112.81 
in-dis-uniform knn time: 1.60301 8.40135 122.274 0 122.274 114.872 3.36976 23.6629 180.092 0 180.092 157.429 10.2762 74.011 267.543 0 267.543 194.532 
out-dis-uniform knn time: 0.249704 5.84996 86.2989 0 86.2989 81.449 0.553616 10.8626 123.014 0 123.014 113.151 3.92071 37.3833 163.447 0 163.447 127.063 
range count time: 0.000803333 0 0 0 0 0 0.00296367 0 0 0 0 0 0.145066 0 0 0 0 0 
range query time: 0.00105667 0 0 0 0 0 0.00899033 0 0 0 0 0 1.38607 0 0 0 0 0 
# Insert
## 0.01
median: (48, 0.100579)-> min: (96, 0.086596)-> max: (66, 0.122412)-> tot: 10.245-> avg: 0.102449
in-dis-skewed knn time: 0.605358 10.7963 163.498 0 163.498 153.702 1.60764 24.2811 209.769 0 209.769 186.488 11.5393 108.981 392.081 0 392.081 284.1 
out-dis-skewed knn time: 0.250484 7.02058 84.357 0 84.357 78.3364 0.48498 14.0484 107.628 0 107.628 94.5798 2.63511 31.3982 128.49 0 128.49 98.092 
in-dis-uniform knn time: 1.69266 8.28967 120.168 0 120.168 112.878 3.50282 20.8347 166.283 0 166.283 146.448 10.6185 65.3676 249.854 0 249.854 185.486 
out-dis-uniform knn time: 0.345763 7.95175 107.315 0 107.315 100.363 0.764244 14.6368 131.892 0 131.892 118.255 4.42418 40.2292 163.328 0 163.328 124.098 
range count time: 0.000789333 0 0 0 0 0 0.00315533 0 0 0 0 0 0.152484 0 0 0 0 0 
range query time: 0.000783 0 0 0 0 0 0.009217 0 0 0 0 0 1.40782 0 0 0 0 0 
# Insert
## 0.001
median: (236, 0.008387)-> min: (82, 0.00733833)-> max: (136, 0.0126497)-> tot: 8.59405-> avg: 0.00859355
in-dis-skewed knn time: 0.594307 10.189 166.762 0 166.762 157.572 2.1435 35.24 261.196 0 261.196 226.956 11.9524 112.959 398.537 0 398.537 286.578 
out-dis-skewed knn time: 0.379204 10.9836 116.036 0 116.036 106.052 0.690378 19.0474 133.492 0 133.492 115.444 4.01649 41.2724 169.758 0 169.758 129.485 
in-dis-uniform knn time: 1.72432 8.28648 118.95 0 118.95 111.664 3.56442 21.8746 167.734 0 167.734 146.859 10.4066 62.6629 230.409 0 230.409 168.747 
out-dis-uniform knn time: 0.249924 5.02038 78.7017 0 78.7017 74.6814 0.590691 10.3483 113.494 0 113.494 104.146 3.91269 36.0859 156.56 0 156.56 121.474 
range count time: 0.000850333 0 0 0 0 0 0.003535 0 0 0 0 0 0.152518 0 0 0 0 0 
range query time: 0.000838667 0 0 0 0 0 0.00949933 0 0 0 0 0 1.43775 0 0 0 0 0 
# Insert
## 0.0001
median: (45, 0.001844)-> min: (82, 0.00151033)-> max: (5660, 0.00608767)-> tot: 19.0408-> avg: 0.00190358
in-dis-skewed knn time: 0.698896 12.6663 190.064 0 190.064 178.398 2.47671 37.0545 321.976 0 321.976 285.921 15.8467 134.019 471.369 0 471.369 338.35 
out-dis-skewed knn time: 0.353543 9.98911 113.105 0 113.105 104.116 0.592334 17.067 125.683 0 125.683 109.616 3.36484 37.348 153.066 0 153.066 116.718 
in-dis-uniform knn time: 1.73523 8.35583 119.889 0 119.889 112.533 3.678 23.7516 185.68 0 185.68 162.929 11.1451 69.3131 254.178 0 254.178 185.865 
out-dis-uniform knn time: 0.260833 4.88371 84.1381 0 84.1381 80.2544 0.490568 8.40438 101.309 0 101.309 93.9042 2.27152 22.4809 118.573 0 118.573 97.0916 
range count time: 0.000866667 0 0 0 0 0 0.00347833 0 0 0 0 0 0.152405 0 0 0 0 0 
range query time: 0.000833667 0 0 0 0 0 0.00913333 0 0 0 0 0 1.445 0 0 0 0 0 

Tree: CPAM; AugType: HasBox; Split: HilbertCurve; BDO: 6; Inba: 30; Coord: integer; 
2_sort_by_0.in 
# Insert
## 1
median: (1, 10.3458)-> min: (1, 10.3458)-> max: (1, 10.3458)-> tot: 10.3458-> avg: 10.3458
in-dis-skewed knn time: 0.650841 4.30811 50.764 0 50.764 47.4559 1.16362 8.66183 59.4057 0 59.4057 51.7439 3.04592 21.2955 79.6323 0 79.6323 59.3368 
out-dis-skewed knn time: 0.271236 4.00484 64.9037 0 64.9037 61.8989 0.764826 13.8734 93.2904 0 93.2904 80.417 2.8219 37.1828 140.074 0 140.074 103.891 
in-dis-uniform knn time: 1.48971 5.43029 68.823 0 68.823 64.3927 2.72825 14.4346 100.732 0 100.732 87.2976 6.4736 38.5883 140.209 0 140.209 102.62 
out-dis-uniform knn time: 0.27825 4.14776 65.2175 0 65.2175 62.0697 0.712577 12.1292 87.5912 0 87.5912 76.462 2.60362 31.5904 124.241 0 124.241 93.6509 
range count time: 0.000578667 0 0 0 0 0 0.005323 0 0 0 0 0 0.215989 0 0 0 0 0 
range query time: 0.000639 0 0 0 0 0 0.0109337 0 0 0 0 0 1.42714 0 0 0 0 0 
# Insert
## 0.1
median: (5, 1.35992)-> min: (3, 1.22507)-> max: (9, 1.41599)-> tot: 13.5386-> avg: 1.35386
in-dis-skewed knn time: 0.580618 4.40114 53.7508 0 53.7508 50.3497 1.0829 8.93598 62.9722 0 62.9722 55.0363 3.18695 24.0092 85.8731 0 85.8731 62.8639 
out-dis-skewed knn time: 0.28246 3.54263 63.4578 0 63.4578 60.9152 0.761804 11.8011 89.044 0 89.044 78.243 2.67721 31.1004 129.277 0 129.277 99.1768 
in-dis-uniform knn time: 1.48222 5.45683 72.9591 0 72.9591 68.5023 2.68298 14.2298 104.746 0 104.746 91.516 6.57565 39.1573 144.094 0 144.094 105.937 
out-dis-uniform knn time: 0.290625 3.57875 64.2136 0 64.2136 61.6348 0.706203 10.094 83.8846 0 83.8846 74.7906 2.45443 25.9862 114.989 0 114.989 90.0031 
range count time: 0.000542667 0 0 0 0 0 0.00638667 0 0 0 0 0 0.216629 0 0 0 0 0 
range query time: 0.000614 0 0 0 0 0 0.0111733 0 0 0 0 0 1.42993 0 0 0 0 0 
# Insert
## 0.01
median: (40, 0.102071)-> min: (15, 0.0875373)-> max: (38, 0.125935)-> tot: 10.2484-> avg: 0.102483
in-dis-skewed knn time: 0.649581 3.43197 41.9947 0 41.9947 39.5628 1.06668 5.78344 46.8202 0 46.8202 42.0368 2.73238 13.6037 58.757 0 58.757 46.1534 
out-dis-skewed knn time: 0.26319 3.30883 61.7889 0 61.7889 59.4801 0.744038 12.2128 90.6193 0 90.6193 79.4065 2.56282 35.8844 138.786 0 138.786 103.902 
in-dis-uniform knn time: 1.34951 5.18229 69.7883 0 69.7883 65.606 2.41062 13.4987 98.7616 0 98.7616 86.2629 6.10023 37.0706 136.512 0 136.512 100.441 
out-dis-uniform knn time: 0.271962 3.36327 62.1649 0 62.1649 59.8016 0.685733 10.9027 84.5895 0 84.5895 74.6869 2.30816 29.9656 121.638 0 121.638 92.672 
range count time: 0.000864333 0 0 0 0 0 0.00576333 0 0 0 0 0 0.228208 0 0 0 0 0 
range query time: 0.000644 0 0 0 0 0 0.0116797 0 0 0 0 0 1.45957 0 0 0 0 0 
# Insert
## 0.001
median: (670, 0.00814733)-> min: (215, 0.00755067)-> max: (161, 0.0134747)-> tot: 8.28666-> avg: 0.00828617
in-dis-skewed knn time: 0.598049 3.53127 44.8854 0 44.8854 42.3542 1.08682 7.41456 58.0154 0 58.0154 51.6009 3.05948 19.2319 76.0289 0 76.0289 57.797 
out-dis-skewed knn time: 0.28385 3.11762 64.9965 0 64.9965 62.8789 0.771896 12.2117 95.5313 0 95.5313 84.3196 2.64615 36.9732 145.545 0 145.545 109.572 
in-dis-uniform knn time: 1.4075 5.60814 77.8307 0 77.8307 73.2226 2.5549 14.6249 107.367 0 107.367 93.7422 6.65005 41.4922 148.879 0 148.879 108.387 
out-dis-uniform knn time: 0.289115 3.16207 65.4141 0 65.4141 63.252 0.691287 10.8403 89.3563 0 89.3563 79.5159 2.37784 30.973 128.366 0 128.366 98.3929 
range count time: 0.000536333 0 0 0 0 0 0.00604167 0 0 0 0 0 0.224222 0 0 0 0 0 
range query time: 0.000557 0 0 0 0 0 0.0118237 0 0 0 0 0 1.50573 0 0 0 0 0 
# Insert
## 0.0001
median: (3605, 0.00191233)-> min: (1521, 0.00152433)-> max: (6347, 0.00621933)-> tot: 19.4283-> avg: 0.00194233
in-dis-skewed knn time: 0.667108 3.7286 46.5714 0 46.5714 43.8428 1.19073 7.70845 60.3541 0 60.3541 53.6456 3.34417 19.213 78.3349 0 78.3349 60.1219 
out-dis-skewed knn time: 0.306716 3.09225 66.3154 0 66.3154 64.2232 0.811851 11.1849 96.1582 0 96.1582 85.9734 2.69449 32.8204 141.735 0 141.735 109.915 
in-dis-uniform knn time: 1.49725 5.7644 78.5401 0 78.5401 73.7757 2.71029 14.9462 108.096 0 108.096 94.1494 6.92807 39.4936 147.201 0 147.201 108.707 
out-dis-uniform knn time: 0.312109 3.11515 66.8787 0 66.8787 64.7635 0.745768 9.99995 89.8564 0 89.8564 80.8565 2.41538 27.3842 124.847 0 124.847 98.463 
range count time: 0.000552667 0 0 0 0 0 0.006094 0 0 0 0 0 0.227013 0 0 0 0 0 
range query time: 0.000570667 0 0 0 0 0 0.0116817 0 0 0 0 0 1.48449 0 0 0 0 0 

Tree: CPAM; AugType: HasBox; Split: HilbertCurve; BDO: 6; Inba: 30; Coord: integer; 
2.in 
# Insert
## 1
median: (1, 11.3161)-> min: (1, 11.3161)-> max: (1, 11.3161)-> tot: 11.3161-> avg: 11.3161
in-dis-skewed knn time: 1.43674 4.92512 61.9913 0 61.9913 58.0662 2.51705 9.96535 73.4343 0 73.4343 64.4689 5.90859 25.3624 97.6118 0 97.6118 73.2493 
out-dis-skewed knn time: 1.44363 5.12152 62.5362 0 62.5362 58.4146 2.49992 10.0093 73.5392 0 73.5392 64.5299 5.86667 25.3728 97.6456 0 97.6456 73.2728 
in-dis-uniform knn time: 1.39079 4.92444 61.9854 0 61.9854 58.0609 2.4831 9.96379 73.4234 0 73.4234 64.4596 5.84783 25.3582 97.5966 0 97.5966 73.2385 
out-dis-uniform knn time: 1.43968 5.11925 62.5105 0 62.5105 58.3912 2.49257 10.0041 73.5084 0 73.5084 64.5043 5.83914 25.3538 97.5918 0 97.5918 73.238 
range count time: 0.000515667 0 0 0 0 0 0.005177 0 0 0 0 0 0.216211 0 0 0 0 0 
range query time: 0.000649 0 0 0 0 0 0.0107153 0 0 0 0 0 1.39098 0 0 0 0 0 
# Insert
## 0.1
median: (3, 1.5457)-> min: (0, 1.29279)-> max: (9, 1.79859)-> tot: 15.3403-> avg: 1.53403
in-dis-skewed knn time: 1.41789 4.93 62.0929 0 62.0929 58.1629 2.43593 9.94823 73.5179 0 73.5179 64.5696 5.84234 25.3981 97.7755 0 97.7755 73.3774 
out-dis-skewed knn time: 1.43618 5.12914 62.6204 0 62.6204 58.4912 2.43216 9.98669 73.5949 0 73.5949 64.6082 5.81991 25.3767 97.7613 0 97.7613 73.3846 
in-dis-uniform knn time: 1.38608 4.93002 62.0623 0 62.0623 58.1323 2.42111 9.93819 73.4661 0 73.4661 64.5279 5.81538 25.361 97.7095 0 97.7095 73.3485 
out-dis-uniform knn time: 1.43426 5.12654 62.5928 0 62.5928 58.4662 2.43342 9.98032 73.5582 0 73.5582 64.5779 5.81784 25.3603 97.7081 0 97.7081 73.3478 
range count time: 0.000539 0 0 0 0 0 0.00584233 0 0 0 0 0 0.223808 0 0 0 0 0 
range query time: 0.000566333 0 0 0 0 0 0.0113967 0 0 0 0 0 1.45186 0 0 0 0 0 
# Insert
## 0.01
median: (51, 0.391345)-> min: (1, 0.101975)-> max: (98, 0.629089)-> tot: 38.2167-> avg: 0.382167
in-dis-skewed knn time: 1.42738 4.92731 62.0931 0 62.0931 58.1658 2.44995 9.97696 73.589 0 73.589 64.6121 5.8601 25.5034 98.0469 0 98.0469 73.5435 
out-dis-skewed knn time: 1.44679 5.13319 62.5986 0 62.5986 58.4654 2.44663 10.011 73.6222 0 73.6222 64.6112 5.83683 25.4562 97.9638 0 97.9638 73.5076 
in-dis-uniform knn time: 1.39594 4.93423 62.0487 0 62.0487 58.1144 2.43421 9.96591 73.5073 0 73.5073 64.5414 5.83041 25.4455 97.9222 0 97.9222 73.4768 
out-dis-uniform knn time: 1.44332 5.13064 62.5751 0 62.5751 58.4444 2.44552 10.0046 73.5882 0 73.5882 64.5836 5.83224 25.4378 97.9093 0 97.9093 73.4715 
range count time: 0.000529333 0 0 0 0 0 0.00717433 0 0 0 0 0 0.226584 0 0 0 0 0 
range query time: 0.000541 0 0 0 0 0 0.0114843 0 0 0 0 0 1.45659 0 0 0 0 0 
# Insert
## 0.001
median: (506, 0.121819)-> min: (0, 0.00841667)-> max: (997, 0.13761)-> tot: 108.252-> avg: 0.108252
in-dis-skewed knn time: 1.42442 4.91328 61.9672 0 61.9672 58.054 2.44534 10.0038 73.4863 0 73.4863 64.4826 5.84575 25.582 98.0446 0 98.0446 73.4626 
out-dis-skewed knn time: 1.44099 5.11844 62.4725 0 62.4725 58.3541 2.44072 10.0395 73.5189 0 73.5189 64.4795 5.82141 25.5468 97.9699 0 97.9699 73.4231 
in-dis-uniform knn time: 1.39335 4.91964 61.9309 0 61.9309 58.0112 2.42934 9.99621 73.4171 0 73.4171 64.4209 5.81825 25.5409 97.9481 0 97.9481 73.4073 
out-dis-uniform knn time: 1.43882 5.11796 62.4599 0 62.4599 58.3419 2.44175 10.0365 73.5015 0 73.5015 64.465 5.82041 25.5377 97.9393 0 97.9393 73.4017 
range count time: 0.000552333 0 0 0 0 0 0.00637033 0 0 0 0 0 0.225878 0 0 0 0 0 
range query time: 0.000570333 0 0 0 0 0 0.0121733 0 0 0 0 0 1.46095 0 0 0 0 0 
# Insert
## 0.0001
median: (4964, 0.0162147)-> min: (0, 0.00187867)-> max: (3481, 0.0213633)-> tot: 158.734-> avg: 0.0158729
in-dis-skewed knn time: 1.42574 4.94605 62.4668 0 62.4668 58.5208 2.44057 10.0366 73.7792 0 73.7792 64.7426 5.84887 25.7506 98.4435 0 98.4435 73.6929 
out-dis-skewed knn time: 1.44308 5.15413 62.9967 0 62.9967 58.8426 2.43675 10.0783 73.8394 0 73.8394 64.7611 5.8249 25.7366 98.4158 0 98.4158 73.6792 
in-dis-uniform knn time: 1.39217 4.95358 62.4458 0 62.4458 58.4922 2.42575 10.0335 73.7322 0 73.7322 64.6987 5.81919 25.729 98.3878 0 98.3878 73.6587 
out-dis-uniform knn time: 1.44054 5.152 62.9809 0 62.9809 58.8289 2.43681 10.0755 73.8222 0 73.8222 64.7467 5.82119 25.7281 98.3911 0 98.3911 73.663 
range count time: 0.000523 0 0 0 0 0 0.00605067 0 0 0 0 0 0.225375 0 0 0 0 0 
range query time: 0.000583 0 0 0 0 0 0.01221 0 0 0 0 0 1.46402 0 0 0 0 0 

