Tree: KdTree; AugType: HasBox; Split: MaxStretchDim-ObjectMedian; BDO: 6; Inba: 30; Coord: integer; 
1.in 
# Insert
## 1
median: (1, 7.40687)-> min: (1, 7.40687)-> max: (1, 7.40687)-> tot: 7.40687-> avg: 7.40687
in-dis-skewed knn time: 0.0473757 1 24.4714 0 24.4714 24.4714 0.156604 5.50528 35.8321 0 35.8321 31.3268 0.793359 22.1731 63.6704 0 63.6704 42.4973 
out-dis-skewed knn time: 0.0670717 2.44206 30.4052 0 30.4052 28.9632 0.158185 6.50996 41.4569 0 41.4569 35.9469 0.828139 26.4573 79.2592 0 79.2592 53.8019 
in-dis-uniform knn time: 0.265081 1 24.4765 0 24.4765 24.4765 0.895506 5.92386 38.2329 0 38.2329 33.3091 2.97685 24.4822 71.7254 0 71.7254 48.2433 
out-dis-uniform knn time: 0.43881 2.45899 30.3852 0 30.3852 28.9262 0.897431 6.51032 41.0733 0 41.0733 35.563 2.965 26.316 77.9178 0 77.9178 52.6019 
range count time: 0.000784333 4.2468 36.6105 0 0.00012 33.3636 0.00777867 68.5525 164.259 0 2.2864 94.4206 0.602648 1487.93 2693.04 0 311.978 894.131 
range query time: 0.000852 4.2468 36.6105 0 0.00012 33.3636 0.011439 68.5525 164.259 0 2.2864 94.4206 1.72925 1487.93 2693.04 0 311.978 894.131 
# Delete
## 0.1
median: (3, 0.671799)-> min: (9, 0.0704963)-> max: (0, 0.802847)-> tot: 6.2027-> avg: 0.620269
in-dis-skewed knn time: 0.05027 1 25.3878 0 25.3878 25.3878 0.159019 5.48103 36.7896 0 36.7896 32.3086 0.791371 22.1486 64.7506 0 64.7506 43.6019 
out-dis-skewed knn time: 0.0681037 2.50149 28.9049 0 28.9049 27.4035 0.163299 6.77026 40.6739 0 40.6739 34.9036 0.879015 27.8622 80.5733 0 80.5733 53.7111 
in-dis-uniform knn time: 0.274672 1 25.0189 0 25.0189 25.0189 0.899582 6.37978 40.0985 0 40.0985 34.7187 3.00193 28.1015 78.8091 0 78.8091 51.7075 
out-dis-uniform knn time: 0.43374 2.51282 30.4548 0 30.4548 28.942 0.89271 7.15572 42.3626 0 42.3626 36.2069 3.01999 30.851 85.5573 0 85.5573 55.7063 
range count time: 0.000827 4.50296 38.5655 0 0.00034 35.0622 0.00893833 80.0677 189.489 0 3.58316 106.838 0.610426 1722.05 3154.5 0 396.441 1037.02 
range query time: 0.00116433 4.50296 38.5655 0 0.00034 35.0622 0.0114033 80.0677 189.489 0 3.58316 106.838 1.69224 1722.05 3154.5 0 396.441 1037.02 
# Delete
## 0.01
median: (56, 0.082652)-> min: (99, 0.006314)-> max: (91, 0.438978)-> tot: 8.93717-> avg: 0.0893712
in-dis-skewed knn time: 0.050203 1 25.3883 0 25.3883 25.3883 0.1594 5.48097 36.7903 0 36.7903 32.3094 0.791988 22.1486 64.7529 0 64.7529 43.6043 
out-dis-skewed knn time: 0.067774 2.50142 28.8706 0 28.8706 27.3692 0.163489 6.77156 40.6359 0 40.6359 34.8644 0.863672 27.866 80.5101 0 80.5101 53.6441 
in-dis-uniform knn time: 0.27627 1 25.0189 0 25.0189 25.0189 0.900918 6.38005 40.0991 0 40.0991 34.719 3.00426 28.103 78.8118 0 78.8118 51.7088 
out-dis-uniform knn time: 0.433768 2.51266 30.4622 0 30.4622 28.9495 0.892599 7.15772 42.3736 0 42.3736 36.2159 3.02244 30.8622 85.5789 0 85.5789 55.7166 
range count time: 0.000812333 4.50504 38.562 0 0.00034 35.0566 0.008873 80.0718 189.494 0 3.5832 106.839 0.60826 1722.29 3155.02 0 396.513 1037.22 
range query time: 0.000874667 4.50504 38.562 0 0.00034 35.0566 0.01177 80.0718 189.494 0 3.5832 106.839 1.68963 1722.29 3155.02 0 396.513 1037.22 
# Delete
## 0.001
median: (288, 0.0105563)-> min: (999, 0.000362667)-> max: (915, 0.382783)-> tot: 12.048-> avg: 0.0120475
in-dis-skewed knn time: 0.0497337 1 25.3884 0 25.3884 25.3884 0.15951 5.48096 36.7907 0 36.7907 32.3097 0.791682 22.1488 64.7536 0 64.7536 43.6048 
out-dis-skewed knn time: 0.0676373 2.50042 28.9026 0 28.9026 27.4022 0.163824 6.75285 40.6422 0 40.6422 34.8893 0.88026 27.7665 80.3861 0 80.3861 53.6196 
in-dis-uniform knn time: 0.278934 1 25.0181 0 25.0181 25.0181 0.900856 6.37973 40.0969 0 40.0969 34.7172 3.0043 28.0993 78.8039 0 78.8039 51.7046 
out-dis-uniform knn time: 0.434392 2.51192 30.467 0 30.467 28.955 0.893942 7.15397 42.3714 0 42.3714 36.2175 3.02275 30.8463 85.5558 0 85.5558 55.7095 
range count time: 0.00108967 4.5051 38.5669 0 0.00034 35.0615 0.008927 80.0725 189.496 0 3.58326 106.84 0.607783 1722.31 3155.05 0 396.513 1037.22 
range query time: 0.00118433 4.5051 38.5669 0 0.00034 35.0615 0.011984 80.0725 189.496 0 3.58326 106.84 1.71091 1722.31 3155.05 0 396.513 1037.22 
# Delete
## 0.0001
median: (3931, 0.00197)-> min: (9999, 7.26667e-05)-> max: (9150, 0.403569)-> tot: 23.7149-> avg: 0.00237099
in-dis-skewed knn time: 0.0501463 1 25.3884 0 25.3884 25.3884 0.159637 5.48091 36.7906 0 36.7906 32.3097 0.791982 22.1486 64.7535 0 64.7535 43.6049 
out-dis-skewed knn time: 0.0684077 2.48962 28.9758 0 28.9758 27.4862 0.163639 6.69353 40.6254 0 40.6254 34.9318 0.866853 27.4699 80.0021 0 80.0021 53.5322 
in-dis-uniform knn time: 0.274866 1 25.0178 0 25.0178 25.0178 0.899127 6.37937 40.0958 0 40.0958 34.7164 2.9993 28.0973 78.8 0 78.8 51.7028 
out-dis-uniform knn time: 0.434284 2.51137 30.4735 0 30.4735 28.9621 0.893005 7.15089 42.3742 0 42.3742 36.2233 3.02015 30.8305 85.5375 0 85.5375 55.707 
range count time: 0.001646 4.5051 38.5669 0 0.00034 35.0615 0.00936467 80.0724 189.496 0 3.58326 106.84 0.612746 1722.31 3155.01 0 396.5 1037.2 
range query time: 0.001156 4.5051 38.5669 0 0.00034 35.0615 0.0114693 80.0724 189.496 0 3.58326 106.84 1.68671 1722.31 3155.01 0 396.5 1037.2 

Tree: KdTree; AugType: HasBox; Split: MaxStretchDim-ObjectMedian; BDO: 6; Inba: 30; Coord: integer; 
2_sort_by_0.in 
# Insert
## 1
median: (1, 6.00929)-> min: (1, 6.00929)-> max: (1, 6.00929)-> tot: 6.00929-> avg: 6.00929
in-dis-skewed knn time: 0.157001 1 24.4578 0 24.4578 24.4578 0.612958 5.73775 36.5882 0 36.5882 31.8505 2.29697 23.9641 67.043 0 67.043 44.0789 
out-dis-skewed knn time: 0.30936 2.78337 42.8947 0 42.8947 41.1113 1.8393 20.6808 102.416 0 102.416 82.735 8.18423 100.675 274.558 0 274.558 174.883 
in-dis-uniform knn time: 0.263569 1 24.4846 0 24.4846 24.4846 0.908518 6.03522 38.7196 0 38.7196 33.6844 3.07922 25.5393 74.3324 0 74.3324 49.793 
out-dis-uniform knn time: 0.332537 2.90196 40.7478 0 40.7478 38.8458 1.59253 17.6664 86.2319 0 86.2319 69.5655 6.3492 77.3249 208.748 0 208.748 132.423 
range count time: 0.000539667 3.43148 30.3798 0 0.0001 27.9483 0.043812 262.829 569.399 0 0.82972 306.74 0.84754 2023.95 3508.95 0 332.696 1153.3 
range query time: 0.000626667 3.43148 30.3798 0 0.0001 27.9483 0.0487533 262.829 569.399 0 0.82972 306.74 1.85265 2023.95 3508.95 0 332.696 1153.3 
# Delete
## 0.1
median: (0, 0.859614)-> min: (9, 0.065397)-> max: (3, 5.91886)-> tot: 14.6196-> avg: 1.46196
in-dis-skewed knn time: 0.164485 1 24.6957 0 24.6957 24.6957 0.646402 5.73658 36.7962 0 36.7962 32.0596 2.35449 23.7074 66.9402 0 66.9402 44.2328 
out-dis-skewed knn time: 0.336368 2.79986 41.138 0 41.138 39.3381 1.94787 20.5401 99.6132 0 99.6132 80.0731 8.46443 99.3504 268.034 0 268.034 169.684 
in-dis-uniform knn time: 0.278452 1 24.5689 0 24.5689 24.5689 0.941372 6.00666 38.7713 0 38.7713 33.7646 3.14046 25.2765 74.1421 0 74.1421 49.8656 
out-dis-uniform knn time: 0.35753 2.91417 39.0499 0 39.0499 37.1357 1.67611 17.533 83.6602 0 83.6602 67.1272 6.53826 76.2224 203.442 0 203.442 128.219 
range count time: 0.000605667 3.37628 31.076 0 4e-05 28.6996 0.0460783 259.468 567.013 0 0.84132 307.705 0.869126 2032.16 3491.12 0 322.721 1137.25 
range query time: 0.000679 3.37628 31.076 0 4e-05 28.6996 0.051968 259.468 567.013 0 0.84132 307.705 1.85053 2032.16 3491.12 0 322.721 1137.25 
# Delete
## 0.01
median: (67, 0.178997)-> min: (99, 0.00633967)-> max: (36, 5.57128)-> tot: 28.5036-> avg: 0.285035
in-dis-skewed knn time: 0.165103 1 24.6957 0 24.6957 24.6957 0.647818 5.73658 36.7962 0 36.7962 32.0596 2.36535 23.7074 66.9402 0 66.9402 44.2328 
out-dis-skewed knn time: 0.278217 2.81114 36.3587 0 36.3587 34.5475 1.71189 20.1053 86.4115 0 86.4115 67.3062 7.58915 95.141 235.084 0 235.084 140.943 
in-dis-uniform knn time: 0.280477 1 24.5739 0 24.5739 24.5739 0.943408 6.00914 38.8434 0 38.8434 33.8342 3.14214 25.2817 74.3262 0 74.3262 50.0445 
out-dis-uniform knn time: 0.302713 2.91694 34.8214 0 34.8214 32.9044 1.48096 17.0958 73.2633 0 73.2633 57.1675 5.8459 72.7276 178.933 0 178.933 107.205 
range count time: 0.00245067 3.37628 31.076 0 4e-05 28.6996 0.0471523 259.732 566.868 0 0.84072 307.295 0.859978 2030.98 3487.18 0 322.032 1135.18 
range query time: 0.000981 3.37628 31.076 0 4e-05 28.6996 0.0519933 259.732 566.868 0 0.84072 307.295 1.81676 2030.98 3487.18 0 322.032 1135.18 
# Delete
## 0.001
median: (253, 0.0219677)-> min: (999, 0.00107067)-> max: (368, 5.56138)-> tot: 37.9709-> avg: 0.0379704
in-dis-skewed knn time: 0.166821 1 24.6749 0 24.6749 24.6749 0.648233 5.74487 36.8341 0 36.8341 32.0893 2.36922 23.7621 67.073 0 67.073 44.3108 
out-dis-skewed knn time: 0.195941 2.97369 31.7223 0 31.7223 29.7486 0.912086 16.1131 58.1944 0 58.1944 43.0813 3.63891 62.9029 128.104 0 128.104 66.2012 
in-dis-uniform knn time: 0.27983 1 24.554 0 24.554 24.554 0.944881 6.01143 38.9085 0 38.9085 33.8971 3.14682 25.3021 74.5114 0 74.5114 50.2093 
out-dis-uniform knn time: 0.201348 2.96975 30.2522 0 30.2522 28.2824 0.7836 13.338 50.3119 0 50.3119 37.9739 2.86159 47.3881 101.682 0 101.682 55.2944 
range count time: 0.000595 3.45034 30.7347 0 0.0001 28.2843 0.0477633 263.536 564.638 0 0.79962 301.303 0.872497 2026.59 3496.59 0 326.433 1144.57 
range query time: 0.000671 3.45034 30.7347 0 0.0001 28.2843 0.0520323 263.536 564.638 0 0.79962 301.303 1.82455 2026.59 3496.59 0 326.433 1144.57 
# Delete
## 0.0001
median: (6158, 0.00449067)-> min: (9999, 8.53333e-05)-> max: (3680, 5.60007)-> tot: 65.7689-> avg: 0.0065764
in-dis-skewed knn time: 0.166904 1 24.7677 0 24.7677 24.7677 0.646929 5.72918 36.7878 0 36.7878 32.0586 2.37228 23.6581 66.8949 0 66.8949 44.2368 
out-dis-skewed knn time: 0.117495 2.56799 26.8793 0 26.8793 25.3113 0.345893 9.30275 40.5254 0 40.5254 32.2227 1.50606 34.5786 79.1006 0 79.1006 45.522 
in-dis-uniform knn time: 0.279366 1 24.5424 0 24.5424 24.5424 0.944529 6.00997 38.9632 0 38.9632 33.9532 3.15058 25.3329 74.6675 0 74.6675 50.3346 
out-dis-uniform knn time: 0.117449 2.4639 26.4393 0 26.4393 24.9754 0.336989 8.24898 39.4566 0 39.4566 32.2076 1.56314 31.2595 79.0424 0 79.0424 48.7829 
range count time: 0.000613333 3.32662 31.9161 0 2e-05 29.5894 0.0460457 259.986 565.752 0 0.81488 305.951 0.867453 2006.8 3479.37 0 327.663 1145.91 
range query time: 0.00101433 3.32662 31.9161 0 2e-05 29.5894 0.050116 259.986 565.752 0 0.81488 305.951 1.83011 2006.8 3479.37 0 327.663 1145.91 

Tree: KdTree; AugType: HasBox; Split: MaxStretchDim-ObjectMedian; BDO: 6; Inba: 30; Coord: integer; 
2.in 
# Insert
## 1
median: (1, 4.71644)-> min: (1, 4.71644)-> max: (1, 4.71644)-> tot: 4.71644-> avg: 4.71644
in-dis-skewed knn time: 0.264599 1 24.4969 0 24.4969 24.4969 0.915435 5.98718 38.7599 0 38.7599 33.7727 3.09191 25.3566 74.0915 0 74.0915 49.7349 
out-dis-skewed knn time: 0.431239 2.34451 29.5512 0 29.5512 28.2067 0.894609 6.24351 39.4168 0 39.4168 34.1733 3.00133 25.4751 74.3175 0 74.3175 49.8424 
in-dis-uniform knn time: 0.258058 1 24.4973 0 24.4973 24.4973 0.840771 5.98628 38.7538 0 38.7538 33.7675 2.92392 25.3541 74.088 0 74.088 49.7339 
out-dis-uniform knn time: 0.426357 2.34358 29.5461 0 29.5461 28.2025 0.861943 6.24297 39.4094 0 39.4094 34.1665 2.88403 25.4735 74.3098 0 74.3098 49.8362 
range count time: 0.00158967 4.03496 34.7738 0 6e-05 31.7387 0.037403 241.948 528.355 0 0.60454 286.802 0.745157 1789.73 3172.54 0 327.167 1056.64 
range query time: 0.00105333 4.03496 34.7738 0 6e-05 31.7387 0.0413297 241.948 528.355 0 0.60454 286.802 1.78871 1789.73 3172.54 0 327.167 1056.64 
# Delete
## 0.1
median: (4, 0.612832)-> min: (9, 0.0841623)-> max: (0, 0.705673)-> tot: 5.41072-> avg: 0.541071
in-dis-skewed knn time: 0.271672 1 24.9652 0 24.9652 24.9652 0.916015 6.68933 41.168 0 41.168 35.4787 3.13952 30.6353 84.1108 0 84.1108 54.4755 
out-dis-skewed knn time: 0.434458 2.43903 30.5278 0 30.5278 29.0888 0.891 7.02677 41.9571 0 41.9571 35.9303 3.04728 30.7894 84.4058 0 84.4058 54.6164 
in-dis-uniform knn time: 0.264544 1 24.9651 0 24.9651 24.9651 0.845391 6.68657 41.1602 0 41.1602 35.4736 2.98096 30.6331 84.1025 0 84.1025 54.4694 
out-dis-uniform knn time: 0.43407 2.43869 30.5237 0 30.5237 29.085 0.872775 7.02558 41.9533 0 41.9533 35.9277 2.96334 30.7903 84.3984 0 84.3984 54.6081 
range count time: 0.00286933 4.70798 36.6573 0 0.00014 32.9492 0.0415747 278.895 623.505 0 1.05698 344.553 0.752558 2162.23 3864.67 0 437.907 1265.54 
range query time: 0.00109133 4.70798 36.6573 0 0.00014 32.9492 0.0475777 278.895 623.505 0 1.05698 344.553 1.79571 2162.23 3864.67 0 437.907 1265.54 
# Delete
## 0.01
median: (49, 0.1414)-> min: (99, 0.00865433)-> max: (5, 0.166919)-> tot: 13.0333-> avg: 0.130332
in-dis-skewed knn time: 0.273057 1 24.9652 0 24.9652 24.9652 0.917821 6.68932 41.168 0 41.168 35.4786 3.14904 30.6352 84.1106 0 84.1106 54.4754 
out-dis-skewed knn time: 0.437094 2.43903 30.5278 0 30.5278 29.0888 0.892765 7.02675 41.957 0 41.957 35.9303 3.05236 30.7893 84.4056 0 84.4056 54.6163 
in-dis-uniform knn time: 0.265136 1 24.9651 0 24.9651 24.9651 0.84624 6.68656 41.1601 0 41.1601 35.4735 2.98478 30.633 84.1023 0 84.1023 54.4693 
out-dis-uniform knn time: 0.43503 2.43869 30.5236 0 30.5236 29.0849 0.874477 7.02556 41.9532 0 41.9532 35.9277 2.96641 30.7902 84.3982 0 84.3982 54.608 
range count time: 0.000709 4.70798 36.6573 0 0.00014 32.9492 0.042223 278.898 623.511 0 1.05698 344.556 0.757231 2162.22 3864.65 0 437.903 1265.53 
range query time: 0.000791333 4.70798 36.6573 0 0.00014 32.9492 0.0465047 278.898 623.511 0 1.05698 344.556 1.78783 2162.22 3864.65 0 437.903 1265.53 
# Delete
## 0.001
median: (512, 0.0276293)-> min: (999, 0.001008)-> max: (113, 0.0316347)-> tot: 25.8712-> avg: 0.0258707
in-dis-skewed knn time: 0.272603 1 24.9652 0 24.9652 24.9652 0.91617 6.68931 41.1679 0 41.1679 35.4786 3.14112 30.6351 84.1105 0 84.1105 54.4754 
out-dis-skewed knn time: 0.436303 2.43903 30.5278 0 30.5278 29.0887 0.892311 7.02674 41.957 0 41.957 35.9302 3.05379 30.7893 84.4055 0 84.4055 54.6162 
in-dis-uniform knn time: 0.265433 1 24.9651 0 24.9651 24.9651 0.847307 6.68655 41.1601 0 41.1601 35.4735 2.9865 30.633 84.1022 0 84.1022 54.4693 
out-dis-uniform knn time: 0.436441 2.43868 30.5236 0 30.5236 29.0849 0.875049 7.02556 41.9532 0 41.9532 35.9277 2.96623 30.7901 84.3981 0 84.3981 54.608 
range count time: 0.000688333 4.70798 36.6573 0 0.00014 32.9492 0.0445337 278.898 623.511 0 1.05698 344.556 0.750062 2162.22 3864.65 0 437.902 1265.53 
range query time: 0.001097 4.70798 36.6573 0 0.00014 32.9492 0.0478947 278.898 623.511 0 1.05698 344.556 1.79051 2162.22 3864.65 0 437.902 1265.53 
# Delete
## 0.0001
median: (5088, 0.00656867)-> min: (9999, 8.66667e-05)-> max: (3685, 0.00981567)-> tot: 61.2856-> avg: 0.00612806
in-dis-skewed knn time: 0.271856 1 24.9652 0 24.9652 24.9652 0.91581 6.68931 41.1679 0 41.1679 35.4786 3.14131 30.6351 84.1105 0 84.1105 54.4754 
out-dis-skewed knn time: 0.435729 2.43903 30.5278 0 30.5278 29.0887 0.892554 7.02674 41.957 0 41.957 35.9302 3.05308 30.7893 84.4055 0 84.4055 54.6162 
in-dis-uniform knn time: 0.26595 1 24.9651 0 24.9651 24.9651 0.846654 6.68655 41.1601 0 41.1601 35.4735 2.98978 30.633 84.1022 0 84.1022 54.4693 
out-dis-uniform knn time: 0.435343 2.43868 30.5236 0 30.5236 29.0849 0.874691 7.02556 41.9532 0 41.9532 35.9277 2.96561 30.7901 84.3981 0 84.3981 54.608 
range count time: 0.001193 4.70798 36.6573 0 0.00014 32.9492 0.0424343 278.898 623.511 0 1.05698 344.556 0.771838 2162.22 3864.65 0 437.902 1265.53 
range query time: 0.000742667 4.70798 36.6573 0 0.00014 32.9492 0.0480263 278.898 623.511 0 1.05698 344.556 1.78617 2162.22 3864.65 0 437.902 1265.53 

