Tree: OrthTree; AugType: HasBox; Split: RotateDim-SpatialMedian; BDO: 6; Inba: 30; Coord: integer; 
1.in 
# Insert
## 1
median: (1, 7.81518)-> min: (1, 7.81518)-> max: (1, 7.81518)-> tot: 7.81518-> avg: 7.81518
in-dis-skewed knn time: 0.109719 1 10.4974 0 73.4819 73.4819 0.255078 6.23784 14.4098 0 100.869 95.6296 0.926364 33.9074 23.7616 0 166.331 132.892 
out-dis-skewed knn time: 0.110537 2.32009 10.0975 0 70.6827 69.3626 0.214219 7.62283 13.401 0 93.8072 87.1839 0.943683 38.8754 25.0332 0 175.232 137.216 
in-dis-uniform knn time: 0.320116 1 8.85989 0 62.0192 62.0192 0.876161 6.94013 13.3109 0 93.1763 87.236 2.8681 37.6371 24.2499 0 169.749 132.979 
out-dis-uniform knn time: 0.446761 2.31857 10.0009 0 70.0065 68.6879 0.861067 7.56873 13.2512 0 92.7584 86.1885 2.7938 38.3286 24.6772 0 172.741 135.254 
range count time: 0.001306 6.60048 39.1834 39.1834 0.00022 33.5827 0.0102257 137.789 288.881 288.881 7.32424 144.767 0.555094 2889.09 5027.47 5027.47 654.629 1484.75 
range query time: 0.000872333 6.60048 39.1834 39.1834 0.00022 33.5827 0.0134517 137.789 288.881 288.881 7.32424 144.767 1.8354 2889.09 5027.47 5027.47 654.629 1484.75 
# Delete
## 0.1
median: (4, 0.663014)-> min: (9, 0.196572)-> max: (1, 0.74385)-> tot: 6.03761-> avg: 0.603761
in-dis-skewed knn time: 0.113414 1 10.5129 0 73.5906 73.5906 0.261939 6.28684 14.4703 0 101.292 96.005 0.94845 34.3789 23.9708 0 167.795 133.845 
out-dis-skewed knn time: 0.114733 2.30732 10.4773 0 73.3412 72.0339 0.234759 8.53884 14.3678 0 100.575 93.0359 1.04599 48.4469 28.8056 0 201.639 153.827 
in-dis-uniform knn time: 0.342986 1 9.00843 0 63.059 63.059 0.949486 7.62981 14.047 0 98.329 91.6992 3.13971 45.0123 27.2033 0 190.423 146.134 
out-dis-uniform knn time: 0.485945 2.30331 10.3914 0 72.7398 71.4365 0.948774 8.49643 14.2402 0 99.6812 92.1848 3.151 48.2023 28.5976 0 200.183 152.595 
range count time: 0.00132567 7.319 41.1846 41.1846 0.0004 34.8652 0.0119 161.484 331.239 331.239 9.37708 161.378 0.648428 3619.74 6298.03 6298.03 856.287 1823 
range query time: 0.001167 7.319 41.1846 41.1846 0.0004 34.8652 0.0138377 161.484 331.239 331.239 9.37708 161.378 1.84008 3619.74 6298.03 6298.03 856.287 1823 
# Delete
## 0.01
median: (67, 0.0816293)-> min: (99, 0.016717)-> max: (60, 0.095919)-> tot: 7.78392-> avg: 0.0778387
in-dis-skewed knn time: 0.112989 1 10.5129 0 73.5906 73.5906 0.260425 6.28684 14.4703 0 101.292 96.005 0.934096 34.3789 23.9708 0 167.795 133.845 
out-dis-skewed knn time: 0.116995 2.30732 10.4773 0 73.3412 72.0339 0.239199 8.53884 14.3678 0 100.575 93.0359 1.05762 48.4469 28.8056 0 201.639 153.827 
in-dis-uniform knn time: 0.347367 1 9.00843 0 63.059 63.059 0.965212 7.62981 14.047 0 98.329 91.6992 3.17874 45.0123 27.2033 0 190.423 146.134 
out-dis-uniform knn time: 0.488752 2.30331 10.3914 0 72.7398 71.4365 0.958821 8.49643 14.2402 0 99.6813 92.1848 3.18505 48.2024 28.5976 0 200.183 152.595 
range count time: 0.001609 7.319 41.1846 41.1846 0.0004 34.8652 0.0116383 161.484 331.239 331.239 9.37708 161.378 0.642814 3619.74 6298.03 6298.03 856.287 1823 
range query time: 0.000902667 7.319 41.1846 41.1846 0.0004 34.8652 0.01389 161.484 331.239 331.239 9.37708 161.378 1.80952 3619.74 6298.03 6298.03 856.287 1823 
# Delete
## 0.001
median: (417, 0.009959)-> min: (999, 0.002035)-> max: (965, 0.0194903)-> tot: 9.70037-> avg: 0.00969987
in-dis-skewed knn time: 0.113407 1 10.5129 0 73.5906 73.5906 0.263665 6.28684 14.4703 0 101.292 96.005 0.947051 34.3789 23.9708 0 167.795 133.845 
out-dis-skewed knn time: 0.1169 2.30732 10.4773 0 73.3412 72.0339 0.237292 8.53885 14.368 0 100.576 93.0369 1.05037 48.4499 28.8074 0 201.652 153.832 
in-dis-uniform knn time: 0.349098 1 9.00843 0 63.059 63.059 0.969504 7.62981 14.047 0 98.329 91.6992 3.19155 45.0123 27.2033 0 190.423 146.134 
out-dis-uniform knn time: 0.490627 2.30331 10.3914 0 72.7398 71.4365 0.962457 8.49643 14.2402 0 99.6813 92.1848 3.19634 48.2024 28.5977 0 200.184 152.595 
range count time: 0.00100467 7.319 41.1846 41.1846 0.0004 34.8652 0.0117583 161.484 331.239 331.239 9.37708 161.378 0.653333 3619.74 6298.03 6298.03 856.287 1823 
range query time: 0.000828667 7.319 41.1846 41.1846 0.0004 34.8652 0.014056 161.484 331.239 331.239 9.37708 161.378 1.80352 3619.74 6298.03 6298.03 856.287 1823 
# Delete
## 0.0001
median: (3367, 0.001704)-> min: (9999, 0.000402)-> max: (9813, 0.00580167)-> tot: 17.2868-> avg: 0.00172819
in-dis-skewed knn time: 0.11446 1 10.5129 0 73.5906 73.5906 0.263613 6.28684 14.4703 0 101.292 96.005 0.943714 34.3789 23.9708 0 167.795 133.845 
out-dis-skewed knn time: 0.117175 2.30732 10.4773 0 73.3413 72.034 0.238109 8.53887 14.3681 0 100.576 93.0375 1.04989 48.4522 28.8085 0 201.66 153.836 
in-dis-uniform knn time: 0.348507 1 9.00843 0 63.059 63.059 0.967061 7.62981 14.047 0 98.3291 91.6992 3.18503 45.0123 27.2033 0 190.423 146.134 
out-dis-uniform knn time: 0.491313 2.30331 10.3914 0 72.7398 71.4365 0.963129 8.49643 14.2402 0 99.6813 92.1849 3.1962 48.2026 28.5978 0 200.185 152.596 
range count time: 0.00101567 7.319 41.1846 41.1846 0.0004 34.8652 0.0118813 161.484 331.239 331.239 9.37708 161.378 0.63968 3619.74 6298.03 6298.03 856.288 1823 
range query time: 0.001228 7.319 41.1846 41.1846 0.0004 34.8652 0.0139347 161.484 331.239 331.239 9.37708 161.378 1.81869 3619.74 6298.03 6298.03 856.288 1823 

Tree: OrthTree; AugType: HasBox; Split: RotateDim-SpatialMedian; BDO: 6; Inba: 30; Coord: integer; 
2_sort_by_0.in 
# Insert
## 1
median: (1, 6.61689)-> min: (1, 6.61689)-> max: (1, 6.61689)-> tot: 6.61689-> avg: 6.61689
in-dis-skewed knn time: 0.184572 1 8.36749 0 58.5724 58.5724 0.631336 6.7065 12.1256 0 84.8792 79.1727 2.39416 36.5537 21.9381 0 153.567 117.953 
out-dis-skewed knn time: 0.340727 2.60995 13.3357 0 93.3499 91.74 1.36976 18.5075 26.5882 0 186.118 168.61 5.24023 92.7265 60.9396 0 426.577 334.794 
in-dis-uniform knn time: 0.311475 1 8.36746 0 58.5722 58.5722 0.953678 6.95164 12.8073 0 89.6513 83.6997 3.21801 38.3293 24.0114 0 168.08 130.691 
out-dis-uniform knn time: 0.340377 2.66426 12.62 0 88.3398 86.6756 1.16689 15.5986 22.6174 0 158.322 143.723 4.03358 71.9742 47.0876 0 329.613 258.583 
range count time: 0.000963333 4.99628 36.4787 36.4787 0.00254 32.4798 0.0547373 487.587 1179.19 1179.19 3.2606 689.343 0.872982 3738.61 6210.77 6210.77 629.954 1843.21 
range query time: 0.000785333 4.99628 36.4787 36.4787 0.00254 32.4798 0.0583773 487.587 1179.19 1179.19 3.2606 689.343 2.01637 3738.61 6210.77 6210.77 629.954 1843.21 
# Delete
## 0.1
median: (2, 0.441721)-> min: (9, 0.227412)-> max: (4, 0.549613)-> tot: 4.30284-> avg: 0.430283
in-dis-skewed knn time: 0.181032 1 8.99996 0 62.9997 62.9997 0.606588 7.63265 13.4662 0 94.2633 87.6306 2.33994 43.2176 25.6687 0 179.681 137.459 
out-dis-skewed knn time: 0.378729 2.27974 15.2267 0 106.587 105.307 1.78541 23.1219 37.3985 0 261.79 239.668 7.799 146.053 103.303 0 723.124 578.066 
in-dis-uniform knn time: 0.302028 1 8.99996 0 62.9997 62.9997 0.870318 7.91628 14.184 0 99.2883 92.372 3.00955 45.1611 28.0642 0 196.45 152.284 
out-dis-uniform knn time: 0.380675 2.37209 14.5705 0 101.994 100.622 1.53829 20.1352 31.7007 0 221.905 202.769 6.12166 117.206 78.4331 0 549.032 432.821 
range count time: 0.00120967 5.62248 39.8567 39.8567 0.00196 35.2323 0.049384 550.017 1314.61 1314.61 3.80202 761.789 0.819151 4609.29 7453.95 7453.95 793.144 2052.52 
range query time: 0.000720333 5.62248 39.8567 39.8567 0.00196 35.2323 0.0531753 550.017 1314.61 1314.61 3.80202 761.789 1.93159 4609.29 7453.95 7453.95 793.144 2052.52 
# Delete
## 0.01
median: (44, 0.0515323)-> min: (99, 0.0238457)-> max: (24, 0.0628397)-> tot: 5.14677-> avg: 0.0514672
in-dis-skewed knn time: 0.194399 1 8.99996 0 62.9997 62.9997 0.628603 7.63265 13.4662 0 94.2633 87.6306 2.41464 43.2176 25.6687 0 179.681 137.459 
out-dis-skewed knn time: 0.391167 2.27974 15.2267 0 106.587 105.307 1.86302 23.1219 37.3985 0 261.79 239.668 8.04471 146.053 103.303 0 723.124 578.066 
in-dis-uniform knn time: 0.308521 1 8.99996 0 62.9997 62.9997 0.886532 7.91628 14.184 0 99.2883 92.372 3.0505 45.1611 28.0642 0 196.45 152.284 
out-dis-uniform knn time: 0.395881 2.37209 14.5705 0 101.994 100.622 1.60358 20.1352 31.7007 0 221.905 202.769 6.30441 117.206 78.4331 0 549.032 432.821 
range count time: 0.000881667 5.62248 39.8567 39.8567 0.00196 35.2323 0.0494767 550.017 1314.61 1314.61 3.80202 761.789 0.826158 4609.29 7453.95 7453.95 793.144 2052.52 
range query time: 0.000781333 5.62248 39.8567 39.8567 0.00196 35.2323 0.0538993 550.017 1314.61 1314.61 3.80202 761.789 1.88085 4609.29 7453.95 7453.95 793.144 2052.52 
# Delete
## 0.001
median: (590, 0.005471)-> min: (999, 0.001077)-> max: (826, 0.012795)-> tot: 5.92724-> avg: 0.00592674
in-dis-skewed knn time: 0.198738 1 8.99996 0 62.9997 62.9997 0.655392 7.63265 13.4662 0 94.2633 87.6306 2.47571 43.2176 25.6687 0 179.681 137.459 
out-dis-skewed knn time: 0.406187 2.27974 15.2267 0 106.587 105.307 1.94318 23.1219 37.3985 0 261.79 239.668 8.30282 146.053 103.303 0 723.124 578.066 
in-dis-uniform knn time: 0.316118 1 8.99996 0 62.9997 62.9997 0.903251 7.91628 14.184 0 99.2883 92.372 3.08715 45.1611 28.0642 0 196.45 152.284 
out-dis-uniform knn time: 0.412348 2.37209 14.5705 0 101.994 100.622 1.67098 20.1352 31.7007 0 221.905 202.769 6.49669 117.206 78.4331 0 549.032 432.821 
range count time: 0.000886333 5.62248 39.8567 39.8567 0.00196 35.2323 0.0505277 550.017 1314.61 1314.61 3.80202 761.789 0.834658 4609.29 7453.95 7453.95 793.144 2052.52 
range query time: 0.000758333 5.62248 39.8567 39.8567 0.00196 35.2323 0.056202 550.017 1314.61 1314.61 3.80202 761.789 1.81617 4609.29 7453.95 7453.95 793.144 2052.52 
# Delete
## 0.0001
median: (8421, 0.00219767)-> min: (9999, 0.000154)-> max: (6734, 0.00328133)-> tot: 21.1376-> avg: 0.00211326
in-dis-skewed knn time: 0.204199 1 8.99996 0 62.9997 62.9997 0.665502 7.63265 13.4662 0 94.2633 87.6306 2.51353 43.2176 25.6687 0 179.681 137.459 
out-dis-skewed knn time: 0.411983 2.27974 15.2267 0 106.587 105.307 1.98281 23.1219 37.3985 0 261.79 239.668 8.43657 146.053 103.303 0 723.124 578.066 
in-dis-uniform knn time: 0.316745 1 8.99996 0 62.9997 62.9997 0.898234 7.91628 14.184 0 99.2883 92.372 3.05046 45.1611 28.0642 0 196.45 152.284 
out-dis-uniform knn time: 0.418878 2.37209 14.5705 0 101.994 100.622 1.70366 20.1352 31.7007 0 221.905 202.769 6.59391 117.206 78.4331 0 549.032 432.821 
range count time: 0.000881 5.62248 39.8567 39.8567 0.00196 35.2323 0.0514363 550.017 1314.61 1314.61 3.80202 761.789 0.830584 4609.29 7453.95 7453.95 793.144 2052.52 
range query time: 0.000812 5.62248 39.8567 39.8567 0.00196 35.2323 0.0572373 550.017 1314.61 1314.61 3.80202 761.789 1.80206 4609.29 7453.95 7453.95 793.144 2052.52 

Tree: OrthTree; AugType: HasBox; Split: RotateDim-SpatialMedian; BDO: 6; Inba: 30; Coord: integer; 
2.in 
# Insert
## 1
median: (1, 4.94593)-> min: (1, 4.94593)-> max: (1, 4.94593)-> tot: 4.94593-> avg: 4.94593
in-dis-skewed knn time: 0.313694 1 8.36749 0 58.5725 58.5725 0.925627 6.68798 12.5409 0 87.7866 82.0986 3.08633 36.6139 22.8973 0 160.281 124.607 
out-dis-skewed knn time: 0.475344 2.18849 9.78528 0 68.497 67.3085 0.905362 6.86693 12.6823 0 88.7763 82.9093 2.97917 36.4192 22.9026 0 160.318 124.842 
in-dis-uniform knn time: 0.311434 1 8.36735 0 58.5715 58.5715 0.868222 6.68847 12.541 0 87.7873 82.0989 2.90561 36.614 22.894 0 160.258 124.584 
out-dis-uniform knn time: 0.477139 2.18864 9.78709 0 68.5096 67.321 0.891703 6.86778 12.686 0 88.8023 82.9346 2.86249 36.4241 22.9054 0 160.338 124.857 
range count time: 0.00115267 5.76692 40.9767 40.9767 0.00048 36.2093 0.046302 396.952 1002.18 1002.18 2.61016 603.618 0.706582 3077.43 5141.36 5141.36 575.596 1489.33 
range query time: 0.000850333 5.76692 40.9767 40.9767 0.00048 36.2093 0.047793 396.952 1002.18 1002.18 2.61016 603.618 1.93821 3077.43 5141.36 5141.36 575.596 1489.33 
# Delete
## 0.1
median: (3, 0.663295)-> min: (9, 0.226377)-> max: (6, 0.86421)-> tot: 5.93175-> avg: 0.593174
in-dis-skewed knn time: 0.337286 1 8.91414 0 62.399 62.399 1.04512 9.29092 15.3548 0 107.484 99.1927 3.81815 64.8881 34.4262 0 240.984 176.721 
out-dis-skewed knn time: 0.515407 2.17854 11.0158 0 77.1106 75.9321 1.0345 9.88221 15.6649 0 109.655 100.772 3.70658 65.1885 34.5176 0 241.623 177.051 
in-dis-uniform knn time: 0.335111 1 8.91421 0 62.3994 62.3994 0.991363 9.29163 15.3555 0 107.489 99.197 3.63397 64.8866 34.4216 0 240.951 176.689 
out-dis-uniform knn time: 0.523986 2.17878 11.0178 0 77.1244 75.9456 1.03147 9.88418 15.6684 0 109.679 100.795 3.61768 65.1942 34.5204 0 241.643 177.065 
range count time: 0.00142533 8.7127 51.5538 51.5538 0.0022 43.8389 0.0688503 748.307 1796.05 1796.05 6.91386 1041.83 0.946816 5963.3 9908.94 9908.94 1240.08 2706.56 
range query time: 0.000971667 8.7127 51.5538 51.5538 0.0022 43.8389 0.0721393 748.307 1796.05 1796.05 6.91386 1041.83 2.19988 5963.3 9908.94 9908.94 1240.08 2706.56 
# Delete
## 0.01
median: (39, 0.14628)-> min: (99, 0.029011)-> max: (53, 0.152499)-> tot: 12.4676-> avg: 0.124675
in-dis-skewed knn time: 0.3423 1 8.91414 0 62.399 62.399 1.0635 9.29092 15.3548 0 107.484 99.1927 3.88218 64.8881 34.4262 0 240.984 176.721 
out-dis-skewed knn time: 0.523017 2.17854 11.0158 0 77.1106 75.9321 1.05307 9.88221 15.6649 0 109.655 100.772 3.7667 65.1885 34.5176 0 241.623 177.051 
in-dis-uniform knn time: 0.339652 1 8.91421 0 62.3994 62.3994 1.01032 9.29163 15.3555 0 107.489 99.197 3.69129 64.8866 34.4216 0 240.951 176.689 
out-dis-uniform knn time: 0.533159 2.17878 11.0178 0 77.1244 75.9456 1.05117 9.88418 15.6684 0 109.679 100.795 3.67553 65.1942 34.5204 0 241.643 177.065 
range count time: 0.001154 8.7127 51.5538 51.5538 0.0022 43.8389 0.0664947 748.307 1796.05 1796.05 6.91386 1041.83 0.965868 5963.3 9908.94 9908.94 1240.08 2706.56 
range query time: 0.00123267 8.7127 51.5538 51.5538 0.0022 43.8389 0.0777613 748.307 1796.05 1796.05 6.91386 1041.83 2.25173 5963.3 9908.94 9908.94 1240.08 2706.56 
# Delete
## 0.001
median: (312, 0.026751)-> min: (999, 0.00376767)-> max: (287, 0.029506)-> tot: 23.7899-> avg: 0.0237894
in-dis-skewed knn time: 0.343517 1 8.91414 0 62.399 62.399 1.06844 9.29092 15.3548 0 107.484 99.1927 3.90495 64.8881 34.4262 0 240.984 176.721 
out-dis-skewed knn time: 0.526295 2.17854 11.0158 0 77.1106 75.9321 1.05929 9.88221 15.6649 0 109.655 100.772 3.78708 65.1885 34.5176 0 241.623 177.051 
in-dis-uniform knn time: 0.341814 1 8.91421 0 62.3994 62.3994 1.01699 9.29163 15.3555 0 107.489 99.197 3.7097 64.8866 34.4216 0 240.951 176.689 
out-dis-uniform knn time: 0.535963 2.17878 11.0178 0 77.1244 75.9456 1.0583 9.88418 15.6684 0 109.679 100.795 3.69723 65.1942 34.5204 0 241.643 177.065 
range count time: 0.00112967 8.7127 51.5538 51.5538 0.0022 43.8389 0.069981 748.307 1796.05 1796.05 6.91386 1041.83 0.970773 5963.3 9908.94 9908.94 1240.08 2706.56 
range query time: 0.000987333 8.7127 51.5538 51.5538 0.0022 43.8389 0.0748817 748.307 1796.05 1796.05 6.91386 1041.83 2.25231 5963.3 9908.94 9908.94 1240.08 2706.56 
# Delete
## 0.0001
median: (3278, 0.003817)-> min: (9999, 0.000406)-> max: (4400, 0.007693)-> tot: 35.4223-> avg: 0.00354173
in-dis-skewed knn time: 0.343478 1 8.91414 0 62.399 62.399 1.07195 9.29092 15.3548 0 107.484 99.1927 3.91274 64.8881 34.4262 0 240.984 176.721 
out-dis-skewed knn time: 0.526981 2.17854 11.0158 0 77.1106 75.9321 1.06168 9.88221 15.6649 0 109.655 100.772 3.79442 65.1885 34.5176 0 241.623 177.051 
in-dis-uniform knn time: 0.342096 1 8.91421 0 62.3994 62.3994 1.01873 9.29163 15.3555 0 107.489 99.197 3.71587 64.8866 34.4216 0 240.951 176.689 
out-dis-uniform knn time: 0.537253 2.17878 11.0178 0 77.1244 75.9456 1.06014 9.88418 15.6684 0 109.679 100.795 3.70259 65.1942 34.5204 0 241.643 177.065 
range count time: 0.00231067 8.7127 51.5538 51.5538 0.0022 43.8389 0.0703703 748.307 1796.05 1796.05 6.91386 1041.83 0.964317 5963.3 9908.94 9908.94 1240.08 2706.56 
range query time: 0.000913333 8.7127 51.5538 51.5538 0.0022 43.8389 0.078608 748.307 1796.05 1796.05 6.91386 1041.83 2.24805 5963.3 9908.94 9908.94 1240.08 2706.56 

