Tree: KdTree; AugType: HasBox; Split: MaxStretchDim-ObjectMedian; BDO: 6; Inba: 30; Coord: integer; 
1.in 
# Insert
## 1
median: (1, 8.04409)-> min: (1, 8.04409)-> max: (1, 8.04409)-> tot: 8.04409-> avg: 8.04409
in-dis-skewed knn time: 0.0458833 1 24.5876 0 24.5876 24.5876 0.15367 5.57482 35.8691 0 35.8691 31.2943 0.785168 21.8292 62.5071 0 62.5071 41.6779 
out-dis-skewed knn time: 0.51129 16.7265 200.3 0 200.3 184.574 0.751011 31.1689 235.089 0 235.089 204.92 4.15602 110.951 355.518 0 355.518 245.567 
in-dis-uniform knn time: 0.266368 1 24.4907 0 24.4907 24.4907 0.836198 5.60021 35.9448 0 35.9448 31.3446 2.66764 22.0717 63.176 0 63.176 42.1044 
out-dis-uniform knn time: 0.60017 16.9307 154.566 0 154.566 138.635 1.07036 31.0704 181.167 0 181.167 151.097 4.21554 92.5463 267.836 0 267.836 176.29 
range count time: 0.000479667 2.3988 28.0108 0 0.0007 26.6113 0.00601633 56.6823 144.658 0 2.87786 86.0982 0.389189 970.038 1963.81 0 288.503 706.271 
range query time: 0.000549667 2.3988 28.0108 0 0.0007 26.6113 0.010313 56.6823 144.658 0 2.87786 86.0982 1.62358 970.038 1963.81 0 288.503 706.271 
# Insert
## 0.1
median: (4, 2.19447)-> min: (0, 0.638226)-> max: (9, 4.10241)-> tot: 20.4047-> avg: 2.04047
in-dis-skewed knn time: 0.0495833 1 25.4393 0 25.4393 25.4393 0.159963 5.5822 36.7216 0 36.7216 32.1394 0.791385 21.9636 63.5481 0 63.5481 42.5845 
out-dis-skewed knn time: 0.557141 24.1685 207.489 0 207.489 184.32 0.884604 47.6222 254.531 0 254.531 207.909 3.87108 111.582 365.796 0 365.796 255.214 
in-dis-uniform knn time: 0.281281 1 24.7616 0 24.7616 24.7616 0.867012 5.60858 36.245 0 36.245 31.6364 2.70786 22.1894 63.6415 0 63.6415 42.4521 
out-dis-uniform knn time: 0.848211 21.6732 192.452 0 192.452 171.779 1.44485 39.1663 225.183 0 225.183 187.016 5.43165 114.247 334.107 0 334.107 220.86 
range count time: 0.000561333 2.4024 28.9133 0 0.00032 27.5106 0.006689 55.9783 143.528 0 2.86298 85.6865 0.397176 972.789 1975.14 0 290.908 712.443 
range query time: 0.000596 2.4024 28.9133 0 0.00032 27.5106 0.0102923 55.9783 143.528 0 2.86298 85.6865 1.57812 972.789 1975.14 0 290.908 712.443 
# Insert
## 0.01
median: (91, 0.15795)-> min: (0, 0.0680127)-> max: (92, 2.02074)-> tot: 25.5711-> avg: 0.255711
in-dis-skewed knn time: 0.0489963 1 24.3754 0 24.3754 24.3754 0.159066 5.57375 35.6433 0 35.6433 31.0696 0.79448 21.9132 62.4 0 62.4 41.4869 
out-dis-skewed knn time: 0.656316 29.3203 230.67 0 230.67 202.35 1.10334 56.6265 279.927 0 279.927 224.3 5.89442 154.628 444.88 0 444.88 291.251 
in-dis-uniform knn time: 0.284053 1 24.6619 0 24.6619 24.6619 0.874249 5.57005 36.0424 0 36.0424 31.4723 2.72578 21.9176 63.0875 0 63.0875 42.1699 
out-dis-uniform knn time: 0.79712 20.1099 177.165 0 177.165 158.055 1.40578 38.0516 211.016 0 211.016 173.965 5.09477 104.542 311.651 0 311.651 208.108 
range count time: 0.000450667 2.32618 27.7262 0 0.00058 26.3994 0.00692533 57.0849 144.84 0 2.8962 85.8594 0.398172 963.277 1950.88 0 285.116 703.489 
range query time: 0.000565 2.32618 27.7262 0 0.00058 26.3994 0.0107187 57.0849 144.84 0 2.8962 85.8594 1.5671 963.277 1950.88 0 285.116 703.489 
# Insert
## 0.001
median: (213, 0.0162323)-> min: (0, 0.004934)-> max: (501, 2.25354)-> tot: 41.3956-> avg: 0.0413951
in-dis-skewed knn time: 0.05011 1 25.3712 0 25.3712 25.3712 0.159724 5.54523 36.5267 0 36.5267 31.9815 0.796444 21.7183 62.9792 0 62.9792 42.2609 
out-dis-skewed knn time: 1.45353 65.8097 443.134 0 443.134 378.324 2.64886 117.573 521.883 0 521.883 405.31 12.3878 301.303 744.888 0 744.888 444.585 
in-dis-uniform knn time: 0.283306 1 24.9443 0 24.9443 24.9443 0.874568 5.56756 36.3134 0 36.3134 31.7458 2.73209 21.9013 63.3302 0 63.3302 42.4289 
out-dis-uniform knn time: 1.12144 35.361 260.291 0 260.291 225.93 2.05097 62.2709 306.116 0 306.116 244.845 8.20077 175.983 444 0 444 269.018 
range count time: 0.000483 2.42748 29.8238 0 0.00052 28.3958 0.00701167 55.7726 143.417 0 2.85022 85.7944 0.394806 963.597 1949.09 0 285.198 701.293 
range query time: 0.000614333 2.42748 29.8238 0 0.00052 28.3958 0.0106193 55.7726 143.417 0 2.85022 85.7944 1.58273 963.597 1949.09 0 285.198 701.293 
# Insert
## 0.0001
median: (5478, 0.00333367)-> min: (0, 0.001369)-> max: (3257, 1.90266)-> tot: 66.2345-> avg: 0.00662295
in-dis-skewed knn time: 0.0484663 1 24.3083 0 24.3083 24.3083 0.157717 5.55263 35.5446 0 35.5446 30.992 0.792308 21.7783 62.1697 0 62.1697 41.3915 
out-dis-skewed knn time: 0.453269 15.3498 179.099 0 179.099 164.749 0.672707 28.2819 206.545 0 206.545 179.263 3.22148 88.0617 330.162 0 330.162 243.1 
in-dis-uniform knn time: 0.283129 1 24.5569 0 24.5569 24.5569 0.872049 5.59139 35.9971 0 35.9971 31.4057 2.72045 22.0659 63.2317 0 63.2317 42.1657 
out-dis-uniform knn time: 0.723877 17.8386 171.215 0 171.215 154.376 1.257 33.7518 202.547 0 202.547 169.795 4.73102 98.1305 303.11 0 303.11 205.979 
range count time: 0.00046 2.27628 27.5665 0 0.00048 26.2897 0.006735 56.2509 144.357 0 2.91946 86.1863 0.399748 969.269 1963.63 0 288.606 706.754 
range query time: 0.000862667 2.27628 27.5665 0 0.00048 26.2897 0.010413 56.2509 144.357 0 2.91946 86.1863 1.57889 969.269 1963.63 0 288.606 706.754 

Tree: KdTree; AugType: HasBox; Split: MaxStretchDim-ObjectMedian; BDO: 6; Inba: 30; Coord: integer; 
2_sort_by_0.in 
# Insert
## 1
median: (1, 5.79455)-> min: (1, 5.79455)-> max: (1, 5.79455)-> tot: 5.79455-> avg: 5.79455
in-dis-skewed knn time: 0.153394 1 24.4578 0 24.4578 24.4578 0.609654 5.73775 36.5882 0 36.5882 31.8505 2.27438 23.9641 67.043 0 67.043 44.0789 
out-dis-skewed knn time: 0.308285 2.78337 42.8947 0 42.8947 41.1113 1.82687 20.6808 102.416 0 102.416 82.735 8.12629 100.675 274.558 0 274.558 174.883 
in-dis-uniform knn time: 0.262209 1 24.4846 0 24.4846 24.4846 0.906808 6.03522 38.7196 0 38.7196 33.6844 3.08096 25.5393 74.3324 0 74.3324 49.793 
out-dis-uniform knn time: 0.329997 2.90196 40.7478 0 40.7478 38.8458 1.58122 17.6664 86.2319 0 86.2319 69.5655 6.31272 77.3249 208.748 0 208.748 132.423 
range count time: 0.000667 3.43148 30.3798 0 0.0001 27.9483 0.0431893 262.829 569.399 0 0.82972 306.74 0.843917 2023.95 3508.95 0 332.696 1153.3 
range query time: 0.000734 3.43148 30.3798 0 0.0001 27.9483 0.0476313 262.829 569.399 0 0.82972 306.74 1.87482 2023.95 3508.95 0 332.696 1153.3 
# Insert
## 0.1
median: (4, 1.42078)-> min: (0, 0.416013)-> max: (7, 3.79223)-> tot: 15.9897-> avg: 1.59897
in-dis-skewed knn time: 0.166684 1 23.7226 0 23.7226 23.7226 0.645632 5.72809 35.9408 0 35.9408 31.2127 2.34755 23.5998 66.2033 0 66.2033 43.6034 
out-dis-skewed knn time: 0.351872 2.79832 44.693 0 44.693 42.8947 1.95774 20.4489 104.342 0 104.342 84.8929 8.42664 98.5146 275.42 0 275.42 177.905 
in-dis-uniform knn time: 0.278484 1 24.7412 0 24.7412 24.7412 0.943239 5.99683 38.9714 0 38.9714 33.9746 3.14964 25.2317 74.4795 0 74.4795 50.2478 
out-dis-uniform knn time: 0.373142 2.91558 42.3711 0 42.3711 40.4555 1.68614 17.4459 87.948 0 87.948 71.5021 6.50633 75.4782 209.774 0 209.774 135.296 
range count time: 0.000597667 3.4893 30.1566 0 0.0001 27.6672 0.047298 262.352 570.005 0 0.81766 307.836 0.867964 2008.38 3475.34 0 326.624 1141.34 
range query time: 0.000654667 3.4893 30.1566 0 0.0001 27.6672 0.0514603 262.352 570.005 0 0.81766 307.836 1.83372 2008.38 3475.34 0 326.624 1141.34 
# Insert
## 0.01
median: (68, 0.208374)-> min: (1, 0.0419273)-> max: (56, 0.382795)-> tot: 20.5417-> avg: 0.205417
in-dis-skewed knn time: 0.204304 1 23.2765 0 23.2765 23.2765 0.737039 5.65381 37.694 0 37.694 33.0402 2.53229 23.441 71.6965 0 71.6965 49.2555 
out-dis-skewed knn time: 0.735992 2.76713 62.598 0 62.598 60.8309 3.56675 21.086 184.167 0 184.167 164.081 13.8311 106.008 532.522 0 532.522 427.514 
in-dis-uniform knn time: 0.282792 1 24.8593 0 24.8593 24.8593 0.972528 5.97207 41.9074 0 41.9074 36.9353 3.2353 25.1058 81.9322 0 81.9322 57.8264 
out-dis-uniform knn time: 0.749846 2.88661 58.9843 0 58.9843 57.0977 2.99725 18.0757 151.386 0 151.386 134.31 10.583 81.8992 398.343 0 398.343 317.443 
range count time: 0.000598333 3.34428 30.7914 0 0.00024 28.4468 0.047525 259.692 604.558 0 0.85192 345.014 0.886117 2025.14 3713.09 0 323.607 1365.35 
range query time: 0.000664333 3.34428 30.7914 0 0.00024 28.4468 0.052092 259.692 604.558 0 0.85192 345.014 1.83424 2025.14 3713.09 0 323.607 1365.35 
# Insert
## 0.001
median: (533, 0.0315197)-> min: (1, 0.00436967)-> max: (948, 0.0403153)-> tot: 28.0486-> avg: 0.0280481
in-dis-skewed knn time: 0.246345 1 23.637 0 23.637 23.637 0.99429 5.72655 49.1554 0 49.1554 44.4289 3.46989 25.5152 109.2 0 109.2 84.6849 
out-dis-skewed knn time: 0.830372 2.7021 62.3576 0 62.3576 60.6555 6.50746 21.9431 318.632 0 318.632 297.689 31.8961 118.493 1397.02 0 1397.02 1279.52 
in-dis-uniform knn time: 0.27865 1 24.8736 0 24.8736 24.8736 1.18673 6.07985 54.7115 0 54.7115 49.6316 4.21547 28.4197 128.249 0 128.249 100.829 
out-dis-uniform knn time: 0.92402 2.83256 62.578 0 62.578 60.7455 5.65384 18.9373 273.545 0 273.545 255.607 24.7077 92.9795 1070.55 0 1070.55 978.57 
range count time: 0.000598333 3.50136 35.5007 0 6e-05 32.9993 0.0478583 252.228 739.409 0 0.87322 487.308 1.02961 2040.73 5672.09 0 415.107 3217.25 
range query time: 0.000740667 3.50136 35.5007 0 6e-05 32.9993 0.0535063 252.228 739.409 0 0.87322 487.308 1.97043 2040.73 5672.09 0 415.107 3217.25 
# Insert
## 0.0001
median: (3821, 0.00716667)-> min: (1, 0.000821)-> max: (8528, 0.0133973)-> tot: 68.9765-> avg: 0.00689716
in-dis-skewed knn time: 0.246203 1 23.7666 0 23.7666 23.7666 1.00759 5.80788 50.191 0 50.191 45.3831 3.52357 26.3104 112.974 0 112.974 87.664 
out-dis-skewed knn time: 0.834128 2.69508 62.5117 0 62.5117 60.8167 6.70267 22.3671 325.854 0 325.854 304.487 33.347 122.224 1453.51 0 1453.51 1332.29 
in-dis-uniform knn time: 0.280037 1 24.926 0 24.926 24.926 1.21125 6.10208 55.5876 0 55.5876 50.4856 4.31246 28.6494 131.134 0 131.134 103.485 
out-dis-uniform knn time: 0.931451 2.82828 62.7665 0 62.7665 60.9382 5.8429 19.3533 280.41 0 280.41 262.057 25.901 96.1404 1117.56 0 1117.56 1022.42 
range count time: 0.000637333 3.478 35.3969 0 8e-05 32.9188 0.0485447 249.132 758.04 0 0.87734 509.031 1.05716 2023.69 5823.4 0 421.91 3378.81 
range query time: 0.001008 3.478 35.3969 0 8e-05 32.9188 0.054039 249.132 758.04 0 0.87734 509.031 1.98705 2023.69 5823.4 0 421.91 3378.81 

Tree: KdTree; AugType: HasBox; Split: MaxStretchDim-ObjectMedian; BDO: 6; Inba: 30; Coord: integer; 
2.in 
# Insert
## 1
median: (1, 4.74741)-> min: (1, 4.74741)-> max: (1, 4.74741)-> tot: 4.74741-> avg: 4.74741
in-dis-skewed knn time: 0.266247 1 24.4969 0 24.4969 24.4969 0.916984 5.98718 38.7599 0 38.7599 33.7727 3.10662 25.3566 74.0915 0 74.0915 49.7349 
out-dis-skewed knn time: 0.433238 2.34451 29.5512 0 29.5512 28.2067 0.898729 6.24351 39.4168 0 39.4168 34.1733 3.0003 25.4751 74.3175 0 74.3175 49.8424 
in-dis-uniform knn time: 0.259435 1 24.4973 0 24.4973 24.4973 0.846287 5.98628 38.7538 0 38.7538 33.7675 2.92873 25.3541 74.088 0 74.088 49.7339 
out-dis-uniform knn time: 0.429497 2.34358 29.5461 0 29.5461 28.2025 0.865052 6.24297 39.4094 0 39.4094 34.1665 2.893 25.4735 74.3098 0 74.3098 49.8362 
range count time: 0.000667 4.03496 34.7738 0 6e-05 31.7387 0.0386623 241.948 528.355 0 0.60454 286.802 0.744636 1789.73 3172.54 0 327.167 1056.64 
range query time: 0.000852333 4.03496 34.7738 0 6e-05 31.7387 0.0441897 241.948 528.355 0 0.60454 286.802 1.79173 1789.73 3172.54 0 327.167 1056.64 
# Insert
## 0.1
median: (5, 0.595266)-> min: (0, 0.376949)-> max: (9, 0.747782)-> tot: 5.65726-> avg: 0.565725
in-dis-skewed knn time: 0.28126 1 24.4097 0 24.4097 24.4097 0.961932 5.99811 38.8041 0 38.8041 33.806 3.18015 25.2123 73.8917 0 73.8917 49.6794 
out-dis-skewed knn time: 0.454473 2.33921 29.5343 0 29.5343 28.1951 0.930992 6.21242 39.3846 0 39.3846 34.1721 3.06597 25.3063 74.064 0 74.064 49.7578 
in-dis-uniform knn time: 0.271614 1 24.4901 0 24.4901 24.4901 0.87578 5.95829 38.7281 0 38.7281 33.7698 2.98745 25.189 73.8375 0 73.8375 49.6485 
out-dis-uniform knn time: 0.449017 2.33984 29.5333 0 29.5333 28.1935 0.895557 6.21433 39.3802 0 39.3802 34.1659 2.95051 25.3059 74.0606 0 74.0606 49.7547 
range count time: 0.000705333 4.20836 34.8898 0 0 31.6815 0.0412447 238.011 524.445 0 0.54916 286.885 0.753425 1787.89 3147.27 0 319.216 1041.16 
range query time: 0.000878333 4.20836 34.8898 0 0 31.6815 0.0455543 238.011 524.445 0 0.54916 286.885 1.76713 1787.89 3147.27 0 319.216 1041.16 
# Insert
## 0.01
median: (50, 0.144768)-> min: (1, 0.043851)-> max: (99, 0.172674)-> tot: 13.4004-> avg: 0.134003
in-dis-skewed knn time: 0.280565 1 24.3405 0 24.3405 24.3405 0.982511 6.11068 39.2544 0 39.2544 34.1437 3.20602 25.3628 74.4837 0 74.4837 50.1209 
out-dis-skewed knn time: 0.456698 2.34092 29.6229 0 29.6229 28.282 0.934627 6.22377 39.5256 0 39.5256 34.3018 3.07108 25.2493 74.3299 0 74.3299 50.0806 
in-dis-uniform knn time: 0.273649 1 24.5584 0 24.5584 24.5584 0.88109 5.96664 38.8614 0 38.8614 33.8948 2.99172 25.1297 74.1008 0 74.1008 49.971 
out-dis-uniform knn time: 0.451638 2.34043 29.6234 0 29.6234 28.283 0.900797 6.22266 39.5224 0 39.5224 34.2997 2.95497 25.2492 74.3277 0 74.3277 50.0785 
range count time: 0.000718 4.18748 35.0632 0 6e-05 31.8757 0.04141 236.231 530.495 0 0.56558 294.698 0.76941 1793.96 3138.09 0 317.11 1028.03 
range query time: 0.000741333 4.18748 35.0632 0 6e-05 31.8757 0.0448163 236.231 530.495 0 0.56558 294.698 1.77918 1793.96 3138.09 0 317.11 1028.03 
# Insert
## 0.001
median: (482, 0.0258403)-> min: (1, 0.00442667)-> max: (909, 0.030277)-> tot: 24.431-> avg: 0.0244305
in-dis-skewed knn time: 0.280559 1 24.3705 0 24.3705 24.3705 0.984366 6.13166 39.3665 0 39.3665 34.2348 3.20996 25.3882 74.6992 0 74.6992 50.311 
out-dis-skewed knn time: 0.458336 2.34193 29.6919 0 29.6919 28.35 0.935568 6.22898 39.6115 0 39.6115 34.3825 3.07315 25.2422 74.5016 0 74.5016 50.2593 
in-dis-uniform knn time: 0.274492 1 24.6114 0 24.6114 24.6114 0.883505 5.97193 38.954 0 38.954 33.9821 2.99319 25.1222 74.2683 0 74.2683 50.1461 
out-dis-uniform knn time: 0.453126 2.34183 29.6876 0 29.6876 28.3458 0.903199 6.22893 39.6076 0 39.6076 34.3786 2.95634 25.241 74.4991 0 74.4991 50.2581 
range count time: 0.000689 4.10672 34.5366 0 2e-05 31.4299 0.0409517 236.79 528.655 0 0.57426 292.291 0.753874 1793.65 3144.52 0 317.453 1034.42 
range query time: 0.000777333 4.10672 34.5366 0 2e-05 31.4299 0.0450483 236.79 528.655 0 0.57426 292.291 1.76593 1793.65 3144.52 0 317.453 1034.42 
# Insert
## 0.0001
median: (6226, 0.00372167)-> min: (1, 0.000820667)-> max: (6927, 0.00733567)-> tot: 36.7654-> avg: 0.00367604
in-dis-skewed knn time: 0.280353 1 24.4429 0 24.4429 24.4429 0.983601 6.13547 39.4602 0 39.4602 34.3247 3.2093 25.3964 74.8481 0 74.8481 50.4517 
out-dis-skewed knn time: 0.458943 2.34221 29.7706 0 29.7706 28.4284 0.935487 6.23094 39.7041 0 39.7041 34.4731 3.07263 25.2409 74.6387 0 74.6387 50.3978 
in-dis-uniform knn time: 0.275213 1 24.6856 0 24.6856 24.6856 0.883587 5.97228 39.0322 0 39.0322 34.06 2.99352 25.1204 74.3979 0 74.3979 50.2775 
out-dis-uniform knn time: 0.453941 2.34216 29.7707 0 29.7707 28.4285 0.903922 6.23045 39.7025 0 39.7025 34.472 2.957 25.2452 74.6357 0 74.6357 50.3905 
range count time: 0.000695 4.2351 34.2866 0 0.00016 31.0514 0.0410157 236.098 528.606 0 0.56884 292.939 0.756471 1791.77 3144.54 0 318.335 1035.43 
range query time: 0.000777667 4.2351 34.2866 0 0.00016 31.0514 0.0453437 236.098 528.606 0 0.56884 292.939 1.76939 1791.77 3144.54 0 318.335 1035.43 

