Tree: ZdTree; AugType: WithoutBox; Split: MortonCurve; BDO: 6; Inba: 30; Coord: float; 
1.in 
# Insert
## 1
median: (1, 5.09333)-> min: (1, 5.09333)-> max: (1, 5.09333)-> tot: 5.09333-> avg: 5.09333
in-dis-skewed knn time: 0.126512 0 0 0 0 0 0.201306 0 0 0 0 0 0.792479 0 0 0 0 0 
out-dis-skewed knn time: 0.121555 0 0 0 0 0 0.197247 0 0 0 0 0 0.784864 0 0 0 0 0 
in-dis-uniform knn time: 0.298739 0 0 0 0 0 0.487826 0 0 0 0 0 1.61246 0 0 0 0 0 
out-dis-uniform knn time: 0.318308 0 0 0 0 0 0.492479 0 0 0 0 0 1.56938 0 0 0 0 0 
range count time: 0.000485 0 0 0 0 0 0.00344367 0 0 0 0 0 0.133348 0 0 0 0 0 
range query time: 0.000848667 0 0 0 0 0 0.00950133 0 0 0 0 0 1.55974 0 0 0 0 0 
# Insert
## 0.1
median: (5, 0.539279)-> min: (0, 0.328313)-> max: (9, 0.657125)-> tot: 5.1331-> avg: 0.513309
in-dis-skewed knn time: 0.12552 0 0 0 0 0 0.202059 0 0 0 0 0 0.777776 0 0 0 0 0 
out-dis-skewed knn time: 0.124316 0 0 0 0 0 0.199691 0 0 0 0 0 0.786532 0 0 0 0 0 
in-dis-uniform knn time: 0.299333 0 0 0 0 0 0.487923 0 0 0 0 0 1.57241 0 0 0 0 0 
out-dis-uniform knn time: 0.32089 0 0 0 0 0 0.494696 0 0 0 0 0 1.54536 0 0 0 0 0 
range count time: 0.000460333 0 0 0 0 0 0.00367 0 0 0 0 0 0.109993 0 0 0 0 0 
range query time: 0.000528667 0 0 0 0 0 0.00924333 0 0 0 0 0 1.39457 0 0 0 0 0 
# Insert
## 0.01
median: (44, 0.115944)-> min: (6, 0.031007)-> max: (91, 0.151767)-> tot: 10.4904-> avg: 0.104903
in-dis-skewed knn time: 0.12751 0 0 0 0 0 0.20246 0 0 0 0 0 0.779278 0 0 0 0 0 
out-dis-skewed knn time: 0.127294 0 0 0 0 0 0.200489 0 0 0 0 0 0.788924 0 0 0 0 0 
in-dis-uniform knn time: 0.299509 0 0 0 0 0 0.490726 0 0 0 0 0 1.59703 0 0 0 0 0 
out-dis-uniform knn time: 0.322485 0 0 0 0 0 0.49729 0 0 0 0 0 1.57035 0 0 0 0 0 
range count time: 0.000445333 0 0 0 0 0 0.00367267 0 0 0 0 0 0.112471 0 0 0 0 0 
range query time: 0.000532667 0 0 0 0 0 0.00909433 0 0 0 0 0 1.39863 0 0 0 0 0 
# Insert
## 0.001
median: (572, 0.017753)-> min: (129, 0.00456933)-> max: (485, 0.028385)-> tot: 16.2514-> avg: 0.0162509
in-dis-skewed knn time: 0.128919 0 0 0 0 0 0.204987 0 0 0 0 0 0.780683 0 0 0 0 0 
out-dis-skewed knn time: 0.126904 0 0 0 0 0 0.202058 0 0 0 0 0 0.805392 0 0 0 0 0 
in-dis-uniform knn time: 0.301475 0 0 0 0 0 0.493543 0 0 0 0 0 1.60766 0 0 0 0 0 
out-dis-uniform knn time: 0.325688 0 0 0 0 0 0.502081 0 0 0 0 0 1.5845 0 0 0 0 0 
range count time: 0.000394667 0 0 0 0 0 0.00380767 0 0 0 0 0 0.118831 0 0 0 0 0 
range query time: 0.000543667 0 0 0 0 0 0.00918333 0 0 0 0 0 1.41449 0 0 0 0 0 
# Insert
## 0.0001
median: (6271, 0.00287333)-> min: (747, 0.000943)-> max: (305, 0.0124687)-> tot: 28.458-> avg: 0.0028453
in-dis-skewed knn time: 0.131012 0 0 0 0 0 0.206596 0 0 0 0 0 0.784065 0 0 0 0 0 
out-dis-skewed knn time: 0.12934 0 0 0 0 0 0.204503 0 0 0 0 0 0.807615 0 0 0 0 0 
in-dis-uniform knn time: 0.305287 0 0 0 0 0 0.496157 0 0 0 0 0 1.61445 0 0 0 0 0 
out-dis-uniform knn time: 0.327248 0 0 0 0 0 0.505667 0 0 0 0 0 1.59219 0 0 0 0 0 
range count time: 0.000395 0 0 0 0 0 0.00399433 0 0 0 0 0 0.123193 0 0 0 0 0 
range query time: 0.000535 0 0 0 0 0 0.00906533 0 0 0 0 0 1.43028 0 0 0 0 0 

Tree: ZdTree; AugType: WithoutBox; Split: MortonCurve; BDO: 6; Inba: 30; Coord: float; 
2_sort_by_0.in 
# Insert
## 1
median: (1, 5.37682)-> min: (1, 5.37682)-> max: (1, 5.37682)-> tot: 5.37682-> avg: 5.37682
in-dis-skewed knn time: 0.170033 0 0 0 0 0 0.305869 0 0 0 0 0 1.2275 0 0 0 0 0 
out-dis-skewed knn time: 0.116201 0 0 0 0 0 0.289018 0 0 0 0 0 2.06612 0 0 0 0 0 
in-dis-uniform knn time: 0.297031 0 0 0 0 0 0.497696 0 0 0 0 0 1.68428 0 0 0 0 0 
out-dis-uniform knn time: 0.112488 0 0 0 0 0 0.259323 0 0 0 0 0 1.84324 0 0 0 0 0 
range count time: 0.000428667 0 0 0 0 0 0.00404067 0 0 0 0 0 0.143089 0 0 0 0 0 
range query time: 0.000555 0 0 0 0 0 0.009895 0 0 0 0 0 1.58882 0 0 0 0 0 
# Insert
## 0.1
median: (0, 0.354236)-> min: (2, 0.339623)-> max: (9, 0.360022)-> tot: 3.51301-> avg: 0.3513
in-dis-skewed knn time: 0.163805 0 0 0 0 0 0.305222 0 0 0 0 0 1.21783 0 0 0 0 0 
out-dis-skewed knn time: 0.114008 0 0 0 0 0 0.289934 0 0 0 0 0 2.06953 0 0 0 0 0 
in-dis-uniform knn time: 0.296496 0 0 0 0 0 0.496596 0 0 0 0 0 1.66289 0 0 0 0 0 
out-dis-uniform knn time: 0.113163 0 0 0 0 0 0.260162 0 0 0 0 0 1.82244 0 0 0 0 0 
range count time: 0.000372667 0 0 0 0 0 0.00362633 0 0 0 0 0 0.134332 0 0 0 0 0 
range query time: 0.000536333 0 0 0 0 0 0.00970133 0 0 0 0 0 1.60123 0 0 0 0 0 
# Insert
## 0.01
median: (71, 0.03601)-> min: (13, 0.0338597)-> max: (0, 0.0556133)-> tot: 3.71595-> avg: 0.037159
in-dis-skewed knn time: 0.163038 0 0 0 0 0 0.305364 0 0 0 0 0 1.2326 0 0 0 0 0 
out-dis-skewed knn time: 0.116385 0 0 0 0 0 0.293248 0 0 0 0 0 2.07515 0 0 0 0 0 
in-dis-uniform knn time: 0.29498 0 0 0 0 0 0.495481 0 0 0 0 0 1.64578 0 0 0 0 0 
out-dis-uniform knn time: 0.113547 0 0 0 0 0 0.261759 0 0 0 0 0 1.84723 0 0 0 0 0 
range count time: 0.000379333 0 0 0 0 0 0.00360033 0 0 0 0 0 0.130068 0 0 0 0 0 
range query time: 0.000947 0 0 0 0 0 0.0101613 0 0 0 0 0 1.60223 0 0 0 0 0 
# Insert
## 0.001
median: (462, 0.00505867)-> min: (100, 0.00437)-> max: (1, 0.0181137)-> tot: 5.67092-> avg: 0.00567042
in-dis-skewed knn time: 0.164073 0 0 0 0 0 0.309739 0 0 0 0 0 1.22442 0 0 0 0 0 
out-dis-skewed knn time: 0.115777 0 0 0 0 0 0.296542 0 0 0 0 0 2.0934 0 0 0 0 0 
in-dis-uniform knn time: 0.295199 0 0 0 0 0 0.496201 0 0 0 0 0 1.6303 0 0 0 0 0 
out-dis-uniform knn time: 0.115731 0 0 0 0 0 0.265983 0 0 0 0 0 1.85379 0 0 0 0 0 
range count time: 0.000375333 0 0 0 0 0 0.00361833 0 0 0 0 0 0.123524 0 0 0 0 0 
range query time: 0.000547 0 0 0 0 0 0.00969967 0 0 0 0 0 1.53415 0 0 0 0 0 
# Insert
## 0.0001
median: (2835, 0.00110267)-> min: (868, 0.000910333)-> max: (418, 0.009128)-> tot: 13.1567-> avg: 0.00131517
in-dis-skewed knn time: 0.16625 0 0 0 0 0 0.308825 0 0 0 0 0 1.22683 0 0 0 0 0 
out-dis-skewed knn time: 0.113388 0 0 0 0 0 0.295167 0 0 0 0 0 2.11227 0 0 0 0 0 
in-dis-uniform knn time: 0.293126 0 0 0 0 0 0.493309 0 0 0 0 0 1.64842 0 0 0 0 0 
out-dis-uniform knn time: 0.113616 0 0 0 0 0 0.263969 0 0 0 0 0 1.88301 0 0 0 0 0 
range count time: 0.000364333 0 0 0 0 0 0.005042 0 0 0 0 0 0.120746 0 0 0 0 0 
range query time: 0.000457667 0 0 0 0 0 0.009556 0 0 0 0 0 1.42113 0 0 0 0 0 

Tree: ZdTree; AugType: WithoutBox; Split: MortonCurve; BDO: 6; Inba: 30; Coord: float; 
2.in 
# Insert
## 1
median: (1, 4.79024)-> min: (1, 4.79024)-> max: (1, 4.79024)-> tot: 4.79024-> avg: 4.79024
in-dis-skewed knn time: 0.296671 0 0 0 0 0 0.502494 0 0 0 0 0 1.61024 0 0 0 0 0 
out-dis-skewed knn time: 0.321566 0 0 0 0 0 0.494843 0 0 0 0 0 1.56853 0 0 0 0 0 
in-dis-uniform knn time: 0.285947 0 0 0 0 0 0.478728 0 0 0 0 0 1.53928 0 0 0 0 0 
out-dis-uniform knn time: 0.321015 0 0 0 0 0 0.487214 0 0 0 0 0 1.52299 0 0 0 0 0 
range count time: 0.000515667 0 0 0 0 0 0.003831 0 0 0 0 0 0.142502 0 0 0 0 0 
range query time: 0.000594667 0 0 0 0 0 0.010637 0 0 0 0 0 1.57336 0 0 0 0 0 
# Insert
## 0.1
median: (5, 0.583247)-> min: (0, 0.326192)-> max: (9, 0.722595)-> tot: 5.36299-> avg: 0.536298
in-dis-skewed knn time: 0.295238 0 0 0 0 0 0.498514 0 0 0 0 0 1.55176 0 0 0 0 0 
out-dis-skewed knn time: 0.326772 0 0 0 0 0 0.50193 0 0 0 0 0 1.53408 0 0 0 0 0 
in-dis-uniform knn time: 0.290177 0 0 0 0 0 0.485653 0 0 0 0 0 1.51266 0 0 0 0 0 
out-dis-uniform knn time: 0.322848 0 0 0 0 0 0.493415 0 0 0 0 0 1.50299 0 0 0 0 0 
range count time: 0.000523333 0 0 0 0 0 0.00400433 0 0 0 0 0 0.117203 0 0 0 0 0 
range query time: 0.000539 0 0 0 0 0 0.00951 0 0 0 0 0 1.39168 0 0 0 0 0 
# Insert
## 0.01
median: (50, 0.141242)-> min: (0, 0.047925)-> max: (99, 0.169615)-> tot: 12.7642-> avg: 0.127641
in-dis-skewed knn time: 0.291935 0 0 0 0 0 0.501174 0 0 0 0 0 1.5798 0 0 0 0 0 
out-dis-skewed knn time: 0.322742 0 0 0 0 0 0.502108 0 0 0 0 0 1.56369 0 0 0 0 0 
in-dis-uniform knn time: 0.285536 0 0 0 0 0 0.486629 0 0 0 0 0 1.54452 0 0 0 0 0 
out-dis-uniform knn time: 0.32037 0 0 0 0 0 0.495101 0 0 0 0 0 1.53555 0 0 0 0 0 
range count time: 0.000456333 0 0 0 0 0 0.00427 0 0 0 0 0 0.123 0 0 0 0 0 
range query time: 0.000497333 0 0 0 0 0 0.00943733 0 0 0 0 0 1.41106 0 0 0 0 0 
# Insert
## 0.001
median: (637, 0.025108)-> min: (18, 0.0114123)-> max: (421, 0.0367693)-> tot: 24.8753-> avg: 0.0248748
in-dis-skewed knn time: 0.291299 0 0 0 0 0 0.497809 0 0 0 0 0 1.58546 0 0 0 0 0 
out-dis-skewed knn time: 0.321222 0 0 0 0 0 0.500211 0 0 0 0 0 1.57119 0 0 0 0 0 
in-dis-uniform knn time: 0.28461 0 0 0 0 0 0.485301 0 0 0 0 0 1.55332 0 0 0 0 0 
out-dis-uniform knn time: 0.318039 0 0 0 0 0 0.492425 0 0 0 0 0 1.54552 0 0 0 0 0 
range count time: 0.000391 0 0 0 0 0 0.00456067 0 0 0 0 0 0.136333 0 0 0 0 0 
range query time: 0.000475333 0 0 0 0 0 0.0102477 0 0 0 0 0 1.4605 0 0 0 0 0 
# Insert
## 0.0001
median: (6359, 0.004762)-> min: (1, 0.00177567)-> max: (579, 0.020382)-> tot: 49.697-> avg: 0.0049692
in-dis-skewed knn time: 0.292148 0 0 0 0 0 0.500275 0 0 0 0 0 1.59129 0 0 0 0 0 
out-dis-skewed knn time: 0.323293 0 0 0 0 0 0.503718 0 0 0 0 0 1.57612 0 0 0 0 0 
in-dis-uniform knn time: 0.286232 0 0 0 0 0 0.487987 0 0 0 0 0 1.55951 0 0 0 0 0 
out-dis-uniform knn time: 0.319871 0 0 0 0 0 0.495993 0 0 0 0 0 1.55213 0 0 0 0 0 
range count time: 0.000410667 0 0 0 0 0 0.00529033 0 0 0 0 0 0.1458 0 0 0 0 0 
range query time: 0.00052 0 0 0 0 0 0.0100783 0 0 0 0 0 1.51122 0 0 0 0 0 

