Tree: OrthTree; AugType: HasBox; Split: RotateDim-SpatialMedian; BDO: 6; Inba: 30; Coord: integer; 
1.in 
# Insert
## 1
median: (1, 11.1972)-> min: (1, 11.1972)-> max: (1, 11.1972)-> tot: 11.1972-> avg: 11.1972
in-dis-skewed knn time: 0.12164 1 13.2158 0 92.5108 92.5108 0.269806 5.97785 16.9463 0 118.624 113.643 0.928664 31.3144 25.7002 0 179.901 148.5 
out-dis-skewed knn time: 0.376984 7.1037 43.4222 0 303.955 297.302 0.553125 16.285 53.5432 0 374.802 358.886 2.44444 93.934 93.9937 0 657.956 563.408 
in-dis-uniform knn time: 0.441621 1 12.749 0 89.2432 89.2432 0.931701 6.06081 16.5311 0 115.717 110.654 2.63748 31.8738 25.4592 0 178.215 146.346 
out-dis-uniform knn time: 0.598323 7.3061 36.5179 0 255.625 249.309 0.912899 16.5528 42.9039 0 300.327 284.761 2.79856 75.8108 66.8409 0 467.887 388.275 
range count time: 0.004738 3.61018 42.1385 42.1385 0.00306 39.5253 0.00934333 139.939 314.533 314.533 8.63176 166.961 0.381366 2372.53 4170.1 4170.1 595.436 1203.14 
range query time: 0.000813333 3.61018 42.1385 42.1385 0.00306 39.5253 0.0121093 139.939 314.533 314.533 8.63176 166.961 1.71688 2372.53 4170.1 4170.1 595.436 1203.14 
# Insert
## 0.1
median: (5, 1.15465)-> min: (9, 1.02441)-> max: (0, 3.36329)-> tot: 13.9472-> avg: 1.39472
in-dis-skewed knn time: 0.149002 1 14.8317 0 103.822 103.822 0.284937 6.2551 18.6796 0 130.757 125.499 0.961713 31.2931 27.5026 0 192.518 161.128 
out-dis-skewed knn time: 0.95819 13.7681 102.843 0 719.901 706.502 1.30769 41.9771 113.081 0 791.57 749.871 5.25547 155.606 166.078 0 1162.54 1006.93 
in-dis-uniform knn time: 0.459898 1 14.3543 0 100.48 100.48 0.978434 6.28589 18.2538 0 127.777 122.488 2.74554 31.9296 27.3125 0 191.188 159.207 
out-dis-uniform knn time: 1.30502 14.2652 75.6006 0 529.205 515.927 2.03555 40.2801 89.8301 0 628.811 589.515 6.38527 170.547 134.419 0 940.933 769.855 
range count time: 0.00253867 3.68062 47.1559 47.1559 0.00322 44.472 0.00850933 123.398 262.054 262.054 7.82366 131.832 0.506298 3024.66 4602.53 4602.53 480.189 1098.68 
range query time: 0.000938 3.68062 47.1559 47.1559 0.00322 44.472 0.0118237 123.398 262.054 262.054 7.82366 131.832 1.75442 3024.66 4602.53 4602.53 480.189 1098.68 
# Insert
## 0.01
median: (96, 0.112505)-> min: (73, 0.0912103)-> max: (0, 0.304927)-> tot: 11.7057-> avg: 0.117057
in-dis-skewed knn time: 0.145634 1 14.8316 0 103.821 103.821 0.287323 6.25506 18.6794 0 130.756 125.497 0.946059 31.2927 27.5016 0 192.511 161.121 
out-dis-skewed knn time: 0.988347 13.7681 102.843 0 719.9 706.501 1.33522 41.9771 113.081 0 791.569 749.87 5.35438 155.605 166.077 0 1162.54 1006.92 
in-dis-uniform knn time: 0.467159 1 14.3541 0 100.479 100.479 0.993156 6.2857 18.2527 0 127.769 122.481 2.77057 31.9278 27.3082 0 191.157 159.179 
out-dis-uniform knn time: 1.33263 14.241 75.618 0 529.326 516.073 2.07151 40.2107 89.8357 0 628.85 589.624 6.48027 170.703 134.296 0 940.072 768.838 
range count time: 0.00250733 3.68062 47.1559 47.1559 0.00322 44.472 0.00871767 123.398 262.053 262.053 7.82366 131.831 0.494616 3015.93 4588.86 4588.86 478.496 1095.43 
range query time: 0.000849333 3.68062 47.1559 47.1559 0.00322 44.472 0.0116447 123.398 262.053 262.053 7.82366 131.831 1.72021 3015.93 4588.86 4588.86 478.496 1095.43 
# Insert
## 0.001
median: (423, 0.012372)-> min: (865, 0.00968867)-> max: (0, 0.027091)-> tot: 12.5677-> avg: 0.0125672
in-dis-skewed knn time: 0.154693 1 14.8307 0 103.815 103.815 0.287297 6.25429 18.6751 0 130.726 125.469 0.948275 31.2861 27.4859 0 192.401 161.024 
out-dis-skewed knn time: 1.01899 13.768 102.811 0 719.675 706.276 1.39204 41.9468 113.076 0 791.532 749.866 5.38239 155.529 166.069 0 1162.48 1006.96 
in-dis-uniform knn time: 0.472052 1 14.3533 0 100.473 100.473 1.00448 6.28515 18.2492 0 127.744 122.457 2.79074 31.9233 27.295 0 191.065 159.098 
out-dis-uniform knn time: 1.34263 14.232 75.5298 0 528.709 515.465 2.09462 40.1555 89.7794 0 628.456 589.285 6.53775 170.576 134.295 0 940.067 768.96 
range count time: 0.002594 3.68108 47.1563 47.1563 0.00322 44.472 0.008609 122.517 260.431 260.431 7.78656 131.127 0.500564 2999.5 4564.39 4564.39 475.944 1089.95 
range query time: 0.000926 3.68108 47.1563 47.1563 0.00322 44.472 0.011286 122.517 260.431 260.431 7.78656 131.127 1.70507 2999.5 4564.39 4564.39 475.944 1089.95 
# Insert
## 0.0001
median: (9464, 0.002178)-> min: (9999, 0.001193)-> max: (397, 0.00553933)-> tot: 22.3822-> avg: 0.00223772
in-dis-skewed knn time: 0.149059 1 14.8296 0 103.807 103.807 0.281923 6.25346 18.6698 0 130.689 125.433 0.948795 31.2789 27.4662 0 192.263 160.902 
out-dis-skewed knn time: 1.01937 13.7679 102.811 0 719.675 706.277 1.37545 41.9468 113.076 0 791.534 749.867 5.43456 155.53 166.069 0 1162.49 1006.96 
in-dis-uniform knn time: 0.474717 1 14.353 0 100.471 100.471 1.00701 6.28495 18.2476 0 127.733 122.446 2.79037 31.9211 27.2887 0 191.021 159.058 
out-dis-uniform knn time: 1.36235 14.216 75.568 0 528.976 515.748 2.12012 40.1711 89.9695 0 629.786 590.6 6.57505 170.698 134.402 0 940.813 769.585 
range count time: 0.00257067 3.6711 47.1197 47.1197 0.00322 44.4454 0.008635 122.002 259.442 259.442 7.76516 130.674 0.505036 2982.21 4538.31 4538.31 474.151 1082.95 
range query time: 0.000852 3.6711 47.1197 47.1197 0.00322 44.4454 0.011474 122.002 259.442 259.442 7.76516 130.674 1.69134 2982.21 4538.31 4538.31 474.151 1082.95 

Tree: OrthTree; AugType: HasBox; Split: RotateDim-SpatialMedian; BDO: 6; Inba: 30; Coord: integer; 
2_sort_by_0.in 
# Insert
## 1
median: (1, 6.57934)-> min: (1, 6.57934)-> max: (1, 6.57934)-> tot: 6.57934-> avg: 6.57934
in-dis-skewed knn time: 0.183929 1 8.36749 0 58.5724 58.5724 0.633669 6.7065 12.1256 0 84.8792 79.1727 2.3968 36.5537 21.9381 0 153.567 117.953 
out-dis-skewed knn time: 0.344616 2.60995 13.3357 0 93.3499 91.74 1.37085 18.5075 26.5882 0 186.118 168.61 5.23392 92.7265 60.9396 0 426.577 334.794 
in-dis-uniform knn time: 0.310217 1 8.36746 0 58.5722 58.5722 0.951931 6.95164 12.8073 0 89.6513 83.6997 3.21293 38.3293 24.0114 0 168.08 130.691 
out-dis-uniform knn time: 0.343111 2.66426 12.62 0 88.3398 86.6756 1.16539 15.5986 22.6174 0 158.322 143.723 4.02821 71.9742 47.0876 0 329.613 258.583 
range count time: 0.001184 4.99628 36.4787 36.4787 0.00254 32.4798 0.053479 487.587 1179.19 1179.19 3.2606 689.343 0.882903 3738.61 6210.77 6210.77 629.954 1843.21 
range query time: 0.000842 4.99628 36.4787 36.4787 0.00254 32.4798 0.0580023 487.587 1179.19 1179.19 3.2606 689.343 2.01002 3738.61 6210.77 6210.77 629.954 1843.21 
# Insert
## 0.1
median: (7, 0.638063)-> min: (1, 0.561414)-> max: (4, 0.700811)-> tot: 6.17789-> avg: 0.617788
in-dis-skewed knn time: 0.187342 1 8.99996 0 62.9997 62.9997 0.602478 7.63265 13.4662 0 94.2633 87.6306 2.32743 43.2176 25.6687 0 179.681 137.459 
out-dis-skewed knn time: 0.378418 2.27974 15.2267 0 106.587 105.307 1.78399 23.1219 37.3985 0 261.79 239.668 7.7834 146.053 103.303 0 723.124 578.066 
in-dis-uniform knn time: 0.298817 1 8.99996 0 62.9997 62.9997 0.863887 7.91628 14.184 0 99.2883 92.372 2.99535 45.1611 28.0642 0 196.45 152.284 
out-dis-uniform knn time: 0.380616 2.37209 14.5705 0 101.994 100.622 1.53461 20.1352 31.7007 0 221.905 202.769 6.10778 117.206 78.4331 0 549.032 432.821 
range count time: 0.000991667 5.62248 39.8567 39.8567 0.00196 35.2323 0.0481703 550.017 1314.61 1314.61 3.80202 761.789 0.812116 4609.29 7453.95 7453.95 793.144 2052.52 
range query time: 0.000751 5.62248 39.8567 39.8567 0.00196 35.2323 0.0534487 550.017 1314.61 1314.61 3.80202 761.789 1.9105 4609.29 7453.95 7453.95 793.144 2052.52 
# Insert
## 0.01
median: (30, 0.060926)-> min: (46, 0.0494633)-> max: (99, 0.0899853)-> tot: 6.13728-> avg: 0.0613723
in-dis-skewed knn time: 0.192515 1 8.99996 0 62.9997 62.9997 0.623679 7.63265 13.4662 0 94.2633 87.6306 2.38922 43.2176 25.6687 0 179.681 137.459 
out-dis-skewed knn time: 0.393159 2.27974 15.2267 0 106.587 105.307 1.83874 23.1219 37.3985 0 261.79 239.668 7.91674 146.053 103.303 0 723.124 578.066 
in-dis-uniform knn time: 0.307954 1 8.99996 0 62.9997 62.9997 0.881515 7.91628 14.184 0 99.2883 92.372 3.01953 45.1611 28.0642 0 196.45 152.284 
out-dis-uniform knn time: 0.396908 2.37209 14.5705 0 101.994 100.622 1.57975 20.1352 31.7007 0 221.905 202.769 6.20957 117.206 78.4331 0 549.032 432.821 
range count time: 0.001233 5.62248 39.8567 39.8567 0.00196 35.2323 0.0496173 550.017 1314.61 1314.61 3.80202 761.789 0.829171 4609.29 7453.95 7453.95 793.144 2052.52 
range query time: 0.000787667 5.62248 39.8567 39.8567 0.00196 35.2323 0.055661 550.017 1314.61 1314.61 3.80202 761.789 1.85588 4609.29 7453.95 7453.95 793.144 2052.52 
# Insert
## 0.001
median: (410, 0.00659667)-> min: (879, 0.00445533)-> max: (431, 0.00964533)-> tot: 6.63162-> avg: 0.00663111
in-dis-skewed knn time: 0.200679 1 8.99996 0 62.9997 62.9997 0.647791 7.63265 13.4662 0 94.2633 87.6306 2.45502 43.2176 25.6687 0 179.681 137.459 
out-dis-skewed knn time: 0.404565 2.27974 15.2267 0 106.587 105.307 1.90337 23.1219 37.3985 0 261.79 239.668 8.089 146.053 103.303 0 723.124 578.066 
in-dis-uniform knn time: 0.312842 1 8.99996 0 62.9997 62.9997 0.89132 7.91628 14.184 0 99.2883 92.372 3.03548 45.1611 28.0642 0 196.45 152.284 
out-dis-uniform knn time: 0.409525 2.37209 14.5705 0 101.994 100.622 1.6345 20.1352 31.7007 0 221.905 202.769 6.33604 117.206 78.4331 0 549.032 432.821 
range count time: 0.000941667 5.62248 39.8567 39.8567 0.00196 35.2323 0.0509837 550.017 1314.61 1314.61 3.80202 761.789 0.819395 4609.29 7453.95 7453.95 793.144 2052.52 
range query time: 0.000784667 5.62248 39.8567 39.8567 0.00196 35.2323 0.0556407 550.017 1314.61 1314.61 3.80202 761.789 1.80145 4609.29 7453.95 7453.95 793.144 2052.52 
# Insert
## 0.0001
median: (5113, 0.00207467)-> min: (0, 0.000820333)-> max: (5585, 0.003524)-> tot: 19.6776-> avg: 0.00196726
in-dis-skewed knn time: 0.20327 1 8.99996 0 62.9997 62.9997 0.659935 7.63265 13.4662 0 94.2633 87.6306 2.49692 43.2176 25.6687 0 179.681 137.459 
out-dis-skewed knn time: 0.411584 2.27974 15.2267 0 106.587 105.307 1.96256 23.1219 37.3985 0 261.79 239.668 8.34206 146.053 103.303 0 723.124 578.066 
in-dis-uniform knn time: 0.322245 1 8.99996 0 62.9997 62.9997 0.890847 7.91628 14.184 0 99.2883 92.372 2.98188 45.1611 28.0642 0 196.45 152.284 
out-dis-uniform knn time: 0.419287 2.37209 14.5705 0 101.994 100.622 1.68762 20.1352 31.7007 0 221.905 202.769 6.5166 117.206 78.4331 0 549.032 432.821 
range count time: 0.000960667 5.62248 39.8567 39.8567 0.00196 35.2323 0.0515403 550.017 1314.61 1314.61 3.80202 761.789 0.822793 4609.29 7453.95 7453.95 793.144 2052.52 
range query time: 0.00111167 5.62248 39.8567 39.8567 0.00196 35.2323 0.0557937 550.017 1314.61 1314.61 3.80202 761.789 1.78754 4609.29 7453.95 7453.95 793.144 2052.52 

Tree: OrthTree; AugType: HasBox; Split: RotateDim-SpatialMedian; BDO: 6; Inba: 30; Coord: integer; 
2.in 
# Insert
## 1
median: (1, 5.17934)-> min: (1, 5.17934)-> max: (1, 5.17934)-> tot: 5.17934-> avg: 5.17934
in-dis-skewed knn time: 0.313092 1 8.36749 0 58.5725 58.5725 0.927036 6.68798 12.5409 0 87.7866 82.0986 3.08371 36.6139 22.8973 0 160.281 124.607 
out-dis-skewed knn time: 0.4732 2.18849 9.78528 0 68.497 67.3085 0.902374 6.86693 12.6823 0 88.7763 82.9093 2.9739 36.4192 22.9026 0 160.318 124.842 
in-dis-uniform knn time: 0.309602 1 8.36735 0 58.5715 58.5715 0.864653 6.68847 12.541 0 87.7873 82.0989 2.89838 36.614 22.894 0 160.258 124.584 
out-dis-uniform knn time: 0.475481 2.18864 9.78709 0 68.5096 67.321 0.887839 6.86778 12.686 0 88.8023 82.9346 2.85576 36.4241 22.9054 0 160.338 124.857 
range count time: 0.00134733 5.76692 40.9767 40.9767 0.00048 36.2093 0.042053 396.952 1002.18 1002.18 2.61016 603.618 0.700806 3077.43 5141.36 5141.36 575.596 1489.33 
range query time: 0.000904 5.76692 40.9767 40.9767 0.00048 36.2093 0.0473763 396.952 1002.18 1002.18 2.61016 603.618 1.94259 3077.43 5141.36 5141.36 575.596 1489.33 
# Insert
## 0.1
median: (8, 0.642432)-> min: (1, 0.380915)-> max: (5, 0.700824)-> tot: 5.68637-> avg: 0.568636
in-dis-skewed knn time: 0.327653 1 8.36749 0 58.5725 58.5725 0.952298 6.68798 12.5409 0 87.7866 82.0986 3.12173 36.6139 22.8973 0 160.281 124.607 
out-dis-skewed knn time: 0.490743 2.18849 9.78528 0 68.497 67.3085 0.927767 6.86693 12.6823 0 88.7763 82.9093 3.00936 36.4192 22.9026 0 160.318 124.842 
in-dis-uniform knn time: 0.322781 1 8.36735 0 58.5715 58.5715 0.892399 6.68847 12.541 0 87.7873 82.0989 2.94091 36.614 22.894 0 160.258 124.584 
out-dis-uniform knn time: 0.495872 2.18864 9.78709 0 68.5096 67.321 0.918296 6.86778 12.686 0 88.8023 82.9346 2.90939 36.4241 22.9054 0 160.338 124.857 
range count time: 0.00121167 5.76692 40.9767 40.9767 0.00048 36.2093 0.0477273 396.952 1002.18 1002.18 2.61016 603.618 0.703977 3077.43 5141.36 5141.36 575.596 1489.33 
range query time: 0.00083 5.76692 40.9767 40.9767 0.00048 36.2093 0.052301 396.952 1002.18 1002.18 2.61016 603.618 1.80262 3077.43 5141.36 5141.36 575.596 1489.33 
# Insert
## 0.01
median: (86, 0.149073)-> min: (2, 0.04303)-> max: (59, 0.162611)-> tot: 12.5173-> avg: 0.125172
in-dis-skewed knn time: 0.338392 1 8.36749 0 58.5725 58.5725 0.985451 6.68798 12.5409 0 87.7866 82.0986 3.22173 36.6139 22.8973 0 160.281 124.607 
out-dis-skewed knn time: 0.50364 2.18849 9.78528 0 68.497 67.3085 0.957387 6.86693 12.6823 0 88.7763 82.9093 3.10363 36.4192 22.9026 0 160.318 124.842 
in-dis-uniform knn time: 0.329451 1 8.36735 0 58.5715 58.5715 0.91789 6.68847 12.541 0 87.7873 82.0989 3.02949 36.614 22.894 0 160.258 124.584 
out-dis-uniform knn time: 0.506386 2.18864 9.78709 0 68.5096 67.321 0.943176 6.86778 12.686 0 88.8023 82.9346 2.99133 36.4241 22.9054 0 160.338 124.857 
range count time: 0.00117433 5.76692 40.9767 40.9767 0.00048 36.2093 0.0466827 396.952 1002.18 1002.18 2.61016 603.618 0.734385 3077.43 5141.36 5141.36 575.596 1489.33 
range query time: 0.000855 5.76692 40.9767 40.9767 0.00048 36.2093 0.050035 396.952 1002.18 1002.18 2.61016 603.618 1.80835 3077.43 5141.36 5141.36 575.596 1489.33 
# Insert
## 0.001
median: (845, 0.027356)-> min: (0, 0.00427167)-> max: (586, 0.0319567)-> tot: 24.185-> avg: 0.0241845
in-dis-skewed knn time: 0.337593 1 8.36749 0 58.5725 58.5725 0.990454 6.68798 12.5409 0 87.7866 82.0986 3.23867 36.6139 22.8973 0 160.281 124.607 
out-dis-skewed knn time: 0.506931 2.18849 9.78528 0 68.497 67.3085 0.962769 6.86693 12.6823 0 88.7763 82.9093 3.1196 36.4192 22.9026 0 160.318 124.842 
in-dis-uniform knn time: 0.331854 1 8.36735 0 58.5715 58.5715 0.923048 6.68847 12.541 0 87.7873 82.0989 3.04523 36.614 22.894 0 160.258 124.584 
out-dis-uniform knn time: 0.512364 2.18864 9.78709 0 68.5096 67.321 0.948789 6.86778 12.686 0 88.8023 82.9346 3.00751 36.4241 22.9054 0 160.338 124.857 
range count time: 0.00118467 5.76692 40.9767 40.9767 0.00048 36.2093 0.047327 396.952 1002.18 1002.18 2.61016 603.618 0.711848 3077.43 5141.36 5141.36 575.596 1489.33 
range query time: 0.000891 5.76692 40.9767 40.9767 0.00048 36.2093 0.050784 396.952 1002.18 1002.18 2.61016 603.618 1.80161 3077.43 5141.36 5141.36 575.596 1489.33 
# Insert
## 0.0001
median: (9226, 0.00384467)-> min: (0, 0.000661333)-> max: (7324, 0.007842)-> tot: 35.3684-> avg: 0.00353634
in-dis-skewed knn time: 0.337581 1 8.36749 0 58.5725 58.5725 0.990287 6.68798 12.5409 0 87.7866 82.0986 3.2414 36.6139 22.8973 0 160.281 124.607 
out-dis-skewed knn time: 0.50752 2.18849 9.78528 0 68.497 67.3085 0.9647 6.86693 12.6823 0 88.7763 82.9093 3.12323 36.4192 22.9026 0 160.318 124.842 
in-dis-uniform knn time: 0.331552 1 8.36735 0 58.5715 58.5715 0.924784 6.68847 12.541 0 87.7873 82.0989 3.04937 36.614 22.894 0 160.258 124.584 
out-dis-uniform knn time: 0.510229 2.18864 9.78709 0 68.5096 67.321 0.949894 6.86778 12.686 0 88.8023 82.9346 3.01213 36.4241 22.9054 0 160.338 124.857 
range count time: 0.00117567 5.76692 40.9767 40.9767 0.00048 36.2093 0.047063 396.952 1002.18 1002.18 2.61016 603.618 0.709436 3077.43 5141.36 5141.36 575.596 1489.33 
range query time: 0.000907333 5.76692 40.9767 40.9767 0.00048 36.2093 0.0506777 396.952 1002.18 1002.18 2.61016 603.618 1.81129 3077.43 5141.36 5141.36 575.596 1489.33 

