Tree: ZdTree; AugType: WithoutBox; Split: MortonCurve; BDO: 6; Inba: 30; Coord: float; 
1.in 
# Insert
## 1
median: (1, 6.70142)-> min: (1, 6.70142)-> max: (1, 6.70142)-> tot: 6.70142-> avg: 6.70142
in-dis-skewed knn time: 0.0999463 0 0 0 0 0 0.241552 0 0 0 0 0 1.10174 0 0 0 0 0 
out-dis-skewed knn time: 0.11067 0 0 0 0 0 0.24601 0 0 0 0 0 1.27002 0 0 0 0 0 
in-dis-uniform knn time: 0.331757 0 0 0 0 0 1.06739 0 0 0 0 0 3.76734 0 0 0 0 0 
out-dis-uniform knn time: 0.489428 0 0 0 0 0 1.03406 0 0 0 0 0 3.68528 0 0 0 0 0 
range count time: 0.00132433 0 0 0 0 0 0.008284 0 0 0 0 0 0.87684 0 0 0 0 0 
range query time: 0.000842667 0 0 0 0 0 0.0146423 0 0 0 0 0 2.26616 0 0 0 0 0 
# Delete
## 0.1
median: (5, 0.736721)-> min: (9, 0.443507)-> max: (2, 0.827496)-> tot: 6.90507-> avg: 0.690507
in-dis-skewed knn time: 0.101276 0 0 0 0 0 0.247485 0 0 0 0 0 1.13242 0 0 0 0 0 
out-dis-skewed knn time: 0.113632 0 0 0 0 0 0.248201 0 0 0 0 0 1.28906 0 0 0 0 0 
in-dis-uniform knn time: 0.338243 0 0 0 0 0 1.08774 0 0 0 0 0 3.55791 0 0 0 0 0 
out-dis-uniform knn time: 0.505323 0 0 0 0 0 1.06524 0 0 0 0 0 3.54759 0 0 0 0 0 
range count time: 0.000706667 0 0 0 0 0 0.00814033 0 0 0 0 0 0.779283 0 0 0 0 0 
range query time: 0.000824667 0 0 0 0 0 0.014819 0 0 0 0 0 2.17652 0 0 0 0 0 
# Delete
## 0.01
median: (16, 0.0851183)-> min: (99, 0.047634)-> max: (29, 0.103987)-> tot: 8.17164-> avg: 0.0817159
in-dis-skewed knn time: 0.101643 0 0 0 0 0 0.247097 0 0 0 0 0 1.13477 0 0 0 0 0 
out-dis-skewed knn time: 0.111696 0 0 0 0 0 0.25054 0 0 0 0 0 1.26662 0 0 0 0 0 
in-dis-uniform knn time: 0.339262 0 0 0 0 0 1.0853 0 0 0 0 0 3.53827 0 0 0 0 0 
out-dis-uniform knn time: 0.505778 0 0 0 0 0 1.06051 0 0 0 0 0 3.52653 0 0 0 0 0 
range count time: 0.001673 0 0 0 0 0 0.00801933 0 0 0 0 0 0.770705 0 0 0 0 0 
range query time: 0.00075 0 0 0 0 0 0.0151527 0 0 0 0 0 2.1531 0 0 0 0 0 
# Delete
## 0.001
median: (820, 0.0111553)-> min: (95, 0.00707033)-> max: (999, 0.0276383)-> tot: 11.8498-> avg: 0.0118493
in-dis-skewed knn time: 0.101876 0 0 0 0 0 0.246403 0 0 0 0 0 1.13772 0 0 0 0 0 
out-dis-skewed knn time: 0.110533 0 0 0 0 0 0.25049 0 0 0 0 0 1.2907 0 0 0 0 0 
in-dis-uniform knn time: 0.338312 0 0 0 0 0 1.08413 0 0 0 0 0 3.53311 0 0 0 0 0 
out-dis-uniform knn time: 0.505008 0 0 0 0 0 1.05932 0 0 0 0 0 3.52468 0 0 0 0 0 
range count time: 0.00174167 0 0 0 0 0 0.00811333 0 0 0 0 0 0.772286 0 0 0 0 0 
range query time: 0.001048 0 0 0 0 0 0.0150287 0 0 0 0 0 2.15349 0 0 0 0 0 
# Delete
## 0.0001
median: (2401, 0.002163)-> min: (73, 0.00132433)-> max: (9627, 0.022973)-> tot: 36.8412-> avg: 0.00368362
in-dis-skewed knn time: 0.101612 0 0 0 0 0 0.245954 0 0 0 0 0 1.11078 0 0 0 0 0 
out-dis-skewed knn time: 0.110679 0 0 0 0 0 0.24771 0 0 0 0 0 1.27703 0 0 0 0 0 
in-dis-uniform knn time: 0.33881 0 0 0 0 0 1.08412 0 0 0 0 0 3.53251 0 0 0 0 0 
out-dis-uniform knn time: 0.505602 0 0 0 0 0 1.06089 0 0 0 0 0 3.53021 0 0 0 0 0 
range count time: 0.00069 0 0 0 0 0 0.008457 0 0 0 0 0 0.767343 0 0 0 0 0 
range query time: 0.00081 0 0 0 0 0 0.0146733 0 0 0 0 0 2.14993 0 0 0 0 0 

Tree: ZdTree; AugType: WithoutBox; Split: MortonCurve; BDO: 6; Inba: 30; Coord: float; 
2_sort_by_0.in 
# Insert
## 1
median: (1, 6.72473)-> min: (1, 6.72473)-> max: (1, 6.72473)-> tot: 6.72473-> avg: 6.72473
in-dis-skewed knn time: 0.175884 0 0 0 0 0 0.725012 0 0 0 0 0 2.89752 0 0 0 0 0 
out-dis-skewed knn time: 0.140507 0 0 0 0 0 0.345785 0 0 0 0 0 3.28297 0 0 0 0 0 
in-dis-uniform knn time: 0.313121 0 0 0 0 0 1.09092 0 0 0 0 0 4.01239 0 0 0 0 0 
out-dis-uniform knn time: 0.135822 0 0 0 0 0 0.320004 0 0 0 0 0 3.57129 0 0 0 0 0 
range count time: 0.000591 0 0 0 0 0 0.093222 0 0 0 0 0 1.16331 0 0 0 0 0 
range query time: 0.00192433 0 0 0 0 0 0.102009 0 0 0 0 0 2.41482 0 0 0 0 0 
# Delete
## 0.1
median: (5, 0.4268)-> min: (2, 0.41353)-> max: (8, 0.457704)-> tot: 4.30844-> avg: 0.430844
in-dis-skewed knn time: 0.185728 0 0 0 0 0 0.725726 0 0 0 0 0 2.85507 0 0 0 0 0 
out-dis-skewed knn time: 0.149464 0 0 0 0 0 0.358467 0 0 0 0 0 3.18905 0 0 0 0 0 
in-dis-uniform knn time: 0.310886 0 0 0 0 0 1.08424 0 0 0 0 0 3.90928 0 0 0 0 0 
out-dis-uniform knn time: 0.141993 0 0 0 0 0 0.337889 0 0 0 0 0 3.43364 0 0 0 0 0 
range count time: 0.000594333 0 0 0 0 0 0.085681 0 0 0 0 0 1.11881 0 0 0 0 0 
range query time: 0.000733 0 0 0 0 0 0.092337 0 0 0 0 0 2.4107 0 0 0 0 0 
# Delete
## 0.01
median: (41, 0.0523203)-> min: (9, 0.0406037)-> max: (98, 0.075331)-> tot: 5.40786-> avg: 0.0540781
in-dis-skewed knn time: 0.184871 0 0 0 0 0 0.726561 0 0 0 0 0 2.75932 0 0 0 0 0 
out-dis-skewed knn time: 0.14774 0 0 0 0 0 0.361342 0 0 0 0 0 3.13641 0 0 0 0 0 
in-dis-uniform knn time: 0.311935 0 0 0 0 0 1.07488 0 0 0 0 0 3.67574 0 0 0 0 0 
out-dis-uniform knn time: 0.150896 0 0 0 0 0 0.341333 0 0 0 0 0 3.34758 0 0 0 0 0 
range count time: 0.00124267 0 0 0 0 0 0.0731163 0 0 0 0 0 0.998355 0 0 0 0 0 
range query time: 0.000636333 0 0 0 0 0 0.08399 0 0 0 0 0 2.34961 0 0 0 0 0 
# Delete
## 0.001
median: (508, 0.012084)-> min: (13, 0.00545567)-> max: (721, 0.0429407)-> tot: 13.6378-> avg: 0.0136373
in-dis-skewed knn time: 0.184793 0 0 0 0 0 0.731055 0 0 0 0 0 2.79414 0 0 0 0 0 
out-dis-skewed knn time: 0.151485 0 0 0 0 0 0.361939 0 0 0 0 0 3.15502 0 0 0 0 0 
in-dis-uniform knn time: 0.314022 0 0 0 0 0 1.07114 0 0 0 0 0 3.62149 0 0 0 0 0 
out-dis-uniform knn time: 0.151257 0 0 0 0 0 0.342798 0 0 0 0 0 3.35733 0 0 0 0 0 
range count time: 0.000591333 0 0 0 0 0 0.0747287 0 0 0 0 0 0.961508 0 0 0 0 0 
range query time: 0.000715667 0 0 0 0 0 0.078456 0 0 0 0 0 2.19394 0 0 0 0 0 
# Delete
## 0.0001
median: (2926, 0.00344133)-> min: (1350, 0.00113867)-> max: (4607, 0.0297233)-> tot: 42.9937-> avg: 0.00429887
in-dis-skewed knn time: 0.183519 0 0 0 0 0 0.7319 0 0 0 0 0 2.79008 0 0 0 0 0 
out-dis-skewed knn time: 0.151813 0 0 0 0 0 0.36171 0 0 0 0 0 3.12717 0 0 0 0 0 
in-dis-uniform knn time: 0.312868 0 0 0 0 0 1.06534 0 0 0 0 0 3.60151 0 0 0 0 0 
out-dis-uniform knn time: 0.145734 0 0 0 0 0 0.340237 0 0 0 0 0 3.3369 0 0 0 0 0 
range count time: 0.000953 0 0 0 0 0 0.0753247 0 0 0 0 0 0.956388 0 0 0 0 0 
range query time: 0.00103033 0 0 0 0 0 0.0837397 0 0 0 0 0 2.20109 0 0 0 0 0 

Tree: ZdTree; AugType: WithoutBox; Split: MortonCurve; BDO: 6; Inba: 30; Coord: float; 
2.in 
# Insert
## 1
median: (1, 7.7335)-> min: (1, 7.7335)-> max: (1, 7.7335)-> tot: 7.7335-> avg: 7.7335
in-dis-skewed knn time: 0.305301 0 0 0 0 0 1.08364 0 0 0 0 0 3.98434 0 0 0 0 0 
out-dis-skewed knn time: 0.490666 0 0 0 0 0 1.04789 0 0 0 0 0 3.81209 0 0 0 0 0 
in-dis-uniform knn time: 0.30058 0 0 0 0 0 0.984652 0 0 0 0 0 3.69929 0 0 0 0 0 
out-dis-uniform knn time: 0.484916 0 0 0 0 0 1.00256 0 0 0 0 0 3.63911 0 0 0 0 0 
range count time: 0.000654667 0 0 0 0 0 0.0652347 0 0 0 0 0 1.07411 0 0 0 0 0 
range query time: 0.00178867 0 0 0 0 0 0.0728563 0 0 0 0 0 2.34569 0 0 0 0 0 
# Delete
## 0.1
median: (3, 0.813605)-> min: (9, 0.424622)-> max: (0, 1.31554)-> tot: 8.15604-> avg: 0.815604
in-dis-skewed knn time: 0.312829 0 0 0 0 0 1.10448 0 0 0 0 0 3.80673 0 0 0 0 0 
out-dis-skewed knn time: 0.51372 0 0 0 0 0 1.08821 0 0 0 0 0 3.65363 0 0 0 0 0 
in-dis-uniform knn time: 0.304127 0 0 0 0 0 1.01381 0 0 0 0 0 3.5352 0 0 0 0 0 
out-dis-uniform knn time: 0.500044 0 0 0 0 0 1.02566 0 0 0 0 0 3.47288 0 0 0 0 0 
range count time: 0.00162233 0 0 0 0 0 0.0593863 0 0 0 0 0 0.956655 0 0 0 0 0 
range query time: 0.000813 0 0 0 0 0 0.0684353 0 0 0 0 0 2.29473 0 0 0 0 0 
# Delete
## 0.01
median: (36, 0.195035)-> min: (99, 0.045034)-> max: (0, 0.251453)-> tot: 18.3878-> avg: 0.183878
in-dis-skewed knn time: 0.314786 0 0 0 0 0 1.09164 0 0 0 0 0 3.74046 0 0 0 0 0 
out-dis-skewed knn time: 0.514022 0 0 0 0 0 1.07641 0 0 0 0 0 3.59319 0 0 0 0 0 
in-dis-uniform knn time: 0.309121 0 0 0 0 0 1.00441 0 0 0 0 0 3.48071 0 0 0 0 0 
out-dis-uniform knn time: 0.501323 0 0 0 0 0 1.01906 0 0 0 0 0 3.42535 0 0 0 0 0 
range count time: 0.000679667 0 0 0 0 0 0.0590283 0 0 0 0 0 0.934512 0 0 0 0 0 
range query time: 0.000801333 0 0 0 0 0 0.0651773 0 0 0 0 0 2.25664 0 0 0 0 0 
# Delete
## 0.001
median: (378, 0.033591)-> min: (999, 0.0125683)-> max: (5, 0.050152)-> tot: 32.2926-> avg: 0.0322921
in-dis-skewed knn time: 0.315239 0 0 0 0 0 1.09518 0 0 0 0 0 3.75179 0 0 0 0 0 
out-dis-skewed knn time: 0.516941 0 0 0 0 0 1.08162 0 0 0 0 0 3.60831 0 0 0 0 0 
in-dis-uniform knn time: 0.308644 0 0 0 0 0 1.01164 0 0 0 0 0 3.49937 0 0 0 0 0 
out-dis-uniform knn time: 0.504612 0 0 0 0 0 1.02672 0 0 0 0 0 3.44959 0 0 0 0 0 
range count time: 0.000991667 0 0 0 0 0 0.0588443 0 0 0 0 0 0.935287 0 0 0 0 0 
range query time: 0.000768667 0 0 0 0 0 0.0652117 0 0 0 0 0 2.25268 0 0 0 0 0 
# Delete
## 0.0001
median: (6006, 0.00584067)-> min: (9277, 0.00437033)-> max: (9840, 0.0356937)-> tot: 64.3348-> avg: 0.00643299
in-dis-skewed knn time: 0.316087 0 0 0 0 0 1.09592 0 0 0 0 0 3.76694 0 0 0 0 0 
out-dis-skewed knn time: 0.518302 0 0 0 0 0 1.08444 0 0 0 0 0 3.62881 0 0 0 0 0 
in-dis-uniform knn time: 0.309178 0 0 0 0 0 1.01585 0 0 0 0 0 3.52332 0 0 0 0 0 
out-dis-uniform knn time: 0.505116 0 0 0 0 0 1.03203 0 0 0 0 0 3.47843 0 0 0 0 0 
range count time: 0.00101467 0 0 0 0 0 0.060087 0 0 0 0 0 0.939838 0 0 0 0 0 
range query time: 0.00114833 0 0 0 0 0 0.0689343 0 0 0 0 0 2.26451 0 0 0 0 0 

