Tree: PTree; AugType: HasBox; Split: MortonCurve; BDO: 6; Inba: 30; Coord: integer; 
1.in 
# Insert
## 1
median: (1, 2.9411)-> min: (1, 2.9411)-> max: (1, 2.9411)-> tot: 2.9411-> avg: 2.9411
in-dis-skewed knn time: 3.75483 97.611 669.696 0 669.696 573.085 12.0005 243.751 1095.3 0 1095.3 852.551 41.2739 520.559 1560.09 0 1560.09 1040.53 
out-dis-skewed knn time: 6.20938 148.6 960.46 0 960.46 812.859 16.8294 338.673 1419.99 0 1419.99 1082.32 55.3036 723.964 2058 0 2058 1335.03 
in-dis-uniform knn time: 23.1547 103.911 671.119 0 671.119 568.208 51.4028 269.264 1114.07 0 1114.07 845.805 104.462 569.972 1602.31 0 1602.31 1033.34 
out-dis-uniform knn time: 22.364 101.555 655.218 0 655.218 554.663 49.384 259.905 1078.52 0 1078.52 819.613 101.278 554.282 1559.52 0 1559.52 1006.24 
range count time: 0.002011 7.90888 90.788 0 0 83.8791 0.0111173 65.5908 233.474 0 0.26386 168.62 1.05213 1126.24 2178.47 0 124.482 928.744 
range query time: 0.00156767 7.90888 90.788 0 0 83.8791 0.0157407 65.5908 233.474 0 0.26386 168.62 1.99999 1126.24 2178.47 0 124.482 928.744 
# Delete
## 0.1
median: (6, 0.374282)-> min: (9, 0.209367)-> max: (3, 0.448858)-> tot: 3.48002-> avg: 0.348002
in-dis-skewed knn time: 5.75198 111.563 780.634 0 780.634 670.071 16.9009 291.155 1312.85 0 1312.85 1022.7 52.8829 622.496 1868.31 0 1868.31 1246.82 
out-dis-skewed knn time: 6.33284 122.024 841.606 0 841.606 720.583 18.2761 334.573 1447.3 0 1447.3 1113.73 59.0276 736.822 2124.91 0 2124.91 1389.09 
in-dis-uniform knn time: 22.2971 105.621 698.41 0 698.41 593.79 50.3141 280.6 1181.8 0 1181.8 902.205 103.981 599.549 1702.15 0 1702.15 1103.6 
out-dis-uniform knn time: 21.552 102.007 675.049 0 675.049 574.042 48.1761 270.256 1144.46 0 1144.46 875.205 100.091 583.508 1658.86 0 1658.86 1076.35 
range count time: 0.001901 7.92944 90.2066 0 0 83.2772 0.013159 67.2777 236.988 0 0.31312 170.398 1.05957 1172.98 2281.11 0 135.426 973.702 
range query time: 0.00204167 7.92944 90.2066 0 0 83.2772 0.0170607 67.2777 236.988 0 0.31312 170.398 2.14483 1172.98 2281.11 0 135.426 973.702 
# Delete
## 0.01
median: (75, 0.052236)-> min: (3, 0.0208923)-> max: (48, 0.0639353)-> tot: 4.72633-> avg: 0.0472628
in-dis-skewed knn time: 5.73427 112.982 783.536 0 783.536 671.554 15.6308 277.155 1250.63 0 1250.63 974.478 49.2164 598.353 1774.79 0 1774.79 1177.43 
out-dis-skewed knn time: 6.08274 118.842 821.081 0 821.081 703.239 19.0456 346.241 1528.07 0 1528.07 1182.83 60.988 763.944 2235.35 0 2235.35 1472.41 
in-dis-uniform knn time: 22.3441 107.133 705.133 0 705.133 599 49.8661 278.367 1177.44 0 1177.44 900.069 102.941 595.243 1695.31 0 1695.31 1101.07 
out-dis-uniform knn time: 21.5829 103.358 681.054 0 681.054 578.697 47.9352 269.394 1149.85 0 1149.85 881.46 99.8805 583.102 1668.01 0 1668.01 1085.91 
range count time: 0.001897 7.95302 94.5859 0 0 87.6329 0.013467 67.4188 239.978 0 0.31902 173.241 1.06715 1173.76 2279.3 0 135.237 971.308 
range query time: 0.00186033 7.95302 94.5859 0 0 87.6329 0.0177123 67.4188 239.978 0 0.31902 173.241 2.15109 1173.76 2279.3 0 135.237 971.308 
# Delete
## 0.001
median: (746, 0.00632933)-> min: (999, 0.00254567)-> max: (397, 0.010372)-> tot: 5.87298-> avg: 0.00587248
in-dis-skewed knn time: 5.77853 113.748 791.586 0 791.586 678.838 15.7749 279.904 1264.56 0 1264.56 985.654 49.8167 604.198 1794.67 0 1794.67 1191.47 
out-dis-skewed knn time: 6.25639 120.965 829.9 0 829.9 709.935 17.6293 316.461 1399.6 0 1399.6 1084.14 55.6185 704.09 2062.75 0 2062.75 1359.66 
in-dis-uniform knn time: 22.2731 106.915 702.602 0 702.602 596.687 48.8189 273.161 1150.45 0 1150.45 878.291 100.123 580.622 1651.74 0 1651.74 1072.12 
out-dis-uniform knn time: 21.578 103.682 681.019 0 681.019 578.337 46.8751 263.274 1115.86 0 1115.86 853.588 96.8267 565.086 1611.67 0 1611.67 1047.58 
range count time: 0.002221 7.95442 93.3197 0 0 86.3653 0.0139727 67.3932 238.391 0 0.31932 171.679 1.06203 1173.78 2279.25 0 135.18 971.285 
range query time: 0.00170567 7.95442 93.3197 0 0 86.3653 0.017357 67.3932 238.391 0 0.31932 171.679 2.14891 1173.78 2279.25 0 135.18 971.285 
# Delete
## 0.0001
median: (2801, 0.00108867)-> min: (9999, 0.000539333)-> max: (4654, 0.005494)-> tot: 10.5125-> avg: 0.00105075
in-dis-skewed knn time: 4.86458 100.113 679.039 0 679.039 579.927 15.878 288.555 1254 0 1254 966.443 50.9475 617.521 1780.95 0 1780.95 1164.43 
out-dis-skewed knn time: 6.17018 120.294 823.111 0 823.111 703.816 17.5135 318.272 1404.85 0 1404.85 1087.58 56.1835 708.323 2070.86 0 2070.86 1363.54 
in-dis-uniform knn time: 21.9738 103.873 683.253 0 683.253 580.38 