Tree: KdTree; AugType: HasBox; Split: MaxStretchDim-ObjectMedian; BDO: 6; Inba: 30; Coord: integer; 
1.in 
# Insert
## 1
median: (1, 6.12852)-> min: (1, 6.12852)-> max: (1, 6.12852)-> tot: 6.12852-> avg: 6.12852
in-dis-skewed knn time: 0.051635 1 24.6057 0 24.6057 24.6057 0.109031 2.76483 28.3079 0 28.3079 26.5431 0.532387 12.2008 42.207 0 42.207 31.0062 
out-dis-skewed knn time: 0.406287 17.9474 174.597 0 174.597 157.65 0.641431 29.9088 190.578 0 190.578 161.669 5.53335 111.644 282.349 0 282.349 171.705 
in-dis-uniform knn time: 0.223778 1 24.4898 0 24.4898 24.4898 0.398904 2.78131 28.2443 0 28.2443 26.463 1.30328 12.2742 42.2609 0 42.2609 30.9867 
out-dis-uniform knn time: 0.10504 3.43279 52.9138 0 52.9138 50.4811 0.168716 6.70816 58.6196 0 58.6196 52.9114 1.18463 24.9245 81.0541 0 81.0541 57.1296 
range count time: 0.000723333 2.25636 27.9745 0 0.00094 26.7172 0.00243667 25.8909 77.698 0 4.28096 48.5261 0.0601763 266.699 671.416 0 164.264 241.454 
range query time: 0.000522667 2.25636 27.9745 0 0.00094 26.7172 0.007033 25.8909 77.698 0 4.28096 48.5261 1.07244 266.699 671.416 0 164.264 241.454 
# Delete
## 0.1
median: (1, 0.823279)-> min: (9, 0.0278553)-> max: (5, 1.89148)-> tot: 9.35732-> avg: 0.935731
in-dis-skewed knn time: 0.053733 1 25.2192 0 25.2192 25.2192 0.110809 2.73843 28.8906 0 28.8906 27.1522 0.534168 12.0308 42.6553 0 42.6553 31.6246 
out-dis-skewed knn time: 0.515284 24.8959 210.421 0 210.421 186.525 0.842234 42.8229 238.32 0 238.32 196.497 6.51831 128.584 346.984 0 346.984 219.401 
in-dis-uniform knn time: 0.23394 1 24.6431 0 24.6431 24.6431 0.410475 2.75821 28.3629 0 28.3629 26.6047 1.3286 12.1167 42.2277 0 42.2277 31.111 
out-dis-uniform knn time: 0.133531 4.80957 62.8254 0 62.8254 59.0158 0.224919 7.88618 69.8341 0 69.8341 62.9479 1.58926 30.1396 97.3966 0 97.3966 68.257 
range count time: 0.001027 2.27898 26.8012 0 0.00166 25.5205 0.002504 25.9303 76.323 0 4.2622 47.1305 0.062785 264.778 666.768 0 162.528 240.462 
range query time: 0.000429333 2.27898 26.8012 0 0.00166 25.5205 0.00694 25.9303 76.323 0 4.2622 47.1305 1.04046 264.778 666.768 0 162.528 240.462 
# Delete
## 0.01
median: (38, 0.0953847)-> min: (99, 0.00282433)-> max: (54, 1.93325)-> tot: 18.8525-> avg: 0.188524
in-dis-skewed knn time: 0.0542443 1 25.2192 0 25.2192 25.2192 0.111556 2.73843 28.8906 0 28.8906 27.1522 0.535994 12.0308 42.6553 0 42.6553 31.6246 
out-dis-skewed knn time: 0.44068 20.9096 181.533 0 181.533 161.624 0.676682 31.8925 201.503 0 201.503 170.61 5.08054 105.704 303.194 0 303.194 198.491 
in-dis-uniform knn time: 0.234064 1 24.695 0 24.695 24.695 0.411766 2.75912 28.4179 0 28.4179 26.6588 1.33262 12.1271 42.2958 0 42.2958 31.1687 
out-dis-uniform knn time: 0.133109 4.70206 64.0482 0 64.0482 60.3461 0.225885 8.22665 72.8039 0 72.8039 65.5773 1.46552 30.0531 98.2238 0 98.2238 69.1706 
range count time: 0.000889667 2.37266 28.2275 0 0.00238 26.8525 0.00256667 25.8685 76.4498 0 4.34104 47.2403 0.0628947 264.491 666.202 0 162.521 240.191 
range query time: 0.000474667 2.37266 28.2275 0 0.00238 26.8525 0.00694467 25.8685 76.4498 0 4.34104 47.2403 1.03372 264.491 666.202 0 162.521 240.191 
# Delete
## 0.001
median: (58, 0.0117543)-> min: (999, 0.000262)-> max: (542, 1.89031)-> tot: 28.7585-> avg: 0.028758
in-dis-skewed knn time: 0.0543283 1 25.2192 0 25.2192 25.2192 0.111745 2.73843 28.8906 0 28.8906 27.1522 0.536724 12.0308 42.6553 0 42.6553 31.6246 
out-dis-skewed knn time: 0.473567 21.8999 196.423 0 196.423 175.523 0.74351 35.8555 216.392 0 216.392 181.537 5.77151 115.619 339.917 0 339.917 225.298 
in-dis-uniform knn time: 0.234275 1 24.701 0 24.701 24.701 0.411245 2.75861 28.4223 0 28.4223 26.6637 1.33116 12.1215 42.2982 0 42.2982 31.1766 
out-dis-uniform knn time: 0.108395 2.83533 55.6209 0 55.6209 53.7856 0.173716 5.93752 63.9662 0 63.9662 59.0286 0.967023 19.8663 86.1639 0 86.1639 67.2976 
range count time: 0.00104833 2.33248 27.4019 0 0.00174 26.0677 0.00289967 25.834 76.8852 0 4.2945 47.7567 0.0635203 264.492 666.124 0 162.565 240.067 
range query time: 0.000472667 2.33248 27.4019 0 0.00174 26.0677 0.006683 25.834 76.8852 0 4.2945 47.7567 1.03184 264.492 666.124 0 162.565 240.067 
# Delete
## 0.0001
median: (9749, 0.002944)-> min: (9999, 6.86667e-05)-> max: (5428, 1.82217)-> tot: 51.6016-> avg: 0.00515967
in-dis-skewed knn time: 0.05437 1 25.2192 0 25.2192 25.2192 0.111673 2.73843 28.8906 0 28.8906 27.1522 0.536218 12.0308 42.6553 0 42.6553 31.6246 
out-dis-skewed knn time: 0.525301 26.8855 207.578 0 207.578 181.693 0.804319 40.8577 228.55 0 228.55 188.692 6.49715 125.672 343.238 0 343.238 218.566 
in-dis-uniform knn time: 0.234243 1 24.667 0 24.667 24.667 0.410372 2.75757 28.3864 0 28.3864 26.6288 1.32907 12.1169 42.2614 0 42.2614 31.1445 
out-dis-uniform knn time: 0.124234 4.21085 59.998 0 59.998 56.7871 0.230892 8.43578 73.657 0 73.657 66.2212 1.75143 33.6459 108.745 0 108.745 76.0992 
range count time: 0.00106633 2.3154 26.124 0 0.00132 24.8073 0.00254433 25.7827 75.8292 0 4.2471 46.7994 0.063117 264.306 665.469 0 162.388 239.775 
range query time: 0.000460667 2.3154 26.124 0 0.00132 24.8073 0.00663467 25.7827 75.8292 0 4.2471 46.7994 1.03562 264.306 665.469 0 162.388 239.775 

Tree: KdTree; AugType: HasBox; Split: MaxStretchDim-ObjectMedian; BDO: 6; Inba: 30; Coord: integer; 
2_sort_by_0.in 
# Insert
## 1
median: (1, 5.02894)-> min: (1, 5.02894)-> max: (1, 5.02894)-> tot: 5.02894-> avg: 5.02894
in-dis-skewed knn time: 0.1132 1 24.5632 0 24.5632 24.5632 0.242955 2.80161 28.3174 0 28.3174 26.5158 0.984213 12.3384 42.3011 0 42.3011 30.9627 
out-dis-skewed knn time: 0.0978227 1.49791 30.1322 0 30.1322 29.6343 0.435309 13.7026 70.5441 0 70.5441 57.8415 2.09333 54.8834 158.821 0 158.821 104.938 
in-dis-uniform knn time: 0.222967 1 24.4828 0 24.4828 24.4828 0.397813 2.81032 28.3254 0 28.3254 26.5151 1.30476 12.3948 42.5766 0 42.5766 31.1818 
out-dis-uniform knn time: 0.0973913 1.5122 29.6045 0 29.6045 29.0923 0.392434 11.8249 61.381 0 61.381 50.5561 1.77234 44.1589 127.673 0 127.673 84.5141 
range count time: 0.000356 1.83186 25.9946 0 0.00242 25.1603 0.00465433 52.4644 138.541 0 3.41954 83.657 0.093648 360.67 863.948 0 198.146 306.132 
range query time: 0.000405667 1.83186 25.9946 0 0.00242 25.1603 0.007893 52.4644 138.541 0 3.41954 83.657 1.1017 360.67 863.948 0 198.146 306.132 
# Delete
## 0.1
median: (8, 0.633965)-> min: (9, 0.0250347)-> max: (3, 3.39307)-> tot: 10.0121-> avg: 1.00121
in-dis-skewed knn time: 0.12026 1 24.6336 0 24.6336 24.6336 0.250473 2.7955 28.3904 0 28.3904 26.5949 1.01901 12.3256 42.4085 0 42.4085 31.0828 
out-dis-skewed knn time: 0.10168 1.51168 29.0171 0 29.0171 28.5054 0.463867 13.7842 68.89 0 68.89 56.1058 2.23279 54.5718 155.242 0 155.242 101.67 
in-dis-uniform knn time: 0.232117 1 24.5435 0 24.5435 24.5435 0.411136 2.79505 28.3671 0 28.3671 26.572 1.33841 12.2973 42.543 0 42.543 31.2457 
out-dis-uniform knn time: 0.102254 1.51134 28.4006 0 28.4006 27.8892 0.404079 11.8286 59.6772 0 59.6772 48.8487 1.88655 43.8758 124.672 0 124.672 81.7966 
range count time: 0.000354 1.89252 26.0018 0 0.003 25.1063 0.004921 54.3394 140.086 0 3.41288 83.3341 0.0976243 357.758 862.216 0 198.422 307.035 
range query time: 0.000395 1.89252 26.0018 0 0.003 25.1063 0.008293 54.3394 140.086 0 3.41288 83.3341 1.07713 357.758 862.216 0 198.422 307.035 
# Delete
## 0.01
median: (28, 0.131754)-> min: (99, 0.00230367)-> max: (36, 3.85184)-> tot: 24.3224-> avg: 0.243223
in-dis-skewed knn time: 0.122464 1 24.6336 0 24.6336 24.6336 0.261834 2.7955 28.3904 0 28.3904 26.5949 1.03139 12.3256 42.4085 0 42.4085 31.0828 
out-dis-skewed knn time: 0.101801 1.51171 28.078 0 28.078 27.5662 0.459987 13.781 68.4439 0 68.4439 55.6629 2.21458 55.3216 156.646 0 156.646 102.325 
in-dis-uniform knn time: 0.23314 1 24.5502 0 24.5502 24.5502 0.412735 2.7958 28.3787 0 28.3787 26.5829 1.34312 12.3077 42.5755 0 42.5755 31.2678 
out-dis-uniform knn time: 0.101212 1.5248 27.5882 0 27.5882 27.0634 0.400634 11.8305 59.2947 0 59.2947 48.4642 1.87277 44.5246 125.622 0 125.622 82.0974 
range count time: 0.000442333 1.89252 26.0018 0 0.003 25.1063 0.00497033 54.3491 140.039 0 3.42186 83.2682 0.0981273 357.677 862.014 0 198.41 306.927 
range query time: 0.00124067 1.89252 26.0018 0 0.003 25.1063 0.00796067 54.3491 140.039 0 3.42186 83.2682 1.0712 357.677 862.014 0 198.41 306.927 
# Delete
## 0.001
median: (412, 0.019015)-> min: (999, 0.000256)-> max: (368, 3.68533)-> tot: 36.8315-> avg: 0.036831
in-dis-skewed knn time: 0.123174 1 24.7936 0 24.7936 24.7936 0.259067 2.77866 28.5216 0 28.5216 26.743 1.02847 12.1705 42.3761 0 42.3761 31.2055 
out-dis-skewed knn time: 0.0958757 1.48302 26.3895 0 26.3895 25.9065 0.4486 13.4808 66.0581 0 66.0581 53.5773 2.21943 53.6456 153.295 0 153.295 100.65 
in-dis-uniform knn time: 0.232362 1 24.5876 0 24.5876 24.5876 0.411735 2.79307 28.4124 0 28.4124 26.6193 1.33411 12.2768 42.5798 0 42.5798 31.3031 
out-dis-uniform knn time: 0.0922697 1.49717 25.9849 0 25.9849 25.4878 0.390557 11.5576 57.2067 0 57.2067 46.6492 1.87184 43.2 122.763 0 122.763 80.5631 
range count time: 0.000322 1.85392 25.934 0 0.003 25.0771 0.00487367 53.239 139.055 0 3.41738 83.3991 0.098098 356.803 862.305 0 198.679 307.823 
range query time: 0.000388 1.85392 25.934 0 0.003 25.0771 0.00797933 53.239 139.055 0 3.41738 83.3991 1.0759 356.803 862.305 0 198.679 307.823 
# Delete
## 0.0001
median: (9066, 0.003952)-> min: (9999, 7.13333e-05)-> max: (3680, 3.59004)-> tot: 62.7547-> avg: 0.00627498
in-dis-skewed knn time: 0.124083 1 24.807 0 24.807 24.807 0.262679 2.78301 28.5368 0 28.5368 26.7538 1.0308 12.2077 42.4114 0 42.4114 31.2037 
out-dis-skewed knn time: 0.0802673 1.54168 23.6129 0 23.6129 23.0712 0.336628 11.131 44.7519 0 44.7519 34.6209 1.56688 39.737 91.0699 0 91.0699 52.3329 
in-dis-uniform knn time: 0.232329 1 24.5697 0 24.5697 24.5697 0.410539 2.79412 28.4002 0 28.4002 26.6061 1.33489 12.2942 42.5979 0 42.5979 31.3038 
out-dis-uniform knn time: 0.0777047 1.54951 23.2677 0 23.2677 22.7182 0.301151 9.4605 39.8216 0 39.8216 31.3611 1.3108 31.7568 74.9362 0 74.9362 44.1795 
range count time: 0.000350333 1.8248 26.8168 0 0.00246 25.9895 0.004923 52.0497 139.591 0 3.44182 85.0993 0.0979257 357.021 862.898 0 198.673 308.204 
range query time: 0.000437 1.8248 26.8168 0 0.00246 25.9895 0.00808 52.0497 139.591 0 3.44182 85.0993 1.07385 357.021 862.898 0 198.673 308.204 

Tree: KdTree; AugType: HasBox; Split: MaxStretchDim-ObjectMedian; BDO: 6; Inba: 30; Coord: integer; 
2.in 
# Insert
## 1
median: (1, 3.68976)-> min: (1, 3.68976)-> max: (1, 3.68976)-> tot: 3.68976-> avg: 3.68976
in-dis-skewed knn time: 0.220615 1 24.4833 0 24.4833 24.4833 0.398098 2.80954 28.3256 0 28.3256 26.5161 1.299 12.2859 42.456 0 42.456 31.1701 
out-dis-skewed knn time: 0.253515 1.35512 25.4498 0 25.4498 25.0946 0.397918 2.88882 28.5204 0 28.5204 26.6315 1.27788 12.324 42.5289 0 42.5289 31.2049 
in-dis-uniform knn time: 0.221688 1 24.4828 0 24.4828 24.4828 0.38846 2.80958 28.3229 0 28.3229 26.5133 1.26091 12.2858 42.4548 0 42.4548 31.169 
out-dis-uniform knn time: 0.256728 1.35586 25.4499 0 25.4499 25.094 0.395334 2.88927 28.5228 0 28.5228 26.6335 1.25553 12.3235 42.5282 0 42.5282 31.2047 
range count time: 0.000349667 2.08564 27.4 0 0.00184 26.3126 0.00451133 53.3363 138.96 0 3.434 83.19 0.0977693 371.408 885.85 0 196.042 319.4 
range query time: 0.000428 2.08564 27.4 0 0.00184 26.3126 0.00767233 53.3363 138.96 0 3.434 83.19 1.09078 371.408 885.85 0 196.042 319.4 
# Delete
## 0.1
median: (4, 0.502435)-> min: (9, 0.0262093)-> max: (0, 0.570793)-> tot: 4.36786-> avg: 0.436786
in-dis-skewed knn time: 0.229446 1 24.9666 0 24.9666 24.9666 0.41032 3.15178 29.4683 0 29.4683 27.3166 1.42037 15.4819 47.2396 0 47.2396 32.7577 
out-dis-skewed knn time: 0.261184 1.40202 26.0337 0 26.0337 25.6317 0.411414 3.29219 29.7115 0 29.7115 27.4193 1.39724 15.5435 47.3369 0 47.3369 32.7934 
in-dis-uniform knn time: 0.228919 1 24.9664 0 24.9664 24.9664 0.40019 3.15135 29.4698 0 29.4698 27.3184 1.37523 15.483 47.2425 0 47.2425 32.7595 
out-dis-uniform knn time: 0.263137 1.40246 26.0341 0 26.0341 25.6317 0.41015 3.29155 29.7094 0 29.7094 27.4179 1.36836 15.5448 47.3367 0 47.3367 32.7919 
range count time: 0.000592667 2.22904 28.2182 0 0.0052 26.984 0.00513433 60.2341 161.464 0 5.30536 96.9248 0.101872 418.708 1038.89 0 246.202 374.978 
range query time: 0.000429 2.22904 28.2182 0 0.0052 26.984 0.00794633 60.2341 161.464 0 5.30536 96.9248 1.06608 418.708 1038.89 0 246.202 374.978 
# Delete
## 0.01
median: (47, 0.122637)-> min: (99, 0.00328433)-> max: (3, 0.141671)-> tot: 11.1544-> avg: 0.111543
in-dis-skewed knn time: 0.229556 1 24.9666 0 24.9666 24.9666 0.409884 3.15177 29.4683 0 29.4683 27.3165 1.41956 15.4819 47.2395 0 47.2395 32.7576 
out-dis-skewed knn time: 0.259781 1.40202 26.0337 0 26.0337 25.6316 0.41133 3.29218 29.7115 0 29.7115 27.4193 1.39553 15.5434 47.3368 0 47.3368 32.7934 
in-dis-uniform knn time: 0.228852 1 24.9664 0 24.9664 24.9664 0.399309 3.15134 29.4697 0 29.4697 27.3184 1.37365 15.4829 47.2424 0 47.2424 32.7595 
out-dis-uniform knn time: 0.262521 1.40246 26.0341 0 26.0341 25.6317 0.409475 3.29154 29.7094 0 29.7094 27.4179 1.36776 15.5447 47.3366 0 47.3366 32.7919 
range count time: 0.000358667 2.22904 28.2182 0 0.0052 26.984 0.005629 60.2341 161.464 0 5.30536 96.9248 0.103185 418.707 1038.88 0 246.2 374.977 
range query time: 0.000421667 2.22904 28.2182 0 0.0052 26.984 0.00814033 60.2341 161.464 0 5.30536 96.9248 1.07348 418.707 1038.88 0 246.2 374.977 
# Delete
## 0.001
median: (523, 0.0245583)-> min: (999, 0.000416333)-> max: (59, 0.0284533)-> tot: 22.9679-> avg: 0.0229674
in-dis-skewed knn time: 0.228848 1 24.9666 0 24.9666 24.9666 0.410377 3.15177 29.4683 0 29.4683 27.3165 1.4209 15.4818 47.2395 0 47.2395 32.7576 
out-dis-skewed knn time: 0.260314 1.40202 26.0337 0 26.0337 25.6316 0.41285 3.29218 29.7115 0 29.7115 27.4193 1.3965 15.5434 47.3368 0 47.3368 32.7934 
in-dis-uniform knn time: 0.229254 1 24.9664 0 24.9664 24.9664 0.400129 3.15134 29.4697 0 29.4697 27.3184 1.37423 15.4829 47.2424 0 47.2424 32.7595 
out-dis-uniform knn time: 0.263239 1.40246 26.0341 0 26.0341 25.6317 0.410793 3.29154 29.7094 0 29.7094 27.4179 1.36925 15.5447 47.3366 0 47.3366 32.7919 
range count time: 0.000636 2.22904 28.2182 0 0.0052 26.984 0.005138 60.2341 161.464 0 5.30536 96.9248 0.103298 418.707 1038.88 0 246.2 374.977 
range query time: 0.000435667 2.22904 28.2182 0 0.0052 26.984 0.00807667 60.2341 161.464 0 5.30536 96.9248 1.06036 418.707 1038.88 0 246.2 374.977 
# Delete
## 0.0001
median: (4770, 0.00626867)-> min: (9999, 0.000101333)-> max: (3577, 0.00922867)-> tot: 59.7973-> avg: 0.00597923
in-dis-skewed knn time: 0.233176 1 24.9666 0 24.9666 24.9666 0.410527 3.15177 29.4683 0 29.4683 27.3165 1.41987 15.4818 47.2395 0 47.2395 32.7576 
out-dis-skewed knn time: 0.260391 1.40202 26.0337 0 26.0337 25.6316 0.4116 3.29218 29.7115 0 29.7115 27.4193 1.3969 15.5434 47.3368 0 47.3368 32.7934 
in-dis-uniform knn time: 0.229341 1 24.9664 0 24.9664 24.9664 0.400054 3.15134 29.4697 0 29.4697 27.3184 1.37476 15.4829 47.2424 0 47.2424 32.7595 
out-dis-uniform knn time: 0.263392 1.40246 26.0341 0 26.0341 25.6317 0.410177 3.29153 29.7094 0 29.7094 27.4179 1.36951 15.5447 47.3366 0 47.3366 32.7919 
range count time: 0.000602 2.22904 28.2182 0 0.0052 26.984 0.005707 60.2341 161.464 0 5.30536 96.9248 0.104003 418.707 1038.88 0 246.2 374.977 
range query time: 0.000416333 2.22904 28.2182 0 0.0052 26.984 0.00801633 60.2341 161.464 0 5.30536 96.9248 1.07014 418.707 1038.88 0 246.2 374.977 

