Tree: PTree; AugType: HasBox; Split: HilbertCurve; BDO: 6; Inba: 30; Coord: integer; 
1.in 
# Insert
## 1
median: (1, 3.09693)-> min: (1, 3.09693)-> max: (1, 3.09693)-> tot: 3.09693-> avg: 3.09693
in-dis-skewed knn time: 0.505736 12.8589 171.423 0 171.423 159.564 2.23203 46.3945 290.184 0 290.184 244.789 13.364 134.854 428.803 0 428.803 294.948 
out-dis-skewed knn time: 0.284466 11.975 104.134 0 104.134 93.1587 0.566024 19.0435 117.567 0 117.567 99.5232 3.57419 38.2555 145.824 0 145.824 108.568 
in-dis-uniform knn time: 1.29349 8.15147 112.159 0 112.159 105.008 2.69765 24.7432 171.078 0 171.078 147.335 8.71028 65.8455 231.495 0 231.495 166.649 
out-dis-uniform knn time: 0.183134 5.17477 75.5945 0 75.5945 71.4198 0.391254 9.98244 96.7066 0 96.7066 87.7242 2.50083 26.8616 120.651 0 120.651 94.7895 
range count time: 0.000516 4.0073 41.959 0 0 38.9517 0.00216033 18.4003 71.3244 0 1.27028 52.6538 0.103922 200.289 516.042 0 96.6906 220.063 
range query time: 0.000632667 4.0073 41.959 0 0 38.9517 0.008231 18.4003 71.3244 0 1.27028 52.6538 1.15436 200.289 516.042 0 96.6906 220.063 
# Delete
## 0.1
median: (5, 0.220868)-> min: (3, 0.219031)-> max: (9, 0.225248)-> tot: 2.21531-> avg: 0.221531
in-dis-skewed knn time: 0.37108 8.8994 125.037 0 125.037 117.137 2.18078 43.4774 290.62 0 290.62 248.143 13.7874 136.513 433.468 0 433.468 297.955 
out-dis-skewed knn time: 0.261484 9.99728 98.2249 0 98.2249 89.2276 0.574595 16.0663 119.528 0 119.528 104.462 3.67126 41.2336 154.72 0 154.72 114.486 
in-dis-uniform knn time: 1.32175 7.94675 109.927 0 109.927 102.98 2.73267 23.956 170.272 0 170.272 147.316 8.89339 65.9705 231.391 0 231.391 166.42 
out-dis-uniform knn time: 0.20019 5.98198 84.294 0 84.294 79.312 0.477677 11.3691 106.781 0 106.781 96.4116 3.0574 30.3028 127.47 0 127.47 98.1673 
range count time: 0.000526 4.09776 41.4084 0 0 38.3107 0.00222233 18.4227 71.9916 0 1.27664 53.2922 0.109692 200.326 518.686 0 96.8013 222.559 
range query time: 0.000994333 4.09776 41.4084 0 0 38.3107 0.00824467 18.4227 71.9916 0 1.27664 53.2922 1.156 200.326 518.686 0 96.8013 222.559 
# Delete
## 0.01
median: (49, 0.024857)-> min: (68, 0.0230847)-> max: (54, 0.033174)-> tot: 2.54323-> avg: 0.0254318
in-dis-skewed knn time: 0.377735 8.8994 125.037 0 125.037 117.137 2.21374 43.4774 290.62 0 290.62 248.143 13.8743 136.513 433.468 0 433.468 297.955 
out-dis-skewed knn time: 0.265485 9.99728 98.2249 0 98.2249 89.2276 0.576829 16.0663 119.528 0 119.528 104.462 3.68616 41.2336 154.72 0 154.72 114.486 
in-dis-uniform knn time: 1.34966 7.94753 109.932 0 109.932 102.985 2.79125 23.9583 170.282 0 170.282 147.324 9.09255 65.9767 231.405 0 231.405 166.428 
out-dis-uniform knn time: 0.207148 5.98198 84.294 0 84.294 79.312 0.484016 11.3691 106.781 0 106.781 96.4116 3.07828 30.3028 127.47 0 127.47 98.1673 
range count time: 0.000536333 4.09776 41.4084 0 0 38.3107 0.002331 18.4227 71.9916 0 1.27664 53.2922 0.105537 200.326 518.686 0 96.8013 222.559 
range query time: 0.000948 4.09776 41.4084 0 0 38.3107 0.008431 18.4227 71.9916 0 1.27664 53.2922 1.19912 200.326 518.686 0 96.8013 222.559 
# Delete
## 0.001
median: (395, 0.00332)-> min: (0, 0.00268767)-> max: (544, 0.00981667)-> tot: 3.54139-> avg: 0.00354089
in-dis-skewed knn time: 0.383666 8.8994 125.54 0 125.54 117.64 2.25104 43.4774 291.124 0 291.124 248.646 14.066 136.513 433.972 0 433.972 298.459 
out-dis-skewed knn time: 0.266363 10.0012 98.2378 0 98.2378 89.2366 0.582989 16.0723 119.544 0 119.544 104.472 3.70308 41.247 154.746 0 154.746 114.499 
in-dis-uniform knn time: 1.36107 7.94288 109.91 0 109.91 102.967 2.82594 23.9398 170.166 0 170.166 147.226 9.177 65.9272 231.254 0 231.254 166.327 
out-dis-uniform knn time: 0.249575 7.75618 92.2183 0 92.2183 85.4621 0.558437 13.7109 116.801 0 116.801 104.09 3.40784 34.8287 143.565 0 143.565 109.736 
range count time: 0.000826333 4.09776 40.4084 0 0 37.3107 0.00239167 18.4172 71.0584 0 1.27664 52.3645 0.105346 200.324 518.968 0 96.8003 222.844 
range query time: 0.000684667 4.09776 40.4084 0 0 37.3107 0.00834167 18.4172 71.0584 0 1.27664 52.3645 1.21491 200.324 518.968 0 96.8003 222.844 
# Delete
## 0.0001
median: (6689, 0.000801667)-> min: (425, 0.000536667)-> max: (8522, 0.00505267)-> tot: 8.21266-> avg: 0.000820767
in-dis-skewed knn time: 0.382966 8.8994 125.54 0 125.54 117.64 2.24834 43.4774 291.124 0 291.124 248.646 14.1432 136.513 433.972 0 433.972 298.459 
out-dis-skewed knn time: 0.270242 10.001 98.2226 0 98.2226 89.2215 0.578165 16.0692 119.502 0 119.502 104.433 3.68929 41.23 154.686 0 154.686 114.456 
in-dis-uniform knn time: 1.3619 7.94199 109.735 0 109.735 102.793 2.82733 23.9027 169.815 0 169.815 146.912 9.16624 65.7973 230.815 0 230.815 166.018 
out-dis-uniform knn time: 0.245654 8.1028 91.9594 0 91.9594 84.8566 0.589192 14.9548 118.335 0 118.335 104.38 3.46312 35.1826 143.604 0 143.604 109.422 
range count time: 0.000547667 4.09776 40.4084 0 0 37.3107 0.002368 18.4227 70.9817 0 1.27658 52.2824 0.105884 200.324 518.857 0 96.7981 222.734 
range query time: 0.000677333 4.09776 40.4084 0 0 37.3107 0.00858967 18.4227 70.9817 0 1.27658 52.2824 1.21905 200.324 518.857 0 96.7981 222.734 

Tree: PTree; AugType: HasBox; Split: HilbertCurve; BDO: 6; Inba: 30; Coord: integer; 
2_sort_by_0.in 
# Insert
## 1
median: (1, 3.28714)-> min: (1, 3.28714)-> max: (1, 3.28714)-> tot: 3.28714-> avg: 3.28714
in-dis-skewed knn time: 0.459385 4.30811 50.764 0 50.764 47.4559 0.877761 8.66183 59.4057 0 59.4057 51.7439 2.55717 21.2955 79.6323 0 79.6323 59.3368 
out-dis-skewed knn time: 0.226633 4.00484 64.9037 0 64.9037 61.8989 0.660108 13.8734 93.2904 0 93.2904 80.417 2.55772 37.1828 140.074 0 140.074 103.891 
in-dis-uniform knn time: 1.14851 5.43029 68.823 0 68.823 64.3927 2.08864 14.4346 100.732 0 100.732 87.2976 5.27853 38.5883 140.209 0 140.209 102.62 
out-dis-uniform knn time: 0.234457 4.14776 65.2175 0 65.2175 62.0697 0.616963 12.1292 87.5912 0 87.5912 76.462 2.36995 31.5904 124.241 0 124.241 93.6509 
range count time: 0.000401333 1.98122 28.7715 0 0 27.7903 0.00379633 36.6545 108.672 0 0.83594 72.1817 0.157627 263.666 607.946 0 108.576 236.703 
range query time: 0.000657333 1.98122 28.7715 0 0 27.7903 0.00963033 36.6545 108.672 0 0.83594 72.1817 1.19842 263.666 607.946 0 108.576 236.703 
# Delete
## 0.1
median: (8, 0.232635)-> min: (2, 0.230058)-> max: (0, 0.233638)-> tot: 2.32152-> avg: 0.232151
in-dis-skewed knn time: 0.466289 4.30811 50.764 0 50.764 47.4559 0.86751 8.66183 59.4057 0 59.4057 51.7439 2.59916 21.2955 79.6323 0 79.6323 59.3368 
out-dis-skewed knn time: 0.242953 3.64499 70.1224 0 70.1224 67.4774 0.689141 13.9501 100.748 0 100.748 87.7981 2.51445 38.1157 149.262 0 149.262 112.146 
in-dis-uniform knn time: 1.16374 5.49451 70.9528 0 70.9528 66.4583 2.13368 15.2607 109.736 0 109.736 95.4754 5.7565 42.9678 155.179 0 155.179 113.212 
out-dis-uniform knn time: 0.255894 3.81316 72.0037 0 72.0037 69.1905 0.648296 12.3107 95.6494 0 95.6494 84.3387 2.34115 32.3643 133.504 0 133.504 102.139 
range count time: 0.000409 1.98122 28.7715 0 0 27.7903 0.003932 36.6848 108.146 0 0.8342 71.6267 0.160928 263.678 608.037 0 108.52 236.838 
range query time: 0.000653 1.98122 28.7715 0 0 27.7903 0.00987633 36.6848 108.146 0 0.8342 71.6267 1.19397 263.678 608.037 0 108.52 236.838 
# Delete
## 0.01
median: (29, 0.0248217)-> min: (23, 0.024439)-> max: (98, 0.0271673)-> tot: 2.50271-> avg: 0.0250266
in-dis-skewed knn time: 0.494493 4.30811 50.764 0 50.764 47.4559 0.891325 8.66183 59.4057 0 59.4057 51.7439 2.63809 21.2955 79.6323 0 79.6323 59.3368 
out-dis-skewed knn time: 0.253822 3.71365 70.8118 0 70.8118 68.0982 0.71935 14.0707 101.653 0 101.653 88.5822 2.60031 38.578 150.813 0 150.813 113.235 
in-dis-uniform knn time: 1.16275 5.51054 71.0871 0 71.0871 66.5766 2.13037 15.3769 110.25 0 110.25 95.873 5.87981 43.3537 156.062 0 156.062 113.708 
out-dis-uniform knn time: 0.266412 3.88272 72.69 0 72.69 69.8073 0.677507 12.4147 96.4876 0 96.4876 85.0728 2.41627 32.7495 134.861 0 134.861 103.111 
range count time: 0.000387333 1.98122 28.7715 0 0 27.7903 0.00410733 36.6848 108.146 0 0.8342 71.6267 0.163779 263.678 608.037 0 108.52 236.838 
range query time: 0.000647333 1.98122 28.7715 0 0 27.7903 0.00999267 36.6848 108.146 0 0.8342 71.6267 1.21585 263.678 608.037 0 108.52 236.838 
# Delete
## 0.001
median: (909, 0.00317667)-> min: (100, 0.00291567)-> max: (573, 0.00831667)-> tot: 3.23282-> avg: 0.00323232
in-dis-skewed knn time: 0.510415 4.30811 50.764 0 50.764 47.4559 0.931785 8.66183 59.4057 0 59.4057 51.7439 2.72832 21.2955 79.6323 0 79.6323 59.3368 
out-dis-skewed knn time: 0.277508 4.01064 69.6239 0 69.6239 66.6133 0.784517 14.6249 100.641 0 100.641 87.0165 2.77666 39.3585 149.221 0 149.221 110.863 
in-dis-uniform knn time: 1.21105 5.51304 70.7864 0 70.7864 66.2734 2.19543 14.9848 106.711 0 106.711 92.7264 5.90175 42.2292 151.618 0 151.618 110.389 
out-dis-uniform knn time: 0.294442 4.16318 71.5638 0 71.5638 68.4006 0.738332 12.9063 95.5296 0 95.5296 83.6233 2.60294 33.8391 134.139 0 134.139 101.3 
range count time: 0.000413667 1.98122 28.7715 0 0 27.7903 0.00439667 36.6848 108.146 0 0.8342 71.6267 0.158092 263.678 608.037 0 108.52 236.838 
range query time: 0.000632 1.98122 28.7715 0 0 27.7903 0.0100427 36.6848 108.146 0 0.8342 71.6267 1.25677 263.678 608.037 0 108.52 236.838 
# Delete
## 0.0001
median: (4663, 0.00083)-> min: (9999, 0.000576333)-> max: (5343, 0.00449867)-> tot: 8.37139-> avg: 0.000836642
in-dis-skewed knn time: 0.514189 4.30811 50.764 0 50.764 47.4559 0.941014 8.66183 59.4057 0 59.4057 51.7439 2.74379 21.2955 79.6323 0 79.6323 59.3368 
out-dis-skewed knn time: 0.274357 3.86026 69.6056 0 69.6056 66.7454 0.765803 14.2635 99.1814 0 99.1814 85.9179 2.72308 38.6558 146.534 0 146.534 108.878 
in-dis-uniform knn time: 1.21326 5.51754 70.8243 0 70.8243 66.3067 2.20009 15.1821 106.891 0 106.891 92.7085 5.85653 41.5737 150.239 0 150.239 109.665 
out-dis-uniform knn time: 0.287723 4.03407 71.6919 0 71.6919 68.6579 0.723242 12.6195 94.5566 0 94.5566 82.9371 2.54029 33.0529 131.99 0 131.99 99.9369 
range count time: 0.000402667 1.98122 28.7715 0 0 27.7903 0.004479 36.6848 107.961 0 0.8342 71.4423 0.159205 263.678 607.816 0 108.52 236.617 
range query time: 0.00064 1.98122 28.7715 0 0 27.7903 0.0101337 36.6848 107.961 0 0.8342 71.4423 1.25937 263.678 607.816 0 108.52 236.617 

Tree: PTree; AugType: HasBox; Split: HilbertCurve; BDO: 6; Inba: 30; Coord: integer; 
2.in 
# Insert
## 1
median: (1, 3.3375)-> min: (1, 3.3375)-> max: (1, 3.3375)-> tot: 3.3375-> avg: 3.3375
in-dis-skewed knn time: 1.11555 4.92512 61.9913 0 61.9913 58.0662 1.93476 9.96535 73.4343 0 73.4343 64.4689 4.66297 25.3624 97.6118 0 97.6118 73.2493 
out-dis-skewed knn time: 1.1294 5.12152 62.5362 0 62.5362 58.4146 1.93195 10.0093 73.5392 0 73.5392 64.5299 4.63933 25.3728 97.6456 0 97.6456 73.2728 
in-dis-uniform knn time: 1.09148 4.92444 61.9854 0 61.9854 58.0609 1.92309 9.96379 73.4234 0 73.4234 64.4596 4.62731 25.3582 97.5966 0 97.5966 73.2385 
out-dis-uniform knn time: 1.12843 5.11925 62.5105 0 62.5105 58.3912 1.93214 10.0041 73.5084 0 73.5084 64.5043 4.62605 25.3538 97.5918 0 97.5918 73.238 
range count time: 0.000404333 2.08512 27.8222 0 0 26.737 0.003796 36.3258 109.573 0 0.857 73.3904 0.155735 266.333 622.721 0 109.395 247.993 
range query time: 0.000635667 2.08512 27.8222 0 0 26.737 0.00947167 36.3258 109.573 0 0.857 73.3904 1.16535 266.333 622.721 0 109.395 247.993 
# Delete
## 0.1
median: (6, 0.496954)-> min: (9, 0.268533)-> max: (3, 0.64775)-> tot: 4.68833-> avg: 0.468833
in-dis-skewed knn time: 1.1585 4.91774 62.2523 0 62.2523 58.3346 1.95541 9.95849 73.7436 0 73.7436 64.7851 4.63142 25.5317 98.2366 0 98.2366 73.705 
out-dis-skewed knn time: 1.18403 5.12218 62.8115 0 62.8115 58.6893 1.96553 10.0148 73.8635 0 73.8635 64.8487 4.63508 25.5541 98.2802 0 98.2802 73.726 
in-dis-uniform knn time: 1.15124 4.91743 62.2495 0 62.2495 58.3321 1.96163 9.95891 73.7433 0 73.7433 64.7844 4.64347 25.5328 98.2387 0 98.2387 73.7058 
out-dis-uniform knn time: 1.18862 5.12067 62.7953 0 62.7953 58.6746 1.97405 10.0108 73.8419 0 73.8419 64.8311 4.65179 25.547 98.2539 0 98.2539 73.7069 
range count time: 0.000423667 2.08778 27.7885 0 0 26.7007 0.00457467 36.4786 110.358 0 0.88618 73.9929 0.160677 267.456 627.962 0 111.099 250.407 
range query time: 0.000582667 2.08778 27.7885 0 0 26.7007 0.009984 36.4786 110.358 0 0.88618 73.9929 1.24697 267.456 627.962 0 111.099 250.407 
# Delete
## 0.01
median: (49, 0.155269)-> min: (99, 0.027784)-> max: (30, 0.20455)-> tot: 14.3899-> avg: 0.143898
in-dis-skewed knn time: 1.15598 4.91458 62.1591 0 62.1591 58.2445 1.95285 9.95151 73.664 0 73.664 64.7125 4.63248 25.5419 98.1348 0 98.1348 73.5929 
out-dis-skewed knn time: 1.18123 5.1213 62.719 0 62.719 58.5977 1.962 10.0102 73.7844 0 73.7844 64.7742 4.637 25.5656 98.1791 0 98.1791 73.6135 
in-dis-uniform knn time: 1.14842 4.91435 62.1569 0 62.1569 58.2426 1.95791 9.95118 73.6637 0 73.6637 64.7125 4.64442 25.5439 98.1387 0 98.1387 73.5947 
out-dis-uniform knn time: 1.18484 5.11837 62.703 0 62.703 58.5846 1.96955 10.0044 73.7634 0 73.7634 64.759 4.65439 25.558 98.1519 0 98.1519 73.5939 
range count time: 0.000444333 2.09056 27.8237 0 0 26.7331 0.00476633 36.4916 110.396 0 0.89312 74.0111 0.160971 267.889 628.649 0 111.27 250.49 
range query time: 0.000577333 2.09056 27.8237 0 0 26.7331 0.010495 36.4916 110.396 0 0.89312 74.0111 1.24348 267.889 628.649 0 111.27 250.49 
# Delete
## 0.001
median: (643, 0.029193)-> min: (999, 0.00374567)-> max: (359, 0.03685)-> tot: 27.7039-> avg: 0.0277034
in-dis-skewed knn time: 1.15485 4.9154 62.156 0 62.156 58.2406 1.95266 9.95799 73.6605 0 73.6605 64.7025 4.63399 25.5434 98.1192 0 98.1192 73.5758 
out-dis-skewed knn time: 1.18109 5.12227 62.7166 0 62.7166 58.5943 1.96275 10.0174 73.7816 0 73.7816 64.7642 4.63943 25.5675 98.1632 0 98.1632 73.5958 
in-dis-uniform knn time: 1.14824 4.91545 62.1546 0 62.1546 58.2391 1.958 9.95808 73.6603 0 73.6603 64.7022 4.64616 25.545 98.1228 0 98.1228 73.5778 
out-dis-uniform knn time: 1.18531 5.1193 62.6999 0 62.6999 58.5806 1.97048 10.0111 73.7596 0 73.7596 64.7485 4.65495 25.5595 98.1357 0 98.1357 73.5762 
range count time: 0.000445667 2.09758 27.8218 0 2e-05 26.7242 0.00467033 36.5117 110.384 0 0.89412 73.978 0.161748 267.924 628.625 0 111.235 250.466 
range query time: 0.000652333 2.09758 27.8218 0 2e-05 26.7242 0.00993733 36.5117 110.384 0 0.89412 73.978 1.24039 267.924 628.625 0 111.235 250.466 
# Delete
## 0.0001
median: (2210, 0.004297)-> min: (9999, 0.000579333)-> max: (3053, 0.00679367)-> tot: 42.2118-> avg: 0.00422068
in-dis-skewed knn time: 1.1544 4.9147 62.1514 0 62.1514 58.2367 1.95187 9.95775 73.6536 0 73.6536 64.6959 4.63276 25.5454 98.1146 0 98.1146 73.5692 
out-dis-skewed knn time: 1.18126 5.12146 62.7115 0 62.7115 58.59 1.96221 10.017 73.7747 0 73.7747 64.7577 4.63927 25.5696 98.1588 0 98.1588 73.5892 
in-dis-uniform knn time: 1.14869 4.91461 62.1495 0 62.1495 58.2349 1.95889 9.9577 73.6534 0 73.6534 64.6957 4.64601 25.5471 98.1178 0 98.1178 73.5706 
out-dis-uniform knn time: 1.18577 5.11861 62.6949 0 62.6949 58.5763 1.96974 10.0109 73.7528 0 73.7528 64.7418 4.65493 25.5615 98.131 0 98.131 73.5695 
range count time: 0.000441 2.09828 27.8271 0 2e-05 26.7288 0.004767 36.504 110.371 0 0.89438 73.9725 0.160941 267.888 628.578 0 111.241 250.449 
range query time: 0.000613333 2.09828 27.8271 0 2e-05 26.7288 0.00996133 36.504 110.371 0 0.89438 73.9725 1.24368 267.888 628.578 0 111.241 250.449 

