Tree: ZdTree; AugType: WithoutBox; Split: MortonCurve; BDO: 6; Inba: 30; Coord: float; 
1.in 
# Insert
## 1
median: (1, 5.64609)-> min: (1, 5.64609)-> max: (1, 5.64609)-> tot: 5.64609-> avg: 5.64609
in-dis-skewed knn time: 0.114978 0 0 0 0 0 0.191803 0 0 0 0 0 0.758722 0 0 0 0 0 
out-dis-skewed knn time: 0.108159 0 0 0 0 0 0.155587 0 0 0 0 0 0.894388 0 0 0 0 0 
in-dis-uniform knn time: 0.310028 0 0 0 0 0 0.506643 0 0 0 0 0 1.62472 0 0 0 0 0 
out-dis-uniform knn time: 0.152163 0 0 0 0 0 0.260114 0 0 0 0 0 1.65944 0 0 0 0 0 
range count time: 0.000716333 0 0 0 0 0 0.00361667 0 0 0 0 0 0.0860397 0 0 0 0 0 
range query time: 0.000614667 0 0 0 0 0 0.008838 0 0 0 0 0 1.57425 0 0 0 0 0 
# Insert
## 0.1
median: (7, 0.589666)-> min: (3, 0.564072)-> max: (4, 0.646282)-> tot: 5.94982-> avg: 0.594981
in-dis-skewed knn time: 0.115572 0 0 0 0 0 0.193583 0 0 0 0 0 0.777266 0 0 0 0 0 
out-dis-skewed knn time: 0.109047 0 0 0 0 0 0.154351 0 0 0 0 0 0.895586 0 0 0 0 0 
in-dis-uniform knn time: 0.309059 0 0 0 0 0 0.504501 0 0 0 0 0 1.59687 0 0 0 0 0 
out-dis-uniform knn time: 0.151709 0 0 0 0 0 0.26196 0 0 0 0 0 1.66189 0 0 0 0 0 
range count time: 0.00038 0 0 0 0 0 0.002222 0 0 0 0 0 0.079133 0 0 0 0 0 
range query time: 0.000559667 0 0 0 0 0 0.00895367 0 0 0 0 0 1.58106 0 0 0 0 0 
# Insert
## 0.01
median: (16, 0.0419703)-> min: (8, 0.036712)-> max: (0, 0.055438)-> tot: 4.23602-> avg: 0.0423597
in-dis-skewed knn time: 0.11695 0 0 0 0 0 0.195204 0 0 0 0 0 0.777685 0 0 0 0 0 
out-dis-skewed knn time: 0.109791 0 0 0 0 0 0.154699 0 0 0 0 0 0.876233 0 0 0 0 0 
in-dis-uniform knn time: 0.31075 0 0 0 0 0 0.504882 0 0 0 0 0 1.57714 0 0 0 0 0 
out-dis-uniform knn time: 0.151319 0 0 0 0 0 0.267711 0 0 0 0 0 1.66275 0 0 0 0 0 
range count time: 0.000356 0 0 0 0 0 0.002186 0 0 0 0 0 0.0745367 0 0 0 0 0 
range query time: 0.000543 0 0 0 0 0 0.00905433 0 0 0 0 0 1.51133 0 0 0 0 0 
# Insert
## 0.001
median: (127, 0.00552533)-> min: (68, 0.00443933)-> max: (15, 0.0135763)-> tot: 6.13945-> avg: 0.00613895
in-dis-skewed knn time: 0.119423 0 0 0 0 0 0.196462 0 0 0 0 0 0.778188 0 0 0 0 0 
out-dis-skewed knn time: 0.110064 0 0 0 0 0 0.158342 0 0 0 0 0 0.891811 0 0 0 0 0 
in-dis-uniform knn time: 0.313413 0 0 0 0 0 0.510169 0 0 0 0 0 1.59518 0 0 0 0 0 
out-dis-uniform knn time: 0.151429 0 0 0 0 0 0.264638 0 0 0 0 0 1.6628 0 0 0 0 0 
range count time: 0.000396333 0 0 0 0 0 0.00252867 0 0 0 0 0 0.0729173 0 0 0 0 0 
range query time: 0.000485667 0 0 0 0 0 0.00883033 0 0 0 0 0 1.40578 0 0 0 0 0 
# Insert
## 0.0001
median: (6347, 0.00124967)-> min: (409, 0.00100667)-> max: (3345, 0.00773333)-> tot: 14.56-> avg: 0.0014555
in-dis-skewed knn time: 0.119845 0 0 0 0 0 0.196484 0 0 0 0 0 0.780253 0 0 0 0 0 
out-dis-skewed knn time: 0.10982 0 0 0 0 0 0.157695 0 0 0 0 0 0.892901 0 0 0 0 0 
in-dis-uniform knn time: 0.314667 0 0 0 0 0 0.510324 0 0 0 0 0 1.6025 0 0 0 0 0 
out-dis-uniform knn time: 0.152255 0 0 0 0 0 0.261975 0 0 0 0 0 1.66272 0 0 0 0 0 
range count time: 0.000373333 0 0 0 0 0 0.003234 0 0 0 0 0 0.0726353 0 0 0 0 0 
range query time: 0.000491667 0 0 0 0 0 0.00908867 0 0 0 0 0 1.39746 0 0 0 0 0 

Tree: ZdTree; AugType: WithoutBox; Split: MortonCurve; BDO: 6; Inba: 30; Coord: float; 
2_sort_by_0.in 
# Insert
## 1
median: (1, 5.3713)-> min: (1, 5.3713)-> max: (1, 5.3713)-> tot: 5.3713-> avg: 5.3713
in-dis-skewed knn time: 0.14517 0 0 0 0 0 0.284318 0 0 0 0 0 1.21377 0 0 0 0 0 
out-dis-skewed knn time: 0.102144 0 0 0 0 0 0.388115 0 0 0 0 0 2.17394 0 0 0 0 0 
in-dis-uniform knn time: 0.279037 0 0 0 0 0 0.483995 0 0 0 0 0 1.66964 0 0 0 0 0 
out-dis-uniform knn time: 0.101297 0 0 0 0 0 0.344874 0 0 0 0 0 1.90567 0 0 0 0 0 
range count time: 0.000310333 0 0 0 0 0 0.00539633 0 0 0 0 0 0.140176 0 0 0 0 0 
range query time: 0.000323 0 0 0 0 0 0.011417 0 0 0 0 0 1.63862 0 0 0 0 0 
# Insert
## 0.1
median: (4, 0.602155)-> min: (0, 0.558074)-> max: (2, 0.640117)-> tot: 6.00359-> avg: 0.600358
in-dis-skewed knn time: 0.138198 0 0 0 0 0 0.280678 0 0 0 0 0 1.19672 0 0 0 0 0 
out-dis-skewed knn time: 0.103043 0 0 0 0 0 0.391177 0 0 0 0 0 2.18216 0 0 0 0 0 
in-dis-uniform knn time: 0.277749 0 0 0 0 0 0.481583 0 0 0 0 0 1.65074 0 0 0 0 0 
out-dis-uniform knn time: 0.101778 0 0 0 0 0 0.346834 0 0 0 0 0 1.90642 0 0 0 0 0 
range count time: 0.001254 0 0 0 0 0 0.00472767 0 0 0 0 0 0.133609 0 0 0 0 0 
range query time: 0.00118467 0 0 0 0 0 0.0109663 0 0 0 0 0 1.64438 0 0 0 0 0 
# Insert
## 0.01
median: (35, 0.0399737)-> min: (13, 0.0370983)-> max: (0, 0.0547067)-> tot: 4.07807-> avg: 0.0407802
in-dis-skewed knn time: 0.140455 0 0 0 0 0 0.28675 0 0 0 0 0 1.19118 0 0 0 0 0 
out-dis-skewed knn time: 0.103189 0 0 0 0 0 0.396089 0 0 0 0 0 2.19074 0 0 0 0 0 
in-dis-uniform knn time: 0.277453 0 0 0 0 0 0.480529 0 0 0 0 0 1.63092 0 0 0 0 0 
out-dis-uniform knn time: 0.103046 0 0 0 0 0 0.349595 0 0 0 0 0 1.90996 0 0 0 0 0 
range count time: 0.000330333 0 0 0 0 0 0.00448467 0 0 0 0 0 0.128466 0 0 0 0 0 
range query time: 0.000318 0 0 0 0 0 0.0115133 0 0 0 0 0 1.64163 0 0 0 0 0 
# Insert
## 0.001
median: (533, 0.00530533)-> min: (138, 0.00457633)-> max: (1, 0.0201603)-> tot: 6.07661-> avg: 0.00607611
in-dis-skewed knn time: 0.141783 0 0 0 0 0 0.28769 0 0 0 0 0 1.19514 0 0 0 0 0 
out-dis-skewed knn time: 0.103871 0 0 0 0 0 0.404259 0 0 0 0 0 2.21033 0 0 0 0 0 
in-dis-uniform knn time: 0.276083 0 0 0 0 0 0.479355 0 0 0 0 0 1.61337 0 0 0 0 0 
out-dis-uniform knn time: 0.105014 0 0 0 0 0 0.360992 0 0 0 0 0 1.92996 0 0 0 0 0 
range count time: 0.000323333 0 0 0 0 0 0.00474967 0 0 0 0 0 0.126959 0 0 0 0 0 
range query time: 0.000316333 0 0 0 0 0 0.010939 0 0 0 0 0 1.57442 0 0 0 0 0 
# Insert
## 0.0001
median: (8166, 0.00106233)-> min: (582, 0.000909)-> max: (11, 0.00993267)-> tot: 12.4672-> avg: 0.00124622
in-dis-skewed knn time: 0.135968 0 0 0 0 0 0.284849 0 0 0 0 0 1.21944 0 0 0 0 0 
out-dis-skewed knn time: 0.104873 0 0 0 0 0 0.408285 0 0 0 0 0 2.23359 0 0 0 0 0 
in-dis-uniform knn time: 0.271505 0 0 0 0 0 0.473266 0 0 0 0 0 1.62912 0 0 0 0 0 
out-dis-uniform knn time: 0.104258 0 0 0 0 0 0.361243 0 0 0 0 0 1.9422 0 0 0 0 0 
range count time: 0.000302667 0 0 0 0 0 0.00551167 0 0 0 0 0 0.127086 0 0 0 0 0 
range query time: 0.000335667 0 0 0 0 0 0.010112 0 0 0 0 0 1.47102 0 0 0 0 0 

Tree: ZdTree; AugType: WithoutBox; Split: MortonCurve; BDO: 6; Inba: 30; Coord: float; 
2.in 
# Insert
## 1
median: (1, 4.83005)-> min: (1, 4.83005)-> max: (1, 4.83005)-> tot: 4.83005-> avg: 4.83005
in-dis-skewed knn time: 0.27802 0 0 0 0 0 0.489928 0 0 0 0 0 1.61392 0 0 0 0 0 
out-dis-skewed knn time: 0.304798 0 0 0 0 0 0.484577 0 0 0 0 0 1.56996 0 0 0 0 0 
in-dis-uniform knn time: 0.27029 0 0 0 0 0 0.46672 0 0 0 0 0 1.53805 0 0 0 0 0 
out-dis-uniform knn time: 0.303465 0 0 0 0 0 0.474627 0 0 0 0 0 1.52217 0 0 0 0 0 
range count time: 0.00115333 0 0 0 0 0 0.00515267 0 0 0 0 0 0.142251 0 0 0 0 0 
range query time: 0.00045 0 0 0 0 0 0.0105197 0 0 0 0 0 1.59411 0 0 0 0 0 
# Insert
## 0.1
median: (6, 0.821671)-> min: (0, 0.522666)-> max: (9, 0.979738)-> tot: 7.79479-> avg: 0.779478
in-dis-skewed knn time: 0.275797 0 0 0 0 0 0.484138 0 0 0 0 0 1.55076 0 0 0 0 0 
out-dis-skewed knn time: 0.306878 0 0 0 0 0 0.485249 0 0 0 0 0 1.53142 0 0 0 0 0 
in-dis-uniform knn time: 0.271846 0 0 0 0 0 0.4702 0 0 0 0 0 1.51007 0 0 0 0 0 
out-dis-uniform knn time: 0.305625 0 0 0 0 0 0.478053 0 0 0 0 0 1.49945 0 0 0 0 0 
range count time: 0.000329333 0 0 0 0 0 0.00524833 0 0 0 0 0 0.118338 0 0 0 0 0 
range query time: 0.000426667 0 0 0 0 0 0.009732 0 0 0 0 0 1.40941 0 0 0 0 0 
# Insert
## 0.01
median: (58, 0.144009)-> min: (1, 0.0509667)-> max: (98, 0.170069)-> tot: 13.1688-> avg: 0.131687
in-dis-skewed knn time: 0.271055 0 0 0 0 0 0.48317 0 0 0 0 0 1.57605 0 0 0 0 0 
out-dis-skewed knn time: 0.303536 0 0 0 0 0 0.487305 0 0 0 0 0 1.56033 0 0 0 0 0 
in-dis-uniform knn time: 0.264999 0 0 0 0 0 0.47147 0 0 0 0 0 1.54035 0 0 0 0 0 
out-dis-uniform knn time: 0.300837 0 0 0 0 0 0.480005 0 0 0 0 0 1.53279 0 0 0 0 0 
range count time: 0.00033 0 0 0 0 0 0.005179 0 0 0 0 0 0.123588 0 0 0 0 0 
range query time: 0.000414 0 0 0 0 0 0.009846 0 0 0 0 0 1.41705 0 0 0 0 0 
# Insert
## 0.001
median: (653, 0.025009)-> min: (2, 0.011262)-> max: (102, 0.0319153)-> tot: 24.9303-> avg: 0.0249298
in-dis-skewed knn time: 0.268267 0 0 0 0 0 0.477937 0 0 0 0 0 1.57978 0 0 0 0 0 
out-dis-skewed knn time: 0.298992 0 0 0 0 0 0.481862 0 0 0 0 0 1.56588 0 0 0 0 0 
in-dis-uniform knn time: 0.260459 0 0 0 0 0 0.466762 0 0 0 0 0 1.54708 0 0 0 0 0 
out-dis-uniform knn time: 0.295818 0 0 0 0 0 0.475317 0 0 0 0 0 1.54012 0 0 0 0 0 
range count time: 0.00129733 0 0 0 0 0 0.00592267 0 0 0 0 0 0.135847 0 0 0 0 0 
range query time: 0.000428667 0 0 0 0 0 0.009943 0 0 0 0 0 1.47282 0 0 0 0 0 
# Insert
## 0.0001
median: (7120, 0.00456933)-> min: (13, 0.00175867)-> max: (565, 0.0234247)-> tot: 47.9943-> avg: 0.00479893
in-dis-skewed knn time: 0.269872 0 0 0 0 0 0.481691 0 0 0 0 0 1.58664 0 0 0 0 0 
out-dis-skewed knn time: 0.302862 0 0 0 0 0 0.485946 0 0 0 0 0 1.57153 0 0 0 0 0 
in-dis-uniform knn time: 0.263414 0 0 0 0 0 0.470829 0 0 0 0 0 1.55348 0 0 0 0 0 
out-dis-uniform knn time: 0.299245 0 0 0 0 0 0.47945 0 0 0 0 0 1.54932 0 0 0 0 0 
range count time: 0.000337667 0 0 0 0 0 0.00630667 0 0 0 0 0 0.144822 0 0 0 0 0 
range query time: 0.000434333 0 0 0 0 0 0.0103 0 0 0 0 0 1.52744 0 0 0 0 0 

