Tree: PTree; AugType: HasBox; Split: MortonCurve; BDO: 6; Inba: 30; Coord: integer; 
1.in 
# Insert
## 1
median: (1, 3.04482)-> min: (1, 3.04482)-> max: (1, 3.04482)-> tot: 3.04482-> avg: 3.04482
in-dis-skewed knn time: 0.938071 29.0741 262.459 0 262.459 234.385 3.93929 86.4208 470.732 0 470.732 385.311 23.2112 251.407 756.089 0 756.089 505.681 
out-dis-skewed knn time: 0.312894 10.9828 121.958 0 121.958 111.976 1.0222 40.8143 275.969 0 275.969 236.154 7.4954 91.6922 327.906 0 327.906 237.214 
in-dis-uniform knn time: 4.26711 25.3594 245.638 0 245.638 221.278 10.7577 80.8965 457.193 0 457.193 377.296 27.897 211.525 652.745 0 652.745 442.22 
out-dis-uniform knn time: 0.290526 7.8302 123.945 0 123.945 117.114 0.499514 13.0714 141.417 0 141.417 129.345 2.96845 35.3325 178.772 0 178.772 144.44 
range count time: 0.000626333 5.32844 45.2731 0 0 40.9446 0.00305633 27.0279 124.27 0 1.06208 97.1798 0.164326 280.707 712.571 0 111.046 321.819 
range query time: 0.000783333 5.32844 45.2731 0 0 40.9446 0.00862733 27.0279 124.27 0 1.06208 97.1798 1.18494 280.707 712.571 0 111.046 321.819 
# Delete
## 0.1
median: (8, 0.201978)-> min: (0, 0.200147)-> max: (9, 0.207988)-> tot: 2.02835-> avg: 0.202835
in-dis-skewed knn time: 0.941523 28.7181 263.048 0 263.048 235.33 3.97327 87.047 465.171 0 465.171 379.124 22.7848 244.608 721.566 0 721.566 477.958 
out-dis-skewed knn time: 0.333495 10.0025 142.901 0 142.901 133.898 2.12147 73.5791 651.057 0 651.057 578.478 17.7861 231.558 895.442 0 895.442 664.884 
in-dis-uniform knn time: 4.30512 25.1222 241.731 0 241.731 217.609 10.7069 78.4728 438.073 0 438.073 360.6 27.5599 196.471 606.806 0 606.806 411.335 
out-dis-uniform knn time: 0.264682 6.62899 118.661 0 118.661 113.032 0.579841 14.6512 161.139 0 161.139 147.488 3.44254 37.9924 204.206 0 204.206 167.214 
range count time: 0.000647667 5.43574 48.3503 0 0 43.9146 0.00317433 27.017 124.327 0 1.0664 97.244 0.173183 280.843 713.091 0 111.159 322.089 
range query time: 0.000832667 5.43574 48.3503 0 0 43.9146 0.00869233 27.017 124.327 0 1.0664 97.244 1.19807 280.843 713.091 0 111.159 322.089 
# Delete
## 0.01
median: (82, 0.0218357)-> min: (95, 0.0208293)-> max: (54, 0.0320033)-> tot: 2.27364-> avg: 0.0227359
in-dis-skewed knn time: 0.986555 28.7181 263.048 0 263.048 235.33 4.09978 87.047 465.171 0 465.171 379.124 23.6828 244.608 721.566 0 721.566 477.958 
out-dis-skewed knn time: 0.335746 10.0027 142.896 0 142.896 133.893 2.21808 73.5788 651.05 0 651.05 578.471 18.2766 231.557 895.435 0 895.435 664.878 
in-dis-uniform knn time: 4.33574 25.1223 241.737 0 241.737 217.615 10.5227 78.4765 438.12 0 438.12 360.643 27.7382 196.489 606.875 0 606.875 411.386 
out-dis-uniform knn time: 0.269911 6.62899 118.361 0 118.361 112.732 0.598554 14.6512 160.84 0 160.84 147.188 3.5063 37.9924 203.907 0 203.907 166.914 
range count time: 0.000685 5.43574 48.3503 0 0 43.9146 0.00329933 27.017 124.327 0 1.0664 97.244 0.168337 280.843 713.097 0 111.159 322.095 
range query time: 0.000826667 5.43574 48.3503 0 0 43.9146 0.00901633 27.017 124.327 0 1.0664 97.244 1.24206 280.843 713.097 0 111.159 322.095 
# Delete
## 0.001
median: (62, 0.00303133)-> min: (0, 0.00238767)-> max: (544, 0.00683067)-> tot: 3.2642-> avg: 0.00326371
in-dis-skewed knn time: 1.01284 28.7181 264.048 0 264.048 236.33 4.28259 87.047 466.171 0 466.171 380.124 23.8419 244.608 722.566 0 722.566 478.958 
out-dis-skewed knn time: 0.333803 10.0021 141.863 0 141.863 132.861 2.27699 73.5756 633.127 0 633.127 560.551 17.0991 212.704 841.812 0 841.812 630.108 
in-dis-uniform knn time: 4.3625 25.1247 242.136 0 242.136 218.011 10.5679 78.4722 438.526 0 438.526 361.053 27.8529 196.567 607.424 0 607.424 411.856 
out-dis-uniform knn time: 0.274002 6.62836 116.535 0 116.535 110.906 0.619849 14.6514 159.602 0 159.602 145.95 3.50162 37.3183 201.096 0 201.096 164.778 
range count time: 0.000696 5.43574 48.3503 0 0 43.9146 0.003454 27.017 124.327 0 1.0664 97.244 0.169475 280.842 713.592 0 111.158 322.592 
range query time: 0.000808667 5.43574 48.3503 0 0 43.9146 0.00895867 27.017 124.327 0 1.0664 97.244 1.26108 280.842 713.592 0 111.158 322.592 
# Delete
## 0.0001
median: (351, 0.000761667)-> min: (249, 0.000508667)-> max: (3776, 0.00491167)-> tot: 7.79621-> avg: 0.000779123
in-dis-skewed knn time: 1.017 28.7181 264.048 0 264.048 236.33 4.30321 87.047 466.171 0 466.171 380.124 23.8839 244.608 722.566 0 722.566 478.958 
out-dis-skewed knn time: 0.333813 10.0021 141.857 0 141.857 132.855 2.2907 73.5756 633.121 0 633.121 560.545 17.1412 212.704 841.807 0 841.807 630.102 
in-dis-uniform knn time: 4.36692 25.1379 242.234 0 242.234 218.096 10.5719 78.5067 438.694 0 438.694 361.187 27.8528 196.633 607.635 0 607.635 412.002 
out-dis-uniform knn time: 0.272928 6.63039 115.932 0 115.932 110.302 0.619656 14.6582 159.02 0 159.02 145.361 3.50605 37.3231 200.521 0 200.521 164.197 
range count time: 0.000703 5.43574 48.3503 0 0 43.9146 0.003487 27.0175 123.678 0 1.0664 96.5943 0.167833 280.845 713.601 0 111.161 322.596 
range query time: 0.000796333 5.43574 48.3503 0 0 43.9146 0.008906 27.0175 123.678 0 1.0664 96.5943 1.26077 280.845 713.601 0 111.161 322.596 

Tree: PTree; AugType: HasBox; Split: MortonCurve; BDO: 6; Inba: 30; Coord: integer; 
2_sort_by_0.in 
# Insert
## 1
median: (1, 3.03988)-> min: (1, 3.03988)-> max: (1, 3.03988)-> tot: 3.03988-> avg: 3.03988
in-dis-skewed knn time: 0.953528 7.971 69.7383 0 69.7383 62.7673 1.95682 16.1377 84.834 0 84.834 69.6963 4.75805 33.5273 105.539 0 105.539 73.0112 
out-dis-skewed knn time: 0.287651 4.30917 77.6274 0 77.6274 74.3182 0.88217 19.4272 119.104 0 119.104 100.677 3.6399 61.7946 201.881 0 201.881 141.086 
in-dis-uniform knn time: 3.51464 18.6298 187.542 0 187.542 169.912 8.7903 55.6464 316.767 0 316.767 262.121 21.1053 140.118 438.721 0 438.721 299.603 
out-dis-uniform knn time: 0.301129 4.50617 78.5481 0 78.5481 75.0419 0.822528 17.0342 110.844 0 110.844 94.8099 3.33041 51.163 174.606 0 174.606 124.443 
range count time: 0.000535333 3.42534 37.4955 0 0 35.0701 0.00475933 44.9907 142.777 0 0.7358 98.0504 0.21278 335.868 786.271 0 121.185 330.218 
range query time: 0.00062 3.42534 37.4955 0 0 35.0701 0.010268 44.9907 142.777 0 0.7358 98.0504 1.21937 335.868 786.271 0 121.185 330.218 
# Delete
## 0.1
median: (7, 0.214878)-> min: (2, 0.213468)-> max: (9, 0.222439)-> tot: 2.15501-> avg: 0.215501
in-dis-skewed knn time: 0.992507 7.96776 70.4529 0 70.4529 63.4851 1.98178 16.2546 85.7217 0 85.7217 70.4672 4.81532 33.6617 106.399 0 106.399 73.7376 
out-dis-skewed knn time: 0.308007 4.63062 78.5819 0 78.5819 74.9513 0.970137 20.1604 122.666 0 122.666 103.505 3.94859 64.8089 213.165 0 213.165 149.356 
in-dis-uniform knn time: 3.52956 18.7606 188.679 0 188.679 170.918 8.77091 55.6794 315.018 0 315.018 260.338 21.328 140.152 438.275 0 438.275 299.122 
out-dis-uniform knn time: 0.328946 4.98704 80.3958 0 80.3958 76.4088 0.928925 17.9782 114.741 0 114.741 97.7631 3.57824 53.8306 183.999 0 183.999 131.169 
range count time: 0.000539333 3.42534 37.4955 0 0 35.0701 0.00524267 44.9907 142.777 0 0.7358 98.0504 0.217867 335.784 786.75 0 121.162 330.803 
range query time: 0.000649333 3.42534 37.4955 0 0 35.0701 0.010867 44.9907 142.777 0 0.7358 98.0504 1.22989 335.784 786.75 0 121.162 330.803 
# Delete
## 0.01
median: (54, 0.02252)-> min: (19, 0.0220873)-> max: (23, 0.0240867)-> tot: 2.26767-> avg: 0.0226762
in-dis-skewed knn time: 1.01041 7.96634 70.2463 0 70.2463 63.28 1.94664 16.2592 85.5216 0 85.5216 70.2624 4.9371 33.6632 106.193 0 106.193 73.5293 
out-dis-skewed knn time: 0.32169 4.63657 76.9667 0 76.9667 73.3302 1.02624 20.151 121.133 0 121.133 101.982 4.00017 64.3497 210.952 0 210.952 147.602 
in-dis-uniform knn time: 3.54178 18.7864 189.623 0 189.623 171.837 8.60725 55.8663 315.004 0 315.004 260.138 21.2699 140.039 437.546 0 437.546 298.507 
out-dis-uniform knn time: 0.350674 4.99552 78.7747 0 78.7747 74.7791 0.965604 17.9485 113.097 0 113.097 96.1481 3.61788 53.4484 181.906 0 181.906 129.457 
range count time: 0.000522333 3.42534 37.4955 0 0 35.0701 0.00519233 44.9907 142.777 0 0.7358 98.0504 0.224417 335.775 786.531 0 121.163 330.593 
range query time: 0.000659333 3.42534 37.4955 0 0 35.0701 0.0106103 44.9907 142.777 0 0.7358 98.0504 1.26138 335.775 786.531 0 121.163 330.593 
# Delete
## 0.001
median: (545, 0.00295033)-> min: (16, 0.00265833)-> max: (582, 0.00569833)-> tot: 3.00638-> avg: 0.00300587
in-dis-skewed knn time: 1.03442 7.96717 70.1289 0 70.1289 63.1617 1.98589 16.2649 85.4217 0 85.4217 70.1568 4.96908 33.6834 106.108 0 106.108 73.4251 
out-dis-skewed knn time: 0.343099 4.74318 74.9581 0 74.9581 71.2149 1.07361 19.9857 118.305 0 118.305 99.3198 4.09198 63.595 206.149 0 206.149 143.554 
in-dis-uniform knn time: 3.6807 18.758 189.017 0 189.017 171.259 8.7608 55.5536 312.92 0 312.92 258.366 21.3124 138.564 433.318 0 433.318 295.754 
out-dis-uniform knn time: 0.365512 5.04846 76.7745 0 76.7745 72.726 1.00458 17.7904 110.496 0 110.496 93.7054 3.68218 52.7851 177.786 0 177.786 126.001 
range count time: 0.000574 3.42534 37.4955 0 0 35.0701 0.005543 44.9907 142.777 0 0.7358 98.0504 0.215074 335.775 786.335 0 121.163 330.398 
range query time: 0.000680667 3.42534 37.4955 0 0 35.0701 0.0109717 44.9907 142.777 0 0.7358 98.0504 1.30354 335.775 786.335 0 121.163 330.398 
# Delete
## 0.0001
median: (6147, 0.000895333)-> min: (9999, 0.000567667)-> max: (4056, 0.00489267)-> tot: 9.0861-> avg: 0.000908112
in-dis-skewed knn time: 1.02617 7.96704 70.1284 0 70.1284 63.1614 2.00198 16.2578 85.4189 0 85.4189 70.1611 4.93576 33.6892 106.114 0 106.114 73.4243 
out-dis-skewed knn time: 0.339633 4.63543 73.5115 0 73.5115 69.8761 1.05097 19.3599 115.912 0 115.912 97.5518 4.09385 63.0232 202.848 0 202.848 140.825 
in-dis-uniform knn time: 3.68036 18.7783 189.024 0 189.024 171.246 8.74906 55.6167 313.323 0 313.323 258.707 21.3224 139 434.481 0 434.481 296.481 
out-dis-uniform knn time: 0.361699 4.95698 75.3869 0 75.3869 71.4299 0.982679 17.198 108.436 0 108.436 92.2383 3.70135 52.7228 175.867 0 175.867 124.144 
range count time: 0.000549667 3.42534 37.4955 0 0 35.0701 0.00561767 44.9907 142.777 0 0.7358 98.0504 0.214845 335.774 786.275 0 121.162 330.339 
range query time: 0.000651333 3.42534 37.4955 0 0 35.0701 0.0107147 44.9907 142.777 0 0.7358 98.0504 1.29991 335.774 786.275 0 121.162 330.339 

Tree: PTree; AugType: HasBox; Split: MortonCurve; BDO: 6; Inba: 30; Coord: integer; 
2.in 
# Insert
## 1
median: (1, 3.10883)-> min: (1, 3.10883)-> max: (1, 3.10883)-> tot: 3.10883-> avg: 3.10883
in-dis-skewed knn time: 3.62253 20.2791 210.266 0 210.266 190.987 9.13509 60.4154 348.862 0 348.862 289.447 22.1977 151.874 484.432 0 484.432 333.558 
out-dis-skewed knn time: 3.68975 20.5553 210.953 0 210.953 191.398 9.20284 60.4781 349.018 0 349.018 289.54 22.2613 151.9 484.502 0 484.502 333.602 
in-dis-uniform knn time: 3.6483 20.2782 210.253 0 210.253 190.975 9.20894 60.4132 348.83 0 348.83 289.416 22.2864 151.852 484.374 0 484.374 333.522 
out-dis-uniform knn time: 3.70512 20.5559 210.987 0 210.987 191.431 9.23062 60.4648 348.959 0 348.959 289.494 22.3071 151.875 484.422 0 484.422 333.547 
range count time: 0.000545333 3.63864 38.7092 0 0 36.0705 0.00498367 44.6424 145.461 0 0.7522 101.066 0.227277 359.125 831.838 0 119.759 353.955 
range query time: 0.000695667 3.63864 38.7092 0 0 36.0705 0.0102973 44.6424 145.461 0 0.7522 101.066 1.21356 359.125 831.838 0 119.759 353.955 
# Delete
## 0.1
median: (0, 0.508747)-> min: (9, 0.243896)-> max: (3, 0.760978)-> tot: 4.78332-> avg: 0.478331
in-dis-skewed knn time: 3.79297 20.137 212.109 0 212.109 192.972 9.14976 60.4993 350.587 0 350.587 291.088 22.5761 152.662 486.342 0 486.342 334.68 
out-dis-skewed knn time: 3.88335 20.4258 212.827 0 212.827 193.402 9.23182 60.572 350.746 0 350.746 291.174 22.6586 152.7 486.407 0 486.407 334.707 
in-dis-uniform knn time: 3.84797 20.139 212.109 0 212.109 192.97 9.24218 60.497 350.554 0 350.554 291.057 22.7125 152.648 486.291 0 486.291 334.643 
out-dis-uniform knn time: 3.90406 20.4249 212.85 0 212.85 193.425 9.26439 60.5639 350.699 0 350.699 291.135 22.7438 152.678 486.337 0 486.337 334.659 
range count time: 0.00061 3.69034 38.8599 0 0 36.1696 0.00601067 44.7692 146.494 0 0.78106 101.943 0.234311 360.625 839.236 0 121.846 357.765 
range query time: 0.000761 3.69034 38.8599 0 0 36.1696 0.010464 44.7692 146.494 0 0.78106 101.943 1.2995 360.625 839.236 0 121.846 357.765 
# Delete
## 0.01
median: (49, 0.153874)-> min: (99, 0.0249277)-> max: (30, 0.203322)-> tot: 14.1627-> avg: 0.141626
in-dis-skewed knn time: 3.77617 20.0604 211.933 0 211.933 192.873 9.12433 60.2899 349.851 0 349.851 290.561 22.5646 152.673 486.505 0 486.505 334.832 
out-dis-skewed knn time: 3.86696 20.3504 212.65 0 212.65 193.3 9.20529 60.3655 350.008 0 350.008 290.643 22.6424 152.712 486.565 0 486.565 334.853 
in-dis-uniform knn time: 3.83179 20.0621 211.933 0 211.933 192.871 9.21716 60.2879 349.818 0 349.818 290.53 22.6925 152.655 486.443 0 486.443 334.788 
out-dis-uniform knn time: 3.88868 20.3487 212.672 0 212.672 193.324 9.24053 60.3543 349.957 0 349.957 290.603 22.7192 152.684 486.49 0 486.49 334.806 
range count time: 0.000623667 3.68514 38.5706 0 0 35.8855 0.00590967 44.8962 146.588 0 0.77886 101.913 0.235096 361.193 839.912 0 122.044 357.675 
range query time: 0.000742 3.68514 38.5706 0 0 35.8855 0.011102 44.8962 146.588 0 0.77886 101.913 1.2998 361.193 839.912 0 122.044 357.675 
# Delete
## 0.001
median: (176, 0.0289163)-> min: (999, 0.00325067)-> max: (319, 0.03647)-> tot: 27.4197-> avg: 0.0274192
in-dis-skewed knn time: 3.77749 20.0478 211.871 0 211.871 192.823 9.12271 60.273 349.745 0 349.745 290.472 22.5777 152.581 486.424 0 486.424 334.843 
out-dis-skewed knn time: 3.86714 20.3372 212.586 0 212.586 193.248 9.20709 60.3488 349.904 0 349.904 290.555 22.6555 152.621 486.488 0 486.488 334.867 
in-dis-uniform knn time: 3.83705 20.0496 211.87 0 211.87 192.82 9.2208 60.271 349.712 0 349.712 290.441 22.7109 152.564 486.364 0 486.364 334.8 
out-dis-uniform knn time: 3.8884 20.3356 212.609 0 212.609 193.274 9.24232 60.3374 349.852 0 349.852 290.515 22.7376 152.593 486.412 0 486.412 334.819 
range count time: 0.000620333 3.6762 38.6445 0 0 35.9683 0.00618867 44.848 146.57 0 0.77966 101.943 0.235266 361.209 839.931 0 122.029 357.693 
range query time: 0.000738333 3.6762 38.6445 0 0 35.9683 0.0107313 44.848 146.57 0 0.77966 101.943 1.30164 361.209 839.931 0 122.029 357.693 
# Delete
## 0.0001
median: (4821, 0.00426267)-> min: (9998, 0.000774)-> max: (8025, 0.007585)-> tot: 41.9964-> avg: 0.00419915
in-dis-skewed knn time: 3.77694 20.041 211.89 0 211.89 192.849 9.12047 60.2864 349.784 0 349.784 290.497 22.5695 152.655 486.519 0 486.519 334.864 
out-dis-skewed knn time: 3.86366 20.3307 212.605 0 212.605 193.274 9.19748 60.3623 349.942 0 349.942 290.58 22.6484 152.695 486.583 0 486.583 334.888 
in-dis-uniform knn time: 3.83103 20.0429 211.889 0 211.889 192.846 9.2132 60.2843 349.75 0 349.75 290.466 22.7043 152.638 486.459 0 486.459 334.82 
out-dis-uniform knn time: 3.88714 20.3289 212.629 0 212.629 193.3 9.23665 60.3511 349.891 0 349.891 290.54 22.736 152.667 486.507 0 486.507 334.84 
range count time: 0.000622333 3.67736 38.6405 0 0 35.9632 0.00598067 44.8668 146.647 0 0.78132 101.999 0.236555 361.205 839.925 0 122.026 357.694 
range query time: 0.000686667 3.67736 38.6405 0 0 35.9632 0.0108733 44.8668 146.647 0 0.78132 101.999 1.30006 361.205 839.925 0 122.026 357.694 

