Tree: KdTree; AugType: HasBox; Split: MaxStretchDim-ObjectMedian; BDO: 6; Inba: 30; Coord: integer; 
1.in 
# Insert
## 1
median: (1, 6.10325)-> min: (1, 6.10325)-> max: (1, 6.10325)-> tot: 6.10325-> avg: 6.10325
in-dis-skewed knn time: 0.0517917 1 24.6057 0 24.6057 24.6057 0.109592 2.76483 28.3079 0 28.3079 26.5431 0.523714 12.2008 42.207 0 42.207 31.0062 
out-dis-skewed knn time: 0.412386 17.9474 174.597 0 174.597 157.65 0.632215 29.9088 190.578 0 190.578 161.669 5.49649 111.644 282.349 0 282.349 171.705 
in-dis-uniform knn time: 0.223235 1 24.4898 0 24.4898 24.4898 0.396668 2.78131 28.2443 0 28.2443 26.463 1.29686 12.2742 42.2609 0 42.2609 30.9867 
out-dis-uniform knn time: 0.104253 3.43279 52.9138 0 52.9138 50.4811 0.167737 6.70816 58.6196 0 58.6196 52.9114 1.18663 24.9245 81.0541 0 81.0541 57.1296 
range count time: 0.000698333 2.25636 27.9745 0 0.00094 26.7172 0.00240833 25.8909 77.698 0 4.28096 48.5261 0.0596457 266.699 671.416 0 164.264 241.454 
range query time: 0.000419667 2.25636 27.9745 0 0.00094 26.7172 0.00675467 25.8909 77.698 0 4.28096 48.5261 1.06892 266.699 671.416 0 164.264 241.454 
# Insert
## 0.1
median: (2, 0.979041)-> min: (0, 0.449258)-> max: (6, 3.18654)-> tot: 12.7977-> avg: 1.27977
in-dis-skewed knn time: 0.0518637 1 23.3837 0 23.3837 23.3837 0.108846 2.74188 27.0384 0 27.0384 25.2966 0.526556 12.0265 40.7539 0 40.7539 29.7274 
out-dis-skewed knn time: 0.334952 13.988 148.926 0 148.926 135.938 0.581776 28.9267 173.846 0 173.846 145.919 4.71233 102.722 279.47 0 279.47 177.748 
in-dis-uniform knn time: 0.232571 1 24.8211 0 24.8211 24.8211 0.410194 2.76403 28.5453 0 28.5453 26.7812 1.32887 12.1558 42.456 0 42.456 31.3003 
out-dis-uniform knn time: 0.116582 3.66573 57.813 0 57.813 55.1473 0.187793 7.17439 64.6938 0 64.6938 58.5194 1.22232 22.8321 81.393 0 81.393 59.5609 
range count time: 0.00113033 2.26538 29.2276 0 0.00142 27.9608 0.002585 26.0646 78.9014 0 4.30058 49.5363 0.063568 265.729 667.872 0 162.473 240.669 
range query time: 0.000462667 2.26538 29.2276 0 0.00142 27.9608 0.006679 26.0646 78.9014 0 4.30058 49.5363 1.0392 265.729 667.872 0 162.473 240.669 
# Insert
## 0.01
median: (14, 0.129943)-> min: (0, 0.054179)-> max: (55, 1.7866)-> tot: 25.2318-> avg: 0.252318
in-dis-skewed knn time: 0.0536317 1 24.4299 0 24.4299 24.4299 0.109357 2.77973 28.1628 0 28.1628 26.3831 0.528704 12.347 42.2761 0 42.2761 30.9291 
out-dis-skewed knn time: 0.326887 14.9833 141.024 0 141.024 127.041 0.50798 26.9525 155.036 0 155.036 129.083 3.8114 88.9352 226.036 0 226.036 138.101 
in-dis-uniform knn time: 0.234721 1 24.6567 0 24.6567 24.6567 0.412796 2.79063 28.4335 0 28.4335 26.6428 1.33974 12.3643 42.5842 0 42.5842 31.2199 
out-dis-uniform knn time: 0.146556 5.90543 67.9269 0 67.9269 63.0214 0.228692 8.89953 73.5116 0 73.5116 65.6121 1.6455 32.7317 106.171 0 106.171 74.4391 
range count time: 0.00109933 2.26952 29.8598 0 0.0017 28.5886 0.00264867 26.122 79.7686 0 4.35624 50.2904 0.0637217 267.04 673.959 0 164.962 242.958 
range query time: 0.000433667 2.26952 29.8598 0 0.0017 28.5886 0.00665367 26.122 79.7686 0 4.35624 50.2904 1.03039 267.04 673.959 0 164.962 242.958 
# Insert
## 0.001
median: (958, 0.012314)-> min: (0, 0.00472333)-> max: (529, 1.65024)-> tot: 32.8626-> avg: 0.0328621
in-dis-skewed knn time: 0.056437 1 24.1519 0 24.1519 24.1519 0.109365 2.7605 27.8467 0 27.8467 26.0862 0.529816 12.1908 41.7865 0 41.7865 30.5958 
out-dis-skewed knn time: 0.300549 12.0042 135.004 0 135.004 124 0.478464 21.0015 148.997 0 148.997 128.995 3.40516 71.9654 203.991 0 203.991 133.025 
in-dis-uniform knn time: 0.234984 1 24.8646 0 24.8646 24.8646 0.412928 2.77194 28.6082 0 28.6082 26.8363 1.33827 12.2268 42.6108 0 42.6108 31.384 
out-dis-uniform knn time: 0.115602 3.77234 56.7014 0 56.7014 53.9291 0.190391 7.56213 64.1527 0 64.1527 57.5906 1.08342 21.97 79.8859 0 79.8859 58.9159 
range count time: 0.00133067 2.25454 28.6299 0 0.00126 27.3741 0.00252967 26.0507 78.6769 0 4.312 49.3142 0.063304 265.688 669.474 0 163.238 241.547 
range query time: 0.000427 2.25454 28.6299 0 0.00126 27.3741 0.00655233 26.0507 78.6769 0 4.312 49.3142 1.02877 265.688 669.474 0 163.238 241.547 
# Insert
## 0.0001
median: (1603, 0.002714)-> min: (68, 0.00111167)-> max: (6558, 2.33816)-> tot: 53.5551-> avg: 0.00535501
in-dis-skewed knn time: 0.0527987 1 23.8413 0 23.8413 23.8413 0.108999 2.74915 27.5156 0 27.5156 25.7664 0.529937 12.0974 41.3483 0 41.3483 30.2509 
out-dis-skewed knn time: 0.462794 20.9348 195.634 0 195.634 175.699 0.724764 34.8923 214.611 0 214.611 180.719 6.0128 122.676 312.428 0 312.428 190.751 
in-dis-uniform knn time: 0.235532 1 24.9025 0 24.9025 24.9025 0.412508 2.76396 28.631 0 28.631 26.8671 1.33441 12.1589 42.55 0 42.55 31.3911 
out-dis-uniform knn time: 0.144158 5.5239 67.102 0 67.102 62.5781 0.255268 9.07514 73.0279 0 73.0279 64.9528 1.5003 28.8815 101.838 0 101.838 73.9565 
range count time: 0.00152767 2.26482 29.5754 0 0.00134 28.3093 0.002544 25.8804 79.0489 0 4.2422 49.9262 0.063601 265.389 668.612 0 163.001 241.221 
range query time: 0.000418667 2.26482 29.5754 0 0.00134 28.3093 0.006752 25.8804 79.0489 0 4.2422 49.9262 1.03048 265.389 668.612 0 163.001 241.221 

Tree: KdTree; AugType: HasBox; Split: MaxStretchDim-ObjectMedian; BDO: 6; Inba: 30; Coord: integer; 
2_sort_by_0.in 
# Insert
## 1
median: (1, 5.15728)-> min: (1, 5.15728)-> max: (1, 5.15728)-> tot: 5.15728-> avg: 5.15728
in-dis-skewed knn time: 0.118317 1 24.5632 0 24.5632 24.5632 0.243248 2.80161 28.3174 0 28.3174 26.5158 0.992297 12.3384 42.3011 0 42.3011 30.9627 
out-dis-skewed knn time: 0.0976993 1.49791 30.1322 0 30.1322 29.6343 0.435053 13.7026 70.5441 0 70.5441 57.8415 2.09131 54.8834 158.821 0 158.821 104.938 
in-dis-uniform knn time: 0.22414 1 24.4828 0 24.4828 24.4828 0.398076 2.81032 28.3254 0 28.3254 26.5151 1.30674 12.3948 42.5766 0 42.5766 31.1818 
out-dis-uniform knn time: 0.0989607 1.5122 29.6045 0 29.6045 29.0923 0.380028 11.8249 61.381 0 61.381 50.5561 1.76989 44.1589 127.673 0 127.673 84.5141 
range count time: 0.000383667 1.83186 25.9946 0 0.00242 25.1603 0.00459233 52.4644 138.541 0 3.41954 83.657 0.0932553 360.67 863.948 0 198.146 306.132 
range query time: 0.000456333 1.83186 25.9946 0 0.00242 25.1603 0.00774367 52.4644 138.541 0 3.41954 83.657 1.1071 360.67 863.948 0 198.146 306.132 
# Insert
## 0.1
median: (9, 1.39454)-> min: (0, 0.379797)-> max: (7, 3.13196)-> tot: 13.7388-> avg: 1.37388
in-dis-skewed knn time: 0.120532 1 23.6907 0 23.6907 23.6907 0.256409 2.77052 27.4251 0 27.4251 25.6545 1.02412 12.1434 41.3481 0 41.3481 30.2047 
out-dis-skewed knn time: 0.105409 1.50525 31.2676 0 31.2676 30.7623 0.466269 13.7285 71.643 0 71.643 58.9145 2.21479 54.4324 159.264 0 159.264 105.832 
in-dis-uniform knn time: 0.232204 1 24.7473 0 24.7473 24.7473 0.410808 2.77542 28.5623 0 28.5623 26.7869 1.33595 12.1914 42.7263 0 42.7263 31.5349 
out-dis-uniform knn time: 0.105007 1.51075 30.7138 0 30.7138 30.203 0.407117 11.7829 62.4022 0 62.4022 51.6193 1.86653 43.7422 128.23 0 128.23 85.4874 
range count time: 0.000338333 1.81436 25.8375 0 0.0023 25.0208 0.00479 51.7484 138.869 0 3.41844 84.7019 0.0975263 355.477 860.343 0 198.649 307.217 
range query time: 0.000435 1.81436 25.8375 0 0.0023 25.0208 0.00794833 51.7484 138.869 0 3.41844 84.7019 1.07663 355.477 860.343 0 198.649 307.217 
# Insert
## 0.01
median: (73, 0.229033)-> min: (0, 0.0490087)-> max: (58, 0.50244)-> tot: 23.9734-> avg: 0.239733
in-dis-skewed knn time: 0.124522 1 23.2654 0 23.2654 23.2654 0.25554 2.7745 27.0071 0 27.0071 25.2326 1.03125 12.068 40.8144 0 40.8144 29.7464 
out-dis-skewed knn time: 0.125984 1.50267 35.3128 0 35.3128 34.8102 0.510793 13.8236 78.9447 0 78.9447 66.1211 2.30438 54.9515 173.114 0 173.114 119.162 
in-dis-uniform knn time: 0.234146 1 24.8801 0 24.8801 24.8801 0.415752 2.78344 28.7352 0 28.7352 26.9517 1.34102 12.184 42.948 0 42.948 31.7641 
out-dis-uniform knn time: 0.124052 1.51235 34.3596 0 34.3596 33.8472 0.438005 11.8585 68.5038 0 68.5038 57.6453 1.95023 44.2523 139.146 0 139.146 95.8937 
range count time: 0.000932667 1.81488 25.2704 0 0.00286 24.4526 0.00483767 51.4004 137.468 0 3.4961 83.571 0.097069 354.177 858.977 0 198.001 307.799 
range query time: 0.000480333 1.81488 25.2704 0 0.00286 24.4526 0.00799367 51.4004 137.468 0 3.4961 83.571 1.06672 354.177 858.977 0 198.001 307.799 
# Insert
## 0.001
median: (143, 0.0363383)-> min: (0, 0.004097)-> max: (994, 0.061028)-> tot: 35.8361-> avg: 0.0358356
in-dis-skewed knn time: 0.134183 1 24.0723 0 24.0723 24.0723 0.273582 2.77441 28.773 0 28.773 26.9986 1.04465 12.1177 44.8507 0 44.8507 33.7331 
out-dis-skewed knn time: 0.155432 1.50549 41.7661 0 41.7661 41.2606 0.719195 14.2363 139.54 0 139.54 126.303 2.97769 57.3693 336.352 0 336.352 279.983 
in-dis-uniform knn time: 0.233484 1 24.6851 0 24.6851 24.6851 0.418221 2.7885 29.5559 0 29.5559 27.7674 1.35638 12.2263 46.1474 0 46.1474 34.9211 
out-dis-uniform knn time: 0.15312 1.51393 41.0911 0 41.0911 40.5771 0.614969 12.2372 116.901 0 116.901 105.664 2.47562 46.1721 263.985 0 263.985 218.813 
range count time: 0.00117267 1.81598 26.2002 0 0.0025 25.3817 0.00484167 50.684 133.48 0 3.46306 80.3331 0.0986963 357.136 903.011 0 195.833 351.043 
range query time: 0.000512667 1.81598 26.2002 0 0.0025 25.3817 0.00777433 50.684 133.48 0 3.46306 80.3331 1.06306 357.136 903.011 0 195.833 351.043 
# Insert
## 0.0001
median: (9955, 0.003904)-> min: (9, 0.000874667)-> max: (6678, 0.0105353)-> tot: 39.9188-> avg: 0.00399138
in-dis-skewed knn time: 0.149903 1 23.7272 0 23.7272 23.7272 0.331408 2.81589 33.9959 0 33.9959 32.18 1.41218 14.3313 66.1077 0 66.1077 52.7764 
out-dis-skewed knn time: 0.163266 1.49303 43.3127 0 43.3127 42.8196 1.61081 14.389 294.378 0 294.378 280.989 8.54193 62.984 1051.72 0 1051.72 989.74 
in-dis-uniform knn time: 0.235131 1 24.8612 0 24.8612 24.8612 0.489631 2.80149 36.0134 0 36.0134 34.2119 1.77961 14.2018 70.5012 0 70.5012 57.2995 
out-dis-uniform knn time: 0.166832 1.5101 43.4758 0 43.4758 42.9657 1.48482 12.4534 254.566 0 254.566 243.112 6.99026 51.4245 832.026 0 832.026 781.601 
range count time: 0.00114367 1.78658 27.8151 0 0.00242 27.0261 0.00409967 47.6046 124.565 0 3.1574 74.8034 0.108039 344.382 1235.11 0 208.501 683.224 
range query time: 0.000464 1.78658 27.8151 0 0.00242 27.0261 0.007356 47.6046 124.565 0 3.1574 74.8034 1.08503 344.382 1235.11 0 208.501 683.224 

Tree: KdTree; AugType: HasBox; Split: MaxStretchDim-ObjectMedian; BDO: 6; Inba: 30; Coord: integer; 
2.in 
# Insert
## 1
median: (1, 3.66259)-> min: (1, 3.66259)-> max: (1, 3.66259)-> tot: 3.66259-> avg: 3.66259
in-dis-skewed knn time: 0.220624 1 24.4833 0 24.4833 24.4833 0.398443 2.80954 28.3256 0 28.3256 26.5161 1.30191 12.2859 42.456 0 42.456 31.1701 
out-dis-skewed knn time: 0.252803 1.35512 25.4498 0 25.4498 25.0946 0.397463 2.88882 28.5204 0 28.5204 26.6315 1.27833 12.324 42.5289 0 42.5289 31.2049 
in-dis-uniform knn time: 0.221124 1 24.4828 0 24.4828 24.4828 0.388568 2.80958 28.3229 0 28.3229 26.5133 1.26113 12.2858 42.4548 0 42.4548 31.169 
out-dis-uniform knn time: 0.255778 1.35586 25.4499 0 25.4499 25.094 0.395716 2.88927 28.5228 0 28.5228 26.6335 1.25609 12.3235 42.5282 0 42.5282 31.2047 
range count time: 0.000619 2.08564 27.4 0 0.00184 26.3126 0.004486 53.3363 138.96 0 3.434 83.19 0.0965543 371.408 885.85 0 196.042 319.4 
range query time: 0.000414 2.08564 27.4 0 0.00184 26.3126 0.00752367 53.3363 138.96 0 3.434 83.19 1.08118 371.408 885.85 0 196.042 319.4 
# Insert
## 0.1
median: (5, 0.462397)-> min: (0, 0.302653)-> max: (9, 0.58463)-> tot: 4.51714-> avg: 0.451713
in-dis-skewed knn time: 0.233856 1 24.4094 0 24.4094 24.4094 0.420134 2.83038 28.3691 0 28.3691 26.5387 1.3526 12.267 42.4279 0 42.4279 31.1608 
out-dis-skewed knn time: 0.266653 1.35425 25.454 0 25.454 25.0998 0.414029 2.87537 28.512 0 28.512 26.6366 1.32112 12.2687 42.4534 0 42.4534 31.1847 
in-dis-uniform knn time: 0.232345 1 24.4906 0 24.4906 24.4906 0.402708 2.79542 28.3192 0 28.3192 26.5238 1.30079 12.2323 42.3826 0 42.3826 31.1503 
out-dis-uniform knn time: 0.266989 1.35439 25.4536 0 25.4536 25.0992 0.410083 2.8756 28.5119 0 28.5119 26.6363 1.29364 12.2681 42.4535 0 42.4535 31.1854 
range count time: 0.000372667 2.1205 27.3941 0 0.00208 26.2715 0.00495367 53.2561 140.155 0 3.3752 84.5238 0.102468 370.773 884.149 0 194.929 319.447 
range query time: 0.000435667 2.1205 27.3941 0 0.00208 26.2715 0.00783967 53.2561 140.155 0 3.3752 84.5238 1.04904 370.773 884.149 0 194.929 319.447 
# Insert
## 0.01
median: (49, 0.113171)-> min: (1, 0.0369023)-> max: (90, 0.139266)-> tot: 10.635-> avg: 0.10635
in-dis-skewed knn time: 0.232382 1 24.3433 0 24.3433 24.3433 0.431295 2.89818 28.7248 0 28.7248 26.8266 1.37527 12.4667 42.8426 0 42.8426 31.3759 
out-dis-skewed knn time: 0.267647 1.35418 25.531 0 25.531 25.1768 0.41714 2.87269 28.5998 0 28.5998 26.7271 1.32923 12.2986 42.6271 0 42.6271 31.3285 
in-dis-uniform knn time: 0.233962 1 24.563 0 24.563 24.563 0.404664 2.7923 28.4045 0 28.4045 26.6122 1.30831 12.2616 42.557 0 42.557 31.2954 
out-dis-uniform knn time: 0.269121 1.35404 25.5313 0 25.5313 25.1773 0.411784 2.87223 28.598 0 28.598 26.7258 1.30181 12.2994 42.6272 0 42.6272 31.3278 
range count time: 0.000360667 2.11476 27.4546 0 0.00222 26.3376 0.00498367 53.0331 140.501 0 3.41796 85.0503 0.103415 370.429 887.235 0 196.371 321.434 
range query time: 0.000436333 2.11476 27.4546 0 0.00222 26.3376 0.00798533 53.0331 140.501 0 3.41796 85.0503 1.04824 370.429 887.235 0 196.371 321.434 
# Insert
## 0.001
median: (481, 0.0220363)-> min: (1, 0.00383033)-> max: (774, 0.02695)-> tot: 20.8876-> avg: 0.0208871
in-dis-skewed knn time: 0.232075 1 24.366 0 24.366 24.366 0.433278 2.90914 28.8044 0 28.8044 26.8953 1.37841 12.5025 42.945 0 42.945 31.4425 
out-dis-skewed knn time: 0.268347 1.35385 25.5796 0 25.5796 25.2257 0.416125 2.87256 28.6522 0 28.6522 26.7796 1.32933 12.3114 42.7045 0 42.7045 31.3931 
in-dis-uniform knn time: 0.235087 1 24.6097 0 24.6097 24.6097 0.405552 2.79356 28.4567 0 28.4567 26.6632 1.31029 12.2726 42.6337 0 42.6337 31.3611 
out-dis-uniform knn time: 0.269736 1.35421 25.579 0 25.579 25.2248 0.412789 2.87302 28.6513 0 28.6513 26.7783 1.30439 12.3113 42.7016 0 42.7016 31.3903 
range count time: 0.000828333 2.09896 27.2702 0 0.00232 26.169 0.00501133 53.1011 140.834 0 3.40728 85.3257 0.103544 370.668 887.362 0 196.233 321.462 
range query time: 0.000423667 2.09896 27.2702 0 0.00232 26.169 0.00797933 53.1011 140.834 0 3.40728 85.3257 1.04296 370.668 887.362 0 196.233 321.462 
# Insert
## 0.0001
median: (3465, 0.00498633)-> min: (1, 0.000755667)-> max: (9016, 0.006289)-> tot: 48.8645-> avg: 0.00488596
in-dis-skewed knn time: 0.23235 1 24.4366 0 24.4366 24.4366 0.432673 2.91045 28.8855 0 28.8855 26.9751 1.37687 12.5083 43.0297 0 43.0297 31.5215 
out-dis-skewed knn time: 0.268556 1.35411 25.6527 0 25.6527 25.2985 0.416365 2.8729 28.7276 0 28.7276 26.8547 1.33004 12.3136 42.786 0 42.786 31.4724 
in-dis-uniform knn time: 0.235592 1 24.6833 0 24.6833 24.6833 0.405891 2.79373 28.5323 0 28.5323 26.7386 1.30997 12.2744 42.7115 0 42.7115 31.4371 
out-dis-uniform knn time: 0.270514 1.35412 25.6529 0 25.6529 25.2988 0.41316 2.87347 28.73 0 28.73 26.8565 1.30491 12.3137 42.7898 0 42.7898 31.4761 
range count time: 0.00198433 2.11364 27.1105 0 0.00262 25.9943 0.005068 53.0603 140.479 0 3.38572 85.0325 0.102851 370.526 888.443 0 196.424 322.493 
range query time: 0.000424333 2.11364 27.1105 0 0.00262 25.9943 0.00792367 53.0603 140.479 0 3.38572 85.0325 1.04652 370.526 888.443 0 196.424 322.493 

Tree: OrthTree; AugType: HasBox; Split: RotateDim-SpatialMedian; BDO: 6; Inba: 30; Coord: integer; 
1.in 
# Insert
## 1
median: (1, 12.2424)-> min: (1, 12.2424)-> max: (1, 12.2424)-> tot: 12.2424-> avg: 12.2424
in-dis-skewed knn time: 0.0950533 1 25.304 0 75.912 75.912 0.154745 3.15499 27.1499 0 81.4498 79.2945 0.574592 16.0724 34.0105 0 102.032 86.9477 
out-dis-skewed knn time: 0.156731 6.97083 43.9343 0 131.803 57.4051 0.279296 16.9235 55.8615 0 167.584 72.3359 1.05373 56.809 73.8417 0 221.525 86.3671 
in-dis-uniform knn time: 0.232175 1 24.5412 0 73.6236 73.6236 0.391719 3.15454 26.4065 0 79.2194 77.0646 1.29865 16.0696 33.3009 0 99.9027 84.823 
out-dis-uniform knn time: 0.097398 2.21009 29.0366 0 87.1097 83.4601 0.145762 5.07648 31.9281 0 95.7844 88.8796 0.487045 17.0404 37.2232 0 111.67 92.3332 
range count time: 0.000594 3.35962 49.9073 49.9073 0.00208 47.5456 0.003038 37.9116 116.795 116.795 5.74294 74.1407 0.0540063 379.039 874.062 874.062 195.348 300.674 
range query time: 0.000798333 3.35962 49.9073 49.9073 0.00208 47.5456 0.006824 37.9116 116.795 116.795 5.74294 74.1407 1.11582 379.039 874.062 874.062 195.348 300.674 
# Insert
## 0.1
median: (1, 1.30309)-> min: (9, 1.10983)-> max: (2, 1.80393)-> tot: 13.7452-> avg: 1.37452
in-dis-skewed knn time: 0.0988447 1 25.9258 0 77.7773 77.7773 0.156996 3.02786 27.6898 0 83.0695 81.0416 0.562013 15.4717 34.3437 0 103.031 88.5507 
out-dis-skewed knn time: 0.13722 5.98681 39.0179 0 117.054 49.5142 0.238634 13.9718 46.0005 0 138.001 60.4832 1.1615 48.9276 68.9352 0 206.806 86.3882 
in-dis-uniform knn time: 0.24034 1 25.1668 0 75.5004 75.5004 0.396219 3.03083 26.9475 0 80.8426 78.8115 1.28553 15.5394 33.633 0 100.899 86.3495 
out-dis-uniform knn time: 0.109476 2.66568 32.7207 0 98.1621 94.2675 0.197653 8.87767 38.8672 0 116.602 106.424 1.12387 34.4874 53.0089 0 159.027 122.306 
range count time: 0.00058 2.84902 50.2055 50.2055 0.00356 48.3529 0.00284033 34.647 114.301 114.301 6.05186 74.6019 0.0493807 354.3 871.588 871.588 206.651 311.636 
range query time: 0.000707667 2.84902 50.2055 50.2055 0.00356 48.3529 0.006744 34.647 114.301 114.301 6.05186 74.6019 1.06666 354.3 871.588 871.588 206.651 311.636 
# Insert
## 0.01
median: (43, 0.111974)-> min: (63, 0.091541)-> max: (36, 0.176842)-> tot: 11.4691-> avg: 0.11469
in-dis-skewed knn time: 0.099861 1 25.9258 0 77.7773 77.7773 0.158668 3.02702 27.6896 0 83.0688 81.0414 0.568368 15.4624 34.342 0 103.026 88.5514 
out-dis-skewed knn time: 0.141864 6.97681 38.0256 0 114.077 46.5394 0.242434 13.9688 45.0063 0 135.019 58.4977 1.18382 45.9537 68.9311 0 206.793 90.3456 
in-dis-uniform knn time: 0.245855 1 25.1668 0 75.5005 75.5005 0.401645 3.03095 26.9476 0 80.8428 78.8117 1.29974 15.5407 33.6333 0 100.9 86.3491 
out-dis-uniform knn time: 0.112366 2.701 32.6853 0 98.056 94.1614 0.195921 8.87761 38.5393 0 115.618 105.476 1.12897 34.0889 52.7163 0 158.149 122.447 
range count time: 0.000580667 2.84902 50.2055 50.2055 0.00356 48.3529 0.002881 34.647 114.301 114.301 6.05186 74.6019 0.0497753 354.626 872.355 872.355 206.907 311.822 
range query time: 0.000715 2.84902 50.2055 50.2055 0.00356 48.3529 0.00662933 34.647 114.301 114.301 6.05186 74.6019 1.03342 354.626 872.355 872.355 206.907 311.822 
# Insert
## 0.001
median: (668, 0.0124757)-> min: (832, 0.0103827)-> max: (717, 0.020577)-> tot: 12.6321-> avg: 0.0126316
in-dis-skewed knn time: 0.100855 1 25.9256 0 77.7767 77.7767 0.160039 3.02768 27.6893 0 83.068 81.0402 0.566879 15.4696 34.3413 0 103.024 88.5451 
out-dis-skewed knn time: 0.142838 6.97692 39.0187 0 117.056 47.5362 0.246999 13.9689 46.0001 0 138 59.4962 1.18459 46.9451 68.9346 0 206.804 87.3809 
in-dis-uniform knn time: 0.246038 1 25.1664 0 75.4991 75.4991 0.402518 3.03027 26.9465 0 80.8394 78.8089 1.30045 15.5351 33.6286 0 100.886 86.3413 
out-dis-uniform knn time: 0.111001 2.69956 33.0312 0 99.0937 95.1298 0.198204 8.8703 38.9644 0 116.893 106.688 1.13385 34.0245 52.7839 0 158.352 122.651 
range count time: 0.000585333 2.83512 50.1735 50.1735 0.00356 48.3348 0.00283667 34.55 114.106 114.106 6.02312 74.5326 0.049668 354.027 870.999 870.999 206.57 311.402 
range query time: 0.000767333 2.83512 50.1735 50.1735 0.00356 48.3348 0.006657 34.55 114.106 114.106 6.02312 74.5326 1.01853 354.027 870.999 870.999 206.57 311.402 
# Insert
## 0.0001
median: (7309, 0.00256767)-> min: (9999, 0.000844333)-> max: (2847, 0.00590267)-> tot: 26.1847-> avg: 0.00261796
in-dis-skewed knn time: 0.100157 1 25.9254 0 77.7762 77.7762 0.160007 3.02724 27.6888 0 83.0665 81.0391 0.56763 15.4656 34.3391 0 103.017 88.5422 
out-dis-skewed knn time: 0.143173 6.97692 39.018 0 117.054 47.5344 0.247087 13.9688 45.9989 0 137.997 59.4927 1.19534 46.9444 68.9319 0 206.796 87.3746 
in-dis-uniform knn time: 0.2462 1 25.1662 0 75.4985 75.4985 0.398805 3.03001 26.946 0 80.838 78.8078 1.27492 15.5327 33.6266 0 100.88 86.3379 
out-dis-uniform knn time: 0.110885 2.69766 32.7248 0 98.1744 94.2125 0.198534 8.87826 38.65 0 115.95 105.736 1.13394 33.9992 52.3985 0 157.196 121.519 
range count time: 0.000579667 2.8735 50.2551 50.2551 0.00364 48.378 0.00285933 34.5753 114.155 114.155 6.03736 74.5428 0.0499697 353.74 870.304 870.304 206.377 311.187 
range query time: 0.000734 2.8735 50.2551 50.2551 0.00364 48.378 0.00668667 34.5753 114.155 114.155 6.03736 74.5428 1.00804 353.74 870.304 870.304 206.377 311.187 

Tree: OrthTree; AugType: HasBox; Split: RotateDim-SpatialMedian; BDO: 6; Inba: 30; Coord: integer; 
2_sort_by_0.in 
# Insert
## 1
median: (1, 4.63208)-> min: (1, 4.63208)-> max: (1, 4.63208)-> tot: 4.63208-> avg: 4.63208
in-dis-skewed knn time: 0.0987617 1 12.3687 0 37.1061 37.1061 0.220373 3.06434 14.1396 0 42.4188 40.3545 0.958692 15.7269 20.8148 0 62.4445 47.7174 
out-dis-skewed knn time: 0.101728 1.5257 14.9311 0 44.7934 44.2677 0.37304 12.2161 29.1429 0 87.4286 76.2125 1.64146 47.912 57.0467 0 171.14 124.228 
in-dis-uniform knn time: 0.203815 1 12.3675 0 37.1025 37.1025 0.369071 3.06942 14.1732 0 42.5197 40.4503 1.29829 15.7672 20.9428 0 62.8285 48.0612 
out-dis-uniform knn time: 0.101075 1.53803 14.6388 0 43.9163 43.3782 0.324564 10.3712 25.5528 0 76.6583 67.2871 1.39431 38.949 46.4729 0 139.419 101.47 
range count time: 0.000382333 2.13928 27.4834 27.4834 0.00668 26.3374 0.006482 81.1319 229.41 229.41 4.87678 144.401 0.097919 518.666 1342.12 1342.12 314.905 509.554 
range query time: 0.000457667 2.13928 27.4834 27.4834 0.00668 26.3374 0.00950233 81.1319 229.41 229.41 4.87678 144.401 1.21666 518.666 1342.12 1342.12 314.905 509.554 
# Insert
## 0.1
median: (8, 0.552143)-> min: (0, 0.45287)-> max: (7, 0.58998)-> tot: 5.28539-> avg: 0.528538
in-dis-skewed knn time: 0.104259 1 13 0 39.0001 39.0001 0.211576 3.01498 14.8065 0 44.4195 42.4045 0.940871 16.0206 21.9995 0 65.9985 50.9779 
out-dis-skewed knn time: 0.0377223 1.08947 7.13812 0 21.4144 21.3249 0.322236 8.06685 31.7808 0 95.3423 88.2754 2.21587 63.214 84.8999 0 254.7 187.856 
in-dis-uniform knn time: 0.198423 1 13 0 39.0001 39.0001 0.34604 3.02294 14.8428 0 44.5285 42.5056 1.24238 16.0821 22.1422 0 66.4267 51.3445 
out-dis-uniform knn time: 0.0514703 1.19734 8.89909 0 26.6973 26.4999 0.335632 8.97308 31.1193 0 93.3579 85.3848 1.99808 53.5024 70.7955 0 212.387 155.258 
range count time: 0.000382667 2.0659 28.4315 28.4315 0.00544 27.3602 0.005062 69.5956 194.584 194.584 5.32062 120.668 0.073045 467.153 1191.14 1191.14 294.94 430.042 
range query time: 0.000463 2.0659 28.4315 28.4315 0.00544 27.3602 0.008728 69.5956 194.584 194.584 5.32062 120.668 1.15495 467.153 1191.14 1191.14 294.94 430.042 
# Insert
## 0.01
median: (46, 0.0562527)-> min: (38, 0.0482593)-> max: (62, 0.0835457)-> tot: 5.66695-> avg: 0.056669
in-dis-skewed knn time: 0.108659 1 13 0 39.0001 39.0001 0.21835 3.01498 14.8065 0 44.4195 42.4045 0.955553 16.0206 21.9995 0 65.9985 50.9779 
out-dis-skewed knn time: 0.0392847 1.08947 7.13812 0 21.4144 21.3249 0.329318 8.06685 31.7808 0 95.3423 88.2754 2.25441 63.214 84.8999 0 254.7 187.856 
in-dis-uniform knn time: 0.204209 1 13 0 39.0001 39.0001 0.352078 3.02294 14.8428 0 44.5285 42.5056 1.2531 16.0821 22.1422 0 66.4267 51.3445 
out-dis-uniform knn time: 0.0507167 1.19734 8.89909 0 26.6973 26.4999 0.342902 8.97308 31.1193 0 93.3579 85.3848 2.02907 53.5024 70.7955 0 212.387 155.258 
range count time: 0.000383667 2.0659 28.4315 28.4315 0.00544 27.3602 0.0052 69.5956 194.584 194.584 5.32062 120.668 0.0729647 467.153 1191.14 1191.14 294.94 430.042 
range query time: 0.000431667 2.0659 28.4315 28.4315 0.00544 27.3602 0.00808 69.5956 194.584 194.584 5.32062 120.668 1.07786 467.153 1191.14 1191.14 294.94 430.042 
# Insert
## 0.001
median: (590, 0.005627)-> min: (26, 0.00454367)-> max: (911, 0.00869133)-> tot: 5.72078-> avg: 0.00572028
in-dis-skewed knn time: 0.109131 1 13 0 39.0001 39.0001 0.221196 3.01498 14.8065 0 44.4195 42.4045 0.968256 16.0206 21.9995 0 65.9985 50.9779 
out-dis-skewed knn time: 0.0382603 1.08947 7.13812 0 21.4144 21.3249 0.331805 8.06685 31.7808 0 95.3423 88.2754 2.26371 63.214 84.8999 0 254.7 187.856 
in-dis-uniform knn time: 0.20701 1 13 0 39.0001 39.0001 0.35664 3.02294 14.8428 0 44.5285 42.5056 1.2595 16.0821 22.1422 0 66.4267 51.3445 
out-dis-uniform knn time: 0.0509833 1.19734 8.89909 0 26.6973 26.4999 0.345641 8.97308 31.1193 0 93.3579 85.3848 2.04219 53.5024 70.7955 0 212.387 155.258 
range count time: 0.000400333 2.0659 28.4315 28.4315 0.00544 27.3602 0.00507 69.5956 194.584 194.584 5.32062 120.668 0.0737993 467.153 1191.14 1191.14 294.94 430.042 
range query time: 0.000431667 2.0659 28.4315 28.4315 0.00544 27.3602 0.008219 69.5956 194.584 194.584 5.32062 120.668 1.05577 467.153 1191.14 1191.14 294.94 430.042 
# Insert
## 0.0001
median: (1656, 0.000925667)-> min: (3938, 0.000747667)-> max: (6583, 0.00464533)-> tot: 9.40421-> avg: 0.000939922
in-dis-skewed knn time: 0.109256 1 13 0 39.0001 39.0001 0.226893 3.01498 14.8065 0 44.4195 42.4045 0.960103 16.0206 21.9995 0 65.9985 50.9779 
out-dis-skewed knn time: 0.0392467 1.08947 7.13812 0 21.4144 21.3249 0.33256 8.06685 31.7808 0 95.3423 88.2754 2.29525 63.214 84.8999 0 254.7 187.856 
in-dis-uniform knn time: 0.207716 1 13 0 39.0001 39.0001 0.352723 3.02294 14.8428 0 44.5285 42.5056 1.22703 16.0821 22.1422 0 66.4267 51.3445 
out-dis-uniform knn time: 0.051064 1.19734 8.89909 0 26.6973 26.4999 0.34715 8.97308 31.1193 0 93.3579 85.3848 2.07122 53.5024 70.7955 0 212.387 155.258 
range count time: 0.000388667 2.0659 28.4315 28.4315 0.00544 27.3602 0.005222 69.5956 194.584 194.584 5.32062 120.668 0.0739563 467.153 1191.14 1191.14 294.94 430.042 
range query time: 0.000440667 2.0659 28.4315 28.4315 0.00544 27.3602 0.00805633 69.5956 194.584 194.584 5.32062 120.668 1.01189 467.153 1191.14 1191.14 294.94 430.042 

Tree: OrthTree; AugType: HasBox; Split: RotateDim-SpatialMedian; BDO: 6; Inba: 30; Coord: integer; 
2.in 
# Insert
## 1
median: (1, 3.23007)-> min: (1, 3.23007)-> max: (1, 3.23007)-> tot: 3.23007-> avg: 3.23007
in-dis-skewed knn time: 0.202787 1 12.3678 0 37.1034 37.1034 0.361613 2.96084 14.0751 0 42.2252 40.2644 1.22135 14.6398 20.2332 0 60.6996 47.0597 
out-dis-skewed knn time: 0.229734 1.32293 12.7318 0 38.1953 37.8724 0.36268 3.032 14.1212 0 42.3635 40.3315 1.19936 14.5528 20.2276 0 60.6829 47.13 
in-dis-uniform knn time: 0.20269 1 12.3674 0 37.1022 37.1022 0.353333 2.96017 14.0761 0 42.2282 40.268 1.18501 14.6392 20.2325 0 60.6975 47.0581 
out-dis-uniform knn time: 0.229682 1.32304 12.7316 0 38.1947 37.8717 0.359614 3.03172 14.12 0 42.36 40.3283 1.17515 14.5508 20.225 0 60.6751 47.1241 
range count time: 0.000409667 2.35978 28.2445 28.2445 0.0054 26.8794 0.00490533 64.9048 183.664 183.664 5.64974 114.11 0.0782373 445.238 1075.39 1075.39 244.638 386.511 
range query time: 0.000480667 2.35978 28.2445 28.2445 0.0054 26.8794 0.007887 64.9048 183.664 183.664 5.64974 114.11 1.14478 445.238 1075.39 1075.39 244.638 386.511 
# Insert
## 0.1
median: (8, 0.496001)-> min: (0, 0.273946)-> max: (5, 0.517326)-> tot: 4.26782-> avg: 0.426781
in-dis-skewed knn time: 0.217119 1 12.3678 0 37.1034 37.1034 0.38062 2.96084 14.0751 0 42.2252 40.2644 1.26082 14.6398 20.2332 0 60.6996 47.0597 
out-dis-skewed knn time: 0.241554 1.32293 12.7318 0 38.1953 37.8724 0.379243 3.032 14.1212 0 42.3635 40.3315 1.23885 14.5527 20.2276 0 60.6828 47.13 
in-dis-uniform knn time: 0.214694 1 12.3674 0 37.1023 37.1023 0.369701 2.96017 14.0761 0 42.2282 40.268 1.22575 14.6392 20.2325 0 60.6975 47.0581 
out-dis-uniform knn time: 0.242688 1.32303 12.7316 0 38.1947 37.8717 0.376949 3.03172 14.12 0 42.36 40.3282 1.21729 14.5508 20.225 0 60.675 47.1241 
range count time: 0.000414 2.35982 28.2445 28.2445 0.0054 26.8793 0.005066 64.9061 183.666 183.666 5.65018 114.11 0.079916 445.274 1075.45 1075.45 244.669 386.511 
range query time: 0.000483667 2.35982 28.2445 28.2445 0.0054 26.8793 0.00791267 64.9061 183.666 183.666 5.65018 114.11 1.03509 445.274 1075.45 1075.45 244.669 386.511 
# Insert
## 0.01
median: (49, 0.117727)-> min: (0, 0.0350647)-> max: (59, 0.128656)-> tot: 10.2987-> avg: 0.102987
in-dis-skewed knn time: 0.217677 1 12.3678 0 37.1034 37.1034 0.382728 2.96084 14.0751 0 42.2252 40.2644 1.26874 14.6398 20.2332 0 60.6996 47.0597 
out-dis-skewed knn time: 0.242641 1.32293 12.7318 0 38.1953 37.8724 0.381897 3.032 14.1212 0 42.3635 40.3315 1.24686 14.5527 20.2276 0 60.6828 47.13 
in-dis-uniform knn time: 0.214541 1 12.3674 0 37.1023 37.1023 0.372085 2.96017 14.0761 0 42.2282 40.268 1.2334 14.6392 20.2325 0 60.6975 47.0581 
out-dis-uniform knn time: 0.242918 1.32303 12.7316 0 38.1947 37.8717 0.378114 3.03172 14.12 0 42.36 40.3282 1.22463 14.5508 20.225 0 60.675 47.1241 
range count time: 0.000414333 2.35982 28.2445 28.2445 0.0054 26.8793 0.005123 64.9061 183.666 183.666 5.65018 114.11 0.0803777 445.274 1075.45 1075.45 244.669 386.511 
range query time: 0.000461333 2.35982 28.2445 28.2445 0.0054 26.8793 0.00800033 64.9061 183.666 183.666 5.65018 114.11 1.04852 445.274 1075.45 1075.45 244.669 386.511 
# Insert
## 0.001
median: (506, 0.0219013)-> min: (0, 0.003192)-> max: (712, 0.0258097)-> tot: 19.743-> avg: 0.0197425
in-dis-skewed knn time: 0.217041 1 12.3678 0 37.1034 37.1034 0.382856 2.96084 14.0751 0 42.2252 40.2644 1.2678 14.6398 20.2332 0 60.6996 47.0597 
out-dis-skewed knn time: 0.244094 1.32293 12.7318 0 38.1953 37.8724 0.383063 3.032 14.1212 0 42.3635 40.3315 1.24653 14.5527 20.2276 0 60.6828 47.13 
in-dis-uniform knn time: 0.215051 1 12.3674 0 37.1023 37.1023 0.371458 2.96017 14.0761 0 42.2282 40.268 1.23384 14.6392 20.2325 0 60.6975 47.0581 
out-dis-uniform knn time: 0.243322 1.32303 12.7316 0 38.1947 37.8717 0.378421 3.03172 14.12 0 42.36 40.3282 1.22376 14.5508 20.225 0 60.675 47.1241 
range count time: 0.000410333 2.35982 28.2445 28.2445 0.0054 26.8793 0.00516067 64.9061 183.666 183.666 5.65018 114.11 0.080372 445.274 1075.45 1075.45 244.669 386.511 
range query time: 0.000481 2.35982 28.2445 28.2445 0.0054 26.8793 0.008015 64.9061 183.666 183.666 5.65018 114.11 1.05125 445.274 1075.45 1075.45 244.669 386.511 
# Insert
## 0.0001
median: (4997, 0.003191)-> min: (0, 0.000569)-> max: (5357, 0.00655133)-> tot: 29.7347-> avg: 0.00297297
in-dis-skewed knn time: 0.21692 1 12.3678 0 37.1034 37.1034 0.381462 2.96084 14.0751 0 42.2252 40.2644 1.26933 14.6398 20.2332 0 60.6996 47.0597 
out-dis-skewed knn time: 0.242686 1.32293 12.7318 0 38.1953 37.8724 0.381563 3.032 14.1212 0 42.3635 40.3315 1.24606 14.5527 20.2276 0 60.6828 47.13 
in-dis-uniform knn time: 0.215096 1 12.3674 0 37.1023 37.1023 0.371814 2.96017 14.0761 0 42.2282 40.268 1.23388 14.6392 20.2325 0 60.6975 47.0581 
out-dis-uniform knn time: 0.243568 1.32303 12.7316 0 38.1947 37.8717 0.378499 3.03172 14.12 0 42.36 40.3282 1.22399 14.5508 20.225 0 60.675 47.1241 
range count time: 0.000411 2.35982 28.2445 28.2445 0.0054 26.8793 0.00512267 64.9061 183.666 183.666 5.65018 114.11 0.08028 445.274 1075.45 1075.45 244.669 386.511 
range query time: 0.000459667 2.35982 28.2445 28.2445 0.0054 26.8793 0.00800633 64.9061 183.666 183.666 5.65018 114.11 1.04382 445.274 1075.45 1075.45 244.669 386.511 

Tree: PTree; AugType: HasBox; Split: HilbertCurve; BDO: 6; Inba: 30; Coord: integer; 
1.in 
# Insert
## 1
median: (1, 3.08969)-> min: (1, 3.08969)-> max: (1, 3.08969)-> tot: 3.08969-> avg: 3.08969
in-dis-skewed knn time: 0.505931 12.8589 171.423 0 171.423 159.564 2.23753 46.3945 290.184 0 290.184 244.789 13.3071 134.854 428.803 0 428.803 294.948 
out-dis-skewed knn time: 0.283858 11.975 104.134 0 104.134 93.1587 0.565426 19.0435 117.567 0 117.567 99.5232 3.57708 38.2555 145.824 0 145.824 108.568 
in-dis-uniform knn time: 1.29248 8.15147 112.159 0 112.159 105.008 2.69576 24.7432 171.078 0 171.078 147.335 8.71075 65.8455 231.495 0 231.495 166.649 
out-dis-uniform knn time: 0.183445 5.17477 75.5945 0 75.5945 71.4198 0.391301 9.98244 96.7066 0 96.7066 87.7242 2.50004 26.8616 120.651 0 120.651 94.7895 
range count time: 0.000522 4.0073 41.959 0 0 38.9517 0.002169 18.4003 71.3244 0 1.27028 52.6538 0.10337 200.289 516.042 0 96.6906 220.063 
range query time: 0.000707 4.0073 41.959 0 0 38.9517 0.00845733 18.4003 71.3244 0 1.27028 52.6538 1.15022 200.289 516.042 0 96.6906 220.063 
# Insert
## 0.1
median: (6, 0.271016)-> min: (3, 0.267381)-> max: (9, 0.273952)-> tot: 2.70701-> avg: 0.270701
in-dis-skewed knn time: 0.533919 13.3316 193.091 0 193.091 180.759 2.16685 45.1755 305.865 0 305.865 261.689 14.3231 162.052 510.161 0 510.161 349.109 
out-dis-skewed knn time: 0.291546 11.9748 103.125 0 103.125 92.1505 0.528225 17.0288 116.497 0 116.497 100.468 3.66736 42.2141 154.024 0 154.024 112.81 
in-dis-uniform knn time: 1.26855 8.42177 122.469 0 122.469 115.047 2.64199 23.7083 180.35 0 180.35 157.641 9.0516 74.2637 267.99 0 267.99 194.726 
out-dis-uniform knn time: 0.19817 5.84996 86.2989 0 86.2989 81.449 0.469465 10.8626 123.014 0 123.014 113.151 3.67629 37.6826 163.447 0 163.447 126.764 
range count time: 0.000505333 4.15962 44.203 0 6e-05 41.0433 0.00231567 21.7008 79.8596 0 1.96132 57.1974 0.105366 216.692 568.86 0 110.873 242.295 
range query time: 0.000669 4.15962 44.203 0 6e-05 41.0433 0.008581 21.7008 79.8596 0 1.96132 57.1974 1.18572 216.692 568.86 0 110.873 242.295 
# Insert
## 0.01
median: (22, 0.029392)-> min: (30, 0.0276583)-> max: (52, 0.0332027)-> tot: 2.95449-> avg: 0.0295444
in-dis-skewed knn time: 0.490707 10.87 163.61 0 163.61 153.74 1.46158 24.4099 210.036 0 210.036 186.626 10.7587 109.188 392.607 0 392.607 284.419 
out-dis-skewed knn time: 0.199105 7.0207 84.3571 0 84.3571 78.3364 0.408175 14.0487 107.629 0 107.629 94.5802 2.41039 31.4012 128.495 0 128.495 98.0935 
in-dis-uniform knn time: 1.39567 8.3118 120.383 0 120.383 113.071 2.83774 20.8951 166.762 0 166.762 146.867 9.20463 65.7738 250.822 0 250.822 186.048 
out-dis-uniform knn time: 0.271771 8.25105 107.615 0 107.615 100.363 0.661942 14.9361 131.892 0 131.892 117.956 4.13915 40.2293 163.328 0 163.328 124.098 
range count time: 0.000554667 3.45504 45.1095 0 0 42.6545 0.00239267 19.4736 79.5798 0 1.47992 59.6264 0.10446 202.62 529.692 0 99.359 228.713 
range query time: 0.000780333 3.45504 45.1095 0 0 42.6545 0.00875467 19.4736 79.5798 0 1.47992 59.6264 1.20393 202.62 529.692 0 99.359 228.713 
# Insert
## 0.001
median: (550, 0.00411233)-> min: (74, 0.00356433)-> max: (791, 0.009092)-> tot: 4.17652-> avg: 0.00417602
in-dis-skewed knn time: 0.483216 10.2114 166.398 0 166.398 157.186 1.85641 35.7441 261.506 0 261.506 226.762 12.0215 125.807 412.31 0 412.31 287.503 
out-dis-skewed knn time: 0.299284 10.9837 116.036 0 116.036 106.052 0.580064 19.0485 133.492 0 133.492 115.443 3.7423 41.2721 169.761 0 169.761 129.489 
in-dis-uniform knn time: 1.42186 8.31925 119.531 0 119.531 112.212 2.90375 22.0541 168.798 0 168.798 147.744 8.93253 64.1565 233.102 0 233.102 169.945 
out-dis-uniform knn time: 0.191051 5.01963 78.696 0 78.696 74.6763 0.498197 10.9465 113.788 0 113.788 103.842 3.6164 36.084 157.751 0 157.751 122.667 
range count time: 0.000588 4.01316 46.52 0 2e-05 43.5068 0.00247733 18.4186 77.2209 0 1.28702 58.5153 0.107066 204.712 532.539 0 101.578 227.248 
range query time: 0.00081 4.01316 46.52 0 2e-05 43.5068 0.009229 18.4186 77.2209 0 1.28702 58.5153 1.22949 204.712 532.539 0 101.578 227.248 
# Insert
## 0.0001
median: (2415, 0.000908333)-> min: (290, 0.000736333)-> max: (5200, 0.00462333)-> tot: 9.22566-> avg: 0.000922066
in-dis-skewed knn time: 0.562933 12.4314 189.14 0 189.14 177.708 2.2604 37.8398 327.21 0 327.21 290.37 15.082 137.567 479.642 0 479.642 343.075 
out-dis-skewed knn time: 0.272032 9.99175 114.141 0 114.141 105.149 0.493538 17.0709 126.733 0 126.733 110.662 3.08333 37.3563 154.13 0 154.13 117.774 
in-dis-uniform knn time: 1.45184 8.55337 123.335 0 123.335 115.782 3.07895 24.4593 192.557 0 192.557 169.098 9.84492 71.663 263.689 0 263.689 193.026 
out-dis-uniform knn time: 0.202397 5.04197 82.6461 0 82.6461 78.6041 0.410571 8.62551 100.447 0 100.447 92.8217 2.09252 22.9877 117.956 0 117.956 95.968 
range count time: 0.000584 4.17708 49.4493 0 2e-05 46.2722 0.002445 18.9706 77.4147 0 1.38194 58.0621 0.107286 205.899 544.011 0 102.143 236.968 
range query time: 0.000834667 4.17708 49.4493 0 2e-05 46.2722 0.008436 18.9706 77.4147 0 1.38194 58.0621 1.2282 205.899 544.011 0 102.143 236.968 

Tree: PTree; AugType: HasBox; Split: HilbertCurve; BDO: 6; Inba: 30; Coord: integer; 
2_sort_by_0.in 
# Insert
## 1
median: (1, 3.32396)-> min: (1, 3.32396)-> max: (1, 3.32396)-> tot: 3.32396-> avg: 3.32396
in-dis-skewed knn time: 0.466377 4.30811 50.764 0 50.764 47.4559 0.854544 8.66183 59.4057 0 59.4057 51.7439 2.57024 21.2955 79.6323 0 79.6323 59.3368 
out-dis-skewed knn time: 0.227399 4.00484 64.9037 0 64.9037 61.8989 0.661111 13.8734 93.2904 0 93.2904 80.417 2.56416 37.1828 140.074 0 140.074 103.891 
in-dis-uniform knn time: 1.1497 5.43029 68.823 0 68.823 64.3927 2.09149 14.4346 100.732 0 100.732 87.2976 5.28546 38.5883 140.209 0 140.209 102.62 
out-dis-uniform knn time: 0.234966 4.14776 65.2175 0 65.2175 62.0697 0.619242 12.1292 87.5912 0 87.5912 76.462 2.37633 31.5904 124.241 0 124.241 93.6509 
range count time: 0.000395333 1.98122 28.7715 0 0 27.7903 0.00382067 36.6545 108.672 0 0.83594 72.1817 0.155994 263.666 607.946 0 108.576 236.703 
range query time: 0.000661667 1.98122 28.7715 0 0 27.7903 0.00977933 36.6545 108.672 0 0.83594 72.1817 1.19292 263.666 607.946 0 108.576 236.703 
# Insert
## 0.1
median: (8, 0.299523)-> min: (1, 0.295157)-> max: (5, 0.30102)-> tot: 2.98497-> avg: 0.298497
in-dis-skewed knn time: 0.411507 4.40114 53.7508 0 53.7508 50.3497 0.803623 8.93598 62.9722 0 62.9722 55.0363 2.60335 24.0092 85.8731 0 85.8731 62.8639 
out-dis-skewed knn time: 0.235286 3.54263 63.4578 0 63.4578 60.9152 0.647232 11.8011 89.044 0 89.044 78.243 2.40602 31.1004 129.277 0 129.277 99.1768 
in-dis-uniform knn time: 1.14038 5.45688 72.9613 0 72.9613 68.5044 2.06939 14.2294 104.748 0 104.748 91.5185 5.50804 39.1558 144.1 0 144.1 105.944 
out-dis-uniform knn time: 0.243817 3.57875 64.2136 0 64.2136 61.6348 0.604188 10.094 83.8846 0 83.8846 74.7906 2.22451 25.9862 114.989 0 114.989 90.0031 
range count time: 0.000374 2.01022 28.7725 0 2e-05 27.7623 0.00397733 38.3283 112.243 0 0.95278 73.9619 0.159043 265.361 615.96 0 112.203 239.396 
range query time: 0.000582 2.01022 28.7725 0 2e-05 27.7623 0.00994967 38.3283 112.243 0 0.95278 73.9619 1.20393 265.361 615.96 0 112.203 239.396 
# Insert
## 0.01
median: (83, 0.0306677)-> min: (2, 0.0300127)-> max: (50, 0.0354773)-> tot: 3.09206-> avg: 0.0309201
in-dis-skewed knn time: 0.482668 3.43171 41.9985 0 41.9985 39.5668 0.802983 5.78379 46.8279 0 46.8279 42.0441 2.20835 13.6108 58.7817 0 58.7817 46.171 
out-dis-skewed knn time: 0.227969 3.30883 61.7889 0 61.7889 59.4801 0.639952 12.2128 90.6193 0 90.6193 79.4065 2.31112 35.8844 138.786 0 138.786 103.902 
in-dis-uniform knn time: 1.05943 5.18297 69.8184 0 69.8184 65.6355 1.87951 13.5124 98.8203 0 98.8203 86.3079 4.99493 37.1437 136.661 0 136.661 100.518 
out-dis-uniform knn time: 0.23431 3.36327 62.1649 0 62.1649 59.8016 0.592284 10.9027 84.5895 0 84.5895 74.6869 2.09287 29.9656 121.638 0 121.638 92.672 
range count time: 0.000393667 1.85942 27.2547 0 0 26.3953 0.00423033 36.3618 107.534 0 0.80946 71.3626 0.162122 261.412 604.169 0 108.521 235.236 
range query time: 0.000672333 1.85942 27.2547 0 0 26.3953 0.010134 36.3618 107.534 0 0.80946 71.3626 1.2282 261.412 604.169 0 108.521 235.236 
# Insert
## 0.001
median: (213, 0.00404167)-> min: (44, 0.00380167)-> max: (59, 0.006228)-> tot: 4.119-> avg: 0.0041185
in-dis-skewed knn time: 0.456827 3.53643 45.1644 0 45.1644 42.628 0.827178 7.50488 58.4838 0 58.4838 51.9789 2.57256 19.829 77.174 0 77.174 58.345 
out-dis-skewed knn time: 0.243197 3.11762 64.9965 0 64.9965 62.8789 0.666761 12.2117 95.5313 0 95.5313 84.3196 2.38429 36.9732 145.545 0 145.545 109.572 
in-dis-uniform knn time: 1.12352 5.61206 78.1234 0 78.1234 73.5114 2.03094 14.8035 108 0 108 94.1967 5.5535 42.3323 150.529 0 150.529 109.197 
out-dis-uniform knn time: 0.246491 3.16206 65.4143 0 65.4143 63.2522 0.613483 10.8402 89.3565 0 89.3565 79.5163 2.14824 30.9747 128.37 0 128.37 98.3949 
range count time: 0.000395667 1.98018 26.15 0 0 25.1698 0.004481 37.7197 108.091 0 0.93354 70.4375 0.157607 270.72 622.041 0 113.062 239.259 
range query time: 0.000553667 1.98018 26.15 0 0 25.1698 0.0101563 37.7197 108.091 0 0.93354 70.4375 1.28261 270.72 622.041 0 113.062 239.259 
# Insert
## 0.0001
median: (6557, 0.000867)-> min: (21, 0.000738333)-> max: (2756, 0.005107)-> tot: 8.84979-> avg: 0.000884476
in-dis-skewed knn time: 0.508644 4.19556 55.8101 0 55.8101 52.6146 1.04495 10.4504 79.5752 0 79.5752 70.1248 3.66594 30.4125 114.548 0 114.548 85.1355 
out-dis-skewed knn time: 0.310707 3.6145 81.0718 0 81.0718 78.4573 0.797347 12.2458 111.819 0 111.819 100.573 2.83446 36.2376 165.563 0 165.563 130.325 
in-dis-uniform knn time: 1.36601 9.23033 131.516 0 131.516 123.286 3.04323 26.5086 194.923 0 194.923 169.414 10.2175 81.9581 286.835 0 286.835 205.877 
out-dis-uniform knn time: 0.321935 3.62217 81.6343 0 81.6343 79.0121 0.744715 10.6411 105.563 0 105.563 95.9222 2.65852 30.9059 148.468 0 148.468 118.562 
range count time: 0.000452 2.13502 34.3572 0 4e-05 33.2221 0.00471433 37.8871 121.285 0 0.96358 83.4344 0.162163 271.599 668.632 0 116.538 281.496 
range query time: 0.000664667 2.13502 34.3572 0 4e-05 33.2221 0.0103923 37.8871 121.285 0 0.96358 83.4344 1.2943 271.599 668.632 0 116.538 281.496 

Tree: PTree; AugType: HasBox; Split: HilbertCurve; BDO: 6; Inba: 30; Coord: integer; 
2.in 
# Insert
## 1
median: (1, 3.34444)-> min: (1, 3.34444)-> max: (1, 3.34444)-> tot: 3.34444-> avg: 3.34444
in-dis-skewed knn time: 1.11417 4.92512 61.9913 0 61.9913 58.0662 1.93295 9.96535 73.4343 0 73.4343 64.4689 4.65735 25.3624 97.6118 0 97.6118 73.2493 
out-dis-skewed knn time: 1.12882 5.12152 62.5362 0 62.5362 58.4146 1.93021 10.0093 73.5392 0 73.5392 64.5299 4.63346 25.3728 97.6456 0 97.6456 73.2728 
in-dis-uniform knn time: 1.09103 4.92444 61.9854 0 61.9854 58.0609 1.92125 9.96379 73.4234 0 73.4234 64.4596 4.62165 25.3582 97.5966 0 97.5966 73.2385 
out-dis-uniform knn time: 1.12775 5.11925 62.5105 0 62.5105 58.3912 1.93013 10.0041 73.5084 0 73.5084 64.5043 4.61942 25.3538 97.5918 0 97.5918 73.238 
range count time: 0.000422333 2.08512 27.8222 0 0 26.737 0.00375167 36.3258 109.573 0 0.857 73.3904 0.156579 266.333 622.721 0 109.395 247.993 
range query time: 0.000581333 2.08512 27.8222 0 0 26.737 0.009469 36.3258 109.573 0 0.857 73.3904 1.16527 266.333 622.721 0 109.395 247.993 
# Insert
## 0.1
median: (9, 0.394699)-> min: (0, 0.30684)-> max: (6, 0.449352)-> tot: 3.89754-> avg: 0.389753
in-dis-skewed knn time: 1.1512 4.94442 62.1979 0 62.1979 58.2535 1.9538 10.0191 73.6897 0 73.6897 64.6707 4.62284 25.5982 98.195 0 98.195 73.5969 
out-dis-skewed knn time: 1.18024 5.14107 62.7271 0 62.7271 58.586 1.96391 10.0469 73.7622 0 73.7622 64.7153 4.62704 25.5682 98.1832 0 98.1832 73.615 
in-dis-uniform knn time: 1.14698 4.94066 62.1659 0 62.1659 58.2253 1.95944 9.9979 73.6316 0 73.6316 64.6337 4.63466 25.5521 98.1304 0 98.1304 73.5783 
out-dis-uniform knn time: 1.1844 5.13836 62.6993 0 62.6993 58.5609 1.97116 10.0394 73.7243 0 73.7243 64.6849 4.64052 25.5508 98.1284 0 98.1284 73.5776 
range count time: 0.000440667 2.09764 27.7195 0 2e-05 26.6218 0.00453033 36.5117 110.15 0 0.88416 73.7537 0.160198 268.078 626.965 0 110.45 249.437 
range query time: 0.000565 2.09764 27.7195 0 2e-05 26.6218 0.00991967 36.5117 110.15 0 0.88416 73.7537 1.2385 268.078 626.965 0 110.45 249.437 
# Insert
## 0.01
median: (51, 0.061239)-> min: (0, 0.0322057)-> max: (82, 0.0793383)-> tot: 5.9985-> avg: 0.0599845
in-dis-skewed knn time: 1.15374 4.94102 62.3738 0 62.3738 58.4327 1.95792 10.1123 74.0946 0 74.0946 64.9823 4.65886 26.0395 99.072 0 99.072 74.0325 
out-dis-skewed knn time: 1.1829 5.1513 62.9051 0 62.9051 58.7538 1.96509 10.1382 74.1277 0 74.1277 64.9895 4.65966 26.0015 99.0206 0 99.0206 74.0191 
in-dis-uniform knn time: 1.15019 4.95099 62.349 0 62.349 58.398 1.96312 10.093 74.0159 0 74.0159 64.923 4.66982 25.9905 98.9816 0 98.9816 73.9911 
out-dis-uniform knn time: 1.18751 5.14962 62.8824 0 62.8824 58.7328 1.97424 10.1329 74.0975 0 74.0975 64.9646 4.67478 25.9844 98.9683 0 98.9683 73.9839 
range count time: 0.000448 2.08694 28.2686 0 0 27.1817 0.004843 37.0074 111.49 0 0.92586 74.5573 0.163048 271.313 635.194 0 112.652 252.228 
range query time: 0.000592 2.08694 28.2686 0 0 27.1817 0.0102957 37.0074 111.49 0 0.92586 74.5573 1.2519 271.313 635.194 0 112.652 252.228 
# Insert
## 0.001
median: (512, 0.0136563)-> min: (0, 0.00408533)-> max: (945, 0.019445)-> tot: 12.9613-> avg: 0.0129608
in-dis-skewed knn time: 1.14848 4.91815 62.3287 0 62.3287 58.4105 1.95073 10.1139 74.0589 0 74.0589 64.945 4.6408 26.1133 99.1359 0 99.1359 74.0226 
out-dis-skewed knn time: 1.17755 5.13225 62.8592 0 62.8592 58.727 1.95701 10.1412 74.0822 0 74.0822 64.9409 4.63976 26.0826 99.0742 0 99.0742 73.9916 
in-dis-uniform knn time: 1.14566 4.9316 62.3161 0 62.3161 58.3845 1.95453 10.0985 73.9845 0 73.9845 64.886 4.65036 26.0787 99.0583 0 99.0583 73.9796 
out-dis-uniform knn time: 1.18221 5.13161 62.8472 0 62.8472 58.7156 1.96595 10.1377 74.0651 0 74.0651 64.9274 4.65778 26.0721 99.041 0 99.041 73.9689 
range count time: 0.000460667 2.11748 28.6024 0 2e-05 27.4849 0.00476167 37.206 111.916 0 0.93478 74.7751 0.162014 272.488 638.424 0 113.431 253.505 
range query time: 0.000622333 2.11748 28.6024 0 2e-05 27.4849 0.0101117 37.206 111.916 0 0.93478 74.7751 1.25109 272.488 638.424 0 113.431 253.505 
# Insert
## 0.0001
median: (5466, 0.00277067)-> min: (0, 0.000775)-> max: (8848, 0.00703367)-> tot: 26.7705-> avg: 0.00267655
in-dis-skewed knn time: 1.15274 4.95803 62.8892 0 62.8892 58.9312 1.95513 10.1355 74.4108 0 74.4108 65.2753 4.65892 26.2089 99.6639 0 99.6639 74.455 
out-dis-skewed knn time: 1.18361 5.17219 63.4271 0 63.4271 59.2549 1.96175 10.1639 74.4433 0 74.4433 65.2794 4.65805 26.1834 99.6179 0 99.6179 74.4345 
in-dis-uniform knn time: 1.15085 4.97039 62.8732 0 62.8732 58.9028 1.95935 10.1214 74.3413 0 74.3413 65.2199 4.66804 26.1775 99.5998 0 99.5998 74.4223 
out-dis-uniform knn time: 1.18839 5.17137 63.4135 0 63.4135 59.2421 1.97056 10.1625 74.4284 0 74.4284 65.266 4.67521 26.176 99.5957 0 99.5957 74.4197 
range count time: 0.000455333 2.10304 28.3284 0 4e-05 27.2253 0.004809 37.1955 112.352 0 0.93098 75.2251 0.163445 272.815 638.998 0 113.552 253.631 
range query time: 0.00065 2.10304 28.3284 0 4e-05 27.2253 0.0105547 37.1955 112.352 0 0.93098 75.2251 1.25097 272.815 638.998 0 113.552 253.631 

Tree: PTree; AugType: HasBox; Split: MortonCurve; BDO: 6; Inba: 30; Coord: integer; 
1.in 
# Insert
## 1
median: (1, 2.94116)-> min: (1, 2.94116)-> max: (1, 2.94116)-> tot: 2.94116-> avg: 2.94116
in-dis-skewed knn time: 0.935716 29.0741 262.459 0 262.459 234.385 3.91949 86.4208 470.732 0 470.732 385.311 23.4583 251.407 756.089 0 756.089 505.681 
out-dis-skewed knn time: 0.311853 10.9828 121.958 0 121.958 111.976 1.01762 40.8143 275.969 0 275.969 236.154 7.4631 91.6922 327.906 0 327.906 237.214 
in-dis-uniform knn time: 4.24795 25.3594 245.638 0 245.638 221.278 10.7476 80.8965 457.193 0 457.193 377.296 27.8372 211.525 652.745 0 652.745 442.22 
out-dis-uniform knn time: 0.295442 7.8302 123.945 0 123.945 117.114 0.498263 13.0714 141.417 0 141.417 129.345 2.96197 35.3325 178.772 0 178.772 144.44 
range count time: 0.000614 5.32844 45.2731 0 0 40.9446 0.003067 27.0279 124.27 0 1.06208 97.1798 0.164582 280.707 712.571 0 111.046 321.819 
range query time: 0.000734667 5.32844 45.2731 0 0 40.9446 0.00908533 27.0279 124.27 0 1.06208 97.1798 1.18664 280.707 712.571 0 111.046 321.819 
# Insert
## 0.1
median: (8, 0.252741)-> min: (3, 0.247985)-> max: (7, 0.255728)-> tot: 2.52004-> avg: 0.252003
in-dis-skewed knn time: 0.683735 21.7363 204.815 0 204.815 184.079 2.81685 74.7841 381.861 0 381.861 308.077 15.868 206.715 586.978 0 586.978 381.263 
out-dis-skewed knn time: 0.311429 9.98294 121.906 0 121.906 112.923 0.733334 25.9501 236.421 0 236.421 211.471 6.90691 90.9489 384.241 0 384.241 294.292 
in-dis-uniform knn time: 3.95246 24.6136 253.132 0 253.132 229.518 10.077 84.1161 478.69 0 478.69 395.574 27.1763 224.563 680.305 0 680.305 456.742 
out-dis-uniform knn time: 0.227805 5.74444 105.167 0 105.167 100.422 0.474498 13.6549 147.868 0 147.868 135.213 4.87569 68.6163 267.947 0 267.947 200.331 
range count time: 0.000609667 5.34686 50.7778 0 0 46.4309 0.00312033 30.8267 134.495 0 1.68324 102.985 0.165843 308.732 789.903 0 131.842 350.33 
range query time: 0.000723333 5.34686 50.7778 0 0 46.4309 0.00895867 30.8267 134.495 0 1.68324 102.985 1.22193 308.732 789.903 0 131.842 350.33 
# Insert
## 0.01
median: (33, 0.0263427)-> min: (76, 0.024644)-> max: (58, 0.031928)-> tot: 2.67742-> avg: 0.0267737
in-dis-skewed knn time: 0.938138 26.527 242.615 0 242.615 217.088 4.04257 83.5449 443.437 0 443.437 360.892 22.7769 238.258 709.408 0 709.408 472.15 
out-dis-skewed knn time: 0.373672 11.9688 151.652 0 151.652 140.683 0.538303 17.0169 160.929 0 160.929 144.912 6.75313 92.7109 301.276 0 301.276 209.565 
in-dis-uniform knn time: 4.47417 26.3392 270.215 0 270.215 244.876 11.3057 85.3928 508.515 0 508.515 424.122 30.5711 228.944 730.728 0 730.728 502.784 
out-dis-uniform knn time: 0.264701 6.33544 115.034 0 115.034 109.698 0.410968 9.75985 128.955 0 128.955 120.195 2.78883 35.5477 173.184 0 173.184 138.636 
range count time: 0.000664333 5.35244 48.0311 0 0 43.6787 0.00340733 27.9384 128.277 0 1.1678 100.171 0.166409 286.706 743.348 0 116.705 340.937 
range query time: 0.000767333 5.35244 48.0311 0 0 43.6787 0.00895 27.9384 128.277 0 1.1678 100.171 1.25148 286.706 743.348 0 116.705 340.937 
# Insert
## 0.001
median: (370, 0.003718)-> min: (74, 0.00323967)-> max: (974, 0.00690767)-> tot: 3.77356-> avg: 0.00377306
in-dis-skewed knn time: 0.892638 25.006 246.536 0 246.536 222.53 3.51728 71.8699 432.038 0 432.038 361.168 18.4624 186.185 617.964 0 617.964 432.779 
out-dis-skewed knn time: 0.310871 8.99521 128.902 0 128.902 120.907 0.62593 21.9756 167.987 0 167.987 147.012 4.35744 53.1029 224.163 0 224.163 172.06 
in-dis-uniform knn time: 4.61073 25.8553 266.332 0 266.332 241.477 11.5583 81.2994 491.441 0 491.441 411.142 30.2345 215.674 696.361 0 696.361 481.687 
out-dis-uniform knn time: 0.326535 7.15202 133.513 0 133.513 127.361 0.512062 11.9346 143.817 0 143.817 132.883 3.64475 42.2985 197.847 0 197.847 156.548 
range count time: 0.000721667 5.1742 48.742 0 0 44.5678 0.003584 27.1258 131.103 0 1.10336 103.874 0.16958 288.332 752.68 0 118.64 346.709 
range query time: 0.000784 5.1742 48.742 0 0 44.5678 0.008909 27.1258 131.103 0 1.10336 103.874 1.27143 288.332 752.68 0 118.64 346.709 
# Insert
## 0.0001
median: (4837, 0.000860667)-> min: (115, 0.000662333)-> max: (2513, 0.00516633)-> tot: 8.73982-> avg: 0.000873483
in-dis-skewed knn time: 0.929097 25.4076 254.163 0 254.163 229.755 3.60609 75.3732 429.806 0 429.806 355.432 20.9267 216.552 659.719 0 659.719 444.167 
out-dis-skewed knn time: 0.320852 8.99133 123.957 0 123.957 115.965 0.854636 31.8783 230.416 0 230.416 199.538 5.30376 70.86 285.468 0 285.468 215.608 
in-dis-uniform knn time: 4.81667 27.0671 275.393 0 275.393 249.326 12.0095 84.7878 500.312 0 500.312 416.524 31.4046 225.33 715.486 0 715.486 491.156 
out-dis-uniform knn time: 0.334555 7.02638 136.46 0 136.46 130.433 0.542891 12.0508 153.301 0 153.301 142.251 3.42714 39.0637 196.673 0 196.673 158.609 
range count time: 0.000685667 5.35698 52.4201 0 0 48.0631 0.00370867 28.2782 134.137 0 1.20662 105.652 0.17061 289.127 758.268 0 119.352 350.789 
range query time: 0.000789333 5.35698 52.4201 0 0 48.0631 0.00894967 28.2782 134.137 0 1.20662 105.652 1.26878 289.127 758.268 0 119.352 350.789 

Tree: PTree; AugType: HasBox; Split: MortonCurve; BDO: 6; Inba: 30; Coord: integer; 
2_sort_by_0.in 
# Insert
## 1
median: (1, 3.03676)-> min: (1, 3.03676)-> max: (1, 3.03676)-> tot: 3.03676-> avg: 3.03676
in-dis-skewed knn time: 0.97079 7.971 69.7383 0 69.7383 62.7673 1.93918 16.1377 84.834 0 84.834 69.6963 4.75355 33.5273 105.539 0 105.539 73.0112 
out-dis-skewed knn time: 0.283852 4.30917 77.6274 0 77.6274 74.3182 0.874142 19.4272 119.104 0 119.104 100.677 3.63587 61.7946 201.881 0 201.881 141.086 
in-dis-uniform knn time: 3.51344 18.6298 187.542 0 187.542 169.912 8.77881 55.6464 316.767 0 316.767 262.121 21.0756 140.118 438.721 0 438.721 299.603 
out-dis-uniform knn time: 0.300412 4.50617 78.5481 0 78.5481 75.0419 0.82263 17.0342 110.844 0 110.844 94.8099 3.33031 51.163 174.606 0 174.606 124.443 
range count time: 0.000536 3.42534 37.4955 0 0 35.0701 0.004824 44.9907 142.777 0 0.7358 98.0504 0.213847 335.868 786.271 0 121.185 330.218 
range query time: 0.000685 3.42534 37.4955 0 0 35.0701 0.010678 44.9907 142.777 0 0.7358 98.0504 1.22575 335.868 786.271 0 121.185 330.218 
# Insert
## 0.1
median: (8, 0.277007)-> min: (0, 0.271357)-> max: (5, 0.283375)-> tot: 2.76666-> avg: 0.276666
in-dis-skewed knn time: 0.928643 8.77419 78.1378 0 78.1378 70.3636 1.94039 18.2092 95.2945 0 95.2945 78.0853 5.02971 40.1302 121.133 0 121.133 82.0031 
out-dis-skewed knn time: 0.287694 4.25469 79.5732 0 79.5732 76.3185 0.908834 19.5124 123.924 0 123.924 105.412 3.65962 63.6619 215.045 0 215.045 152.383 
in-dis-uniform knn time: 3.74873 21.3986 226.226 0 226.226 205.827 9.40821 63.4507 360.14 0 360.14 297.69 23.3747 163.876 504.756 0 504.756 341.881 
out-dis-uniform knn time: 0.306478 4.47166 80.561 0 80.561 77.0894 0.857866 17.4483 116.313 0 116.313 99.865 3.38248 53.8317 186.608 0 186.608 133.777 
range count time: 0.000525333 3.56502 41.3546 0 0 38.7896 0.00529133 48.0805 149.441 0 0.8625 101.498 0.219055 341.424 809.48 0 127.286 341.77 
range query time: 0.000674 3.56502 41.3546 0 0 38.7896 0.0111753 48.0805 149.441 0 0.8625 101.498 1.24371 341.424 809.48 0 127.286 341.77 
# Insert
## 0.01
median: (96, 0.0282033)-> min: (9, 0.027545)-> max: (91, 0.030415)-> tot: 2.83366-> avg: 0.0283362
in-dis-skewed knn time: 1.11946 7.79721 73.9967 0 73.9967 67.1995 2.04148 14.6411 86.5401 0 86.5401 72.899 4.95489 29.9378 105.291 0 105.291 76.353 
out-dis-skewed knn time: 0.303199 4.22397 73.3021 0 73.3021 70.0782 0.941436 18.1974 110.599 0 110.599 93.4014 3.58503 56.955 190.766 0 190.766 134.811 
in-dis-uniform knn time: 3.85018 20.8976 216.449 0 216.449 196.551 8.8303 56.4193 318.603 0 318.603 263.184 21.4845 140.085 436.965 0 436.965 297.879 
out-dis-uniform knn time: 0.318685 4.47386 74.2736 0 74.2736 70.7997 0.88344 16.2196 103.528 0 103.528 88.3087 3.21801 46.9375 163.935 0 163.935 117.998 
range count time: 0.000627 3.37056 45.0229 0 0 42.6524 0.00560633 45.1177 151.154 0 0.7403 106.296 0.220166 338.887 810.416 0 125.492 347.037 
range query time: 0.000763667 3.37056 45.0229 0 0 42.6524 0.0111343 45.1177 151.154 0 0.7403 106.296 1.27457 338.887 810.416 0 125.492 347.037 
# Insert
## 0.001
median: (866, 0.00377267)-> min: (109, 0.003512)-> max: (640, 0.00592633)-> tot: 3.8289-> avg: 0.0038284
in-dis-skewed knn time: 1.06848 8.23369 78.156 0 78.156 70.9224 1.9091 14.9872 88.9621 0 88.9621 74.9749 4.62896 31.9166 110.513 0 110.513 79.5964 
out-dis-skewed knn time: 0.36245 5.03392 83.0714 0 83.0714 79.0375 1.04433 20.1145 122.281 0 122.281 103.167 3.87015 60.6899 203.567 0 203.567 143.877 
in-dis-uniform knn time: 3.91922 21.5083 217.995 0 217.995 197.487 8.4162 55.6066 311.538 0 311.538 256.932 20.97 143.51 442.635 0 442.635 300.125 
out-dis-uniform knn time: 0.386984 5.43747 84.5939 0 84.5939 80.1564 0.989061 18.1656 115.164 0 115.164 97.9987 3.4911 50.395 176.643 0 176.643 127.248 
range count time: 0.000675 3.45904 53.1947 0 0 50.7357 0.00579933 46.7267 153.513 0 0.8646 106.922 0.218171 347.774 839.974 0 134.557 358.643 
range query time: 0.000788667 3.45904 53.1947 0 0 50.7357 0.0108893 46.7267 153.513 0 0.8646 106.922 1.32748 347.774 839.974 0 134.557 358.643 
# Insert
## 0.0001
median: (3627, 0.000851667)-> min: (378, 0.000725333)-> max: (7282, 0.00454867)-> tot: 8.73776-> avg: 0.000873275
in-dis-skewed knn time: 1.01967 7.95912 80.9983 0 80.9983 74.0392 1.7349 13.8859 90.8556 0 90.8556 77.9697 4.33365 30.1601 111.457 0 111.457 82.2971 
out-dis-skewed knn time: 0.416578 4.9699 90.5512 0 90.5512 86.5813 1.1602 19.8868 132.844 0 132.844 113.957 4.16438 59.5927 215.303 0 215.303 156.71 
in-dis-uniform knn time: 3.77498 20.6595 211.68 0 211.68 192.021 8.23117 54.6398 307.112 0 307.112 253.472 21.0948 146.524 438.014 0 438.014 292.49 
out-dis-uniform knn time: 0.441886 5.23536 91.7271 0 91.7271 87.4918 1.09506 17.8074 124.162 0 124.162 107.354 3.81571 49.9928 187.29 0 187.29 138.297 
range count time: 0.000713 3.5076 56.8653 0 0 54.3577 0.005808 46.9981 153.184 0 0.83178 106.354 0.216559 349.516 816.351 0 126.663 341.172 
range query time: 0.000837667 3.5076 56.8653 0 0 54.3577 0.0109683 46.9981 153.184 0 0.83178 106.354 1.32361 349.516 816.351 0 126.663 341.172 

Tree: PTree; AugType: HasBox; Split: MortonCurve; BDO: 6; Inba: 30; Coord: integer; 
2.in 
# Insert
## 1
median: (1, 3.10178)-> min: (1, 3.10178)-> max: (1, 3.10178)-> tot: 3.10178-> avg: 3.10178
in-dis-skewed knn time: 3.61504 20.2791 210.266 0 210.266 190.987 9.1298 60.4154 348.862 0 348.862 289.447 22.1495 151.874 484.432 0 484.432 333.558 
out-dis-skewed knn time: 3.68134 20.5553 210.953 0 210.953 191.398 9.19457 60.4781 349.018 0 349.018 289.54 22.22 151.9 484.502 0 484.502 333.602 
in-dis-uniform knn time: 3.64124 20.2782 210.253 0 210.253 190.975 9.2025 60.4132 348.83 0 348.83 289.416 22.2477 151.852 484.374 0 484.374 333.522 
out-dis-uniform knn time: 3.69914 20.5559 210.987 0 210.987 191.431 9.22474 60.4648 348.959 0 348.959 289.494 22.2714 151.875 484.422 0 484.422 333.547 
range count time: 0.000537 3.63864 38.7092 0 0 36.0705 0.00473333 44.6424 145.461 0 0.7522 101.066 0.229324 359.125 831.838 0 119.759 353.955 
range query time: 0.000808667 3.63864 38.7092 0 0 36.0705 0.0102663 44.6424 145.461 0 0.7522 101.066 1.21784 359.125 831.838 0 119.759 353.955 
# Insert
## 0.1
median: (9, 0.373981)-> min: (0, 0.285482)-> max: (6, 0.426429)-> tot: 3.67956-> avg: 0.367955
in-dis-skewed knn time: 3.77748 20.4184 211.959 0 211.959 192.541 9.11336 60.9327 352.007 0 352.007 292.074 22.7907 155.926 490.765 0 490.765 335.838 
out-dis-skewed knn time: 3.87047 20.699 212.653 0 212.653 192.954 9.18989 60.9721 352.129 0 352.129 292.157 22.8441 155.91 490.783 0 490.783 335.873 
in-dis-uniform knn time: 3.83791 20.4202 211.931 0 211.931 192.511 9.20301 60.9027 351.924 0 351.924 292.022 22.8966 155.854 490.641 0 490.641 335.787 
out-dis-uniform knn time: 3.89441 20.7008 212.68 0 212.68 192.979 9.22583 60.9621 352.089 0 352.089 292.126 22.9228 155.895 490.732 0 490.732 335.837 
range count time: 0.000614 3.69834 38.7462 0 4e-05 36.0478 0.00570133 44.7338 146.442 0 0.78172 101.927 0.233526 361.174 838.743 0 121.624 356.945 
range query time: 0.000791667 3.69834 38.7462 0 4e-05 36.0478 0.0108633 44.7338 146.442 0 0.78172 101.927 1.29656 361.174 838.743 0 121.624 356.945 
# Insert
## 0.01
median: (49, 0.058255)-> min: (0, 0.0302727)-> max: (96, 0.0753233)-> tot: 5.74607-> avg: 0.0574602
in-dis-skewed knn time: 3.80531 20.4125 212.765 0 212.765 193.353 9.17762 61.5592 354.152 0 354.152 293.593 23.0719 158.391 498.374 0 498.374 340.983 
out-dis-skewed knn time: 3.90879 20.7545 213.541 0 213.541 193.787 9.25796 61.6081 354.238 0 354.238 293.63 23.1613 158.382 498.356 0 498.356 340.974 
in-dis-uniform knn time: 3.87801 20.4727 212.83 0 212.83 193.357 9.27885 61.5391 354.063 0 354.063 293.524 23.2198 158.333 498.253 0 498.253 340.92 
out-dis-uniform knn time: 3.93369 20.7541 213.564 0 213.564 193.81 9.30028 61.5972 354.203 0 354.203 293.605 23.2432 158.363 498.31 0 498.31 340.947 
range count time: 0.000606333 3.50722 38.172 0 0 35.6648 0.00639567 45.4081 147.893 0 0.8147 102.67 0.237255 365.528 851.104 0 124.701 361.875 
range query time: 0.000746667 3.50722 38.172 0 0 35.6648 0.0109297 45.4081 147.893 0 0.8147 102.67 1.30818 365.528 851.104 0 124.701 361.875 
# Insert
## 0.001
median: (458, 0.01348)-> min: (0, 0.00374433)-> max: (939, 0.0197207)-> tot: 12.6449-> avg: 0.0126444
in-dis-skewed knn time: 3.81743 20.5795 215.249 0 215.249 195.67 9.16352 61.5884 353.377 0 353.377 292.788 22.8272 156.582 494.457 0 494.457 338.874 
out-dis-skewed knn time: 3.92286 20.9443 216.072 0 216.072 196.127 9.24362 61.6551 353.501 0 353.501 292.846 22.9094 156.616 494.509 0 494.509 338.893 
in-dis-uniform knn time: 3.89109 20.6642 215.384 0 215.384 195.72 9.262 61.5914 353.346 0 353.346 292.754 22.9811 156.567 494.416 0 494.416 338.849 
out-dis-uniform knn time: 3.94797 20.9453 216.113 0 216.113 196.167 9.2878 61.6431 353.458 0 353.458 292.815 23.0091 156.58 494.432 0 494.432 338.852 
range count time: 0.000623333 3.6902 38.6242 0 0 35.934 0.00608367 45.6011 148.359 0 0.82416 102.933 0.236456 367.105 856.116 0 125.786 364.226 
range query time: 0.000853667 3.6902 38.6242 0 0 35.934 0.0108637 45.6011 148.359 0 0.82416 102.933 1.30169 367.105 856.116 0 125.786 364.226 
# Insert
## 0.0001
median: (5327, 0.00271767)-> min: (0, 0.000719667)-> max: (7009, 0.00800033)-> tot: 26.2348-> avg: 0.00262298
in-dis-skewed knn time: 3.83645 20.5363 215.393 0 215.393 195.856 9.21236 62.0409 355.983 0 355.983 294.942 23.1228 159.305 499.387 0 499.387 341.083 
out-dis-skewed knn time: 3.94168 20.9084 216.271 0 216.271 196.363 9.29352 62.1076 356.097 0 356.097 294.989 23.2045 159.321 499.401 0 499.401 341.08 
in-dis-uniform knn time: 3.90869 20.6206 215.502 0 215.502 195.882 9.30446 62.0372 355.89 0 355.89 294.853 23.2738 159.269 499.254 0 499.254 340.985 
out-dis-uniform knn time: 3.96713 20.9049 216.251 0 216.251 196.347 9.32728 62.0922 356.029 0 356.029 294.937 23.282 159.285 499.304 0 499.304 341.019 
range count time: 0.000631 3.62036 40.334 0 2e-05 37.7136 0.00594367 45.5235 148.136 0 0.8359 102.776 0.236801 367.263 855.759 0 125.858 363.638 
range query time: 0.000862333 3.62036 40.334 0 2e-05 37.7136 0.0106427 45.5235 148.136 0 0.8359 102.776 1.306 367.263 855.759 0 125.858 363.638 

Tree: CPAM; AugType: HasBox; Split: HilbertCurve; BDO: 6; Inba: 30; Coord: integer; 
1.in 
# Insert
## 1
median: (1, 10.0111)-> min: (1, 10.0111)-> max: (1, 10.0111)-> tot: 10.0111-> avg: 10.0111
in-dis-skewed knn time: 0.607252 12.8589 171.423 0 171.423 159.564 2.51532 46.3945 290.184 0 290.184 244.789 14.5446 134.854 428.803 0 428.803 294.948 
out-dis-skewed knn time: 0.355974 11.975 104.134 0 104.134 93.1587 0.662738 19.0435 117.567 0 117.567 99.5232 3.86198 38.2555 145.824 0 145.824 108.568 
in-dis-uniform knn time: 1.66178 8.15147 112.159 0 112.159 105.008 3.46911 24.7432 171.078 0 171.078 147.335 9.92712 65.8455 231.495 0 231.495 166.649 
out-dis-uniform knn time: 0.231339 5.17477 75.5945 0 75.5945 71.4198 0.464989 9.98244 96.7066 0 96.7066 87.7242 2.67964 26.8616 120.651 0 120.651 94.7895 
range count time: 0.000924667 0 0 0 0 0 0.00281033 0 0 0 0 0 0.1455 0 0 0 0 0 
range query time: 0.00108533 0 0 0 0 0 0.00878733 0 0 0 0 0 1.37618 0 0 0 0 0 
# Insert
## 0.1
median: (0, 1.36039)-> min: (3, 1.24094)-> max: (5, 1.39851)-> tot: 13.321-> avg: 1.33209
in-dis-skewed knn time: 0.635271 12.9507 192.423 0 192.423 180.473 2.41103 44.4092 304.874 0 304.874 261.465 15.5648 161.641 508.782 0 508.782 348.141 
out-dis-skewed knn time: 0.373292 11.9748 103.125 0 103.125 92.1504 0.62054 17.0289 116.497 0 116.497 100.468 3.96842 42.212 154.022 0 154.022 112.81 
in-dis-uniform knn time: 1.60301 8.40135 122.274 0 122.274 114.872 3.36976 23.6629 180.092 0 180.092 157.429 10.2762 74.011 267.543 0 267.543 194.532 
out-dis-uniform knn time: 0.249704 5.84996 86.2989 0 86.2989 81.449 0.553616 10.8626 123.014 0 123.014 113.151 3.92071 37.3833 163.447 0 163.447 127.063 
range count time: 0.000803333 0 0 0 0 0 0.00296367 0 0 0 0 0 0.145066 0 0 0 0 0 
range query time: 0.00105667 0 0 0 0 0 0.00899033 0 0 0 0 0 1.38607 0 0 0 0 0 
# Insert
## 0.01
median: (48, 0.100579)-> min: (96, 0.086596)-> max: (66, 0.122412)-> tot: 10.245-> avg: 0.102449
in-dis-skewed knn time: 0.605358 10.7963 163.498 0 163.498 153.702 1.60764 24.2811 209.769 0 209.769 186.488 11.5393 108.981 392.081 0 392.081 284.1 
out-dis-skewed knn time: 0.250484 7.02058 84.357 0 84.357 78.3364 0.48498 14.0484 107.628 0 107.628 94.5798 2.63511 31.3982 128.49 0 128.49 98.092 
in-dis-uniform knn time: 1.69266 8.28967 120.168 0 120.168 112.878 3.50282 20.8347 166.283 0 166.283 146.448 10.6185 65.3676 249.854 0 249.854 185.486 
out-dis-uniform knn time: 0.345763 7.95175 107.315 0 107.315 100.363 0.764244 14.6368 131.892 0 131.892 118.255 4.42418 40.2292 163.328 0 163.328 124.098 
range count time: 0.000789333 0 0 0 0 0 0.00315533 0 0 0 0 0 0.152484 0 0 0 0 0 
range query time: 0.000783 0 0 0 0 0 0.009217 0 0 0 0 0 1.40782 0 0 0 0 0 
# Insert
## 0.001
median: (236, 0.008387)-> min: (82, 0.00733833)-> max: (136, 0.0126497)-> tot: 8.59405-> avg: 0.00859355
in-dis-skewed knn time: 0.594307 10.189 166.762 0 166.762 157.572 2.1435 35.24 261.196 0 261.196 226.956 11.9524 112.959 398.537 0 398.537 286.578 
out-dis-skewed knn time: 0.379204 10.9836 116.036 0 116.036 106.052 0.690378 19.0474 133.492 0 133.492 115.444 4.01649 41.2724 169.758 0 169.758 129.485 
in-dis-uniform knn time: 1.72432 8.28648 118.95 0 118.95 111.664 3.56442 21.8746 167.734 0 167.734 146.859 10.4066 62.6629 230.409 0 230.409 168.747 
out-dis-uniform knn time: 0.249924 5.02038 78.7017 0 78.7017 74.6814 0.590691 10.3483 113.494 0 113.494 104.146 3.91269 36.0859 156.56 0 156.56 121.474 
range count time: 0.000850333 0 0 0 0 0 0.003535 0 0 0 0 0 0.152518 0 0 0 0 0 
range query time: 0.000838667 0 0 0 0 0 0.00949933 0 0 0 0 0 1.43775 0 0 0 0 0 
# Insert
## 0.0001
median: (45, 0.001844)-> min: (82, 0.00151033)-> max: (5660, 0.00608767)-> tot: 19.0408-> avg: 0.00190358
in-dis-skewed knn time: 0.698896 12.6663 190.064 0 190.064 178.398 2.47671 37.0545 321.976 0 321.976 285.921 15.8467 134.019 471.369 0 471.369 338.35 
out-dis-skewed knn time: 0.353543 9.98911 113.105 0 113.105 104.116 0.592334 17.067 125.683 0 125.683 109.616 3.36484 37.348 153.066 0 153.066 116.718 
in-dis-uniform knn time: 1.73523 8.35583 119.889 0 119.889 112.533 3.678 23.7516 185.68 0 185.68 162.929 11.1451 69.3131 254.178 0 254.178 185.865 
out-dis-uniform knn time: 0.260833 4.88371 84.1381 0 84.1381 80.2544 0.490568 8.40438 101.309 0 101.309 93.9042 2.27152 22.4809 118.573 0 118.573 97.0916 
range count time: 0.000866667 0 0 0 0 0 0.00347833 0 0 0 0 0 0.152405 0 0 0 0 0 
range query time: 0.000833667 0 0 0 0 0 0.00913333 0 0 0 0 0 1.445 0 0 0 0 0 

Tree: CPAM; AugType: HasBox; Split: HilbertCurve; BDO: 6; Inba: 30; Coord: integer; 
2_sort_by_0.in 
# Insert
## 1
median: (1, 10.3458)-> min: (1, 10.3458)-> max: (1, 10.3458)-> tot: 10.3458-> avg: 10.3458
in-dis-skewed knn time: 0.650841 4.30811 50.764 0 50.764 47.4559 1.16362 8.66183 59.4057 0 59.4057 51.7439 3.04592 21.2955 79.6323 0 79.6323 59.3368 
out-dis-skewed knn time: 0.271236 4.00484 64.9037 0 64.9037 61.8989 0.764826 13.8734 93.2904 0 93.2904 80.417 2.8219 37.1828 140.074 0 140.074 103.891 
in-dis-uniform knn time: 1.48971 5.43029 68.823 0 68.823 64.3927 2.72825 14.4346 100.732 0 100.732 87.2976 6.4736 38.5883 140.209 0 140.209 102.62 
out-dis-uniform knn time: 0.27825 4.14776 65.2175 0 65.2175 62.0697 0.712577 12.1292 87.5912 0 87.5912 76.462 2.60362 31.5904 124.241 0 124.241 93.6509 
range count time: 0.000578667 0 0 0 0 0 0.005323 0 0 0 0 0 0.215989 0 0 0 0 0 
range query time: 0.000639 0 0 0 0 0 0.0109337 0 0 0 0 0 1.42714 0 0 0 0 0 
# Insert
## 0.1
median: (5, 1.35992)-> min: (3, 1.22507)-> max: (9, 1.41599)-> tot: 13.5386-> avg: 1.35386
in-dis-skewed knn time: 0.580618 4.40114 53.7508 0 53.7508 50.3497 1.0829 8.93598 62.9722 0 62.9722 55.0363 3.18695 24.0092 85.8731 0 85.8731 62.8639 
out-dis-skewed knn time: 0.28246 3.54263 63.4578 0 63.4578 60.9152 0.761804 11.8011 89.044 0 89.044 78.243 2.67721 31.1004 129.277 0 129.277 99.1768 
in-dis-uniform knn time: 1.48222 5.45683 72.9591 0 72.9591 68.5023 2.68298 14.2298 104.746 0 104.746 91.516 6.57565 39.1573 144.094 0 144.094 105.937 
out-dis-uniform knn time: 0.290625 3.57875 64.2136 0 64.2136 61.6348 0.706203 10.094 83.8846 0 83.8846 74.7906 2.45443 25.9862 114.989 0 114.989 90.0031 
range count time: 0.000542667 0 0 0 0 0 0.00638667 0 0 0 0 0 0.216629 0 0 0 0 0 
range query time: 0.000614 0 0 0 0 0 0.0111733 0 0 0 0 0 1.42993 0 0 0 0 0 
# Insert
## 0.01
median: (40, 0.102071)-> min: (15, 0.0875373)-> max: (38, 0.125935)-> tot: 10.2484-> avg: 0.102483
in-dis-skewed knn time: 0.649581 3.43197 41.9947 0 41.9947 39.5628 1.06668 5.78344 46.8202 0 46.8202 42.0368 2.73238 13.6037 58.757 0 58.757 46.1534 
out-dis-skewed knn time: 0.26319 3.30883 61.7889 0 61.7889 59.4801 0.744038 12.2128 90.6193 0 90.6193 79.4065 2.56282 35.8844 138.786 0 138.786 103.902 
in-dis-uniform knn time: 1.34951 5.18229 69.7883 0 69.7883 65.606 2.41062 13.4987 98.7616 0 98.7616 86.2629 6.10023 37.0706 136.512 0 136.512 100.441 
out-dis-uniform knn time: 0.271962 3.36327 62.1649 0 62.1649 59.8016 0.685733 10.9027 84.5895 0 84.5895 74.6869 2.30816 29.9656 121.638 0 121.638 92.672 
range count time: 0.000864333 0 0 0 0 0 0.00576333 0 0 0 0 0 0.228208 0 0 0 0 0 
range query time: 0.000644 0 0 0 0 0 0.0116797 0 0 0 0 0 1.45957 0 0 0 0 0 
# Insert
## 0.001
median: (670, 0.00814733)-> min: (215, 0.00755067)-> max: (161, 0.0134747)-> tot: 8.28666-> avg: 0.00828617
in-dis-skewed knn time: 0.598049 3.53127 44.8854 0 44.8854 42.3542 1.08682 7.41456 58.0154 0 58.0154 51.6009 3.05948 19.2319 76.0289 0 76.0289 57.797 
out-dis-skewed knn time: 0.28385 3.11762 64.9965 0 64.9965 62.8789 0.771896 12.2117 95.5313 0 95.5313 84.3196 2.64615 36.9732 145.545 0 145.545 109.572 
in-dis-uniform knn time: 1.4075 5.60814 77.8307 0 77.8307 73.2226 2.5549 14.6249 107.367 0 107.367 93.7422 6.65005 41.4922 148.879 0 148.879 108.387 
out-dis-uniform knn time: 0.289115 3.16207 65.4141 0 65.4141 63.252 0.691287 10.8403 89.3563 0 89.3563 79.5159 2.37784 30.973 128.366 0 128.366 98.3929 
range count time: 0.000536333 0 0 0 0 0 0.00604167 0 0 0 0 0 0.224222 0 0 0 0 0 
range query time: 0.000557 0 0 0 0 0 0.0118237 0 0 0 0 0 1.50573 0 0 0 0 0 
# Insert
## 0.0001
median: (3605, 0.00191233)-> min: (1521, 0.00152433)-> max: (6347, 0.00621933)-> tot: 19.4283-> avg: 0.00194233
in-dis-skewed knn time: 0.667108 3.7286 46.5714 0 46.5714 43.8428 1.19073 7.70845 60.3541 0 60.3541 53.6456 3.34417 19.213 78.3349 0 78.3349 60.1219 
out-dis-skewed knn time: 0.306716 3.09225 66.3154 0 66.3154 64.2232 0.811851 11.1849 96.1582 0 96.1582 85.9734 2.69449 32.8204 141.735 0 141.735 109.915 
in-dis-uniform knn time: 1.49725 5.7644 78.5401 0 78.5401 73.7757 2.71029 14.9462 108.096 0 108.096 94.1494 6.92807 39.4936 147.201 0 147.201 108.707 
out-dis-uniform knn time: 0.312109 3.11515 66.8787 0 66.8787 64.7635 0.745768 9.99995 89.8564 0 89.8564 80.8565 2.41538 27.3842 124.847 0 124.847 98.463 
range count time: 0.000552667 0 0 0 0 0 0.006094 0 0 0 0 0 0.227013 0 0 0 0 0 
range query time: 0.000570667 0 0 0 0 0 0.0116817 0 0 0 0 0 1.48449 0 0 0 0 0 

Tree: CPAM; AugType: HasBox; Split: HilbertCurve; BDO: 6; Inba: 30; Coord: integer; 
2.in 
# Insert
## 1
median: (1, 11.3161)-> min: (1, 11.3161)-> max: (1, 11.3161)-> tot: 11.3161-> avg: 11.3161
in-dis-skewed knn time: 1.43674 4.92512 61.9913 0 61.9913 58.0662 2.51705 9.96535 73.4343 0 73.4343 64.4689 5.90859 25.3624 97.6118 0 97.6118 73.2493 
out-dis-skewed knn time: 1.44363 5.12152 62.5362 0 62.5362 58.4146 2.49992 10.0093 73.5392 0 73.5392 64.5299 5.86667 25.3728 97.6456 0 97.6456 73.2728 
in-dis-uniform knn time: 1.39079 4.92444 61.9854 0 61.9854 58.0609 2.4831 9.96379 73.4234 0 73.4234 64.4596 5.84783 25.3582 97.5966 0 97.5966 73.2385 
out-dis-uniform knn time: 1.43968 5.11925 62.5105 0 62.5105 58.3912 2.49257 10.0041 73.5084 0 73.5084 64.5043 5.83914 25.3538 97.5918 0 97.5918 73.238 
range count time: 0.000515667 0 0 0 0 0 0.005177 0 0 0 0 0 0.216211 0 0 0 0 0 
range query time: 0.000649 0 0 0 0 0 0.0107153 0 0 0 0 0 1.39098 0 0 0 0 0 
# Insert
## 0.1
median: (3, 1.5457)-> min: (0, 1.29279)-> max: (9, 1.79859)-> tot: 15.3403-> avg: 1.53403
in-dis-skewed knn time: 1.41789 4.93 62.0929 0 62.0929 58.1629 2.43593 9.94823 73.5179 0 73.5179 64.5696 5.84234 25.3981 97.7755 0 97.7755 73.3774 
out-dis-skewed knn time: 1.43618 5.12914 62.6204 0 62.6204 58.4912 2.43216 9.98669 73.5949 0 73.5949 64.6082 5.81991 25.3767 97.7613 0 97.7613 73.3846 
in-dis-uniform knn time: 1.38608 4.93002 62.0623 0 62.0623 58.1323 2.42111 9.93819 73.4661 0 73.4661 64.5279 5.81538 25.361 97.7095 0 97.7095 73.3485 
out-dis-uniform knn time: 1.43426 5.12654 62.5928 0 62.5928 58.4662 2.43342 9.98032 73.5582 0 73.5582 64.5779 5.81784 25.3603 97.7081 0 97.7081 73.3478 
range count time: 0.000539 0 0 0 0 0 0.00584233 0 0 0 0 0 0.223808 0 0 0 0 0 
range query time: 0.000566333 0 0 0 0 0 0.0113967 0 0 0 0 0 1.45186 0 0 0 0 0 
# Insert
## 0.01
median: (51, 0.391345)-> min: (1, 0.101975)-> max: (98, 0.629089)-> tot: 38.2167-> avg: 0.382167
in-dis-skewed knn time: 1.42738 4.92731 62.0931 0 62.0931 58.1658 2.44995 9.97696 73.589 0 73.589 64.6121 5.8601 25.5034 98.0469 0 98.0469 73.5435 
out-dis-skewed knn time: 1.44679 5.13319 62.5986 0 62.5986 58.4654 2.44663 10.011 73.6222 0 73.6222 64.6112 5.83683 25.4562 97.9638 0 97.9638 73.5076 
in-dis-uniform knn time: 1.39594 4.93423 62.0487 0 62.0487 58.1144 2.43421 9.96591 73.5073 0 73.5073 64.5414 5.83041 25.4455 97.9222 0 97.9222 73.4768 
out-dis-uniform knn time: 1.44332 5.13064 62.5751 0 62.5751 58.4444 2.44552 10.0046 73.5882 0 73.5882 64.5836 5.83224 25.4378 97.9093 0 97.9093 73.4715 
range count time: 0.000529333 0 0 0 0 0 0.00717433 0 0 0 0 0 0.226584 0 0 0 0 0 
range query time: 0.000541 0 0 0 0 0 0.0114843 0 0 0 0 0 1.45659 0 0 0 0 0 
# Insert
## 0.001
median: (506, 0.121819)-> min: (0, 0.00841667)-> max: (997, 0.13761)-> tot: 108.252-> avg: 0.108252
in-dis-skewed knn time: 1.42442 4.91328 61.9672 0 61.9672 58.054 2.44534 10.0038 73.4863 0 73.4863 64.4826 5.84575 25.582 98.0446 0 98.0446 73.4626 
out-dis-skewed knn time: 1.44099 5.11844 62.4725 0 62.4725 58.3541 2.44072 10.0395 73.5189 0 73.5189 64.4795 5.82141 25.5468 97.9699 0 97.9699 73.4231 
in-dis-uniform knn time: 1.39335 4.91964 61.9309 0 61.9309 58.0112 2.42934 9.99621 73.4171 0 73.4171 64.4209 5.81825 25.5409 97.9481 0 97.9481 73.4073 
out-dis-uniform knn time: 1.43882 5.11796 62.4599 0 62.4599 58.3419 2.44175 10.0365 73.5015 0 73.5015 64.465 5.82041 25.5377 97.9393 0 97.9393 73.4017 
range count time: 0.000552333 0 0 0 0 0 0.00637033 0 0 0 0 0 0.225878 0 0 0 0 0 
range query time: 0.000570333 0 0 0 0 0 0.0121733 0 0 0 0 0 1.46095 0 0 0 0 0 
# Insert
## 0.0001
median: (4964, 0.0162147)-> min: (0, 0.00187867)-> max: (3481, 0.0213633)-> tot: 158.734-> avg: 0.0158729
in-dis-skewed knn time: 1.42574 4.94605 62.4668 0 62.4668 58.5208 2.44057 10.0366 73.7792 0 73.7792 64.7426 5.84887 25.7506 98.4435 0 98.4435 73.6929 
out-dis-skewed knn time: 1.44308 5.15413 62.9967 0 62.9967 58.8426 2.43675 10.0783 73.8394 0 73.8394 64.7611 5.8249 25.7366 98.4158 0 98.4158 73.6792 
in-dis-uniform knn time: 1.39217 4.95358 62.4458 0 62.4458 58.4922 2.42575 10.0335 73.7322 0 73.7322 64.6987 5.81919 25.729 98.3878 0 98.3878 73.6587 
out-dis-uniform knn time: 1.44054 5.152 62.9809 0 62.9809 58.8289 2.43681 10.0755 73.8222 0 73.8222 64.7467 5.82119 25.7281 98.3911 0 98.3911 73.663 
range count time: 0.000523 0 0 0 0 0 0.00605067 0 0 0 0 0 0.225375 0 0 0 0 0 
range query time: 0.000583 0 0 0 0 0 0.01221 0 0 0 0 0 1.46402 0 0 0 0 0 

Tree: CPAM; AugType: HasBox; Split: MortonCurve; BDO: 6; Inba: 30; Coord: integer; 
1.in 
# Insert
## 1
median: (1, 9.66314)-> min: (1, 9.66314)-> max: (1, 9.66314)-> tot: 9.66314-> avg: 9.66314
in-dis-skewed knn time: 1.15457 29.0741 262.459 0 262.459 234.385 4.61618 86.4208 470.732 0 470.732 385.311 25.5401 251.407 756.089 0 756.089 505.681 
out-dis-skewed knn time: 0.3815 10.9828 121.958 0 121.958 111.976 1.22117 40.8143 275.969 0 275.969 236.154 8.02387 91.6922 327.906 0 327.906 237.214 
in-dis-uniform knn time: 5.56885 25.3594 245.638 0 245.638 221.278 14.016 80.8965 457.193 0 457.193 377.296 33.914 211.525 652.745 0 652.745 442.22 
out-dis-uniform knn time: 0.377866 7.8302 123.945 0 123.945 117.114 0.604173 13.0714 141.417 0 141.417 129.345 3.22152 35.3325 178.772 0 178.772 144.44 
range count time: 0.00273767 0 0 0 0 0 0.00422733 0 0 0 0 0 0.228763 0 0 0 0 0 
range query time: 0.000909667 0 0 0 0 0 0.00933867 0 0 0 0 0 1.41994 0 0 0 0 0 
# Insert
## 0.1
median: (0, 1.30614)-> min: (1, 1.25716)-> max: (5, 1.35403)-> tot: 13.0196-> avg: 1.30196
in-dis-skewed knn time: 0.839063 21.7363 204.815 0 204.815 184.079 3.29811 74.7841 381.861 0 381.861 308.077 17.6554 206.715 586.978 0 586.978 381.263 
out-dis-skewed knn time: 0.375403 9.98294 121.906 0 121.906 112.923 0.853218 25.9501 236.421 0 236.421 211.471 7.423 90.9489 384.241 0 384.241 294.292 
in-dis-uniform knn time: 5.0921 24.598 252.995 0 252.995 229.397 13.25 84.0005 478.326 0 478.326 395.326 33.2571 224.222 679.678 0 679.678 456.456 
out-dis-uniform knn time: 0.292077 5.74444 105.167 0 105.167 100.422 0.559872 13.6549 147.868 0 147.868 135.213 5.27864 68.6163 267.947 0 267.947 200.331 
range count time: 0.000836667 0 0 0 0 0 0.004245 0 0 0 0 0 0.224176 0 0 0 0 0 
range query time: 0.000969333 0 0 0 0 0 0.00959867 0 0 0 0 0 1.43145 0 0 0 0 0 
# Insert
## 0.01
median: (20, 0.099067)-> min: (38, 0.0832093)-> max: (60, 0.125409)-> tot: 9.93984-> avg: 0.0993979
in-dis-skewed knn time: 1.15853 26.5022 242.295 0 242.295 216.793 4.79594 83.5071 442.579 0 442.579 360.072 25.4061 237.551 707.303 0 707.303 470.752 
out-dis-skewed knn time: 0.459967 11.9688 151.652 0 151.652 140.683 0.633816 17.0168 160.93 0 160.93 144.914 7.26207 92.7111 301.277 0 301.277 209.566 
in-dis-uniform knn time: 5.4913 26.2614 269.325 0 269.325 244.064 14.3263 85.0721 506.164 0 506.164 422.092 37.4582 227.399 726.498 0 726.498 500.099 
out-dis-uniform knn time: 0.336101 6.33544 115.034 0 115.034 109.698 0.490749 9.75985 128.955 0 128.955 120.195 3.03245 35.5477 173.184 0 173.184 138.636 
range count time: 0.000914667 0 0 0 0 0 0.00499933 0 0 0 0 0 0.23771 0 0 0 0 0 
range query time: 0.000921333 0 0 0 0 0 0.00976133 0 0 0 0 0 1.45899 0 0 0 0 0 
# Insert
## 0.001
median: (265, 0.00803867)-> min: (75, 0.00696533)-> max: (136, 0.0126463)-> tot: 8.2356-> avg: 0.0082351
in-dis-skewed knn time: 1.10306 24.6484 241.337 0 241.337 217.689 4.03175 69.2092 418.708 0 418.708 350.498 20.1535 180.155 598.595 0 598.595 419.44 
out-dis-skewed knn time: 0.386316 8.99496 128.912 0 128.912 120.917 0.726363 21.976 167.997 0 167.997 147.021 4.71922 53.1125 224.18 0 224.18 172.067 
in-dis-uniform knn time: 5.59776 25.4196 262.601 0 262.601 238.182 14.4837 80.1933 484.893 0 484.893 405.7 37.0533 212.773 686.827 0 686.827 475.054 
out-dis-uniform knn time: 0.410822 7.15195 133.803 0 133.803 127.651 0.609205 11.9389 144.093 0 144.093 133.154 3.96294 42.2545 198.089 0 198.089 156.834 
range count time: 0.000951667 0 0 0 0 0 0.004853 0 0 0 0 0 0.237186 0 0 0 0 0 
range query time: 0.00100167 0 0 0 0 0 0.009954 0 0 0 0 0 1.49365 0 0 0 0 0 
# Insert
## 0.0001
median: (1708, 0.00180067)-> min: (7440, 0.00147133)-> max: (8755, 0.006586)-> tot: 18.5374-> avg: 0.00185324
in-dis-skewed knn time: 0.93781 21.1888 200.923 0 200.923 180.734 3.32345 59.3677 328.741 0 328.741 270.373 19.2377 180.377 509.482 0 509.482 330.105 
out-dis-skewed knn time: 0.473702 10.9699 160.523 0 160.523 150.553 1.07456 31.8574 244.079 0 244.079 213.221 5.5417 58.8778 288.011 0 288.011 230.134 
in-dis-uniform knn time: 5.65236 24.6938 249.871 0 249.871 226.178 14.4324 76.8748 453.546 0 453.546 377.671 36.7336 204.155 643.952 0 643.952 440.797 
out-dis-uniform knn time: 0.38103 6.57788 118.137 0 118.137 112.559 0.570484 10.5572 135.553 0 135.553 125.996 2.92404 29.8051 166.379 0 166.379 137.574 
range count time: 0.000933 0 0 0 0 0 0.00483967 0 0 0 0 0 0.238622 0 0 0 0 0 
range query time: 0.000898333 0 0 0 0 0 0.0100073 0 0 0 0 0 1.49028 0 0 0 0 0 

Tree: CPAM; AugType: HasBox; Split: MortonCurve; BDO: 6; Inba: 30; Coord: integer; 
2_sort_by_0.in 
# Insert
## 1
median: (1, 9.81176)-> min: (1, 9.81176)-> max: (1, 9.81176)-> tot: 9.81176-> avg: 9.81176
in-dis-skewed knn time: 1.35474 7.971 69.7383 0 69.7383 62.7673 2.62321 16.1377 84.834 0 84.834 69.6963 5.95258 33.5273 105.539 0 105.539 73.0112 
out-dis-skewed knn time: 0.343808 4.30917 77.6274 0 77.6274 74.3182 1.03555 19.4272 119.104 0 119.104 100.677 4.10897 61.7946 201.881 0 201.881 141.086 
in-dis-uniform knn time: 4.5814 18.6298 187.542 0 187.542 169.912 11.4119 55.6464 316.767 0 316.767 262.121 26.3915 140.118 438.721 0 438.721 299.603 
out-dis-uniform knn time: 0.362713 4.50617 78.5481 0 78.5481 75.0419 0.971407 17.0342 110.844 0 110.844 94.8099 3.74598 51.163 174.606 0 174.606 124.443 
range count time: 0.000760333 0 0 0 0 0 0.00690533 0 0 0 0 0 0.292451 0 0 0 0 0 
range query time: 0.000759333 0 0 0 0 0 0.0120573 0 0 0 0 0 1.46786 0 0 0 0 0 
# Insert
## 0.1
median: (2, 1.32304)-> min: (7, 1.24752)-> max: (6, 1.39827)-> tot: 13.1124-> avg: 1.31124
in-dis-skewed knn time: 1.37343 8.77419 78.1378 0 78.1378 70.3636 2.77368 18.2092 95.2945 0 95.2945 78.0853 6.59279 40.1302 121.133 0 121.133 82.0031 
out-dis-skewed knn time: 0.349916 4.25469 79.5732 0 79.5732 76.3185 1.05166 19.5124 123.924 0 123.924 105.412 4.12984 63.6619 215.045 0 215.045 152.383 
in-dis-uniform knn time: 4.85638 21.3928 226.202 0 226.202 205.809 12.2863 63.4321 360.097 0 360.097 297.665 29.0389 163.817 504.66 0 504.66 341.844 
out-dis-uniform knn time: 0.37144 4.47166 80.561 0 80.561 77.0894 0.991903 17.4483 116.313 0 116.313 99.865 3.80478 53.8317 186.608 0 186.608 133.777 
range count time: 0.000781667 0 0 0 0 0 0.00699933 0 0 0 0 0 0.290344 0 0 0 0 0 
range query time: 0.000773 0 0 0 0 0 0.012575 0 0 0 0 0 1.46135 0 0 0 0 0 
# Insert
## 0.01
median: (8, 0.09893)-> min: (52, 0.0820143)-> max: (7, 0.121843)-> tot: 9.95501-> avg: 0.0995496
in-dis-skewed knn time: 1.56122 7.79966 73.9539 0 73.9539 67.1542 2.83704 14.6315 86.4798 0 86.4798 72.8483 6.25871 29.9009 105.184 0 105.184 76.2831 
out-dis-skewed knn time: 0.364692 4.22397 73.3021 0 73.3021 70.0782 1.09999 18.1974 110.599 0 110.599 93.4014 4.06252 56.955 190.766 0 190.766 134.811 
in-dis-uniform knn time: 4.86379 20.8929 216.372 0 216.372 196.479 11.513 56.3798 318.447 0 318.447 263.067 27.2199 139.887 436.611 0 436.611 297.724 
out-dis-uniform knn time: 0.385327 4.47386 74.2736 0 74.2736 70.7997 1.04091 16.2196 103.528 0 103.528 88.3087 3.63797 46.9356 163.932 0 163.932 117.997 
range count time: 0.000901667 0 0 0 0 0 0.00753767 0 0 0 0 0 0.308383 0 0 0 0 0 
range query time: 0.000831667 0 0 0 0 0 0.012585 0 0 0 0 0 1.50448 0 0 0 0 0 
# Insert
## 0.001
median: (465, 0.00790167)-> min: (604, 0.00724533)-> max: (964, 0.013007)-> tot: 8.03751-> avg: 0.008037
in-dis-skewed knn time: 1.46984 8.1768 76.7785 0 76.7785 69.6017 2.66784 14.555 86.8616 0 86.8616 73.3066 6.051 30.1648 106.615 0 106.615 77.4504 
out-dis-skewed knn time: 0.419747 5.03392 83.0714 0 83.0714 79.0375 1.21898 20.1145 122.281 0 122.281 103.167 4.38654 60.6899 203.564 0 203.564 143.874 
in-dis-uniform knn time: 4.90968 21.4687 215.754 0 215.754 195.285 10.8567 54.6291 306.373 0 306.373 252.744 26.2351 138.614 430.151 0 430.151 292.537 
out-dis-uniform knn time: 0.458458 5.43524 84.581 0 84.581 80.1458 1.16043 18.1612 115.125 0 115.125 97.964 3.95754 50.3792 176.567 0 176.567 127.187 
range count time: 0.000928333 0 0 0 0 0 0.00808733 0 0 0 0 0 0.304037 0 0 0 0 0 
range query time: 0.000859333 0 0 0 0 0 0.0127 0 0 0 0 0 1.55269 0 0 0 0 0 
# Insert
## 0.0001
median: (9001, 0.00202233)-> min: (6858, 0.00151233)-> max: (6948, 0.006439)-> tot: 20.4314-> avg: 0.00204264
in-dis-skewed knn time: 1.43341 7.87176 73.3979 0 73.3979 66.5261 2.50011 13.629 82.5276 0 82.5276 69.8986 5.64479 27.894 100.775 0 100.775 73.881 
out-dis-skewed knn time: 0.448708 4.97214 83.8481 0 83.8481 79.876 1.21361 19.0313 122.313 0 122.313 104.281 4.46938 58.1291 197.066 0 197.066 139.937 
in-dis-uniform knn time: 4.83141 20.7833 203.777 0 203.777 183.993 10.9378 53.2965 292.079 0 292.079 239.782 26.7292 134.181 407.98 0 407.98 274.8 
out-dis-uniform knn time: 0.475135 5.1986 84.7914 0 84.7914 80.5928 1.18009 16.8629 114.327 0 114.327 98.4642 4.03682 48.2403 171.744 0 171.744 124.503 
range count time: 0.000937 0 0 0 0 0 0.00804233 0 0 0 0 0 0.308643 0 0 0 0 0 
range query time: 0.000901 0 0 0 0 0 0.012767 0 0 0 0 0 1.52705 0 0 0 0 0 

Tree: CPAM; AugType: HasBox; Split: MortonCurve; BDO: 6; Inba: 30; Coord: integer; 
2.in 
# Insert
## 1
median: (1, 10.7915)-> min: (1, 10.7915)-> max: (1, 10.7915)-> tot: 10.7915-> avg: 10.7915
in-dis-skewed knn time: 4.73356 20.2791 210.266 0 210.266 190.987 11.8767 60.4154 348.862 0 348.862 289.447 27.6957 151.874 484.432 0 484.432 333.558 
out-dis-skewed knn time: 4.79364 20.5553 210.953 0 210.953 191.398 11.9321 60.4781 349.018 0 349.018 289.54 27.7744 151.9 484.502 0 484.502 333.602 
in-dis-uniform knn time: 4.73585 20.2782 210.253 0 210.253 190.975 11.9375 60.4132 348.83 0 348.83 289.416 27.8039 151.852 484.374 0 484.374 333.522 
out-dis-uniform knn time: 4.80811 20.5559 210.987 0 210.987 191.431 11.9587 60.4648 348.959 0 348.959 289.494 27.8347 151.875 484.422 0 484.422 333.547 
range count time: 0.000888333 0 0 0 0 0 0.006733 0 0 0 0 0 0.310756 0 0 0 0 0 
range query time: 0.000860667 0 0 0 0 0 0.0116523 0 0 0 0 0 1.45479 0 0 0 0 0 
# Insert
## 0.1
median: (4, 1.44071)-> min: (0, 1.233)-> max: (8, 1.72005)-> tot: 14.7053-> avg: 1.47053
in-dis-skewed knn time: 4.60444 20.1591 211.382 0 211.382 192.223 11.4597 60.6295 350.64 0 350.64 291.01 28.1314 154.471 487.461 0 487.461 333.99 
out-dis-skewed knn time: 4.69453 20.4422 212.069 0 212.069 192.627 11.5499 60.6793 350.763 0 350.763 291.083 28.2259 154.461 487.475 0 487.475 334.013 
in-dis-uniform knn time: 4.64486 20.1641 211.353 0 211.353 192.189 11.5605 60.6085 350.555 0 350.555 290.947 28.2468 154.403 487.331 0 487.331 333.927 
out-dis-uniform knn time: 4.71474 20.444 212.097 0 212.097 192.653 11.5832 60.6715 350.723 0 350.723 291.051 28.2735 154.444 487.423 0 487.423 333.979 
range count time: 0.000895333 0 0 0 0 0 0.00825567 0 0 0 0 0 0.323597 0 0 0 0 0 
range query time: 0.001153 0 0 0 0 0 0.01276 0 0 0 0 0 1.51621 0 0 0 0 0 
# Insert
## 0.01
median: (49, 0.384572)-> min: (0, 0.0964313)-> max: (98, 0.611926)-> tot: 37.6064-> avg: 0.376064
in-dis-skewed knn time: 4.65274 20.2588 211.872 0 211.872 192.613 11.5563 60.971 351.054 0 351.054 291.083 28.3703 154.937 491.719 0 491.719 337.782 
out-dis-skewed knn time: 4.74934 20.5654 212.569 0 212.569 193.004 11.6521 61.0083 351.1 0 351.1 291.092 28.4649 154.887 491.632 0 491.632 337.745 
in-dis-uniform knn time: 4.69441 20.29 211.87 0 211.87 192.58 11.6516 60.9414 350.93 0 350.93 290.989 28.4839 154.84 491.524 0 491.524 337.684 
out-dis-uniform knn time: 4.76774 20.5664 212.594 0 212.594 193.028 11.6849 60.9968 351.066 0 351.066 291.07 28.5264 154.865 491.583 0 491.583 337.718 
range count time: 0.000912333 0 0 0 0 0 0.007856 0 0 0 0 0 0.327076 0 0 0 0 0 
range query time: 0.000752333 0 0 0 0 0 0.0127737 0 0 0 0 0 1.52749 0 0 0 0 0 
# Insert
## 0.001
median: (508, 0.121461)-> min: (0, 0.00832533)-> max: (992, 0.136883)-> tot: 107.881-> avg: 0.107881
in-dis-skewed knn time: 4.66534 20.5453 213.391 0 213.391 193.846 11.532 60.9853 350.216 0 350.216 290.23 28.1737 155.242 488.475 0 488.475 334.233 
out-dis-skewed knn time: 4.76039 20.8569 214.121 0 214.121 194.264 11.6218 61.0421 350.311 0 350.311 290.269 28.2663 155.23 488.456 0 488.456 334.226 
in-dis-uniform knn time: 4.71014 20.5806 213.441 0 213.441 193.86 11.64 60.9766 350.159 0 350.159 290.183 28.3454 155.188 488.378 0 488.378 334.19 
out-dis-uniform knn time: 4.78546 20.8597 214.165 0 214.165 194.305 11.6843 61.0324 350.282 0 350.282 290.249 28.402 155.209 488.401 0 488.401 334.192 
range count time: 0.000868667 0 0 0 0 0 0.00783767 0 0 0 0 0 0.325461 0 0 0 0 0 
range query time: 0.0008 0 0 0 0 0 0.01322 0 0 0 0 0 1.53798 0 0 0 0 0 
# Insert
## 0.0001
median: (4677, 0.0161903)-> min: (1, 0.00174167)-> max: (6183, 0.0206717)-> tot: 158.415-> avg: 0.015841
in-dis-skewed knn time: 4.68839 20.6163 214.121 0 214.121 194.505 11.6118 61.5216 353.588 0 353.588 293.066 28.6135 160.688 499.53 0 499.53 339.842 
out-dis-skewed knn time: 4.7843 20.9353 214.91 0 214.91 194.975 11.7104 61.5796 353.692 0 353.692 293.112 28.6828 160.683 499.517 0 499.517 339.834 
in-dis-uniform knn time: 4.73157 20.6495 214.149 0 214.149 194.499 11.7159 61.509 353.489 0 353.489 292.98 28.7034 160.621 499.358 0 499.358 339.737 
out-dis-uniform knn time: 4.80508 20.9345 214.905 0 214.905 194.971 11.7484 61.5655 353.625 0 353.625 293.06 28.7538 160.642 499.412 0 499.412 339.77 
range count time: 0.000868333 0 0 0 0 0 0.00782533 0 0 0 0 0 0.326181 0 0 0 0 0 
range query time: 0.000769667 0 0 0 0 0 0.0126413 0 0 0 0 0 1.53705 0 0 0 0 0 

