Tree: KdTree; AugType: HasBox; Split: MaxStretchDim-ObjectMedian; BDO: 6; Inba: 30; Coord: integer; 
1.in 
# Insert
## 1
median: (1, 8.04409)-> min: (1, 8.04409)-> max: (1, 8.04409)-> tot: 8.04409-> avg: 8.04409
in-dis-skewed knn time: 0.0458833 1 24.5876 0 24.5876 24.5876 0.15367 5.57482 35.8691 0 35.8691 31.2943 0.785168 21.8292 62.5071 0 62.5071 41.6779 
out-dis-skewed knn time: 0.51129 16.7265 200.3 0 200.3 184.574 0.751011 31.1689 235.089 0 235.089 204.92 4.15602 110.951 355.518 0 355.518 245.567 
in-dis-uniform knn time: 0.266368 1 24.4907 0 24.4907 24.4907 0.836198 5.60021 35.9448 0 35.9448 31.3446 2.66764 22.0717 63.176 0 63.176 42.1044 
out-dis-uniform knn time: 0.60017 16.9307 154.566 0 154.566 138.635 1.07036 31.0704 181.167 0 181.167 151.097 4.21554 92.5463 267.836 0 267.836 176.29 
range count time: 0.000479667 2.3988 28.0108 0 0.0007 26.6113 0.00601633 56.6823 144.658 0 2.87786 86.0982 0.389189 970.038 1963.81 0 288.503 706.271 
range query time: 0.000549667 2.3988 28.0108 0 0.0007 26.6113 0.010313 56.6823 144.658 0 2.87786 86.0982 1.62358 970.038 1963.81 0 288.503 706.271 
# Insert
## 0.1
median: (4, 2.19447)-> min: (0, 0.638226)-> max: (9, 4.10241)-> tot: 20.4047-> avg: 2.04047
in-dis-skewed knn time: 0.0495833 1 25.4393 0 25.4393 25.4393 0.159963 5.5822 36.7216 0 36.7216 32.1394 0.791385 21.9636 63.5481 0 63.5481 42.5845 
out-dis-skewed knn time: 0.557141 24.1685 207.489 0 207.489 184.32 0.884604 47.6222 254.531 0 254.531 207.909 3.87108 111.582 365.796 0 365.796 255.214 
in-dis-uniform knn time: 0.281281 1 24.7616 0 24.7616 24.7616 0.867012 5.60858 36.245 0 36.245 31.6364 2.70786 22.1894 63.6415 0 63.6415 42.4521 
out-dis-uniform knn time: 0.848211 21.6732 192.452 0 192.452 171.779 1.44485 39.1663 225.183 0 225.183 187.016 5.43165 114.247 334.107 0 334.107 220.86 
range count time: 0.000561333 2.4024 28.9133 0 0.00032 27.5106 0.006689 55.9783 143.528 0 2.86298 85.6865 0.397176 972.789 1975.14 0 290.908 712.443 
range query time: 0.000596 2.4024 28.9133 0 0.00032 27.5106 0.0102923 55.9783 143.528 0 2.86298 85.6865 1.57812 972.789 1975.14 0 290.908 712.443 
# Insert
## 0.01
median: (91, 0.15795)-> min: (0, 0.0680127)-> max: (92, 2.02074)-> tot: 25.5711-> avg: 0.255711
in-dis-skewed knn time: 0.0489963 1 24.3754 0 24.3754 24.3754 0.159066 5.57375 35.6433 0 35.6433 31.0696 0.79448 21.9132 62.4 0 62.4 41.4869 
out-dis-skewed knn time: 0.656316 29.3203 230.67 0 230.67 202.35 1.10334 56.6265 279.927 0 279.927 224.3 5.89442 154.628 444.88 0 444.88 291.251 
in-dis-uniform knn time: 0.284053 1 24.6619 0 24.6619 24.6619 0.874249 5.57005 36.0424 0 36.0424 31.4723 2.72578 21.9176 63.0875 0 63.0875 42.1699 
out-dis-uniform knn time: 0.79712 20.1099 177.165 0 177.165 158.055 1.40578 38.0516 211.016 0 211.016 173.965 5.09477 104.542 311.651 0 311.651 208.108 
range count time: 0.000450667 2.32618 27.7262 0 0.00058 26.3994 0.00692533 57.0849 144.84 0 2.8962 85.8594 0.398172 963.277 1950.88 0 285.116 703.489 
range query time: 0.000565 2.32618 27.7262 0 0.00058 26.3994 0.0107187 57.0849 144.84 0 2.8962 85.8594 1.5671 963.277 1950.88 0 285.116 703.489 
# Insert
## 0.001
median: (213, 0.0162323)-> min: (0, 0.004934)-> max: (501, 2.25354)-> tot: 41.3956-> avg: 0.0413951
in-dis-skewed knn time: 0.05011 1 25.3712 0 25.3712 25.3712 0.159724 5.54523 36.5267 0 36.5267 31.9815 0.796444 21.7183 62.9792 0 62.9792 42.2609 
out-dis-skewed knn time: 1.45353 65.8097 443.134 0 443.134 378.324 2.64886 117.573 521.883 0 521.883 405.31 12.3878 301.303 744.888 0 744.888 444.585 
in-dis-uniform knn time: 0.283306 1 24.9443 0 24.9443 24.9443 0.874568 5.56756 36.3134 0 36.3134 31.7458 2.73209 21.9013 63.3302 0 63.3302 42.4289 
out-dis-uniform knn time: 1.12144 35.361 260.291 0 260.291 225.93 2.05097 62.2709 306.116 0 306.116 244.845 8.20077 175.983 444 0 444 269.018 
range count time: 0.000483 2.42748 29.8238 0 0.00052 28.3958 0.00701167 55.7726 143.417 0 2.85022 85.7944 0.394806 963.597 1949.09 0 285.198 701.293 
range query time: 0.000614333 2.42748 29.8238 0 0.00052 28.3958 0.0106193 55.7726 143.417 0 2.85022 85.7944 1.58273 963.597 1949.09 0 285.198 701.293 
# Insert
## 0.0001
median: (5478, 0.00333367)-> min: (0, 0.001369)-> max: (3257, 1.90266)-> tot: 66.2345-> avg: 0.00662295
in-dis-skewed knn time: 0.0484663 1 24.3083 0 24.3083 24.3083 0.157717 5.55263 35.5446 0 35.5446 30.992 0.792308 21.7783 62.1697 0 62.1697 41.3915 
out-dis-skewed knn time: 0.453269 15.3498 179.099 0 179.099 164.749 0.672707 28.2819 206.545 0 206.545 179.263 3.22148 88.0617 330.162 0 330.162 243.1 
in-dis-uniform knn time: 0.283129 1 24.5569 0 24.5569 24.5569 0.872049 5.59139 35.9971 0 35.9971 31.4057 2.72045 22.0659 63.2317 0 63.2317 42.1657 
out-dis-uniform knn time: 0.723877 17.8386 171.215 0 171.215 154.376 1.257 33.7518 202.547 0 202.547 169.795 4.73102 98.1305 303.11 0 303.11 205.979 
range count time: 0.00046 2.27628 27.5665 0 0.00048 26.2897 0.006735 56.2509 144.357 0 2.91946 86.1863 0.399748 969.269 1963.63 0 288.606 706.754 
range query time: 0.000862667 2.27628 27.5665 0 0.00048 26.2897 0.010413 56.2509 144.357 0 2.91946 86.1863 1.57889 969.269 1963.63 0 288.606 706.754 

Tree: KdTree; AugType: HasBox; Split: MaxStretchDim-ObjectMedian; BDO: 6; Inba: 30; Coord: integer; 
2_sort_by_0.in 
# Insert
## 1
median: (1, 5.79455)-> min: (1, 5.79455)-> max: (1, 5.79455)-> tot: 5.79455-> avg: 5.79455
in-dis-skewed knn time: 0.153394 1 24.4578 0 24.4578 24.4578 0.609654 5.73775 36.5882 0 36.5882 31.8505 2.27438 23.9641 67.043 0 67.043 44.0789 
out-dis-skewed knn time: 0.308285 2.78337 42.8947 0 42.8947 41.1113 1.82687 20.6808 102.416 0 102.416 82.735 8.12629 100.675 274.558 0 274.558 174.883 
in-dis-uniform knn time: 0.262209 1 24.4846 0 24.4846 24.4846 0.906808 6.03522 38.7196 0 38.7196 33.6844 3.08096 25.5393 74.3324 0 74.3324 49.793 
out-dis-uniform knn time: 0.329997 2.90196 40.7478 0 40.7478 38.8458 1.58122 17.6664 86.2319 0 86.2319 69.5655 6.31272 77.3249 208.748 0 208.748 132.423 
range count time: 0.000667 3.43148 30.3798 0 0.0001 27.9483 0.0431893 262.829 569.399 0 0.82972 306.74 0.843917 2023.95 3508.95 0 332.696 1153.3 
range query time: 0.000734 3.43148 30.3798 0 0.0001 27.9483 0.0476313 262.829 569.399 0 0.82972 306.74 1.87482 2023.95 3508.95 0 332.696 1153.3 
# Insert
## 0.1
median: (4, 1.42078)-> min: (0, 0.416013)-> max: (7, 3.79223)-> tot: 15.9897-> avg: 1.59897
in-dis-skewed knn time: 0.166684 1 23.7226 0 23.7226 23.7226 0.645632 5.72809 35.9408 0 35.9408 31.2127 2.34755 23.5998 66.2033 0 66.2033 43.6034 
out-dis-skewed knn time: 0.351872 2.79832 44.693 0 44.693 42.8947 1.95774 20.4489 104.342 0 104.342 84.8929 8.42664 98.5146 275.42 0 275.42 177.905 
in-dis-uniform knn time: 0.278484 1 24.7412 0 24.7412 24.7412 0.943239 5.99683 38.9714 0 38.9714 33.9746 3.14964 25.2317 74.4795 0 74.4795 50.2478 
out-dis-uniform knn time: 0.373142 2.91558 42.3711 0 42.3711 40.4555 1.68614 17.4459 87.948 0 87.948 71.5021 6.50633 75.4782 209.774 0 209.774 135.296 
range count time: 0.000597667 3.4893 30.1566 0 0.0001 27.6672 0.047298 262.352 570.005 0 0.81766 307.836 0.867964 2008.38 3475.34 0 326.624 1141.34 
range query time: 0.000654667 3.4893 30.1566 0 0.0001 27.6672 0.0514603 262.352 570.005 0 0.81766 307.836 1.83372 2008.38 3475.34 0 326.624 1141.34 
# Insert
## 0.01
median: (68, 0.208374)-> min: (1, 0.0419273)-> max: (56, 0.382795)-> tot: 20.5417-> avg: 0.205417
in-dis-skewed knn time: 0.204304 1 23.2765 0 23.2765 23.2765 0.737039 5.65381 37.694 0 37.694 33.0402 2.53229 23.441 71.6965 0 71.6965 49.2555 
out-dis-skewed knn time: 0.735992 2.76713 62.598 0 62.598 60.8309 3.56675 21.086 184.167 0 184.167 164.081 13.8311 106.008 532.522 0 532.522 427.514 
in-dis-uniform knn time: 0.282792 1 24.8593 0 24.8593 24.8593 0.972528 5.97207 41.9074 0 41.9074 36.9353 3.2353 25.1058 81.9322 0 81.9322 57.8264 
out-dis-uniform knn time: 0.749846 2.88661 58.9843 0 58.9843 57.0977 2.99725 18.0757 151.386 0 151.386 134.31 10.583 81.8992 398.343 0 398.343 317.443 
range count time: 0.000598333 3.34428 30.7914 0 0.00024 28.4468 0.047525 259.692 604.558 0 0.85192 345.014 0.886117 2025.14 3713.09 0 323.607 1365.35 
range query time: 0.000664333 3.34428 30.7914 0 0.00024 28.4468 0.052092 259.692 604.558 0 0.85192 345.014 1.83424 2025.14 3713.09 0 323.607 1365.35 
# Insert
## 0.001
median: (533, 0.0315197)-> min: (1, 0.00436967)-> max: (948, 0.0403153)-> tot: 28.0486-> avg: 0.0280481
in-dis-skewed knn time: 0.246345 1 23.637 0 23.637 23.637 0.99429 5.72655 49.1554 0 49.1554 44.4289 3.46989 25.5152 109.2 0 109.2 84.6849 
out-dis-skewed knn time: 0.830372 2.7021 62.3576 0 62.3576 60.6555 6.50746 21.9431 318.632 0 318.632 297.689 31.8961 118.493 1397.02 0 1397.02 1279.52 
in-dis-uniform knn time: 0.27865 1 24.8736 0 24.8736 24.8736 1.18673 6.07985 54.7115 0 54.7115 49.6316 4.21547 28.4197 128.249 0 128.249 100.829 
out-dis-uniform knn time: 0.92402 2.83256 62.578 0 62.578 60.7455 5.65384 18.9373 273.545 0 273.545 255.607 24.7077 92.9795 1070.55 0 1070.55 978.57 
range count time: 0.000598333 3.50136 35.5007 0 6e-05 32.9993 0.0478583 252.228 739.409 0 0.87322 487.308 1.02961 2040.73 5672.09 0 415.107 3217.25 
range query time: 0.000740667 3.50136 35.5007 0 6e-05 32.9993 0.0535063 252.228 739.409 0 0.87322 487.308 1.97043 2040.73 5672.09 0 415.107 3217.25 
# Insert
## 0.0001
median: (3821, 0.00716667)-> min: (1, 0.000821)-> max: (8528, 0.0133973)-> tot: 68.9765-> avg: 0.00689716
in-dis-skewed knn time: 0.246203 1 23.7666 0 23.7666 23.7666 1.00759 5.80788 50.191 0 50.191 45.3831 3.52357 26.3104 112.974 0 112.974 87.664 
out-dis-skewed knn time: 0.834128 2.69508 62.5117 0 62.5117 60.8167 6.70267 22.3671 325.854 0 325.854 304.487 33.347 122.224 1453.51 0 1453.51 1332.29 
in-dis-uniform knn time: 0.280037 1 24.926 0 24.926 24.926 1.21125 6.10208 55.5876 0 55.5876 50.4856 4.31246 28.6494 131.134 0 131.134 103.485 
out-dis-uniform knn time: 0.931451 2.82828 62.7665 0 62.7665 60.9382 5.8429 19.3533 280.41 0 280.41 262.057 25.901 96.1404 1117.56 0 1117.56 1022.42 
range count time: 0.000637333 3.478 35.3969 0 8e-05 32.9188 0.0485447 249.132 758.04 0 0.87734 509.031 1.05716 2023.69 5823.4 0 421.91 3378.81 
range query time: 0.001008 3.478 35.3969 0 8e-05 32.9188 0.054039 249.132 758.04 0 0.87734 509.031 1.98705 2023.69 5823.4 0 421.91 3378.81 

Tree: KdTree; AugType: HasBox; Split: MaxStretchDim-ObjectMedian; BDO: 6; Inba: 30; Coord: integer; 
2.in 
# Insert
## 1
median: (1, 4.74741)-> min: (1, 4.74741)-> max: (1, 4.74741)-> tot: 4.74741-> avg: 4.74741
in-dis-skewed knn time: 0.266247 1 24.4969 0 24.4969 24.4969 0.916984 5.98718 38.7599 0 38.7599 33.7727 3.10662 25.3566 74.0915 0 74.0915 49.7349 
out-dis-skewed knn time: 0.433238 2.34451 29.5512 0 29.5512 28.2067 0.898729 6.24351 39.4168 0 39.4168 34.1733 3.0003 25.4751 74.3175 0 74.3175 49.8424 
in-dis-uniform knn time: 0.259435 1 24.4973 0 24.4973 24.4973 0.846287 5.98628 38.7538 0 38.7538 33.7675 2.92873 25.3541 74.088 0 74.088 49.7339 
out-dis-uniform knn time: 0.429497 2.34358 29.5461 0 29.5461 28.2025 0.865052 6.24297 39.4094 0 39.4094 34.1665 2.893 25.4735 74.3098 0 74.3098 49.8362 
range count time: 0.000667 4.03496 34.7738 0 6e-05 31.7387 0.0386623 241.948 528.355 0 0.60454 286.802 0.744636 1789.73 3172.54 0 327.167 1056.64 
range query time: 0.000852333 4.03496 34.7738 0 6e-05 31.7387 0.0441897 241.948 528.355 0 0.60454 286.802 1.79173 1789.73 3172.54 0 327.167 1056.64 
# Insert
## 0.1
median: (5, 0.595266)-> min: (0, 0.376949)-> max: (9, 0.747782)-> tot: 5.65726-> avg: 0.565725
in-dis-skewed knn time: 0.28126 1 24.4097 0 24.4097 24.4097 0.961932 5.99811 38.8041 0 38.8041 33.806 3.18015 25.2123 73.8917 0 73.8917 49.6794 
out-dis-skewed knn time: 0.454473 2.33921 29.5343 0 29.5343 28.1951 0.930992 6.21242 39.3846 0 39.3846 34.1721 3.06597 25.3063 74.064 0 74.064 49.7578 
in-dis-uniform knn time: 0.271614 1 24.4901 0 24.4901 24.4901 0.87578 5.95829 38.7281 0 38.7281 33.7698 2.98745 25.189 73.8375 0 73.8375 49.6485 
out-dis-uniform knn time: 0.449017 2.33984 29.5333 0 29.5333 28.1935 0.895557 6.21433 39.3802 0 39.3802 34.1659 2.95051 25.3059 74.0606 0 74.0606 49.7547 
range count time: 0.000705333 4.20836 34.8898 0 0 31.6815 0.0412447 238.011 524.445 0 0.54916 286.885 0.753425 1787.89 3147.27 0 319.216 1041.16 
range query time: 0.000878333 4.20836 34.8898 0 0 31.6815 0.0455543 238.011 524.445 0 0.54916 286.885 1.76713 1787.89 3147.27 0 319.216 1041.16 
# Insert
## 0.01
median: (50, 0.144768)-> min: (1, 0.043851)-> max: (99, 0.172674)-> tot: 13.4004-> avg: 0.134003
in-dis-skewed knn time: 0.280565 1 24.3405 0 24.3405 24.3405 0.982511 6.11068 39.2544 0 39.2544 34.1437 3.20602 25.3628 74.4837 0 74.4837 50.1209 
out-dis-skewed knn time: 0.456698 2.34092 29.6229 0 29.6229 28.282 0.934627 6.22377 39.5256 0 39.5256 34.3018 3.07108 25.2493 74.3299 0 74.3299 50.0806 
in-dis-uniform knn time: 0.273649 1 24.5584 0 24.5584 24.5584 0.88109 5.96664 38.8614 0 38.8614 33.8948 2.99172 25.1297 74.1008 0 74.1008 49.971 
out-dis-uniform knn time: 0.451638 2.34043 29.6234 0 29.6234 28.283 0.900797 6.22266 39.5224 0 39.5224 34.2997 2.95497 25.2492 74.3277 0 74.3277 50.0785 
range count time: 0.000718 4.18748 35.0632 0 6e-05 31.8757 0.04141 236.231 530.495 0 0.56558 294.698 0.76941 1793.96 3138.09 0 317.11 1028.03 
range query time: 0.000741333 4.18748 35.0632 0 6e-05 31.8757 0.0448163 236.231 530.495 0 0.56558 294.698 1.77918 1793.96 3138.09 0 317.11 1028.03 
# Insert
## 0.001
median: (482, 0.0258403)-> min: (1, 0.00442667)-> max: (909, 0.030277)-> tot: 24.431-> avg: 0.0244305
in-dis-skewed knn time: 0.280559 1 24.3705 0 24.3705 24.3705 0.984366 6.13166 39.3665 0 39.3665 34.2348 3.20996 25.3882 74.6992 0 74.6992 50.311 
out-dis-skewed knn time: 0.458336 2.34193 29.6919 0 29.6919 28.35 0.935568 6.22898 39.6115 0 39.6115 34.3825 3.07315 25.2422 74.5016 0 74.5016 50.2593 
in-dis-uniform knn time: 0.274492 1 24.6114 0 24.6114 24.6114 0.883505 5.97193 38.954 0 38.954 33.9821 2.99319 25.1222 74.2683 0 74.2683 50.1461 
out-dis-uniform knn time: 0.453126 2.34183 29.6876 0 29.6876 28.3458 0.903199 6.22893 39.6076 0 39.6076 34.3786 2.95634 25.241 74.4991 0 74.4991 50.2581 
range count time: 0.000689 4.10672 34.5366 0 2e-05 31.4299 0.0409517 236.79 528.655 0 0.57426 292.291 0.753874 1793.65 3144.52 0 317.453 1034.42 
range query time: 0.000777333 4.10672 34.5366 0 2e-05 31.4299 0.0450483 236.79 528.655 0 0.57426 292.291 1.76593 1793.65 3144.52 0 317.453 1034.42 
# Insert
## 0.0001
median: (6226, 0.00372167)-> min: (1, 0.000820667)-> max: (6927, 0.00733567)-> tot: 36.7654-> avg: 0.00367604
in-dis-skewed knn time: 0.280353 1 24.4429 0 24.4429 24.4429 0.983601 6.13547 39.4602 0 39.4602 34.3247 3.2093 25.3964 74.8481 0 74.8481 50.4517 
out-dis-skewed knn time: 0.458943 2.34221 29.7706 0 29.7706 28.4284 0.935487 6.23094 39.7041 0 39.7041 34.4731 3.07263 25.2409 74.6387 0 74.6387 50.3978 
in-dis-uniform knn time: 0.275213 1 24.6856 0 24.6856 24.6856 0.883587 5.97228 39.0322 0 39.0322 34.06 2.99352 25.1204 74.3979 0 74.3979 50.2775 
out-dis-uniform knn time: 0.453941 2.34216 29.7707 0 29.7707 28.4285 0.903922 6.23045 39.7025 0 39.7025 34.472 2.957 25.2452 74.6357 0 74.6357 50.3905 
range count time: 0.000695 4.2351 34.2866 0 0.00016 31.0514 0.0410157 236.098 528.606 0 0.56884 292.939 0.756471 1791.77 3144.54 0 318.335 1035.43 
range query time: 0.000777667 4.2351 34.2866 0 0.00016 31.0514 0.0453437 236.098 528.606 0 0.56884 292.939 1.76939 1791.77 3144.54 0 318.335 1035.43 

Tree: OrthTree; AugType: HasBox; Split: RotateDim-SpatialMedian; BDO: 6; Inba: 30; Coord: integer; 
1.in 
# Insert
## 1
median: (1, 11.1972)-> min: (1, 11.1972)-> max: (1, 11.1972)-> tot: 11.1972-> avg: 11.1972
in-dis-skewed knn time: 0.12164 1 13.2158 0 92.5108 92.5108 0.269806 5.97785 16.9463 0 118.624 113.643 0.928664 31.3144 25.7002 0 179.901 148.5 
out-dis-skewed knn time: 0.376984 7.1037 43.4222 0 303.955 297.302 0.553125 16.285 53.5432 0 374.802 358.886 2.44444 93.934 93.9937 0 657.956 563.408 
in-dis-uniform knn time: 0.441621 1 12.749 0 89.2432 89.2432 0.931701 6.06081 16.5311 0 115.717 110.654 2.63748 31.8738 25.4592 0 178.215 146.346 
out-dis-uniform knn time: 0.598323 7.3061 36.5179 0 255.625 249.309 0.912899 16.5528 42.9039 0 300.327 284.761 2.79856 75.8108 66.8409 0 467.887 388.275 
range count time: 0.004738 3.61018 42.1385 42.1385 0.00306 39.5253 0.00934333 139.939 314.533 314.533 8.63176 166.961 0.381366 2372.53 4170.1 4170.1 595.436 1203.14 
range query time: 0.000813333 3.61018 42.1385 42.1385 0.00306 39.5253 0.0121093 139.939 314.533 314.533 8.63176 166.961 1.71688 2372.53 4170.1 4170.1 595.436 1203.14 
# Insert
## 0.1
median: (5, 1.15465)-> min: (9, 1.02441)-> max: (0, 3.36329)-> tot: 13.9472-> avg: 1.39472
in-dis-skewed knn time: 0.149002 1 14.8317 0 103.822 103.822 0.284937 6.2551 18.6796 0 130.757 125.499 0.961713 31.2931 27.5026 0 192.518 161.128 
out-dis-skewed knn time: 0.95819 13.7681 102.843 0 719.901 706.502 1.30769 41.9771 113.081 0 791.57 749.871 5.25547 155.606 166.078 0 1162.54 1006.93 
in-dis-uniform knn time: 0.459898 1 14.3543 0 100.48 100.48 0.978434 6.28589 18.2538 0 127.777 122.488 2.74554 31.9296 27.3125 0 191.188 159.207 
out-dis-uniform knn time: 1.30502 14.2652 75.6006 0 529.205 515.927 2.03555 40.2801 89.8301 0 628.811 589.515 6.38527 170.547 134.419 0 940.933 769.855 
range count time: 0.00253867 3.68062 47.1559 47.1559 0.00322 44.472 0.00850933 123.398 262.054 262.054 7.82366 131.832 0.506298 3024.66 4602.53 4602.53 480.189 1098.68 
range query time: 0.000938 3.68062 47.1559 47.1559 0.00322 44.472 0.0118237 123.398 262.054 262.054 7.82366 131.832 1.75442 3024.66 4602.53 4602.53 480.189 1098.68 
# Insert
## 0.01
median: (96, 0.112505)-> min: (73, 0.0912103)-> max: (0, 0.304927)-> tot: 11.7057-> avg: 0.117057
in-dis-skewed knn time: 0.145634 1 14.8316 0 103.821 103.821 0.287323 6.25506 18.6794 0 130.756 125.497 0.946059 31.2927 27.5016 0 192.511 161.121 
out-dis-skewed knn time: 0.988347 13.7681 102.843 0 719.9 706.501 1.33522 41.9771 113.081 0 791.569 749.87 5.35438 155.605 166.077 0 1162.54 1006.92 
in-dis-uniform knn time: 0.467159 1 14.3541 0 100.479 100.479 0.993156 6.2857 18.2527 0 127.769 122.481 2.77057 31.9278 27.3082 0 191.157 159.179 
out-dis-uniform knn time: 1.33263 14.241 75.618 0 529.326 516.073 2.07151 40.2107 89.8357 0 628.85 589.624 6.48027 170.703 134.296 0 940.072 768.838 
range count time: 0.00250733 3.68062 47.1559 47.1559 0.00322 44.472 0.00871767 123.398 262.053 262.053 7.82366 131.831 0.494616 3015.93 4588.86 4588.86 478.496 1095.43 
range query time: 0.000849333 3.68062 47.1559 47.1559 0.00322 44.472 0.0116447 123.398 262.053 262.053 7.82366 131.831 1.72021 3015.93 4588.86 4588.86 478.496 1095.43 
# Insert
## 0.001
median: (423, 0.012372)-> min: (865, 0.00968867)-> max: (0, 0.027091)-> tot: 12.5677-> avg: 0.0125672
in-dis-skewed knn time: 0.154693 1 14.8307 0 103.815 103.815 0.287297 6.25429 18.6751 0 130.726 125.469 0.948275 31.2861 27.4859 0 192.401 161.024 
out-dis-skewed knn time: 1.01899 13.768 102.811 0 719.675 706.276 1.39204 41.9468 113.076 0 791.532 749.866 5.38239 155.529 166.069 0 1162.48 1006.96 
in-dis-uniform knn time: 0.472052 1 14.3533 0 100.473 100.473 1.00448 6.28515 18.2492 0 127.744 122.457 2.79074 31.9233 27.295 0 191.065 159.098 
out-dis-uniform knn time: 1.34263 14.232 75.5298 0 528.709 515.465 2.09462 40.1555 89.7794 0 628.456 589.285 6.53775 170.576 134.295 0 940.067 768.96 
range count time: 0.002594 3.68108 47.1563 47.1563 0.00322 44.472 0.008609 122.517 260.431 260.431 7.78656 131.127 0.500564 2999.5 4564.39 4564.39 475.944 1089.95 
range query time: 0.000926 3.68108 47.1563 47.1563 0.00322 44.472 0.011286 122.517 260.431 260.431 7.78656 131.127 1.70507 2999.5 4564.39 4564.39 475.944 1089.95 
# Insert
## 0.0001
median: (9464, 0.002178)-> min: (9999, 0.001193)-> max: (397, 0.00553933)-> tot: 22.3822-> avg: 0.00223772
in-dis-skewed knn time: 0.149059 1 14.8296 0 103.807 103.807 0.281923 6.25346 18.6698 0 130.689 125.433 0.948795 31.2789 27.4662 0 192.263 160.902 
out-dis-skewed knn time: 1.01937 13.7679 102.811 0 719.675 706.277 1.37545 41.9468 113.076 0 791.534 749.867 5.43456 155.53 166.069 0 1162.49 1006.96 
in-dis-uniform knn time: 0.474717 1 14.353 0 100.471 100.471 1.00701 6.28495 18.2476 0 127.733 122.446 2.79037 31.9211 27.2887 0 191.021 159.058 
out-dis-uniform knn time: 1.36235 14.216 75.568 0 528.976 515.748 2.12012 40.1711 89.9695 0 629.786 590.6 6.57505 170.698 134.402 0 940.813 769.585 
range count time: 0.00257067 3.6711 47.1197 47.1197 0.00322 44.4454 0.008635 122.002 259.442 259.442 7.76516 130.674 0.505036 2982.21 4538.31 4538.31 474.151 1082.95 
range query time: 0.000852 3.6711 47.1197 47.1197 0.00322 44.4454 0.011474 122.002 259.442 259.442 7.76516 130.674 1.69134 2982.21 4538.31 4538.31 474.151 1082.95 

Tree: OrthTree; AugType: HasBox; Split: RotateDim-SpatialMedian; BDO: 6; Inba: 30; Coord: integer; 
2_sort_by_0.in 
# Insert
## 1
median: (1, 6.57934)-> min: (1, 6.57934)-> max: (1, 6.57934)-> tot: 6.57934-> avg: 6.57934
in-dis-skewed knn time: 0.183929 1 8.36749 0 58.5724 58.5724 0.633669 6.7065 12.1256 0 84.8792 79.1727 2.3968 36.5537 21.9381 0 153.567 117.953 
out-dis-skewed knn time: 0.344616 2.60995 13.3357 0 93.3499 91.74 1.37085 18.5075 26.5882 0 186.118 168.61 5.23392 92.7265 60.9396 0 426.577 334.794 
in-dis-uniform knn time: 0.310217 1 8.36746 0 58.5722 58.5722 0.951931 6.95164 12.8073 0 89.6513 83.6997 3.21293 38.3293 24.0114 0 168.08 130.691 
out-dis-uniform knn time: 0.343111 2.66426 12.62 0 88.3398 86.6756 1.16539 15.5986 22.6174 0 158.322 143.723 4.02821 71.9742 47.0876 0 329.613 258.583 
range count time: 0.001184 4.99628 36.4787 36.4787 0.00254 32.4798 0.053479 487.587 1179.19 1179.19 3.2606 689.343 0.882903 3738.61 6210.77 6210.77 629.954 1843.21 
range query time: 0.000842 4.99628 36.4787 36.4787 0.00254 32.4798 0.0580023 487.587 1179.19 1179.19 3.2606 689.343 2.01002 3738.61 6210.77 6210.77 629.954 1843.21 
# Insert
## 0.1
median: (7, 0.638063)-> min: (1, 0.561414)-> max: (4, 0.700811)-> tot: 6.17789-> avg: 0.617788
in-dis-skewed knn time: 0.187342 1 8.99996 0 62.9997 62.9997 0.602478 7.63265 13.4662 0 94.2633 87.6306 2.32743 43.2176 25.6687 0 179.681 137.459 
out-dis-skewed knn time: 0.378418 2.27974 15.2267 0 106.587 105.307 1.78399 23.1219 37.3985 0 261.79 239.668 7.7834 146.053 103.303 0 723.124 578.066 
in-dis-uniform knn time: 0.298817 1 8.99996 0 62.9997 62.9997 0.863887 7.91628 14.184 0 99.2883 92.372 2.99535 45.1611 28.0642 0 196.45 152.284 
out-dis-uniform knn time: 0.380616 2.37209 14.5705 0 101.994 100.622 1.53461 20.1352 31.7007 0 221.905 202.769 6.10778 117.206 78.4331 0 549.032 432.821 
range count time: 0.000991667 5.62248 39.8567 39.8567 0.00196 35.2323 0.0481703 550.017 1314.61 1314.61 3.80202 761.789 0.812116 4609.29 7453.95 7453.95 793.144 2052.52 
range query time: 0.000751 5.62248 39.8567 39.8567 0.00196 35.2323 0.0534487 550.017 1314.61 1314.61 3.80202 761.789 1.9105 4609.29 7453.95 7453.95 793.144 2052.52 
# Insert
## 0.01
median: (30, 0.060926)-> min: (46, 0.0494633)-> max: (99, 0.0899853)-> tot: 6.13728-> avg: 0.0613723
in-dis-skewed knn time: 0.192515 1 8.99996 0 62.9997 62.9997 0.623679 7.63265 13.4662 0 94.2633 87.6306 2.38922 43.2176 25.6687 0 179.681 137.459 
out-dis-skewed knn time: 0.393159 2.27974 15.2267 0 106.587 105.307 1.83874 23.1219 37.3985 0 261.79 239.668 7.91674 146.053 103.303 0 723.124 578.066 
in-dis-uniform knn time: 0.307954 1 8.99996 0 62.9997 62.9997 0.881515 7.91628 14.184 0 99.2883 92.372 3.01953 45.1611 28.0642 0 196.45 152.284 
out-dis-uniform knn time: 0.396908 2.37209 14.5705 0 101.994 100.622 1.57975 20.1352 31.7007 0 221.905 202.769 6.20957 117.206 78.4331 0 549.032 432.821 
range count time: 0.001233 5.62248 39.8567 39.8567 0.00196 35.2323 0.0496173 550.017 1314.61 1314.61 3.80202 761.789 0.829171 4609.29 7453.95 7453.95 793.144 2052.52 
range query time: 0.000787667 5.62248 39.8567 39.8567 0.00196 35.2323 0.055661 550.017 1314.61 1314.61 3.80202 761.789 1.85588 4609.29 7453.95 7453.95 793.144 2052.52 
# Insert
## 0.001
median: (410, 0.00659667)-> min: (879, 0.00445533)-> max: (431, 0.00964533)-> tot: 6.63162-> avg: 0.00663111
in-dis-skewed knn time: 0.200679 1 8.99996 0 62.9997 62.9997 0.647791 7.63265 13.4662 0 94.2633 87.6306 2.45502 43.2176 25.6687 0 179.681 137.459 
out-dis-skewed knn time: 0.404565 2.27974 15.2267 0 106.587 105.307 1.90337 23.1219 37.3985 0 261.79 239.668 8.089 146.053 103.303 0 723.124 578.066 
in-dis-uniform knn time: 0.312842 1 8.99996 0 62.9997 62.9997 0.89132 7.91628 14.184 0 99.2883 92.372 3.03548 45.1611 28.0642 0 196.45 152.284 
out-dis-uniform knn time: 0.409525 2.37209 14.5705 0 101.994 100.622 1.6345 20.1352 31.7007 0 221.905 202.769 6.33604 117.206 78.4331 0 549.032 432.821 
range count time: 0.000941667 5.62248 39.8567 39.8567 0.00196 35.2323 0.0509837 550.017 1314.61 1314.61 3.80202 761.789 0.819395 4609.29 7453.95 7453.95 793.144 2052.52 
range query time: 0.000784667 5.62248 39.8567 39.8567 0.00196 35.2323 0.0556407 550.017 1314.61 1314.61 3.80202 761.789 1.80145 4609.29 7453.95 7453.95 793.144 2052.52 
# Insert
## 0.0001
median: (5113, 0.00207467)-> min: (0, 0.000820333)-> max: (5585, 0.003524)-> tot: 19.6776-> avg: 0.00196726
in-dis-skewed knn time: 0.20327 1 8.99996 0 62.9997 62.9997 0.659935 7.63265 13.4662 0 94.2633 87.6306 2.49692 43.2176 25.6687 0 179.681 137.459 
out-dis-skewed knn time: 0.411584 2.27974 15.2267 0 106.587 105.307 1.96256 23.1219 37.3985 0 261.79 239.668 8.34206 146.053 103.303 0 723.124 578.066 
in-dis-uniform knn time: 0.322245 1 8.99996 0 62.9997 62.9997 0.890847 7.91628 14.184 0 99.2883 92.372 2.98188 45.1611 28.0642 0 196.45 152.284 
out-dis-uniform knn time: 0.419287 2.37209 14.5705 0 101.994 100.622 1.68762 20.1352 31.7007 0 221.905 202.769 6.5166 117.206 78.4331 0 549.032 432.821 
range count time: 0.000960667 5.62248 39.8567 39.8567 0.00196 35.2323 0.0515403 550.017 1314.61 1314.61 3.80202 761.789 0.822793 4609.29 7453.95 7453.95 793.144 2052.52 
range query time: 0.00111167 5.62248 39.8567 39.8567 0.00196 35.2323 0.0557937 550.017 1314.61 1314.61 3.80202 761.789 1.78754 4609.29 7453.95 7453.95 793.144 2052.52 

Tree: OrthTree; AugType: HasBox; Split: RotateDim-SpatialMedian; BDO: 6; Inba: 30; Coord: integer; 
2.in 
# Insert
## 1
median: (1, 5.17934)-> min: (1, 5.17934)-> max: (1, 5.17934)-> tot: 5.17934-> avg: 5.17934
in-dis-skewed knn time: 0.313092 1 8.36749 0 58.5725 58.5725 0.927036 6.68798 12.5409 0 87.7866 82.0986 3.08371 36.6139 22.8973 0 160.281 124.607 
out-dis-skewed knn time: 0.4732 2.18849 9.78528 0 68.497 67.3085 0.902374 6.86693 12.6823 0 88.7763 82.9093 2.9739 36.4192 22.9026 0 160.318 124.842 
in-dis-uniform knn time: 0.309602 1 8.36735 0 58.5715 58.5715 0.864653 6.68847 12.541 0 87.7873 82.0989 2.89838 36.614 22.894 0 160.258 124.584 
out-dis-uniform knn time: 0.475481 2.18864 9.78709 0 68.5096 67.321 0.887839 6.86778 12.686 0 88.8023 82.9346 2.85576 36.4241 22.9054 0 160.338 124.857 
range count time: 0.00134733 5.76692 40.9767 40.9767 0.00048 36.2093 0.042053 396.952 1002.18 1002.18 2.61016 603.618 0.700806 3077.43 5141.36 5141.36 575.596 1489.33 
range query time: 0.000904 5.76692 40.9767 40.9767 0.00048 36.2093 0.0473763 396.952 1002.18 1002.18 2.61016 603.618 1.94259 3077.43 5141.36 5141.36 575.596 1489.33 
# Insert
## 0.1
median: (8, 0.642432)-> min: (1, 0.380915)-> max: (5, 0.700824)-> tot: 5.68637-> avg: 0.568636
in-dis-skewed knn time: 0.327653 1 8.36749 0 58.5725 58.5725 0.952298 6.68798 12.5409 0 87.7866 82.0986 3.12173 36.6139 22.8973 0 160.281 124.607 
out-dis-skewed knn time: 0.490743 2.18849 9.78528 0 68.497 67.3085 0.927767 6.86693 12.6823 0 88.7763 82.9093 3.00936 36.4192 22.9026 0 160.318 124.842 
in-dis-uniform knn time: 0.322781 1 8.36735 0 58.5715 58.5715 0.892399 6.68847 12.541 0 87.7873 82.0989 2.94091 36.614 22.894 0 160.258 124.584 
out-dis-uniform knn time: 0.495872 2.18864 9.78709 0 68.5096 67.321 0.918296 6.86778 12.686 0 88.8023 82.9346 2.90939 36.4241 22.9054 0 160.338 124.857 
range count time: 0.00121167 5.76692 40.9767 40.9767 0.00048 36.2093 0.0477273 396.952 1002.18 1002.18 2.61016 603.618 0.703977 3077.43 5141.36 5141.36 575.596 1489.33 
range query time: 0.00083 5.76692 40.9767 40.9767 0.00048 36.2093 0.052301 396.952 1002.18 1002.18 2.61016 603.618 1.80262 3077.43 5141.36 5141.36 575.596 1489.33 
# Insert
## 0.01
median: (86, 0.149073)-> min: (2, 0.04303)-> max: (59, 0.162611)-> tot: 12.5173-> avg: 0.125172
in-dis-skewed knn time: 0.338392 1 8.36749 0 58.5725 58.5725 0.985451 6.68798 12.5409 0 87.7866 82.0986 3.22173 36.6139 22.8973 0 160.281 124.607 
out-dis-skewed knn time: 0.50364 2.18849 9.78528 0 68.497 67.3085 0.957387 6.86693 12.6823 0 88.7763 82.9093 3.10363 36.4192 22.9026 0 160.318 124.842 
in-dis-uniform knn time: 0.329451 1 8.36735 0 58.5715 58.5715 0.91789 6.68847 12.541 0 87.7873 82.0989 3.02949 36.614 22.894 0 160.258 124.584 
out-dis-uniform knn time: 0.506386 2.18864 9.78709 0 68.5096 67.321 0.943176 6.86778 12.686 0 88.8023 82.9346 2.99133 36.4241 22.9054 0 160.338 124.857 
range count time: 0.00117433 5.76692 40.9767 40.9767 0.00048 36.2093 0.0466827 396.952 1002.18 1002.18 2.61016 603.618 0.734385 3077.43 5141.36 5141.36 575.596 1489.33 
range query time: 0.000855 5.76692 40.9767 40.9767 0.00048 36.2093 0.050035 396.952 1002.18 1002.18 2.61016 603.618 1.80835 3077.43 5141.36 5141.36 575.596 1489.33 
# Insert
## 0.001
median: (845, 0.027356)-> min: (0, 0.00427167)-> max: (586, 0.0319567)-> tot: 24.185-> avg: 0.0241845
in-dis-skewed knn time: 0.337593 1 8.36749 0 58.5725 58.5725 0.990454 6.68798 12.5409 0 87.7866 82.0986 3.23867 36.6139 22.8973 0 160.281 124.607 
out-dis-skewed knn time: 0.506931 2.18849 9.78528 0 68.497 67.3085 0.962769 6.86693 12.6823 0 88.7763 82.9093 3.1196 36.4192 22.9026 0 160.318 124.842 
in-dis-uniform knn time: 0.331854 1 8.36735 0 58.5715 58.5715 0.923048 6.68847 12.541 0 87.7873 82.0989 3.04523 36.614 22.894 0 160.258 124.584 
out-dis-uniform knn time: 0.512364 2.18864 9.78709 0 68.5096 67.321 0.948789 6.86778 12.686 0 88.8023 82.9346 3.00751 36.4241 22.9054 0 160.338 124.857 
range count time: 0.00118467 5.76692 40.9767 40.9767 0.00048 36.2093 0.047327 396.952 1002.18 1002.18 2.61016 603.618 0.711848 3077.43 5141.36 5141.36 575.596 1489.33 
range query time: 0.000891 5.76692 40.9767 40.9767 0.00048 36.2093 0.050784 396.952 1002.18 1002.18 2.61016 603.618 1.80161 3077.43 5141.36 5141.36 575.596 1489.33 
# Insert
## 0.0001
median: (9226, 0.00384467)-> min: (0, 0.000661333)-> max: (7324, 0.007842)-> tot: 35.3684-> avg: 0.00353634
in-dis-skewed knn time: 0.337581 1 8.36749 0 58.5725 58.5725 0.990287 6.68798 12.5409 0 87.7866 82.0986 3.2414 36.6139 22.8973 0 160.281 124.607 
out-dis-skewed knn time: 0.50752 2.18849 9.78528 0 68.497 67.3085 0.9647 6.86693 12.6823 0 88.7763 82.9093 3.12323 36.4192 22.9026 0 160.318 124.842 
in-dis-uniform knn time: 0.331552 1 8.36735 0 58.5715 58.5715 0.924784 6.68847 12.541 0 87.7873 82.0989 3.04937 36.614 22.894 0 160.258 124.584 
out-dis-uniform knn time: 0.510229 2.18864 9.78709 0 68.5096 67.321 0.949894 6.86778 12.686 0 88.8023 82.9346 3.01213 36.4241 22.9054 0 160.338 124.857 
range count time: 0.00117567 5.76692 40.9767 40.9767 0.00048 36.2093 0.047063 396.952 1002.18 1002.18 2.61016 603.618 0.709436 3077.43 5141.36 5141.36 575.596 1489.33 
range query time: 0.000907333 5.76692 40.9767 40.9767 0.00048 36.2093 0.0506777 396.952 1002.18 1002.18 2.61016 603.618 1.81129 3077.43 5141.36 5141.36 575.596 1489.33 

Tree: PTree; AugType: HasBox; Split: HilbertCurve; BDO: 6; Inba: 30; Coord: integer; 
1.in 
# Insert
## 1
median: (1, 3.38107)-> min: (1, 3.38107)-> max: (1, 3.38107)-> tot: 3.38107-> avg: 3.38107
in-dis-skewed knn time: 1.38362 45.8471 356.36 0 356.36 311.513 7.23241 163.828 797.12 0 797.12 634.292 31.0689 382.826 1132.06 0 1132.06 750.236 
out-dis-skewed knn time: 0.804073 22.1673 237.846 0 237.846 216.678 1.35938 40.333 271.674 0 271.674 232.341 6.14879 82.5275 327.869 0 327.869 246.341 
in-dis-uniform knn time: 6.47298 40.9758 323.67 0 323.67 283.694 14.0534 103.287 506.974 0 506.974 404.687 32.5767 234.471 701.685 0 701.685 468.214 
out-dis-uniform knn time: 1.14551 26.3597 238.315 0 238.315 212.955 2.60183 55.2346 313.971 0 313.971 259.737 9.3372 114.887 397.107 0 397.107 283.221 
range count time: 0.00105333 5.44332 67.3607 0 0 62.9174 0.00658367 39.2626 158.12 0 0.62798 119.23 0.535174 601.397 1275.57 0 129.811 545.366 
range query time: 0.00139 5.44332 67.3607 0 0 62.9174 0.01286 39.2626 158.12 0 0.62798 119.23 1.66936 601.397 1275.57 0 129.811 545.366 
# Insert
## 0.1
median: (6, 0.311629)-> min: (2, 0.29988)-> max: (9, 0.319105)-> tot: 3.10116-> avg: 0.310115
in-dis-skewed knn time: 1.58589 54.064 439.923 0 439.923 386.859 12.8315 295.03 1496.81 0 1496.81 1202.78 55.3915 728.053 2175.96 0 2175.96 1448.91 
out-dis-skewed knn time: 0.651274 11.1149 218.457 0 218.457 208.343 1.42539 38.1391 316.648 0 316.648 279.509 6.57504 81.3228 371.121 0 371.121 290.798 
in-dis-uniform knn time: 6.18005 37.385 302.429 0 302.429 266.044 14.3613 113.495 560.92 0 560.92 448.426 34.8484 271.651 793.772 0 793.772 523.121 
out-dis-uniform knn time: 1.06498 21.3037 218.095 0 218.095 197.791 2.66239 51.9984 328.134 0 328.134 277.135 9.85665 114.146 419.036 0 419.036 305.89 
range count time: 0.001104 5.42268 72.8177 0 0 68.395 0.006771 37.9646 162.68 0 0.55744 125.158 0.548059 628.969 1336.63 0 138.966 569.694 
range query time: 0.001404 5.42268 72.8177 0 0 68.395 0.0128967 37.9646 162.68 0 0.55744 125.158 1.6981 628.969 1336.63 0 138.966 569.694 
# Insert
## 0.01
median: (70, 0.0330707)-> min: (25, 0.031624)-> max: (48, 0.036207)-> tot: 3.31826-> avg: 0.0331821
in-dis-skewed knn time: 1.63919 47.3945 408.44 0 408.44 362.046 9.20357 183.369 1044.34 0 1044.34 861.967 37.3031 450.866 1463.19 0 1463.19 1013.33 
out-dis-skewed knn time: 0.83846 23.6703 257.605 0 257.605 234.934 1.67519 52.8994 323.82 0 323.82 271.92 7.71149 112.251 408.895 0 408.895 297.644 
in-dis-uniform knn time: 6.18285 38.6029 327.786 0 327.786 290.183 13.9209 108.175 559.771 0 559.771 452.596 34.5669 261.708 791.845 0 791.845 531.137 
out-dis-uniform knn time: 1.2526 25.4517 244.944 0 244.944 220.492 3.0462 62.7879 355.158 0 355.158 293.37 11.5039 147.429 479.416 0 479.416 332.987 
range count time: 0.001012 5.47754 69.3573 0 0 64.8798 0.007209 43.7302 171.587 0 0.88756 127.969 0.567714 614.736 1320.12 0 136.373 570.014 
range query time: 0.00103067 5.47754 69.3573 0 0 64.8798 0.0130423 43.7302 171.587 0 0.88756 127.969 1.73946 614.736 1320.12 0 136.373 570.014 
# Insert
## 0.001
median: (451, 0.00449733)-> min: (42, 0.00414133)-> max: (343, 0.00801667)-> tot: 4.57103-> avg: 0.00457053
in-dis-skewed knn time: 1.65193 50.6487 399.059 0 399.059 349.41 9.15773 181.486 956.191 0 956.191 775.705 36.8408 467.22 1464.43 0 1464.43 998.209 
out-dis-skewed knn time: 0.930466 22.8395 284.611 0 284.611 262.771 1.35385 36.6964 313.238 0 313.238 277.542 5.03624 74.6414 378.046 0 378.046 304.405 
in-dis-uniform knn time: 6.27683 37.3039 319.482 0 319.482 283.178 13.6312 101.837 529.754 0 529.754 428.917 33.497 250.543 765.182 0 765.182 515.639 
out-dis-uniform knn time: 1.52725 28.5714 268.691 0 268.691 241.119 3.25603 59.9649 360.498 0 360.498 301.533 11.4553 145.048 484.466 0 484.466 340.418 
range count time: 0.00113633 5.44456 67.3734 0 0 62.9288 0.00774967 39.3392 163.1 0 0.64376 124.117 0.552608 617.869 1342.35 0 139.473 586.008 
range query time: 0.00151033 5.44456 67.3734 0 0 62.9288 0.0128197 39.3392 163.1 0 0.64376 124.117 1.79099 617.869 1342.35 0 139.473 586.008 
# Insert
## 0.0001
median: (4091, 0.000933)-> min: (319, 0.000793333)-> max: (8317, 0.00510833)-> tot: 9.52654-> avg: 0.000952155
in-dis-skewed knn time: 1.46216 40.7842 359.557 0 359.557 319.773 9.79535 182.152 986.995 0 986.995 805.843 42.118 498.15 1469.27 0 1469.27 972.124 
out-dis-skewed knn time: 0.844526 22.1927 254.901 0 254.901 233.708 1.51283 40.3847 318.33 0 318.33 278.946 6.26044 90.2688 393.656 0 393.656 304.388 
in-dis-uniform knn time: 6.50715 39.4697 340.473 0 340.473 302.003 14.449 113.043 580.285 0 580.285 468.242 36.202 278.1 825.944 0 825.944 548.844 
out-dis-uniform knn time: 1.48695 26.9993 252.889 0 252.889 226.89 3.2834 59.0591 360.646 0 360.646 302.587 12.0219 145.025 484.941 0 484.941 340.916 
range count time: 0.00110167 5.18594 68.0283 0 0 63.8424 0.007764 40.4815 169.094 0 0.73322 128.88 0.559002 621.149 1363.83 0 142.715 600.971 
range query time: 0.00113967 5.18594 68.0283 0 0 63.8424 0.012787 40.4815 169.094 0 0.73322 128.88 1.80662 621.149 1363.83 0 142.715 600.971 

Tree: PTree; AugType: HasBox; Split: HilbertCurve; BDO: 6; Inba: 30; Coord: integer; 
2_sort_by_0.in 
# Insert
## 1
median: (1, 3.922)-> min: (1, 3.922)-> max: (1, 3.922)-> tot: 3.922-> avg: 3.922
in-dis-skewed knn time: 1.76696 11.7752 91.167 0 91.167 80.3919 3.81486 25.4654 119.738 0 119.738 95.2727 9.8083 61.9117 180.035 0 180.035 119.123 
out-dis-skewed knn time: 0.459905 6.78633 71.7014 0 71.7014 65.915 1.03339 14.1504 100.593 0 100.593 87.4431 7.68201 61.3841 206.36 0 206.36 145.976 
in-dis-uniform knn time: 3.52581 13.7114 106.333 0 106.333 93.6214 6.85604 29.7248 143.841 0 143.841 115.116 15.7964 73.6867 223.118 0 223.118 150.432 
out-dis-uniform knn time: 0.503335 6.84379 70.4062 0 70.4062 64.5625 1.30745 14.8983 97.6544 0 97.6544 83.7561 8.52586 61.7751 193.847 0 193.847 133.072 
range count time: 0.000729 3.43098 34.3885 0 0 31.9575 0.0585553 167.032 406.663 0 0.08862 240.542 1.13578 1210.24 2135.26 0 116.74 809.28 
range query time: 0.000752667 3.43098 34.3885 0 0 31.9575 0.0654477 167.032 406.663 0 0.08862 240.542 2.02312 1210.24 2135.26 0 116.74 809.28 
# Insert
## 0.1
median: (6, 0.375149)-> min: (1, 0.368808)-> max: (9, 0.377907)-> tot: 3.74544-> avg: 0.374543
in-dis-skewed knn time: 1.55898 10.9736 84.6847 0 84.6847 74.7112 3.52106 25.3533 115.157 0 115.157 90.8035 9.4881 64.2115 177.831 0 177.831 114.619 
out-dis-skewed knn time: 0.457816 6.45404 68.838 0 68.838 63.3839 0.998001 13.3484 96.5408 0 96.5408 84.1924 7.35576 58.1098 199.37 0 199.37 142.26 
in-dis-uniform knn time: 3.18803 12.8751 101.906 0 101.906 90.0309 6.3731 29.1627 140.892 0 140.892 112.729 15.1018 74.179 221.404 0 221.404 148.225 
out-dis-uniform knn time: 0.487656 6.42506 67.3015 0 67.3015 61.8765 1.21135 13.9058 93.4052 0 93.4052 80.4994 8.18204 58.7674 187.592 0 187.592 129.825 
range count time: 0.000737 3.65818 36.219 0 0 33.5609 0.062494 181.104 434.738 0 0.13166 254.502 1.17353 1285.2 2266.99 0 131.858 850.932 
range query time: 0.000749 3.65818 36.219 0 0 33.5609 0.0716537 181.104 434.738 0 0.13166 254.502 2.07765 1285.2 2266.99 0 131.858 850.932 
# Insert
## 0.01
median: (88, 0.0397183)-> min: (18, 0.0383637)-> max: (79, 0.045086)-> tot: 4.00352-> avg: 0.0400347
in-dis-skewed knn time: 1.83353 11.1231 89.5599 0 89.5599 79.4368 4.04681 26.3955 130.311 0 130.311 104.916 10.5191 65.3493 196.88 0 196.88 132.53 
out-dis-skewed knn time: 0.510656 6.36723 70.0505 0 70.0505 64.6833 1.08384 13.2627 98.0123 0 98.0123 85.7496 7.31031 58.3766 201.408 0 201.408 144.031 
in-dis-uniform knn time: 3.29822 13.3671 108.453 0 108.453 96.0864 6.56734 30.5921 151.357 0 151.357 121.765 15.512 77.8496 237.292 0 237.292 160.442 
out-dis-uniform knn time: 0.53378 6.31793 68.162 0 68.162 62.8441 1.2424 13.6506 93.9345 0 93.9345 81.2839 8.04737 58.4668 187.3 0 187.3 129.834 
range count time: 0.000797667 3.5068 38.3916 0 0 35.8848 0.0597567 171.694 419.572 0 0.10086 248.777 1.15462 1251.26 2209.31 0 125.196 833.854 
range query time: 0.000769 3.5068 38.3916 0 0 35.8848 0.065999 171.694 419.572 0 0.10086 248.777 2.15972 1251.26 2209.31 0 125.196 833.854 
# Insert
## 0.001
median: (390, 0.00577733)-> min: (426, 0.00501933)-> max: (744, 0.00827667)-> tot: 5.81909-> avg: 0.00581859
in-dis-skewed knn time: 2.06806 14.274 121.17 0 121.17 107.896 5.3293 44.2093 218.772 0 218.772 175.563 16.1376 128.99 374.731 0 374.731 246.741 
out-dis-skewed knn time: 0.790636 9.55514 108.122 0 108.122 99.5671 1.68977 21.8259 152.231 0 152.231 131.405 8.99349 82.8515 290.817 0 290.817 208.966 
in-dis-uniform knn time: 4.29149 18.1225 159.827 0 159.827 142.704 10.0467 52.1698 269.454 0 269.454 218.284 27.2336 158.547 472.737 0 472.737 315.19 
out-dis-uniform knn time: 0.869646 9.96698 109.348 0 109.348 100.381 2.00001 23.2358 152.969 0 152.969 130.733 10.5363 85.5902 283.216 0 283.216 198.626 
range count time: 0.000919333 3.6795 46.9974 0 0 44.3179 0.061475 173.382 453.679 0 0.09836 281.199 1.17772 1257.33 2308.88 0 128.3 924.252 
range query time: 0.000908667 3.6795 46.9974 0 0 44.3179 0.068141 173.382 453.679 0 0.09836 281.199 2.19501 1257.33 2308.88 0 128.3 924.252 
# Insert
## 0.0001
median: (9616, 0.00127167)-> min: (3933, 0.000931333)-> max: (6464, 0.00597467)-> tot: 12.8909-> avg: 0.0012886
in-dis-skewed knn time: 1.90695 12.9162 106.551 0 106.551 94.6346 4.64616 36.1017 174.636 0 174.636 139.535 13.4549 104.751 299.055 0 299.055 195.304 
out-dis-skewed knn time: 0.75293 8.80025 102.851 0 102.851 95.0509 1.56475 19.1796 142.732 0 142.732 124.553 8.67819 76.9544 277.065 0 277.065 201.111 
in-dis-uniform knn time: 3.84575 16.1051 140.267 0 140.267 125.162 8.43254 41.6368 212.486 0 212.486 171.849 21.8315 123.079 368.431 0 368.431 246.352 
out-dis-uniform knn time: 0.807936 9.01888 102.102 0 102.102 94.0832 1.82405 20.438 140.692 0 140.692 121.254 9.92829 78.5501 264.714 0 264.714 187.164 
range count time: 0.000838333 3.471 42.4053 0 0 39.9343 0.0596623 174.896 446.567 0 0.10758 272.563 1.15279 1271.31 2302.06 0 131.425 900.326 
range query time: 0.000874 3.471 42.4053 0 0 39.9343 0.0700283 174.896 446.567 0 0.10758 272.563 2.18329 1271.31 2302.06 0 131.425 900.326 

Tree: PTree; AugType: HasBox; Split: HilbertCurve; BDO: 6; Inba: 30; Coord: integer; 
2.in 
# Insert
## 1
median: (1, 4.06661)-> min: (1, 4.06661)-> max: (1, 4.06661)-> tot: 4.06661-> avg: 4.06661
in-dis-skewed knn time: 3.6586 14.0964 116.038 0 116.038 102.942 7.3174 31.6138 159.153 0 159.153 128.539 17.1958 80.5239 247.846 0 247.846 168.322 
out-dis-skewed knn time: 3.81764 14.99 119.532 0 119.532 105.541 7.25423 31.7614 159.592 0 159.592 128.831 17.0727 80.5925 248.037 0 248.037 168.444 
in-dis-uniform knn time: 3.60482 14.0957 116.021 0 116.021 102.925 7.21423 31.6214 159.172 0 159.172 128.55 17.0236 80.5367 247.869 0 247.869 168.332 
out-dis-uniform knn time: 3.81498 14.987 119.504 0 119.504 105.517 7.23543 31.7556 159.549 0 159.549 128.793 17.0134 80.5742 247.967 0 247.967 168.393 
range count time: 0.000864 4.08886 38.4715 0 0 35.3826 0.0516157 159.971 397.51 0 0.08308 238.456 0.967976 1065.39 1922.5 0 125.852 732.263 
range query time: 0.000925667 4.08886 38.4715 0 0 35.3826 0.0546667 159.971 397.51 0 0.08308 238.456 1.92442 1065.39 1922.5 0 125.852 732.263 
# Insert
## 0.1
median: (9, 0.475172)-> min: (0, 0.377659)-> max: (6, 0.537802)-> tot: 4.70379-> avg: 0.470378
in-dis-skewed knn time: 3.56992 14.133 116.09 0 116.09 102.958 7.05627 31.7918 159.566 0 159.566 128.774 16.6784 81.0933 248.908 0 248.908 168.815 
out-dis-skewed knn time: 3.77722 15.0339 119.595 0 119.595 105.561 7.08062 31.9267 159.994 0 159.994 129.067 16.6925 81.1277 249.093 0 249.093 168.965 
in-dis-uniform knn time: 3.57541 14.1296 116.05 0 116.05 102.92 7.05473 31.7785 159.548 0 159.548 128.77 16.6913 81.0606 248.89 0 248.89 168.829 
out-dis-uniform knn time: 3.78496 15.0241 119.547 0 119.547 105.523 7.08913 31.9148 159.935 0 159.935 129.02 16.708 81.0996 248.99 0 248.99 168.891 
range count time: 0.000951667 4.09516 38.7127 0 0 35.6175 0.053279 161.222 399.51 0 0.08422 239.203 0.994698 1075.01 1941.68 0 128.441 739.229 
range query time: 0.00128067 4.09516 38.7127 0 0 35.6175 0.0597903 161.222 399.51 0 0.08422 239.203 2.05688 1075.01 1941.68 0 128.441 739.229 
# Insert
## 0.01
median: (50, 0.070489)-> min: (0, 0.0385207)-> max: (99, 0.0882947)-> tot: 7.03024-> avg: 0.0703019
in-dis-skewed knn time: 3.5622 14.1096 116.751 0 116.751 103.642 7.02748 31.8867 160.435 0 160.435 129.548 16.5931 81.8673 250.91 0 250.91 170.043 
out-dis-skewed knn time: 3.7715 15.04 120.293 0 120.293 106.253 7.04813 32.0169 160.796 0 160.796 129.779 16.6056 81.8707 250.982 0 250.982 170.112 
in-dis-uniform knn time: 3.57291 14.1363 116.738 0 116.738 103.602 7.02656 31.8754 160.382 0 160.382 129.507 16.6203 81.815 250.821 0 250.821 170.006 
out-dis-uniform knn time: 3.78335 15.0382 120.273 0 120.273 106.235 7.06128 32.0168 160.782 0 160.782 129.765 16.6282 81.8619 250.949 0 250.949 170.087 
range count time: 0.000985667 4.11636 39.4357 0 0 36.3193 0.0544297 163.572 404.752 0 0.09096 242.089 0.995909 1092.37 1975.41 0 132.486 751.553 
range query time: 0.000939667 4.11636 39.4357 0 0 36.3193 0.0613743 163.572 404.752 0 0.09096 242.089 2.06429 1092.37 1975.41 0 132.486 751.553 
# Insert
## 0.001
median: (514, 0.01547)-> min: (3, 0.005408)-> max: (922, 0.0255753)-> tot: 14.6626-> avg: 0.0146621
in-dis-skewed knn time: 3.55587 14.1329 117.049 0 117.049 103.916 7.04599 32.1413 161.785 0 161.785 130.644 16.6865 82.7994 253.572 0 253.572 171.772 
out-dis-skewed knn time: 3.76872 15.0721 120.606 0 120.606 106.534 7.07133 32.279 162.154 0 162.154 130.875 16.6981 82.8168 253.64 0 253.64 171.823 
in-dis-uniform knn time: 3.56733 14.1655 117.04 0 117.04 103.875 7.04891 32.1353 161.722 0 161.722 130.587 16.6977 82.7537 253.461 0 253.461 171.708 
out-dis-uniform knn time: 3.77872 15.0695 120.595 0 120.595 106.526 7.0822 32.276 162.138 0 162.138 130.862 16.7224 82.8107 253.609 0 253.609 171.799 
range count time: 0.000899 4.08 38.5099 0 0 35.4299 0.0525693 164.366 407.524 0 0.09262 244.066 0.99522 1098.7 1987.55 0 133.823 756.03 
range query time: 0.000992667 4.08 38.5099 0 0 35.4299 0.0584633 164.366 407.524 0 0.09262 244.066 2.0661 1098.7 1987.55 0 133.823 756.03 
# Insert
## 0.0001
median: (5318, 0.00299033)-> min: (2, 0.0009)-> max: (7908, 0.00764233)-> tot: 28.9889-> avg: 0.00289839
in-dis-skewed knn time: 3.54687 14.1058 117.313 0 117.313 104.208 6.99471 31.8494 160.63 0 160.63 129.781 16.5311 81.9564 251.43 0 251.43 170.474 
out-dis-skewed knn time: 3.75881 15.0448 120.862 0 120.862 106.817 7.01852 31.9869 160.993 0 160.993 130.006 16.5408 81.972 251.5 0 251.5 170.528 
in-dis-uniform knn time: 3.5599 14.1378 117.303 0 117.303 104.165 6.99375 31.8429 160.57 0 160.57 129.727 16.5426 81.9174 251.334 0 251.334 170.416 
out-dis-uniform knn time: 3.76957 15.0409 120.83 0 120.83 106.789 7.02473 31.9802 160.95 0 160.95 129.969 16.5625 81.9537 251.425 0 251.425 170.472 
range count time: 0.000972 4.13532 40.1312 0 0 36.9959 0.0525737 164.701 409.585 0 0.09272 245.792 0.992869 1099.82 1990.55 0 134.062 757.669 
range query time: 0.000993333 4.13532 40.1312 0 0 36.9959 0.0583757 164.701 409.585 0 0.09272 245.792 2.06686 1099.82 1990.55 0 134.062 757.669 

Tree: PTree; AugType: HasBox; Split: MortonCurve; BDO: 6; Inba: 30; Coord: integer; 
1.in 
# Insert
## 1
median: (1, 3.17131)-> min: (1, 3.17131)-> max: (1, 3.17131)-> tot: 3.17131-> avg: 3.17131
in-dis-skewed knn time: 1.82416 57.4163 384.088 0 384.088 327.672 11.7035 274.434 1188.91 0 1188.91 915.48 45.0443 580.895 1647.92 0 1647.92 1068.03 
out-dis-skewed knn time: 1.07683 33.0628 300.9 0 300.9 268.837 1.83054 57.3107 367.415 0 367.415 311.104 5.38677 99.412 435.617 0 435.617 337.205 
in-dis-uniform knn time: 15.9855 77.6206 529.195 0 529.195 452.574 35.1143 217.186 943.754 0 943.754 727.568 70.2994 436.27 1259.75 0 1259.75 824.478 
out-dis-uniform knn time: 1.2483 29.7705 256.63 0 256.63 227.86 2.82826 64.2149 370.584 0 370.584 307.37 9.03491 128.423 466.784 0 466.784 339.362 
range count time: 0.00151067 8.90072 104.45 0 0 96.5494 0.00913267 52.153 240.918 0 0.52878 189.236 0.688609 750.805 1627.38 0 131.64 745.936 
range query time: 0.00157267 8.90072 104.45 0 0 96.5494 0.0144283 52.153 240.918 0 0.52878 189.236 1.77116 750.805 1627.38 0 131.64 745.936 
# Insert
## 0.1
median: (4, 0.262328)-> min: (1, 0.257841)-> max: (0, 0.263601)-> tot: 2.61514-> avg: 0.261514
in-dis-skewed knn time: 1.96659 65.9791 460.862 0 460.862 395.882 11.5426 269.474 1234.27 0 1234.27 965.796 41.4639 556.298 1655.36 0 1655.36 1100.07 
out-dis-skewed knn time: 1.18995 35.8395 312.507 0 312.507 277.668 1.77093 54.2245 364.773 0 364.773 311.548 5.71345 101.565 442.637 0 442.637 342.072 
in-dis-uniform knn time: 15.6063 82.7505 586.538 0 586.538 504.787 35.3416 228.452 1032.01 0 1032.01 804.558 72.8439 471.409 1388.17 0 1388.17 917.765 
out-dis-uniform knn time: 1.44404 33.5338 278.31 0 278.31 245.777 3.35594 73.5988 430.222 0 430.222 357.623 10.9425 156.04 551.811 0 551.811 396.771 
range count time: 0.00143833 8.365 100.88 0 0 93.515 0.008928 56.3164 242.034 0 0.72632 185.992 0.702151 804.467 1746.47 0 149.964 793.034 
range query time: 0.00148867 8.365 100.88 0 0 93.515 0.014223 56.3164 242.034 0 0.72632 185.992 1.8173 804.467 1746.47 0 149.964 793.034 
# Insert
## 0.01
median: (84, 0.02732)-> min: (83, 0.0264007)-> max: (9, 0.0293897)-> tot: 2.73523-> avg: 0.0273518
in-dis-skewed knn time: 2.0334 55.0491 396.564 0 396.564 342.515 10.9482 221.074 990.559 0 990.559 770.485 37.7794 444.958 1312.38 0 1312.38 868.424 
out-dis-skewed knn time: 1.51087 50.7312 390.068 0 390.068 340.337 2.41289 77.5482 433.384 0 433.384 356.836 7.53374 131.829 501.895 0 501.895 371.066 
in-dis-uniform knn time: 15.5614 78.7606 563.717 0 563.717 485.957 33.8018 205.606 945.392 0 945.392 740.787 69.5795 421.727 1262.09 0 1262.09 841.36 
out-dis-uniform knn time: 1.85091 39.9153 319.587 0 319.587 280.671 4.23907 90.0209 483.792 0 483.792 394.771 12.5679 173.216 603.417 0 603.417 431.202 
range count time: 0.00168467 8.93412 108.615 0 0 100.681 0.009433 50.0534 237.712 0 0.47468 188.184 0.728302 771.969 1703.91 0 140.382 792.559 
range query time: 0.00171 8.93412 108.615 0 0 100.681 0.0152423 50.0534 237.712 0 0.47468 188.184 1.85444 771.969 1703.91 0 140.382 792.559 
# Insert
## 0.001
median: (983, 0.00373933)-> min: (38, 0.00342467)-> max: (519, 0.00570267)-> tot: 3.81258-> avg: 0.00381208
in-dis-skewed knn time: 2.57226 61.8919 468.228 0 468.228 407.336 14.8699 301.307 1387.64 0 1387.64 1087.33 48.8062 640.937 1849.98 0 1849.98 1210.04 
out-dis-skewed knn time: 1.33952 36.0506 361.338 0 361.338 326.287 1.89985 54.6092 395.342 0 395.342 341.733 11.1668 159.764 600.873 0 600.873 442.109 
in-dis-uniform knn time: 15.7216 74.7073 555.149 0 555.149 481.442 34.6181 216.82 1007.53 0 1007.53 791.712 71.4901 454.967 1359.52 0 1359.52 905.557 
out-dis-uniform knn time: 1.83559 32.3926 314.222 0 314.222 282.829 4.60244 85.7011 519.325 0 519.325 434.624 15.8636 202.887 710.414 0 710.414 508.528 
range count time: 0.001684 8.7878 113.398 0 0 105.61 0.0104923 51.987 254.946 0 0.54268 203.417 0.71651 771.884 1733.14 0 143.523 818.735 
range query time: 0.001693 8.7878 113.398 0 0 105.61 0.015212 51.987 254.946 0 0.54268 203.417 1.90755 771.884 1733.14 0 143.523 818.735 
# Insert
## 0.0001
median: (9024, 0.000838333)-> min: (524, 0.000699)-> max: (2583, 0.00446533)-> tot: 8.55962-> avg: 0.00085546
in-dis-skewed knn time: 1.69426 48.4989 352.309 0 352.309 304.81 13.4851 270.332 1205.19 0 1205.19 935.853 47.6228 591.403 1617.97 0 1617.97 1027.57 
out-dis-skewed knn time: 1.60372 44.8733 429.832 0 429.832 385.958 2.27116 70.9029 472.561 0 472.561 402.658 6.85961 132.808 571.442 0 571.442 439.633 
in-dis-uniform knn time: 15.6902 74.4929 550.162 0 550.162 476.669 34.5047 217.221 999.784 0 999.784 783.563 71.2071 455.662 1346.82 0 1346.82 892.161 
out-dis-uniform knn time: 1.9452 35.5055 331.008 0 331.008 296.502 5.1371 95.6778 577.12 0 577.12 482.442 15.1517 201.329 737.494 0 737.494 537.165 
range count time: 0.00163267 8.83246 114.487 0 0 106.655 0.010668 53.4013 261.271 0 0.61002 208.259 0.707686 775.817 1760.01 0 147.777 837.417 
range query time: 0.00175933 8.83246 114.487 0 0 106.655 0.0151217 53.4013 261.271 0 0.61002 208.259 1.90987 775.817 1760.01 0 147.777 837.417 

Tree: PTree; AugType: HasBox; Split: MortonCurve; BDO: 6; Inba: 30; Coord: integer; 
2_sort_by_0.in 
# Insert
## 1
median: (1, 3.1928)-> min: (1, 3.1928)-> max: (1, 3.1928)-> tot: 3.1928-> avg: 3.1928
in-dis-skewed knn time: 10.5113 92.6266 502.446 0 502.446 410.82 29.5923 271.135 940.85 0 940.85 670.715 68.2701 554.045 1359.38 0 1359.38 806.334 
out-dis-skewed knn time: 3.3825 50.6373 423.24 0 423.24 373.603 10.2362 134.822 640.371 0 640.371 506.549 41.691 389.709 1055 0 1055 666.287 
in-dis-uniform knn time: 22.1178 101.445 627.454 0 627.454 527.009 49.8617 268.418 1079.59 0 1079.59 812.176 101.121 564.59 1556.34 0 1556.34 992.755 
out-dis-uniform knn time: 4.31508 52.4784 414.184 0 414.184 362.705 13.5719 145.163 654.721 0 654.721 510.558 45.4286 378.669 1027.18 0 1027.18 649.513 
range count time: 0.00147433 6.77284 60.4391 0 0 54.6663 0.081415 213.232 582.547 0 0.0594 370.256 1.46527 1555.42 2926.76 0 112.201 1260.14 
range query time: 0.00126333 6.77284 60.4391 0 0 54.6663 0.0895547 213.232 582.547 0 0.0594 370.256 2.30108 1555.42 2926.76 0 112.201 1260.14 
# Insert
## 0.1
median: (7, 0.301209)-> min: (1, 0.295917)-> max: (5, 0.305984)-> tot: 3.01153-> avg: 0.301152
in-dis-skewed knn time: 7.55044 62.2725 378.192 0 378.192 316.92 26.2787 233.563 875.353 0 875.353 642.79 63.7789 512.733 1290.45 0 1290.45 778.72 
out-dis-skewed knn time: 4.20923 63.64 511.537 0 511.537 448.897 11.168 153.605 714.528 0 714.528 561.922 44.2808 422.952 1152.15 0 1152.15 730.201 
in-dis-uniform knn time: 24.7101 109.146 712.326 0 712.326 604.179 54.0787 278.395 1163.7 0 1163.7 886.304 109.694 584.461 1658.44 0 1658.44 1074.98 
out-dis-uniform knn time: 5.63101 70.7876 533.743 0 533.743 463.955 14.6171 163.438 725.563 0 725.563 563.126 48.6597 410.682 1115.28 0 1115.28 705.599 
range count time: 0.00165633 7.25522 82.4352 0 0 76.18 0.0875887 212.962 615.914 0 0.09468 403.857 1.50399 1487.36 2877.43 0 108.699 1282.38 
range query time: 0.001415 7.25522 82.4352 0 0 76.18 0.0968813 212.962 615.914 0 0.09468 403.857 2.35753 1487.36 2877.43 0 108.699 1282.38 
# Insert
## 0.01
median: (38, 0.0325177)-> min: (13, 0.0303227)-> max: (48, 0.0368257)-> tot: 3.26865-> avg: 0.0326859
in-dis-skewed knn time: 6.75068 49.9927 335.439 0 335.439 286.446 24.0106 205.257 807.301 0 807.301 603.044 58.9792 450.152 1196.17 0 1196.17 747.014 
out-dis-skewed knn time: 4.5938 58.3952 468.875 0 468.875 411.48 12.0704 139.378 639.623 0 639.623 501.245 46.093 376.094 1004.94 0 1004.94 629.843 
in-dis-uniform knn time: 22.4733 107.119 688.112 0 688.112 581.993 47.6384 267.975 1103.93 0 1103.93 836.958 98.0274 566.314 1597.01 0 1597.01 1031.7 
out-dis-uniform knn time: 5.74374 64.9398 481.516 0 481.516 417.576 14.6164 145.863 638.309 0 638.309 493.446 47.317 356.823 959.411 0 959.411 603.588 
range count time: 0.00150633 6.65854 83.4674 0 0 77.8088 0.081044 212.096 624.377 0 0.06278 413.218 1.49758 1557.3 3042.58 0 119.881 1366.4 
range query time: 0.00153733 6.65854 83.4674 0 0 77.8088 0.0924317 212.096 624.377 0 0.06278 413.218 2.44315 1557.3 3042.58 0 119.881 1366.4 
# Insert
## 0.001
median: (400, 0.00509633)-> min: (0, 0.003937)-> max: (634, 0.00794267)-> tot: 5.15117-> avg: 0.00515067
in-dis-skewed knn time: 6.10476 48.6987 335.803 0 335.803 288.104 19.6568 185.536 743.394 0 743.394 558.857 53.0304 447.613 1162.57 0 1162.57 715.957 
out-dis-skewed knn time: 4.25242 54.1273 473.095 0 473.095 419.967 10.1541 127.705 657.584 0 657.584 530.879 38.7798 370.649 1094.02 0 1094.02 724.374 
in-dis-uniform knn time: 20.8467 103.544 678.446 0 678.446 575.902 42.7186 253.385 1057.69 0 1057.69 805.304 91.3934 565.683 1576.51 0 1576.51 1011.82 
out-dis-uniform knn time: 5.36217 63.0688 499.552 0 499.552 437.483 12.5921 139.438 669.728 0 669.728 531.29 41.6304 364.135 1055.47 0 1055.47 692.337 
range count time: 0.00201067 6.96484 101.325 0 0 95.3604 0.0872447 226.657 672.153 0 0.07678 446.419 1.50036 1663.99 3225.88 0 134.862 1428.03 
range query time: 0.001587 6.96484 101.325 0 0 95.3604 0.095087 226.657 672.153 0 0.07678 446.419 2.47471 1663.99 3225.88 0 134.862 1428.03 
# Insert
## 0.0001
median: (6610, 0.00122467)-> min: (0, 0.000755333)-> max: (9816, 0.00634833)-> tot: 12.4645-> avg: 0.00124594
in-dis-skewed knn time: 6.11184 48.4077 324.218 0 324.218 276.81 21.2805 210.113 795.29 0 795.29 586.177 54.9113 482.723 1221.17 0 1221.17 739.449 
out-dis-skewed knn time: 4.36422 57.7437 481.782 0 481.782 425.038 10.1887 131.147 669.511 0 669.511 539.364 37.9508 370.872 1107.19 0 1107.19 737.315 
in-dis-uniform knn time: 21.3339 106.713 691.571 0 691.571 585.858 44.1113 266.587 1092.5 0 1092.5 826.911 93.0496 584.982 1616.78 0 1616.78 1032.8 
out-dis-uniform knn time: 5.24268 63.2262 494.328 0 494.328 432.101 12.1268 138.354 664.817 0 664.817 527.463 39.6328 357.757 1046.75 0 1046.75 689.991 
range count time: 0.001564 7.122 91.0287 0 0 84.9067 0.0873663 229.589 660.502 0 0.08212 431.831 1.49728 1689.77 3255.27 0 139.073 1427.43 
range query time: 0.00162233 7.122 91.0287 0 0 84.9067 0.0940943 229.589 660.502 0 0.08212 431.831 2.46728 1689.77 3255.27 0 139.073 1427.43 

Tree: PTree; AugType: HasBox; Split: MortonCurve; BDO: 6; Inba: 30; Coord: integer; 
2.in 
# Insert
## 1
median: (1, 3.27585)-> min: (1, 3.27585)-> max: (1, 3.27585)-> tot: 3.27585-> avg: 3.27585
in-dis-skewed knn time: 22.0753 98.3867 621.67 0 621.67 524.283 51.3286 275.442 1133.72 0 1133.72 859.277 105.789 582.891 1637.45 0 1637.45 1055.56 
out-dis-skewed knn time: 22.443 99.8296 627.076 0 627.076 528.247 51.4322 275.646 1134.41 0 1134.41 859.767 105.913 583.024 1637.87 0 1637.87 1055.85 
in-dis-uniform knn time: 22.0937 98.3961 621.757 0 621.757 524.361 51.4177 275.439 1133.75 0 1133.75 859.315 105.963 582.891 1637.53 0 1637.53 1055.64 
out-dis-uniform knn time: 22.4856 99.8668 627.252 0 627.252 528.385 51.4667 275.663 1134.46 0 1134.46 859.793 106.004 583.036 1637.91 0 1637.91 1055.87 
range count time: 0.001352 7.84008 63.9571 0 0 57.117 0.0586453 186.021 517.143 0 0.08104 332.041 1.26873 1382.25 2553.11 0 112.645 1059.21 
range query time: 0.00244733 7.84008 63.9571 0 0 57.117 0.0673537 186.021 517.143 0 0.08104 332.041 2.16527 1382.25 2553.11 0 112.645 1059.21 
# Insert
## 0.1
median: (9, 0.393793)-> min: (0, 0.299821)-> max: (6, 0.456482)-> tot: 3.90512-> avg: 0.390511
in-dis-skewed knn time: 21.2136 98.8523 628.346 0 628.346 530.493 50.1355 282.026 1155.91 0 1155.91 874.882 104.479 603.792 1674.38 0 1674.38 1071.59 
out-dis-skewed knn time: 21.6529 100.311 633.808 0 633.808 534.497 50.3719 282.222 1156.65 0 1156.65 875.424 104.771 603.942 1674.91 0 1674.91 1071.97 
in-dis-uniform knn time: 21.3448 98.8787 628.489 0 628.489 530.61 50.3673 282.011 1155.99 0 1155.99 874.981 104.866 603.79 1674.51 0 1674.51 1071.72 
out-dis-uniform knn time: 21.6959 100.332 633.918 0 633.918 534.586 50.4538 282.218 1156.6 0 1156.6 875.385 104.883 603.9 1674.8 0 1674.8 1071.9 
range count time: 0.00148133 7.75404 66.4709 0 0 59.7168 0.0597587 186.869 520.501 0 0.08558 334.547 1.31314 1392.3 2579.72 0 115.95 1072.48 
range query time: 0.00217967 7.75404 66.4709 0 0 59.7168 0.06856 186.869 520.501 0 0.08558 334.547 2.31448 1392.3 2579.72 0 115.95 1072.48 
# Insert
## 0.01
median: (51, 0.0628987)-> min: (0, 0.031069)-> max: (99, 0.0795013)-> tot: 6.19079-> avg: 0.0619074
in-dis-skewed knn time: 21.0282 98.0746 629.862 0 629.862 532.788 49.9645 283.792 1164.45 0 1164.45 881.657 104.068 607.077 1687.45 0 1687.45 1081.37 
out-dis-skewed knn time: 21.5489 99.6572 635.524 0 635.524 536.867 50.2118 284.008 1165.18 0 1165.18 882.169 104.088 607.215 1687.9 0 1687.9 1081.69 
in-dis-uniform knn time: 21.185 98.195 630.055 0 630.055 532.86 50.1466 283.805 1164.53 0 1164.53 881.724 104.167 607.089 1687.59 0 1687.59 1081.5 
out-dis-uniform knn time: 21.535 99.6889 635.676 0 635.676 536.987 50.2621 284.002 1165.13 0 1165.13 882.127 104.2 607.176 1687.78 0 1687.78 1081.61 
range count time: 0.00156033 7.88562 68.1097 0 0 61.2241 0.0641427 189.473 527.105 0 0.08908 338.542 1.30961 1413.23 2624.72 0 120.597 1091.89 
range query time: 0.00169267 7.88562 68.1097 0 0 61.2241 0.0696237 189.473 527.105 0 0.08908 338.542 2.32422 1413.23 2624.72 0 120.597 1091.89 
# Insert
## 0.001
median: (541, 0.014404)-> min: (3, 0.004034)-> max: (553, 0.0215137)-> tot: 13.5617-> avg: 0.0135612
in-dis-skewed knn time: 20.9659 98.2545 632.091 0 632.091 534.837 49.9605 284.478 1170.23 0 1170.23 886.75 104.217 611.236 1700.73 0 1700.73 1090.49 
out-dis-skewed knn time: 21.4397 99.849 637.73 0 637.73 538.881 50.2028 284.69 1170.97 0 1170.97 887.283 104.447 611.385 1701.26 0 1701.26 1090.87 
in-dis-uniform knn time: 21.154 98.4075 632.386 0 632.386 534.978 50.2257 284.513 1170.4 0 1170.4 886.889 104.513 611.278 1700.97 0 1700.97 1090.69 
out-dis-uniform knn time: 21.5036 99.8934 637.946 0 637.946 539.053 50.2947 284.738 1171.07 0 1171.07 887.327 104.662 611.427 1701.29 0 1701.29 1090.87 
range count time: 0.00158667 7.88382 71.541 0 0 64.6572 0.0620827 190.336 531.761 0 0.0905 342.335 1.31064 1420.58 2638.86 0 122.022 1097.26 
range query time: 0.00206433 7.88382 71.541 0 0 64.6572 0.0658697 190.336 531.761 0 0.0905 342.335 2.32019 1420.58 2638.86 0 122.022 1097.26 
# Insert
## 0.0001
median: (5492, 0.002924)-> min: (4, 0.000784667)-> max: (5110, 0.00737367)-> tot: 28.3061-> avg: 0.00283012
in-dis-skewed knn time: 21.5475 104.07 666.393 0 666.393 563.323 49.7296 286.293 1166.48 0 1166.48 881.19 103.124 610.553 1689.25 0 1689.25 1079.7 
out-dis-skewed knn time: 22.037 105.701 672.204 0 672.204 567.503 49.9205 286.507 1167.22 0 1167.22 881.712 103.325 610.688 1689.72 0 1689.72 1080.03 
in-dis-uniform knn time: 21.7473 104.238 666.791 0 666.791 563.554 49.9642 286.318 1166.65 0 1166.65 881.334 103.544 610.606 1689.52 0 1689.52 1079.92 
out-dis-uniform knn time: 22.0936 105.723 672.281 0 672.281 567.558 50.0262 286.534 1167.27 0 1167.27 881.736 103.547 610.733 1689.78 0 1689.78 1080.05 
range count time: 0.00167667 7.78148 83.0317 0 0 76.2503 0.0644013 190.65 536.441 0 0.0923 346.699 1.3136 1422.12 2643.21 0 122.231 1099.86 
range query time: 0.00184 7.78148 83.0317 0 0 76.2503 0.0684257 190.65 536.441 0 0.0923 346.699 2.31866 1422.12 2643.21 0 122.231 1099.86 

Tree: CPAM; AugType: HasBox; Split: HilbertCurve; BDO: 6; Inba: 30; Coord: integer; 
1.in 
# Insert
## 1
median: (1, 11.2201)-> min: (1, 11.2201)-> max: (1, 11.2201)-> tot: 11.2201-> avg: 11.2201
in-dis-skewed knn time: 1.85572 45.8471 356.36 0 356.36 311.513 9.01731 163.828 797.12 0 797.12 634.292 35.2819 382.826 1132.06 0 1132.06 750.236 
out-dis-skewed knn time: 1.03738 22.1673 237.846 0 237.846 216.678 1.74158 40.333 271.674 0 271.674 232.341 6.89037 82.5275 327.869 0 327.869 246.341 
in-dis-uniform knn time: 7.99382 40.9758 323.67 0 323.67 283.694 17.1947 103.287 506.974 0 506.974 404.687 38.8628 234.471 701.685 0 701.685 468.214 
out-dis-uniform knn time: 1.48252 26.3597 238.315 0 238.315 212.955 3.18872 55.2346 313.971 0 313.971 259.737 10.5826 114.887 397.107 0 397.107 283.221 
range count time: 0.00118167 0 0 0 0 0 0.007397 0 0 0 0 0 0.670747 0 0 0 0 0 
range query time: 0.00121 0 0 0 0 0 0.015022 0 0 0 0 0 1.94689 0 0 0 0 0 
# Insert
## 0.1
median: (5, 1.62202)-> min: (8, 1.5617)-> max: (1, 1.76622)-> tot: 16.3845-> avg: 1.63845
in-dis-skewed knn time: 2.08778 54.064 439.923 0 439.923 386.859 15.7398 295.03 1496.81 0 1496.81 1202.78 63.0394 728.053 2175.96 0 2175.96 1448.91 
out-dis-skewed knn time: 0.876064 11.1149 218.457 0 218.457 208.343 1.84888 38.1391 316.648 0 316.648 279.509 7.3996 81.3228 371.121 0 371.121 290.798 
in-dis-uniform knn time: 7.74315 37.3861 302.401 0 302.401 266.015 18.0433 113.487 560.874 0 560.874 448.387 42.9867 271.627 793.695 0 793.695 523.068 
out-dis-uniform knn time: 1.383 21.3037 218.095 0 218.095 197.791 3.27856 51.9984 328.134 0 328.134 277.135 11.2595 114.146 419.036 0 419.036 305.89 
range count time: 0.001236 0 0 0 0 0 0.00764867 0 0 0 0 0 0.699624 0 0 0 0 0 
range query time: 0.001651 0 0 0 0 0 0.013642 0 0 0 0 0 1.98181 0 0 0 0 0 
# Insert
## 0.01
median: (44, 0.118813)-> min: (49, 0.104238)-> max: (50, 0.133734)-> tot: 11.8602-> avg: 0.118602
in-dis-skewed knn time: 2.27661 48.0042 407.679 0 407.679 360.675 11.5415 184.082 1043.38 0 1043.38 860.298 42.9823 451.404 1462.02 0 1462.02 1011.62 
out-dis-skewed knn time: 1.05349 23.6698 257.603 0 257.603 234.934 2.11828 52.8978 323.816 0 323.816 271.918 8.61217 112.246 408.89 0 408.89 297.644 
in-dis-uniform knn time: 7.77678 38.6134 327.689 0 327.689 290.076 17.9312 108.093 559.445 0 559.445 452.352 43.365 261.428 791.245 0 791.245 530.817 
out-dis-uniform knn time: 1.54822 25.451 245.212 0 245.212 220.761 3.72283 62.8011 355.282 0 355.282 293.481 13.0287 147.23 479.539 0 479.539 333.309 
range count time: 0.00113267 0 0 0 0 0 0.00861467 0 0 0 0 0 0.717645 0 0 0 0 0 
range query time: 0.00112767 0 0 0 0 0 0.0154763 0 0 0 0 0 2.01349 0 0 0 0 0 
# Insert
## 0.001
median: (384, 0.00962867)-> min: (152, 0.008618)-> max: (203, 0.0124137)-> tot: 9.71875-> avg: 0.00971824
in-dis-skewed knn time: 2.19275 50.6557 395.982 0 395.982 346.327 11.2127 181.39 958.218 0 958.218 777.827 40.0505 439.798 1395.08 0 1395.08 956.286 
out-dis-skewed knn time: 1.10618 21.5546 276.464 0 276.464 255.909 1.65498 35.79 306.115 0 306.115 271.325 5.86324 75.3055 369.367 0 369.367 295.061 
in-dis-uniform knn time: 7.67011 37.1571 317.028 0 317.028 280.87 17.284 101.271 526.741 0 526.741 426.47 42.4211 243.596 745.441 0 745.441 502.845 
out-dis-uniform knn time: 1.87274 28.2651 265.445 0 265.445 238.18 3.95342 59.6937 359.31 0 359.31 300.616 13.3539 145.284 483.52 0 483.52 339.236 
range count time: 0.00124233 0 0 0 0 0 0.00879667 0 0 0 0 0 0.720481 0 0 0 0 0 
range query time: 0.00134633 0 0 0 0 0 0.0153467 0 0 0 0 0 2.06263 0 0 0 0 0 
# Insert
## 0.0001
median: (9286, 0.00189933)-> min: (2572, 0.001624)-> max: (6761, 0.006784)-> tot: 19.4565-> avg: 0.00194515
in-dis-skewed knn time: 2.44952 50.7933 420.161 0 420.161 370.367 10.8487 162.195 896.487 0 896.487 735.292 44.2551 450.782 1335.84 0 1335.84 886.056 
out-dis-skewed knn time: 1.18495 23.9 257.335 0 257.335 234.435 2.01324 42.2135 320.832 0 320.832 279.618 7.44521 92.3289 394.337 0 394.337 303.008 
in-dis-uniform knn time: 7.93687 39.0753 332.862 0 332.862 294.787 18.2863 110.503 566.264 0 566.264 456.761 45.4114 271.237 804.199 0 804.199 533.962 
out-dis-uniform knn time: 1.91805 27.5418 254.941 0 254.941 228.399 4.08723 59.9865 360.581 0 360.581 301.594 13.9455 144.107 483.578 0 483.578 340.471 
range count time: 0.001172 0 0 0 0 0 0.00889833 0 0 0 0 0 0.722003 0 0 0 0 0 
range query time: 0.001254 0 0 0 0 0 0.0155317 0 0 0 0 0 2.07005 0 0 0 0 0 

Tree: CPAM; AugType: HasBox; Split: HilbertCurve; BDO: 6; Inba: 30; Coord: integer; 
2_sort_by_0.in 
# Insert
## 1
median: (1, 11.4345)-> min: (1, 11.4345)-> max: (1, 11.4345)-> tot: 11.4345-> avg: 11.4345
in-dis-skewed knn time: 2.25755 11.7752 91.167 0 91.167 80.3919 4.76476 25.4654 119.738 0 119.738 95.2727 11.831 61.9117 180.035 0 180.035 119.123 
out-dis-skewed knn time: 0.603442 6.78633 71.7014 0 71.7014 65.915 1.38364 14.1504 100.593 0 100.593 87.4431 9.64047 61.3841 206.36 0 206.36 145.976 
in-dis-uniform knn time: 4.29225 13.7114 106.333 0 106.333 93.6214 8.25003 29.7248 143.841 0 143.841 115.116 18.638 73.6867 223.118 0 223.118 150.432 
out-dis-uniform knn time: 0.672957 6.84379 70.4062 0 70.4062 64.5625 1.74191 14.8983 97.6544 0 97.6544 83.7561 10.5705 61.7751 193.847 0 193.847 133.072 
range count time: 0.001149 0 0 0 0 0 0.0773333 0 0 0 0 0 1.37343 0 0 0 0 0 
range query time: 0.000801 0 0 0 0 0 0.0868533 0 0 0 0 0 2.33836 0 0 0 0 0 
# Insert
## 0.1
median: (0, 1.60776)-> min: (5, 1.50697)-> max: (2, 1.68672)-> tot: 15.9531-> avg: 1.59531
in-dis-skewed knn time: 1.99738 10.9735 84.6841 0 84.6841 74.7105 4.55494 25.3529 115.146 0 115.146 90.7929 11.9417 64.1994 177.8 0 177.8 114.6 
out-dis-skewed knn time: 0.606454 6.45404 68.838 0 68.838 63.3839 1.35338 13.3484 96.5408 0 96.5408 84.1924 9.5271 58.1098 199.37 0 199.37 142.26 
in-dis-uniform knn time: 3.92556 12.8651 101.839 0 101.839 89.9736 7.93097 29.1088 140.741 0 140.741 112.632 18.5977 73.9637 221.012 0 221.012 148.048 
out-dis-uniform knn time: 0.654694 6.42506 67.3015 0 67.3015 61.8765 1.65875 13.9058 93.4052 0 93.4052 80.4994 10.4602 58.7674 187.592 0 187.592 129.825 
range count time: 0.00137633 0 0 0 0 0 0.091489 0 0 0 0 0 1.43725 0 0 0 0 0 
range query time: 0.000885 0 0 0 0 0 0.097583 0 0 0 0 0 2.42133 0 0 0 0 0 
# Insert
## 0.01
median: (12, 0.126596)-> min: (75, 0.108609)-> max: (57, 0.146676)-> tot: 12.7014-> avg: 0.127014
in-dis-skewed knn time: 2.38018 11.138 89.3951 0 89.3951 79.2571 5.38904 26.3604 129.772 0 129.772 104.411 14.0633 64.7322 195.009 0 195.009 131.277 
out-dis-skewed knn time: 0.649716 6.3677 70.0397 0 70.0397 64.672 1.40478 13.2625 98.0005 0 98.0005 85.7381 9.8853 58.3771 201.391 0 201.391 144.014 
in-dis-uniform knn time: 4.01584 13.1943 107.206 0 107.206 95.0122 8.18947 29.8319 148.817 0 148.817 119.985 19.6377 75.1407 231.45 0 231.45 157.309 
out-dis-uniform knn time: 0.683624 6.31833 68.1459 0 68.1459 62.8276 1.64862 13.6487 93.9111 0 93.9111 81.2624 10.7884 58.4591 187.258 0 187.258 129.799 
range count time: 0.00123567 0 0 0 0 0 0.0885203 0 0 0 0 0 1.46662 0 0 0 0 0 
range query time: 0.000898 0 0 0 0 0 0.0974367 0 0 0 0 0 2.49051 0 0 0 0 0 
# Insert
## 0.001
median: (300, 0.0126107)-> min: (197, 0.00983067)-> max: (990, 0.0192563)-> tot: 12.6815-> avg: 0.012681
in-dis-skewed knn time: 2.23648 10.6111 84.3648 0 84.3648 74.7538 5.14852 25.7998 122.878 0 122.878 98.0783 13.48 63.6843 185.286 0 185.286 122.602 
out-dis-skewed knn time: 0.675563 6.14576 71.6102 0 71.6102 66.4644 1.42451 12.7233 99.3861 0 99.3861 87.6628 9.82899 55.5794 199.662 0 199.662 145.083 
in-dis-uniform knn time: 3.93062 12.4978 102.275 0 102.275 90.7773 7.98351 28.2316 142.12 0 142.12 114.889 19.0198 70.9205 220.144 0 220.144 150.224 
out-dis-uniform knn time: 0.714156 6.13466 69.8623 0 69.8623 64.7277 1.69878 13.3378 95.7647 0 95.7647 83.427 10.8865 56.3113 186.729 0 186.729 131.418 
range count time: 0.000823667 0 0 0 0 0 0.0909043 0 0 0 0 0 1.46931 0 0 0 0 0 
range query time: 0.000880667 0 0 0 0 0 0.09843 0 0 0 0 0 2.51136 0 0 0 0 0 
# Insert
## 0.0001
median: (129, 0.00492633)-> min: (7866, 0.001953)-> max: (7675, 0.009554)-> tot: 47.9908-> avg: 0.00479858
in-dis-skewed knn time: 2.3605 11.645 92.263 0 92.263 81.618 5.43318 27.7061 132.631 0 132.631 105.924 14.2863 68.1599 199.694 0 199.694 132.534 
out-dis-skewed knn time: 0.707854 6.58291 75.4923 0 75.4923 69.9094 1.48984 13.478 104.341 0 104.341 91.8629 10.146 58.4387 208.364 0 208.364 150.925 
in-dis-uniform knn time: 4.16223 13.3679 109.371 0 109.371 97.0034 8.49085 30.1826 151.557 0 151.557 122.374 20.1814 75.7985 234.903 0 234.903 160.105 
out-dis-uniform knn time: 0.754542 6.57538 73.705 0 73.705 68.1296 1.77706 14.1407 100.684 0 100.684 87.543 11.1782 58.8368 194.661 0 194.661 136.824 
range count time: 0.0009 0 0 0 0 0 0.08931 0 0 0 0 0 1.47948 0 0 0 0 0 
range query time: 0.000891333 0 0 0 0 0 0.097878 0 0 0 0 0 2.51214 0 0 0 0 0 

Tree: CPAM; AugType: HasBox; Split: HilbertCurve; BDO: 6; Inba: 30; Coord: integer; 
2.in 
# Insert
## 1
median: (1, 12.5139)-> min: (1, 12.5139)-> max: (1, 12.5139)-> tot: 12.5139-> avg: 12.5139
in-dis-skewed knn time: 4.46405 14.0964 116.038 0 116.038 102.942 8.83091 31.6138 159.153 0 159.153 128.539 20.3557 80.5239 247.846 0 247.846 168.322 
out-dis-skewed knn time: 4.65059 14.99 119.532 0 119.532 105.541 8.77049 31.7614 159.592 0 159.592 128.831 20.2432 80.5925 248.037 0 248.037 168.444 
in-dis-uniform knn time: 4.38861 14.0957 116.021 0 116.021 102.925 8.72464 31.6214 159.172 0 159.172 128.55 20.1979 80.5367 247.869 0 247.869 168.332 
out-dis-uniform knn time: 4.65053 14.987 119.504 0 119.504 105.517 8.7589 31.7556 159.549 0 159.549 128.793 20.1901 80.5742 247.967 0 247.967 168.393 
range count time: 0.000936333 0 0 0 0 0 0.063705 0 0 0 0 0 1.16849 0 0 0 0 0 
range query time: 0.00218 0 0 0 0 0 0.0771097 0 0 0 0 0 2.22324 0 0 0 0 0 
# Insert
## 0.1
median: (6, 1.91929)-> min: (0, 1.54169)-> max: (9, 2.36939)-> tot: 19.2669-> avg: 1.92669
in-dis-skewed knn time: 4.26761 14.0805 115.775 0 115.775 102.694 8.67273 31.5905 158.916 0 158.916 128.325 20.9706 80.4146 247.379 0 247.379 167.965 
out-dis-skewed knn time: 4.4925 14.9805 119.263 0 119.263 105.282 8.69095 31.7339 159.343 0 159.343 128.609 20.9595 80.4499 247.554 0 247.554 168.104 
in-dis-uniform knn time: 4.24432 14.081 115.736 0 115.736 102.655 8.65477 31.5864 158.899 0 158.899 128.313 20.9207 80.3827 247.351 0 247.351 167.968 
out-dis-uniform knn time: 4.49962 14.9718 119.216 0 119.216 105.244 8.68922 31.7215 159.284 0 159.284 128.562 20.9453 80.4213 247.452 0 247.452 168.031 
range count time: 0.00128 0 0 0 0 0 0.0765503 0 0 0 0 0 1.26637 0 0 0 0 0 
range query time: 0.000946333 0 0 0 0 0 0.086115 0 0 0 0 0 2.3626 0 0 0 0 0 
# Insert
## 0.01
median: (52, 0.449857)-> min: (1, 0.125575)-> max: (99, 0.71896)-> tot: 44.1019-> avg: 0.441018
in-dis-skewed knn time: 4.28614 14.0407 115.864 0 115.864 102.823 8.68817 31.5228 158.695 0 158.695 128.173 20.9896 80.3309 247.14 0 247.14 167.809 
out-dis-skewed knn time: 4.51044 14.9551 119.338 0 119.338 105.383 8.6956 31.6496 159.027 0 159.027 128.378 20.9543 80.3012 247.143 0 247.143 167.842 
in-dis-uniform knn time: 4.26197 14.0551 115.82 0 115.82 102.765 8.66362 31.5066 158.613 0 158.613 128.106 20.9358 80.2443 246.986 0 246.986 167.741 
out-dis-uniform knn time: 4.5212 14.9528 119.318 0 119.318 105.365 8.70375 31.6484 159.01 0 159.01 128.362 20.9442 80.2952 247.106 0 247.106 167.811 
range count time: 0.000941333 0 0 0 0 0 0.0770147 0 0 0 0 0 1.26465 0 0 0 0 0 
range query time: 0.001984 0 0 0 0 0 0.0877047 0 0 0 0 0 2.38649 0 0 0 0 0 
# Insert
## 0.001
median: (508, 0.139661)-> min: (0, 0.0107353)-> max: (977, 0.157299)-> tot: 124.211-> avg: 0.12421
in-dis-skewed knn time: 4.28884 14.0871 116.038 0 116.038 102.951 8.72246 31.7831 159.84 0 159.84 129.056 21.0983 81.2423 249.428 0 249.428 169.186 
out-dis-skewed knn time: 4.51176 15.0022 119.521 0 119.521 105.519 8.73149 31.9166 160.189 0 160.189 129.272 21.0631 81.235 249.454 0 249.454 169.219 
in-dis-uniform knn time: 4.26337 14.1027 116.004 0 116.004 102.901 8.696 31.7754 159.766 0 159.766 128.991 21.0438 81.1799 249.291 0 249.291 169.111 
out-dis-uniform knn time: 4.52317 15.0021 119.517 0 119.517 105.515 8.7373 31.916 160.174 0 160.174 129.258 21.0573 81.2284 249.418 0 249.418 169.19 
range count time: 0.000996 0 0 0 0 0 0.078612 0 0 0 0 0 1.2702 0 0 0 0 0 
range query time: 0.000971667 0 0 0 0 0 0.0862377 0 0 0 0 0 2.38506 0 0 0 0 0 
# Insert
## 0.0001
median: (7320, 0.0183043)-> min: (3, 0.00207267)-> max: (6595, 0.0236933)-> tot: 178.987-> avg: 0.0178982
in-dis-skewed knn time: 4.26631 14.0776 116.174 0 116.174 103.097 8.62473 31.5278 158.746 0 158.746 128.218 20.8742 80.8152 248.013 0 248.013 168.198 
out-dis-skewed knn time: 4.4869 14.9947 119.671 0 119.671 105.676 8.62954 31.6675 159.11 0 159.11 128.443 20.8397 80.8279 248.065 0 248.065 168.237 
in-dis-uniform knn time: 4.23796 14.09 116.138 0 116.138 103.048 8.59294 31.5216 158.686 0 158.686 128.164 20.8344 80.7679 247.898 0 247.898 168.13 
out-dis-uniform knn time: 4.49985 14.9858 119.628 0 119.628 105.642 8.64075 31.6541 159.049 0 159.049 128.395 20.8398 80.7981 247.962 0 247.962 168.164 
range count time: 0.000943667 0 0 0 0 0 0.0802343 0 0 0 0 0 1.2631 0 0 0 0 0 
range query time: 0.000987 0 0 0 0 0 0.0886537 0 0 0 0 0 2.38679 0 0 0 0 0 

Tree: CPAM; AugType: HasBox; Split: MortonCurve; BDO: 6; Inba: 30; Coord: integer; 
1.in 
# Insert
## 1
median: (1, 10.5861)-> min: (1, 10.5861)-> max: (1, 10.5861)-> tot: 10.5861-> avg: 10.5861
in-dis-skewed knn time: 2.4755 57.4163 384.088 0 384.088 327.672 14.6316 274.434 1188.91 0 1188.91 915.48 52.8167 580.895 1647.92 0 1647.92 1068.03 
out-dis-skewed knn time: 1.4045 33.0628 300.9 0 300.9 268.837 2.2505 57.3107 367.415 0 367.415 311.104 6.28153 99.412 435.617 0 435.617 337.205 
in-dis-uniform knn time: 19.4509 77.6206 529.195 0 529.195 452.574 42.5424 217.186 943.754 0 943.754 727.568 83.8286 436.27 1259.75 0 1259.75 824.478 
out-dis-uniform knn time: 1.62066 29.7705 256.63 0 256.63 227.86 3.53253 64.2149 370.584 0 370.584 307.37 10.6098 128.423 466.784 0 466.784 339.362 
range count time: 0.00186333 0 0 0 0 0 0.0105853 0 0 0 0 0 0.840927 0 0 0 0 0 
range query time: 0.001813 0 0 0 0 0 0.0150127 0 0 0 0 0 2.05661 0 0 0 0 0 
# Insert
## 0.1
median: (4, 1.56915)-> min: (2, 1.4574)-> max: (1, 1.76039)-> tot: 15.8821-> avg: 1.58821
in-dis-skewed knn time: 2.65858 65.9791 460.862 0 460.862 395.882 14.4392 269.474 1234.27 0 1234.27 965.796 48.7059 556.298 1655.36 0 1655.36 1100.07 
out-dis-skewed knn time: 1.53115 35.8395 312.507 0 312.507 277.668 2.28321 54.2245 364.773 0 364.773 311.548 6.72044 101.565 442.637 0 442.637 342.072 
in-dis-uniform knn time: 19.3891 82.7496 586.471 0 586.471 504.722 43.817 228.431 1031.89 0 1031.89 804.46 89.4477 471.349 1387.98 0 1387.98 917.629 
out-dis-uniform knn time: 1.87184 33.5338 278.31 0 278.31 245.777 4.18646 73.5988 430.222 0 430.222 357.623 12.8294 156.04 551.811 0 551.811 396.771 
range count time: 0.00150767 0 0 0 0 0 0.0101337 0 0 0 0 0 0.893106 0 0 0 0 0 
range query time: 0.00197967 0 0 0 0 0 0.017105 0 0 0 0 0 2.13287 0 0 0 0 0 
# Insert
## 0.01
median: (95, 0.114745)-> min: (51, 0.101352)-> max: (16, 0.132602)-> tot: 11.4884-> avg: 0.114884
in-dis-skewed knn time: 2.83347 55.0411 396.413 0 396.413 342.372 13.8331 221.041 990.341 0 990.341 770.3 45.1708 444.883 1312.08 0 1312.08 868.193 
out-dis-skewed knn time: 1.95593 50.7313 390.068 0 390.068 340.336 3.07413 77.5484 433.384 0 433.384 356.835 8.92453 131.829 501.895 0 501.895 371.066 
in-dis-uniform knn time: 19.3797 78.7308 562.97 0 562.97 485.239 42.6698 205.398 944.081 0 944.081 739.683 87.3317 421.219 1260.08 0 1260.08 839.862 
out-dis-uniform knn time: 2.33871 39.9207 319.514 0 319.514 280.593 5.21595 90.0863 483.542 0 483.542 394.456 14.7295 173.248 603.033 0 603.033 430.786 
range count time: 0.00174533 0 0 0 0 0 0.0107943 0 0 0 0 0 0.905118 0 0 0 0 0 
range query time: 0.00264267 0 0 0 0 0 0.0199153 0 0 0 0 0 2.1554 0 0 0 0 0 
# Insert
## 0.001
median: (583, 0.00894233)-> min: (92, 0.008057)-> max: (181, 0.0142567)-> tot: 9.07419-> avg: 0.00907368
in-dis-skewed knn time: 3.35267 61.749 466.107 0 466.107 405.358 18.2818 301.053 1383.92 0 1383.92 1083.87 58.1474 639.175 1843.36 0 1843.36 1205.18 
out-dis-skewed knn time: 1.71331 35.2775 359.74 0 359.74 325.463 2.41563 53.6235 392.774 0 392.774 340.15 13.5735 161.219 598.823 0 598.823 438.604 
in-dis-uniform knn time: 19.0786 74.2436 551.73 0 551.73 478.487 43.3218 215.826 1002.02 0 1002.02 787.192 91.3019 452.217 1350.28 0 1350.28 899.064 
out-dis-uniform knn time: 2.26939 32.1117 312.809 0 312.809 281.697 5.61741 84.5407 516.383 0 516.383 432.843 18.9645 205.636 709.959 0 709.959 505.322 
range count time: 0.00179767 0 0 0 0 0 0.0121847 0 0 0 0 0 0.911866 0 0 0 0 0 
range query time: 0.00226 0 0 0 0 0 0.0175633 0 0 0 0 0 2.18955 0 0 0 0 0 
# Insert
## 0.0001
median: (4325, 0.001831)-> min: (322, 0.00152067)-> max: (7768, 0.00642933)-> tot: 18.6354-> avg: 0.00186304
in-dis-skewed knn time: 2.59417 53.2562 382.305 0 382.305 330.049 16.027 250.89 1160.9 0 1160.9 911.012 53.2634 545.224 1543.61 0 1543.61 999.385 
out-dis-skewed knn time: 1.99877 44.6088 407.889 0 407.889 364.28 2.78144 69.6845 450.623 0 450.623 381.939 8.29732 131.545 545.988 0 545.988 415.443 
in-dis-uniform knn time: 19.9958 86.9857 626.581 0 626.581 540.595 44.0576 222.886 1017.82 0 1017.82 795.938 92.8463 461.954 1364.64 0 1364.64 903.684 
out-dis-uniform knn time: 2.65571 37.9113 347.986 0 347.986 311.075 6.40755 95.625 582.925 0 582.925 488.3 18.4578 205.413 746.646 0 746.646 542.233 
range count time: 0.00174533 0 0 0 0 0 0.0124717 0 0 0 0 0 0.913084 0 0 0 0 0 
range query time: 0.00182233 0 0 0 0 0 0.0178923 0 0 0 0 0 2.20179 0 0 0 0 0 

Tree: CPAM; AugType: HasBox; Split: MortonCurve; BDO: 6; Inba: 30; Coord: integer; 
2_sort_by_0.in 
# Insert
## 1
median: (1, 10.6645)-> min: (1, 10.6645)-> max: (1, 10.6645)-> tot: 10.6645-> avg: 10.6645
in-dis-skewed knn time: 13.2426 92.6266 502.446 0 502.446 410.82 36.94 271.135 940.85 0 940.85 670.715 83.0896 554.045 1359.38 0 1359.38 806.334 
out-dis-skewed knn time: 4.53623 50.6373 423.24 0 423.24 373.603 13.5256 134.822 640.371 0 640.371 506.549 52.1685 389.709 1055 0 1055 666.287 
in-dis-uniform knn time: 26.889 101.445 627.454 0 627.454 527.009 60.2887 268.418 1079.59 0 1079.59 812.176 121.208 564.59 1556.34 0 1556.34 992.755 
out-dis-uniform knn time: 5.74021 52.4784 414.184 0 414.184 362.705 17.4718 145.163 654.721 0 654.721 510.558 55.918 378.669 1027.18 0 1027.18 649.513 
range count time: 0.001698 0 0 0 0 0 0.10599 0 0 0 0 0 1.78381 0 0 0 0 0 
range query time: 0.001698 0 0 0 0 0 0.116785 0 0 0 0 0 2.67074 0 0 0 0 0 
# Insert
## 0.1
median: (5, 1.5211)-> min: (4, 1.43682)-> max: (1, 1.59284)-> tot: 15.1171-> avg: 1.51171
in-dis-skewed knn time: 9.83411 62.2896 378.15 0 378.15 316.861 34.5947 234.082 875.799 0 875.799 642.717 82.0969 513.451 1291.01 0 1291.01 778.563 
out-dis-skewed knn time: 5.50548 63.64 511.537 0 511.537 448.897 15.0282 153.605 714.528 0 714.528 561.922 57.4616 422.952 1152.15 0 1152.15 730.201 
in-dis-uniform knn time: 31.2362 109.27 712.571 0 712.571 604.301 69.05 278.788 1164.28 0 1164.28 886.493 139.312 584.757 1659.06 0 1659.06 1075.3 
out-dis-uniform knn time: 7.47915 70.7893 533.743 0 533.743 463.953 19.5705 163.443 725.559 0 725.559 563.116 62.2472 410.672 1115.27 0 1115.27 705.597 
range count time: 0.00207867 0 0 0 0 0 0.126008 0 0 0 0 0 1.88696 0 0 0 0 0 
range query time: 0.003122 0 0 0 0 0 0.133771 0 0 0 0 0 2.79434 0 0 0 0 0 
# Insert
## 0.01
median: (2, 0.117363)-> min: (94, 0.0995787)-> max: (13, 0.136849)-> tot: 11.7304-> avg: 0.117304
in-dis-skewed knn time: 9.10744 50.1008 329.707 0 329.707 280.606 33.35 202.749 789.161 0 789.161 587.413 79.815 437.219 1159.1 0 1159.1 722.878 
out-dis-skewed knn time: 6.02024 58.3495 467.039 0 467.039 409.689 16.4657 139.499 636.787 0 636.787 498.288 62.042 374.573 1000.03 0 1000.03 626.456 
in-dis-uniform knn time: 28.3402 105.625 675.301 0 675.301 570.676 61.6826 261.205 1076.28 0 1076.28 816.072 127.749 545.383 1543.17 0 1543.17 998.785 
out-dis-uniform knn time: 7.65272 64.5181 478.749 0 478.749 415.231 20.061 145.093 634.177 0 634.177 490.084 63.5312 354.044 952.048 0 952.048 599.004 
range count time: 0.00201233 0 0 0 0 0 0.131387 0 0 0 0 0 1.92167 0 0 0 0 0 
range query time: 0.00189167 0 0 0 0 0 0.131576 0 0 0 0 0 2.87307 0 0 0 0 0 
# Insert
## 0.001
median: (388, 0.0132053)-> min: (640, 0.00932467)-> max: (589, 0.0183777)-> tot: 13.1649-> avg: 0.0131645
in-dis-skewed knn time: 8.56866 50.0798 323.924 0 323.924 274.844 30.3589 191.048 740.569 0 740.569 550.521 76.0674 434.252 1120.16 0 1120.16 686.904 
out-dis-skewed knn time: 5.67661 57.6394 454.311 0 454.311 397.671 14.9801 136.231 623.145 0 623.145 487.914 58.7653 378.2 1006.72 0 1006.72 629.522 
in-dis-uniform knn time: 27.3387 105.786 659.408 0 659.408 554.622 58.0807 256.094 1032.67 0 1032.67 777.572 122.489 545.592 1500.63 0 1500.63 956.039 
out-dis-uniform knn time: 7.37807 66.1996 476.37 0 476.37 411.171 18.7409 145.482 630.97 0 630.97 486.488 61.4972 364.279 970.455 0 970.455 607.176 
range count time: 0.00223833 0 0 0 0 0 0.127722 0 0 0 0 0 1.91757 0 0 0 0 0 
range query time: 0.001627 0 0 0 0 0 0.134329 0 0 0 0 0 2.88707 0 0 0 0 0 
# Insert
## 0.0001
median: (6276, 0.00586733)-> min: (2622, 0.00185433)-> max: (3920, 0.0108713)-> tot: 57.417-> avg: 0.00574121
in-dis-skewed knn time: 8.48459 48.5196 313.512 0 313.512 265.992 30.8635 199.865 760.229 0 760.229 561.364 75.5761 439.163 1130.11 0 1130.11 691.946 
out-dis-skewed knn time: 5.50445 56.1879 454.832 0 454.832 399.645 14.2903 130.558 623.44 0 623.44 493.882 55.398 366.571 1007.67 0 1007.67 642.096 
in-dis-uniform knn time: 28.1632 109.08 679.636 0 679.636 571.556 59.6031 262.063 1057.72 0 1057.72 796.661 124.668 554.364 1533.01 0 1533.01 979.649 
out-dis-uniform knn time: 7.14839 64.9441 476.421 0 476.421 412.477 17.9355 142.506 633.34 0 633.34 491.834 58.467 358.879 975.965 0 975.965 618.086 
range count time: 0.002027 0 0 0 0 0 0.12732 0 0 0 0 0 1.9029 0 0 0 0 0 
range query time: 0.00165867 0 0 0 0 0 0.134705 0 0 0 0 0 2.87442 0 0 0 0 0 

Tree: CPAM; AugType: HasBox; Split: MortonCurve; BDO: 6; Inba: 30; Coord: integer; 
2.in 
# Insert
## 1
median: (1, 11.5739)-> min: (1, 11.5739)-> max: (1, 11.5739)-> tot: 11.5739-> avg: 11.5739
in-dis-skewed knn time: 26.8112 98.3867 621.67 0 621.67 524.283 62.2529 275.442 1133.72 0 1133.72 859.277 126.41 582.891 1637.45 0 1637.45 1055.56 
out-dis-skewed knn time: 27.2171 99.8296 627.076 0 627.076 528.247 62.4799 275.646 1134.41 0 1134.41 859.767 126.52 583.024 1637.87 0 1637.87 1055.85 
in-dis-uniform knn time: 26.8014 98.3961 621.757 0 621.757 524.361 62.4372 275.439 1133.75 0 1133.75 859.315 126.524 582.891 1637.53 0 1637.53 1055.64 
out-dis-uniform knn time: 27.2616 99.8668 627.252 0 627.252 528.385 62.5703 275.663 1134.46 0 1134.46 859.793 126.623 583.036 1637.91 0 1637.91 1055.87 
range count time: 0.00149167 0 0 0 0 0 0.0764427 0 0 0 0 0 1.53134 0 0 0 0 0 
range query time: 0.00155267 0 0 0 0 0 0.087792 0 0 0 0 0 2.51498 0 0 0 0 0 
# Insert
## 0.1
median: (8, 1.98279)-> min: (0, 1.40593)-> max: (7, 2.1675)-> tot: 18.5004-> avg: 1.85004
in-dis-skewed knn time: 25.9641 98.654 626.133 0 626.133 528.479 63.5556 280.79 1149.67 0 1149.67 869.88 134.667 598.842 1662.4 0 1662.4 1064.56 
out-dis-skewed knn time: 26.5432 100.11 631.565 0 631.565 532.455 63.8205 280.985 1150.4 0 1150.4 870.41 134.839 598.985 1662.91 0 1662.91 1064.93 
in-dis-uniform knn time: 26.1798 98.6802 626.272 0 626.272 528.592 63.8312 280.783 1149.75 0 1149.75 869.964 134.944 598.837 1662.51 0 1662.51 1064.68 
out-dis-uniform knn time: 26.6174 100.131 631.674 0 631.674 532.543 63.9253 280.985 1150.36 0 1150.36 870.373 134.965 598.943 1662.81 0 1662.81 1064.87 
range count time: 0.00158067 0 0 0 0 0 0.0918203 0 0 0 0 0 1.64561 0 0 0 0 0 
range query time: 0.00161767 0 0 0 0 0 0.0994147 0 0 0 0 0 2.6898 0 0 0 0 0 
# Insert
## 0.01
median: (47, 0.443974)-> min: (1, 0.116407)-> max: (98, 0.718689)-> tot: 43.3916-> avg: 0.433916
in-dis-skewed knn time: 25.7886 97.9177 624.627 0 624.627 527.709 63.3717 281.306 1149.98 0 1149.98 869.67 134.377 596.717 1662.4 0 1662.4 1066.68 
out-dis-skewed knn time: 26.4138 99.4416 630.137 0 630.137 531.695 63.6748 281.498 1150.63 0 1150.63 870.128 134.576 596.78 1662.73 0 1662.73 1066.95 
in-dis-uniform knn time: 26.0293 97.9869 624.735 0 624.735 527.748 63.7005 281.297 1149.99 0 1149.99 869.695 134.623 596.666 1662.43 0 1662.43 1066.76 
out-dis-uniform knn time: 26.4721 99.4692 630.292 0 630.292 531.822 63.7924 281.489 1150.58 0 1150.58 870.086 134.758 596.748 1662.63 0 1662.63 1066.88 
range count time: 0.00161367 0 0 0 0 0 0.0942347 0 0 0 0 0 1.64539 0 0 0 0 0 
range query time: 0.001643 0 0 0 0 0 0.102525 0 0 0 0 0 2.70973 0 0 0 0 0 
# Insert
## 0.001
median: (504, 0.138665)-> min: (1, 0.00945567)-> max: (997, 0.15644)-> tot: 123.054-> avg: 0.123053
in-dis-skewed knn time: 25.8231 97.9077 624.244 0 624.244 527.336 63.5923 282.075 1153.32 0 1153.32 872.247 134.733 600.521 1670.53 0 1670.53 1071.01 
out-dis-skewed knn time: 26.4354 99.4141 629.709 0 629.709 531.295 63.8897 282.277 1154.04 0 1154.04 872.759 134.986 600.632 1670.98 0 1670.98 1071.35 
in-dis-uniform knn time: 26.0681 97.9848 624.426 0 624.426 527.441 63.9205 282.089 1153.45 0 1153.45 872.358 135.073 600.518 1670.69 0 1670.69 1071.17 
out-dis-uniform knn time: 26.5024 99.4583 629.927 0 629.927 531.469 64.0516 282.316 1154.11 0 1154.11 872.798 135.218 600.664 1671.01 0 1671.01 1071.35 
range count time: 0.00163067 0 0 0 0 0 0.094171 0 0 0 0 0 1.65331 0 0 0 0 0 
range query time: 0.00167867 0 0 0 0 0 0.102006 0 0 0 0 0 2.70397 0 0 0 0 0 
# Insert
## 0.0001
median: (7267, 0.018211)-> min: (0, 0.00173233)-> max: (5966, 0.023104)-> tot: 177.96-> avg: 0.0177955
in-dis-skewed knn time: 26.5651 104.537 664.381 0 664.381 560.844 63.6892 286.151 1165.78 0 1165.78 880.625 134.993 610.281 1688.73 0 1688.73 1079.45 
out-dis-skewed knn time: 27.2106 106.071 670.001 0 670.001 564.93 64.0148 286.343 1166.45 0 1166.45 881.109 135.262 610.38 1689.12 0 1689.12 1079.74 
in-dis-uniform knn time: 26.8374 104.62 664.666 0 664.666 561.046 64.0407 286.165 1165.92 0 1165.92 880.757 135.37 610.309 1688.93 0 1688.93 1079.63 
out-dis-uniform knn time: 27.289 106.092 670.077 0 670.077 564.986 64.1269 286.376 1166.52 0 1166.52 881.139 135.435 610.42 1689.16 0 1689.16 1079.74 
range count time: 0.001777 0 0 0 0 0 0.094454 0 0 0 0 0 1.64965 0 0 0 0 0 
range query time: 0.003215 0 0 0 0 0 0.102925 0 0 0 0 0 2.70878 0 0 0 0 0 

Tree: KdTree; AugType: HasBox; Split: MaxStretchDim-ObjectMedian; BDO: 6; Inba: 30; Coord: integer; 
1.in 
## incre insert full: 1215.05609 
in-dis-skewed knn time: 1.12982 13.97680 70.62742 
out-dis-skewed knn time: 0.81386 1.00964 69.56029 
in-dis-uniform knn time: 0.83543 0.98290 60.29104 
out-dis-uniform knn time: 0.77886 0.96238 51.91773 
range count time: 0.00077 0.00634 1.02520 
range query time: 0.00359 0.01599 10.50085 
## incre insert half: 571.00494 
in-dis-skewed knn time: 0.84884 0.88737 21.43423 
out-dis-skewed knn time: 0.88181 0.92214 18.29337 
in-dis-uniform knn time: 0.89291 0.91606 16.91965 
out-dis-uniform knn time: 0.88645 0.91851 15.73670 
range count time: 0.00115 0.00621 0.99186 
range query time: 0.00050 0.01554 11.72265 
## build tree half: 140.85651 
in-dis-skewed knn time: 1.38488 1.62184 20.50371 
out-dis-skewed knn time: 1.38440 1.60831 20.34244 
in-dis-uniform knn time: 1.38599 1.61273 20.37795 
out-dis-uniform knn time: 1.38464 1.60621 20.52369 
range count time: 0.00068 0.00641 0.89533 
range query time: 0.00045 0.01534 11.21172 
## incre delete half: 381.56232 
in-dis-skewed knn time: 1.42700 1.70099 21.85652 
out-dis-skewed knn time: 1.42972 1.70087 21.54533 
in-dis-uniform knn time: 1.43155 1.68690 21.59003 
out-dis-uniform knn time: 1.42894 1.69528 21.75898 
range count time: 0.00282 0.00602 0.88071 
range query time: 0.00052 0.01516 11.34638 

Tree: KdTree; AugType: HasBox; Split: MaxStretchDim-ObjectMedian; BDO: 6; Inba: 30; Coord: integer; 
2_sort_by_0.in 
## incre insert full: 1163.34605 
in-dis-skewed knn time: 41.16579 231.08100 1390.21394 
out-dis-skewed knn time: 40.80722 216.77883 1409.39288 
in-dis-uniform knn time: 39.83473 218.53338 1362.33964 
out-dis-uniform knn time: 40.07286 210.67101 1345.03611 
range count time: 0.95622 27.97746 667.01575 
range query time: 0.96809 28.57539 714.48643 
## incre insert half: 528.42245 
in-dis-skewed knn time: 39.74924 210.35325 1365.15549 
out-dis-skewed knn time: 40.14379 219.08632 1413.17940 
in-dis-uniform knn time: 39.60069 210.63032 1359.10455 
out-dis-uniform knn time: 39.58310 211.33326 1345.34274 
range count time: 0.97801 27.75614 637.92087 
range query time: 0.97937 28.10594 690.52060 
## build tree half: 168.55971 
in-dis-skewed knn time: 0.74529 0.74976 1.54119 
out-dis-skewed knn time: 0.72784 0.75785 1.56543 
in-dis-uniform knn time: 0.77923 0.75832 1.54165 
out-dis-uniform knn time: 0.75115 0.75490 1.54423 
range count time: 0.00080 0.03091 1.15726 
range query time: 0.00057 0.04535 5.92428 
## incre delete half: 823.10753 
in-dis-skewed knn time: 0.76189 0.76663 1.59097 
out-dis-skewed knn time: 0.75448 0.75578 1.58197 
in-dis-uniform knn time: 0.76267 0.76625 1.58660 
out-dis-uniform knn time: 0.76727 0.76006 1.59220 
range count time: 0.00073 0.03140 1.13617 
range query time: 0.00057 0.04515 5.91285 

Tree: KdTree; AugType: HasBox; Split: MaxStretchDim-ObjectMedian; BDO: 6; Inba: 30; Coord: integer; 
2.in 
## incre insert full: 2216.56267 
in-dis-skewed knn time: 70.36043 109.52077 186.61841 
out-dis-skewed knn time: 70.71613 109.62787 186.32925 
in-dis-uniform knn time: 70.66619 109.50732 186.32911 
out-dis-uniform knn time: 70.66917 109.63039 186.33357 
range count time: 0.11951 3.03448 16.78276 
range query time: 0.14231 2.96159 24.30143 
## incre insert half: 957.02732 
in-dis-skewed knn time: 39.22304 61.64879 112.33506 
out-dis-skewed knn time: 39.42881 61.71234 112.34178 
in-dis-uniform knn time: 39.44364 61.72686 112.29095 
out-dis-uniform knn time: 39.42893 61.72292 112.44273 
range count time: 0.07604 1.44721 9.01231 
range query time: 0.08065 1.44588 12.86879 
## build tree half: 180.83308 
in-dis-skewed knn time: 0.70284 0.89425 17.65928 
out-dis-skewed knn time: 0.70840 0.87733 17.33215 
in-dis-uniform knn time: 0.72552 0.88669 16.84892 
out-dis-uniform knn time: 0.71599 0.89205 16.36246 
range count time: 0.00084 0.02410 1.08633 
range query time: 0.00060 0.03556 9.86972 
## incre delete half: 1173.59609 
in-dis-skewed knn time: 0.68755 0.89376 17.34781 
out-dis-skewed knn time: 0.70843 0.90792 17.12981 
in-dis-uniform knn time: 0.70491 0.89572 16.89224 
out-dis-uniform knn time: 0.70506 0.90043 16.71024 
range count time: 0.00092 0.02706 1.34979 
range query time: 0.00164 0.03842 9.50042 

