Tree: KdTree; AugType: HasBox; Split: MaxStretchDim-ObjectMedian; BDO: 6; Inba: 30; Coord: integer; 
1.in 
1.93333e-05 3.96667e-05 8.76667e-05 0.000340667 0.001007 0.000973333 0.00104367 0.001126 0.00205533 0.00223233 0.00341467 0.00724433 0.010713 3.66667e-05 6.6e-05 0.000115 0.000283333 0.000601 0.00102867 0.001071 0.00127867 0.001943 0.00306767 0.003505 0.00635333 0.000372667 

Tree: KdTree; AugType: HasBox; Split: MaxStretchDim-ObjectMedian; BDO: 6; Inba: 30; Coord: integer; 
2_sort_by_0.in 
9.1e-05 0.000126333 0.000203 0.000256667 0.000374667 0.00057 0.000641667 0.000564333 0.000658667 0.000971 0.00158167 0.00325767 0.00568933 0.000151667 0.000208333 0.000264667 0.000296667 0.000256333 0.000306667 0.000581 0.000814667 0.00116367 0.00233633 0.00214967 0.004894 0.000372667 

Tree: KdTree; AugType: HasBox; Split: MaxStretchDim-ObjectMedian; BDO: 6; Inba: 30; Coord: integer; 
2.in 
0.000141 0.000299 0.000686333 0.00119467 0.000237667 0.000336 0.000471 0.000775667 0.001097 0.00138933 0.00186833 0.003369 0.00558933 0.000276333 0.000471 0.000975 0.00159667 0.000311667 0.000429333 0.000577667 0.000858 0.00112567 0.001348 0.00177667 0.002747 0.000391 

Tree: OrthTree; AugType: HasBox; Split: RotateDim-SpatialMedian; BDO: 6; Inba: 30; Coord: integer; 
1.in 
2.46667e-05 4.06667e-05 7.4e-05 0.000116 0.000587 0.000810667 0.000817667 0.000935 0.00132733 0.001813 0.002527 0.00540567 0.011097 5.06667e-05 6.8e-05 0.000126 0.000170333 0.00114733 0.001057 0.001104 0.00116533 0.00120467 0.00218367 0.00238933 0.00335867 0.000508 

Tree: OrthTree; AugType: HasBox; Split: RotateDim-SpatialMedian; BDO: 6; Inba: 30; Coord: integer; 
2_sort_by_0.in 
0.000113333 0.000134333 0.000200667 0.000241 0.000140333 0.000394667 0.000676 0.000575667 0.000521667 0.000889667 0.00142667 0.002754 0.004791 0.000151333 0.000191333 0.000255667 0.000312 0.000164 0.000218 0.000248667 0.000291 0.000449 0.000785667 0.000926333 0.00399933 0.000383 

Tree: OrthTree; AugType: HasBox; Split: RotateDim-SpatialMedian; BDO: 6; Inba: 30; Coord: integer; 
2.in 
0.000227 0.000404 0.000863667 0.001515 0.000221 0.00031 0.000376333 0.000611333 0.000720333 0.001016 0.00144733 0.00235333 0.004709 0.000305 0.000536667 0.00111833 0.00189 0.000239 0.000416667 0.000547333 0.000694 0.001179 0.00116 0.00160833 0.00233467 0.000390333 

Tree: PTree; AugType: HasBox; Split: HilbertCurve; BDO: 6; Inba: 30; Coord: integer; 
1.in 
3.13333e-05 6.66667e-05 0.000121667 0.000209667 0.000342333 0.000697667 0.00145133 0.000348 0.000685 0.000859 0.00158267 0.00348967 0.00683967 5.16667e-05 9.23333e-05 0.000156333 0.000233667 0.000359667 0.000784 0.001466 0.000292 0.000491333 0.000823667 0.001383 0.00340367 0.004987 

Tree: PTree; AugType: HasBox; Split: HilbertCurve; BDO: 6; Inba: 30; Coord: integer; 
2_sort_by_0.in 
3.66667e-05 5.66667e-05 0.000105667 0.000202 0.000340667 0.000781 0.00149767 0.000301 0.000536333 0.00103467 0.00173167 0.00397533 0.007704 8.2e-05 0.000128333 0.000143667 0.000221333 0.000391667 0.000811 0.001539 0.000288667 0.000459333 0.000725667 0.001235 0.002795 0.00517833 

Tree: PTree; AugType: HasBox; Split: HilbertCurve; BDO: 6; Inba: 30; Coord: integer; 
2.in 
3.83333e-05 6.2e-05 0.000122667 0.000228333 0.000399 0.000834 0.00157167 0.000450667 0.000622 0.00138967 0.001758 0.004759 0.00920067 0.000222667 0.00033 0.000283667 0.000409333 0.000509 0.001061 0.00194433 0.000876333 0.00112633 0.001507 0.002189 0.00495567 0.005528 

Tree: PTree; AugType: HasBox; Split: MortonCurve; BDO: 6; Inba: 30; Coord: integer; 
1.in 
2.63333e-05 5.83333e-05 9.13333e-05 0.000137 0.000223667 0.000433667 0.000733333 0.000296667 0.000474667 0.000769667 0.001363 0.002984 0.00588533 3.66667e-05 7.3e-05 0.000125333 0.000173333 0.000266667 0.000455 0.000753 0.000277333 0.00045 0.000742333 0.001006 0.00206067 0.00388233 

Tree: PTree; AugType: HasBox; Split: MortonCurve; BDO: 6; Inba: 30; Coord: integer; 
2_sort_by_0.in 
3.33333e-05 4.33333e-05 7.7e-05 0.000138 0.000212667 0.000442667 0.000775 0.000281 0.000519667 0.000882667 0.00163133 0.00343033 0.00698167 0.000105667 0.000146667 0.000146333 0.000180333 0.000257 0.000482333 0.000798 0.000293 0.00046 0.000786333 0.00103267 0.002116 0.00400933 

Tree: PTree; AugType: HasBox; Split: MortonCurve; BDO: 6; Inba: 30; Coord: integer; 
2.in 
3.26667e-05 4.6e-05 8.63333e-05 0.000148333 0.000265667 0.000463667 0.000847 0.000340667 0.000553 0.000830333 0.00174733 0.00414533 0.007437 0.000184667 0.000298 0.000236333 0.000300667 0.000386 0.000673 0.00114367 0.000745333 0.000994333 0.00124933 0.00198167 0.00458467 0.004642 

Tree: CPAM; AugType: HasBox; Split: HilbertCurve; BDO: 6; Inba: 30; Coord: integer; 
1.in 
7.23333e-05 8.43333e-05 0.000167333 0.000183 0.000226 0.000406333 0.000576667 0.000591 0.001096 0.001492 0.00250967 0.00575367 0.0114537 8.13333e-05 9.23333e-05 0.000113333 0.000152333 0.000231667 0.000383 0.000580333 0.000619667 0.000978 0.001611 0.00264033 0.00616833 0.0113753 

Tree: CPAM; AugType: HasBox; Split: HilbertCurve; BDO: 6; Inba: 30; Coord: integer; 
2_sort_by_0.in 
8.76667e-05 9.86667e-05 0.000115333 0.000148 0.000206333 0.000370333 0.000621 0.000758 0.000983667 0.001549 0.00285867 0.00638367 0.012071 8.03333e-05 0.000101 0.000119667 0.000174667 0.000233 0.000402 0.000582333 0.000615333 0.00139733 0.00162667 0.002923 0.00623667 0.0113313 

Tree: CPAM; AugType: HasBox; Split: HilbertCurve; BDO: 6; Inba: 30; Coord: integer; 
2.in 
9.03333e-05 0.000127333 0.000213667 0.000652667 0.000599 0.000949333 0.00134733 0.00144067 0.00183 0.002404 0.00343367 0.00719833 0.012701 0.000108667 0.000148333 0.000285667 0.000415667 0.000695333 0.00111667 0.001544 0.00168033 0.00209867 0.00268467 0.00362167 0.006714 0.0118587 

Tree: CPAM; AugType: HasBox; Split: MortonCurve; BDO: 6; Inba: 30; Coord: integer; 
1.in 
6.96667e-05 8.16667e-05 0.000189667 0.000227333 0.000212333 0.000757667 0.000575 0.000559667 0.000911667 0.00164133 0.00237133 0.004919 0.009903 7.8e-05 8.96667e-05 0.000126 0.000169667 0.000214 0.000333667 0.000504667 0.000591 0.00101933 0.00142233 0.002482 0.00525167 0.0101893 

Tree: CPAM; AugType: HasBox; Split: MortonCurve; BDO: 6; Inba: 30; Coord: integer; 
2_sort_by_0.in 
8e-05 8.96667e-05 0.000117667 0.000156333 0.000216 0.000496333 0.000635667 0.000535667 0.001007 0.001503 0.002582 0.00555067 0.011031 9e-05 0.000102667 0.000152333 0.000178 0.000224333 0.00043 0.000546 0.000591333 0.000958667 0.00156133 0.00248067 0.005387 0.0101967 

Tree: CPAM; AugType: HasBox; Split: MortonCurve; BDO: 6; Inba: 30; Coord: integer; 
2.in 
8.5e-05 0.000122667 0.000210667 0.000333333 0.000553333 0.000899667 0.00127567 0.00133967 0.001729 0.00221333 0.00349533 0.006424 0.0116247 9.96667e-05 0.000141667 0.000279667 0.000384667 0.000664333 0.00102333 0.00146533 0.00158067 0.00227667 0.00236033 0.00328333 0.00606333 0.0107473 

Tree: ZdTree; AugType: WithoutBox; Split: MortonCurve; BDO: 6; Inba: 30; Coord: float; 
1.in 
4.26667e-05 6.16667e-05 0.000108333 0.000154667 0.000212333 0.000299 0.000416 0.000410333 0.000621 0.00100467 0.00162433 0.00378033 0.00735767 6e-05 8.63333e-05 0.00074 0.000757 0.000975667 0.000775667 0.000695667 0.000805667 0.00085 0.00107867 0.001765 0.00331167 0.00614 

Tree: ZdTree; AugType: WithoutBox; Split: MortonCurve; BDO: 6; Inba: 30; Coord: float; 
2_sort_by_0.in 
0.000116 0.000148333 0.000421 0.000462667 0.000271 0.0006 0.000431667 0.000354 0.000655667 0.00103367 0.00176333 0.00393667 0.00788 0.000154667 0.000203667 0.000172667 0.00034 0.000331667 0.000501 0.000382 0.00100467 0.000912667 0.00105267 0.00150467 0.00331133 0.00626333 

Tree: ZdTree; AugType: WithoutBox; Split: MortonCurve; BDO: 6; Inba: 30; Coord: float; 
2.in 
0.000242667 0.000428667 0.000492667 0.000563333 0.000586333 0.000728 0.000857667 0.000994 0.00161267 0.00217167 0.00306433 0.00505967 0.00799167 0.000311333 0.000572333 0.000608 0.000567333 0.000575667 0.000636 0.000912333 0.001081 0.00178667 0.00226133 0.00307667 0.00439767 0.00678233 

