Tree: KdTree; AugType: HasBox; Split: MaxStretchDim-ObjectMedian; BDO: 6; Inba: 30; Coord: integer; 
2.in 
0.00505267 0.00635833 0.0133587 0.0235327 0.0421853 0.0832747 0.131667 0.216676 0.386856 0.592051 0.972032 2.07944 3.89036 0.00575967 0.006444 0.0141023 0.0249117 0.0433847 0.0865857 0.136804 0.215805 0.38362 0.561139 0.90626 1.94549 3.59316 

Tree: KdTree; AugType: HasBox; Split: MaxStretchDim-ObjectMedian; BDO: 6; Inba: 30; Coord: integer; 
1.in 
0.00286867 0.00441567 0.00710333 0.0117383 0.0205827 0.050312 0.107785 0.210902 0.495908 0.906255 1.78461 4.79841 9.83732 0.00322767 0.00377967 0.00847133 0.0112687 0.0185 0.047103 0.0817637 0.167128 0.61789 1.00168 1.69175 4.03022 4.63388 

Tree: KdTree; AugType: HasBox; Split: MaxStretchDim-ObjectMedian; BDO: 6; Inba: 30; Coord: integer; 
2_sort_by_0.in 
0.00138667 0.002204 0.00575633 0.00611767 0.011106 0.025697 0.0532573 0.111937 0.257159 0.477183 0.926699 2.50177 4.7515 0.00115433 0.00248433 0.00614433 0.0206137 0.0287047 0.05748 0.104831 0.202885 0.418446 0.795565 2.42015 5.2541 4.18728 

Tree: OrthTree; AugType: HasBox; Split: RotateDim-SpatialMedian; BDO: 6; Inba: 30; Coord: integer; 
2.in 
0.00323333 0.00579967 0.0120303 0.0211393 0.03641 0.070828 0.118514 0.195079 0.336732 0.49531 0.813717 1.70618 3.53818 0.00312533 0.00569867 0.012004 0.0210807 0.0366657 0.0702073 0.11781 0.191537 0.340343 0.506284 0.792902 1.71125 3.40957 

Tree: OrthTree; AugType: HasBox; Split: RotateDim-SpatialMedian; BDO: 6; Inba: 30; Coord: integer; 
1.in 
0.00289467 0.00552167 0.00989367 0.0187547 0.037236 0.0975407 0.118709 0.238083 0.580224 1.80501 3.45171 6.7659 11.3179 0.00399133 0.005701 0.00923933 0.0145373 0.026396 0.063379 0.118638 0.262907 0.667802 1.37276 2.59771 6.72467 11.7613 

Tree: OrthTree; AugType: HasBox; Split: RotateDim-SpatialMedian; BDO: 6; Inba: 30; Coord: integer; 
2_sort_by_0.in 
0.002425 0.002375 0.00394267 0.00611 0.0118283 0.026589 0.0499467 0.09575 0.242366 0.444736 1.0013 2.32169 4.75316 0.001482 0.00144433 0.00317367 0.00585 0.0105177 0.0262273 0.0449493 0.0967963 0.225201 0.491878 0.985163 2.33489 4.10925 

Tree: PTree; AugType: HasBox; Split: HilbertCurve; BDO: 6; Inba: 30; Coord: integer; 
2.in 
0.00249667 0.00412067 0.008035 0.012625 0.020433 0.0357433 0.0570177 0.0930507 0.186819 0.346104 0.676039 2.11156 3.95261 0.00413067 0.007432 0.0153917 0.027335 0.0478097 0.0978443 0.163396 0.248974 0.388202 0.528199 0.780528 1.76765 2.71079 

Tree: PTree; AugType: HasBox; Split: HilbertCurve; BDO: 6; Inba: 30; Coord: integer; 
1.in 
0.00077 0.001264 0.00217367 0.003782 0.006793 0.014463 0.027408 0.053557 0.138357 0.272461 0.540678 1.50722 3.08965 0.000678 0.00111633 0.00183167 0.00271367 0.00549967 0.013104 0.0250583 0.0487793 0.116736 0.225493 0.463384 1.17484 2.4017 

Tree: PTree; AugType: HasBox; Split: HilbertCurve; BDO: 6; Inba: 30; Coord: integer; 
2_sort_by_0.in 
0.000896 0.001299 0.002603 0.00439667 0.00813367 0.018275 0.0356483 0.0706617 0.175669 0.354596 0.719281 1.93158 3.92135 0.000847333 0.00126633 0.00211267 0.00309667 0.00591633 0.0130267 0.0261997 0.0508643 0.125995 0.241095 0.488592 1.22935 2.54905 

Tree: PTree; AugType: HasBox; Split: MortonCurve; BDO: 6; Inba: 30; Coord: integer; 
2.in 
0.002517 0.00402833 0.00776933 0.0122077 0.0203463 0.0345663 0.05488 0.089108 0.176063 0.323272 0.62449 2.01495 3.72065 0.00410567 0.007091 0.015489 0.0265143 0.0472543 0.0975303 0.159886 0.248169 0.377028 0.500895 0.723696 1.57101 2.45407 

Tree: PTree; AugType: HasBox; Split: MortonCurve; BDO: 6; Inba: 30; Coord: integer; 
1.in 
0.000717 0.00125367 0.001981 0.00331767 0.006056 0.013284 0.025611 0.0491197 0.127969 0.257199 0.497864 1.46945 3.00926 0.000595667 0.00103733 0.001557 0.00241 0.004669 0.011284 0.021516 0.0422417 0.100006 0.198507 0.409689 1.06633 2.19068 

Tree: PTree; AugType: HasBox; Split: MortonCurve; BDO: 6; Inba: 30; Coord: integer; 
2_sort_by_0.in 
0.000802667 0.00124567 0.002459 0.00391233 0.007775 0.017889 0.0330543 0.065308 0.164087 0.333021 0.669858 1.79935 3.66978 0.000840667 0.001202 0.00195367 0.00288933 0.005093 0.0117777 0.0223037 0.0432137 0.10806 0.215975 0.432539 1.09285 2.22146 

Tree: CPAM; AugType: HasBox; Split: HilbertCurve; BDO: 6; Inba: 30; Coord: integer; 
2.in 
0.017921 0.0319507 0.0730393 0.132083 0.232078 0.430515 0.587629 0.758225 1.13731 1.81143 3.32208 7.74603 11.422 0.0160393 0.0299507 0.0701173 0.131831 0.235202 0.447316 0.616723 0.791578 1.19454 1.9399 3.58764 8.05869 12.569 

Tree: CPAM; AugType: HasBox; Split: HilbertCurve; BDO: 6; Inba: 30; Coord: integer; 
1.in 
0.002933 0.00453067 0.00768733 0.010617 0.019109 0.046937 0.0959087 0.212674 0.599605 1.42296 2.78319 8.14919 9.44596 0.002352 0.00276367 0.005805 0.0106363 0.0237903 0.0526237 0.115055 0.265798 0.636915 1.53616 3.17563 9.31933 11.1657 

Tree: CPAM; AugType: HasBox; Split: HilbertCurve; BDO: 6; Inba: 30; Coord: integer; 
2_sort_by_0.in 
0.00540067 0.005935 0.00999067 0.013475 0.0235533 0.0531897 0.099682 0.217302 0.640773 1.36347 3.05191 7.98302 9.8925 0.00250967 0.00310767 0.005618 0.00989 0.0197543 0.0564727 0.119584 0.238909 0.629999 1.4877 3.18909 8.68442 11.1008 

Tree: CPAM; AugType: HasBox; Split: MortonCurve; BDO: 6; Inba: 30; Coord: integer; 
2.in 
0.0172433 0.0308657 0.0730043 0.132952 0.230872 0.429999 0.591095 0.747727 1.10942 1.77026 3.36367 8.28798 10.7541 0.016037 0.0302457 0.0705933 0.130444 0.236038 0.444256 0.627799 0.797215 1.16871 1.87553 3.3992 8.16316 11.9051 

Tree: CPAM; AugType: HasBox; Split: MortonCurve; BDO: 6; Inba: 30; Coord: integer; 
1.in 
0.00277033 0.00361733 0.007088 0.0118763 0.018177 0.0425977 0.0895643 0.24412 0.527641 1.43817 2.49269 8.03612 8.98427 0.002454 0.00307333 0.005609 0.00897933 0.020391 0.051478 0.112388 0.234755 0.608559 1.53653 3.08591 8.81971 10.7903 

Tree: CPAM; AugType: HasBox; Split: MortonCurve; BDO: 6; Inba: 30; Coord: integer; 
2_sort_by_0.in 
0.003329 0.00448467 0.00881433 0.0108843 0.021455 0.0431847 0.0977033 0.233431 0.589143 1.32285 2.61868 7.9981 9.75682 0.00252367 0.00311567 0.00629367 0.00937667 0.0222 0.0556377 0.113015 0.252321 0.684629 1.63061 2.92236 8.65768 11.0493 

Tree: ZdTree; AugType: WithoutBox; Split: MortonCurve; BDO: 6; Inba: 30; Coord: float; 
2.in 
0.00589 0.00857467 0.023423 0.0314123 0.0566953 0.118874 0.195094 0.324885 0.604116 0.889895 1.26528 2.37353 4.56847 0.00550133 0.009259 0.0210197 0.0371987 0.0695797 0.142091 0.235192 0.375085 0.668239 0.948449 1.23305 2.23888 3.7469 

Tree: ZdTree; AugType: WithoutBox; Split: MortonCurve; BDO: 6; Inba: 30; Coord: float; 
1.in 
0.001992 0.00198467 0.00450633 0.00753433 0.0111333 0.0262347 0.042405 0.0833283 0.196638 0.417948 0.797832 2.55419 5.3569 0.002891 0.00296333 0.007223 0.010047 0.0197323 0.028724 0.0459493 0.070552 0.161304 0.326185 0.644922 2.13424 4.39939 

Tree: ZdTree; AugType: WithoutBox; Split: MortonCurve; BDO: 6; Inba: 30; Coord: float; 
2_sort_by_0.in 
0.00260833 0.00391 0.00442133 0.00654833 0.0148957 0.026897 0.0394913 0.083551 0.199299 0.387608 0.757984 2.34834 5.07202 0.00148733 0.001495 0.00598367 0.007827 0.012168 0.0266507 0.0377343 0.0736723 0.163174 0.310148 0.61565 2.03951 4.10643 

