Tree: KdTree; AugType: HasBox; Split: MaxStretchDim-ObjectMedian; BDO: 6; Inba: 30; Coord: integer; 
Cosmo50_round_no_dup.in 
# Insert
## 1
median: (1, 1.88912)-> min: (1, 1.88912)-> max: (1, 1.88912)-> tot: 1.88912-> avg: 1.88912
in-dis-skewed knn time: 0.026501 1 22.8934 0 22.8934 22.8934 0.106687 6.2487 37.6653 0 37.6653 32.4166 0.363987 24.8422 71.3554 0 71.3554 47.5131 
out-dis-skewed knn time: 0.0319773 2.3036 27.4987 0 27.4987 26.1951 0.073769 6.27913 37.3686 0 37.3686 32.0895 0.377521 26.1883 71.6083 0 71.6083 46.4201 
in-dis-uniform knn time: 0.0700567 1 22.8005 0 22.8005 22.8005 0.247938 5.88507 36.507 0 36.507 31.6219 0.836306 24.3536 70.0513 0 70.0513 46.6977 
out-dis-uniform knn time: 0.1149 2.32696 27.7528 0 27.7528 26.4258 0.241162 6.22013 37.4576 0 37.4576 32.2375 0.813759 24.8632 71.0257 0 71.0257 47.1625 
range count time: 0.000575333 3.68036 30.8913 0 0.0001 28.2109 0.00894567 80.034 188.858 0 2.1363 107.688 0.601815 1493.43 2667.56 0 311.716 863.416 
range query time: 0.000995667 3.68036 30.8913 0 0.0001 28.2109 0.0124837 80.034 188.858 0 2.1363 107.688 1.70282 1493.43 2667.56 0 311.716 863.416 
# Insert
## 0.0001
median: (6554, 0.00164733)-> min: (625, 0.000703667)-> max: (9912, 0.359829)-> tot: 100.94-> avg: 0.0100669
in-dis-skewed knn time: 0.028653 1 22.0707 0 22.0707 22.0707 0.114013 6.2982 36.8986 0 36.8986 31.6004 0.387746 25.0973 70.9816 0 70.9816 46.8842 
out-dis-skewed knn time: 0.0356107 2.33997 27.713 0 27.713 26.373 0.08154 6.46341 36.8074 0 36.8074 31.344 0.373094 24.5645 65.3247 0 65.3247 41.7601 
in-dis-uniform knn time: 0.0748067 1.00004 23.3283 0 23.3283 23.3282 0.255111 5.89814 37.0821 0 37.0821 32.184 0.861493 24.3871 70.5662 0 70.5662 47.1791 
out-dis-uniform knn time: 0.125496 2.33173 28.2754 0 28.2754 26.9437 0.257192 6.27687 37.9503 0 37.9503 32.6735 0.847002 24.6771 70.6882 0 70.6882 47.0111 
range count time: 0.000631667 3.7172 31.2781 0 0.00016 28.5608 0.0100713 80.7454 190.048 0 2.1599 108.143 0.62622 1495.59 2677.38 0 314.643 868.143 
range query time: 0.000710333 3.7172 31.2781 0 0.00016 28.5608 0.0131823 80.7454 190.048 0 2.1599 108.143 1.665 1495.59 2677.38 0 314.643 868.143 
# Delete
## 0.0001
median: (6350, 0.0338987)-> min: (9999, 0.000608667)-> max: (9395, 2.57372)-> tot: 800.325-> avg: 0.080032
in-dis-skewed knn time: 0.0283363 1 23.391 0 23.391 23.391 0.114159 6.96401 40.2395 0 40.2395 34.2755 0.402364 29.9829 81.2684 0 81.2684 52.2855 
out-dis-skewed knn time: 0.048665 1.86898 40.8606 0 40.8606 39.9917 0.116442 7.61354 59.3872 0 59.3872 52.7736 0.5387 33.7107 105.586 0 105.586 72.8757 
in-dis-uniform knn time: 0.0721787 1.00005 23.3404 0 23.3404 23.3404 0.246635 6.52105 38.9464 0 38.9464 33.4254 0.871491 29.3715 79.7205 0 79.7205 51.3491 
out-dis-uniform knn time: 0.122837 2.48327 30.92 0 30.92 29.4367 0.256152 7.07433 42.5295 0 42.5295 36.4552 0.878477 30.2364 83.6592 0 83.6592 54.4228 
range count time: 0.002007 3.95898 32.411 0 0.0005 29.4515 0.010648 95.5049 223.973 0 3.58076 125.887 0.62028 1780.88 3269.7 0 429.127 1060.69 
range query time: 0.000693333 3.95898 32.411 0 0.0005 29.4515 0.0138353 95.5049 223.973 0 3.58076 125.887 1.67222 1780.88 3269.7 0 429.127 1060.69 

Tree: KdTree; AugType: HasBox; Split: MaxStretchDim-ObjectMedian; BDO: 6; Inba: 30; Coord: integer;
GeoLifeNoScale_round_no_dup.in
# Insert
## 1
median: (1, 0.00529767)-> min: (1, 0.00529767)-> max: (1, 0.00529767)-> tot: 0.00529767-> avg: 0.00529767
in-dis-skewed knn time: 3.46667e-05 1 13.0612 0 13.0612 13.0612 0.000693667 3.99286 19.5766 0 19.5766 16.5838 0.000259 18.3148 41.9121 0 41.9121 24.5973
out-dis-skewed knn time: 4.96667e-05 1.98685 16.0083 0 16.0083 15.0214 9.43333e-05 5.44252 21.0811 0 21.0811 16.6386 0.000299667 21.6927 43.6987 0 43.6987 23.006
in-dis-uniform knn time: 0.000523333 1 12.9403 0 12.9403 12.9403 7.5e-05 3.98685 20.0338 0 20.0338 17.047 0.000267 17.8186 39.8219 0 39.8219 23.0034
out-dis-uniform knn time: 4.73333e-05 1.85205 15.3721 0 15.3721 14.5201 7.36667e-05 4.2009 20.0345 0 20.0345 16.8336 0.000263 16.6703 36.9609 0 36.9609 21.2906
range count time: 0.000222 1.5667 14.4127 0 0.0114 13.8346 0.003592 37.0098 108.731 0 4.16 68.5613 0.0564903 586.961 1424.55 0 299.448 539.138
range query time: 0.000791667 1.5667 14.4127 0 0.0114 13.8346 0.00631933 37.0098 108.731 0 4.16 68.5613 0.430845 586.961 1424.55 0 299.448 539.138
# Insert
## 0.0001
median: (5430, 8e-06)-> min: (5649, 1e-06)-> max: (6937, 0.003151)-> tot: 0.131068-> avg: 1.22991e-05
in-dis-skewed knn time: 0.000378333 1 12.2686 0 12.2686 12.2686 5.73333e-05 3.30278 16.562 0 16.562 14.2592 0.000212333 14.9376 31.6664 0 31.6664 17.7288
out-dis-skewed knn time: 0.000669333 2.17055 15.2802 0 15.2802 14.1097 6.86667e-05 4.53381 18.997 0 18.997 15.4632 0.000307 14.5518 32.4354 0 32.4354 18.8835
in-dis-uniform knn time: 4.06667e-05 1 13.1766 0 13.1766 13.1766 6.23333e-05 3.28738 17.1026 0 17.1026 14.8152 0.000211667 13.6236 29.9891 0 29.9891 17.3655
out-dis-uniform knn time: 0.000502667 1.75178 15.0567 0 15.0567 14.3049 6.43333e-05 3.56102 17.9756 0 17.9756 15.4146 0.000215667 13.436 30.6733 0 30.6733 18.2373
range count time: 0.00025 1.92504 15.2611 0 0.00312 14.3329 0.00680633 89.0945 222.646 0 1.41558 133.136 0.109689 1378.31 2433.7 0 313.753 742.639
range query time: 0.000499667 1.92504 15.2611 0 0.00312 14.3329 0.00879667 89.0945 222.646 0 1.41558 133.136 0.435986 1378.31 2433.7 0 313.753 742.639
# Delete
## 0.0001
median: (2286, 8.33333e-06)-> min: (10239, 0)-> max: (151, 0.00116667)-> tot: 0.146746-> avg: 1.38323e-05
in-dis-skewed knn time: 6.6e-05 1 13.1311 0 13.1311 13.1311 6.93333e-05 4.33997 25.0932 0 25.0932 21.7532 0.000307333 23.6157 60.6901 0 60.6901 38.0744
out-dis-skewed knn time: 0.000612333 2.23629 18.976 0 18.976 17.7397 8.26667e-05 5.21976 28.2047 0 28.2047 23.985 0.000308 25.0793 67.5278 0 67.5278 43.4485
in-dis-uniform knn time: 4.16667e-05 1 13.1123 0 13.1123 13.1123 7.3e-05 4.16717 23.3197 0 23.3197 20.1525 0.000301667 21.0729 52.0214 0 52.0214 31.9485
out-dis-uniform knn time: 4.8e-05 1.98836 16.576 0 16.576 15.5877 7.76667e-05 4.69658 23.4671 0 23.4671 19.7706 0.000298667 20.3455 48.0248 0 48.0248 28.6793
range count time: 0.000282333 1.76694 14.5336 0 0.00924 13.7574 0.00317033 46.6463 99.5832 0 3.51564 50.4212 0.0579667 779.998 1357.3 0 216.462 361.84
range query time: 0.000516 1.76694 14.5336 0 0.00924 13.7574 0.00582433 46.6463 99.5832 0 3.51564 50.4212 0.432592 779.998 1357.3 0 216.462 361.84

Tree: KdTree; AugType: HasBox; Split: MaxStretchDim-ObjectMedian; BDO: 6; Inba: 30; Coord: integer; 
osm_round_no_dup.in 
# Insert
## 1
median: (1, 4.3235)-> min: (1, 4.3235)-> max: (1, 4.3235)-> tot: 4.3235-> avg: 4.3235
in-dis-skewed knn time: 0.0374337 1 24.3887 0 24.3887 24.3887 0.0709467 2.37493 27.1076 0 27.1076 25.7327 0.378077 11.5508 40.7243 0 40.7243 30.1735 
out-dis-skewed knn time: 0.048068 2.50356 31.9789 0 31.9789 30.4753 0.0953917 4.29269 35.944 0 35.944 32.6514 0.498944 15.3546 50.1166 0 50.1166 35.762 
in-dis-uniform knn time: 0.167692 1 24.1971 0 24.1971 24.1971 0.27166 2.4031 26.9494 0 26.9494 25.5463 0.928594 11.5994 40.4875 0 40.4875 29.8882 
out-dis-uniform knn time: 0.185502 1.82348 27.782 0 27.782 26.9585 0.283198 3.30423 31.104 0 31.104 28.7998 0.932196 13.5376 46.0047 0 46.0047 33.4671 
range count time: 0.000708667 1.46388 24.8096 0 0.01028 24.3355 0.00179633 18.3548 70.9522 0 5.48878 48.1086 0.0486927 213.279 651.38 0 170.461 268.641 
range query time: 0.000567333 1.46388 24.8096 0 0.01028 24.3355 0.006495 18.3548 70.9522 0 5.48878 48.1086 1.06262 213.279 651.38 0 170.461 268.641 
# Insert
## 0.0001
median: (1975, 0.00226967)-> min: (0, 0.00110533)-> max: (9064, 2.44536)-> tot: 29.3429-> avg: 0.00293372
in-dis-skewed knn time: 0.036441 1 22.8064 0 22.8064 22.8064 0.0718237 2.36188 25.5523 0 25.5523 24.1904 0.386831 11.3823 39.106 0 39.106 28.7237 
out-dis-skewed knn time: 0.050223 2.46211 32.7028 0 32.7028 31.2407 0.101315 4.36938 37.2073 0 37.2073 33.8379 0.566049 16.1533 51.83 0 51.83 36.6767 
in-dis-uniform knn time: 0.17878 1.00001 24.9495 0 24.9495 24.9495 0.284941 2.38248 27.691 0 27.691 26.3085 0.963704 11.4003 41.0799 0 41.0799 30.6797 
out-dis-uniform knn time: 0.20108 1.82711 28.9258 0 28.9258 28.0987 0.306747 3.30172 32.3087 0 32.3087 30.007 0.984339 13.446 47.2264 0 47.2264 34.7804 
range count time: 0.000296 1.4533 26.3328 0 0.00992 25.8695 0.00193067 18.3305 71.2094 0 5.39594 48.4829 0.053741 212.745 655.922 0 171.119 273.057 
range query time: 0.000475 1.4533 26.3328 0 0.00992 25.8695 0.00630733 18.3305 71.2094 0 5.39594 48.4829 1.01067 212.745 655.922 0 171.119 273.057 
# Delete
## 0.0001
median: (7067, 0.00231633)-> min: (9967, 0.00106867)-> max: (3013, 0.248275)-> tot: 26.3317-> avg: 0.00263267
in-dis-skewed knn time: 0.0393917 1 24.5746 0 24.5746 24.5746 0.072775 2.36479 27.2773 0 27.2773 25.9126 0.383983 11.5273 40.8072 0 40.8072 30.2799 
out-dis-skewed knn time: 0.049733 2.38853 30.3454 0 30.3454 28.9569 0.093991 4.0094 34.6379 0 34.6379 31.6285 0.519603 15.7167 49.7027 0 49.7027 34.9861 
in-dis-uniform knn time: 0.176967 1.00001 24.5836 0 24.5836 24.5836 0.279928 2.4018 27.3293 0 27.3293 25.9275 0.959792 11.7927 41.063 0 41.063 30.2703 
out-dis-uniform knn time: 0.186188 1.8062 26.6061 0 26.6061 25.7999 0.290562 3.38067 30.1294 0 30.1294 27.7487 0.974948 14.2646 45.9503 0 45.9503 32.6857 
range count time: 0.001105 1.44588 24.2479 0 0.00606 23.796 0.00187367 18.2358 69.8629 0 5.36688 47.2602 0.0511607 211.301 655.09 0 174.347 270.442 
range query time: 0.000472667 1.44588 24.2479 0 0.00606 23.796 0.006389 18.2358 69.8629 0 5.36688 47.2602 1.01315 211.301 655.09 0 174.347 270.442 

