Tree: OrthTree; AugType: HasBox; Split: RotateDim-SpatialMedian; BDO: 6; Inba: 30; Coord: integer; 
Cosmo50_round_no_dup.in 
# Insert
## 1
median: (1, 1.89859)-> min: (1, 1.89859)-> max: (1, 1.89859)-> tot: 1.89859-> avg: 1.89859
in-dis-skewed knn time: 0.0376487 1 8.0072 0 56.0504 56.0504 0.120118 7.83875 12.8605 0 90.0235 83.1847 0.416858 39.9785 24.3489 0 170.442 131.406 
out-dis-skewed knn time: 0.0880733 3.37615 17.0158 0 119.111 116.734 0.15143 9.65866 21.2064 0 148.445 139.786 0.55436 51.4687 34.3574 0 240.502 189.959 
in-dis-uniform knn time: 0.0849647 1 8.29971 0 58.098 58.098 0.244211 7.03677 12.7969 0 89.5786 83.5418 0.821828 38.6435 24.1067 0 168.747 130.936 
out-dis-uniform knn time: 0.133498 2.39402 10.7193 0 75.0353 73.6413 0.254472 7.84712 14.0086 0 98.06 91.2129 0.829247 40.6033 25.5154 0 178.608 138.862 
range count time: 0.00130933 5.45704 35.6251 35.6251 0.00196 31.1661 0.01162 152.533 312.049 312.049 5.58436 154.931 0.565858 3031.04 5355.75 5355.75 732.646 1593.06 
range query time: 0.000821667 5.45704 35.6251 35.6251 0.00196 31.1661 0.014024 152.533 312.049 312.049 5.58436 154.931 1.73807 3031.04 5355.75 5355.75 732.646 1593.06 
# Insert
## 0.0001
median: (2668, 0.00149633)-> min: (293, 0.000467667)-> max: (9914, 0.00549433)-> tot: 16.2109-> avg: 0.00161995
in-dis-skewed knn time: 0.0385413 1 8.00715 0 56.0501 56.0501 0.125214 7.83853 12.8602 0 90.0217 83.1832 0.431101 39.9766 24.3479 0 170.435 131.401 
out-dis-skewed knn time: 0.093378 3.37611 17.0152 0 119.106 116.73 0.159977 9.65906 21.2058 0 148.44 139.781 0.582089 51.4652 34.3568 0 240.497 189.959 
in-dis-uniform knn time: 0.0913127 1.00004 8.29955 0 58.0969 58.0968 0.258302 7.036 12.7959 0 89.5712 83.5352 0.850788 38.6363 24.1027 0 168.719 130.916 
out-dis-uniform knn time: 0.142458 2.39404 10.7189 0 75.0323 73.6383 0.269809 7.84621 14.0075 0 98.0528 91.2066 0.865581 40.5963 25.5119 0 178.583 138.845 
range count time: 0.00103133 5.45704 35.6251 35.6251 0.00196 31.1661 0.0121263 152.493 311.974 311.974 5.58074 154.9 0.56818 3030.24 5354.37 5354.37 732.417 1592.71 
range query time: 0.000784667 5.45704 35.6251 35.6251 0.00196 31.1661 0.0144063 152.493 311.974 311.974 5.58074 154.9 1.65859 3030.24 5354.37 5354.37 732.417 1592.71 
# Delete
## 0.0001
median: (3185, 0.00163)-> min: (9394, 0.000793667)-> max: (9741, 0.00606433)-> tot: 17.8546-> avg: 0.00178496
in-dis-skewed knn time: 0.0400467 1 8.11746 0 56.8223 56.8223 0.133481 8.42144 13.4578 0 94.2044 86.783 0.46265 45.9503 26.7029 0 186.92 141.77 
out-dis-skewed knn time: 0.07107 1.51077 14.5277 0 101.694 101.183 0.146242 7.56156 20.5248 0 143.673 137.111 0.617441 58.6049 37.3108 0 261.176 202.895 
in-dis-uniform knn time: 0.0933133 1.00004 8.43638 0 59.0547 59.0546 0.269145 7.63539 13.4433 0 94.1032 87.4678 0.914435 45.1848 26.6892 0 186.825 142.211 
out-dis-uniform knn time: 0.144636 2.27833 10.8721 0 76.1048 74.8265 0.281426 8.34619 14.6246 0 102.372 95.0261 0.928762 47.4423 28.2316 0 197.621 150.732 
range count time: 0.00104767 6.12338 37.4987 37.4987 0.00332 32.372 0.013743 180.535 360.259 360.259 7.87858 172.845 0.61645 3594.64 6357.33 6357.33 902.992 1860.71 
range query time: 0.000811 6.12338 37.4987 37.4987 0.00332 32.372 0.0165333 180.535 360.259 360.259 7.87858 172.845 1.75433 3594.64 6357.33 6357.33 902.992 1860.71 

Tree: OrthTree; AugType: HasBox; Split: RotateDim-SpatialMedian; BDO: 6; Inba: 30; Coord: integer;
GeoLifeNoScale_round_no_dup.in
# Insert
## 1
median: (1, 0.00639233)-> min: (1, 0.00639233)-> max: (1, 0.00639233)-> tot: 0.00639233-> avg: 0.00639233
in-dis-skewed knn time: 5.4e-05 1 11.8249 0 82.7746 82.7746 0.000812333 6.72615 32.6416 0 228.491 222.765 0.000731667 34.4313 108.913 0 762.39 714.106
out-dis-skewed knn time: 0.000105 3.20323 21.6593 0 151.615 149.412 0.000230667 10.6683 50.3193 0 352.235 342.554 0.000983 48.8576 153.375 0 1073.62 1012.03
in-dis-uniform knn time: 6.6e-05 1 10.867 0 76.0691 76.0691 0.000204667 7.19722 35.5763 0 249.034 242.829 0.001044 35.8396 110.292 0 772.046 721.923
out-dis-uniform knn time: 0.000112333 2.87871 18.4619 0 129.233 127.354 0.00023 8.55088 38.2306 0 267.614 260.046 0.000867 37.8682 106.973 0 748.811 696.036
range count time: 0.003498 6.653 48.2863 48.2863 0.00216 42.6311 0.00488267 68.7622 171.017 171.017 4.76382 98.4909 0.0571707 1478.51 2625.68 2625.68 442.13 706.035
range query time: 0.000856667 6.653 48.2863 48.2863 0.00216 42.6311 0.007 68.7622 171.017 171.017 4.76382 98.4909 0.446558 1478.51 2625.68 2625.68 442.13 706.035
# Insert
## 0.0001
median: (3783, 5.66667e-06)-> min: (1409, 0)-> max: (7531, 0.000277333)-> tot: 0.0790217-> avg: 7.21331e-06
in-dis-skewed knn time: 5.43333e-05 1 11.8524 0 82.9666 82.9666 0.000134 6.81818 26.8828 0 188.18 182.361 0.000646 35.136 84.0372 0 588.26 538.659
out-dis-skewed knn time: 0.000205 3.25545 18.1619 0 127.133 124.878 0.000241333 10.7539 39.0612 0 273.429 263.675 0.000895667 49.6041 119.429 0 836 771.969
in-dis-uniform knn time: 6.26667e-05 1 10.9245 0 76.4715 76.4715 0.000166 6.87866 27.488 0 192.416 186.537 0.000703333 34.8306 82.7731 0 579.412 531.068
out-dis-uniform knn time: 9.26667e-05 2.6196 14.9486 0 104.64 103.02 0.000184667 7.84566 28.2231 0 197.561 190.716 0.000704667 35.6925 78.1254 0 546.878 498.61
range count time: 0.00334167 5.29984 43.8312 43.8312 0.00118 39.5302 0.003754 62.1045 145.227 145.227 4.52132 79.6007 0.0472317 1317.54 2186.62 2186.62 360.966 509.116
range query time: 0.000761333 5.29984 43.8312 43.8312 0.00118 39.5302 0.00601633 62.1045 145.227 145.227 4.52132 79.6007 0.431986 1317.54 2186.62 2186.62 360.966 509.116
# Delete
## 0.0001
median: (7461, 6e-06)-> min: (4572, 1e-06)-> max: (278, 9.66667e-05)-> tot: 0.0891373-> avg: 8.2054e-06
in-dis-skewed knn time: 0.000903667 1 12.1033 0 84.7231 84.7231 0.000139 6.81217 29.1138 0 203.797 197.985 0.000890667 37.7569 91.7945 0 642.562 585.971
out-dis-skewed knn time: 9.36667e-05 3.24869 18.8377 0 131.864 129.615 0.000210667 10.9478 41.4343 0 290.04 280.092 0.000929 53.7938 130.678 0 914.746 839.67
in-dis-uniform knn time: 6.76667e-05 1 11.1476 0 78.0334 78.0334 0.000741667 6.96319 28.9741 0 202.819 196.845 0.000771667 37.1544 89.6311 0 627.418 572.699
out-dis-uniform knn time: 0.000739667 2.60871 15.6605 0 109.624 108.015 0.000196333 8.03755 30.1014 0 210.71 203.649 0.000769 38.8367 85.5881 0 599.116 541.862
range count time: 0.003149 5.66254 45.2602 45.2602 0.00158 40.5961 0.00415667 72.6374 164.431 164.431 5.40588 87.3877 0.056234 1606.71 2649.6 2649.6 424.484 619.404
range query time: 0.00109367 5.66254 45.2602 45.2602 0.00158 40.5961 0.006694 72.6374 164.431 164.431 5.40588 87.3877 0.436227 1606.71 2649.6 2649.6 424.484 619.404


Tree: OrthTree; AugType: HasBox; Split: RotateDim-SpatialMedian; BDO: 6; Inba: 30; Coord: integer; 
osm_round_no_dup.in 
# Insert
## 1
median: (1, 4.95984)-> min: (1, 4.95984)-> max: (1, 4.95984)-> tot: 4.95984-> avg: 4.95984
in-dis-skewed knn time: 0.046891 1 14.7437 0 44.231 44.231 0.0829443 2.38916 16.0568 0 48.1705 46.7797 0.387521 14.307 23.0491 0 69.1472 55.1441 
out-dis-skewed knn time: 0.0533563 1.88429 16.1143 0 48.3428 47.4585 0.0957663 3.65628 18.6467 0 55.9401 53.0879 0.442422 16.428 27.9374 0 83.8121 65.3102 
in-dis-uniform knn time: 0.177152 1 15.5004 0 46.5011 46.5011 0.268253 2.43563 16.8234 0 50.4701 49.0325 0.922218 14.3481 23.7262 0 71.1785 57.1426 
out-dis-uniform knn time: 0.16411 1.56376 15.2748 0 45.8244 45.2606 0.264487 3.49301 17.293 0 51.879 49.2817 0.923657 17.1123 26.1 0 78.3 60.515 
range count time: 0.000371333 1.79802 30.5863 30.5863 0.01138 29.7769 0.002325 36.0981 100.009 100.009 6.56944 58.3416 0.0495573 422.286 923.346 923.346 197.357 304.703 
range query time: 0.000632 1.79802 30.5863 30.5863 0.01138 29.7769 0.00677467 36.0981 100.009 100.009 6.56944 58.3416 1.12757 422.286 923.346 923.346 197.357 304.703 
# Insert
## 0.0001
median: (723, 0.001405)-> min: (2275, 0.000950667)-> max: (9401, 0.005442)-> tot: 14.4871-> avg: 0.00144815
in-dis-skewed knn time: 0.0488373 1 15.2644 0 45.7931 45.7931 0.0854547 2.2883 16.4812 0 49.4435 48.1547 0.380516 13.7699 23.1433 0 69.43 55.9855 
out-dis-skewed knn time: 0.0519973 1.8193 15.7586 0 47.2757 46.4564 0.091586 3.52918 18.1337 0 54.401 51.5566 0.439491 16.4378 26.9246 0 80.7737 62.2683 
in-dis-uniform knn time: 0.187985 1.00001 16.0338 0 48.1014 48.1014 0.275543 2.33757 17.2662 0 51.7986 50.4606 0.913366 13.8763 23.8639 0 71.5916 58.0511 
out-dis-uniform knn time: 0.171549 1.54181 15.5786 0 46.7358 46.194 0.270145 3.26387 17.4127 0 52.238 49.9501 0.918164 16.1237 25.6435 0 76.9305 60.3975 
range count time: 0.000378667 1.82354 31.8855 31.8855 0.01036 31.0516 0.00232967 34.335 99.909 99.909 6.8096 59.7644 0.0449557 378.148 873.3 873.3 198.052 298.101 
range query time: 0.000592667 1.82354 31.8855 31.8855 0.01036 31.0516 0.00656733 34.335 99.909 99.909 6.8096 59.7644 1.04408 378.148 873.3 873.3 198.052 298.101 
# Delete
## 0.0001
median: (7513, 0.00142367)-> min: (9999, 0.000739333)-> max: (7377, 0.005198)-> tot: 14.9285-> avg: 0.00149235
in-dis-skewed knn time: 0.0491983 1 15.3064 0 45.9193 45.9193 0.084322 2.32992 16.561 0 49.683 48.352 0.384192 14.2632 23.4856 0 70.4569 56.4344 
out-dis-skewed knn time: 0.053184 1.82875 16.034 0 48.102 47.2733 0.0923427 3.76181 18.6526 0 55.9578 53.1956 0.452139 19.3305 29.2585 0 87.7755 65.6923 
in-dis-uniform knn time: 0.189809 1.00001 16.121 0 48.3629 48.3629 0.278604 2.42101 17.4272 0 52.2817 50.8595 0.943273 14.8885 24.56 0 73.68 58.9581 
out-dis-uniform knn time: 0.175224 1.55305 15.9299 0 47.7897 47.2366 0.280557 3.61059 18.0679 0 54.2038 51.5916 0.996426 19.6056 28.1139 0 84.3417 63.4397 
range count time: 0.000388667 1.86642 32.1641 32.1641 0.01262 31.285 0.00236933 35.9969 103.762 103.762 7.36698 61.3977 0.046267 405.28 935.291 935.291 214.182 316.829 
range query time: 0.000587333 1.86642 32.1641 32.1641 0.01262 31.285 0.00710067 35.9969 103.762 103.762 7.36698 61.3977 1.055 405.28 935.291 935.291 214.182 316.829 

