Tree: PTree; AugType: HasBox; Split: HilbertCurve; BDO: 6; Inba: 30; Coord: integer; 
Cosmo50_round_no_dup.in 
# Insert
## 1
median: (1, 1.0307)-> min: (1, 1.0307)-> max: (1, 1.0307)-> tot: 1.0307-> avg: 1.0307
in-dis-skewed knn time: 0.215364 9.93759 75.4961 0 75.4961 66.5585 0.395546 20.4269 99.9046 0 99.9046 80.4776 1.28817 47.8391 148.882 0 148.882 102.043 
out-dis-skewed knn time: 0.265813 14.2252 96.8803 0 96.8803 83.6551 0.579823 27.8553 129.948 0 129.948 103.092 1.89506 64.0039 192.886 0 192.886 129.882 
in-dis-uniform knn time: 0.984385 11.9646 90.9075 0 90.9075 79.943 1.88889 24.9282 121.604 0 121.604 97.6753 4.17857 58.3885 181.298 0 181.298 123.909 
out-dis-uniform knn time: 1.01989 12.9689 94.3476 0 94.3476 82.3787 1.84615 25.3896 123.107 0 123.107 98.7175 4.09872 59.2132 183.372 0 183.372 125.159 
range count time: 0.000790333 3.56982 34.4664 0 0 31.8965 0.00880733 47.6678 141.636 0 0.26872 94.6993 0.771093 774.667 1402.28 0 98.3351 530.28 
range query time: 0.000809333 3.56982 34.4664 0 0 31.8965 0.014898 47.6678 141.636 0 0.26872 94.6993 1.76988 774.667 1402.28 0 98.3351 530.28 
# Insert
## 0.0001
median: (4186, 0.000627333)-> min: (0, 0.000461333)-> max: (4649, 0.004924)-> tot: 6.48902-> avg: 0.00064814
in-dis-skewed knn time: 0.234344 11.8559 94.637 0 94.637 83.7811 0.493757 27.5653 133.585 0 133.585 107.019 1.74732 70.8686 209.737 0 209.737 139.868 
out-dis-skewed knn time: 0.297245 15.5089 110.062 0 110.062 95.5536 0.658859 32.5602 150.695 0 150.695 119.135 2.22197 80.023 232.425 0 232.425 153.403 
in-dis-uniform knn time: 0.982261 14.4999 115.403 0 115.403 101.903 2.03844 33.3827 161.57 0 161.57 129.187 4.97763 84.1721 251.262 0 251.262 168.09 
out-dis-uniform knn time: 1.01729 15.4082 117.929 0 117.929 103.521 1.98192 33.3881 160.902 0 160.902 128.514 4.83038 83.7714 249.695 0 249.695 166.924 
range count time: 0.000874 3.79184 40.1324 0 0 37.3406 0.0113527 55.528 166.961 0 0.45806 111.975 0.838174 933.051 1706.71 0 135.206 639.452 
range query time: 0.00114267 3.79184 40.1324 0 0 37.3406 0.0161087 55.528 166.961 0 0.45806 111.975 1.95075 933.051 1706.71 0 135.206 639.452 
# Delete
## 0.0001
median: (6375, 0.000899)-> min: (9396, 0.000516)-> max: (6678, 0.00267)-> tot: 9.26116-> avg: 0.000925618
in-dis-skewed knn time: 0.234976 12.2408 94.6609 0 94.6609 83.4202 0.485235 28.0334 132.132 0 132.132 105.099 1.63693 72.0088 208.729 0 208.729 137.72 
out-dis-skewed knn time: 0.252081 12.9719 94.7515 0 94.7515 82.7796 0.566064 27.3985 125.891 0 125.891 99.4924 1.90724 67.167 195.279 0 195.279 129.113 
in-dis-uniform knn time: 0.940943 13.2653 102.646 0 102.646 90.381 1.91203 29.7761 142.379 0 142.379 113.603 4.55445 74.6367 221.026 0 221.026 147.389 
out-dis-uniform knn time: 0.979314 14.1072 104.786 0 104.786 91.6793 1.86312 29.601 140.856 0 140.856 112.255 4.43982 73.5777 217.997 0 217.997 145.419 
range count time: 0.000813667 3.84226 36.5645 0 0 33.7222 0.0114737 58.0206 165.969 0 0.5317 108.416 0.837439 939.717 1704.81 0 137.727 628.364 
range query time: 0.000869 3.84226 36.5645 0 0 33.7222 0.0160057 58.0206 165.969 0 0.5317 108.416 1.94315 939.717 1704.81 0 137.727 628.364 

Tree: PTree; AugType: HasBox; Split: HilbertCurve; BDO: 6; Inba: 30; Coord: integer; 
GeoLifeNoScale_round_no_dup.in 
# Insert
## 1
median: (1, 0.001464)-> min: (1, 0.001464)-> max: (1, 0.001464)-> tot: 0.001464-> avg: 0.001464
in-dis-skewed knn time: 0.000168667 7.05635 34.5518 0 34.5518 28.4955 0.000334 13.3997 43.0928 0 43.0928 30.6931 0.00106933 23.3156 52.2119 0 52.2119 29.8963 
out-dis-skewed knn time: 0.000167 7.19309 33.6582 0 33.6582 27.4651 0.000298 11.5639 39.5526 0 39.5526 28.9887 0.000862333 21.6582 48.4677 0 48.4677 27.8095 
in-dis-uniform knn time: 0.000365667 6.25695 32.6364 0 32.6364 27.3794 0.000286667 11.5965 40.3926 0 40.3926 29.796 0.000975333 21.7708 49.1593 0 49.1593 28.3884 
out-dis-uniform knn time: 0.000152 6.64664 33.4318 0 33.4318 27.7852 0.000285 11.0943 39.8971 0 39.8971 29.8029 0.000949333 21.0143 48.3751 0 48.3751 28.3609 
range count time: 0.000500333 3.08714 20.4246 0 0 18.3374 0.00699667 57.4449 116.787 0 0.09946 60.243 0.102673 735.207 998.88 0 60.5809 204.092 
range query time: 0.000497 3.08714 20.4246 0 0 18.3374 0.00907167 57.4449 116.787 0 0.09946 60.243 0.533466 735.207 998.88 0 60.5809 204.092 Tree: PTree; AugType: HasBox; Split: HilbertCurve; BDO: 6; Inba: 30; Coord: integer; 
osm_round_no_dup.in 
# Insert
## 1
median: (1, 2.26136)-> min: (1, 2.26136)-> max: (1, 2.26136)-> tot: 2.26136-> avg: 2.26136
in-dis-skewed knn time: 0.256624 9.24331 113.931 0 113.931 105.688 0.976584 26.8083 195.178 0 195.178 169.369 6.11639 84.145 277.145 0 277.145 194 
out-dis-skewed knn time: 0.241241 10.2372 112.619 0 112.619 103.382 1.04428 32.0188 217.483 0 217.483 186.464 6.54088 94.84 310.859 0 310.859 217.019 
in-dis-uniform knn time: 0.919445 8.22023 107.518 0 107.518 100.298 1.78176 22.2486 169.227 0 169.227 147.978 6.44264 70.2219 240.105 0 240.105 170.884 
out-dis-uniform knn time: 0.723065 7.46511 94.6709 0 94.6709 88.2058 1.40902 18.3641 140.387 0 140.387 123.023 5.16362 58.3139 202.706 0 202.706 145.392 
range count time: 0.000501 4.02348 48.5939 0 0.00012 45.5703 0.00186233 17.983 83.2117 0 2.08836 64.1403 0.084564 192.82 550.201 0 116.671 241.71 
range query time: 0.000577 4.02348 48.5939 0 0.00012 45.5703 0.008079 17.983 83.2117 0 2.08836 64.1403 1.16186 192.82 550.201 0 116.671 241.71 
# Insert
## 0.0001
median: (7525, 0.000802333)-> min: (187, 0.000645667)-> max: (5966, 0.003871)-> tot: 8.1217-> avg: 0.000811575
in-dis-skewed knn time: 0.268852 8.33205 108.031 0 108.031 100.699 1.15571 25.2503 203.33 0 203.33 179.079 6.07279 73.8562 282.291 0 282.291 209.435 
out-dis-skewed knn time: 0.276032 11.0958 121.572 0 121.572 111.476 1.0285 26.9802 201.498 0 201.498 175.518 5.85406 75.346 280.246 0 280.246 205.9 
in-dis-uniform knn time: 1.2647 9.6139 121.329 0 121.329 112.715 2.44568 23.7182 180.928 0 180.928 158.21 7.6515 67.4266 248.18 0 248.18 181.753 
out-dis-uniform knn time: 1.01136 9.14785 110.844 0 110.844 102.696 1.97911 21.9188 161.819 0 161.819 140.9 6.47531 59.8597 220.467 0 220.467 161.607 
range count time: 0.000615 4.1456 58.8195 0 0.0001 55.6738 0.002189 17.5894 91.9157 0 1.6949 73.6314 0.095565 186.288 546.537 0 109.266 251.983 
range query time: 0.000727333 4.1456 58.8195 0 0.0001 55.6738 0.00819867 17.5894 91.9157 0 1.6949 73.6314 1.22166 186.288 546.537 0 109.266 251.983 
# Delete
## 0.0001
median: (1302, 0.000747667)-> min: (9786, 0.000510333)-> max: (2093, 0.00452767)-> tot: 7.69066-> avg: 0.000768564
in-dis-skewed knn time: 0.265492 8.47654 110.07 0 110.07 102.594 0.904613 20.8265 164.597 0 164.597 144.771 5.22206 65.9448 233.018 0 233.018 168.073 
out-dis-skewed knn time: 0.21445 7.85094 97.027 0 97.027 90.176 1.0022 26.8464 202.511 0 202.511 176.664 6.30743 80.2083 275.86 0 275.86 196.652 
in-dis-uniform knn time: 1.02924 7.80864 103.121 0 103.121 96.3126 1.90031 18.3108 148.061 0 148.061 130.75 6.03505 56.3252 206.714 0 206.714 151.389 
out-dis-uniform knn time: 0.828919 6.77898 86.4116 0 86.4116 80.6326 1.57903 16.8457 135.954 0 135.954 120.108 5.3656 51.729 190.246 0 190.246 139.517 
range count time: 0.000924 3.91808 55.533 0 6e-05 52.6149 0.00211067 17.6495 84.5473 0 1.9722 65.9256 0.088457 185.535 531.661 0 111.026 236.101 
range query time: 0.000699 3.91808 55.533 0 6e-05 52.6149 0.00842067 17.6495 84.5473 0 1.9722 65.9256 1.23603 185.535 531.661 0 111.026 236.101 

