Tree: PTree; AugType: HasBox; Split: MortonCurve; BDO: 6; Inba: 30; Coord: integer; 
Cosmo50_round_no_dup.in 
# Insert
## 1
median: (1, 0.835855)-> min: (1, 0.835855)-> max: (1, 0.835855)-> tot: 0.835855-> avg: 0.835855
in-dis-skewed knn time: 0.79886 54.9283 322.024 0 322.024 268.096 2.59513 143.998 561.2 0 561.2 418.201 8.80009 284.105 781.497 0 781.497 498.392 
out-dis-skewed knn time: 1.64954 71.1404 409.661 0 409.661 339.52 4.63238 185.966 744.071 0 744.071 559.106 11.9426 369.247 1028.28 0 1028.28 660.036 
in-dis-uniform knn time: 5.16098 76.776 467.311 0 467.311 391.535 11.5245 201.062 819.737 0 819.737 619.674 22.9552 404.124 1145.73 0 1145.73 742.607 
out-dis-uniform knn time: 5.15017 78.1247 470.779 0 470.779 393.655 11.3293 202.173 824.342 0 824.342 623.169 22.6369 406.547 1151.58 0 1151.58 746.029 
range count time: 0.00152033 7.63784 71.1746 0 0 64.5368 0.013406 69.3714 236.352 0 0.1925 167.788 0.980395 960.675 1824.43 0 95.1798 769.578 
range query time: 0.001499 7.63784 71.1746 0 0 64.5368 0.018023 69.3714 236.352 0 0.1925 167.788 1.9351 960.675 1824.43 0 95.1798 769.578 
# Insert
## 0.0001
median: (5727, 0.000535667)-> min: (0, 0.000359667)-> max: (9052, 0.004283)-> tot: 5.51027-> avg: 0.000550428
in-dis-skewed knn time: 1.01374 65.389 393.441 0 393.441 329.052 2.71976 150.286 594.747 0 594.747 445.461 9.29232 310.716 849.628 0 849.628 539.912 
out-dis-skewed knn time: 1.90732 93.5317 543.739 0 543.739 451.207 4.27564 189.111 768.033 0 768.033 579.922 11.6534 392.29 1098.83 0 1098.83 707.54 
in-dis-uniform knn time: 5.56908 104.399 642.125 0 642.125 538.726 11.026 223.026 917.986 0 917.986 695.96 23.3142 466.997 1319.9 0 1319.9 853.904 
out-dis-uniform knn time: 5.53141 106.118 646.939 0 646.939 541.821 10.75 222.618 917.05 0 917.05 695.432 22.748 466.081 1318.64 0 1318.64 853.564 
range count time: 0.00174567 7.91276 87.4647 0 0 80.5519 0.0170477 79.7056 275.672 0 0.35214 196.615 1.05592 1151.74 2210.55 0 134.262 925.541 
range query time: 0.00175867 7.91276 87.4647 0 0 80.5519 0.021152 79.7056 275.672 0 0.35214 196.615 2.12009 1151.74 2210.55 0 134.262 925.541 
# Delete
## 0.0001
median: (2074, 0.000795333)-> min: (9998, 0.000444)-> max: (5288, 0.004278)-> tot: 8.35828-> avg: 0.000835329
in-dis-skewed knn time: 0.929581 61.9725 380.265 0 380.265 319.293 2.66609 156.575 606.03 0 606.03 450.456 9.25831 331.984 876.654 0 876.654 545.671 
out-dis-skewed knn time: 1.68704 73.0726 459.95 0 459.95 387.877 5.08694 199.641 855.21 0 855.21 656.569 13.5006 425.847 1215.75 0 1215.75 790.906 
in-dis-uniform knn time: 4.68372 77.6455 491.31 0 491.31 414.665 10.7392 207.222 845.028 0 845.028 638.806 22.5111 437.434 1212.43 0 1212.43 775.998 
out-dis-uniform knn time: 4.72628 78.8154 495.971 0 495.971 418.155 10.6741 208.36 857.779 0 857.779 650.419 22.3895 440.251 1228.75 0 1228.75 789.501 
range count time: 0.00159333 7.74018 77.1126 0 0 70.3724 0.0164353 82.3671 268.355 0 0.39954 186.589 1.05902 1158 2195.41 0 136.565 901.843 
range query time: 0.00159433 7.74018 77.1126 0 0 70.3724 0.0209933 82.3671 268.355 0 0.39954 186.589 2.11985 1158 2195.41 0 136.565 901.843 

Tree: PTree; AugType: HasBox; Split: MortonCurve; BDO: 6; Inba: 30; Coord: integer; 
GeoLifeNoScale_round_no_dup.in 
# Insert
## 1
median: (1, 0.00117967)-> min: (1, 0.00117967)-> max: (1, 0.00117967)-> tot: 0.00117967-> avg: 0.00117967
in-dis-skewed knn time: 0.000151667 6.65928 25.7122 0 25.7122 20.053 0.000772333 11.6187 30.9459 0 30.9459 20.3272 0.000899 19.7908 38.062 0 38.062 19.2712 
out-dis-skewed knn time: 0.000192333 10.9429 35.2596 0 35.2596 25.3167 0.000412667 18.201 44.044 0 44.044 26.843 0.00117267 29.0353 52.2261 0 52.2261 24.1908 
in-dis-uniform knn time: 0.000124667 5.99662 23.497 0 23.497 18.5004 0.000277 10.1942 28.0466 0 28.0466 18.8524 0.000766333 17.3824 34.1679 0 34.1679 17.7855 
out-dis-uniform knn time: 0.000127333 5.84979 23.2246 0 23.2246 18.3748 0.000256 9.55238 27.3849 0 27.3849 18.8325 0.000750333 16.3357 33.2561 0 33.2561 17.9204 
range count time: 0.000607333 4.4916 22.5774 0 0 19.0858 0.00928367 79.4074 127.489 0 0.04976 49.0319 0.123381 904.078 1083.7 0 40.1627 140.455 
range query time: 0.000854667 4.4916 22.5774 0 0 19.0858 0.0113083 79.4074 127.489 0 0.04976 49.0319 0.533858 904.078 1083.7 0 40.1627 140.455 Tree: PTree; AugType: HasBox; Split: MortonCurve; BDO: 6; Inba: 30; Coord: integer; 
osm_round_no_dup.in 
# Insert
## 1
median: (1, 2.10485)-> min: (1, 2.10485)-> max: (1, 2.10485)-> tot: 2.10485-> avg: 2.10485
in-dis-skewed knn time: 0.636749 24.4007 258.823 0 258.823 235.422 2.89104 81.8155 521.162 0 521.162 440.346 17.7341 244.637 758.469 0 758.469 514.832 
out-dis-skewed knn time: 0.421702 17.0598 194.754 0 194.754 178.694 2.60233 79.89 510.306 0 510.306 431.416 15.5713 224.043 718.172 0 718.172 495.128 
in-dis-uniform knn time: 2.7046 24.0778 256.97 0 256.97 233.892 6.97461 82.1493 553.248 0 553.248 472.099 21.4006 237.426 787.585 0 787.585 551.159 
out-dis-uniform knn time: 2.0389 21.1469 229.215 0 229.215 209.068 5.29012 71.7928 496.459 0 496.459 425.667 17.8998 209.133 709.957 0 709.957 501.824 
range count time: 0.000455667 3.04642 45.4644 0 0.00012 43.4178 0.00252467 25.2122 137.804 0 1.94576 111.646 0.131196 265.44 774.245 0 137.251 372.553 
range query time: 0.000842667 3.04642 45.4644 0 0.00012 43.4178 0.00827467 25.2122 137.804 0 1.94576 111.646 1.19843 265.44 774.245 0 137.251 372.553 
# Insert
## 0.0001
median: (2276, 0.000782667)-> min: (190, 0.000617)-> max: (7949, 0.00513867)-> tot: 7.95799-> avg: 0.000795244
in-dis-skewed knn time: 0.799355 26.3308 288.959 0 288.959 263.628 3.79759 83.7782 569.182 0 569.182 486.404 20.0266 236.663 835.789 0 835.789 600.126 
out-dis-skewed knn time: 0.677055 24.2975 281.902 0 281.902 258.605 3.32376 83.8277 547.848 0 547.848 465.021 16.5059 207.032 734.686 0 734.686 528.654 
in-dis-uniform knn time: 3.79435 31.4345 334.09 0 334.09 303.655 9.14736 92.139 623.245 0 623.245 532.106 25.7704 241.141 873.195 0 873.195 633.054 
out-dis-uniform knn time: 2.88479 27.2501 291.781 0 291.781 265.531 7.23479 83.1139 560.967 0 560.967 478.853 21.9234 216.338 784.239 0 784.239 568.9 
range count time: 0.000584667 3.79148 52.7135 0 0.00014 49.9219 0.00324567 25.9406 160.765 0 1.59308 134.231 0.149577 256.681 789.357 0 128.868 404.808 
range query time: 0.000670333 3.79148 52.7135 0 0.00014 49.9219 0.008549 25.9406 160.765 0 1.59308 134.231 1.27043 256.681 789.357 0 128.868 404.808 
# Delete
## 0.0001
median: (9500, 0.000722)-> min: (9786, 0.000474667)-> max: (2186, 0.00426733)-> tot: 7.3835-> avg: 0.000737847
in-dis-skewed knn time: 0.662807 22.6365 241.927 0 241.927 220.29 3.39822 79.5949 535.043 0 535.043 456.449 17.8365 227.746 762.071 0 762.071 535.325 
out-dis-skewed knn time: 0.580421 20.7687 234.019 0 234.019 214.25 2.8624 70.0278 485.572 0 485.572 416.544 16.3971 210.74 707.371 0 707.371 497.631 
in-dis-uniform knn time: 3.12544 25.2048 275.232 0 275.232 251.027 7.65192 80.6242 554.742 0 554.742 475.117 22.4321 223.917 779.631 0 779.631 556.714 
out-dis-uniform knn time: 2.43175 21.5699 241.135 0 241.135 220.565 6.01845 69.3438 495.038 0 495.038 426.694 18.9454 194.985 699.334 0 699.334 505.349 
range count time: 0.000494 2.98414 44.7774 0 0.0001 42.7932 0.002896 24.4986 137.295 0 1.8409 111.956 0.137876 255.478 748.953 0 129.75 364.725 
range query time: 0.000570333 2.98414 44.7774 0 0.0001 42.7932 0.00918467 24.4986 137.295 0 1.8409 111.956 1.27033 255.478 748.953 0 129.75 364.725 

