Tree: CPAM; AugType: HasBox; Split: HilbertCurve; BDO: 6; Inba: 30; Coord: integer; 
Cosmo50_round_no_dup.in 
# Insert
## 1
median: (1, 5.69653)-> min: (1, 5.69653)-> max: (1, 5.69653)-> tot: 5.69653-> avg: 5.69653
in-dis-skewed knn time: 0.28923 9.93759 75.4961 0 75.4961 66.5585 0.510599 20.4269 99.9046 0 99.9046 80.4776 1.52478 47.8391 148.882 0 148.882 102.043 
out-dis-skewed knn time: 0.393686 14.2252 96.8803 0 96.8803 83.6551 0.863713 27.8553 129.948 0 129.948 103.092 2.57801 64.0039 192.886 0 192.886 129.882 
in-dis-uniform knn time: 1.29226 11.9646 90.9075 0 90.9075 79.943 2.50286 24.9282 121.604 0 121.604 97.6753 5.6055 58.3885 181.298 0 181.298 123.909 
out-dis-uniform knn time: 1.33581 12.9689 94.3476 0 94.3476 82.3787 2.44605 25.3896 123.107 0 123.107 98.7175 5.52882 59.2132 183.372 0 183.372 125.159 
range count time: 0.000947333 0 0 0 0 0 0.011733 0 0 0 0 0 1.0359 0 0 0 0 0 
range query time: 0.000948667 0 0 0 0 0 0.0191033 0 0 0 0 0 2.13129 0 0 0 0 0 
# Insert
## 0.0001
median: (6076, 0.00186433)-> min: (0, 0.000756667)-> max: (4549, 0.00590867)-> tot: 19.3653-> avg: 0.00193583
in-dis-skewed knn time: 0.297506 11.5931 89.9661 0 89.9661 79.3729 0.584709 25.8838 124.17 0 124.17 99.2866 1.8603 65.0255 193.501 0 193.501 129.476 
out-dis-skewed knn time: 0.38984 15.0937 106.812 0 106.812 92.7182 0.859846 31.6124 145.989 0 145.989 115.377 2.72615 77.1553 226.148 0 226.148 149.993 
in-dis-uniform knn time: 1.16766 13.8363 108.618 0 108.618 95.7819 2.41237 30.4997 147.842 0 147.842 118.342 5.89192 76.3155 229.408 0 229.408 154.092 
out-dis-uniform knn time: 1.21253 14.7884 111.686 0 111.686 97.898 2.35258 30.7601 148.443 0 148.443 118.683 5.75461 76.6361 230.101 0 230.101 154.464 
range count time: 0.000903 0 0 0 0 0 0.012843 0 0 0 0 0 1.05845 0 0 0 0 0 
range query time: 0.000922 0 0 0 0 0 0.019966 0 0 0 0 0 2.22888 0 0 0 0 0 
# Delete
## 0.0001
median: (2721, 0.00204267)-> min: (9999, 0.000853)-> max: (3592, 0.00609967)-> tot: 19.7028-> avg: 0.00196978
in-dis-skewed knn time: 0.296106 12.2966 94.9494 0 94.9494 83.6528 0.595468 28.218 132.629 0 132.629 105.411 1.91811 72.4212 209.626 0 209.626 138.205 
out-dis-skewed knn time: 0.338449 12.6736 93.0748 0 93.0748 81.4012 0.765546 26.2606 121.77 0 121.77 96.509 2.43812 63.2112 185.687 0 185.687 123.476 
in-dis-uniform knn time: 1.17324 13.0637 100.653 0 100.653 88.5891 2.41916 29.0081 138.929 0 138.929 110.921 5.7816 71.629 213.936 0 213.936 143.307 
out-dis-uniform knn time: 1.22382 13.8195 102.37 0 102.37 89.5504 2.36555 28.5836 136.603 0 136.603 109.019 5.6468 69.9239 209.377 0 209.377 140.453 
range count time: 0.000909667 0 0 0 0 0 0.012876 0 0 0 0 0 1.0637 0 0 0 0 0 
range query time: 0.000913 0 0 0 0 0 0.0198087 0 0 0 0 0 2.2277 0 0 0 0 0 

Tree: CPAM; AugType: HasBox; Split: HilbertCurve; BDO: 6; Inba: 30; Coord: integer; 
GeoLifeNoScale_round_no_dup.in 
# Insert
## 1
median: (1, 0.002842)-> min: (1, 0.002842)-> max: (1, 0.002842)-> tot: 0.002842-> avg: 0.002842
in-dis-skewed knn time: 0.000207 7.05635 34.5518 0 34.5518 28.4955 0.000399 13.3997 43.0928 0 43.0928 30.6931 0.00115067 23.3156 52.2119 0 52.2119 29.8963 
out-dis-skewed knn time: 0.000213 7.19309 33.6582 0 33.6582 27.4651 0.000335667 11.5639 39.5526 0 39.5526 28.9887 0.001008 21.6582 48.4677 0 48.4677 27.8095 
in-dis-uniform knn time: 0.000199333 6.25695 32.6364 0 32.6364 27.3794 0.000343667 11.5965 40.3926 0 40.3926 29.796 0.00103167 21.7708 49.1593 0 49.1593 28.3884 
out-dis-uniform knn time: 0.000207667 6.64664 33.4318 0 33.4318 27.7852 0.000330667 11.0943 39.8971 0 39.8971 29.8029 0.00103633 21.0143 48.3751 0 48.3751 28.3609 
range count time: 0.000575333 0 0 0 0 0 0.00786133 0 0 0 0 0 0.115992 0 0 0 0 0 
range query time: 0.000772333 0 0 0 0 0 0.00970567 0 0 0 0 0 0.541484 0 0 0 0 0 Tree: CPAM; AugType: HasBox; Split: HilbertCurve; BDO: 6; Inba: 30; Coord: integer; 
osm_round_no_dup.in 
# Insert
## 1
median: (1, 7.26383)-> min: (1, 7.26383)-> max: (1, 7.26383)-> tot: 7.26383-> avg: 7.26383
in-dis-skewed knn time: 0.304021 9.24331 113.931 0 113.931 105.688 1.10383 26.8083 195.178 0 195.178 169.369 6.66763 84.145 277.145 0 277.145 194 
out-dis-skewed knn time: 0.28856 10.2372 112.619 0 112.619 103.382 1.17626 32.0188 217.483 0 217.483 186.464 7.14924 94.84 310.859 0 310.859 217.019 
in-dis-uniform knn time: 1.20275 8.22023 107.518 0 107.518 100.298 2.32926 22.2486 169.227 0 169.227 147.978 7.45402 70.2219 240.105 0 240.105 170.884 
out-dis-uniform knn time: 0.956726 7.46511 94.6709 0 94.6709 88.2058 1.85012 18.3641 140.387 0 140.387 123.023 5.99365 58.3139 202.706 0 202.706 145.392 
range count time: 0.00104467 0 0 0 0 0 0.00250333 0 0 0 0 0 0.118031 0 0 0 0 0 
range query time: 0.00109233 0 0 0 0 0 0.00864167 0 0 0 0 0 1.39338 0 0 0 0 0 
# Insert
## 0.0001
median: (7808, 0.00148767)-> min: (93, 0.00114867)-> max: (5650, 0.006597)-> tot: 15.404-> avg: 0.00153985
in-dis-skewed knn time: 0.302559 7.38998 98.5004 0 98.5004 92.1105 1.12209 20.8953 176.457 0 176.457 156.561 5.47221 59.3245 242.053 0 242.053 183.728 
out-dis-skewed knn time: 0.295785 9.36687 106.867 0 106.867 98.5001 1.07908 23.9106 180.122 0 180.122 157.212 5.76552 67.0254 250.696 0 250.696 184.671 
in-dis-uniform knn time: 1.38103 8.08797 106.397 0 106.397 99.3089 2.60365 18.8861 154.849 0 154.849 136.963 7.58394 53.4884 209.364 0 209.364 156.876 
out-dis-uniform knn time: 1.10004 7.62476 96.1529 0 96.1529 89.5282 2.08626 17.1605 137.852 0 137.852 121.691 6.43664 48.266 186.65 0 186.65 139.384 
range count time: 0.000829667 0 0 0 0 0 0.002794 0 0 0 0 0 0.129323 0 0 0 0 0 
range query time: 0.001329 0 0 0 0 0 0.00882433 0 0 0 0 0 1.41563 0 0 0 0 0 
# Delete
## 0.0001
median: (6726, 0.00160033)-> min: (9999, 0.001224)-> max: (3833, 0.006138)-> tot: 16.703-> avg: 0.0016698
in-dis-skewed knn time: 0.320981 8.52471 109.713 0 109.713 102.189 0.994226 20.3239 162.985 0 162.985 143.661 5.56414 64.2171 230.19 0 230.19 166.973 
out-dis-skewed knn time: 0.266587 7.80459 96.7677 0 96.7677 89.9631 1.10499 24.9534 197.462 0 197.462 173.508 6.59374 74.9873 266.452 0 266.452 192.465 
in-dis-uniform knn time: 1.28231 7.84651 102.664 0 102.664 95.8172 2.36845 17.9592 145.603 0 145.603 128.644 7.06527 54.1028 201.471 0 201.471 148.368 
out-dis-uniform knn time: 1.04154 6.75537 85.8639 0 85.8639 80.1086 1.95943 16.2368 131.937 0 131.937 116.7 6.112 48.3241 181.848 0 181.848 134.524 
range count time: 0.000783 0 0 0 0 0 0.002795 0 0 0 0 0 0.124448 0 0 0 0 0 
range query time: 0.000768667 0 0 0 0 0 0.00899233 0 0 0 0 0 1.43662 0 0 0 0 0 

