Tree: CPAM; AugType: HasBox; Split: MortonCurve; BDO: 6; Inba: 30; Coord: integer; 
Cosmo50_round_no_dup.in 
# Insert
## 1
median: (1, 5.36525)-> min: (1, 5.36525)-> max: (1, 5.36525)-> tot: 5.36525-> avg: 5.36525
in-dis-skewed knn time: 1.14926 54.9283 322.024 0 322.024 268.096 4.43033 143.998 561.2 0 561.2 418.201 14.3547 284.105 781.497 0 781.497 498.392 
out-dis-skewed knn time: 2.52166 71.1404 409.661 0 409.661 339.52 7.06104 185.966 744.071 0 744.071 559.106 17.4598 369.247 1028.28 0 1028.28 660.036 
in-dis-uniform knn time: 6.88485 76.776 467.311 0 467.311 391.535 15.7357 201.062 819.737 0 819.737 619.674 31.6936 404.124 1145.73 0 1145.73 742.607 
out-dis-uniform knn time: 6.89185 78.1247 470.779 0 470.779 393.655 15.5119 202.173 824.342 0 824.342 623.169 31.2793 406.547 1151.58 0 1151.58 746.029 
range count time: 0.00169433 0 0 0 0 0 0.0193733 0 0 0 0 0 1.29594 0 0 0 0 0 
range query time: 0.00164733 0 0 0 0 0 0.0260393 0 0 0 0 0 2.33612 0 0 0 0 0 
# Insert
## 0.0001
median: (9532, 0.00179433)-> min: (0, 0.000712333)-> max: (9058, 0.00707533)-> tot: 18.8001-> avg: 0.00187931
in-dis-skewed knn time: 1.25382 61.044 364.193 0 364.193 304.149 3.82911 146.989 576.384 0 576.384 430.394 12.8749 304.162 823.274 0 823.274 520.112 
out-dis-skewed knn time: 2.38603 83.8739 494.876 0 494.876 412.002 5.4325 177.056 707.343 0 707.343 531.286 13.9434 365.851 1004.86 0 1004.86 640.007 
in-dis-uniform knn time: 6.54002 95.2553 578.119 0 578.119 483.864 13.4971 213.002 853.579 0 853.579 641.577 28.574 444.868 1228.53 0 1228.53 784.658 
out-dis-uniform knn time: 6.48698 96.4311 581.718 0 581.718 486.286 13.0944 211.67 849.483 0 849.483 638.814 27.7713 442.176 1222.02 0 1222.02 780.843 
range count time: 0.001801 0 0 0 0 0 0.0210947 0 0 0 0 0 1.32422 0 0 0 0 0 
range query time: 0.00169367 0 0 0 0 0 0.0274307 0 0 0 0 0 2.43297 0 0 0 0 0 
# Delete
## 0.0001
median: (9422, 0.00196033)-> min: (9999, 0.000838333)-> max: (9630, 0.007436)-> tot: 19.1047-> avg: 0.00190997
in-dis-skewed knn time: 1.22618 62.1455 381.453 0 381.453 320.307 3.74256 157.612 608.582 0 608.582 451.97 13.0362 333.806 880.057 0 880.057 547.251 
out-dis-skewed knn time: 2.41925 73.4707 455.962 0 455.962 383.492 7.21576 196.499 829.604 0 829.604 634.105 18.1605 409.361 1165.56 0 1165.56 757.198 
in-dis-uniform knn time: 6.02323 77.211 483.577 0 483.577 407.366 14.092 203.663 825.04 0 825.04 622.377 29.3732 424.381 1175.53 0 1175.53 752.146 
out-dis-uniform knn time: 6.12621 78.4732 488.294 0 488.294 410.82 14.0764 204.599 835.675 0 835.675 632.076 29.3199 425.733 1187.23 0 1187.23 762.499 
range count time: 0.00172433 0 0 0 0 0 0.0208713 0 0 0 0 0 1.33568 0 0 0 0 0 
range query time: 0.00163133 0 0 0 0 0 0.027036 0 0 0 0 0 2.43984 0 0 0 0 0 

Tree: CPAM; AugType: HasBox; Split: MortonCurve; BDO: 6; Inba: 30; Coord: integer; 
GeoLifeNoScale_round_no_dup.in 
# Insert
## 1
median: (1, 0.003022)-> min: (1, 0.003022)-> max: (1, 0.003022)-> tot: 0.003022-> avg: 0.003022
in-dis-skewed knn time: 0.000224667 6.65928 25.7122 0 25.7122 20.053 0.000378333 11.6187 30.9459 0 30.9459 20.3272 0.00102333 19.7908 38.062 0 38.062 19.2712 
out-dis-skewed knn time: 0.000281 10.9429 35.2596 0 35.2596 25.3167 0.000463 18.201 44.044 0 44.044 26.843 0.00129067 29.0353 52.2261 0 52.2261 24.1908 
in-dis-uniform knn time: 0.000177333 5.99662 23.497 0 23.497 18.5004 0.000310667 10.1942 28.0466 0 28.0466 18.8524 0.000855333 17.3824 34.1679 0 34.1679 17.7855 
out-dis-uniform knn time: 0.000184667 5.84979 23.2246 0 23.2246 18.3748 0.000300667 9.55238 27.3849 0 27.3849 18.8325 0.000816 16.3357 33.2561 0 33.2561 17.9204 
range count time: 0.000805333 0 0 0 0 0 0.010653 0 0 0 0 0 0.138761 0 0 0 0 0 
range query time: 0.000893667 0 0 0 0 0 0.012404 0 0 0 0 0 0.545149 0 0 0 0 0 Tree: CPAM; AugType: HasBox; Split: MortonCurve; BDO: 6; Inba: 30; Coord: integer; 
osm_round_no_dup.in 
# Insert
## 1
median: (1, 6.99795)-> min: (1, 6.99795)-> max: (1, 6.99795)-> tot: 6.99795-> avg: 6.99795
in-dis-skewed knn time: 0.788703 24.4007 258.823 0 258.823 235.422 3.4617 81.8155 521.162 0 521.162 440.346 19.8015 244.637 758.469 0 758.469 514.832 
out-dis-skewed knn time: 0.516711 17.0598 194.754 0 194.754 178.694 3.03039 79.89 510.306 0 510.306 431.416 17.0693 224.043 718.172 0 718.172 495.128 
in-dis-uniform knn time: 3.61686 24.0778 256.97 0 256.97 233.892 9.43488 82.1493 553.248 0 553.248 472.099 25.956 237.426 787.585 0 787.585 551.159 
out-dis-uniform knn time: 2.75332 21.1469 229.215 0 229.215 209.068 7.1631 71.7928 496.459 0 496.459 425.667 21.2121 209.133 709.957 0 709.957 501.824 
range count time: 0.000687333 0 0 0 0 0 0.00396567 0 0 0 0 0 0.181554 0 0 0 0 0 
range query time: 0.000862333 0 0 0 0 0 0.008976 0 0 0 0 0 1.43386 0 0 0 0 0 
# Insert
## 0.0001
median: (6753, 0.001469)-> min: (271, 0.00110433)-> max: (7225, 0.00616733)-> tot: 15.2362-> avg: 0.00152307
in-dis-skewed knn time: 0.872079 21.4034 246.928 0 246.928 226.525 4.01314 70.7242 505.895 0 505.895 436.171 20.3136 206.984 731.577 0 731.577 525.594 
out-dis-skewed knn time: 0.652755 18.4892 215.362 0 215.362 197.873 3.19118 68.8605 433.715 0 433.715 365.855 15.8906 172.444 587.067 0 587.067 415.623 
in-dis-uniform knn time: 4.21268 26.3668 293.649 0 293.649 268.282 10.3368 79.1489 553.593 0 553.593 475.444 28.0076 208.733 758.576 0 758.576 550.842 
out-dis-uniform knn time: 3.18377 22.8112 254.837 0 254.837 233.026 8.01719 69.9438 489.493 0 489.493 420.549 22.9943 182.082 670.407 0 670.407 489.325 
range count time: 0.000786333 0 0 0 0 0 0.00516133 0 0 0 0 0 0.20078 0 0 0 0 0 
range query time: 0.000904667 0 0 0 0 0 0.00924867 0 0 0 0 0 1.45895 0 0 0 0 0 
# Delete
## 0.0001
median: (1764, 0.00158133)-> min: (9999, 0.00120433)-> max: (4629, 0.00657433)-> tot: 16.5382-> avg: 0.00165332
in-dis-skewed knn time: 0.827444 22.7501 240.502 0 240.502 218.752 4.09606 78.8927 524.807 0 524.807 446.914 19.9098 218.108 744.001 0 744.001 526.893 
out-dis-skewed knn time: 0.717632 20.751 233.772 0 233.772 214.021 3.35563 69.2709 481.784 0 481.784 413.513 17.8812 205.175 695.754 0 695.754 491.579 
in-dis-uniform knn time: 3.87571 25.2802 272.25 0 272.25 247.97 9.64358 78.8201 540.812 0 540.812 462.992 26.7299 212.802 753.178 0 753.178 541.375 
out-dis-uniform knn time: 3.05305 21.5552 237.415 0 237.415 216.86 7.63795 68.8506 487.493 0 487.493 419.642 22.5192 187.111 684.215 0 684.215 498.104 
range count time: 0.000745667 0 0 0 0 0 0.004002 0 0 0 0 0 0.192089 0 0 0 0 0 
range query time: 0.00079 0 0 0 0 0 0.00928 0 0 0 0 0 1.48684 0 0 0 0 0 

