Tree: ZdTree; AugType: WithoutBox; Split: MortonCurve; BDO: 6; Inba: 30; Coord: float; 
Cosmo50_round_no_dup.in 
# Insert
## 1
median: (1, 1.64777)-> min: (1, 1.64777)-> max: (1, 1.64777)-> tot: 1.64777-> avg: 1.64777
in-dis-skewed knn time: 0.03975 0 0 0 0 0 0.145547 0 0 0 0 0 0.483516 0 0 0 0 0 
out-dis-skewed knn time: 0.0453067 0 0 0 0 0 0.0985717 0 0 0 0 0 0.507986 0 0 0 0 0 
in-dis-uniform knn time: 0.0911983 0 0 0 0 0 0.301168 0 0 0 0 0 1.08097 0 0 0 0 0 
out-dis-uniform knn time: 0.136655 0 0 0 0 0 0.285372 0 0 0 0 0 1.01858 0 0 0 0 0 
range count time: 0.000550667 0 0 0 0 0 0.00934433 0 0 0 0 0 0.861887 0 0 0 0 0 
range query time: 0.000661333 0 0 0 0 0 0.0157017 0 0 0 0 0 2.19654 0 0 0 0 0 
# Insert
## 0.0001
median: (5168, 0.00126067)-> min: (3, 0.000535333)-> max: (1802, 0.008417)-> tot: 13.8253-> avg: 0.00138178
in-dis-skewed knn time: 0.0421977 0 0 0 0 0 0.136964 0 0 0 0 0 0.508875 0 0 0 0 0 
out-dis-skewed knn time: 0.0515687 0 0 0 0 0 0.109682 0 0 0 0 0 0.547385 0 0 0 0 0 
in-dis-uniform knn time: 0.0851197 0 0 0 0 0 0.285071 0 0 0 0 0 0.989008 0 0 0 0 0 
out-dis-uniform knn time: 0.134328 0 0 0 0 0 0.280354 0 0 0 0 0 0.973587 0 0 0 0 0 
range count time: 0.000596333 0 0 0 0 0 0.010695 0 0 0 0 0 0.752933 0 0 0 0 0 
range query time: 0.000994333 0 0 0 0 0 0.015613 0 0 0 0 0 2.11125 0 0 0 0 0 
# Delete
## 0.0001
median: (3360, 0.00143867)-> min: (8096, 0.001016)-> max: (9730, 0.018085)-> tot: 20.6595-> avg: 0.00206545
in-dis-skewed knn time: 0.042911 0 0 0 0 0 0.143233 0 0 0 0 0 0.509289 0 0 0 0 0 
out-dis-skewed knn time: 0.0360433 0 0 0 0 0 0.0916573 0 0 0 0 0 0.521698 0 0 0 0 0 
in-dis-uniform knn time: 0.089811 0 0 0 0 0 0.300685 0 0 0 0 0 1.01492 0 0 0 0 0 
out-dis-uniform knn time: 0.140348 0 0 0 0 0 0.290949 0 0 0 0 0 0.985061 0 0 0 0 0 
range count time: 0.000906 0 0 0 0 0 0.010342 0 0 0 0 0 0.767377 0 0 0 0 0 
range query time: 0.000983 0 0 0 0 0 0.0162073 0 0 0 0 0 2.13627 0 0 0 0 0 

Tree: ZdTree; AugType: WithoutBox; Split: MortonCurve; BDO: 6; Inba: 30; Coord: float; 
GeoLifeNoScale_round_no_dup.in 
# Insert
## 1
median: (1, 0.00184733)-> min: (1, 0.00184733)-> max: (1, 0.00184733)-> tot: 0.00184733-> avg: 0.00184733
in-dis-skewed knn time: 0.000112 0 0 0 0 0 0.000102333 0 0 0 0 0 0.000315 0 0 0 0 0 
out-dis-skewed knn time: 0.000103 0 0 0 0 0 0.000107667 0 0 0 0 0 0.000345667 0 0 0 0 0 
in-dis-uniform knn time: 0.000148 0 0 0 0 0 9.33333e-05 0 0 0 0 0 0.000298667 0 0 0 0 0 
out-dis-uniform knn time: 8.2e-05 0 0 0 0 0 9.5e-05 0 0 0 0 0 0.000296 0 0 0 0 0 
range count time: 0.000475667 0 0 0 0 0 0.005268 0 0 0 0 0 0.086739 0 0 0 0 0 
range query time: 0.000810667 0 0 0 0 0 0.00854133 0 0 0 0 0 0.539822 0 0 0 0 0 
# Insert
## 0.0001
median: (8678, 1.06667e-05)-> min: (3931, 1.33333e-06)-> max: (8970, 0.000175)-> tot: 0.125437-> avg: 1.17508e-05
in-dis-skewed knn time: 8.86667e-05 0 0 0 0 0 9.63333e-05 0 0 0 0 0 0.000312 0 0 0 0 0 
out-dis-skewed knn time: 0.000102 0 0 0 0 0 0.000113667 0 0 0 0 0 0.000348 0 0 0 0 0 
in-dis-uniform knn time: 7.9e-05 0 0 0 0 0 9.16667e-05 0 0 0 0 0 0.000297667 0 0 0 0 0 
out-dis-uniform knn time: 7.36667e-05 0 0 0 0 0 9.16667e-05 0 0 0 0 0 0.000279667 0 0 0 0 0 
range count time: 0.00047 0 0 0 0 0 0.00515367 0 0 0 0 0 0.0853387 0 0 0 0 0 
range query time: 0.000650333 0 0 0 0 0 0.007412 0 0 0 0 0 0.530029 0 0 0 0 0 
# Delete
## 0.0001
median: (7998, 1.23333e-05)-> min: (4815, 1e-06)-> max: (9999, 0.000375)-> tot: 0.155264-> avg: 1.46632e-05
in-dis-skewed knn time: 7.6e-05 0 0 0 0 0 9.86667e-05 0 0 0 0 0 0.000314333 0 0 0 0 0 
out-dis-skewed knn time: 9.03333e-05 0 0 0 0 0 0.000107667 0 0 0 0 0 0.000344333 0 0 0 0 0 
in-dis-uniform knn time: 7.5e-05 0 0 0 0 0 9.2e-05 0 0 0 0 0 0.000298333 0 0 0 0 0 
out-dis-uniform knn time: 7.63333e-05 0 0 0 0 0 9.3e-05 0 0 0 0 0 0.000291 0 0 0 0 0 
range count time: 0.000466333 0 0 0 0 0 0.00549667 0 0 0 0 0 0.0930157 0 0 0 0 0 
range query time: 0.000809 0 0 0 0 0 0.00785 0 0 0 0 0 0.535253 0 0 0 0 0 

