Tree: KdTree; AugType: HasBox; Split: MaxStretchDim-ObjectMedian; BDO: 6; Inba: 30; Coord: integer; 
Cosmo50_round_no_dup.in 
# Insert
## 1
median: (1, 1.88912)-> min: (1, 1.88912)-> max: (1, 1.88912)-> tot: 1.88912-> avg: 1.88912
in-dis-skewed knn time: 0.026501 1 22.8934 0 22.8934 22.8934 0.106687 6.2487 37.6653 0 37.6653 32.4166 0.363987 24.8422 71.3554 0 71.3554 47.5131 
out-dis-skewed knn time: 0.0319773 2.3036 27.4987 0 27.4987 26.1951 0.073769 6.27913 37.3686 0 37.3686 32.0895 0.377521 26.1883 71.6083 0 71.6083 46.4201 
in-dis-uniform knn time: 0.0700567 1 22.8005 0 22.8005 22.8005 0.247938 5.88507 36.507 0 36.507 31.6219 0.836306 24.3536 70.0513 0 70.0513 46.6977 
out-dis-uniform knn time: 0.1149 2.32696 27.7528 0 27.7528 26.4258 0.241162 6.22013 37.4576 0 37.4576 32.2375 0.813759 24.8632 71.0257 0 71.0257 47.1625 
range count time: 0.000575333 3.68036 30.8913 0 0.0001 28.2109 0.00894567 80.034 188.858 0 2.1363 107.688 0.601815 1493.43 2667.56 0 311.716 863.416 
range query time: 0.000995667 3.68036 30.8913 0 0.0001 28.2109 0.0124837 80.034 188.858 0 2.1363 107.688 1.70282 1493.43 2667.56 0 311.716 863.416 
# Insert
## 0.0001
median: (6554, 0.00164733)-> min: (625, 0.000703667)-> max: (9912, 0.359829)-> tot: 100.94-> avg: 0.0100669
in-dis-skewed knn time: 0.028653 1 22.0707 0 22.0707 22.0707 0.114013 6.2982 36.8986 0 36.8986 31.6004 0.387746 25.0973 70.9816 0 70.9816 46.8842 
out-dis-skewed knn time: 0.0356107 2.33997 27.713 0 27.713 26.373 0.08154 6.46341 36.8074 0 36.8074 31.344 0.373094 24.5645 65.3247 0 65.3247 41.7601 
in-dis-uniform knn time: 0.0748067 1.00004 23.3283 0 23.3283 23.3282 0.255111 5.89814 37.0821 0 37.0821 32.184 0.861493 24.3871 70.5662 0 70.5662 47.1791 
out-dis-uniform knn time: 0.125496 2.33173 28.2754 0 28.2754 26.9437 0.257192 6.27687 37.9503 0 37.9503 32.6735 0.847002 24.6771 70.6882 0 70.6882 47.0111 
range count time: 0.000631667 3.7172 31.2781 0 0.00016 28.5608 0.0100713 80.7454 190.048 0 2.1599 108.143 0.62622 1495.59 2677.38 0 314.643 868.143 
range query time: 0.000710333 3.7172 31.2781 0 0.00016 28.5608 0.0131823 80.7454 190.048 0 2.1599 108.143 1.665 1495.59 2677.38 0 314.643 868.143 
# Delete
## 0.0001
median: (6350, 0.0338987)-> min: (9999, 0.000608667)-> max: (9395, 2.57372)-> tot: 800.325-> avg: 0.080032
in-dis-skewed knn time: 0.0283363 1 23.391 0 23.391 23.391 0.114159 6.96401 40.2395 0 40.2395 34.2755 0.402364 29.9829 81.2684 0 81.2684 52.2855 
out-dis-skewed knn time: 0.048665 1.86898 40.8606 0 40.8606 39.9917 0.116442 7.61354 59.3872 0 59.3872 52.7736 0.5387 33.7107 105.586 0 105.586 72.8757 
in-dis-uniform knn time: 0.0721787 1.00005 23.3404 0 23.3404 23.3404 0.246635 6.52105 38.9464 0 38.9464 33.4254 0.871491 29.3715 79.7205 0 79.7205 51.3491 
out-dis-uniform knn time: 0.122837 2.48327 30.92 0 30.92 29.4367 0.256152 7.07433 42.5295 0 42.5295 36.4552 0.878477 30.2364 83.6592 0 83.6592 54.4228 
range count time: 0.002007 3.95898 32.411 0 0.0005 29.4515 0.010648 95.5049 223.973 0 3.58076 125.887 0.62028 1780.88 3269.7 0 429.127 1060.69 
range query time: 0.000693333 3.95898 32.411 0 0.0005 29.4515 0.0138353 95.5049 223.973 0 3.58076 125.887 1.67222 1780.88 3269.7 0 429.127 1060.69 

Tree: KdTree; AugType: HasBox; Split: MaxStretchDim-ObjectMedian; BDO: 6; Inba: 30; Coord: integer;
GeoLifeNoScale_round_no_dup.in 
# Insert
## 1
median: (1, 0.00529767)-> min: (1, 0.00529767)-> max: (1, 0.00529767)-> tot: 0.00529767-> avg: 0.00529767
in-dis-skewed knn time: 3.46667e-05 1 13.0612 0 13.0612 13.0612 0.000693667 3.99286 19.5766 0 19.5766 16.5838 0.000259 18.3148 41.9121 0 41.9121 24.5973
out-dis-skewed knn time: 4.96667e-05 1.98685 16.0083 0 16.0083 15.0214 9.43333e-05 5.44252 21.0811 0 21.0811 16.6386 0.000299667 21.6927 43.6987 0 43.6987 23.006
in-dis-uniform knn time: 0.000523333 1 12.9403 0 12.9403 12.9403 7.5e-05 3.98685 20.0338 0 20.0338 17.047 0.000267 17.8186 39.8219 0 39.8219 23.0034
out-dis-uniform knn time: 4.73333e-05 1.85205 15.3721 0 15.3721 14.5201 7.36667e-05 4.2009 20.0345 0 20.0345 16.8336 0.000263 16.6703 36.9609 0 36.9609 21.2906
range count time: 0.000222 1.5667 14.4127 0 0.0114 13.8346 0.003592 37.0098 108.731 0 4.16 68.5613 0.0564903 586.961 1424.55 0 299.448 539.138
range query time: 0.000791667 1.5667 14.4127 0 0.0114 13.8346 0.00631933 37.0098 108.731 0 4.16 68.5613 0.430845 586.961 1424.55 0 299.448 539.138
# Insert
## 0.0001
median: (5430, 8e-06)-> min: (5649, 1e-06)-> max: (6937, 0.003151)-> tot: 0.131068-> avg: 1.22991e-05
in-dis-skewed knn time: 0.000378333 1 12.2686 0 12.2686 12.2686 5.73333e-05 3.30278 16.562 0 16.562 14.2592 0.000212333 14.9376 31.6664 0 31.6664 17.7288
out-dis-skewed knn time: 0.000669333 2.17055 15.2802 0 15.2802 14.1097 6.86667e-05 4.53381 18.997 0 18.997 15.4632 0.000307 14.5518 32.4354 0 32.4354 18.8835
in-dis-uniform knn time: 4.06667e-05 1 13.1766 0 13.1766 13.1766 6.23333e-05 3.28738 17.1026 0 17.1026 14.8152 0.000211667 13.6236 29.9891 0 29.9891 17.3655
out-dis-uniform knn time: 0.000502667 1.75178 15.0567 0 15.0567 14.3049 6.43333e-05 3.56102 17.9756 0 17.9756 15.4146 0.000215667 13.436 30.6733 0 30.6733 18.2373
range count time: 0.00025 1.92504 15.2611 0 0.00312 14.3329 0.00680633 89.0945 222.646 0 1.41558 133.136 0.109689 1378.31 2433.7 0 313.753 742.639
range query time: 0.000499667 1.92504 15.2611 0 0.00312 14.3329 0.00879667 89.0945 222.646 0 1.41558 133.136 0.435986 1378.31 2433.7 0 313.753 742.639
# Delete
## 0.0001
median: (2286, 8.33333e-06)-> min: (10239, 0)-> max: (151, 0.00116667)-> tot: 0.146746-> avg: 1.38323e-05
in-dis-skewed knn time: 6.6e-05 1 13.1311 0 13.1311 13.1311 6.93333e-05 4.33997 25.0932 0 25.0932 21.7532 0.000307333 23.6157 60.6901 0 60.6901 38.0744
out-dis-skewed knn time: 0.000612333 2.23629 18.976 0 18.976 17.7397 8.26667e-05 5.21976 28.2047 0 28.2047 23.985 0.000308 25.0793 67.5278 0 67.5278 43.4485
in-dis-uniform knn time: 4.16667e-05 1 13.1123 0 13.1123 13.1123 7.3e-05 4.16717 23.3197 0 23.3197 20.1525 0.000301667 21.0729 52.0214 0 52.0214 31.9485
out-dis-uniform knn time: 4.8e-05 1.98836 16.576 0 16.576 15.5877 7.76667e-05 4.69658 23.4671 0 23.4671 19.7706 0.000298667 20.3455 48.0248 0 48.0248 28.6793
range count time: 0.000282333 1.76694 14.5336 0 0.00924 13.7574 0.00317033 46.6463 99.5832 0 3.51564 50.4212 0.0579667 779.998 1357.3 0 216.462 361.84
range query time: 0.000516 1.76694 14.5336 0 0.00924 13.7574 0.00582433 46.6463 99.5832 0 3.51564 50.4212 0.432592 779.998 1357.3 0 216.462 361.84

Tree: KdTree; AugType: HasBox; Split: MaxStretchDim-ObjectMedian; BDO: 6; Inba: 30; Coord: integer; 
osm_round_no_dup.in 
# Insert
## 1
median: (1, 4.3235)-> min: (1, 4.3235)-> max: (1, 4.3235)-> tot: 4.3235-> avg: 4.3235
in-dis-skewed knn time: 0.0374337 1 24.3887 0 24.3887 24.3887 0.0709467 2.37493 27.1076 0 27.1076 25.7327 0.378077 11.5508 40.7243 0 40.7243 30.1735 
out-dis-skewed knn time: 0.048068 2.50356 31.9789 0 31.9789 30.4753 0.0953917 4.29269 35.944 0 35.944 32.6514 0.498944 15.3546 50.1166 0 50.1166 35.762 
in-dis-uniform knn time: 0.167692 1 24.1971 0 24.1971 24.1971 0.27166 2.4031 26.9494 0 26.9494 25.5463 0.928594 11.5994 40.4875 0 40.4875 29.8882 
out-dis-uniform knn time: 0.185502 1.82348 27.782 0 27.782 26.9585 0.283198 3.30423 31.104 0 31.104 28.7998 0.932196 13.5376 46.0047 0 46.0047 33.4671 
range count time: 0.000708667 1.46388 24.8096 0 0.01028 24.3355 0.00179633 18.3548 70.9522 0 5.48878 48.1086 0.0486927 213.279 651.38 0 170.461 268.641 
range query time: 0.000567333 1.46388 24.8096 0 0.01028 24.3355 0.006495 18.3548 70.9522 0 5.48878 48.1086 1.06262 213.279 651.38 0 170.461 268.641 
# Insert
## 0.0001
median: (1975, 0.00226967)-> min: (0, 0.00110533)-> max: (9064, 2.44536)-> tot: 29.3429-> avg: 0.00293372
in-dis-skewed knn time: 0.036441 1 22.8064 0 22.8064 22.8064 0.0718237 2.36188 25.5523 0 25.5523 24.1904 0.386831 11.3823 39.106 0 39.106 28.7237 
out-dis-skewed knn time: 0.050223 2.46211 32.7028 0 32.7028 31.2407 0.101315 4.36938 37.2073 0 37.2073 33.8379 0.566049 16.1533 51.83 0 51.83 36.6767 
in-dis-uniform knn time: 0.17878 1.00001 24.9495 0 24.9495 24.9495 0.284941 2.38248 27.691 0 27.691 26.3085 0.963704 11.4003 41.0799 0 41.0799 30.6797 
out-dis-uniform knn time: 0.20108 1.82711 28.9258 0 28.9258 28.0987 0.306747 3.30172 32.3087 0 32.3087 30.007 0.984339 13.446 47.2264 0 47.2264 34.7804 
range count time: 0.000296 1.4533 26.3328 0 0.00992 25.8695 0.00193067 18.3305 71.2094 0 5.39594 48.4829 0.053741 212.745 655.922 0 171.119 273.057 
range query time: 0.000475 1.4533 26.3328 0 0.00992 25.8695 0.00630733 18.3305 71.2094 0 5.39594 48.4829 1.01067 212.745 655.922 0 171.119 273.057 
# Delete
## 0.0001
median: (7067, 0.00231633)-> min: (9967, 0.00106867)-> max: (3013, 0.248275)-> tot: 26.3317-> avg: 0.00263267
in-dis-skewed knn time: 0.0393917 1 24.5746 0 24.5746 24.5746 0.072775 2.36479 27.2773 0 27.2773 25.9126 0.383983 11.5273 40.8072 0 40.8072 30.2799 
out-dis-skewed knn time: 0.049733 2.38853 30.3454 0 30.3454 28.9569 0.093991 4.0094 34.6379 0 34.6379 31.6285 0.519603 15.7167 49.7027 0 49.7027 34.9861 
in-dis-uniform knn time: 0.176967 1.00001 24.5836 0 24.5836 24.5836 0.279928 2.4018 27.3293 0 27.3293 25.9275 0.959792 11.7927 41.063 0 41.063 30.2703 
out-dis-uniform knn time: 0.186188 1.8062 26.6061 0 26.6061 25.7999 0.290562 3.38067 30.1294 0 30.1294 27.7487 0.974948 14.2646 45.9503 0 45.9503 32.6857 
range count time: 0.001105 1.44588 24.2479 0 0.00606 23.796 0.00187367 18.2358 69.8629 0 5.36688 47.2602 0.0511607 211.301 655.09 0 174.347 270.442 
range query time: 0.000472667 1.44588 24.2479 0 0.00606 23.796 0.006389 18.2358 69.8629 0 5.36688 47.2602 1.01315 211.301 655.09 0 174.347 270.442 

Tree: OrthTree; AugType: HasBox; Split: RotateDim-SpatialMedian; BDO: 6; Inba: 30; Coord: integer; 
Cosmo50_round_no_dup.in 
# Insert
## 1
median: (1, 1.89859)-> min: (1, 1.89859)-> max: (1, 1.89859)-> tot: 1.89859-> avg: 1.89859
in-dis-skewed knn time: 0.0376487 1 8.0072 0 56.0504 56.0504 0.120118 7.83875 12.8605 0 90.0235 83.1847 0.416858 39.9785 24.3489 0 170.442 131.406 
out-dis-skewed knn time: 0.0880733 3.37615 17.0158 0 119.111 116.734 0.15143 9.65866 21.2064 0 148.445 139.786 0.55436 51.4687 34.3574 0 240.502 189.959 
in-dis-uniform knn time: 0.0849647 1 8.29971 0 58.098 58.098 0.244211 7.03677 12.7969 0 89.5786 83.5418 0.821828 38.6435 24.1067 0 168.747 130.936 
out-dis-uniform knn time: 0.133498 2.39402 10.7193 0 75.0353 73.6413 0.254472 7.84712 14.0086 0 98.06 91.2129 0.829247 40.6033 25.5154 0 178.608 138.862 
range count time: 0.00130933 5.45704 35.6251 35.6251 0.00196 31.1661 0.01162 152.533 312.049 312.049 5.58436 154.931 0.565858 3031.04 5355.75 5355.75 732.646 1593.06 
range query time: 0.000821667 5.45704 35.6251 35.6251 0.00196 31.1661 0.014024 152.533 312.049 312.049 5.58436 154.931 1.73807 3031.04 5355.75 5355.75 732.646 1593.06 
# Insert
## 0.0001
median: (2668, 0.00149633)-> min: (293, 0.000467667)-> max: (9914, 0.00549433)-> tot: 16.2109-> avg: 0.00161995
in-dis-skewed knn time: 0.0385413 1 8.00715 0 56.0501 56.0501 0.125214 7.83853 12.8602 0 90.0217 83.1832 0.431101 39.9766 24.3479 0 170.435 131.401 
out-dis-skewed knn time: 0.093378 3.37611 17.0152 0 119.106 116.73 0.159977 9.65906 21.2058 0 148.44 139.781 0.582089 51.4652 34.3568 0 240.497 189.959 
in-dis-uniform knn time: 0.0913127 1.00004 8.29955 0 58.0969 58.0968 0.258302 7.036 12.7959 0 89.5712 83.5352 0.850788 38.6363 24.1027 0 168.719 130.916 
out-dis-uniform knn time: 0.142458 2.39404 10.7189 0 75.0323 73.6383 0.269809 7.84621 14.0075 0 98.0528 91.2066 0.865581 40.5963 25.5119 0 178.583 138.845 
range count time: 0.00103133 5.45704 35.6251 35.6251 0.00196 31.1661 0.0121263 152.493 311.974 311.974 5.58074 154.9 0.56818 3030.24 5354.37 5354.37 732.417 1592.71 
range query time: 0.000784667 5.45704 35.6251 35.6251 0.00196 31.1661 0.0144063 152.493 311.974 311.974 5.58074 154.9 1.65859 3030.24 5354.37 5354.37 732.417 1592.71 
# Delete
## 0.0001
median: (3185, 0.00163)-> min: (9394, 0.000793667)-> max: (9741, 0.00606433)-> tot: 17.8546-> avg: 0.00178496
in-dis-skewed knn time: 0.0400467 1 8.11746 0 56.8223 56.8223 0.133481 8.42144 13.4578 0 94.2044 86.783 0.46265 45.9503 26.7029 0 186.92 141.77 
out-dis-skewed knn time: 0.07107 1.51077 14.5277 0 101.694 101.183 0.146242 7.56156 20.5248 0 143.673 137.111 0.617441 58.6049 37.3108 0 261.176 202.895 
in-dis-uniform knn time: 0.0933133 1.00004 8.43638 0 59.0547 59.0546 0.269145 7.63539 13.4433 0 94.1032 87.4678 0.914435 45.1848 26.6892 0 186.825 142.211 
out-dis-uniform knn time: 0.144636 2.27833 10.8721 0 76.1048 74.8265 0.281426 8.34619 14.6246 0 102.372 95.0261 0.928762 47.4423 28.2316 0 197.621 150.732 
range count time: 0.00104767 6.12338 37.4987 37.4987 0.00332 32.372 0.013743 180.535 360.259 360.259 7.87858 172.845 0.61645 3594.64 6357.33 6357.33 902.992 1860.71 
range query time: 0.000811 6.12338 37.4987 37.4987 0.00332 32.372 0.0165333 180.535 360.259 360.259 7.87858 172.845 1.75433 3594.64 6357.33 6357.33 902.992 1860.71 

Tree: OrthTree; AugType: HasBox; Split: RotateDim-SpatialMedian; BDO: 6; Inba: 30; Coord: integer;
GeoLifeNoScale_round_no_dup.in 
# Insert
## 1
median: (1, 0.00639233)-> min: (1, 0.00639233)-> max: (1, 0.00639233)-> tot: 0.00639233-> avg: 0.00639233
in-dis-skewed knn time: 5.4e-05 1 11.8249 0 82.7746 82.7746 0.000812333 6.72615 32.6416 0 228.491 222.765 0.000731667 34.4313 108.913 0 762.39 714.106
out-dis-skewed knn time: 0.000105 3.20323 21.6593 0 151.615 149.412 0.000230667 10.6683 50.3193 0 352.235 342.554 0.000983 48.8576 153.375 0 1073.62 1012.03
in-dis-uniform knn time: 6.6e-05 1 10.867 0 76.0691 76.0691 0.000204667 7.19722 35.5763 0 249.034 242.829 0.001044 35.8396 110.292 0 772.046 721.923
out-dis-uniform knn time: 0.000112333 2.87871 18.4619 0 129.233 127.354 0.00023 8.55088 38.2306 0 267.614 260.046 0.000867 37.8682 106.973 0 748.811 696.036
range count time: 0.003498 6.653 48.2863 48.2863 0.00216 42.6311 0.00488267 68.7622 171.017 171.017 4.76382 98.4909 0.0571707 1478.51 2625.68 2625.68 442.13 706.035
range query time: 0.000856667 6.653 48.2863 48.2863 0.00216 42.6311 0.007 68.7622 171.017 171.017 4.76382 98.4909 0.446558 1478.51 2625.68 2625.68 442.13 706.035
# Insert
## 0.0001
median: (3783, 5.66667e-06)-> min: (1409, 0)-> max: (7531, 0.000277333)-> tot: 0.0790217-> avg: 7.21331e-06
in-dis-skewed knn time: 5.43333e-05 1 11.8524 0 82.9666 82.9666 0.000134 6.81818 26.8828 0 188.18 182.361 0.000646 35.136 84.0372 0 588.26 538.659
out-dis-skewed knn time: 0.000205 3.25545 18.1619 0 127.133 124.878 0.000241333 10.7539 39.0612 0 273.429 263.675 0.000895667 49.6041 119.429 0 836 771.969
in-dis-uniform knn time: 6.26667e-05 1 10.9245 0 76.4715 76.4715 0.000166 6.87866 27.488 0 192.416 186.537 0.000703333 34.8306 82.7731 0 579.412 531.068
out-dis-uniform knn time: 9.26667e-05 2.6196 14.9486 0 104.64 103.02 0.000184667 7.84566 28.2231 0 197.561 190.716 0.000704667 35.6925 78.1254 0 546.878 498.61
range count time: 0.00334167 5.29984 43.8312 43.8312 0.00118 39.5302 0.003754 62.1045 145.227 145.227 4.52132 79.6007 0.0472317 1317.54 2186.62 2186.62 360.966 509.116
range query time: 0.000761333 5.29984 43.8312 43.8312 0.00118 39.5302 0.00601633 62.1045 145.227 145.227 4.52132 79.6007 0.431986 1317.54 2186.62 2186.62 360.966 509.116
# Delete
## 0.0001
median: (7461, 6e-06)-> min: (4572, 1e-06)-> max: (278, 9.66667e-05)-> tot: 0.0891373-> avg: 8.2054e-06
in-dis-skewed knn time: 0.000903667 1 12.1033 0 84.7231 84.7231 0.000139 6.81217 29.1138 0 203.797 197.985 0.000890667 37.7569 91.7945 0 642.562 585.971
out-dis-skewed knn time: 9.36667e-05 3.24869 18.8377 0 131.864 129.615 0.000210667 10.9478 41.4343 0 290.04 280.092 0.000929 53.7938 130.678 0 914.746 839.67
in-dis-uniform knn time: 6.76667e-05 1 11.1476 0 78.0334 78.0334 0.000741667 6.96319 28.9741 0 202.819 196.845 0.000771667 37.1544 89.6311 0 627.418 572.699
out-dis-uniform knn time: 0.000739667 2.60871 15.6605 0 109.624 108.015 0.000196333 8.03755 30.1014 0 210.71 203.649 0.000769 38.8367 85.5881 0 599.116 541.862
range count time: 0.003149 5.66254 45.2602 45.2602 0.00158 40.5961 0.00415667 72.6374 164.431 164.431 5.40588 87.3877 0.056234 1606.71 2649.6 2649.6 424.484 619.404
range query time: 0.00109367 5.66254 45.2602 45.2602 0.00158 40.5961 0.006694 72.6374 164.431 164.431 5.40588 87.3877 0.436227 1606.71 2649.6 2649.6 424.484 619.404


Tree: OrthTree; AugType: HasBox; Split: RotateDim-SpatialMedian; BDO: 6; Inba: 30; Coord: integer; 
osm_round_no_dup.in 
# Insert
## 1
median: (1, 4.95984)-> min: (1, 4.95984)-> max: (1, 4.95984)-> tot: 4.95984-> avg: 4.95984
in-dis-skewed knn time: 0.046891 1 14.7437 0 44.231 44.231 0.0829443 2.38916 16.0568 0 48.1705 46.7797 0.387521 14.307 23.0491 0 69.1472 55.1441 
out-dis-skewed knn time: 0.0533563 1.88429 16.1143 0 48.3428 47.4585 0.0957663 3.65628 18.6467 0 55.9401 53.0879 0.442422 16.428 27.9374 0 83.8121 65.3102 
in-dis-uniform knn time: 0.177152 1 15.5004 0 46.5011 46.5011 0.268253 2.43563 16.8234 0 50.4701 49.0325 0.922218 14.3481 23.7262 0 71.1785 57.1426 
out-dis-uniform knn time: 0.16411 1.56376 15.2748 0 45.8244 45.2606 0.264487 3.49301 17.293 0 51.879 49.2817 0.923657 17.1123 26.1 0 78.3 60.515 
range count time: 0.000371333 1.79802 30.5863 30.5863 0.01138 29.7769 0.002325 36.0981 100.009 100.009 6.56944 58.3416 0.0495573 422.286 923.346 923.346 197.357 304.703 
range query time: 0.000632 1.79802 30.5863 30.5863 0.01138 29.7769 0.00677467 36.0981 100.009 100.009 6.56944 58.3416 1.12757 422.286 923.346 923.346 197.357 304.703 
# Insert
## 0.0001
median: (723, 0.001405)-> min: (2275, 0.000950667)-> max: (9401, 0.005442)-> tot: 14.4871-> avg: 0.00144815
in-dis-skewed knn time: 0.0488373 1 15.2644 0 45.7931 45.7931 0.0854547 2.2883 16.4812 0 49.4435 48.1547 0.380516 13.7699 23.1433 0 69.43 55.9855 
out-dis-skewed knn time: 0.0519973 1.8193 15.7586 0 47.2757 46.4564 0.091586 3.52918 18.1337 0 54.401 51.5566 0.439491 16.4378 26.9246 0 80.7737 62.2683 
in-dis-uniform knn time: 0.187985 1.00001 16.0338 0 48.1014 48.1014 0.275543 2.33757 17.2662 0 51.7986 50.4606 0.913366 13.8763 23.8639 0 71.5916 58.0511 
out-dis-uniform knn time: 0.171549 1.54181 15.5786 0 46.7358 46.194 0.270145 3.26387 17.4127 0 52.238 49.9501 0.918164 16.1237 25.6435 0 76.9305 60.3975 
range count time: 0.000378667 1.82354 31.8855 31.8855 0.01036 31.0516 0.00232967 34.335 99.909 99.909 6.8096 59.7644 0.0449557 378.148 873.3 873.3 198.052 298.101 
range query time: 0.000592667 1.82354 31.8855 31.8855 0.01036 31.0516 0.00656733 34.335 99.909 99.909 6.8096 59.7644 1.04408 378.148 873.3 873.3 198.052 298.101 
# Delete
## 0.0001
median: (7513, 0.00142367)-> min: (9999, 0.000739333)-> max: (7377, 0.005198)-> tot: 14.9285-> avg: 0.00149235
in-dis-skewed knn time: 0.0491983 1 15.3064 0 45.9193 45.9193 0.084322 2.32992 16.561 0 49.683 48.352 0.384192 14.2632 23.4856 0 70.4569 56.4344 
out-dis-skewed knn time: 0.053184 1.82875 16.034 0 48.102 47.2733 0.0923427 3.76181 18.6526 0 55.9578 53.1956 0.452139 19.3305 29.2585 0 87.7755 65.6923 
in-dis-uniform knn time: 0.189809 1.00001 16.121 0 48.3629 48.3629 0.278604 2.42101 17.4272 0 52.2817 50.8595 0.943273 14.8885 24.56 0 73.68 58.9581 
out-dis-uniform knn time: 0.175224 1.55305 15.9299 0 47.7897 47.2366 0.280557 3.61059 18.0679 0 54.2038 51.5916 0.996426 19.6056 28.1139 0 84.3417 63.4397 
range count time: 0.000388667 1.86642 32.1641 32.1641 0.01262 31.285 0.00236933 35.9969 103.762 103.762 7.36698 61.3977 0.046267 405.28 935.291 935.291 214.182 316.829 
range query time: 0.000587333 1.86642 32.1641 32.1641 0.01262 31.285 0.00710067 35.9969 103.762 103.762 7.36698 61.3977 1.055 405.28 935.291 935.291 214.182 316.829 

Tree: PTree; AugType: HasBox; Split: HilbertCurve; BDO: 6; Inba: 30; Coord: integer; 
Cosmo50_round_no_dup.in 
# Insert
## 1
median: (1, 1.02307)-> min: (1, 1.02307)-> max: (1, 1.02307)-> tot: 1.02307-> avg: 1.02307
in-dis-skewed knn time: 0.213198 9.93759 75.4961 0 75.4961 66.5585 0.392872 20.4269 99.9046 0 99.9046 80.4776 1.28039 47.8391 148.882 0 148.882 102.043 
out-dis-skewed knn time: 0.265606 14.2252 96.8803 0 96.8803 83.6551 0.57922 27.8553 129.948 0 129.948 103.092 1.89131 64.0039 192.886 0 192.886 129.882 
in-dis-uniform knn time: 0.975264 11.9646 90.9075 0 90.9075 79.943 1.86916 24.9282 121.604 0 121.604 97.6753 4.18595 58.3885 181.298 0 181.298 123.909 
out-dis-uniform knn time: 1.00872 12.9689 94.3476 0 94.3476 82.3787 1.83326 25.3896 123.107 0 123.107 98.7175 4.10239 59.2132 183.372 0 183.372 125.159 
range count time: 0.000853667 3.56982 34.4664 0 0 31.8965 0.00874267 47.6678 141.636 0 0.26872 94.6993 0.763865 774.667 1402.28 0 98.3351 530.28 
range query time: 0.000814333 3.56982 34.4664 0 0 31.8965 0.014725 47.6678 141.636 0 0.26872 94.6993 1.7597 774.667 1402.28 0 98.3351 530.28 
# Insert
## 0.0001
median: (3420, 0.000639)-> min: (0, 0.000453)-> max: (5110, 0.00384133)-> tot: 6.58885-> avg: 0.000658079
in-dis-skewed knn time: 0.23334 11.8559 94.637 0 94.637 83.7811 0.491195 27.5653 133.585 0 133.585 107.019 1.74166 70.8686 209.737 0 209.737 139.868 
out-dis-skewed knn time: 0.29692 15.5089 110.062 0 110.062 95.5536 0.657211 32.5602 150.695 0 150.695 119.135 2.21956 80.023 232.425 0 232.425 153.403 
in-dis-uniform knn time: 0.978622 14.4999 115.403 0 115.403 101.903 2.03464 33.3827 161.57 0 161.57 129.187 4.97956 84.1721 251.262 0 251.262 168.09 
out-dis-uniform knn time: 1.01457 15.4082 117.929 0 117.929 103.521 1.97779 33.3881 160.902 0 160.902 128.514 4.83576 83.7714 249.695 0 249.695 166.924 
range count time: 0.000888333 3.79184 40.1324 0 0 37.3406 0.0111337 55.528 166.961 0 0.45806 111.975 0.840013 933.051 1706.71 0 135.206 639.452 
range query time: 0.000915333 3.79184 40.1324 0 0 37.3406 0.0159957 55.528 166.961 0 0.45806 111.975 1.94671 933.051 1706.71 0 135.206 639.452 
# Delete
## 0.0001
median: (624, 0.000914333)-> min: (9999, 0.000559333)-> max: (9216, 0.00347867)-> tot: 9.40153-> avg: 0.000939656
in-dis-skewed knn time: 0.234007 12.2408 94.6609 0 94.6609 83.4202 0.484558 28.0334 132.132 0 132.132 105.099 1.63783 72.0088 208.729 0 208.729 137.72 
out-dis-skewed knn time: 0.254661 12.9719 94.7515 0 94.7515 82.7796 0.566527 27.3985 125.891 0 125.891 99.4924 1.909 67.167 195.279 0 195.279 129.113 
in-dis-uniform knn time: 0.941753 13.2653 102.646 0 102.646 90.381 1.91216 29.7761 142.379 0 142.379 113.603 4.56242 74.6367 221.026 0 221.026 147.389 
out-dis-uniform knn time: 0.981009 14.1072 104.786 0 104.786 91.6793 1.86596 29.601 140.856 0 140.856 112.255 4.44929 73.5777 217.997 0 217.997 145.419 
range count time: 0.00083 3.84226 36.5645 0 0 33.7222 0.010818 58.0206 165.969 0 0.5317 108.416 0.837033 939.717 1704.81 0 137.727 628.364 
range query time: 0.000854 3.84226 36.5645 0 0 33.7222 0.0161793 58.0206 165.969 0 0.5317 108.416 1.93905 939.717 1704.81 0 137.727 628.364 

Tree: PTree; AugType: HasBox; Split: HilbertCurve; BDO: 6; Inba: 30; Coord: integer; 
GeoLifeNoScale_round_no_dup.in 
# Insert
## 1
median: (1, 0.00150433)-> min: (1, 0.00150433)-> max: (1, 0.00150433)-> tot: 0.00150433-> avg: 0.00150433
in-dis-skewed knn time: 0.000695667 7.05635 34.5518 0 34.5518 28.4955 0.000317 13.3997 43.0928 0 43.0928 30.6931 0.001039 23.3156 52.2119 0 52.2119 29.8963 
out-dis-skewed knn time: 0.000150667 7.19309 33.6582 0 33.6582 27.4651 0.000261333 11.5639 39.5526 0 39.5526 28.9887 0.000873333 21.6582 48.4677 0 48.4677 27.8095 
in-dis-uniform knn time: 0.000147 6.25695 32.6364 0 32.6364 27.3794 0.000275667 11.5965 40.3926 0 40.3926 29.796 0.000924667 21.7708 49.1593 0 49.1593 28.3884 
out-dis-uniform knn time: 0.000155333 6.64664 33.4318 0 33.4318 27.7852 0.000254333 11.0943 39.8971 0 39.8971 29.8029 0.000910667 21.0143 48.3751 0 48.3751 28.3609 
range count time: 0.000479667 3.08714 20.4246 0 0 18.3374 0.00711333 57.4449 116.787 0 0.09946 60.243 0.102565 735.207 998.88 0 60.5809 204.092 
range query time: 0.000508667 3.08714 20.4246 0 0 18.3374 0.008884 57.4449 116.787 0 0.09946 60.243 0.537229 735.207 998.88 0 60.5809 204.092 
# Insert
## 0.0001
median: (7749, 2.3e-05)-> min: (531, 5.33333e-06)-> max: (6980, 0.000273667)-> tot: 0.23968-> avg: 2.29056e-05
in-dis-skewed knn time: 0.000161 7.39369 38.1521 0 38.1521 31.7585 0.000274333 13.4508 45.7284 0 45.7284 33.2776 0.000960667 24.7464 56.2427 0 56.2427 32.4962 
out-dis-skewed knn time: 0.000145667 7.05672 33.8659 0 33.8659 27.8092 0.000263667 12.2705 41.4583 0 41.4583 30.1878 0.000849 24.012 51.8351 0 51.8351 28.8231 
in-dis-uniform knn time: 0.000144667 6.37603 35.5105 0 35.5105 30.1345 0.000273 11.6427 42.5887 0 42.5887 31.9459 0.000896333 23.8223 53.4493 0 53.4493 30.627 
out-dis-uniform knn time: 0.000159 7.0184 36.6639 0 36.6639 30.6455 0.000282 11.5745 43.2403 0 43.2403 32.6658 0.000942 24.5449 54.3658 0 54.3658 30.8209 
range count time: 0.000472667 3.10104 20.1783 0 0 18.0773 0.00730433 61.2171 130.548 0 0.15902 70.1722 0.107723 808.982 1140.01 0 79.0495 252.973 
range query time: 0.000479333 3.10104 20.1783 0 0 18.0773 0.008916 61.2171 130.548 0 0.15902 70.1722 0.539633 808.982 1140.01 0 79.0495 252.973 
# Delete
## 0.0001
median: (3379, 1.16667e-05)-> min: (9427, 3e-06)-> max: (23, 6.46667e-05)-> tot: 0.136552-> avg: 1.28353e-05
in-dis-skewed knn time: 0.000972333 7.16341 35.7419 0 35.7419 29.5785 0.000324 14.4166 46.6762 0 46.6762 33.2596 0.00134833 27.5113 59.9113 0 59.9113 33.4001 
out-dis-skewed knn time: 0.000151667 7.17956 34.6927 0 34.6927 28.5131 0.000271 12.2712 43.3287 0 43.3287 32.0575 0.000949667 26.1074 57.6157 0 57.6157 32.5083 
in-dis-uniform knn time: 0.000183667 6.63787 33.991 0 33.991 28.3531 0.000273667 12.5372 43.1488 0 43.1488 31.6116 0.000899 24.9876 54.5285 0 54.5285 30.5409 
out-dis-uniform knn time: 0.000143 6.91401 34.6267 0 34.6267 28.7127 0.000286333 11.76 42.3166 0 42.3166 31.5565 0.000937 24.1108 53.7345 0 53.7345 30.6237 
range count time: 0.000452667 3.1532 21.9071 0 0 19.7539 0.00746967 61.9 129.364 0 0.14284 68.3207 0.109584 817.15 1143.67 0 77.3167 250.199 
range query time: 0.00128967 3.1532 21.9071 0 0 19.7539 0.00913167 61.9 129.364 0 0.14284 68.3207 0.541224 817.15 1143.67 0 77.3167 250.199 

Tree: PTree; AugType: HasBox; Split: HilbertCurve; BDO: 6; Inba: 30; Coord: integer; 
osm_round_no_dup.in 
# Insert
## 1
median: (1, 2.26282)-> min: (1, 2.26282)-> max: (1, 2.26282)-> tot: 2.26282-> avg: 2.26282
in-dis-skewed knn time: 0.257405 9.24331 113.931 0 113.931 105.688 0.980667 26.8083 195.178 0 195.178 169.369 6.13146 84.145 277.145 0 277.145 194 
out-dis-skewed knn time: 0.241058 10.2372 112.619 0 112.619 103.382 1.0461 32.0188 217.483 0 217.483 186.464 6.56297 94.84 310.859 0 310.859 217.019 
in-dis-uniform knn time: 0.921268 8.22023 107.518 0 107.518 100.298 1.78127 22.2486 169.227 0 169.227 147.978 6.44535 70.2219 240.105 0 240.105 170.884 
out-dis-uniform knn time: 0.723337 7.46511 94.6709 0 94.6709 88.2058 1.40678 18.3641 140.387 0 140.387 123.023 5.16179 58.3139 202.706 0 202.706 145.392 
range count time: 0.0005 4.02348 48.5939 0 0.00012 45.5703 0.00186633 17.983 83.2117 0 2.08836 64.1403 0.084724 192.82 550.201 0 116.671 241.71 
range query time: 0.000569667 4.02348 48.5939 0 0.00012 45.5703 0.00792033 17.983 83.2117 0 2.08836 64.1403 1.172 192.82 550.201 0 116.671 241.71 
# Insert
## 0.0001
median: (7630, 0.000803667)-> min: (120, 0.000643333)-> max: (4001, 0.00584067)-> tot: 8.18739-> avg: 0.000818141
in-dis-skewed knn time: 0.264835 8.33205 108.031 0 108.031 100.699 1.13845 25.2503 203.33 0 203.33 179.079 6.12046 73.8562 282.291 0 282.291 209.435 
out-dis-skewed knn time: 0.276906 11.0958 121.572 0 121.572 111.476 1.02983 26.9802 201.498 0 201.498 175.518 5.85152 75.346 280.246 0 280.246 205.9 
in-dis-uniform knn time: 1.26492 9.6139 121.329 0 121.329 112.715 2.44471 23.7182 180.928 0 180.928 158.21 7.66815 67.4266 248.18 0 248.18 181.753 
out-dis-uniform knn time: 1.01424 9.14785 110.844 0 110.844 102.696 1.98433 21.9188 161.819 0 161.819 140.9 6.48079 59.8597 220.467 0 220.467 161.607 
range count time: 0.000615333 4.1456 58.8195 0 0.0001 55.6738 0.00225467 17.5894 91.9157 0 1.6949 73.6314 0.0964917 186.288 546.537 0 109.266 251.983 
range query time: 0.000705 4.1456 58.8195 0 0.0001 55.6738 0.00822833 17.5894 91.9157 0 1.6949 73.6314 1.21875 186.288 546.537 0 109.266 251.983 
# Delete
## 0.0001
median: (3476, 0.000752)-> min: (9786, 0.000514)-> max: (6005, 0.00482767)-> tot: 7.97681-> avg: 0.000797183
in-dis-skewed knn time: 0.266815 8.47654 110.07 0 110.07 102.594 0.901762 20.8265 164.597 0 164.597 144.771 5.19282 65.9448 233.018 0 233.018 168.073 
out-dis-skewed knn time: 0.215456 7.85094 97.027 0 97.027 90.176 1.02954 26.8464 202.511 0 202.511 176.664 6.29545 80.2083 275.86 0 275.86 196.652 
in-dis-uniform knn time: 1.03053 7.80864 103.121 0 103.121 96.3126 1.90199 18.3108 148.061 0 148.061 130.75 6.03942 56.3252 206.714 0 206.714 151.389 
out-dis-uniform knn time: 0.827225 6.77898 86.4116 0 86.4116 80.6326 1.58115 16.8457 135.954 0 135.954 120.108 5.37347 51.729 190.246 0 190.246 139.517 
range count time: 0.000594667 3.91808 55.533 0 6e-05 52.6149 0.002131 17.6495 84.5473 0 1.9722 65.9256 0.088273 185.535 531.661 0 111.026 236.101 
range query time: 0.000682667 3.91808 55.533 0 6e-05 52.6149 0.00816 17.6495 84.5473 0 1.9722 65.9256 1.23592 185.535 531.661 0 111.026 236.101 

Tree: PTree; AugType: HasBox; Split: MortonCurve; BDO: 6; Inba: 30; Coord: integer; 
Cosmo50_round_no_dup.in 
# Insert
## 1
median: (1, 0.836503)-> min: (1, 0.836503)-> max: (1, 0.836503)-> tot: 0.836503-> avg: 0.836503
in-dis-skewed knn time: 0.799547 54.9283 322.024 0 322.024 268.096 2.58098 143.998 561.2 0 561.2 418.201 8.89871 284.105 781.497 0 781.497 498.392 
out-dis-skewed knn time: 1.65027 71.1404 409.661 0 409.661 339.52 4.61819 185.966 744.071 0 744.071 559.106 11.9049 369.247 1028.28 0 1028.28 660.036 
in-dis-uniform knn time: 5.1681 76.776 467.311 0 467.311 391.535 11.5454 201.062 819.737 0 819.737 619.674 22.9322 404.124 1145.73 0 1145.73 742.607 
out-dis-uniform knn time: 5.16271 78.1247 470.779 0 470.779 393.655 11.3507 202.173 824.342 0 824.342 623.169 22.6163 406.547 1151.58 0 1151.58 746.029 
range count time: 0.00144633 7.63784 71.1746 0 0 64.5368 0.0133897 69.3714 236.352 0 0.1925 167.788 0.979958 960.675 1824.43 0 95.1798 769.578 
range query time: 0.00152533 7.63784 71.1746 0 0 64.5368 0.0179793 69.3714 236.352 0 0.1925 167.788 1.93415 960.675 1824.43 0 95.1798 769.578 
# Insert
## 0.0001
median: (3690, 0.000542667)-> min: (0, 0.000370667)-> max: (8689, 0.00427667)-> tot: 5.63103-> avg: 0.000562502
in-dis-skewed knn time: 1.01399 65.389 393.441 0 393.441 329.052 2.7202 150.286 594.747 0 594.747 445.461 9.38461 310.716 849.628 0 849.628 539.912 
out-dis-skewed knn time: 1.90868 93.5317 543.739 0 543.739 451.207 4.27091 189.111 768.033 0 768.033 579.922 11.676 392.29 1098.83 0 1098.83 707.54 
in-dis-uniform knn time: 5.58372 104.399 642.125 0 642.125 538.726 11.0476 223.026 917.986 0 917.986 695.96 23.3283 466.997 1319.9 0 1319.9 853.904 
out-dis-uniform knn time: 5.54499 106.118 646.939 0 646.939 541.821 10.7746 222.618 917.05 0 917.05 695.432 22.7663 466.081 1318.64 0 1318.64 853.564 
range count time: 0.00172633 7.91276 87.4647 0 0 80.5519 0.017146 79.7056 275.672 0 0.35214 196.615 1.0579 1151.74 2210.55 0 134.262 925.541 
range query time: 0.00176833 7.91276 87.4647 0 0 80.5519 0.021531 79.7056 275.672 0 0.35214 196.615 2.11659 1151.74 2210.55 0 134.262 925.541 
# Delete
## 0.0001
median: (2584, 0.000812)-> min: (9998, 0.000445667)-> max: (4122, 0.00481633)-> tot: 8.46266-> avg: 0.000845766
in-dis-skewed knn time: 0.931149 61.9725 380.265 0 380.265 319.293 2.66658 156.575 606.03 0 606.03 450.456 9.36897 331.984 876.654 0 876.654 545.671 
out-dis-skewed knn time: 1.69048 73.0726 459.95 0 459.95 387.877 5.10105 199.641 855.21 0 855.21 656.569 13.5444 425.847 1215.75 0 1215.75 790.906 
in-dis-uniform knn time: 4.70305 77.6455 491.31 0 491.31 414.665 10.7699 207.222 845.028 0 845.028 638.806 22.5804 437.434 1212.43 0 1212.43 775.998 
out-dis-uniform knn time: 4.74424 78.8154 495.971 0 495.971 418.155 10.6985 208.36 857.779 0 857.779 650.419 22.4493 440.251 1228.75 0 1228.75 789.501 
range count time: 0.00159267 7.74018 77.1126 0 0 70.3724 0.0162713 82.3671 268.355 0 0.39954 186.589 1.05626 1158 2195.41 0 136.565 901.843 
range query time: 0.00159367 7.74018 77.1126 0 0 70.3724 0.0214993 82.3671 268.355 0 0.39954 186.589 2.11641 1158 2195.41 0 136.565 901.843 

Tree: PTree; AugType: HasBox; Split: MortonCurve; BDO: 6; Inba: 30; Coord: integer; 
GeoLifeNoScale_round_no_dup.in 
# Insert
## 1
median: (1, 0.001232)-> min: (1, 0.001232)-> max: (1, 0.001232)-> tot: 0.001232-> avg: 0.001232
in-dis-skewed knn time: 0.000135333 6.65928 25.7122 0 25.7122 20.053 0.000286 11.6187 30.9459 0 30.9459 20.3272 0.000845667 19.7908 38.062 0 38.062 19.2712 
out-dis-skewed knn time: 0.000181 10.9429 35.2596 0 35.2596 25.3167 0.000374667 18.201 44.044 0 44.044 26.843 0.001107 29.0353 52.2261 0 52.2261 24.1908 
in-dis-uniform knn time: 0.00013 5.99662 23.497 0 23.497 18.5004 0.000264333 10.1942 28.0466 0 28.0466 18.8524 0.000758333 17.3824 34.1679 0 34.1679 17.7855 
out-dis-uniform knn time: 0.000125333 5.84979 23.2246 0 23.2246 18.3748 0.000239333 9.55238 27.3849 0 27.3849 18.8325 0.000695 16.3357 33.2561 0 33.2561 17.9204 
range count time: 0.000614 4.4916 22.5774 0 0 19.0858 0.00954033 79.4074 127.489 0 0.04976 49.0319 0.121959 904.078 1083.7 0 40.1627 140.455 
range query time: 0.00066 4.4916 22.5774 0 0 19.0858 0.011077 79.4074 127.489 0 0.04976 49.0319 0.538512 904.078 1083.7 0 40.1627 140.455 
# Insert
## 0.0001
median: (7311, 2e-05)-> min: (44, 2e-06)-> max: (5716, 0.000263667)-> tot: 0.204628-> avg: 1.94842e-05
in-dis-skewed knn time: 0.000132333 6.16153 25.9763 0 25.9763 20.8148 0.000346667 12.624 33.0263 0 33.0263 21.4023 0.000978 23.411 42.5297 0 42.5297 20.1187 
out-dis-skewed knn time: 0.000169 10.6694 35.6334 0 35.6334 25.9639 0.000425333 20.3539 47.6014 0 47.6014 28.2476 0.00130533 36.0909 60.456 0 60.456 25.3651 
in-dis-uniform knn time: 0.000128667 5.90684 24.4576 0 24.4576 19.5507 0.000257667 11.0301 30.1965 0 30.1965 20.1664 0.000857 19.929 37.4512 0 37.4512 18.5222 
out-dis-uniform knn time: 0.000132333 5.74315 23.9395 0 23.9395 19.1964 0.000241667 10.2861 29.3567 0 29.3567 20.0706 0.000754667 18.9733 36.7957 0 36.7957 18.8224 
range count time: 0.000546333 4.2 21.1342 0 0 17.9342 0.00979533 85.4782 144.785 0 0.09586 60.2111 0.129626 1008.63 1267.37 0 60.7409 199.004 
range query time: 0.000582 4.2 21.1342 0 0 17.9342 0.0111017 85.4782 144.785 0 0.09586 60.2111 0.543202 1008.63 1267.37 0 60.7409 199.004 
# Delete
## 0.0001
median: (1311, 1.06667e-05)-> min: (10237, 1e-06)-> max: (41, 6.7e-05)-> tot: 0.125885-> avg: 1.17915e-05
in-dis-skewed knn time: 0.000154667 6.80729 26.1604 0 26.1604 20.3531 0.000315333 12.0304 32.1593 0 32.1593 21.1289 0.000864333 21.5571 40.5526 0 40.5526 19.9955 
out-dis-skewed knn time: 0.000169667 9.85838 34.408 0 34.408 25.5496 0.000327667 19.4966 47.5278 0 47.5278 29.0312 0.00119033 33.4692 59.1326 0 59.1326 26.6634 
in-dis-uniform knn time: 0.000126 5.77874 23.8118 0 23.8118 19.0331 0.000239667 10.5346 29.707 0 29.707 20.1724 0.000701333 19.0071 36.9827 0 36.9827 18.9756 
out-dis-uniform knn time: 0.000113 5.52948 23.1449 0 23.1449 18.6155 0.000214667 9.72174 28.4728 0 28.4728 19.751 0.000722667 17.7495 35.4225 0 35.4225 18.6729 
range count time: 0.000541333 4.3143 23.2395 0 0 19.9252 0.010061 84.7505 141.997 0 0.08322 58.1634 0.131203 998.588 1241.41 0 55.664 188.157 
range query time: 0.000610667 4.3143 23.2395 0 0 19.9252 0.011551 84.7505 141.997 0 0.08322 58.1634 0.540799 998.588 1241.41 0 55.664 188.157 

Tree: PTree; AugType: HasBox; Split: MortonCurve; BDO: 6; Inba: 30; Coord: integer; 
osm_round_no_dup.in 
# Insert
## 1
median: (1, 2.1224)-> min: (1, 2.1224)-> max: (1, 2.1224)-> tot: 2.1224-> avg: 2.1224
in-dis-skewed knn time: 0.636573 24.4007 258.823 0 258.823 235.422 2.91378 81.8155 521.162 0 521.162 440.346 17.6141 244.637 758.469 0 758.469 514.832 
out-dis-skewed knn time: 0.429451 17.0598 194.754 0 194.754 178.694 2.60496 79.89 510.306 0 510.306 431.416 15.6646 224.043 718.172 0 718.172 495.128 
in-dis-uniform knn time: 2.70476 24.0778 256.97 0 256.97 233.892 6.98845 82.1493 553.248 0 553.248 472.099 21.447 237.426 787.585 0 787.585 551.159 
out-dis-uniform knn time: 2.04598 21.1469 229.215 0 229.215 209.068 5.3065 71.7928 496.459 0 496.459 425.667 17.9343 209.133 709.957 0 709.957 501.824 
range count time: 0.000449 3.04642 45.4644 0 0.00012 43.4178 0.002558 25.2122 137.804 0 1.94576 111.646 0.131451 265.44 774.245 0 137.251 372.553 
range query time: 0.000556667 3.04642 45.4644 0 0.00012 43.4178 0.00835867 25.2122 137.804 0 1.94576 111.646 1.19248 265.44 774.245 0 137.251 372.553 
# Insert
## 0.0001
median: (1682, 0.000777)-> min: (239, 0.000598333)-> max: (4112, 0.005133)-> tot: 7.90639-> avg: 0.000790077
in-dis-skewed knn time: 0.806866 26.3308 288.959 0 288.959 263.628 3.83822 83.7782 569.182 0 569.182 486.404 20.2442 236.663 835.789 0 835.789 600.126 
out-dis-skewed knn time: 0.693238 24.2975 281.902 0 281.902 258.605 3.33191 83.8277 547.848 0 547.848 465.021 16.4716 207.032 734.686 0 734.686 528.654 
in-dis-uniform knn time: 3.80066 31.4345 334.09 0 334.09 303.655 9.17828 92.139 623.245 0 623.245 532.106 25.8519 241.141 873.195 0 873.195 633.054 
out-dis-uniform knn time: 2.89488 27.2501 291.781 0 291.781 265.531 7.25826 83.1139 560.967 0 560.967 478.853 21.9766 216.338 784.239 0 784.239 568.9 
range count time: 0.000579667 3.79148 52.7135 0 0.00014 49.9219 0.00333267 25.9406 160.765 0 1.59308 134.231 0.151548 256.681 789.357 0 128.868 404.808 
range query time: 0.000659 3.79148 52.7135 0 0.00014 49.9219 0.00843733 25.9406 160.765 0 1.59308 134.231 1.26626 256.681 789.357 0 128.868 404.808 
# Delete
## 0.0001
median: (2498, 0.000717333)-> min: (9787, 0.000483)-> max: (6167, 0.00479567)-> tot: 7.36799-> avg: 0.000736301
in-dis-skewed knn time: 0.674041 22.6365 241.927 0 241.927 220.29 3.40992 79.5949 535.043 0 535.043 456.449 17.8092 227.746 762.071 0 762.071 535.325 
out-dis-skewed knn time: 0.581239 20.7687 234.019 0 234.019 214.25 2.85815 70.0278 485.572 0 485.572 416.544 16.3265 210.74 707.371 0 707.371 497.631 
in-dis-uniform knn time: 3.13346 25.2048 275.232 0 275.232 251.027 7.6839 80.6242 554.742 0 554.742 475.117 22.5264 223.917 779.631 0 779.631 556.714 
out-dis-uniform knn time: 2.44468 21.5699 241.135 0 241.135 220.565 6.04548 69.3438 495.038 0 495.038 426.694 19.0244 194.985 699.334 0 699.334 505.349 
range count time: 0.000505 2.98414 44.7774 0 0.0001 42.7932 0.00294067 24.4986 137.295 0 1.8409 111.956 0.138422 255.478 748.953 0 129.75 364.725 
range query time: 0.000568 2.98414 44.7774 0 0.0001 42.7932 0.008676 24.4986 137.295 0 1.8409 111.956 1.2663 255.478 748.953 0 129.75 364.725 

Tree: CPAM; AugType: HasBox; Split: HilbertCurve; BDO: 6; Inba: 30; Coord: integer; 
Cosmo50_round_no_dup.in 
# Insert
## 1
median: (1, 5.47536)-> min: (1, 5.47536)-> max: (1, 5.47536)-> tot: 5.47536-> avg: 5.47536
in-dis-skewed knn time: 0.288267 9.93759 75.4961 0 75.4961 66.5585 0.508722 20.4269 99.9046 0 99.9046 80.4776 1.52341 47.8391 148.882 0 148.882 102.043 
out-dis-skewed knn time: 0.392462 14.2252 96.8803 0 96.8803 83.6551 0.855785 27.8553 129.948 0 129.948 103.092 2.55974 64.0039 192.886 0 192.886 129.882 
in-dis-uniform knn time: 1.28868 11.9646 90.9075 0 90.9075 79.943 2.50118 24.9282 121.604 0 121.604 97.6753 5.60528 58.3885 181.298 0 181.298 123.909 
out-dis-uniform knn time: 1.33202 12.9689 94.3476 0 94.3476 82.3787 2.43995 25.3896 123.107 0 123.107 98.7175 5.50889 59.2132 183.372 0 183.372 125.159 
range count time: 0.000891667 0 0 0 0 0 0.0116857 0 0 0 0 0 1.04257 0 0 0 0 0 
range query time: 0.000972667 0 0 0 0 0 0.019063 0 0 0 0 0 2.12691 0 0 0 0 0 
# Insert
## 0.0001
median: (3296, 0.001883)-> min: (0, 0.000754)-> max: (9871, 0.00643367)-> tot: 19.5542-> avg: 0.00195473
in-dis-skewed knn time: 0.294077 11.5931 89.9661 0 89.9661 79.3729 0.581008 25.8838 124.17 0 124.17 99.2866 1.8631 65.0255 193.501 0 193.501 129.476 
out-dis-skewed knn time: 0.387098 15.0937 106.812 0 106.812 92.7182 0.854262 31.6124 145.989 0 145.989 115.377 2.71369 77.1553 226.148 0 226.148 149.993 
in-dis-uniform knn time: 1.16734 13.8363 108.618 0 108.618 95.7819 2.41042 30.4997 147.842 0 147.842 118.342 5.89406 76.3155 229.408 0 229.408 154.092 
out-dis-uniform knn time: 1.21158 14.7884 111.686 0 111.686 97.898 2.35117 30.7601 148.443 0 148.443 118.683 5.75556 76.6361 230.101 0 230.101 154.464 
range count time: 0.000945667 0 0 0 0 0 0.01279 0 0 0 0 0 1.05514 0 0 0 0 0 
range query time: 0.000915333 0 0 0 0 0 0.0196647 0 0 0 0 0 2.22313 0 0 0 0 0 
# Delete
## 0.0001
median: (1840, 0.002053)-> min: (9396, 0.000887)-> max: (2410, 0.00646633)-> tot: 19.846-> avg: 0.0019841
in-dis-skewed knn time: 0.295592 12.2966 94.9494 0 94.9494 83.6528 0.592675 28.218 132.629 0 132.629 105.411 1.92638 72.4212 209.626 0 209.626 138.205 
out-dis-skewed knn time: 0.339716 12.6736 93.0748 0 93.0748 81.4012 0.766101 26.2606 121.77 0 121.77 96.509 2.44402 63.2112 185.687 0 185.687 123.476 
in-dis-uniform knn time: 1.17385 13.0637 100.653 0 100.653 88.5891 2.42121 29.0081 138.929 0 138.929 110.921 5.79166 71.629 213.936 0 213.936 143.307 
out-dis-uniform knn time: 1.22554 13.8195 102.37 0 102.37 89.5504 2.36937 28.5836 136.603 0 136.603 109.019 5.66058 69.9239 209.377 0 209.377 140.453 
range count time: 0.000915 0 0 0 0 0 0.013575 0 0 0 0 0 1.06345 0 0 0 0 0 
range query time: 0.000913667 0 0 0 0 0 0.020296 0 0 0 0 0 2.2258 0 0 0 0 0 

Tree: CPAM; AugType: HasBox; Split: HilbertCurve; BDO: 6; Inba: 30; Coord: integer; 
GeoLifeNoScale_round_no_dup.in 
# Insert
## 1
median: (1, 0.003596)-> min: (1, 0.003596)-> max: (1, 0.003596)-> tot: 0.003596-> avg: 0.003596
in-dis-skewed knn time: 0.000504667 7.05635 34.5518 0 34.5518 28.4955 0.000378333 13.3997 43.0928 0 43.0928 30.6931 0.00118233 23.3156 52.2119 0 52.2119 29.8963 
out-dis-skewed knn time: 0.000194333 7.19309 33.6582 0 33.6582 27.4651 0.000304333 11.5639 39.5526 0 39.5526 28.9887 0.0009 21.6582 48.4677 0 48.4677 27.8095 
in-dis-uniform knn time: 0.000178 6.25695 32.6364 0 32.6364 27.3794 0.000311333 11.5965 40.3926 0 40.3926 29.796 0.00102 21.7708 49.1593 0 49.1593 28.3884 
out-dis-uniform knn time: 0.000185667 6.64664 33.4318 0 33.4318 27.7852 0.000325 11.0943 39.8971 0 39.8971 29.8029 0.000944 21.0143 48.3751 0 48.3751 28.3609 
range count time: 0.000600333 0 0 0 0 0 0.00787767 0 0 0 0 0 0.114227 0 0 0 0 0 
range query time: 0.000762 0 0 0 0 0 0.00975533 0 0 0 0 0 0.54426 0 0 0 0 0 
# Insert
## 0.0001
median: (3102, 4.7e-05)-> min: (3, 1.2e-05)-> max: (8539, 7.2e-05)-> tot: 0.479679-> avg: 4.63428e-05
in-dis-skewed knn time: 0.000198667 7.09842 35.482 0 35.482 29.3835 0.000356667 12.8629 43.7363 0 43.7363 31.8734 0.00105967 24.8449 54.8689 0 54.8689 31.024 
out-dis-skewed knn time: 0.000195333 6.93802 34.8362 0 34.8362 28.8982 0.000314333 11.7149 42.7874 0 42.7874 32.0725 0.000853667 23.3629 53.5755 0 53.5755 31.2126 
in-dis-uniform knn time: 0.000220333 6.47708 33.9707 0 33.9707 28.4936 0.000358667 11.4861 41.4617 0 41.4617 30.9756 0.000981 23.4936 52.4572 0 52.4572 29.9636 
out-dis-uniform knn time: 0.000185667 6.86782 35.2144 0 35.2144 29.3466 0.000331333 11.2647 41.7679 0 41.7679 31.5032 0.001009 22.9459 52.2726 0 52.2726 30.3267 
range count time: 0.000593667 0 0 0 0 0 0.008148 0 0 0 0 0 0.121821 0 0 0 0 0 
range query time: 0.000721667 0 0 0 0 0 0.0100613 0 0 0 0 0 0.53823 0 0 0 0 0 
# Delete
## 0.0001
median: (8102, 4.7e-05)-> min: (10239, 1.2e-05)-> max: (160, 7.26667e-05)-> tot: 0.480668-> avg: 4.64404e-05
in-dis-skewed knn time: 0.000204 6.97821 34.9846 0 34.9846 29.0064 0.000654 14.0748 46.1416 0 46.1416 33.0669 0.001146 26.2085 58.2836 0 58.2836 33.0751 
out-dis-skewed knn time: 0.000196 7.17956 33.8584 0 33.8584 27.6788 0.00032 11.9542 42.6687 0 42.6687 31.7145 0.00101833 25.553 55.7716 0 55.7716 31.2186 
in-dis-uniform knn time: 0.000188 6.45492 33.062 0 33.062 27.6071 0.000316333 12.1938 42.1875 0 42.1875 30.9936 0.000985667 23.6371 52.731 0 52.731 30.0939 
out-dis-uniform knn time: 0.000185333 6.77657 33.5941 0 33.5941 27.8175 0.000316333 11.4412 41.3612 0 41.3612 30.92 0.001034 22.9234 51.8194 0 51.8194 29.896 
range count time: 0.000627667 0 0 0 0 0 0.00808333 0 0 0 0 0 0.121818 0 0 0 0 0 
range query time: 0.000748 0 0 0 0 0 0.00995133 0 0 0 0 0 0.540824 0 0 0 0 0 

Tree: CPAM; AugType: HasBox; Split: HilbertCurve; BDO: 6; Inba: 30; Coord: integer; 
osm_round_no_dup.in 
# Insert
## 1
median: (1, 7.25907)-> min: (1, 7.25907)-> max: (1, 7.25907)-> tot: 7.25907-> avg: 7.25907
in-dis-skewed knn time: 0.30995 9.24331 113.931 0 113.931 105.688 1.09772 26.8083 195.178 0 195.178 169.369 6.61416 84.145 277.145 0 277.145 194 
out-dis-skewed knn time: 0.288956 10.2372 112.619 0 112.619 103.382 1.17437 32.0188 217.483 0 217.483 186.464 7.10859 94.84 310.859 0 310.859 217.019 
in-dis-uniform knn time: 1.19761 8.22023 107.518 0 107.518 100.298 2.3107 22.2486 169.227 0 169.227 147.978 7.38643 70.2219 240.105 0 240.105 170.884 
out-dis-uniform knn time: 0.951209 7.46511 94.6709 0 94.6709 88.2058 1.83638 18.3641 140.387 0 140.387 123.023 5.93478 58.3139 202.706 0 202.706 145.392 
range count time: 0.000777667 0 0 0 0 0 0.00282 0 0 0 0 0 0.117495 0 0 0 0 0 
range query time: 0.000797333 0 0 0 0 0 0.00864267 0 0 0 0 0 1.39356 0 0 0 0 0 
# Insert
## 0.0001
median: (8882, 0.001498)-> min: (7, 0.001136)-> max: (5326, 0.00602033)-> tot: 15.6263-> avg: 0.00156208
in-dis-skewed knn time: 0.298999 7.38998 98.5004 0 98.5004 92.1105 1.11671 20.8953 176.457 0 176.457 156.561 5.42804 59.3245 242.053 0 242.053 183.728 
out-dis-skewed knn time: 0.297208 9.36687 106.867 0 106.867 98.5001 1.07534 23.9106 180.122 0 180.122 157.212 5.73524 67.0254 250.696 0 250.696 184.671 
in-dis-uniform knn time: 1.37615 8.08797 106.397 0 106.397 99.3089 2.57051 18.8861 154.849 0 154.849 136.963 7.52515 53.4884 209.364 0 209.364 156.876 
out-dis-uniform knn time: 1.09685 7.62476 96.1529 0 96.1529 89.5282 2.06785 17.1605 137.852 0 137.852 121.691 6.38102 48.266 186.65 0 186.65 139.384 
range count time: 0.000857333 0 0 0 0 0 0.00280333 0 0 0 0 0 0.129446 0 0 0 0 0 
range query time: 0.000988 0 0 0 0 0 0.00896833 0 0 0 0 0 1.4214 0 0 0 0 0 
# Delete
## 0.0001
median: (4443, 0.00160267)-> min: (9815, 0.001245)-> max: (3853, 0.00588167)-> tot: 16.6707-> avg: 0.00166657
in-dis-skewed knn time: 0.316703 8.52471 109.713 0 109.713 102.189 0.988882 20.3239 162.985 0 162.985 143.661 5.4988 64.2171 230.19 0 230.19 166.973 
out-dis-skewed knn time: 0.268009 7.80459 96.7677 0 96.7677 89.9631 1.10502 24.9534 197.462 0 197.462 173.508 6.59075 74.9873 266.452 0 266.452 192.465 
in-dis-uniform knn time: 1.27681 7.84651 102.664 0 102.664 95.8172 2.34237 17.9592 145.603 0 145.603 128.644 7.00945 54.1028 201.471 0 201.471 148.368 
out-dis-uniform knn time: 1.04064 6.75537 85.8639 0 85.8639 80.1086 1.94514 16.2368 131.937 0 131.937 116.7 6.05729 48.3241 181.848 0 181.848 134.524 
range count time: 0.000824333 0 0 0 0 0 0.00277167 0 0 0 0 0 0.124636 0 0 0 0 0 
range query time: 0.000865 0 0 0 0 0 0.00911733 0 0 0 0 0 1.43687 0 0 0 0 0 

Tree: CPAM; AugType: HasBox; Split: MortonCurve; BDO: 6; Inba: 30; Coord: integer; 
Cosmo50_round_no_dup.in 
# Insert
## 1
median: (1, 5.38451)-> min: (1, 5.38451)-> max: (1, 5.38451)-> tot: 5.38451-> avg: 5.38451
in-dis-skewed knn time: 1.14557 54.9283 322.024 0 322.024 268.096 4.38678 143.998 561.2 0 561.2 418.201 14.5252 284.105 781.497 0 781.497 498.392 
out-dis-skewed knn time: 2.5204 71.1404 409.661 0 409.661 339.52 7.08041 185.966 744.071 0 744.071 559.106 17.5639 369.247 1028.28 0 1028.28 660.036 
in-dis-uniform knn time: 6.89233 76.776 467.311 0 467.311 391.535 15.7563 201.062 819.737 0 819.737 619.674 31.7882 404.124 1145.73 0 1145.73 742.607 
out-dis-uniform knn time: 6.89929 78.1247 470.779 0 470.779 393.655 15.534 202.173 824.342 0 824.342 623.169 31.3398 406.547 1151.58 0 1151.58 746.029 
range count time: 0.00169033 0 0 0 0 0 0.01932 0 0 0 0 0 1.29937 0 0 0 0 0 
range query time: 0.003023 0 0 0 0 0 0.0260597 0 0 0 0 0 2.33427 0 0 0 0 0 
# Insert
## 0.0001
median: (6166, 0.001814)-> min: (0, 0.000722333)-> max: (8972, 0.006604)-> tot: 18.9854-> avg: 0.00189785
in-dis-skewed knn time: 1.26323 61.044 364.193 0 364.193 304.149 3.8221 146.989 576.384 0 576.384 430.394 12.9878 304.162 823.274 0 823.274 520.112 
out-dis-skewed knn time: 2.3925 83.8739 494.876 0 494.876 412.002 5.42862 177.056 707.343 0 707.343 531.286 14.0273 365.851 1004.86 0 1004.86 640.007 
in-dis-uniform knn time: 6.52903 95.2553 578.119 0 578.119 483.864 13.4595 213.002 853.579 0 853.579 641.577 28.6304 444.868 1228.53 0 1228.53 784.658 
out-dis-uniform knn time: 6.47989 96.4311 581.718 0 581.718 486.286 13.0689 211.67 849.483 0 849.483 638.814 27.8207 442.176 1222.02 0 1222.02 780.843 
range count time: 0.001784 0 0 0 0 0 0.021244 0 0 0 0 0 1.33056 0 0 0 0 0 
range query time: 0.00171967 0 0 0 0 0 0.0280137 0 0 0 0 0 2.43578 0 0 0 0 0 
# Delete
## 0.0001
median: (1773, 0.00196767)-> min: (9999, 0.000832)-> max: (417, 0.00714167)-> tot: 19.2145-> avg: 0.00192095
in-dis-skewed knn time: 1.2357 62.1455 381.453 0 381.453 320.307 3.80311 157.612 608.582 0 608.582 451.97 13.1138 333.806 880.057 0 880.057 547.251 
out-dis-skewed knn time: 2.42835 73.4707 455.962 0 455.962 383.492 7.21379 196.499 829.604 0 829.604 634.105 18.2795 409.361 1165.56 0 1165.56 757.198 
in-dis-uniform knn time: 6.03671 77.211 483.577 0 483.577 407.366 14.1029 203.663 825.04 0 825.04 622.377 29.451 424.381 1175.53 0 1175.53 752.146 
out-dis-uniform knn time: 6.14136 78.4732 488.294 0 488.294 410.82 14.0805 204.599 835.675 0 835.675 632.076 29.3706 425.733 1187.23 0 1187.23 762.499 
range count time: 0.00171667 0 0 0 0 0 0.020546 0 0 0 0 0 1.33173 0 0 0 0 0 
range query time: 0.001631 0 0 0 0 0 0.0273273 0 0 0 0 0 2.4392 0 0 0 0 0 

Tree: CPAM; AugType: HasBox; Split: MortonCurve; BDO: 6; Inba: 30; Coord: integer; 
GeoLifeNoScale_round_no_dup.in 
# Insert
## 1
median: (1, 0.003208)-> min: (1, 0.003208)-> max: (1, 0.003208)-> tot: 0.003208-> avg: 0.003208
in-dis-skewed knn time: 0.000199333 6.65928 25.7122 0 25.7122 20.053 0.000364667 11.6187 30.9459 0 30.9459 20.3272 0.000977 19.7908 38.062 0 38.062 19.2712 
out-dis-skewed knn time: 0.000273 10.9429 35.2596 0 35.2596 25.3167 0.000462333 18.201 44.044 0 44.044 26.843 0.00122633 29.0353 52.2261 0 52.2261 24.1908 
in-dis-uniform knn time: 0.000167333 5.99662 23.497 0 23.497 18.5004 0.00029 10.1942 28.0466 0 28.0466 18.8524 0.001073 17.3824 34.1679 0 34.1679 17.7855 
out-dis-uniform knn time: 0.000168 5.84979 23.2246 0 23.2246 18.3748 0.000301 9.55238 27.3849 0 27.3849 18.8325 0.001045 16.3357 33.2561 0 33.2561 17.9204 
range count time: 0.000675667 0 0 0 0 0 0.010492 0 0 0 0 0 0.13686 0 0 0 0 0 
range query time: 0.000857 0 0 0 0 0 0.012351 0 0 0 0 0 0.542227 0 0 0 0 0 
# Insert
## 0.0001
median: (7821, 4.36667e-05)-> min: (2, 8.66667e-06)-> max: (8192, 7.6e-05)-> tot: 0.448543-> avg: 4.33036e-05
in-dis-skewed knn time: 0.000176 6.30015 25.5349 0 25.5349 20.2348 0.000373333 12.565 32.8396 0 32.8396 21.2746 0.000965 21.8835 41.1585 0 41.1585 20.275 
out-dis-skewed knn time: 0.000233667 10.4718 35.287 0 35.287 25.8152 0.000469667 20.0898 47.698 0 47.698 28.6082 0.00132533 33.5992 58.654 0 58.654 26.0548 
in-dis-uniform knn time: 0.000162 5.88693 23.8918 0 23.8918 19.0049 0.000301 10.7077 29.5526 0 29.5526 19.8449 0.000836667 19.2919 36.9358 0 36.9358 18.6439 
out-dis-uniform knn time: 0.000164333 5.66692 23.2313 0 23.2313 18.5644 0.000279667 9.9478 28.5546 0 28.5546 19.6068 0.000832333 17.8971 35.4983 0 35.4983 18.6012 
range count time: 0.000693667 0 0 0 0 0 0.0115357 0 0 0 0 0 0.146782 0 0 0 0 0 
range query time: 0.000827 0 0 0 0 0 0.0125703 0 0 0 0 0 0.541956 0 0 0 0 0 
# Delete
## 0.0001
median: (4562, 4.43333e-05)-> min: (10237, 9e-06)-> max: (3415, 9.16667e-05)-> tot: 0.453109-> avg: 4.37492e-05
in-dis-skewed knn time: 0.000172333 6.72577 25.5387 0 25.5387 19.8129 0.000368333 11.8295 31.0503 0 31.0503 20.2209 0.00105933 20.8009 39.0511 0 39.0511 19.2502 
out-dis-skewed knn time: 0.000252 10.0988 33.3497 0 33.3497 24.2509 0.000477667 19.1709 45.1071 0 45.1071 26.9361 0.00141733 31.9959 56.0301 0 56.0301 25.0342 
in-dis-uniform knn time: 0.000154 5.78475 23.2678 0 23.2678 18.4831 0.000349667 10.2911 28.5635 0 28.5635 19.2724 0.000853 18.2201 35.3952 0 35.3952 18.1751 
out-dis-uniform knn time: 0.000153667 5.55314 22.5498 0 22.5498 17.9966 0.000302667 9.45963 27.3192 0 27.3192 18.8596 0.000822333 16.9688 33.8517 0 33.8517 17.8828 
range count time: 0.000750667 0 0 0 0 0 0.011009 0 0 0 0 0 0.147234 0 0 0 0 0 
range query time: 0.000795333 0 0 0 0 0 0.0135447 0 0 0 0 0 0.547115 0 0 0 0 0 

Tree: CPAM; AugType: HasBox; Split: MortonCurve; BDO: 6; Inba: 30; Coord: integer; 
osm_round_no_dup.in 
# Insert
## 1
median: (1, 7.00719)-> min: (1, 7.00719)-> max: (1, 7.00719)-> tot: 7.00719-> avg: 7.00719
in-dis-skewed knn time: 0.791099 24.4007 258.823 0 258.823 235.422 3.46656 81.8155 521.162 0 521.162 440.346 19.8623 244.637 758.469 0 758.469 514.832 
out-dis-skewed knn time: 0.526093 17.0598 194.754 0 194.754 178.694 3.05164 79.89 510.306 0 510.306 431.416 17.1188 224.043 718.172 0 718.172 495.128 
in-dis-uniform knn time: 3.61936 24.0778 256.97 0 256.97 233.892 9.4636 82.1493 553.248 0 553.248 472.099 26.067 237.426 787.585 0 787.585 551.159 
out-dis-uniform knn time: 2.76353 21.1469 229.215 0 229.215 209.068 7.19352 71.7928 496.459 0 496.459 425.667 21.3028 209.133 709.957 0 709.957 501.824 
range count time: 0.000689 0 0 0 0 0 0.00358833 0 0 0 0 0 0.181628 0 0 0 0 0 
range query time: 0.000636 0 0 0 0 0 0.00919433 0 0 0 0 0 1.43429 0 0 0 0 0 
# Insert
## 0.0001
median: (3965, 0.001486)-> min: (83, 0.001109)-> max: (5334, 0.00578)-> tot: 15.3809-> avg: 0.00153754
in-dis-skewed knn time: 0.877119 21.4034 246.928 0 246.928 226.525 4.04143 70.7242 505.895 0 505.895 436.171 20.4205 206.984 731.577 0 731.577 525.594 
out-dis-skewed knn time: 0.656258 18.4892 215.362 0 215.362 197.873 3.21334 68.8605 433.715 0 433.715 365.855 16.0146 172.444 587.067 0 587.067 415.623 
in-dis-uniform knn time: 4.22222 26.3668 293.649 0 293.649 268.282 10.3472 79.1489 553.593 0 553.593 475.444 28.0342 208.733 758.576 0 758.576 550.842 
out-dis-uniform knn time: 3.18866 22.8112 254.837 0 254.837 233.026 8.01797 69.9438 489.493 0 489.493 420.549 23.0012 182.082 670.407 0 670.407 489.325 
range count time: 0.000720667 0 0 0 0 0 0.004114 0 0 0 0 0 0.199381 0 0 0 0 0 
range query time: 0.000697667 0 0 0 0 0 0.00921533 0 0 0 0 0 1.46503 0 0 0 0 0 
# Delete
## 0.0001
median: (7052, 0.00159533)-> min: (9877, 0.00121367)-> max: (4675, 0.006999)-> tot: 16.6466-> avg: 0.00166416
in-dis-skewed knn time: 0.831474 22.7501 240.502 0 240.502 218.752 4.12551 78.8927 524.807 0 524.807 446.914 19.9918 218.108 744.001 0 744.001 526.893 
out-dis-skewed knn time: 0.711151 20.751 233.772 0 233.772 214.021 3.36593 69.2709 481.784 0 481.784 413.513 17.8797 205.175 695.754 0 695.754 491.579 
in-dis-uniform knn time: 3.88024 25.2802 272.25 0 272.25 247.97 9.64597 78.8201 540.812 0 540.812 462.992 26.7638 212.802 753.178 0 753.178 541.375 
out-dis-uniform knn time: 3.05571 21.5552 237.415 0 237.415 216.86 7.65297 68.8506 487.493 0 487.493 419.642 22.5374 187.111 684.215 0 684.215 498.104 
range count time: 0.000672333 0 0 0 0 0 0.00399433 0 0 0 0 0 0.193686 0 0 0 0 0 
range query time: 0.000648 0 0 0 0 0 0.00939433 0 0 0 0 0 1.48276 0 0 0 0 0 

