Tree: KdTree; AugType: HasBox; Split: MaxStretchDim-ObjectMedian; BDO: 6; Inba: 30; Coord: integer; 
1.in 
# Insert
## 1
median: (1, 7.40687)-> min: (1, 7.40687)-> max: (1, 7.40687)-> tot: 7.40687-> avg: 7.40687
in-dis-skewed knn time: 0.0473757 1 24.4714 0 24.4714 24.4714 0.156604 5.50528 35.8321 0 35.8321 31.3268 0.793359 22.1731 63.6704 0 63.6704 42.4973 
out-dis-skewed knn time: 0.0670717 2.44206 30.4052 0 30.4052 28.9632 0.158185 6.50996 41.4569 0 41.4569 35.9469 0.828139 26.4573 79.2592 0 79.2592 53.8019 
in-dis-uniform knn time: 0.265081 1 24.4765 0 24.4765 24.4765 0.895506 5.92386 38.2329 0 38.2329 33.3091 2.97685 24.4822 71.7254 0 71.7254 48.2433 
out-dis-uniform knn time: 0.43881 2.45899 30.3852 0 30.3852 28.9262 0.897431 6.51032 41.0733 0 41.0733 35.563 2.965 26.316 77.9178 0 77.9178 52.6019 
range count time: 0.000784333 4.2468 36.6105 0 0.00012 33.3636 0.00777867 68.5525 164.259 0 2.2864 94.4206 0.602648 1487.93 2693.04 0 311.978 894.131 
range query time: 0.000852 4.2468 36.6105 0 0.00012 33.3636 0.011439 68.5525 164.259 0 2.2864 94.4206 1.72925 1487.93 2693.04 0 311.978 894.131 
# Delete
## 0.1
median: (3, 0.671799)-> min: (9, 0.0704963)-> max: (0, 0.802847)-> tot: 6.2027-> avg: 0.620269
in-dis-skewed knn time: 0.05027 1 25.3878 0 25.3878 25.3878 0.159019 5.48103 36.7896 0 36.7896 32.3086 0.791371 22.1486 64.7506 0 64.7506 43.6019 
out-dis-skewed knn time: 0.0681037 2.50149 28.9049 0 28.9049 27.4035 0.163299 6.77026 40.6739 0 40.6739 34.9036 0.879015 27.8622 80.5733 0 80.5733 53.7111 
in-dis-uniform knn time: 0.274672 1 25.0189 0 25.0189 25.0189 0.899582 6.37978 40.0985 0 40.0985 34.7187 3.00193 28.1015 78.8091 0 78.8091 51.7075 
out-dis-uniform knn time: 0.43374 2.51282 30.4548 0 30.4548 28.942 0.89271 7.15572 42.3626 0 42.3626 36.2069 3.01999 30.851 85.5573 0 85.5573 55.7063 
range count time: 0.000827 4.50296 38.5655 0 0.00034 35.0622 0.00893833 80.0677 189.489 0 3.58316 106.838 0.610426 1722.05 3154.5 0 396.441 1037.02 
range query time: 0.00116433 4.50296 38.5655 0 0.00034 35.0622 0.0114033 80.0677 189.489 0 3.58316 106.838 1.69224 1722.05 3154.5 0 396.441 1037.02 
# Delete
## 0.01
median: (56, 0.082652)-> min: (99, 0.006314)-> max: (91, 0.438978)-> tot: 8.93717-> avg: 0.0893712
in-dis-skewed knn time: 0.050203 1 25.3883 0 25.3883 25.3883 0.1594 5.48097 36.7903 0 36.7903 32.3094 0.791988 22.1486 64.7529 0 64.7529 43.6043 
out-dis-skewed knn time: 0.067774 2.50142 28.8706 0 28.8706 27.3692 0.163489 6.77156 40.6359 0 40.6359 34.8644 0.863672 27.866 80.5101 0 80.5101 53.6441 
in-dis-uniform knn time: 0.27627 1 25.0189 0 25.0189 25.0189 0.900918 6.38005 40.0991 0 40.0991 34.719 3.00426 28.103 78.8118 0 78.8118 51.7088 
out-dis-uniform knn time: 0.433768 2.51266 30.4622 0 30.4622 28.9495 0.892599 7.15772 42.3736 0 42.3736 36.2159 3.02244 30.8622 85.5789 0 85.5789 55.7166 
range count time: 0.000812333 4.50504 38.562 0 0.00034 35.0566 0.008873 80.0718 189.494 0 3.5832 106.839 0.60826 1722.29 3155.02 0 396.513 1037.22 
range query time: 0.000874667 4.50504 38.562 0 0.00034 35.0566 0.01177 80.0718 189.494 0 3.5832 106.839 1.68963 1722.29 3155.02 0 396.513 1037.22 
# Delete
## 0.001
median: (288, 0.0105563)-> min: (999, 0.000362667)-> max: (915, 0.382783)-> tot: 12.048-> avg: 0.0120475
in-dis-skewed knn time: 0.0497337 1 25.3884 0 25.3884 25.3884 0.15951 5.48096 36.7907 0 36.7907 32.3097 0.791682 22.1488 64.7536 0 64.7536 43.6048 
out-dis-skewed knn time: 0.0676373 2.50042 28.9026 0 28.9026 27.4022 0.163824 6.75285 40.6422 0 40.6422 34.8893 0.88026 27.7665 80.3861 0 80.3861 53.6196 
in-dis-uniform knn time: 0.278934 1 25.0181 0 25.0181 25.0181 0.900856 6.37973 40.0969 0 40.0969 34.7172 3.0043 28.0993 78.8039 0 78.8039 51.7046 
out-dis-uniform knn time: 0.434392 2.51192 30.467 0 30.467 28.955 0.893942 7.15397 42.3714 0 42.3714 36.2175 3.02275 30.8463 85.5558 0 85.5558 55.7095 
range count time: 0.00108967 4.5051 38.5669 0 0.00034 35.0615 0.008927 80.0725 189.496 0 3.58326 106.84 0.607783 1722.31 3155.05 0 396.513 1037.22 
range query time: 0.00118433 4.5051 38.5669 0 0.00034 35.0615 0.011984 80.0725 189.496 0 3.58326 106.84 1.71091 1722.31 3155.05 0 396.513 1037.22 
# Delete
## 0.0001
median: (3931, 0.00197)-> min: (9999, 7.26667e-05)-> max: (9150, 0.403569)-> tot: 23.7149-> avg: 0.00237099
in-dis-skewed knn time: 0.0501463 1 25.3884 0 25.3884 25.3884 0.159637 5.48091 36.7906 0 36.7906 32.3097 0.791982 22.1486 64.7535 0 64.7535 43.6049 
out-dis-skewed knn time: 0.0684077 2.48962 28.9758 0 28.9758 27.4862 0.163639 6.69353 40.6254 0 40.6254 34.9318 0.866853 27.4699 80.0021 0 80.0021 53.5322 
in-dis-uniform knn time: 0.274866 1 25.0178 0 25.0178 25.0178 0.899127 6.37937 40.0958 0 40.0958 34.7164 2.9993 28.0973 78.8 0 78.8 51.7028 
out-dis-uniform knn time: 0.434284 2.51137 30.4735 0 30.4735 28.9621 0.893005 7.15089 42.3742 0 42.3742 36.2233 3.02015 30.8305 85.5375 0 85.5375 55.707 
range count time: 0.001646 4.5051 38.5669 0 0.00034 35.0615 0.00936467 80.0724 189.496 0 3.58326 106.84 0.612746 1722.31 3155.01 0 396.5 1037.2 
range query time: 0.001156 4.5051 38.5669 0 0.00034 35.0615 0.0114693 80.0724 189.496 0 3.58326 106.84 1.68671 1722.31 3155.01 0 396.5 1037.2 

Tree: KdTree; AugType: HasBox; Split: MaxStretchDim-ObjectMedian; BDO: 6; Inba: 30; Coord: integer; 
2_sort_by_0.in 
# Insert
## 1
median: (1, 6.00929)-> min: (1, 6.00929)-> max: (1, 6.00929)-> tot: 6.00929-> avg: 6.00929
in-dis-skewed knn time: 0.157001 1 24.4578 0 24.4578 24.4578 0.612958 5.73775 36.5882 0 36.5882 31.8505 2.29697 23.9641 67.043 0 67.043 44.0789 
out-dis-skewed knn time: 0.30936 2.78337 42.8947 0 42.8947 41.1113 1.8393 20.6808 102.416 0 102.416 82.735 8.18423 100.675 274.558 0 274.558 174.883 
in-dis-uniform knn time: 0.263569 1 24.4846 0 24.4846 24.4846 0.908518 6.03522 38.7196 0 38.7196 33.6844 3.07922 25.5393 74.3324 0 74.3324 49.793 
out-dis-uniform knn time: 0.332537 2.90196 40.7478 0 40.7478 38.8458 1.59253 17.6664 86.2319 0 86.2319 69.5655 6.3492 77.3249 208.748 0 208.748 132.423 
range count time: 0.000539667 3.43148 30.3798 0 0.0001 27.9483 0.043812 262.829 569.399 0 0.82972 306.74 0.84754 2023.95 3508.95 0 332.696 1153.3 
range query time: 0.000626667 3.43148 30.3798 0 0.0001 27.9483 0.0487533 262.829 569.399 0 0.82972 306.74 1.85265 2023.95 3508.95 0 332.696 1153.3 
# Delete
## 0.1
median: (0, 0.859614)-> min: (9, 0.065397)-> max: (3, 5.91886)-> tot: 14.6196-> avg: 1.46196
in-dis-skewed knn time: 0.164485 1 24.6957 0 24.6957 24.6957 0.646402 5.73658 36.7962 0 36.7962 32.0596 2.35449 23.7074 66.9402 0 66.9402 44.2328 
out-dis-skewed knn time: 0.336368 2.79986 41.138 0 41.138 39.3381 1.94787 20.5401 99.6132 0 99.6132 80.0731 8.46443 99.3504 268.034 0 268.034 169.684 
in-dis-uniform knn time: 0.278452 1 24.5689 0 24.5689 24.5689 0.941372 6.00666 38.7713 0 38.7713 33.7646 3.14046 25.2765 74.1421 0 74.1421 49.8656 
out-dis-uniform knn time: 0.35753 2.91417 39.0499 0 39.0499 37.1357 1.67611 17.533 83.6602 0 83.6602 67.1272 6.53826 76.2224 203.442 0 203.442 128.219 
range count time: 0.000605667 3.37628 31.076 0 4e-05 28.6996 0.0460783 259.468 567.013 0 0.84132 307.705 0.869126 2032.16 3491.12 0 322.721 1137.25 
range query time: 0.000679 3.37628 31.076 0 4e-05 28.6996 0.051968 259.468 567.013 0 0.84132 307.705 1.85053 2032.16 3491.12 0 322.721 1137.25 
# Delete
## 0.01
median: (67, 0.178997)-> min: (99, 0.00633967)-> max: (36, 5.57128)-> tot: 28.5036-> avg: 0.285035
in-dis-skewed knn time: 0.165103 1 24.6957 0 24.6957 24.6957 0.647818 5.73658 36.7962 0 36.7962 32.0596 2.36535 23.7074 66.9402 0 66.9402 44.2328 
out-dis-skewed knn time: 0.278217 2.81114 36.3587 0 36.3587 34.5475 1.71189 20.1053 86.4115 0 86.4115 67.3062 7.58915 95.141 235.084 0 235.084 140.943 
in-dis-uniform knn time: 0.280477 1 24.5739 0 24.5739 24.5739 0.943408 6.00914 38.8434 0 38.8434 33.8342 3.14214 25.2817 74.3262 0 74.3262 50.0445 
out-dis-uniform knn time: 0.302713 2.91694 34.8214 0 34.8214 32.9044 1.48096 17.0958 73.2633 0 73.2633 57.1675 5.8459 72.7276 178.933 0 178.933 107.205 
range count time: 0.00245067 3.37628 31.076 0 4e-05 28.6996 0.0471523 259.732 566.868 0 0.84072 307.295 0.859978 2030.98 3487.18 0 322.032 1135.18 
range query time: 0.000981 3.37628 31.076 0 4e-05 28.6996 0.0519933 259.732 566.868 0 0.84072 307.295 1.81676 2030.98 3487.18 0 322.032 1135.18 
# Delete
## 0.001
median: (253, 0.0219677)-> min: (999, 0.00107067)-> max: (368, 5.56138)-> tot: 37.9709-> avg: 0.0379704
in-dis-skewed knn time: 0.166821 1 24.6749 0 24.6749 24.6749 0.648233 5.74487 36.8341 0 36.8341 32.0893 2.36922 23.7621 67.073 0 67.073 44.3108 
out-dis-skewed knn time: 0.195941 2.97369 31.7223 0 31.7223 29.7486 0.912086 16.1131 58.1944 0 58.1944 43.0813 3.63891 62.9029 128.104 0 128.104 66.2012 
in-dis-uniform knn time: 0.27983 1 24.554 0 24.554 24.554 0.944881 6.01143 38.9085 0 38.9085 33.8971 3.14682 25.3021 74.5114 0 74.5114 50.2093 
out-dis-uniform knn time: 0.201348 2.96975 30.2522 0 30.2522 28.2824 0.7836 13.338 50.3119 0 50.3119 37.9739 2.86159 47.3881 101.682 0 101.682 55.2944 
range count time: 0.000595 3.45034 30.7347 0 0.0001 28.2843 0.0477633 263.536 564.638 0 0.79962 301.303 0.872497 2026.59 3496.59 0 326.433 1144.57 
range query time: 0.000671 3.45034 30.7347 0 0.0001 28.2843 0.0520323 263.536 564.638 0 0.79962 301.303 1.82455 2026.59 3496.59 0 326.433 1144.57 
# Delete
## 0.0001
median: (6158, 0.00449067)-> min: (9999, 8.53333e-05)-> max: (3680, 5.60007)-> tot: 65.7689-> avg: 0.0065764
in-dis-skewed knn time: 0.166904 1 24.7677 0 24.7677 24.7677 0.646929 5.72918 36.7878 0 36.7878 32.0586 2.37228 23.6581 66.8949 0 66.8949 44.2368 
out-dis-skewed knn time: 0.117495 2.56799 26.8793 0 26.8793 25.3113 0.345893 9.30275 40.5254 0 40.5254 32.2227 1.50606 34.5786 79.1006 0 79.1006 45.522 
in-dis-uniform knn time: 0.279366 1 24.5424 0 24.5424 24.5424 0.944529 6.00997 38.9632 0 38.9632 33.9532 3.15058 25.3329 74.6675 0 74.6675 50.3346 
out-dis-uniform knn time: 0.117449 2.4639 26.4393 0 26.4393 24.9754 0.336989 8.24898 39.4566 0 39.4566 32.2076 1.56314 31.2595 79.0424 0 79.0424 48.7829 
range count time: 0.000613333 3.32662 31.9161 0 2e-05 29.5894 0.0460457 259.986 565.752 0 0.81488 305.951 0.867453 2006.8 3479.37 0 327.663 1145.91 
range query time: 0.00101433 3.32662 31.9161 0 2e-05 29.5894 0.050116 259.986 565.752 0 0.81488 305.951 1.83011 2006.8 3479.37 0 327.663 1145.91 

Tree: KdTree; AugType: HasBox; Split: MaxStretchDim-ObjectMedian; BDO: 6; Inba: 30; Coord: integer; 
2.in 
# Insert
## 1
median: (1, 4.71644)-> min: (1, 4.71644)-> max: (1, 4.71644)-> tot: 4.71644-> avg: 4.71644
in-dis-skewed knn time: 0.264599 1 24.4969 0 24.4969 24.4969 0.915435 5.98718 38.7599 0 38.7599 33.7727 3.09191 25.3566 74.0915 0 74.0915 49.7349 
out-dis-skewed knn time: 0.431239 2.34451 29.5512 0 29.5512 28.2067 0.894609 6.24351 39.4168 0 39.4168 34.1733 3.00133 25.4751 74.3175 0 74.3175 49.8424 
in-dis-uniform knn time: 0.258058 1 24.4973 0 24.4973 24.4973 0.840771 5.98628 38.7538 0 38.7538 33.7675 2.92392 25.3541 74.088 0 74.088 49.7339 
out-dis-uniform knn time: 0.426357 2.34358 29.5461 0 29.5461 28.2025 0.861943 6.24297 39.4094 0 39.4094 34.1665 2.88403 25.4735 74.3098 0 74.3098 49.8362 
range count time: 0.00158967 4.03496 34.7738 0 6e-05 31.7387 0.037403 241.948 528.355 0 0.60454 286.802 0.745157 1789.73 3172.54 0 327.167 1056.64 
range query time: 0.00105333 4.03496 34.7738 0 6e-05 31.7387 0.0413297 241.948 528.355 0 0.60454 286.802 1.78871 1789.73 3172.54 0 327.167 1056.64 
# Delete
## 0.1
median: (4, 0.612832)-> min: (9, 0.0841623)-> max: (0, 0.705673)-> tot: 5.41072-> avg: 0.541071
in-dis-skewed knn time: 0.271672 1 24.9652 0 24.9652 24.9652 0.916015 6.68933 41.168 0 41.168 35.4787 3.13952 30.6353 84.1108 0 84.1108 54.4755 
out-dis-skewed knn time: 0.434458 2.43903 30.5278 0 30.5278 29.0888 0.891 7.02677 41.9571 0 41.9571 35.9303 3.04728 30.7894 84.4058 0 84.4058 54.6164 
in-dis-uniform knn time: 0.264544 1 24.9651 0 24.9651 24.9651 0.845391 6.68657 41.1602 0 41.1602 35.4736 2.98096 30.6331 84.1025 0 84.1025 54.4694 
out-dis-uniform knn time: 0.43407 2.43869 30.5237 0 30.5237 29.085 0.872775 7.02558 41.9533 0 41.9533 35.9277 2.96334 30.7903 84.3984 0 84.3984 54.6081 
range count time: 0.00286933 4.70798 36.6573 0 0.00014 32.9492 0.0415747 278.895 623.505 0 1.05698 344.553 0.752558 2162.23 3864.67 0 437.907 1265.54 
range query time: 0.00109133 4.70798 36.6573 0 0.00014 32.9492 0.0475777 278.895 623.505 0 1.05698 344.553 1.79571 2162.23 3864.67 0 437.907 1265.54 
# Delete
## 0.01
median: (49, 0.1414)-> min: (99, 0.00865433)-> max: (5, 0.166919)-> tot: 13.0333-> avg: 0.130332
in-dis-skewed knn time: 0.273057 1 24.9652 0 24.9652 24.9652 0.917821 6.68932 41.168 0 41.168 35.4786 3.14904 30.6352 84.1106 0 84.1106 54.4754 
out-dis-skewed knn time: 0.437094 2.43903 30.5278 0 30.5278 29.0888 0.892765 7.02675 41.957 0 41.957 35.9303 3.05236 30.7893 84.4056 0 84.4056 54.6163 
in-dis-uniform knn time: 0.265136 1 24.9651 0 24.9651 24.9651 0.84624 6.68656 41.1601 0 41.1601 35.4735 2.98478 30.633 84.1023 0 84.1023 54.4693 
out-dis-uniform knn time: 0.43503 2.43869 30.5236 0 30.5236 29.0849 0.874477 7.02556 41.9532 0 41.9532 35.9277 2.96641 30.7902 84.3982 0 84.3982 54.608 
range count time: 0.000709 4.70798 36.6573 0 0.00014 32.9492 0.042223 278.898 623.511 0 1.05698 344.556 0.757231 2162.22 3864.65 0 437.903 1265.53 
range query time: 0.000791333 4.70798 36.6573 0 0.00014 32.9492 0.0465047 278.898 623.511 0 1.05698 344.556 1.78783 2162.22 3864.65 0 437.903 1265.53 
# Delete
## 0.001
median: (512, 0.0276293)-> min: (999, 0.001008)-> max: (113, 0.0316347)-> tot: 25.8712-> avg: 0.0258707
in-dis-skewed knn time: 0.272603 1 24.9652 0 24.9652 24.9652 0.91617 6.68931 41.1679 0 41.1679 35.4786 3.14112 30.6351 84.1105 0 84.1105 54.4754 
out-dis-skewed knn time: 0.436303 2.43903 30.5278 0 30.5278 29.0887 0.892311 7.02674 41.957 0 41.957 35.9302 3.05379 30.7893 84.4055 0 84.4055 54.6162 
in-dis-uniform knn time: 0.265433 1 24.9651 0 24.9651 24.9651 0.847307 6.68655 41.1601 0 41.1601 35.4735 2.9865 30.633 84.1022 0 84.1022 54.4693 
out-dis-uniform knn time: 0.436441 2.43868 30.5236 0 30.5236 29.0849 0.875049 7.02556 41.9532 0 41.9532 35.9277 2.96623 30.7901 84.3981 0 84.3981 54.608 
range count time: 0.000688333 4.70798 36.6573 0 0.00014 32.9492 0.0445337 278.898 623.511 0 1.05698 344.556 0.750062 2162.22 3864.65 0 437.902 1265.53 
range query time: 0.001097 4.70798 36.6573 0 0.00014 32.9492 0.0478947 278.898 623.511 0 1.05698 344.556 1.79051 2162.22 3864.65 0 437.902 1265.53 
# Delete
## 0.0001
median: (5088, 0.00656867)-> min: (9999, 8.66667e-05)-> max: (3685, 0.00981567)-> tot: 61.2856-> avg: 0.00612806
in-dis-skewed knn time: 0.271856 1 24.9652 0 24.9652 24.9652 0.91581 6.68931 41.1679 0 41.1679 35.4786 3.14131 30.6351 84.1105 0 84.1105 54.4754 
out-dis-skewed knn time: 0.435729 2.43903 30.5278 0 30.5278 29.0887 0.892554 7.02674 41.957 0 41.957 35.9302 3.05308 30.7893 84.4055 0 84.4055 54.6162 
in-dis-uniform knn time: 0.26595 1 24.9651 0 24.9651 24.9651 0.846654 6.68655 41.1601 0 41.1601 35.4735 2.98978 30.633 84.1022 0 84.1022 54.4693 
out-dis-uniform knn time: 0.435343 2.43868 30.5236 0 30.5236 29.0849 0.874691 7.02556 41.9532 0 41.9532 35.9277 2.96561 30.7901 84.3981 0 84.3981 54.608 
range count time: 0.001193 4.70798 36.6573 0 0.00014 32.9492 0.0424343 278.898 623.511 0 1.05698 344.556 0.771838 2162.22 3864.65 0 437.902 1265.53 
range query time: 0.000742667 4.70798 36.6573 0 0.00014 32.9492 0.0480263 278.898 623.511 0 1.05698 344.556 1.78617 2162.22 3864.65 0 437.902 1265.53 

Tree: OrthTree; AugType: HasBox; Split: RotateDim-SpatialMedian; BDO: 6; Inba: 30; Coord: integer; 
1.in 
# Insert
## 1
median: (1, 7.81518)-> min: (1, 7.81518)-> max: (1, 7.81518)-> tot: 7.81518-> avg: 7.81518
in-dis-skewed knn time: 0.109719 1 10.4974 0 73.4819 73.4819 0.255078 6.23784 14.4098 0 100.869 95.6296 0.926364 33.9074 23.7616 0 166.331 132.892 
out-dis-skewed knn time: 0.110537 2.32009 10.0975 0 70.6827 69.3626 0.214219 7.62283 13.401 0 93.8072 87.1839 0.943683 38.8754 25.0332 0 175.232 137.216 
in-dis-uniform knn time: 0.320116 1 8.85989 0 62.0192 62.0192 0.876161 6.94013 13.3109 0 93.1763 87.236 2.8681 37.6371 24.2499 0 169.749 132.979 
out-dis-uniform knn time: 0.446761 2.31857 10.0009 0 70.0065 68.6879 0.861067 7.56873 13.2512 0 92.7584 86.1885 2.7938 38.3286 24.6772 0 172.741 135.254 
range count time: 0.001306 6.60048 39.1834 39.1834 0.00022 33.5827 0.0102257 137.789 288.881 288.881 7.32424 144.767 0.555094 2889.09 5027.47 5027.47 654.629 1484.75 
range query time: 0.000872333 6.60048 39.1834 39.1834 0.00022 33.5827 0.0134517 137.789 288.881 288.881 7.32424 144.767 1.8354 2889.09 5027.47 5027.47 654.629 1484.75 
# Delete
## 0.1
median: (4, 0.663014)-> min: (9, 0.196572)-> max: (1, 0.74385)-> tot: 6.03761-> avg: 0.603761
in-dis-skewed knn time: 0.113414 1 10.5129 0 73.5906 73.5906 0.261939 6.28684 14.4703 0 101.292 96.005 0.94845 34.3789 23.9708 0 167.795 133.845 
out-dis-skewed knn time: 0.114733 2.30732 10.4773 0 73.3412 72.0339 0.234759 8.53884 14.3678 0 100.575 93.0359 1.04599 48.4469 28.8056 0 201.639 153.827 
in-dis-uniform knn time: 0.342986 1 9.00843 0 63.059 63.059 0.949486 7.62981 14.047 0 98.329 91.6992 3.13971 45.0123 27.2033 0 190.423 146.134 
out-dis-uniform knn time: 0.485945 2.30331 10.3914 0 72.7398 71.4365 0.948774 8.49643 14.2402 0 99.6812 92.1848 3.151 48.2023 28.5976 0 200.183 152.595 
range count time: 0.00132567 7.319 41.1846 41.1846 0.0004 34.8652 0.0119 161.484 331.239 331.239 9.37708 161.378 0.648428 3619.74 6298.03 6298.03 856.287 1823 
range query time: 0.001167 7.319 41.1846 41.1846 0.0004 34.8652 0.0138377 161.484 331.239 331.239 9.37708 161.378 1.84008 3619.74 6298.03 6298.03 856.287 1823 
# Delete
## 0.01
median: (67, 0.0816293)-> min: (99, 0.016717)-> max: (60, 0.095919)-> tot: 7.78392-> avg: 0.0778387
in-dis-skewed knn time: 0.112989 1 10.5129 0 73.5906 73.5906 0.260425 6.28684 14.4703 0 101.292 96.005 0.934096 34.3789 23.9708 0 167.795 133.845 
out-dis-skewed knn time: 0.116995 2.30732 10.4773 0 73.3412 72.0339 0.239199 8.53884 14.3678 0 100.575 93.0359 1.05762 48.4469 28.8056 0 201.639 153.827 
in-dis-uniform knn time: 0.347367 1 9.00843 0 63.059 63.059 0.965212 7.62981 14.047 0 98.329 91.6992 3.17874 45.0123 27.2033 0 190.423 146.134 
out-dis-uniform knn time: 0.488752 2.30331 10.3914 0 72.7398 71.4365 0.958821 8.49643 14.2402 0 99.6813 92.1848 3.18505 48.2024 28.5976 0 200.183 152.595 
range count time: 0.001609 7.319 41.1846 41.1846 0.0004 34.8652 0.0116383 161.484 331.239 331.239 9.37708 161.378 0.642814 3619.74 6298.03 6298.03 856.287 1823 
range query time: 0.000902667 7.319 41.1846 41.1846 0.0004 34.8652 0.01389 161.484 331.239 331.239 9.37708 161.378 1.80952 3619.74 6298.03 6298.03 856.287 1823 
# Delete
## 0.001
median: (417, 0.009959)-> min: (999, 0.002035)-> max: (965, 0.0194903)-> tot: 9.70037-> avg: 0.00969987
in-dis-skewed knn time: 0.113407 1 10.5129 0 73.5906 73.5906 0.263665 6.28684 14.4703 0 101.292 96.005 0.947051 34.3789 23.9708 0 167.795 133.845 
out-dis-skewed knn time: 0.1169 2.30732 10.4773 0 73.3412 72.0339 0.237292 8.53885 14.368 0 100.576 93.0369 1.05037 48.4499 28.8074 0 201.652 153.832 
in-dis-uniform knn time: 0.349098 1 9.00843 0 63.059 63.059 0.969504 7.62981 14.047 0 98.329 91.6992 3.19155 45.0123 27.2033 0 190.423 146.134 
out-dis-uniform knn time: 0.490627 2.30331 10.3914 0 72.7398 71.4365 0.962457 8.49643 14.2402 0 99.6813 92.1848 3.19634 48.2024 28.5977 0 200.184 152.595 
range count time: 0.00100467 7.319 41.1846 41.1846 0.0004 34.8652 0.0117583 161.484 331.239 331.239 9.37708 161.378 0.653333 3619.74 6298.03 6298.03 856.287 1823 
range query time: 0.000828667 7.319 41.1846 41.1846 0.0004 34.8652 0.014056 161.484 331.239 331.239 9.37708 161.378 1.80352 3619.74 6298.03 6298.03 856.287 1823 
# Delete
## 0.0001
median: (3367, 0.001704)-> min: (9999, 0.000402)-> max: (9813, 0.00580167)-> tot: 17.2868-> avg: 0.00172819
in-dis-skewed knn time: 0.11446 1 10.5129 0 73.5906 73.5906 0.263613 6.28684 14.4703 0 101.292 96.005 0.943714 34.3789 23.9708 0 167.795 133.845 
out-dis-skewed knn time: 0.117175 2.30732 10.4773 0 73.3413 72.034 0.238109 8.53887 14.3681 0 100.576 93.0375 1.04989 48.4522 28.8085 0 201.66 153.836 
in-dis-uniform knn time: 0.348507 1 9.00843 0 63.059 63.059 0.967061 7.62981 14.047 0 98.3291 91.6992 3.18503 45.0123 27.2033 0 190.423 146.134 
out-dis-uniform knn time: 0.491313 2.30331 10.3914 0 72.7398 71.4365 0.963129 8.49643 14.2402 0 99.6813 92.1849 3.1962 48.2026 28.5978 0 200.185 152.596 
range count time: 0.00101567 7.319 41.1846 41.1846 0.0004 34.8652 0.0118813 161.484 331.239 331.239 9.37708 161.378 0.63968 3619.74 6298.03 6298.03 856.288 1823 
range query time: 0.001228 7.319 41.1846 41.1846 0.0004 34.8652 0.0139347 161.484 331.239 331.239 9.37708 161.378 1.81869 3619.74 6298.03 6298.03 856.288 1823 

Tree: OrthTree; AugType: HasBox; Split: RotateDim-SpatialMedian; BDO: 6; Inba: 30; Coord: integer; 
2_sort_by_0.in 
# Insert
## 1
median: (1, 6.61689)-> min: (1, 6.61689)-> max: (1, 6.61689)-> tot: 6.61689-> avg: 6.61689
in-dis-skewed knn time: 0.184572 1 8.36749 0 58.5724 58.5724 0.631336 6.7065 12.1256 0 84.8792 79.1727 2.39416 36.5537 21.9381 0 153.567 117.953 
out-dis-skewed knn time: 0.340727 2.60995 13.3357 0 93.3499 91.74 1.36976 18.5075 26.5882 0 186.118 168.61 5.24023 92.7265 60.9396 0 426.577 334.794 
in-dis-uniform knn time: 0.311475 1 8.36746 0 58.5722 58.5722 0.953678 6.95164 12.8073 0 89.6513 83.6997 3.21801 38.3293 24.0114 0 168.08 130.691 
out-dis-uniform knn time: 0.340377 2.66426 12.62 0 88.3398 86.6756 1.16689 15.5986 22.6174 0 158.322 143.723 4.03358 71.9742 47.0876 0 329.613 258.583 
range count time: 0.000963333 4.99628 36.4787 36.4787 0.00254 32.4798 0.0547373 487.587 1179.19 1179.19 3.2606 689.343 0.872982 3738.61 6210.77 6210.77 629.954 1843.21 
range query time: 0.000785333 4.99628 36.4787 36.4787 0.00254 32.4798 0.0583773 487.587 1179.19 1179.19 3.2606 689.343 2.01637 3738.61 6210.77 6210.77 629.954 1843.21 
# Delete
## 0.1
median: (2, 0.441721)-> min: (9, 0.227412)-> max: (4, 0.549613)-> tot: 4.30284-> avg: 0.430283
in-dis-skewed knn time: 0.181032 1 8.99996 0 62.9997 62.9997 0.606588 7.63265 13.4662 0 94.2633 87.6306 2.33994 43.2176 25.6687 0 179.681 137.459 
out-dis-skewed knn time: 0.378729 2.27974 15.2267 0 106.587 105.307 1.78541 23.1219 37.3985 0 261.79 239.668 7.799 146.053 103.303 0 723.124 578.066 
in-dis-uniform knn time: 0.302028 1 8.99996 0 62.9997 62.9997 0.870318 7.91628 14.184 0 99.2883 92.372 3.00955 45.1611 28.0642 0 196.45 152.284 
out-dis-uniform knn time: 0.380675 2.37209 14.5705 0 101.994 100.622 1.53829 20.1352 31.7007 0 221.905 202.769 6.12166 117.206 78.4331 0 549.032 432.821 
range count time: 0.00120967 5.62248 39.8567 39.8567 0.00196 35.2323 0.049384 550.017 1314.61 1314.61 3.80202 761.789 0.819151 4609.29 7453.95 7453.95 793.144 2052.52 
range query time: 0.000720333 5.62248 39.8567 39.8567 0.00196 35.2323 0.0531753 550.017 1314.61 1314.61 3.80202 761.789 1.93159 4609.29 7453.95 7453.95 793.144 2052.52 
# Delete
## 0.01
median: (44, 0.0515323)-> min: (99, 0.0238457)-> max: (24, 0.0628397)-> tot: 5.14677-> avg: 0.0514672
in-dis-skewed knn time: 0.194399 1 8.99996 0 62.9997 62.9997 0.628603 7.63265 13.4662 0 94.2633 87.6306 2.41464 43.2176 25.6687 0 179.681 137.459 
out-dis-skewed knn time: 0.391167 2.27974 15.2267 0 106.587 105.307 1.86302 23.1219 37.3985 0 261.79 239.668 8.04471 146.053 103.303 0 723.124 578.066 
in-dis-uniform knn time: 0.308521 1 8.99996 0 62.9997 62.9997 0.886532 7.91628 14.184 0 99.2883 92.372 3.0505 45.1611 28.0642 0 196.45 152.284 
out-dis-uniform knn time: 0.395881 2.37209 14.5705 0 101.994 100.622 1.60358 20.1352 31.7007 0 221.905 202.769 6.30441 117.206 78.4331 0 549.032 432.821 
range count time: 0.000881667 5.62248 39.8567 39.8567 0.00196 35.2323 0.0494767 550.017 1314.61 1314.61 3.80202 761.789 0.826158 4609.29 7453.95 7453.95 793.144 2052.52 
range query time: 0.000781333 5.62248 39.8567 39.8567 0.00196 35.2323 0.0538993 550.017 1314.61 1314.61 3.80202 761.789 1.88085 4609.29 7453.95 7453.95 793.144 2052.52 
# Delete
## 0.001
median: (590, 0.005471)-> min: (999, 0.001077)-> max: (826, 0.012795)-> tot: 5.92724-> avg: 0.00592674
in-dis-skewed knn time: 0.198738 1 8.99996 0 62.9997 62.9997 0.655392 7.63265 13.4662 0 94.2633 87.6306 2.47571 43.2176 25.6687 0 179.681 137.459 
out-dis-skewed knn time: 0.406187 2.27974 15.2267 0 106.587 105.307 1.94318 23.1219 37.3985 0 261.79 239.668 8.30282 146.053 103.303 0 723.124 578.066 
in-dis-uniform knn time: 0.316118 1 8.99996 0 62.9997 62.9997 0.903251 7.91628 14.184 0 99.2883 92.372 3.08715 45.1611 28.0642 0 196.45 152.284 
out-dis-uniform knn time: 0.412348 2.37209 14.5705 0 101.994 100.622 1.67098 20.1352 31.7007 0 221.905 202.769 6.49669 117.206 78.4331 0 549.032 432.821 
range count time: 0.000886333 5.62248 39.8567 39.8567 0.00196 35.2323 0.0505277 550.017 1314.61 1314.61 3.80202 761.789 0.834658 4609.29 7453.95 7453.95 793.144 2052.52 
range query time: 0.000758333 5.62248 39.8567 39.8567 0.00196 35.2323 0.056202 550.017 1314.61 1314.61 3.80202 761.789 1.81617 4609.29 7453.95 7453.95 793.144 2052.52 
# Delete
## 0.0001
median: (8421, 0.00219767)-> min: (9999, 0.000154)-> max: (6734, 0.00328133)-> tot: 21.1376-> avg: 0.00211326
in-dis-skewed knn time: 0.204199 1 8.99996 0 62.9997 62.9997 0.665502 7.63265 13.4662 0 94.2633 87.6306 2.51353 43.2176 25.6687 0 179.681 137.459 
out-dis-skewed knn time: 0.411983 2.27974 15.2267 0 106.587 105.307 1.98281 23.1219 37.3985 0 261.79 239.668 8.43657 146.053 103.303 0 723.124 578.066 
in-dis-uniform knn time: 0.316745 1 8.99996 0 62.9997 62.9997 0.898234 7.91628 14.184 0 99.2883 92.372 3.05046 45.1611 28.0642 0 196.45 152.284 
out-dis-uniform knn time: 0.418878 2.37209 14.5705 0 101.994 100.622 1.70366 20.1352 31.7007 0 221.905 202.769 6.59391 117.206 78.4331 0 549.032 432.821 
range count time: 0.000881 5.62248 39.8567 39.8567 0.00196 35.2323 0.0514363 550.017 1314.61 1314.61 3.80202 761.789 0.830584 4609.29 7453.95 7453.95 793.144 2052.52 
range query time: 0.000812 5.62248 39.8567 39.8567 0.00196 35.2323 0.0572373 550.017 1314.61 1314.61 3.80202 761.789 1.80206 4609.29 7453.95 7453.95 793.144 2052.52 

Tree: OrthTree; AugType: HasBox; Split: RotateDim-SpatialMedian; BDO: 6; Inba: 30; Coord: integer; 
2.in 
# Insert
## 1
median: (1, 4.94593)-> min: (1, 4.94593)-> max: (1, 4.94593)-> tot: 4.94593-> avg: 4.94593
in-dis-skewed knn time: 0.313694 1 8.36749 0 58.5725 58.5725 0.925627 6.68798 12.5409 0 87.7866 82.0986 3.08633 36.6139 22.8973 0 160.281 124.607 
out-dis-skewed knn time: 0.475344 2.18849 9.78528 0 68.497 67.3085 0.905362 6.86693 12.6823 0 88.7763 82.9093 2.97917 36.4192 22.9026 0 160.318 124.842 
in-dis-uniform knn time: 0.311434 1 8.36735 0 58.5715 58.5715 0.868222 6.68847 12.541 0 87.7873 82.0989 2.90561 36.614 22.894 0 160.258 124.584 
out-dis-uniform knn time: 0.477139 2.18864 9.78709 0 68.5096 67.321 0.891703 6.86778 12.686 0 88.8023 82.9346 2.86249 36.4241 22.9054 0 160.338 124.857 
range count time: 0.00115267 5.76692 40.9767 40.9767 0.00048 36.2093 0.046302 396.952 1002.18 1002.18 2.61016 603.618 0.706582 3077.43 5141.36 5141.36 575.596 1489.33 
range query time: 0.000850333 5.76692 40.9767 40.9767 0.00048 36.2093 0.047793 396.952 1002.18 1002.18 2.61016 603.618 1.93821 3077.43 5141.36 5141.36 575.596 1489.33 
# Delete
## 0.1
median: (3, 0.663295)-> min: (9, 0.226377)-> max: (6, 0.86421)-> tot: 5.93175-> avg: 0.593174
in-dis-skewed knn time: 0.337286 1 8.91414 0 62.399 62.399 1.04512 9.29092 15.3548 0 107.484 99.1927 3.81815 64.8881 34.4262 0 240.984 176.721 
out-dis-skewed knn time: 0.515407 2.17854 11.0158 0 77.1106 75.9321 1.0345 9.88221 15.6649 0 109.655 100.772 3.70658 65.1885 34.5176 0 241.623 177.051 
in-dis-uniform knn time: 0.335111 1 8.91421 0 62.3994 62.3994 0.991363 9.29163 15.3555 0 107.489 99.197 3.63397 64.8866 34.4216 0 240.951 176.689 
out-dis-uniform knn time: 0.523986 2.17878 11.0178 0 77.1244 75.9456 1.03147 9.88418 15.6684 0 109.679 100.795 3.61768 65.1942 34.5204 0 241.643 177.065 
range count time: 0.00142533 8.7127 51.5538 51.5538 0.0022 43.8389 0.0688503 748.307 1796.05 1796.05 6.91386 1041.83 0.946816 5963.3 9908.94 9908.94 1240.08 2706.56 
range query time: 0.000971667 8.7127 51.5538 51.5538 0.0022 43.8389 0.0721393 748.307 1796.05 1796.05 6.91386 1041.83 2.19988 5963.3 9908.94 9908.94 1240.08 2706.56 
# Delete
## 0.01
median: (39, 0.14628)-> min: (99, 0.029011)-> max: (53, 0.152499)-> tot: 12.4676-> avg: 0.124675
in-dis-skewed knn time: 0.3423 1 8.91414 0 62.399 62.399 1.0635 9.29092 15.3548 0 107.484 99.1927 3.88218 64.8881 34.4262 0 240.984 176.721 
out-dis-skewed knn time: 0.523017 2.17854 11.0158 0 77.1106 75.9321 1.05307 9.88221 15.6649 0 109.655 100.772 3.7667 65.1885 34.5176 0 241.623 177.051 
in-dis-uniform knn time: 0.339652 1 8.91421 0 62.3994 62.3994 1.01032 9.29163 15.3555 0 107.489 99.197 3.69129 64.8866 34.4216 0 240.951 176.689 
out-dis-uniform knn time: 0.533159 2.17878 11.0178 0 77.1244 75.9456 1.05117 9.88418 15.6684 0 109.679 100.795 3.67553 65.1942 34.5204 0 241.643 177.065 
range count time: 0.001154 8.7127 51.5538 51.5538 0.0022 43.8389 0.0664947 748.307 1796.05 1796.05 6.91386 1041.83 0.965868 5963.3 9908.94 9908.94 1240.08 2706.56 
range query time: 0.00123267 8.7127 51.5538 51.5538 0.0022 43.8389 0.0777613 748.307 1796.05 1796.05 6.91386 1041.83 2.25173 5963.3 9908.94 9908.94 1240.08 2706.56 
# Delete
## 0.001
median: (312, 0.026751)-> min: (999, 0.00376767)-> max: (287, 0.029506)-> tot: 23.7899-> avg: 0.0237894
in-dis-skewed knn time: 0.343517 1 8.91414 0 62.399 62.399 1.06844 9.29092 15.3548 0 107.484 99.1927 3.90495 64.8881 34.4262 0 240.984 176.721 
out-dis-skewed knn time: 0.526295 2.17854 11.0158 0 77.1106 75.9321 1.05929 9.88221 15.6649 0 109.655 100.772 3.78708 65.1885 34.5176 0 241.623 177.051 
in-dis-uniform knn time: 0.341814 1 8.91421 0 62.3994 62.3994 1.01699 9.29163 15.3555 0 107.489 99.197 3.7097 64.8866 34.4216 0 240.951 176.689 
out-dis-uniform knn time: 0.535963 2.17878 11.0178 0 77.1244 75.9456 1.0583 9.88418 15.6684 0 109.679 100.795 3.69723 65.1942 34.5204 0 241.643 177.065 
range count time: 0.00112967 8.7127 51.5538 51.5538 0.0022 43.8389 0.069981 748.307 1796.05 1796.05 6.91386 1041.83 0.970773 5963.3 9908.94 9908.94 1240.08 2706.56 
range query time: 0.000987333 8.7127 51.5538 51.5538 0.0022 43.8389 0.0748817 748.307 1796.05 1796.05 6.91386 1041.83 2.25231 5963.3 9908.94 9908.94 1240.08 2706.56 
# Delete
## 0.0001
median: (3278, 0.003817)-> min: (9999, 0.000406)-> max: (4400, 0.007693)-> tot: 35.4223-> avg: 0.00354173
in-dis-skewed knn time: 0.343478 1 8.91414 0 62.399 62.399 1.07195 9.29092 15.3548 0 107.484 99.1927 3.91274 64.8881 34.4262 0 240.984 176.721 
out-dis-skewed knn time: 0.526981 2.17854 11.0158 0 77.1106 75.9321 1.06168 9.88221 15.6649 0 109.655 100.772 3.79442 65.1885 34.5176 0 241.623 177.051 
in-dis-uniform knn time: 0.342096 1 8.91421 0 62.3994 62.3994 1.01873 9.29163 15.3555 0 107.489 99.197 3.71587 64.8866 34.4216 0 240.951 176.689 
out-dis-uniform knn time: 0.537253 2.17878 11.0178 0 77.1244 75.9456 1.06014 9.88418 15.6684 0 109.679 100.795 3.70259 65.1942 34.5204 0 241.643 177.065 
range count time: 0.00231067 8.7127 51.5538 51.5538 0.0022 43.8389 0.0703703 748.307 1796.05 1796.05 6.91386 1041.83 0.964317 5963.3 9908.94 9908.94 1240.08 2706.56 
range query time: 0.000913333 8.7127 51.5538 51.5538 0.0022 43.8389 0.078608 748.307 1796.05 1796.05 6.91386 1041.83 2.24805 5963.3 9908.94 9908.94 1240.08 2706.56 

Tree: PTree; AugType: HasBox; Split: HilbertCurve; BDO: 6; Inba: 30; Coord: integer; 
1.in 
# Insert
## 1
median: (1, 3.38161)-> min: (1, 3.38161)-> max: (1, 3.38161)-> tot: 3.38161-> avg: 3.38161
in-dis-skewed knn time: 0.832152 25.8084 203.082 0 203.082 178.274 2.32979 58.2378 280.752 0 280.752 223.514 10.1011 141.297 423.405 0 423.405 283.108 
out-dis-skewed knn time: 0.589957 19.709 154.028 0 154.028 135.319 1.58397 42.3984 207.892 0 207.892 166.493 7.14421 108.112 326.832 0 326.832 219.719 
in-dis-uniform knn time: 4.79631 20.2916 161.851 0 161.851 142.559 10.1889 48.5996 233.061 0 233.061 185.461 24.1176 121.651 363.478 0 363.478 242.826 
out-dis-uniform knn time: 4.54617 19.4909 154.351 0 154.351 135.86 9.26333 44.2617 215.986 0 215.986 172.725 22.1879 111.844 339.031 0 339.031 228.187 
range count time: 0.000902667 4.19174 42.413 0 0 39.2212 0.00765533 45.5873 135.513 0 0.38456 90.5416 0.825491 907.001 1660.24 0 125.014 629.224 
range query time: 0.000900667 4.19174 42.413 0 0 39.2212 0.013157 45.5873 135.513 0 0.38456 90.5416 1.83853 907.001 1660.24 0 125.014 629.224 
# Delete
## 0.1
median: (6, 0.436277)-> min: (9, 0.268344)-> max: (3, 0.504262)-> tot: 4.04898-> avg: 0.404897
in-dis-skewed knn time: 0.651179 19.8555 159.095 0 159.095 140.24 1.84638 45.7944 222.113 0 222.113 177.319 8.15598 111.511 333.126 0 333.126 222.615 
out-dis-skewed knn time: 0.466767 14.6354 119.547 0 119.547 105.912 1.24149 32.2316 163.779 0 163.779 132.548 5.51379 84.331 258.352 0 258.352 175.021 
in-dis-uniform knn time: 4.15784 17.5733 143.062 0 143.062 126.489 8.74816 43.0523 209.072 0 209.072 167.019 20.7413 109.455 326.735 0 326.735 218.28 
out-dis-uniform knn time: 4.0342 17.0106 137.25 0 137.25 121.239 8.093 39.3268 194.338 0 194.338 156.011 19.3388 100.781 305.568 0 305.568 205.787 
range count time: 0.000986333 4.33248 43.764 0 0 40.4315 0.00864933 47.068 139.267 0 0.45716 92.7419 0.845595 945.368 1744.64 0 136.204 664.067 
range query time: 0.00104167 4.33248 43.764 0 0 40.4315 0.014036 47.068 139.267 0 0.45716 92.7419 1.97161 945.368 1744.64 0 136.204 664.067 
# Delete
## 0.01
median: (64, 0.0578123)-> min: (97, 0.0267003)-> max: (57, 0.071539)-> tot: 5.32298-> avg: 0.0532293
in-dis-skewed knn time: 0.675585 20.5753 164.703 0 164.703 145.127 1.8952 46.8873 228.155 0 228.155 182.267 8.4479 114.706 343.276 0 343.276 229.57 
out-dis-skewed knn time: 0.485919 15.0523 122.21 0 122.21 108.158 1.27272 32.8575 166.009 0 166.009 134.152 5.61422 84.7315 260.703 0 260.703 176.972 
in-dis-uniform knn time: 4.28861 18.5467 150.214 0 150.214 132.667 9.00249 44.5471 215.728 0 215.728 172.181 21.4155 113.496 337.88 0 337.88 225.384 
out-dis-uniform knn time: 4.19035 18.2018 146.008 0 146.008 128.806 8.4077 41.6196 204.204 0 204.204 163.585 20.1647 106.692 321.69 0 321.69 215.998 
range count time: 0.00105833 4.34874 44.6936 0 0 41.3448 0.008905 47.1745 140.347 0 0.4626 93.7094 0.848927 945.979 1743.35 0 135.982 662.391 
range query time: 0.00102867 4.34874 44.6936 0 0 41.3448 0.014401 47.1745 140.347 0 0.4626 93.7094 1.97209 945.979 1743.35 0 135.982 662.391 
# Delete
## 0.001
median: (673, 0.00716033)-> min: (982, 0.00335967)-> max: (483, 0.0110123)-> tot: 6.66105-> avg: 0.00666054
in-dis-skewed knn time: 0.666719 20.3596 162.634 0 162.634 143.274 1.87265 46.5606 226.091 0 226.091 180.53 8.28618 113.601 339.734 0 339.734 227.134 
out-dis-skewed knn time: 0.477299 14.938 121.263 0 121.263 107.325 1.26645 32.6104 165.292 0 165.292 133.682 5.61028 84.7074 260.092 0 260.092 176.385 
in-dis-uniform knn time: 4.31544 18.7149 151.203 0 151.203 133.488 9.09819 45.2253 218.47 0 218.47 174.245 21.7036 115.403 342.666 0 342.666 228.262 
out-dis-uniform knn time: 4.22297 18.3521 146.968 0 146.968 129.616 8.50531 42.149 206.63 0 206.63 165.481 20.423 108.318 326.016 0 326.016 218.698 
range count time: 0.00102633 4.34202 44.7373 0 0 41.3953 0.00898533 47.1733 140.232 0 0.46344 93.5957 0.833361 945.929 1742.72 0 135.918 661.871 
range query time: 0.00105167 4.34202 44.7373 0 0 41.3953 0.0142903 47.1733 140.232 0 0.46344 93.5957 1.96554 945.929 1742.72 0 135.918 661.871 
# Delete
## 0.0001
median: (6006, 0.001168)-> min: (9998, 0.000622667)-> max: (8759, 0.00503533)-> tot: 11.3309-> avg: 0.00113259
in-dis-skewed knn time: 0.665065 20.2182 162.808 0 162.808 143.59 1.87056 46.2005 225.6 0 225.6 180.399 8.25896 113.142 339.405 0 339.405 227.263 
out-dis-skewed knn time: 0.480834 15.1137 122.196 0 122.196 108.082 1.29496 33.3461 168.648 0 168.648 136.302 5.66797 86.3986 265.093 0 265.093 179.695 
in-dis-uniform knn time: 4.28829 18.5643 150.242 0 150.242 132.678 9.03907 44.9024 217.192 0 217.192 173.29 21.5589 114.573 340.664 0 340.664 227.092 
out-dis-uniform knn time: 4.19414 18.2812 146.29 0 146.29 129.009 8.42286 41.7842 205.097 0 205.097 164.313 20.2572 107.4 323.679 0 323.679 217.279 
range count time: 0.001031 4.34248 44.6552 0 0 41.3127 0.00889933 47.1765 140.192 0 0.4623 93.553 0.835894 945.897 1742.48 0 135.9 661.682 
range query time: 0.00107867 4.34248 44.6552 0 0 41.3127 0.0140647 47.1765 140.192 0 0.4623 93.553 1.9782 945.897 1742.48 0 135.9 661.682 

Tree: PTree; AugType: HasBox; Split: HilbertCurve; BDO: 6; Inba: 30; Coord: integer; 
2_sort_by_0.in 
# Insert
## 1
median: (1, 3.88114)-> min: (1, 3.88114)-> max: (1, 3.88114)-> tot: 3.88114-> avg: 3.88114
in-dis-skewed knn time: 1.78819 11.7752 91.167 0 91.167 80.3919 3.84525 25.4654 119.738 0 119.738 95.2727 9.8431 61.9117 180.035 0 180.035 119.123 
out-dis-skewed knn time: 0.458696 6.78633 71.7014 0 71.7014 65.915 1.03247 14.1504 100.593 0 100.593 87.4431 7.67498 61.3841 206.36 0 206.36 145.976 
in-dis-uniform knn time: 3.54084 13.7114 106.333 0 106.333 93.6214 6.88902 29.7248 143.841 0 143.841 115.116 15.7932 73.6867 223.118 0 223.118 150.432 
out-dis-uniform knn time: 0.503052 6.84379 70.4062 0 70.4062 64.5625 1.30695 14.8983 97.6544 0 97.6544 83.7561 8.53962 61.7751 193.847 0 193.847 133.072 
range count time: 0.000742 3.43098 34.3885 0 0 31.9575 0.0591827 167.032 406.663 0 0.08862 240.542 1.13175 1210.24 2135.26 0 116.74 809.28 
range query time: 0.000740333 3.43098 34.3885 0 0 31.9575 0.0652573 167.032 406.663 0 0.08862 240.542 2.01672 1210.24 2135.26 0 116.74 809.28 
# Delete
## 0.1
median: (4, 0.301662)-> min: (1, 0.296826)-> max: (9, 0.307734)-> tot: 3.01168-> avg: 0.301167
in-dis-skewed knn time: 1.84809 12.8565 100.73 0 100.73 88.8735 4.05573 28.3113 132.803 0 132.803 105.491 10.5629 69.2844 202.016 0 202.016 133.731 
out-dis-skewed knn time: 0.53963 7.05049 80.775 0 80.775 74.7245 1.2156 15.3533 114.849 0 114.849 100.495 8.40327 65.574 228.736 0 228.736 164.162 
in-dis-uniform knn time: 4.0754 16.2748 127.283 0 127.283 112.008 8.17569 36.0349 174.128 0 174.128 139.093 19.2094 89.8792 272.238 0 272.238 183.359 
out-dis-uniform knn time: 0.582733 7.15117 78.9658 0 78.9658 72.8146 1.46325 16.0964 110.136 0 110.136 95.0395 9.21265 65.2248 211.123 0 211.123 146.898 
range count time: 0.000738667 3.43098 34.3885 0 0 31.9575 0.0645683 167.16 405.467 0 0.08848 239.218 1.16695 1210.35 2136.38 0 116.856 810.182 
range query time: 0.000754 3.43098 34.3885 0 0 31.9575 0.0707267 167.16 405.467 0 0.08848 239.218 2.05665 1210.35 2136.38 0 116.856 810.182 
# Delete
## 0.01
median: (80, 0.0328527)-> min: (22, 0.031502)-> max: (92, 0.0362673)-> tot: 3.29901-> avg: 0.0329896
in-dis-skewed knn time: 1.81696 12.8565 100.731 0 100.731 88.8742 3.86613 28.3113 132.803 0 132.803 105.492 10.1479 69.2844 202.016 0 202.016 133.732 
out-dis-skewed knn time: 0.591378 7.28599 80.9382 0 80.9382 74.6522 1.28591 15.7663 115.04 0 115.04 100.274 8.0086 66.9109 230.249 0 230.249 164.339 
in-dis-uniform knn time: 3.96611 16.3778 127.952 0 127.952 112.574 7.82742 36.1938 174.801 0 174.801 139.607 18.396 90.2681 273.322 0 273.322 184.054 
out-dis-uniform knn time: 0.635071 7.3955 79.2872 0 79.2872 72.8917 1.50336 16.5904 110.814 0 110.814 95.2239 8.87541 66.559 213.128 0 213.128 147.569 
range count time: 0.000765667 3.43098 34.3885 0 0 31.9575 0.060381 167.16 405.509 0 0.08848 239.261 1.14306 1210.34 2136.2 0 116.852 810.016 
range query time: 0.000788333 3.43098 34.3885 0 0 31.9575 0.067747 167.16 405.509 0 0.08848 239.261 2.14379 1210.34 2136.2 0 116.852 810.016 
# Delete
## 0.001
median: (849, 0.006206)-> min: (425, 0.00432633)-> max: (684, 0.009967)-> tot: 6.12807-> avg: 0.00612757
in-dis-skewed knn time: 1.8237 12.8565 100.731 0 100.731 88.8742 3.86302 28.3113 132.803 0 132.803 105.492 10.0973 69.2844 202.016 0 202.016 133.732 
out-dis-skewed knn time: 0.589137 7.57383 79.4376 0 79.4376 72.8638 1.28949 16.5057 112.757 0 112.757 97.2514 7.92095 68.5808 227.729 0 227.729 160.148 
in-dis-uniform knn time: 3.97395 16.4125 128.199 0 128.199 112.787 7.83471 36.2697 175.128 0 175.128 139.859 18.3203 90.4608 273.874 0 273.874 184.414 
out-dis-uniform knn time: 0.639029 7.70303 78.3844 0 78.3844 71.6814 1.5153 17.3644 109.85 0 109.85 93.4858 8.86651 68.1909 213.204 0 213.204 146.013 
range count time: 0.000779 3.43098 34.3885 0 0 31.9575 0.059484 167.16 405.509 0 0.08848 239.261 1.13455 1210.34 2136 0 116.835 809.826 
range query time: 0.000789333 3.43098 34.3885 0 0 31.9575 0.0656917 167.16 405.509 0 0.08848 239.261 2.14795 1210.34 2136 0 116.835 809.826 
# Delete
## 0.0001
median: (7675, 0.002142)-> min: (9999, 0.000713667)-> max: (6596, 0.00639033)-> tot: 20.5305-> avg: 0.00205255
in-dis-skewed knn time: 1.81837 12.8565 100.731 0 100.731 88.8742 3.85801 28.3113 132.803 0 132.803 105.492 10.0921 69.2844 202.016 0 202.016 133.732 
out-dis-skewed knn time: 0.570267 7.48709 77.5921 0 77.5921 71.105 1.25592 16.308 110.128 0 110.128 94.8195 7.85778 68.4076 224.112 0 224.112 156.704 
in-dis-uniform knn time: 3.97027 16.4062 128.149 0 128.149 112.743 7.82469 36.2188 174.907 0 174.907 139.688 18.2982 90.3351 273.526 0 273.526 184.191 
out-dis-uniform knn time: 0.622171 7.64263 76.8483 0 76.8483 70.2057 1.48865 17.2513 107.867 0 107.867 91.6155 8.84157 68.216 211.066 0 211.066 143.85 
range count time: 0.000769667 3.43098 34.3885 0 0 31.9575 0.058269 167.16 405.509 0 0.08848 239.261 1.13848 1210.33 2135.85 0 116.827 809.694 
range query time: 0.000741 3.43098 34.3885 0 0 31.9575 0.0658453 167.16 405.509 0 0.08848 239.261 2.15589 1210.33 2135.85 0 116.827 809.694 

Tree: PTree; AugType: HasBox; Split: HilbertCurve; BDO: 6; Inba: 30; Coord: integer; 
2.in 
# Insert
## 1
median: (1, 4.08079)-> min: (1, 4.08079)-> max: (1, 4.08079)-> tot: 4.08079-> avg: 4.08079
in-dis-skewed knn time: 3.6643 14.0964 116.038 0 116.038 102.942 7.32461 31.6138 159.153 0 159.153 128.539 17.2101 80.5239 247.846 0 247.846 168.322 
out-dis-skewed knn time: 3.82682 14.99 119.532 0 119.532 105.541 7.27475 31.7614 159.592 0 159.592 128.831 17.0885 80.5925 248.037 0 248.037 168.444 
in-dis-uniform knn time: 3.6121 14.0957 116.021 0 116.021 102.925 7.23419 31.6214 159.172 0 159.172 128.55 17.0376 80.5367 247.869 0 247.869 168.332 
out-dis-uniform knn time: 3.82594 14.987 119.504 0 119.504 105.517 7.25835 31.7556 159.549 0 159.549 128.793 17.0279 80.5742 247.967 0 247.967 168.393 
range count time: 0.000856333 4.08886 38.4715 0 0 35.3826 0.049901 159.971 397.51 0 0.08308 238.456 0.968607 1065.39 1922.5 0 125.852 732.263 
range query time: 0.000888 4.08886 38.4715 0 0 35.3826 0.0579513 159.971 397.51 0 0.08308 238.456 1.92863 1065.39 1922.5 0 125.852 732.263 
# Delete
## 0.1
median: (6, 0.608039)-> min: (9, 0.323809)-> max: (2, 0.792732)-> tot: 5.77592-> avg: 0.577591
in-dis-skewed knn time: 3.57533 14.0946 116.542 0 116.542 103.447 7.0633 31.7456 160.284 0 160.284 129.539 16.6564 81.1745 250.007 0 250.007 169.832 
out-dis-skewed knn time: 3.77825 14.9953 120.067 0 120.067 106.072 7.08865 31.9017 160.725 0 160.725 129.824 16.6656 81.2489 250.199 0 250.199 169.95 
in-dis-uniform knn time: 3.5795 14.0933 116.532 0 116.532 103.439 7.06899 31.7516 160.299 0 160.299 129.548 16.6629 81.1885 250.037 0 250.037 169.849 
out-dis-uniform knn time: 3.79304 14.9941 120.05 0 120.05 106.056 7.10662 31.902 160.7 0 160.7 129.798 16.6823 81.2446 250.157 0 250.157 169.912 
range count time: 0.000933 4.06582 38.8619 0 0 35.7961 0.0519243 160.938 400.391 0 0.08616 240.367 0.995536 1072.54 1942.5 0 128.701 742.267 
range query time: 0.00096 4.06582 38.8619 0 0 35.7961 0.0585973 160.938 400.391 0 0.08616 240.367 2.05592 1072.54 1942.5 0 128.701 742.267 
# Delete
## 0.01
median: (49, 0.19077)-> min: (99, 0.0340773)-> max: (30, 0.249411)-> tot: 17.5764-> avg: 0.175763
in-dis-skewed knn time: 3.56529 14.0816 116.427 0 116.427 103.346 7.05649 31.7694 160.274 0 160.274 129.504 16.6373 81.3146 250.145 0 250.145 169.831 
out-dis-skewed knn time: 3.76964 14.9851 119.952 0 119.952 105.967 7.08419 31.9267 160.709 0 160.709 129.783 16.6473 81.3856 250.329 0 250.329 169.943 
in-dis-uniform knn time: 3.57118 14.0813 116.419 0 116.419 103.338 7.06339 31.7748 160.286 0 160.286 129.512 16.6455 81.3266 250.171 0 250.171 169.844 
out-dis-uniform knn time: 3.7864 14.9816 119.933 0 119.933 105.951 7.09575 31.9247 160.685 0 160.685 129.76 16.6502 81.3824 250.292 0 250.292 169.909 
range count time: 0.00123133 4.07814 38.8665 0 0 35.7884 0.0513347 161.273 401.328 0 0.08754 240.968 0.984465 1074.8 1945.6 0 129.106 742.687 
range query time: 0.000888667 4.07814 38.8665 0 0 35.7884 0.0585697 161.273 401.328 0 0.08754 240.968 2.05102 1074.8 1945.6 0 129.106 742.687 
# Delete
## 0.001
median: (178, 0.035177)-> min: (999, 0.004471)-> max: (329, 0.0429213)-> tot: 33.4212-> avg: 0.0334207
in-dis-skewed knn time: 3.56137 14.0834 116.42 0 116.42 103.337 7.05756 31.7788 160.291 0 160.291 129.512 16.6382 81.3302 250.199 0 250.199 169.869 
out-dis-skewed knn time: 3.77074 14.987 119.945 0 119.945 105.958 7.08727 31.9364 160.727 0 160.727 129.791 16.6462 81.3998 250.381 0 250.381 169.981 
in-dis-uniform knn time: 3.57122 14.084 116.412 0 116.412 103.329 7.06433 31.785 160.303 0 160.303 129.518 16.6451 81.3419 250.223 0 250.223 169.882 
out-dis-uniform knn time: 3.78536 14.9836 119.926 0 119.926 105.942 7.10164 31.9346 160.702 0 160.702 129.767 16.6643 81.3975 250.345 0 250.345 169.947 
range count time: 0.000942333 4.07478 38.8531 0 0 35.7783 0.0524057 161.278 401.315 0 0.08844 240.949 0.988104 1074.95 1945.77 0 129.112 742.71 
range query time: 0.000985 4.07478 38.8531 0 0 35.7783 0.0590757 161.278 401.315 0 0.08844 240.949 2.06469 1074.95 1945.77 0 129.112 742.71 
# Delete
## 0.0001
median: (2051, 0.00504833)-> min: (9999, 0.000929667)-> max: (2361, 0.00910067)-> tot: 49.8505-> avg: 0.00498455
in-dis-skewed knn time: 3.5628 14.0853 116.428 0 116.428 103.343 7.05972 31.778 160.292 0 160.292 129.514 16.6253 81.3327 250.199 0 250.199 169.867 
out-dis-skewed knn time: 3.7743 14.9889 119.954 0 119.954 105.965 7.08967 31.9355 160.729 0 160.729 129.794 16.6394 81.4028 250.382 0 250.382 169.979 
in-dis-uniform knn time: 3.57314 14.0857 116.421 0 116.421 103.336 7.06706 31.7841 160.305 0 160.305 129.521 16.6411 81.3448 250.225 0 250.225 169.88 
out-dis-uniform knn time: 3.78837 14.9852 119.934 0 119.934 105.949 7.10092 31.9336 160.704 0 160.704 129.771 16.6622 81.3999 250.345 0 250.345 169.945 
range count time: 0.000953667 4.07676 38.8513 0 0 35.7746 0.0532607 161.282 401.222 0 0.08782 240.853 0.993119 1074.92 1945.74 0 129.107 742.714 
range query time: 0.00128433 4.07676 38.8513 0 0 35.7746 0.059068 161.282 401.222 0 0.08782 240.853 2.05435 1074.92 1945.74 0 129.107 742.714 

Tree: ZdTree; AugType: WithoutBox; Split: MortonCurve; BDO: 6; Inba: 30; Coord: float; 
1.in 
# Insert
## 1
median: (1, 4.98578)-> min: (1, 4.98578)-> max: (1, 4.98578)-> tot: 4.98578-> avg: 4.98578
in-dis-skewed knn time: 0.119655 0 0 0 0 0 0.199294 0 0 0 0 0 0.790952 0 0 0 0 0 
out-dis-skewed knn time: 0.121305 0 0 0 0 0 0.198371 0 0 0 0 0 0.800179 0 0 0 0 0 
in-dis-uniform knn time: 0.29886 0 0 0 0 0 0.488462 0 0 0 0 0 1.61332 0 0 0 0 0 
out-dis-uniform knn time: 0.318907 0 0 0 0 0 0.492377 0 0 0 0 0 1.57039 0 0 0 0 0 
range count time: 0.00057 0 0 0 0 0 0.00348867 0 0 0 0 0 0.131614 0 0 0 0 0 
range query time: 0.000565667 0 0 0 0 0 0.00959233 0 0 0 0 0 1.5643 0 0 0 0 0 
# Delete
## 0.1
median: (0, 0.700404)-> min: (9, 0.353878)-> max: (3, 0.828693)-> tot: 6.82548-> avg: 0.682547
in-dis-skewed knn time: 0.125544 0 0 0 0 0 0.201747 0 0 0 0 0 0.797672 0 0 0 0 0 
out-dis-skewed knn time: 0.128092 0 0 0 0 0 0.203047 0 0 0 0 0 0.808559 0 0 0 0 0 
in-dis-uniform knn time: 0.305407 0 0 0 0 0 0.503425 0 0 0 0 0 1.61798 0 0 0 0 0 
out-dis-uniform knn time: 0.327396 0 0 0 0 0 0.510278 0 0 0 0 0 1.59329 0 0 0 0 0 
range count time: 0.000503 0 0 0 0 0 0.003827 0 0 0 0 0 0.134497 0 0 0 0 0 
range query time: 0.000570333 0 0 0 0 0 0.00972867 0 0 0 0 0 1.51515 0 0 0 0 0 
# Delete
## 0.01
median: (57, 0.165459)-> min: (99, 0.0397853)-> max: (29, 0.200413)-> tot: 14.8842-> avg: 0.148842
in-dis-skewed knn time: 0.126446 0 0 0 0 0 0.203133 0 0 0 0 0 0.799833 0 0 0 0 0 
out-dis-skewed knn time: 0.127707 0 0 0 0 0 0.20389 0 0 0 0 0 0.801503 0 0 0 0 0 
in-dis-uniform knn time: 0.307206 0 0 0 0 0 0.504754 0 0 0 0 0 1.61071 0 0 0 0 0 
out-dis-uniform knn time: 0.329515 0 0 0 0 0 0.510131 0 0 0 0 0 1.58579 0 0 0 0 0 
range count time: 0.000409333 0 0 0 0 0 0.00379867 0 0 0 0 0 0.12948 0 0 0 0 0 
range query time: 0.000568 0 0 0 0 0 0.009675 0 0 0 0 0 1.47745 0 0 0 0 0 
# Delete
## 0.001
median: (806, 0.0232393)-> min: (986, 0.005721)-> max: (147, 0.031052)-> tot: 21.4996-> avg: 0.0214991
in-dis-skewed knn time: 0.127845 0 0 0 0 0 0.204508 0 0 0 0 0 0.785568 0 0 0 0 0 
out-dis-skewed knn time: 0.129875 0 0 0 0 0 0.204377 0 0 0 0 0 0.795872 0 0 0 0 0 
in-dis-uniform knn time: 0.307026 0 0 0 0 0 0.505292 0 0 0 0 0 1.61455 0 0 0 0 0 
out-dis-uniform knn time: 0.329692 0 0 0 0 0 0.512097 0 0 0 0 0 1.58956 0 0 0 0 0 
range count time: 0.000443333 0 0 0 0 0 0.003823 0 0 0 0 0 0.128256 0 0 0 0 0 
range query time: 0.000535667 0 0 0 0 0 0.00960933 0 0 0 0 0 1.4749 0 0 0 0 0 
# Delete
## 0.0001
median: (5678, 0.003403)-> min: (9669, 0.00130667)-> max: (1338, 0.0110853)-> tot: 32.606-> avg: 0.0032601
in-dis-skewed knn time: 0.128176 0 0 0 0 0 0.20559 0 0 0 0 0 0.792251 0 0 0 0 0 
out-dis-skewed knn time: 0.12864 0 0 0 0 0 0.203238 0 0 0 0 0 0.809827 0 0 0 0 0 
in-dis-uniform knn time: 0.308131 0 0 0 0 0 0.507876 0 0 0 0 0 1.61695 0 0 0 0 0 
out-dis-uniform knn time: 0.330475 0 0 0 0 0 0.51292 0 0 0 0 0 1.59294 0 0 0 0 0 
range count time: 0.000392 0 0 0 0 0 0.00391033 0 0 0 0 0 0.126921 0 0 0 0 0 
range query time: 0.000575333 0 0 0 0 0 0.00972467 0 0 0 0 0 1.4741 0 0 0 0 0 

Tree: ZdTree; AugType: WithoutBox; Split: MortonCurve; BDO: 6; Inba: 30; Coord: float; 
2_sort_by_0.in 
# Insert
## 1
median: (1, 5.36202)-> min: (1, 5.36202)-> max: (1, 5.36202)-> tot: 5.36202-> avg: 5.36202
in-dis-skewed knn time: 0.163183 0 0 0 0 0 0.307762 0 0 0 0 0 1.21668 0 0 0 0 0 
out-dis-skewed knn time: 0.112943 0 0 0 0 0 0.290098 0 0 0 0 0 2.07083 0 0 0 0 0 
in-dis-uniform knn time: 0.298058 0 0 0 0 0 0.498777 0 0 0 0 0 1.68637 0 0 0 0 0 
out-dis-uniform knn time: 0.112624 0 0 0 0 0 0.259721 0 0 0 0 0 1.84634 0 0 0 0 0 
range count time: 0.000516333 0 0 0 0 0 0.004171 0 0 0 0 0 0.139601 0 0 0 0 0 
range query time: 0.000597 0 0 0 0 0 0.009884 0 0 0 0 0 1.59212 0 0 0 0 0 
# Delete
## 0.1
median: (1, 0.355219)-> min: (2, 0.34297)-> max: (9, 0.37539)-> tot: 3.55526-> avg: 0.355525
in-dis-skewed knn time: 0.16576 0 0 0 0 0 0.305983 0 0 0 0 0 1.24201 0 0 0 0 0 
out-dis-skewed knn time: 0.122154 0 0 0 0 0 0.309243 0 0 0 0 0 2.12077 0 0 0 0 0 
in-dis-uniform knn time: 0.295003 0 0 0 0 0 0.497918 0 0 0 0 0 1.67246 0 0 0 0 0 
out-dis-uniform knn time: 0.118792 0 0 0 0 0 0.275841 0 0 0 0 0 1.88949 0 0 0 0 0 
range count time: 0.000433333 0 0 0 0 0 0.00362167 0 0 0 0 0 0.136522 0 0 0 0 0 
range query time: 0.000592333 0 0 0 0 0 0.009856 0 0 0 0 0 1.58773 0 0 0 0 0 
# Delete
## 0.01
median: (23, 0.0425387)-> min: (18, 0.03698)-> max: (81, 0.055948)-> tot: 4.37841-> avg: 0.0437836
in-dis-skewed knn time: 0.163987 0 0 0 0 0 0.305056 0 0 0 0 0 1.22135 0 0 0 0 0 
out-dis-skewed knn time: 0.123702 0 0 0 0 0 0.310377 0 0 0 0 0 2.13142 0 0 0 0 0 
in-dis-uniform knn time: 0.294177 0 0 0 0 0 0.495976 0 0 0 0 0 1.65153 0 0 0 0 0 
out-dis-uniform knn time: 0.120176 0 0 0 0 0 0.276046 0 0 0 0 0 1.89568 0 0 0 0 0 
range count time: 0.000662333 0 0 0 0 0 0.00361733 0 0 0 0 0 0.129622 0 0 0 0 0 
range query time: 0.000589 0 0 0 0 0 0.00960367 0 0 0 0 0 1.60012 0 0 0 0 0 
# Delete
## 0.001
median: (990, 0.0101763)-> min: (182, 0.00480867)-> max: (770, 0.0418767)-> tot: 11.7372-> avg: 0.0117367
in-dis-skewed knn time: 0.167706 0 0 0 0 0 0.317106 0 0 0 0 0 1.24311 0 0 0 0 0 
out-dis-skewed knn time: 0.11857 0 0 0 0 0 0.31136 0 0 0 0 0 2.13985 0 0 0 0 0 
in-dis-uniform knn time: 0.293975 0 0 0 0 0 0.496086 0 0 0 0 0 1.62703 0 0 0 0 0 
out-dis-uniform knn time: 0.119801 0 0 0 0 0 0.275926 0 0 0 0 0 1.90882 0 0 0 0 0 
range count time: 0.000357 0 0 0 0 0 0.003681 0 0 0 0 0 0.123081 0 0 0 0 0 
range query time: 0.000556333 0 0 0 0 0 0.009804 0 0 0 0 0 1.54247 0 0 0 0 0 
# Delete
## 0.0001
median: (7777, 0.00196033)-> min: (4374, 0.000991667)-> max: (9507, 0.0230503)-> tot: 28.0871-> avg: 0.00280821
in-dis-skewed knn time: 0.167571 0 0 0 0 0 0.31809 0 0 0 0 0 1.24904 0 0 0 0 0 
out-dis-skewed knn time: 0.118849 0 0 0 0 0 0.308369 0 0 0 0 0 2.15038 0 0 0 0 0 
in-dis-uniform knn time: 0.296445 0 0 0 0 0 0.497061 0 0 0 0 0 1.63152 0 0 0 0 0 
out-dis-uniform knn time: 0.120033 0 0 0 0 0 0.275123 0 0 0 0 0 1.92138 0 0 0 0 0 
range count time: 0.000433333 0 0 0 0 0 0.00374333 0 0 0 0 0 0.120292 0 0 0 0 0 
range query time: 0.000512 0 0 0 0 0 0.010097 0 0 0 0 0 1.41515 0 0 0 0 0 

Tree: ZdTree; AugType: WithoutBox; Split: MortonCurve; BDO: 6; Inba: 30; Coord: float; 
2.in 
# Insert
## 1
median: (1, 4.87423)-> min: (1, 4.87423)-> max: (1, 4.87423)-> tot: 4.87423-> avg: 4.87423
in-dis-skewed knn time: 0.295962 0 0 0 0 0 0.503178 0 0 0 0 0 1.61004 0 0 0 0 0 
out-dis-skewed knn time: 0.322452 0 0 0 0 0 0.49646 0 0 0 0 0 1.56871 0 0 0 0 0 
in-dis-uniform knn time: 0.287211 0 0 0 0 0 0.480027 0 0 0 0 0 1.53954 0 0 0 0 0 
out-dis-uniform knn time: 0.321083 0 0 0 0 0 0.488111 0 0 0 0 0 1.52364 0 0 0 0 0 
range count time: 0.000557667 0 0 0 0 0 0.00388333 0 0 0 0 0 0.142196 0 0 0 0 0 
range query time: 0.000642667 0 0 0 0 0 0.0109047 0 0 0 0 0 1.58186 0 0 0 0 0 
# Delete
## 0.1
median: (2, 0.738126)-> min: (9, 0.349283)-> max: (0, 1.03683)-> tot: 7.06992-> avg: 0.706991
in-dis-skewed knn time: 0.300514 0 0 0 0 0 0.517649 0 0 0 0 0 1.60805 0 0 0 0 0 
out-dis-skewed knn time: 0.331371 0 0 0 0 0 0.516573 0 0 0 0 0 1.57814 0 0 0 0 0 
in-dis-uniform knn time: 0.293309 0 0 0 0 0 0.497626 0 0 0 0 0 1.54994 0 0 0 0 0 
out-dis-uniform knn time: 0.326085 0 0 0 0 0 0.504407 0 0 0 0 0 1.53667 0 0 0 0 0 
range count time: 0.000437667 0 0 0 0 0 0.004183 0 0 0 0 0 0.142999 0 0 0 0 0 
range query time: 0.000515667 0 0 0 0 0 0.0104983 0 0 0 0 0 1.51357 0 0 0 0 0 
# Delete
## 0.01
median: (75, 0.189274)-> min: (99, 0.0387013)-> max: (0, 0.253191)-> tot: 18.0297-> avg: 0.180296
in-dis-skewed knn time: 0.302713 0 0 0 0 0 0.516794 0 0 0 0 0 1.59316 0 0 0 0 0 
out-dis-skewed knn time: 0.333382 0 0 0 0 0 0.515363 0 0 0 0 0 1.56442 0 0 0 0 0 
in-dis-uniform knn time: 0.295278 0 0 0 0 0 0.497966 0 0 0 0 0 1.53829 0 0 0 0 0 
out-dis-uniform knn time: 0.328093 0 0 0 0 0 0.504597 0 0 0 0 0 1.52424 0 0 0 0 0 
range count time: 0.000439667 0 0 0 0 0 0.00419933 0 0 0 0 0 0.137398 0 0 0 0 0 
range query time: 0.000487667 0 0 0 0 0 0.0105783 0 0 0 0 0 1.47927 0 0 0 0 0 
# Delete
## 0.001
median: (433, 0.0344607)-> min: (999, 0.00639067)-> max: (0, 0.0496973)-> tot: 32.9148-> avg: 0.0329143
in-dis-skewed knn time: 0.303717 0 0 0 0 0 0.519646 0 0 0 0 0 1.60522 0 0 0 0 0 
out-dis-skewed knn time: 0.334081 0 0 0 0 0 0.51885 0 0 0 0 0 1.57783 0 0 0 0 0 
in-dis-uniform knn time: 0.295851 0 0 0 0 0 0.501875 0 0 0 0 0 1.55238 0 0 0 0 0 
out-dis-uniform knn time: 0.330205 0 0 0 0 0 0.508603 0 0 0 0 0 1.53979 0 0 0 0 0 
range count time: 0.000376333 0 0 0 0 0 0.00418867 0 0 0 0 0 0.137359 0 0 0 0 0 
range query time: 0.000569667 0 0 0 0 0 0.010551 0 0 0 0 0 1.47769 0 0 0 0 0 
# Delete
## 0.0001
median: (5188, 0.005498)-> min: (9999, 0.00164567)-> max: (6, 0.0163357)-> tot: 54.2007-> avg: 0.00541957
in-dis-skewed knn time: 0.304524 0 0 0 0 0 0.520408 0 0 0 0 0 1.6099 0 0 0 0 0 
out-dis-skewed knn time: 0.335712 0 0 0 0 0 0.520342 0 0 0 0 0 1.58415 0 0 0 0 0 
in-dis-uniform knn time: 0.296807 0 0 0 0 0 0.50327 0 0 0 0 0 1.5604 0 0 0 0 0 
out-dis-uniform knn time: 0.332491 0 0 0 0 0 0.510678 0 0 0 0 0 1.54801 0 0 0 0 0 
range count time: 0.000446333 0 0 0 0 0 0.00445667 0 0 0 0 0 0.137346 0 0 0 0 0 
range query time: 0.000557333 0 0 0 0 0 0.0105077 0 0 0 0 0 1.48146 0 0 0 0 0 

