Tree: CPAM; AugType: HasBox; Split: MortonCurve; BDO: 6; Inba: 30; Coord: integer; 
1.in 
# Insert
## 1
median: (1, 9.71862)-> min: (1, 9.71862)-> max: (1, 9.71862)-> tot: 9.71862-> avg: 9.71862
in-dis-skewed knn time: 1.15326 29.0741 262.459 0 262.459 234.385 4.61433 86.4208 470.732 0 470.732 385.311 25.6412 251.407 756.089 0 756.089 505.681 
out-dis-skewed knn time: 0.378349 10.9828 121.958 0 121.958 111.976 1.21148 40.8143 275.969 0 275.969 236.154 7.99911 91.6922 327.906 0 327.906 237.214 
in-dis-uniform knn time: 5.5685 25.3594 245.638 0 245.638 221.278 14.0477 80.8965 457.193 0 457.193 377.296 33.9207 211.525 652.745 0 652.745 442.22 
out-dis-uniform knn time: 0.369812 7.8302 123.945 0 123.945 117.114 0.589805 13.0714 141.417 0 141.417 129.345 3.21067 35.3325 178.772 0 178.772 144.44 
range count time: 0.000899333 0 0 0 0 0 0.00423433 0 0 0 0 0 0.228161 0 0 0 0 0 
range query time: 0.000837333 0 0 0 0 0 0.00941433 0 0 0 0 0 1.41563 0 0 0 0 0 
# Delete
## 0.1
median: (2, 1.39122)-> min: (7, 1.35849)-> max: (6, 1.47662)-> tot: 14.0485-> avg: 1.40485
in-dis-skewed knn time: 1.16858 28.7181 263.048 0 263.048 235.33 4.73162 87.047 465.171 0 465.171 379.124 25.5552 244.608 721.566 0 721.566 477.958 
out-dis-skewed knn time: 0.409682 10.003 141.907 0 141.907 132.904 2.59553 73.5782 650.062 0 650.062 577.483 19.9543 230.571 894.452 0 894.452 664.881 
in-dis-uniform knn time: 5.64114 25.121 241.721 0 241.721 217.6 14.2595 78.458 438.057 0 438.057 360.599 34.5583 196.489 606.806 0 606.806 411.318 
out-dis-uniform knn time: 0.346688 6.65393 118.38 0 118.38 112.727 0.693541 14.5222 160.86 0 160.86 147.338 3.75298 38.1725 204.102 0 204.102 166.929 
range count time: 0.000941333 0 0 0 0 0 0.00445367 0 0 0 0 0 0.245478 0 0 0 0 0 
range query time: 0.000941667 0 0 0 0 0 0.00955967 0 0 0 0 0 1.44021 0 0 0 0 0 
# Delete
## 0.01
median: (47, 0.107861)-> min: (27, 0.090989)-> max: (55, 0.132209)-> tot: 10.8439-> avg: 0.108438
in-dis-skewed knn time: 1.1932 28.7181 263.048 0 263.048 235.33 4.87043 87.047 465.171 0 465.171 379.124 26.096 244.608 721.566 0 721.566 477.958 
out-dis-skewed knn time: 0.406329 10.0032 141.902 0 141.902 132.898 2.70564 73.5779 650.055 0 650.055 577.477 20.3732 230.57 894.445 0 894.445 664.874 
in-dis-uniform knn time: 5.33981 25.121 241.727 0 241.727 217.606 13.3933 78.4617 438.104 0 438.104 360.642 34.1764 196.507 606.875 0 606.875 411.368 
out-dis-uniform knn time: 0.358654 6.65393 118.081 0 118.081 112.427 0.724407 14.5222 160.56 0 160.56 147.038 3.82428 38.1725 203.803 0 203.803 166.63 
range count time: 0.000943 0 0 0 0 0 0.00467567 0 0 0 0 0 0.244295 0 0 0 0 0 
range query time: 0.000900333 0 0 0 0 0 0.010029 0 0 0 0 0 1.46484 0 0 0 0 0 
# Delete
## 0.001
median: (929, 0.008478)-> min: (73, 0.00737567)-> max: (548, 0.013867)-> tot: 8.74575-> avg: 0.00874526
in-dis-skewed knn time: 1.23323 28.7181 264.048 0 264.048 236.33 5.07304 87.047 466.171 0 466.171 380.124 26.2435 244.608 722.566 0 722.566 478.958 
out-dis-skewed knn time: 0.410471 10.0026 140.869 0 140.869 131.867 2.83562 73.5748 631.14 0 631.14 558.566 19.212 211.718 840.822 0 840.822 630.104 
in-dis-uniform knn time: 5.30745 25.1195 242.118 0 242.118 217.998 13.2488 78.458 438.503 0 438.503 361.045 33.9696 196.583 607.408 0 607.408 411.825 
out-dis-uniform knn time: 0.361734 6.65413 116.258 0 116.258 110.604 0.748744 14.5227 159.291 0 159.291 145.769 3.81785 37.4918 200.989 0 200.989 164.498 
range count time: 0.000957333 0 0 0 0 0 0.00475433 0 0 0 0 0 0.237269 0 0 0 0 0 
range query time: 0.000878333 0 0 0 0 0 0.00978133 0 0 0 0 0 1.4855 0 0 0 0 0 
# Delete
## 0.0001
median: (8909, 0.00196833)-> min: (2397, 0.00155467)-> max: (5473, 0.006532)-> tot: 20.1922-> avg: 0.00201872
in-dis-skewed knn time: 1.23875 28.7181 264.048 0 264.048 236.33 5.08419 87.047 466.171 0 466.171 380.124 26.312 244.608 722.566 0 722.566 478.958 
out-dis-skewed knn time: 0.409163 10.0026 140.869 0 140.869 131.867 2.85615 73.5748 631.14 0 631.14 558.566 19.1869 211.718 840.822 0 840.822 630.104 
in-dis-uniform knn time: 5.31269 25.1335 242.225 0 242.225 218.092 13.2741 78.4899 438.713 0 438.713 361.223 34.0314 196.648 607.668 0 607.668 412.02 
out-dis-uniform knn time: 0.364442 6.65328 115.937 0 115.937 110.284 0.751173 14.527 158.987 0 158.987 145.46 3.82888 37.4906 200.678 0 200.678 164.187 
range count time: 0.000946667 0 0 0 0 0 0.00473067 0 0 0 0 0 0.236951 0 0 0 0 0 
range query time: 0.000919 0 0 0 0 0 0.00988567 0 0 0 0 0 1.48452 0 0 0 0 0 

Tree: CPAM; AugType: HasBox; Split: MortonCurve; BDO: 6; Inba: 30; Coord: integer; 
2_sort_by_0.in 
# Insert
## 1
median: (1, 10.0905)-> min: (1, 10.0905)-> max: (1, 10.0905)-> tot: 10.0905-> avg: 10.0905
in-dis-skewed knn time: 1.3726 7.971 69.7383 0 69.7383 62.7673 2.64661 16.1377 84.834 0 84.834 69.6963 6.00643 33.5273 105.539 0 105.539 73.0112 
out-dis-skewed knn time: 0.344953 4.30917 77.6274 0 77.6274 74.3182 1.03835 19.4272 119.104 0 119.104 100.677 4.12646 61.7946 201.881 0 201.881 141.086 
in-dis-uniform knn time: 4.58722 18.6298 187.542 0 187.542 169.912 11.4264 55.6464 316.767 0 316.767 262.121 26.3804 140.118 438.721 0 438.721 299.603 
out-dis-uniform knn time: 0.364178 4.50617 78.5481 0 78.5481 75.0419 0.974967 17.0342 110.844 0 110.844 94.8099 3.76154 51.163 174.606 0 174.606 124.443 
range count time: 0.000854333 0 0 0 0 0 0.006871 0 0 0 0 0 0.291958 0 0 0 0 0 
range query time: 0.000677333 0 0 0 0 0 0.0119603 0 0 0 0 0 1.47092 0 0 0 0 0 
# Delete
## 0.1
median: (4, 1.44436)-> min: (9, 1.33904)-> max: (6, 1.53914)-> tot: 14.3534-> avg: 1.43534
in-dis-skewed knn time: 1.41258 7.96805 70.4456 0 70.4456 63.4775 2.77604 16.2648 85.73 0 85.73 70.4652 6.22699 33.6743 106.409 0 106.409 73.735 
out-dis-skewed knn time: 0.382737 4.63383 78.5953 0 78.5953 74.9615 1.14018 20.1848 124.311 0 124.311 105.126 4.49682 65.5016 218.507 0 218.507 154.005 
in-dis-uniform knn time: 4.73963 18.7636 188.645 0 188.645 170.881 11.8248 55.6693 315.091 0 315.091 260.422 27.5275 140.447 438.324 0 438.324 298.877 
out-dis-uniform knn time: 0.408949 4.99545 80.5346 0 80.5346 76.5391 1.08501 17.9614 116.189 0 116.189 99.2278 4.07486 54.4803 188.164 0 188.164 134.683 
range count time: 0.000803667 0 0 0 0 0 0.00711433 0 0 0 0 0 0.308421 0 0 0 0 0 
range query time: 0.000666 0 0 0 0 0 0.012115 0 0 0 0 0 1.4898 0 0 0 0 0 
# Delete
## 0.01
median: (46, 0.108104)-> min: (0, 0.0928877)-> max: (60, 0.122214)-> tot: 10.7183-> avg: 0.107182
in-dis-skewed knn time: 1.38163 7.96798 70.2406 0 70.2406 63.2726 2.70741 16.2649 85.5254 0 85.5254 70.2606 6.39516 33.6758 106.205 0 106.205 73.529 
out-dis-skewed knn time: 0.388361 4.60273 76.8406 0 76.8406 73.2379 1.20561 20.0992 122.487 0 122.487 103.388 4.54672 64.7017 216.054 0 216.054 152.352 
in-dis-uniform knn time: 4.51695 18.872 189.578 0 189.578 171.706 11.2255 55.9995 315.076 0 315.076 260.076 27.2326 140.373 437.587 0 437.587 298.214 
out-dis-uniform knn time: 0.425934 4.98034 78.7226 0 78.7226 74.7423 1.14525 17.8723 114.272 0 114.272 97.3993 4.10771 53.7691 185.861 0 185.861 133.092 
range count time: 0.00255467 0 0 0 0 0 0.00752367 0 0 0 0 0 0.313342 0 0 0 0 0 
range query time: 0.000675 0 0 0 0 0 0.01365 0 0 0 0 0 1.51538 0 0 0 0 0 
# Delete
## 0.001
median: (411, 0.00843333)-> min: (779, 0.00773267)-> max: (937, 0.0141533)-> tot: 8.52026-> avg: 0.00851977
in-dis-skewed knn time: 1.41207 7.96879 70.1238 0 70.1238 63.155 2.69601 16.2591 85.3991 0 85.3991 70.14 6.37649 33.6628 106.081 0 106.081 73.4185 
out-dis-skewed knn time: 0.401429 4.67391 74.3402 0 74.3402 70.6663 1.22554 19.8361 118.344 0 118.344 99.5078 4.56237 63.8155 209.632 0 209.632 146.816 
in-dis-uniform knn time: 4.47457 18.8423 188.797 0 188.797 170.955 10.9906 55.5072 312.322 0 312.322 257.814 26.6018 138.654 432.766 0 432.766 295.112 
out-dis-uniform knn time: 0.417353 4.97773 76.2513 0 76.2513 72.2736 1.12016 17.6893 110.617 0 110.617 93.9274 4.09179 52.7741 180.41 0 180.41 128.636 
range count time: 0.000775667 0 0 0 0 0 0.00791433 0 0 0 0 0 0.302335 0 0 0 0 0 
range query time: 0.000675 0 0 0 0 0 0.013002 0 0 0 0 0 1.53988 0 0 0 0 0 
# Delete
## 0.0001
median: (5878, 0.00226067)-> min: (6626, 0.00168067)-> max: (3849, 0.006759)-> tot: 22.7347-> avg: 0.00227297
in-dis-skewed knn time: 1.37883 7.96863 70.1068 0 70.1068 63.1382 2.70993 16.2481 85.3664 0 85.3664 70.1183 6.35996 33.6565 106.045 0 106.045 73.3883 
out-dis-skewed knn time: 0.389503 4.61241 72.7342 0 72.7342 69.1218 1.17705 19.5569 115.136 0 115.136 96.5789 4.50462 62.7429 202.606 0 202.606 140.863 
in-dis-uniform knn time: 4.47286 18.8635 188.495 0 188.495 170.631 10.9853 55.4006 311.472 0 311.472 257.072 26.6056 138.461 432.131 0 432.131 294.67 
out-dis-uniform knn time: 0.425693 4.90896 74.6233 0 74.6233 70.7143 1.14626 17.41 107.843 0 107.843 91.4326 4.04743 51.9696 174.92 0 174.92 123.951 
range count time: 0.000761 0 0 0 0 0 0.00831233 0 0 0 0 0 0.300236 0 0 0 0 0 
range query time: 0.000682333 0 0 0 0 0 0.012858 0 0 0 0 0 1.54153 0 0 0 0 0 

Tree: CPAM; AugType: HasBox; Split: MortonCurve; BDO: 6; Inba: 30; Coord: integer; 
2.in 
# Insert
## 1
median: (1, 11.0093)-> min: (1, 11.0093)-> max: (1, 11.0093)-> tot: 11.0093-> avg: 11.0093
in-dis-skewed knn time: 4.73192 20.2791 210.266 0 210.266 190.987 11.8806 60.4154 348.862 0 348.862 289.447 27.683 151.874 484.432 0 484.432 333.558 
out-dis-skewed knn time: 4.7931 20.5553 210.953 0 210.953 191.398 11.9391 60.4781 349.018 0 349.018 289.54 27.7644 151.9 484.502 0 484.502 333.602 
in-dis-uniform knn time: 4.73372 20.2782 210.253 0 210.253 190.975 11.9391 60.4132 348.83 0 348.83 289.416 27.7937 151.852 484.374 0 484.374 333.522 
out-dis-uniform knn time: 4.80943 20.5559 210.987 0 210.987 191.431 11.9721 60.4648 348.959 0 348.959 289.494 27.8363 151.875 484.422 0 484.422 333.547 
range count time: 0.000822667 0 0 0 0 0 0.006743 0 0 0 0 0 0.308854 0 0 0 0 0 
range query time: 0.000824333 0 0 0 0 0 0.011779 0 0 0 0 0 1.45201 0 0 0 0 0 
# Delete
## 0.1
median: (5, 1.67773)-> min: (9, 1.30981)-> max: (2, 1.91237)-> tot: 16.6812-> avg: 1.66812
in-dis-skewed knn time: 4.60323 20.0675 211.049 0 211.049 191.982 11.4776 60.303 348.36 0 348.36 289.057 27.9063 150.879 482.297 0 482.297 332.418 
out-dis-skewed knn time: 4.6878 20.3496 211.759 0 211.759 192.41 11.5605 60.3685 348.516 0 348.516 289.148 27.9933 150.912 482.358 0 482.358 332.447 
in-dis-uniform knn time: 4.63782 20.0695 211.051 0 211.051 191.982 11.5728 60.2998 348.327 0 348.327 289.028 28.0324 150.86 482.238 0 482.238 332.378 
out-dis-uniform knn time: 4.7115 20.3493 211.787 0 211.787 192.438 11.596 60.3574 348.467 0 348.467 289.11 28.0596 150.889 482.289 0 482.289 332.4 
range count time: 0.0009 0 0 0 0 0 0.00779267 0 0 0 0 0 0.327332 0 0 0 0 0 
range query time: 0.000771667 0 0 0 0 0 0.012542 0 0 0 0 0 1.52476 0 0 0 0 0 
# Delete
## 0.01
median: (49, 0.386109)-> min: (99, 0.094482)-> max: (0, 0.629041)-> tot: 38.4404-> avg: 0.384404
in-dis-skewed knn time: 4.60013 20.0163 210.793 0 210.793 191.777 11.4559 60.1587 347.657 0 347.657 288.499 27.8544 150.611 481.444 0 481.444 331.833 
out-dis-skewed knn time: 4.68366 20.2988 211.504 0 211.504 192.206 11.5384 60.225 347.816 0 347.816 288.591 27.9462 150.645 481.508 0 481.508 331.864 
in-dis-uniform knn time: 4.63234 20.0184 210.793 0 210.793 191.775 11.5486 60.1547 347.624 0 347.624 288.47 27.9887 150.592 481.388 0 481.388 331.796 
out-dis-uniform knn time: 4.70549 20.2977 211.527 0 211.527 192.229 11.5794 60.2132 347.766 0 347.766 288.553 28.0173 150.62 481.438 0 481.438 331.817 
range count time: 0.000842333 0 0 0 0 0 0.007777 0 0 0 0 0 0.325496 0 0 0 0 0 
range query time: 0.000762 0 0 0 0 0 0.012628 0 0 0 0 0 1.52703 0 0 0 0 0 
# Delete
## 0.001
median: (246, 0.114448)-> min: (999, 0.00815267)-> max: (361, 0.144855)-> tot: 106.254-> avg: 0.106253
in-dis-skewed knn time: 4.59431 20.0243 210.793 0 210.793 191.769 11.4411 60.178 347.68 0 347.68 288.502 27.8261 150.563 481.418 0 481.418 331.855 
out-dis-skewed knn time: 4.68 20.307 211.504 0 211.504 192.197 11.532 60.2443 347.839 0 347.839 288.594 27.9121 150.596 481.48 0 481.48 331.884 
in-dis-uniform knn time: 4.63045 20.0265 210.794 0 210.794 191.767 11.5393 60.1744 347.648 0 347.648 288.474 27.9495 150.543 481.361 0 481.361 331.817 
out-dis-uniform knn time: 4.70342 20.3057 211.527 0 211.527 192.221 11.5615 60.2326 347.788 0 347.788 288.556 27.9744 150.572 481.41 0 481.41 331.838 
range count time: 0.000879 0 0 0 0 0 0.007894 0 0 0 0 0 0.326197 0 0 0 0 0 
range query time: 0.000742333 0 0 0 0 0 0.0126253 0 0 0 0 0 1.52873 0 0 0 0 0 
# Delete
## 0.0001
median: (1055, 0.01566)-> min: (9999, 0.00160233)-> max: (3648, 0.0224723)-> tot: 156.594-> avg: 0.0156589
in-dis-skewed knn time: 4.59896 20.0209 210.795 0 210.795 191.774 11.4587 60.1701 347.666 0 347.666 288.496 27.8404 150.549 481.412 0 481.412 331.863 
out-dis-skewed knn time: 4.68234 20.3034 211.505 0 211.505 192.202 11.5414 60.2362 347.824 0 347.824 288.588 27.9204 150.581 481.474 0 481.474 331.893 
in-dis-uniform knn time: 4.63198 20.023 210.795 0 210.795 191.772 11.5473 60.1662 347.633 0 347.633 288.467 27.967 150.529 481.355 0 481.355 331.826 
out-dis-uniform knn time: 4.7054 20.3024 211.529 0 211.529 192.227 11.575 60.2247 347.774 0 347.774 288.549 28.0101 150.558 481.405 0 481.405 331.847 
range count time: 0.000833 0 0 0 0 0 0.00782733 0 0 0 0 0 0.32546 0 0 0 0 0 
range query time: 0.000761667 0 0 0 0 0 0.0126003 0 0 0 0 0 1.52432 0 0 0 0 0 

