Tree: PTree; AugType: HasBox; Split: HilbertCurve; BDO: 6; Inba: 30; Coord: integer; 
1.in 
# Insert
## 1
median: (1, 3.37178)-> min: (1, 3.37178)-> max: (1, 3.37178)-> tot: 3.37178-> avg: 3.37178
in-dis-skewed knn time: 0.834181 25.8084 203.082 0 203.082 178.274 2.33086 58.2378 280.752 0 280.752 223.514 10.1514 141.297 423.405 0 423.405 283.108 
out-dis-skewed knn time: 0.590949 19.709 154.028 0 154.028 135.319 1.58907 42.3984 207.892 0 207.892 166.493 7.172 108.112 326.832 0 326.832 219.719 
in-dis-uniform knn time: 4.79685 20.2916 161.851 0 161.851 142.559 10.2004 48.5996 233.061 0 233.061 185.461 24.1299 121.651 363.478 0 363.478 242.826 
out-dis-uniform knn time: 4.55342 19.4909 154.351 0 154.351 135.86 9.27249 44.2617 215.986 0 215.986 172.725 22.2056 111.844 339.031 0 339.031 228.187 
range count time: 0.00121933 4.19174 42.413 0 0 39.2212 0.00808233 45.5873 135.513 0 0.38456 90.5416 0.833065 907.001 1660.24 0 125.014 629.224 
range query time: 0.000927667 4.19174 42.413 0 0 39.2212 0.013166 45.5873 135.513 0 0.38456 90.5416 1.8417 907.001 1660.24 0 125.014 629.224 
# Insert
## 0.1
median: (5, 0.399283)-> min: (0, 0.305276)-> max: (8, 0.431617)-> tot: 3.80476-> avg: 0.380476
in-dis-skewed knn time: 0.596699 18.4745 147.57 0 147.57 130.096 1.69981 43.6206 208.822 0 208.822 166.202 7.3932 105.489 309.183 0 309.183 204.694 
out-dis-skewed knn time: 0.554793 17.0238 141.263 0 141.263 125.239 1.48255 37.7316 193.263 0 193.263 156.531 6.61537 96.7179 301.117 0 301.117 205.399 
in-dis-uniform knn time: 4.63513 20.6917 171.808 0 171.808 152.117 10.1381 54.0776 265.669 0 265.669 212.592 24.659 138.075 415.771 0 415.771 278.696 
out-dis-uniform knn time: 4.4619 19.6799 160.826 0 160.826 142.146 9.19062 48.1875 239.334 0 239.334 192.146 22.3754 123.544 375.647 0 375.647 253.103 
range count time: 0.00180667 4.25886 40.7479 0 0 37.4891 0.00874033 47.0449 138.42 0 0.44238 91.9332 0.845201 947.991 1768.78 0 139.537 682.256 
range query time: 0.00102367 4.25886 40.7479 0 0 37.4891 0.0143823 47.0449 138.42 0 0.44238 91.9332 1.96955 947.991 1768.78 0 139.537 682.256 
# Insert
## 0.01
median: (56, 0.0450283)-> min: (5, 0.0315237)-> max: (91, 0.0569553)-> tot: 4.3973-> avg: 0.0439725
in-dis-skewed knn time: 0.725944 20.5901 170.981 0 170.981 151.391 2.23143 50.5859 254.609 0 254.609 205.023 9.87885 122.244 375.777 0 375.777 254.533 
out-dis-skewed knn time: 0.652717 19.4393 165.549 0 165.549 147.11 1.77548 44.5292 230.741 0 230.741 187.212 7.74795 113.168 361.871 0 361.871 249.703 
in-dis-uniform knn time: 5.28551 24.3033 201.703 0 201.703 178.4 11.5316 62.6317 311.082 0 311.082 249.451 28.1374 159.585 487.071 0 487.071 328.486 
out-dis-uniform knn time: 5.08524 23.2221 189.945 0 189.945 167.723 10.58 57.2159 286.265 0 286.265 230.049 25.9289 146.616 450.73 0 450.73 305.114 
range count time: 0.001313 4.2669 41.0782 0 0 37.8113 0.00893 47.2465 140.121 0 0.44036 93.4339 0.849271 939.278 1757.25 0 136.038 682.929 
range query time: 0.001136 4.2669 41.0782 0 0 37.8113 0.0142717 47.2465 140.121 0 0.44036 93.4339 1.9817 939.278 1757.25 0 136.038 682.929 
# Insert
## 0.001
median: (539, 0.00568133)-> min: (27, 0.00408233)-> max: (650, 0.00879533)-> tot: 5.66359-> avg: 0.00566308
in-dis-skewed knn time: 0.675842 19.8731 165.298 0 165.298 146.425 2.4712 57.2314 284.817 0 284.817 228.586 10.9603 140.888 427.114 0 427.114 287.226 
out-dis-skewed knn time: 0.558827 17.3782 140.094 0 140.094 123.715 1.66282 42.6063 210.99 0 210.99 169.384 7.42592 109.113 330.177 0 330.177 222.064 
in-dis-uniform knn time: 4.90866 21.2298 174.125 0 174.125 153.895 10.5965 53.266 260.979 0 260.979 208.713 25.4132 135.22 407.687 0 407.687 273.467 
out-dis-uniform knn time: 4.73346 20.4791 165.72 0 165.72 146.241 9.63955 48.0739 238.653 0 238.653 191.579 23.1963 123.104 374.873 0 374.873 252.769 
range count time: 0.00100933 4.26782 42.7627 0 0 39.4949 0.00942633 47.3074 141.873 0 0.4397 95.1257 0.846363 941.025 1763.22 0 136.993 686.205 
range query time: 0.001003 4.26782 42.7627 0 0 39.4949 0.0143163 47.3074 141.873 0 0.4397 95.1257 1.98685 941.025 1763.22 0 136.993 686.205 
# Insert
## 0.0001
median: (8564, 0.001055)-> min: (89, 0.000794667)-> max: (7627, 0.00540733)-> tot: 10.7708-> avg: 0.00107658
in-dis-skewed knn time: 0.667313 19.5571 163.288 0 163.288 144.731 2.51461 58.4754 291.586 0 291.586 234.111 11.2108 145.292 441.114 0 441.114 296.822 
out-dis-skewed knn time: 0.575831 18.0102 143.735 0 143.735 126.724 1.58897 40.6911 202.76 0 202.76 163.069 7.12264 103.95 315.295 0 315.295 212.345 
in-dis-uniform knn time: 4.7992 20.4422 168.331 0 168.331 148.889 10.5231 52.6647 257.921 0 257.921 206.256 25.2599 134.363 404.665 0 404.665 271.302 
out-dis-uniform knn time: 4.6355 19.7233 160.244 0 160.244 141.52 9.62289 47.7376 237.112 0 237.112 190.374 23.1529 122.199 372.655 0 372.655 251.455 
range count time: 0.000991333 4.25242 42.6478 0 0 39.3954 0.009178 47.3747 141.083 0 0.43304 94.2758 0.846501 942.636 1770.01 0 137.375 690.999 
range query time: 0.00104 4.25242 42.6478 0 0 39.3954 0.0141533 47.3747 141.083 0 0.43304 94.2758 1.98213 942.636 1770.01 0 137.375 690.999 

Tree: PTree; AugType: HasBox; Split: HilbertCurve; BDO: 6; Inba: 30; Coord: integer; 
2_sort_by_0.in 
# Insert
## 1
median: (1, 3.90261)-> min: (1, 3.90261)-> max: (1, 3.90261)-> tot: 3.90261-> avg: 3.90261
in-dis-skewed knn time: 1.78294 11.7752 91.167 0 91.167 80.3919 3.84001 25.4654 119.738 0 119.738 95.2727 9.84744 61.9117 180.035 0 180.035 119.123 
out-dis-skewed knn time: 0.461559 6.78633 71.7014 0 71.7014 65.915 1.03722 14.1504 100.593 0 100.593 87.4431 7.70853 61.3841 206.36 0 206.36 145.976 
in-dis-uniform knn time: 3.53978 13.7114 106.333 0 106.333 93.6214 6.88356 29.7248 143.841 0 143.841 115.116 15.7837 73.6867 223.118 0 223.118 150.432 
out-dis-uniform knn time: 0.504547 6.84379 70.4062 0 70.4062 64.5625 1.31025 14.8983 97.6544 0 97.6544 83.7561 8.55669 61.7751 193.847 0 193.847 133.072 
range count time: 0.00074 3.43098 34.3885 0 0 31.9575 0.0577043 167.032 406.663 0 0.08862 240.542 1.13193 1210.24 2135.26 0 116.74 809.28 
range query time: 0.000753333 3.43098 34.3885 0 0 31.9575 0.0649897 167.032 406.663 0 0.08862 240.542 2.01536 1210.24 2135.26 0 116.74 809.28 
# Insert
## 0.1
median: (3, 0.3759)-> min: (0, 0.369385)-> max: (8, 0.380636)-> tot: 3.75458-> avg: 0.375457
in-dis-skewed knn time: 1.54314 10.9736 84.6847 0 84.6847 74.7112 3.51483 25.3533 115.157 0 115.157 90.8035 9.47651 64.2115 177.831 0 177.831 114.619 
out-dis-skewed knn time: 0.463187 6.45404 68.838 0 68.838 63.3839 1.00695 13.3484 96.5408 0 96.5408 84.1924 7.38327 58.1098 199.37 0 199.37 142.26 
in-dis-uniform knn time: 3.19594 12.8751 101.906 0 101.906 90.0309 6.39408 29.1627 140.892 0 140.892 112.729 15.1013 74.179 221.404 0 221.404 148.225 
out-dis-uniform knn time: 0.490787 6.42506 67.3015 0 67.3015 61.8765 1.21927 13.9058 93.4052 0 93.4052 80.4994 8.20769 58.7674 187.592 0 187.592 129.825 
range count time: 0.000739 3.65818 36.219 0 0 33.5609 0.062746 181.104 434.738 0 0.13166 254.502 1.15699 1285.2 2266.99 0 131.858 850.932 
range query time: 0.000810667 3.65818 36.219 0 0 33.5609 0.0720993 181.104 434.738 0 0.13166 254.502 2.07248 1285.2 2266.99 0 131.858 850.932 
# Insert
## 0.01
median: (8, 0.039879)-> min: (9, 0.038411)-> max: (47, 0.0459833)-> tot: 4.02806-> avg: 0.0402801
in-dis-skewed knn time: 1.82451 11.1231 89.5599 0 89.5599 79.4368 4.05152 26.3955 130.311 0 130.311 104.916 10.5313 65.3493 196.88 0 196.88 132.53 
out-dis-skewed knn time: 0.512079 6.36723 70.0505 0 70.0505 64.6833 1.08458 13.2627 98.0123 0 98.0123 85.7496 7.30615 58.3766 201.408 0 201.408 144.031 
in-dis-uniform knn time: 3.29716 13.3671 108.453 0 108.453 96.0864 6.58122 30.5921 151.357 0 151.357 121.765 15.4728 77.8496 237.292 0 237.292 160.442 
out-dis-uniform knn time: 0.534564 6.31793 68.162 0 68.162 62.8441 1.24155 13.6506 93.9345 0 93.9345 81.2839 8.03602 58.4668 187.3 0 187.3 129.834 
range count time: 0.00111067 3.5068 38.3916 0 0 35.8848 0.0589297 171.694 419.572 0 0.10086 248.777 1.15166 1251.26 2209.31 0 125.196 833.854 
range query time: 0.000741667 3.5068 38.3916 0 0 35.8848 0.0683553 171.694 419.572 0 0.10086 248.777 2.1509 1251.26 2209.31 0 125.196 833.854 
# Insert
## 0.001
median: (945, 0.005746)-> min: (213, 0.005043)-> max: (535, 0.011211)-> tot: 5.80932-> avg: 0.00580883
in-dis-skewed knn time: 2.06645 14.274 121.17 0 121.17 107.896 5.34953 44.2093 218.772 0 218.772 175.563 16.1658 128.99 374.731 0 374.731 246.741 
out-dis-skewed knn time: 0.794413 9.55514 108.122 0 108.122 99.5671 1.69147 21.8259 152.231 0 152.231 131.405 8.9905 82.8515 290.817 0 290.817 208.966 
in-dis-uniform knn time: 4.30028 18.1225 159.827 0 159.827 142.704 10.0706 52.1698 269.454 0 269.454 218.284 27.2191 158.547 472.737 0 472.737 315.19 
out-dis-uniform knn time: 0.871749 9.96698 109.348 0 109.348 100.381 1.99866 23.2358 152.969 0 152.969 130.733 10.5209 85.5902 283.216 0 283.216 198.626 
range count time: 0.001245 3.6795 46.9974 0 0 44.3179 0.060583 173.382 453.679 0 0.09836 281.199 1.17762 1257.33 2308.88 0 128.3 924.252 
range query time: 0.000841333 3.6795 46.9974 0 0 44.3179 0.069989 173.382 453.679 0 0.09836 281.199 2.18512 1257.33 2308.88 0 128.3 924.252 
# Insert
## 0.0001
median: (2017, 0.00128667)-> min: (2, 0.000926333)-> max: (2906, 0.00608233)-> tot: 13.0372-> avg: 0.00130322
in-dis-skewed knn time: 1.91139 12.9162 106.551 0 106.551 94.6346 4.66092 36.1017 174.636 0 174.636 139.535 13.4806 104.751 299.055 0 299.055 195.304 
out-dis-skewed knn time: 0.753548 8.80025 102.851 0 102.851 95.0509 1.56952 19.1796 142.732 0 142.732 124.553 8.70414 76.9544 277.065 0 277.065 201.111 
in-dis-uniform knn time: 3.85203 16.1051 140.267 0 140.267 125.162 8.45487 41.6368 212.486 0 212.486 171.849 21.8829 123.079 368.431 0 368.431 246.352 
out-dis-uniform knn time: 0.809582 9.01888 102.102 0 102.102 94.0832 1.83108 20.438 140.692 0 140.692 121.254 9.95147 78.5501 264.714 0 264.714 187.164 
range count time: 0.00116433 3.471 42.4053 0 0 39.9343 0.0634083 174.896 446.567 0 0.10758 272.563 1.14868 1271.31 2302.06 0 131.425 900.326 
range query time: 0.000810667 3.471 42.4053 0 0 39.9343 0.0684643 174.896 446.567 0 0.10758 272.563 2.17665 1271.31 2302.06 0 131.425 900.326 

Tree: PTree; AugType: HasBox; Split: HilbertCurve; BDO: 6; Inba: 30; Coord: integer; 
2.in 
# Insert
## 1
median: (1, 4.07896)-> min: (1, 4.07896)-> max: (1, 4.07896)-> tot: 4.07896-> avg: 4.07896
in-dis-skewed knn time: 3.6695 14.0964 116.038 0 116.038 102.942 7.34171 31.6138 159.153 0 159.153 128.539 17.2308 80.5239 247.846 0 247.846 168.322 
out-dis-skewed knn time: 3.83277 14.99 119.532 0 119.532 105.541 7.28812 31.7614 159.592 0 159.592 128.831 17.1024 80.5925 248.037 0 248.037 168.444 
in-dis-uniform knn time: 3.61718 14.0957 116.021 0 116.021 102.925 7.2478 31.6214 159.172 0 159.172 128.55 17.0474 80.5367 247.869 0 247.869 168.332 
out-dis-uniform knn time: 3.8342 14.987 119.504 0 119.504 105.517 7.27367 31.7556 159.549 0 159.549 128.793 17.0402 80.5742 247.967 0 247.967 168.393 
range count time: 0.000859333 4.08886 38.4715 0 0 35.3826 0.0490877 159.971 397.51 0 0.08308 238.456 0.968298 1065.39 1922.5 0 125.852 732.263 
range query time: 0.000899 4.08886 38.4715 0 0 35.3826 0.0570693 159.971 397.51 0 0.08308 238.456 1.92839 1065.39 1922.5 0 125.852 732.263 
# Insert
## 0.1
median: (9, 0.474285)-> min: (0, 0.378257)-> max: (6, 0.53721)-> tot: 4.70357-> avg: 0.470356
in-dis-skewed knn time: 3.57706 14.133 116.09 0 116.09 102.958 7.0776 31.7918 159.566 0 159.566 128.774 16.6691 81.0933 248.908 0 248.908 168.815 
out-dis-skewed knn time: 3.79036 15.0339 119.595 0 119.595 105.561 7.10774 31.9267 159.994 0 159.994 129.067 16.6841 81.1277 249.093 0 249.093 168.965 
in-dis-uniform knn time: 3.5873 14.1296 116.05 0 116.05 102.92 7.08489 31.7785 159.548 0 159.548 128.77 16.6879 81.0606 248.89 0 248.89 168.829 
out-dis-uniform knn time: 3.80179 15.0241 119.547 0 119.547 105.523 7.11703 31.9148 159.935 0 159.935 129.02 16.7083 81.0996 248.99 0 248.99 168.891 
range count time: 0.000937 4.09516 38.7127 0 0 35.6175 0.052459 161.222 399.51 0 0.08422 239.203 0.992695 1075.01 1941.68 0 128.441 739.229 
range query time: 0.000922 4.09516 38.7127 0 0 35.6175 0.059876 161.222 399.51 0 0.08422 239.203 2.05889 1075.01 1941.68 0 128.441 739.229 
# Insert
## 0.01
median: (42, 0.0727653)-> min: (0, 0.0413647)-> max: (90, 0.0890043)-> tot: 7.09149-> avg: 0.0709144
in-dis-skewed knn time: 3.57056 14.1096 116.751 0 116.751 103.642 7.05222 31.8867 160.435 0 160.435 129.548 16.5945 81.8673 250.91 0 250.91 170.043 
out-dis-skewed knn time: 3.78405 15.04 120.293 0 120.293 106.253 7.07767 32.0169 160.796 0 160.796 129.779 16.6022 81.8707 250.982 0 250.982 170.112 
in-dis-uniform knn time: 3.58427 14.1363 116.738 0 116.738 103.602 7.05668 31.8754 160.382 0 160.382 129.507 16.6039 81.815 250.821 0 250.821 170.006 
out-dis-uniform knn time: 3.79781 15.0382 120.273 0 120.273 106.235 7.08926 32.0168 160.782 0 160.782 129.765 16.6248 81.8619 250.949 0 250.949 170.087 
range count time: 0.000899 4.11636 39.4357 0 0 36.3193 0.053672 163.572 404.752 0 0.09096 242.089 0.99877 1092.37 1975.41 0 132.486 751.553 
range query time: 0.000999333 4.11636 39.4357 0 0 36.3193 0.0581427 163.572 404.752 0 0.09096 242.089 2.06805 1092.37 1975.41 0 132.486 751.553 
# Insert
## 0.001
median: (557, 0.0155483)-> min: (0, 0.00502033)-> max: (880, 0.0219893)-> tot: 14.6981-> avg: 0.0146976
in-dis-skewed knn time: 3.5641 14.1329 117.049 0 117.049 103.916 7.07354 32.1413 161.785 0 161.785 130.644 16.6798 82.7994 253.572 0 253.572 171.772 
out-dis-skewed knn time: 3.78077 15.0721 120.606 0 120.606 106.534 7.10259 32.279 162.154 0 162.154 130.875 16.6923 82.8168 253.64 0 253.64 171.823 
in-dis-uniform knn time: 3.57979 14.1655 117.04 0 117.04 103.875 7.08001 32.1353 161.722 0 161.722 130.587 16.6938 82.7537 253.461 0 253.461 171.708 
out-dis-uniform knn time: 3.79668 15.0695 120.595 0 120.595 106.526 7.11434 32.276 162.138 0 162.138 130.862 16.716 82.8107 253.609 0 253.609 171.799 
range count time: 0.000896333 4.08 38.5099 0 0 35.4299 0.053057 164.366 407.524 0 0.09262 244.066 0.993142 1098.7 1987.55 0 133.823 756.03 
range query time: 0.001023 4.08 38.5099 0 0 35.4299 0.059603 164.366 407.524 0 0.09262 244.066 2.06614 1098.7 1987.55 0 133.823 756.03 
# Insert
## 0.0001
median: (5536, 0.00295033)-> min: (4, 0.000918333)-> max: (6832, 0.00757167)-> tot: 28.7588-> avg: 0.00287538
in-dis-skewed knn time: 3.55212 14.1058 117.313 0 117.313 104.208 7.01463 31.8494 160.63 0 160.63 129.781 16.5161 81.9564 251.43 0 251.43 170.474 
out-dis-skewed knn time: 3.76836 15.0448 120.862 0 120.862 106.817 7.0402 31.9869 160.993 0 160.993 130.006 16.5256 81.972 251.5 0 251.5 170.528 
in-dis-uniform knn time: 3.56719 14.1378 117.303 0 117.303 104.165 7.01923 31.8429 160.57 0 160.57 129.727 16.5275 81.9174 251.334 0 251.334 170.416 
out-dis-uniform knn time: 3.78304 15.0409 120.83 0 120.83 106.789 7.05143 31.9802 160.95 0 160.95 129.969 16.5494 81.9537 251.425 0 251.425 170.472 
range count time: 0.000972 4.13532 40.1312 0 0 36.9959 0.0540257 164.701 409.585 0 0.09272 245.792 1.00111 1099.82 1990.55 0 134.062 757.669 
range query time: 0.00106467 4.13532 40.1312 0 0 36.9959 0.0602287 164.701 409.585 0 0.09272 245.792 2.07453 1099.82 1990.55 0 134.062 757.669 

