Tree: CPAM; AugType: HasBox; Split: MortonCurve; BDO: 6; Inba: 30; Coord: integer; 
1.in 
# Insert
## 1
median: (1, 9.66314)-> min: (1, 9.66314)-> max: (1, 9.66314)-> tot: 9.66314-> avg: 9.66314
in-dis-skewed knn time: 1.15457 29.0741 262.459 0 262.459 234.385 4.61618 86.4208 470.732 0 470.732 385.311 25.5401 251.407 756.089 0 756.089 505.681 
out-dis-skewed knn time: 0.3815 10.9828 121.958 0 121.958 111.976 1.22117 40.8143 275.969 0 275.969 236.154 8.02387 91.6922 327.906 0 327.906 237.214 
in-dis-uniform knn time: 5.56885 25.3594 245.638 0 245.638 221.278 14.016 80.8965 457.193 0 457.193 377.296 33.914 211.525 652.745 0 652.745 442.22 
out-dis-uniform knn time: 0.377866 7.8302 123.945 0 123.945 117.114 0.604173 13.0714 141.417 0 141.417 129.345 3.22152 35.3325 178.772 0 178.772 144.44 
range count time: 0.00273767 0 0 0 0 0 0.00422733 0 0 0 0 0 0.228763 0 0 0 0 0 
range query time: 0.000909667 0 0 0 0 0 0.00933867 0 0 0 0 0 1.41994 0 0 0 0 0 
# Insert
## 0.1
median: (0, 1.30614)-> min: (1, 1.25716)-> max: (5, 1.35403)-> tot: 13.0196-> avg: 1.30196
in-dis-skewed knn time: 0.839063 21.7363 204.815 0 204.815 184.079 3.29811 74.7841 381.861 0 381.861 308.077 17.6554 206.715 586.978 0 586.978 381.263 
out-dis-skewed knn time: 0.375403 9.98294 121.906 0 121.906 112.923 0.853218 25.9501 236.421 0 236.421 211.471 7.423 90.9489 384.241 0 384.241 294.292 
in-dis-uniform knn time: 5.0921 24.598 252.995 0 252.995 229.397 13.25 84.0005 478.326 0 478.326 395.326 33.2571 224.222 679.678 0 679.678 456.456 
out-dis-uniform knn time: 0.292077 5.74444 105.167 0 105.167 100.422 0.559872 13.6549 147.868 0 147.868 135.213 5.27864 68.6163 267.947 0 267.947 200.331 
range count time: 0.000836667 0 0 0 0 0 0.004245 0 0 0 0 0 0.224176 0 0 0 0 0 
range query time: 0.000969333 0 0 0 0 0 0.00959867 0 0 0 0 0 1.43145 0 0 0 0 0 
# Insert
## 0.01
median: (20, 0.099067)-> min: (38, 0.0832093)-> max: (60, 0.125409)-> tot: 9.93984-> avg: 0.0993979
in-dis-skewed knn time: 1.15853 26.5022 242.295 0 242.295 216.793 4.79594 83.5071 442.579 0 442.579 360.072 25.4061 237.551 707.303 0 707.303 470.752 
out-dis-skewed knn time: 0.459967 11.9688 151.652 0 151.652 140.683 0.633816 17.0168 160.93 0 160.93 144.914 7.26207 92.7111 301.277 0 301.277 209.566 
in-dis-uniform knn time: 5.4913 26.2614 269.325 0 269.325 244.064 14.3263 85.0721 506.164 0 506.164 422.092 37.4582 227.399 726.498 0 726.498 500.099 
out-dis-uniform knn time: 0.336101 6.33544 115.034 0 115.034 109.698 0.490749 9.75985 128.955 0 128.955 120.195 3.03245 35.5477 173.184 0 173.184 138.636 
range count time: 0.000914667 0 0 0 0 0 0.00499933 0 0 0 0 0 0.23771 0 0 0 0 0 
range query time: 0.000921333 0 0 0 0 0 0.00976133 0 0 0 0 0 1.45899 0 0 0 0 0 
# Insert
## 0.001
median: (265, 0.00803867)-> min: (75, 0.00696533)-> max: (136, 0.0126463)-> tot: 8.2356-> avg: 0.0082351
in-dis-skewed knn time: 1.10306 24.6484 241.337 0 241.337 217.689 4.03175 69.2092 418.708 0 418.708 350.498 20.1535 180.155 598.595 0 598.595 419.44 
out-dis-skewed knn time: 0.386316 8.99496 128.912 0 128.912 120.917 0.726363 21.976 167.997 0 167.997 147.021 4.71922 53.1125 224.18 0 224.18 172.067 
in-dis-uniform knn time: 5.59776 25.4196 262.601 0 262.601 238.182 14.4837 80.1933 484.893 0 484.893 405.7 37.0533 212.773 686.827 0 686.827 475.054 
out-dis-uniform knn time: 0.410822 7.15195 133.803 0 133.803 127.651 0.609205 11.9389 144.093 0 144.093 133.154 3.96294 42.2545 198.089 0 198.089 156.834 
range count time: 0.000951667 0 0 0 0 0 0.004853 0 0 0 0 0 0.237186 0 0 0 0 0 
range query time: 0.00100167 0 0 0 0 0 0.009954 0 0 0 0 0 1.49365 0 0 0 0 0 
# Insert
## 0.0001
median: (1708, 0.00180067)-> min: (7440, 0.00147133)-> max: (8755, 0.006586)-> tot: 18.5374-> avg: 0.00185324
in-dis-skewed knn time: 0.93781 21.1888 200.923 0 200.923 180.734 3.32345 59.3677 328.741 0 328.741 270.373 19.2377 180.377 509.482 0 509.482 330.105 
out-dis-skewed knn time: 0.473702 10.9699 160.523 0 160.523 150.553 1.07456 31.8574 244.079 0 244.079 213.221 5.5417 58.8778 288.011 0 288.011 230.134 
in-dis-uniform knn time: 5.65236 24.6938 249.871 0 249.871 226.178 14.4324 76.8748 453.546 0 453.546 377.671 36.7336 204.155 643.952 0 643.952 440.797 
out-dis-uniform knn time: 0.38103 6.57788 118.137 0 118.137 112.559 0.570484 10.5572 135.553 0 135.553 125.996 2.92404 29.8051 166.379 0 166.379 137.574 
range count time: 0.000933 0 0 0 0 0 0.00483967 0 0 0 0 0 0.238622 0 0 0 0 0 
range query time: 0.000898333 0 0 0 0 0 0.0100073 0 0 0 0 0 1.49028 0 0 0 0 0 

Tree: CPAM; AugType: HasBox; Split: MortonCurve; BDO: 6; Inba: 30; Coord: integer; 
2_sort_by_0.in 
# Insert
## 1
median: (1, 9.81176)-> min: (1, 9.81176)-> max: (1, 9.81176)-> tot: 9.81176-> avg: 9.81176
in-dis-skewed knn time: 1.35474 7.971 69.7383 0 69.7383 62.7673 2.62321 16.1377 84.834 0 84.834 69.6963 5.95258 33.5273 105.539 0 105.539 73.0112 
out-dis-skewed knn time: 0.343808 4.30917 77.6274 0 77.6274 74.3182 1.03555 19.4272 119.104 0 119.104 100.677 4.10897 61.7946 201.881 0 201.881 141.086 
in-dis-uniform knn time: 4.5814 18.6298 187.542 0 187.542 169.912 11.4119 55.6464 316.767 0 316.767 262.121 26.3915 140.118 438.721 0 438.721 299.603 
out-dis-uniform knn time: 0.362713 4.50617 78.5481 0 78.5481 75.0419 0.971407 17.0342 110.844 0 110.844 94.8099 3.74598 51.163 174.606 0 174.606 124.443 
range count time: 0.000760333 0 0 0 0 0 0.00690533 0 0 0 0 0 0.292451 0 0 0 0 0 
range query time: 0.000759333 0 0 0 0 0 0.0120573 0 0 0 0 0 1.46786 0 0 0 0 0 
# Insert
## 0.1
median: (2, 1.32304)-> min: (7, 1.24752)-> max: (6, 1.39827)-> tot: 13.1124-> avg: 1.31124
in-dis-skewed knn time: 1.37343 8.77419 78.1378 0 78.1378 70.3636 2.77368 18.2092 95.2945 0 95.2945 78.0853 6.59279 40.1302 121.133 0 121.133 82.0031 
out-dis-skewed knn time: 0.349916 4.25469 79.5732 0 79.5732 76.3185 1.05166 19.5124 123.924 0 123.924 105.412 4.12984 63.6619 215.045 0 215.045 152.383 
in-dis-uniform knn time: 4.85638 21.3928 226.202 0 226.202 205.809 12.2863 63.4321 360.097 0 360.097 297.665 29.0389 163.817 504.66 0 504.66 341.844 
out-dis-uniform knn time: 0.37144 4.47166 80.561 0 80.561 77.0894 0.991903 17.4483 116.313 0 116.313 99.865 3.80478 53.8317 186.608 0 186.608 133.777 
range count time: 0.000781667 0 0 0 0 0 0.00699933 0 0 0 0 0 0.290344 0 0 0 0 0 
range query time: 0.000773 0 0 0 0 0 0.012575 0 0 0 0 0 1.46135 0 0 0 0 0 
# Insert
## 0.01
median: (8, 0.09893)-> min: (52, 0.0820143)-> max: (7, 0.121843)-> tot: 9.95501-> avg: 0.0995496
in-dis-skewed knn time: 1.56122 7.79966 73.9539 0 73.9539 67.1542 2.83704 14.6315 86.4798 0 86.4798 72.8483 6.25871 29.9009 105.184 0 105.184 76.2831 
out-dis-skewed knn time: 0.364692 4.22397 73.3021 0 73.3021 70.0782 1.09999 18.1974 110.599 0 110.599 93.4014 4.06252 56.955 190.766 0 190.766 134.811 
in-dis-uniform knn time: 4.86379 20.8929 216.372 0 216.372 196.479 11.513 56.3798 318.447 0 318.447 263.067 27.2199 139.887 436.611 0 436.611 297.724 
out-dis-uniform knn time: 0.385327 4.47386 74.2736 0 74.2736 70.7997 1.04091 16.2196 103.528 0 103.528 88.3087 3.63797 46.9356 163.932 0 163.932 117.997 
range count time: 0.000901667 0 0 0 0 0 0.00753767 0 0 0 0 0 0.308383 0 0 0 0 0 
range query time: 0.000831667 0 0 0 0 0 0.012585 0 0 0 0 0 1.50448 0 0 0 0 0 
# Insert
## 0.001
median: (465, 0.00790167)-> min: (604, 0.00724533)-> max: (964, 0.013007)-> tot: 8.03751-> avg: 0.008037
in-dis-skewed knn time: 1.46984 8.1768 76.7785 0 76.7785 69.6017 2.66784 14.555 86.8616 0 86.8616 73.3066 6.051 30.1648 106.615 0 106.615 77.4504 
out-dis-skewed knn time: 0.419747 5.03392 83.0714 0 83.0714 79.0375 1.21898 20.1145 122.281 0 122.281 103.167 4.38654 60.6899 203.564 0 203.564 143.874 
in-dis-uniform knn time: 4.90968 21.4687 215.754 0 215.754 195.285 10.8567 54.6291 306.373 0 306.373 252.744 26.2351 138.614 430.151 0 430.151 292.537 
out-dis-uniform knn time: 0.458458 5.43524 84.581 0 84.581 80.1458 1.16043 18.1612 115.125 0 115.125 97.964 3.95754 50.3792 176.567 0 176.567 127.187 
range count time: 0.000928333 0 0 0 0 0 0.00808733 0 0 0 0 0 0.304037 0 0 0 0 0 
range query time: 0.000859333 0 0 0 0 0 0.0127 0 0 0 0 0 1.55269 0 0 0 0 0 
# Insert
## 0.0001
median: (9001, 0.00202233)-> min: (6858, 0.00151233)-> max: (6948, 0.006439)-> tot: 20.4314-> avg: 0.00204264
in-dis-skewed knn time: 1.43341 7.87176 73.3979 0 73.3979 66.5261 2.50011 13.629 82.5276 0 82.5276 69.8986 5.64479 27.894 100.775 0 100.775 73.881 
out-dis-skewed knn time: 0.448708 4.97214 83.8481 0 83.8481 79.876 1.21361 19.0313 122.313 0 122.313 104.281 4.46938 58.1291 197.066 0 197.066 139.937 
in-dis-uniform knn time: 4.83141 20.7833 203.777 0 203.777 183.993 10.9378 53.2965 292.079 0 292.079 239.782 26.7292 134.181 407.98 0 407.98 274.8 
out-dis-uniform knn time: 0.475135 5.1986 84.7914 0 84.7914 80.5928 1.18009 16.8629 114.327 0 114.327 98.4642 4.03682 48.2403 171.744 0 171.744 124.503 
range count time: 0.000937 0 0 0 0 0 0.00804233 0 0 0 0 0 0.308643 0 0 0 0 0 
range query time: 0.000901 0 0 0 0 0 0.012767 0 0 0 0 0 1.52705 0 0 0 0 0 

Tree: CPAM; AugType: HasBox; Split: MortonCurve; BDO: 6; Inba: 30; Coord: integer; 
2.in 
# Insert
## 1
median: (1, 10.7915)-> min: (1, 10.7915)-> max: (1, 10.7915)-> tot: 10.7915-> avg: 10.7915
in-dis-skewed knn time: 4.73356 20.2791 210.266 0 210.266 190.987 11.8767 60.4154 348.862 0 348.862 289.447 27.6957 151.874 484.432 0 484.432 333.558 
out-dis-skewed knn time: 4.79364 20.5553 210.953 0 210.953 191.398 11.9321 60.4781 349.018 0 349.018 289.54 27.7744 151.9 484.502 0 484.502 333.602 
in-dis-uniform knn time: 4.73585 20.2782 210.253 0 210.253 190.975 11.9375 60.4132 348.83 0 348.83 289.416 27.8039 151.852 484.374 0 484.374 333.522 
out-dis-uniform knn time: 4.80811 20.5559 210.987 0 210.987 191.431 11.9587 60.4648 348.959 0 348.959 289.494 27.8347 151.875 484.422 0 484.422 333.547 
range count time: 0.000888333 0 0 0 0 0 0.006733 0 0 0 0 0 0.310756 0 0 0 0 0 
range query time: 0.000860667 0 0 0 0 0 0.0116523 0 0 0 0 0 1.45479 0 0 0 0 0 
# Insert
## 0.1
median: (4, 1.44071)-> min: (0, 1.233)-> max: (8, 1.72005)-> tot: 14.7053-> avg: 1.47053
in-dis-skewed knn time: 4.60444 20.1591 211.382 0 211.382 192.223 11.4597 60.6295 350.64 0 350.64 291.01 28.1314 154.471 487.461 0 487.461 333.99 
out-dis-skewed knn time: 4.69453 20.4422 212.069 0 212.069 192.627 11.5499 60.6793 350.763 0 350.763 291.083 28.2259 154.461 487.475 0 487.475 334.013 
in-dis-uniform knn time: 4.64486 20.1641 211.353 0 211.353 192.189 11.5605 60.6085 350.555 0 350.555 290.947 28.2468 154.403 487.331 0 487.331 333.927 
out-dis-uniform knn time: 4.71474 20.444 212.097 0 212.097 192.653 11.5832 60.6715 350.723 0 350.723 291.051 28.2735 154.444 487.423 0 487.423 333.979 
range count time: 0.000895333 0 0 0 0 0 0.00825567 0 0 0 0 0 0.323597 0 0 0 0 0 
range query time: 0.001153 0 0 0 0 0 0.01276 0 0 0 0 0 1.51621 0 0 0 0 0 
# Insert
## 0.01
median: (49, 0.384572)-> min: (0, 0.0964313)-> max: (98, 0.611926)-> tot: 37.6064-> avg: 0.376064
in-dis-skewed knn time: 4.65274 20.2588 211.872 0 211.872 192.613 11.5563 60.971 351.054 0 351.054 291.083 28.3703 154.937 491.719 0 491.719 337.782 
out-dis-skewed knn time: 4.74934 20.5654 212.569 0 212.569 193.004 11.6521 61.0083 351.1 0 351.1 291.092 28.4649 154.887 491.632 0 491.632 337.745 
in-dis-uniform knn time: 4.69441 20.29 211.87 0 211.87 192.58 11.6516 60.9414 350.93 0 350.93 290.989 28.4839 154.84 491.524 0 491.524 337.684 
out-dis-uniform knn time: 4.76774 20.5664 212.594 0 212.594 193.028 11.6849 60.9968 351.066 0 351.066 291.07 28.5264 154.865 491.583 0 491.583 337.718 
range count time: 0.000912333 0 0 0 0 0 0.007856 0 0 0 0 0 0.327076 0 0 0 0 0 
range query time: 0.000752333 0 0 0 0 0 0.0127737 0 0 0 0 0 1.52749 0 0 0 0 0 
# Insert
## 0.001
median: (508, 0.121461)-> min: (0, 0.00832533)-> max: (992, 0.136883)-> tot: 107.881-> avg: 0.107881
in-dis-skewed knn time: 4.66534 20.5453 213.391 0 213.391 193.846 11.532 60.9853 350.216 0 350.216 290.23 28.1737 155.242 488.475 0 488.475 334.233 
out-dis-skewed knn time: 4.76039 20.8569 214.121 0 214.121 194.264 11.6218 61.0421 350.311 0 350.311 290.269 28.2663 155.23 488.456 0 488.456 334.226 
in-dis-uniform knn time: 4.71014 20.5806 213.441 0 213.441 193.86 11.64 60.9766 350.159 0 350.159 290.183 28.3454 155.188 488.378 0 488.378 334.19 
out-dis-uniform knn time: 4.78546 20.8597 214.165 0 214.165 194.305 11.6843 61.0324 350.282 0 350.282 290.249 28.402 155.209 488.401 0 488.401 334.192 
range count time: 0.000868667 0 0 0 0 0 0.00783767 0 0 0 0 0 0.325461 0 0 0 0 0 
range query time: 0.0008 0 0 0 0 0 0.01322 0 0 0 0 0 1.53798 0 0 0 0 0 
# Insert
## 0.0001
median: (4677, 0.0161903)-> min: (1, 0.00174167)-> max: (6183, 0.0206717)-> tot: 158.415-> avg: 0.015841
in-dis-skewed knn time: 4.68839 20.6163 214.121 0 214.121 194.505 11.6118 61.5216 353.588 0 353.588 293.066 28.6135 160.688 499.53 0 499.53 339.842 
out-dis-skewed knn time: 4.7843 20.9353 214.91 0 214.91 194.975 11.7104 61.5796 353.692 0 353.692 293.112 28.6828 160.683 499.517 0 499.517 339.834 
in-dis-uniform knn time: 4.73157 20.6495 214.149 0 214.149 194.499 11.7159 61.509 353.489 0 353.489 292.98 28.7034 160.621 499.358 0 499.358 339.737 
out-dis-uniform knn time: 4.80508 20.9345 214.905 0 214.905 194.971 11.7484 61.5655 353.625 0 353.625 293.06 28.7538 160.642 499.412 0 499.412 339.77 
range count time: 0.000868333 0 0 0 0 0 0.00782533 0 0 0 0 0 0.326181 0 0 0 0 0 
range query time: 0.000769667 0 0 0 0 0 0.0126413 0 0 0 0 0 1.53705 0 0 0 0 0 

