Tree: CPAM; AugType: HasBox; Split: HilbertCurve; BDO: 6; Inba: 30; Coord: integer; 
1.in 
# Insert
## 1
median: (1, 9.83688)-> min: (1, 9.83688)-> max: (1, 9.83688)-> tot: 9.83688-> avg: 9.83688
in-dis-skewed knn time: 0.593468 12.8589 171.423 0 171.423 159.564 2.5085 46.3945 290.184 0 290.184 244.789 14.5243 134.854 428.803 0 428.803 294.948 
out-dis-skewed knn time: 0.352053 11.975 104.134 0 104.134 93.1587 0.65856 19.0435 117.567 0 117.567 99.5232 3.80461 38.2555 145.824 0 145.824 108.568 
in-dis-uniform knn time: 1.66259 8.15147 112.159 0 112.159 105.008 3.45573 24.7432 171.078 0 171.078 147.335 9.86871 65.8455 231.495 0 231.495 166.649 
out-dis-uniform knn time: 0.23194 5.17477 75.5945 0 75.5945 71.4198 0.465102 9.98244 96.7066 0 96.7066 87.7242 2.66615 26.8616 120.651 0 120.651 94.7895 
range count time: 0.000893 0 0 0 0 0 0.00317733 0 0 0 0 0 0.145953 0 0 0 0 0 
range query time: 0.001106 0 0 0 0 0 0.00884533 0 0 0 0 0 1.37462 0 0 0 0 0 
# Delete
## 0.1
median: (5, 1.50595)-> min: (4, 1.3754)-> max: (3, 1.55635)-> tot: 14.9233-> avg: 1.49233
in-dis-skewed knn time: 0.447798 8.8994 125.037 0 125.037 117.137 2.46179 43.4774 290.62 0 290.62 248.143 14.675 136.513 433.468 0 433.468 297.955 
out-dis-skewed knn time: 0.332054 9.99728 98.2249 0 98.2249 89.2276 0.668379 16.0682 119.528 0 119.528 104.46 3.97569 41.236 154.721 0 154.721 114.485 
in-dis-uniform knn time: 1.71214 7.94661 109.927 0 109.927 102.98 3.54158 23.9727 170.27 0 170.27 147.298 10.3183 65.9705 231.39 0 231.39 166.42 
out-dis-uniform knn time: 0.258732 5.98216 84.2888 0 84.2888 79.3066 0.557997 11.3701 106.776 0 106.776 96.4062 3.28121 30.6036 127.768 0 127.768 98.1643 
range count time: 0.000849333 0 0 0 0 0 0.00300633 0 0 0 0 0 0.156135 0 0 0 0 0 
range query time: 0.00114567 0 0 0 0 0 0.00886433 0 0 0 0 0 1.39535 0 0 0 0 0 
# Delete
## 0.01
median: (24, 0.112423)-> min: (51, 0.0963657)-> max: (87, 0.125129)-> tot: 11.2196-> avg: 0.112195
in-dis-skewed knn time: 0.458675 8.8994 125.037 0 125.037 117.137 2.48962 43.4774 290.62 0 290.62 248.143 14.989 136.513 433.468 0 433.468 297.955 
out-dis-skewed knn time: 0.337328 9.99728 98.2249 0 98.2249 89.2276 0.67375 16.0682 119.528 0 119.528 104.46 3.9882 41.236 154.721 0 154.721 114.485 
in-dis-uniform knn time: 1.65555 7.9474 109.931 0 109.931 102.984 3.43984 23.9749 170.281 0 170.281 147.306 10.4401 65.9767 231.405 0 231.405 166.428 
out-dis-uniform knn time: 0.264297 5.98216 84.2888 0 84.2888 79.3066 0.567147 11.3701 106.776 0 106.776 96.4062 3.30484 30.6036 127.768 0 127.768 98.1643 
range count time: 0.000834667 0 0 0 0 0 0.00408233 0 0 0 0 0 0.156222 0 0 0 0 0 
range query time: 0.00113533 0 0 0 0 0 0.00912767 0 0 0 0 0 1.42252 0 0 0 0 0 
# Delete
## 0.001
median: (470, 0.00888933)-> min: (783, 0.00775667)-> max: (853, 0.0138793)-> tot: 9.12212-> avg: 0.00912162
in-dis-skewed knn time: 0.465995 8.8994 125.54 0 125.54 117.64 2.54427 43.4774 291.124 0 291.124 248.646 15.2223 136.513 433.972 0 433.972 298.459 
out-dis-skewed knn time: 0.341351 10.0012 98.2378 0 98.2378 89.2366 0.679005 16.0737 119.544 0 119.544 104.471 3.99808 41.2488 154.747 0 154.747 114.498 
in-dis-uniform knn time: 1.6535 7.94365 109.909 0 109.909 102.965 3.45255 23.956 170.158 0 170.158 147.202 10.5177 65.9221 231.239 0 231.239 166.317 
out-dis-uniform knn time: 0.318984 7.78534 92.2187 0 92.2187 85.4334 0.659184 13.4296 116.804 0 116.804 104.374 3.62322 34.5004 143.861 0 143.861 110.361 
range count time: 0.000787333 0 0 0 0 0 0.00311833 0 0 0 0 0 0.151775 0 0 0 0 0 
range query time: 0.00100067 0 0 0 0 0 0.00919567 0 0 0 0 0 1.43089 0 0 0 0 0 
# Delete
## 0.0001
median: (4311, 0.001911)-> min: (6870, 0.001564)-> max: (2766, 0.00609967)-> tot: 19.6846-> avg: 0.00196796
in-dis-skewed knn time: 0.467364 8.8994 125.54 0 125.54 117.64 2.55403 43.4774 291.124 0 291.124 248.646 15.1197 136.513 433.972 0 433.972 298.459 
out-dis-skewed knn time: 0.341134 10.001 98.2225 0 98.2225 89.2215 0.679829 16.0702 119.503 0 119.503 104.432 3.99435 41.2317 154.687 0 154.687 114.456 
in-dis-uniform knn time: 1.64935 7.94186 109.731 0 109.731 102.789 3.45849 23.9171 169.805 0 169.805 146.888 10.5193 65.7901 230.803 0 230.803 166.013 
out-dis-uniform knn time: 0.315003 7.6918 91.2927 0 91.2927 84.6008 0.666599 14.0466 117.649 0 117.649 104.603 3.72043 34.9012 143.199 0 143.199 109.298 
range count time: 0.000782667 0 0 0 0 0 0.003145 0 0 0 0 0 0.151957 0 0 0 0 0 
range query time: 0.000985333 0 0 0 0 0 0.00970567 0 0 0 0 0 1.42885 0 0 0 0 0 

Tree: CPAM; AugType: HasBox; Split: HilbertCurve; BDO: 6; Inba: 30; Coord: integer; 
2_sort_by_0.in 
# Insert
## 1
median: (1, 10.1994)-> min: (1, 10.1994)-> max: (1, 10.1994)-> tot: 10.1994-> avg: 10.1994
in-dis-skewed knn time: 0.64164 4.30811 50.764 0 50.764 47.4559 1.16133 8.66183 59.4057 0 59.4057 51.7439 3.11947 21.2955 79.6323 0 79.6323 59.3368 
out-dis-skewed knn time: 0.271402 4.00484 64.9037 0 64.9037 61.8989 0.762383 13.8734 93.2904 0 93.2904 80.417 2.81539 37.1828 140.074 0 140.074 103.891 
in-dis-uniform knn time: 1.48894 5.43029 68.823 0 68.823 64.3927 2.73045 14.4346 100.732 0 100.732 87.2976 6.47068 38.5883 140.209 0 140.209 102.62 
out-dis-uniform knn time: 0.278855 4.14776 65.2175 0 65.2175 62.0697 0.716069 12.1292 87.5912 0 87.5912 76.462 2.59579 31.5904 124.241 0 124.241 93.6509 
range count time: 0.000537667 0 0 0 0 0 0.00525433 0 0 0 0 0 0.213928 0 0 0 0 0 
range query time: 0.000627667 0 0 0 0 0 0.0117197 0 0 0 0 0 1.41922 0 0 0 0 0 
# Delete
## 0.1
median: (4, 1.49715)-> min: (1, 1.42974)-> max: (0, 1.59707)-> tot: 14.9895-> avg: 1.49895
in-dis-skewed knn time: 0.65775 4.30811 50.764 0 50.764 47.4559 1.18152 8.66183 59.4057 0 59.4057 51.7439 3.21937 21.2955 79.6323 0 79.6323 59.3368 
out-dis-skewed knn time: 0.295242 3.70834 69.9753 0 69.9753 67.267 0.817699 13.7585 100.965 0 100.965 88.2066 2.83136 37.2923 151.22 0 151.22 114.928 
in-dis-uniform knn time: 1.56014 5.49454 70.9525 0 70.9525 66.4579 2.86907 15.2616 109.745 0 109.745 95.4837 7.08064 42.9338 155.213 0 155.213 113.279 
out-dis-uniform knn time: 0.308021 3.88285 71.8687 0 71.8687 68.9859 0.766338 12.1205 95.8838 0 95.8838 84.7633 2.63047 31.8264 135.114 0 135.114 104.288 
range count time: 0.000524333 0 0 0 0 0 0.00558967 0 0 0 0 0 0.227462 0 0 0 0 0 
range query time: 0.000658333 0 0 0 0 0 0.0111803 0 0 0 0 0 1.44381 0 0 0 0 0 
# Delete
## 0.01
median: (8, 0.110657)-> min: (27, 0.0954427)-> max: (38, 0.126147)-> tot: 11.0706-> avg: 0.110705
in-dis-skewed knn time: 0.650743 4.30811 50.764 0 50.764 47.4559 1.17158 8.66183 59.4057 0 59.4057 51.7439 3.27345 21.2955 79.6323 0 79.6323 59.3368 
out-dis-skewed knn time: 0.313449 3.78933 70.5703 0 70.5703 67.781 0.856946 13.8642 101.639 0 101.639 88.7753 2.91491 37.5303 152.38 0 152.38 115.85 
in-dis-uniform knn time: 1.50715 5.51058 71.0867 0 71.0867 66.5761 2.76653 15.3786 110.26 0 110.26 95.8815 7.13828 43.3202 156.101 0 156.101 113.781 
out-dis-uniform knn time: 0.328274 3.96786 72.459 0 72.459 69.4911 0.801723 12.2075 96.5321 0 96.5321 85.3246 2.70717 32.0173 136.113 0 136.113 105.096 
range count time: 0.00053 0 0 0 0 0 0.00593767 0 0 0 0 0 0.232027 0 0 0 0 0 
range query time: 0.000636 0 0 0 0 0 0.0116493 0 0 0 0 0 1.47768 0 0 0 0 0 
# Delete
## 0.001
median: (479, 0.00856467)-> min: (23, 0.00806067)-> max: (273, 0.013876)-> tot: 8.67268-> avg: 0.00867217
in-dis-skewed knn time: 0.66648 4.30811 50.764 0 50.764 47.4559 1.19216 8.66183 59.4057 0 59.4057 51.7439 3.30165 21.2955 79.6323 0 79.6323 59.3368 
out-dis-skewed knn time: 0.32828 4.0345 69.2852 0 69.2852 66.2507 0.883788 14.3096 100.51 0 100.51 87.2001 3.08906 38.3636 151.328 0 151.328 113.965 
in-dis-uniform knn time: 1.49602 5.51307 70.7863 0 70.7863 66.2732 2.73747 14.9858 106.71 0 106.71 92.7245 7.04613 42.2031 151.625 0 151.625 110.421 
out-dis-uniform knn time: 0.340109 4.20207 71.2837 0 71.2837 68.0816 0.830655 12.5957 95.4534 0 95.4534 83.8576 2.89072 33.0494 135.575 0 135.575 103.525 
range count time: 0.000512667 0 0 0 0 0 0.006173 0 0 0 0 0 0.223325 0 0 0 0 0 
range query time: 0.000585667 0 0 0 0 0 0.0115143 0 0 0 0 0 1.49028 0 0 0 0 0 
# Delete
## 0.0001
median: (9830, 0.002093)-> min: (8136, 0.00168967)-> max: (2139, 0.00654233)-> tot: 21.2475-> avg: 0.00212425
in-dis-skewed knn time: 0.684207 4.30811 50.764 0 50.764 47.4559 1.18706 8.66183 59.4057 0 59.4057 51.7439 3.33629 21.2955 79.6323 0 79.6323 59.3368 
out-dis-skewed knn time: 0.317961 3.82875 68.5765 0 68.5765 65.7477 0.853156 13.7035 98.301 0 98.301 85.5975 2.99922 37.0873 148.393 0 148.393 112.306 
in-dis-uniform knn time: 1.48487 5.51819 70.8202 0 70.8202 66.302 2.7364 15.1817 106.884 0 106.884 92.702 7.0001 41.539 150.229 0 150.229 109.69 
out-dis-uniform knn time: 0.335991 4.01473 70.6293 0 70.6293 67.6146 0.807384 12.1785 93.9122 0 93.9122 82.7338 2.80958 32.007 133.254 0 133.254 102.247 
range count time: 0.000803 0 0 0 0 0 0.00616333 0 0 0 0 0 0.221998 0 0 0 0 0 
range query time: 0.000578333 0 0 0 0 0 0.0117753 0 0 0 0 0 1.48086 0 0 0 0 0 

Tree: CPAM; AugType: HasBox; Split: HilbertCurve; BDO: 6; Inba: 30; Coord: integer; 
2.in 
# Insert
## 1
median: (1, 11.3425)-> min: (1, 11.3425)-> max: (1, 11.3425)-> tot: 11.3425-> avg: 11.3425
in-dis-skewed knn time: 1.43691 4.92512 61.9913 0 61.9913 58.0662 2.51881 9.96535 73.4343 0 73.4343 64.4689 5.90257 25.3624 97.6118 0 97.6118 73.2493 
out-dis-skewed knn time: 1.44541 5.12152 62.5362 0 62.5362 58.4146 2.50307 10.0093 73.5392 0 73.5392 64.5299 5.8607 25.3728 97.6456 0 97.6456 73.2728 
in-dis-uniform knn time: 1.39108 4.92444 61.9854 0 61.9854 58.0609 2.48363 9.96379 73.4234 0 73.4234 64.4596 5.84109 25.3582 97.5966 0 97.5966 73.2385 
out-dis-uniform knn time: 1.43789 5.11925 62.5105 0 62.5105 58.3912 2.4925 10.0041 73.5084 0 73.5084 64.5043 5.83315 25.3538 97.5918 0 97.5918 73.238 
range count time: 0.000535 0 0 0 0 0 0.00519067 0 0 0 0 0 0.214836 0 0 0 0 0 
range query time: 0.000749 0 0 0 0 0 0.0109383 0 0 0 0 0 1.3914 0 0 0 0 0 
# Delete
## 0.1
median: (3, 1.76767)-> min: (9, 1.48437)-> max: (2, 2.08303)-> tot: 17.2446-> avg: 1.72446
in-dis-skewed knn time: 1.42216 4.92033 62.002 0 62.002 58.0816 2.43495 9.93633 73.4281 0 73.4281 64.4918 5.84666 25.3724 97.6687 0 97.6687 73.2963 
out-dis-skewed knn time: 1.43592 5.11898 62.5569 0 62.5569 58.4379 2.42842 9.98421 73.5458 0 73.5458 64.5616 5.8246 25.3925 97.7135 0 97.7135 73.321 
in-dis-uniform knn time: 1.38608 4.91971 61.9989 0 61.9989 58.0792 2.41828 9.93659 73.4267 0 73.4267 64.4902 5.8192 25.374 97.6708 0 97.6708 73.2968 
out-dis-uniform knn time: 1.43372 5.11747 62.5399 0 62.5399 58.4224 2.42884 9.98073 73.5243 0 73.5243 64.5436 5.82343 25.3845 97.6857 0 97.6857 73.3012 
range count time: 0.000533333 0 0 0 0 0 0.00594333 0 0 0 0 0 0.223339 0 0 0 0 0 
range query time: 0.000661 0 0 0 0 0 0.011407 0 0 0 0 0 1.45454 0 0 0 0 0 
# Delete
## 0.01
median: (48, 0.39198)-> min: (99, 0.103176)-> max: (0, 0.628158)-> tot: 38.9785-> avg: 0.389785
in-dis-skewed knn time: 1.42364 4.92109 61.9711 0 61.9711 58.05 2.43423 9.92206 73.3513 0 73.3513 64.4292 5.84086 25.3063 97.5129 0 97.5129 73.2066 
out-dis-skewed knn time: 1.43678 5.11966 62.5258 0 62.5258 58.4062 2.42695 9.97048 73.4702 0 73.4702 64.4997 5.81852 25.3269 97.5584 0 97.5584 73.2314 
in-dis-uniform knn time: 1.38718 4.92067 61.9684 0 61.9684 58.0478 2.41663 9.92252 73.3508 0 73.3508 64.4283 5.81533 25.3079 97.5155 0 97.5155 73.2076 
out-dis-uniform knn time: 1.43405 5.11833 62.5091 0 62.5091 58.3907 2.42801 9.96697 73.4486 0 73.4486 64.4816 5.81566 25.319 97.5315 0 97.5315 73.2125 
range count time: 0.000535667 0 0 0 0 0 0.006346 0 0 0 0 0 0.223139 0 0 0 0 0 
range query time: 0.00328433 0 0 0 0 0 0.0112133 0 0 0 0 0 1.45274 0 0 0 0 0 
# Delete
## 0.001
median: (251, 0.114827)-> min: (998, 0.00993467)-> max: (353, 0.142931)-> tot: 107.044-> avg: 0.107044
in-dis-skewed knn time: 1.42258 4.92001 61.9684 0 61.9684 58.0484 2.43233 9.91943 73.3492 0 73.3492 64.4298 5.8394 25.307 97.5123 0 97.5123 73.2053 
out-dis-skewed knn time: 1.43466 5.11849 62.5229 0 62.5229 58.4044 2.42559 9.96764 73.4681 0 73.4681 64.5004 5.8153 25.3275 97.5577 0 97.5577 73.2302 
in-dis-uniform knn time: 1.38571 4.91951 61.9656 0 61.9656 58.0461 2.41465 9.91976 73.3488 0 73.3488 64.4291 5.80886 25.3086 97.5152 0 97.5152 73.2066 
out-dis-uniform knn time: 1.43209 5.11712 62.5062 0 62.5062 58.389 2.42621 9.96419 73.4466 0 73.4466 64.4824 5.81203 25.3197 97.5314 0 97.5314 73.2117 
range count time: 0.000521333 0 0 0 0 0 0.00594933 0 0 0 0 0 0.225596 0 0 0 0 0 
range query time: 0.000668333 0 0 0 0 0 0.0114207 0 0 0 0 0 1.4559 0 0 0 0 0 
# Delete
## 0.0001
median: (7578, 0.015679)-> min: (9999, 0.00189233)-> max: (6854, 0.0226147)-> tot: 156.757-> avg: 0.0156752
in-dis-skewed knn time: 1.42341 4.91957 61.9673 0 61.9673 58.0477 2.43282 9.91931 73.3487 0 73.3487 64.4294 5.84076 25.3071 97.5109 0 97.5109 73.2038 
out-dis-skewed knn time: 1.43565 5.11807 62.5217 0 62.5217 58.4036 2.42568 9.9675 73.4676 0 73.4676 64.5001 5.81475 25.3276 97.5565 0 97.5565 73.2289 
in-dis-uniform knn time: 1.38482 4.91904 61.9644 0 61.9644 58.0453 2.41356 9.91962 73.3484 0 73.3484 64.4287 5.80637 25.3086 97.5138 0 97.5138 73.2052 
out-dis-uniform knn time: 1.43196 5.11668 62.5049 0 62.5049 58.3882 2.42469 9.96407 73.4462 0 73.4462 64.4821 5.80986 25.3197 97.5299 0 97.5299 73.2101 
range count time: 0.000529667 0 0 0 0 0 0.005977 0 0 0 0 0 0.224838 0 0 0 0 0 
range query time: 0.000685333 0 0 0 0 0 0.011411 0 0 0 0 0 1.45798 0 0 0 0 0 

