Tree: ZdTree; AugType: WithoutBox; Split: MortonCurve; BDO: 6; Inba: 30; Coord: float; 
1.in 
# Insert
## 1
median: (1, 4.98578)-> min: (1, 4.98578)-> max: (1, 4.98578)-> tot: 4.98578-> avg: 4.98578
in-dis-skewed knn time: 0.119655 0 0 0 0 0 0.199294 0 0 0 0 0 0.790952 0 0 0 0 0 
out-dis-skewed knn time: 0.121305 0 0 0 0 0 0.198371 0 0 0 0 0 0.800179 0 0 0 0 0 
in-dis-uniform knn time: 0.29886 0 0 0 0 0 0.488462 0 0 0 0 0 1.61332 0 0 0 0 0 
out-dis-uniform knn time: 0.318907 0 0 0 0 0 0.492377 0 0 0 0 0 1.57039 0 0 0 0 0 
range count time: 0.00057 0 0 0 0 0 0.00348867 0 0 0 0 0 0.131614 0 0 0 0 0 
range query time: 0.000565667 0 0 0 0 0 0.00959233 0 0 0 0 0 1.5643 0 0 0 0 0 
# Delete
## 0.1
median: (0, 0.700404)-> min: (9, 0.353878)-> max: (3, 0.828693)-> tot: 6.82548-> avg: 0.682547
in-dis-skewed knn time: 0.125544 0 0 0 0 0 0.201747 0 0 0 0 0 0.797672 0 0 0 0 0 
out-dis-skewed knn time: 0.128092 0 0 0 0 0 0.203047 0 0 0 0 0 0.808559 0 0 0 0 0 
in-dis-uniform knn time: 0.305407 0 0 0 0 0 0.503425 0 0 0 0 0 1.61798 0 0 0 0 0 
out-dis-uniform knn time: 0.327396 0 0 0 0 0 0.510278 0 0 0 0 0 1.59329 0 0 0 0 0 
range count time: 0.000503 0 0 0 0 0 0.003827 0 0 0 0 0 0.134497 0 0 0 0 0 
range query time: 0.000570333 0 0 0 0 0 0.00972867 0 0 0 0 0 1.51515 0 0 0 0 0 
# Delete
## 0.01
median: (57, 0.165459)-> min: (99, 0.0397853)-> max: (29, 0.200413)-> tot: 14.8842-> avg: 0.148842
in-dis-skewed knn time: 0.126446 0 0 0 0 0 0.203133 0 0 0 0 0 0.799833 0 0 0 0 0 
out-dis-skewed knn time: 0.127707 0 0 0 0 0 0.20389 0 0 0 0 0 0.801503 0 0 0 0 0 
in-dis-uniform knn time: 0.307206 0 0 0 0 0 0.504754 0 0 0 0 0 1.61071 0 0 0 0 0 
out-dis-uniform knn time: 0.329515 0 0 0 0 0 0.510131 0 0 0 0 0 1.58579 0 0 0 0 0 
range count time: 0.000409333 0 0 0 0 0 0.00379867 0 0 0 0 0 0.12948 0 0 0 0 0 
range query time: 0.000568 0 0 0 0 0 0.009675 0 0 0 0 0 1.47745 0 0 0 0 0 
# Delete
## 0.001
median: (806, 0.0232393)-> min: (986, 0.005721)-> max: (147, 0.031052)-> tot: 21.4996-> avg: 0.0214991
in-dis-skewed knn time: 0.127845 0 0 0 0 0 0.204508 0 0 0 0 0 0.785568 0 0 0 0 0 
out-dis-skewed knn time: 0.129875 0 0 0 0 0 0.204377 0 0 0 0 0 0.795872 0 0 0 0 0 
in-dis-uniform knn time: 0.307026 0 0 0 0 0 0.505292 0 0 0 0 0 1.61455 0 0 0 0 0 
out-dis-uniform knn time: 0.329692 0 0 0 0 0 0.512097 0 0 0 0 0 1.58956 0 0 0 0 0 
range count time: 0.000443333 0 0 0 0 0 0.003823 0 0 0 0 0 0.128256 0 0 0 0 0 
range query time: 0.000535667 0 0 0 0 0 0.00960933 0 0 0 0 0 1.4749 0 0 0 0 0 
# Delete
## 0.0001
median: (5678, 0.003403)-> min: (9669, 0.00130667)-> max: (1338, 0.0110853)-> tot: 32.606-> avg: 0.0032601
in-dis-skewed knn time: 0.128176 0 0 0 0 0 0.20559 0 0 0 0 0 0.792251 0 0 0 0 0 
out-dis-skewed knn time: 0.12864 0 0 0 0 0 0.203238 0 0 0 0 0 0.809827 0 0 0 0 0 
in-dis-uniform knn time: 0.308131 0 0 0 0 0 0.507876 0 0 0 0 0 1.61695 0 0 0 0 0 
out-dis-uniform knn time: 0.330475 0 0 0 0 0 0.51292 0 0 0 0 0 1.59294 0 0 0 0 0 
range count time: 0.000392 0 0 0 0 0 0.00391033 0 0 0 0 0 0.126921 0 0 0 0 0 
range query time: 0.000575333 0 0 0 0 0 0.00972467 0 0 0 0 0 1.4741 0 0 0 0 0 

Tree: ZdTree; AugType: WithoutBox; Split: MortonCurve; BDO: 6; Inba: 30; Coord: float; 
2_sort_by_0.in 
# Insert
## 1
median: (1, 5.36202)-> min: (1, 5.36202)-> max: (1, 5.36202)-> tot: 5.36202-> avg: 5.36202
in-dis-skewed knn time: 0.163183 0 0 0 0 0 0.307762 0 0 0 0 0 1.21668 0 0 0 0 0 
out-dis-skewed knn time: 0.112943 0 0 0 0 0 0.290098 0 0 0 0 0 2.07083 0 0 0 0 0 
in-dis-uniform knn time: 0.298058 0 0 0 0 0 0.498777 0 0 0 0 0 1.68637 0 0 0 0 0 
out-dis-uniform knn time: 0.112624 0 0 0 0 0 0.259721 0 0 0 0 0 1.84634 0 0 0 0 0 
range count time: 0.000516333 0 0 0 0 0 0.004171 0 0 0 0 0 0.139601 0 0 0 0 0 
range query time: 0.000597 0 0 0 0 0 0.009884 0 0 0 0 0 1.59212 0 0 0 0 0 
# Delete
## 0.1
median: (1, 0.355219)-> min: (2, 0.34297)-> max: (9, 0.37539)-> tot: 3.55526-> avg: 0.355525
in-dis-skewed knn time: 0.16576 0 0 0 0 0 0.305983 0 0 0 0 0 1.24201 0 0 0 0 0 
out-dis-skewed knn time: 0.122154 0 0 0 0 0 0.309243 0 0 0 0 0 2.12077 0 0 0 0 0 
in-dis-uniform knn time: 0.295003 0 0 0 0 0 0.497918 0 0 0 0 0 1.67246 0 0 0 0 0 
out-dis-uniform knn time: 0.118792 0 0 0 0 0 0.275841 0 0 0 0 0 1.88949 0 0 0 0 0 
range count time: 0.000433333 0 0 0 0 0 0.00362167 0 0 0 0 0 0.136522 0 0 0 0 0 
range query time: 0.000592333 0 0 0 0 0 0.009856 0 0 0 0 0 1.58773 0 0 0 0 0 
# Delete
## 0.01
median: (23, 0.0425387)-> min: (18, 0.03698)-> max: (81, 0.055948)-> tot: 4.37841-> avg: 0.0437836
in-dis-skewed knn time: 0.163987 0 0 0 0 0 0.305056 0 0 0 0 0 1.22135 0 0 0 0 0 
out-dis-skewed knn time: 0.123702 0 0 0 0 0 0.310377 0 0 0 0 0 2.13142 0 0 0 0 0 
in-dis-uniform knn time: 0.294177 0 0 0 0 0 0.495976 0 0 0 0 0 1.65153 0 0 0 0 0 
out-dis-uniform knn time: 0.120176 0 0 0 0 0 0.276046 0 0 0 0 0 1.89568 0 0 0 0 0 
range count time: 0.000662333 0 0 0 0 0 0.00361733 0 0 0 0 0 0.129622 0 0 0 0 0 
range query time: 0.000589 0 0 0 0 0 0.00960367 0 0 0 0 0 1.60012 0 0 0 0 0 
# Delete
## 0.001
median: (990, 0.0101763)-> min: (182, 0.00480867)-> max: (770, 0.0418767)-> tot: 11.7372-> avg: 0.0117367
in-dis-skewed knn time: 0.167706 0 0 0 0 0 0.317106 0 0 0 0 0 1.24311 0 0 0 0 0 
out-dis-skewed knn time: 0.11857 0 0 0 0 0 0.31136 0 0 0 0 0 2.13985 0 0 0 0 0 
in-dis-uniform knn time: 0.293975 0 0 0 0 0 0.496086 0 0 0 0 0 1.62703 0 0 0 0 0 
out-dis-uniform knn time: 0.119801 0 0 0 0 0 0.275926 0 0 0 0 0 1.90882 0 0 0 0 0 
range count time: 0.000357 0 0 0 0 0 0.003681 0 0 0 0 0 0.123081 0 0 0 0 0 
range query time: 0.000556333 0 0 0 0 0 0.009804 0 0 0 0 0 1.54247 0 0 0 0 0 
# Delete
## 0.0001
median: (7777, 0.00196033)-> min: (4374, 0.000991667)-> max: (9507, 0.0230503)-> tot: 28.0871-> avg: 0.00280821
in-dis-skewed knn time: 0.167571 0 0 0 0 0 0.31809 0 0 0 0 0 1.24904 0 0 0 0 0 
out-dis-skewed knn time: 0.118849 0 0 0 0 0 0.308369 0 0 0 0 0 2.15038 0 0 0 0 0 
in-dis-uniform knn time: 0.296445 0 0 0 0 0 0.497061 0 0 0 0 0 1.63152 0 0 0 0 0 
out-dis-uniform knn time: 0.120033 0 0 0 0 0 0.275123 0 0 0 0 0 1.92138 0 0 0 0 0 
range count time: 0.000433333 0 0 0 0 0 0.00374333 0 0 0 0 0 0.120292 0 0 0 0 0 
range query time: 0.000512 0 0 0 0 0 0.010097 0 0 0 0 0 1.41515 0 0 0 0 0 

Tree: ZdTree; AugType: WithoutBox; Split: MortonCurve; BDO: 6; Inba: 30; Coord: float; 
2.in 
# Insert
## 1
median: (1, 4.87423)-> min: (1, 4.87423)-> max: (1, 4.87423)-> tot: 4.87423-> avg: 4.87423
in-dis-skewed knn time: 0.295962 0 0 0 0 0 0.503178 0 0 0 0 0 1.61004 0 0 0 0 0 
out-dis-skewed knn time: 0.322452 0 0 0 0 0 0.49646 0 0 0 0 0 1.56871 0 0 0 0 0 
in-dis-uniform knn time: 0.287211 0 0 0 0 0 0.480027 0 0 0 0 0 1.53954 0 0 0 0 0 
out-dis-uniform knn time: 0.321083 0 0 0 0 0 0.488111 0 0 0 0 0 1.52364 0 0 0 0 0 
range count time: 0.000557667 0 0 0 0 0 0.00388333 0 0 0 0 0 0.142196 0 0 0 0 0 
range query time: 0.000642667 0 0 0 0 0 0.0109047 0 0 0 0 0 1.58186 0 0 0 0 0 
# Delete
## 0.1
median: (2, 0.738126)-> min: (9, 0.349283)-> max: (0, 1.03683)-> tot: 7.06992-> avg: 0.706991
in-dis-skewed knn time: 0.300514 0 0 0 0 0 0.517649 0 0 0 0 0 1.60805 0 0 0 0 0 
out-dis-skewed knn time: 0.331371 0 0 0 0 0 0.516573 0 0 0 0 0 1.57814 0 0 0 0 0 
in-dis-uniform knn time: 0.293309 0 0 0 0 0 0.497626 0 0 0 0 0 1.54994 0 0 0 0 0 
out-dis-uniform knn time: 0.326085 0 0 0 0 0 0.504407 0 0 0 0 0 1.53667 0 0 0 0 0 
range count time: 0.000437667 0 0 0 0 0 0.004183 0 0 0 0 0 0.142999 0 0 0 0 0 
range query time: 0.000515667 0 0 0 0 0 0.0104983 0 0 0 0 0 1.51357 0 0 0 0 0 
# Delete
## 0.01
median: (75, 0.189274)-> min: (99, 0.0387013)-> max: (0, 0.253191)-> tot: 18.0297-> avg: 0.180296
in-dis-skewed knn time: 0.302713 0 0 0 0 0 0.516794 0 0 0 0 0 1.59316 0 0 0 0 0 
out-dis-skewed knn time: 0.333382 0 0 0 0 0 0.515363 0 0 0 0 0 1.56442 0 0 0 0 0 
in-dis-uniform knn time: 0.295278 0 0 0 0 0 0.497966 0 0 0 0 0 1.53829 0 0 0 0 0 
out-dis-uniform knn time: 0.328093 0 0 0 0 0 0.504597 0 0 0 0 0 1.52424 0 0 0 0 0 
range count time: 0.000439667 0 0 0 0 0 0.00419933 0 0 0 0 0 0.137398 0 0 0 0 0 
range query time: 0.000487667 0 0 0 0 0 0.0105783 0 0 0 0 0 1.47927 0 0 0 0 0 
# Delete
## 0.001
median: (433, 0.0344607)-> min: (999, 0.00639067)-> max: (0, 0.0496973)-> tot: 32.9148-> avg: 0.0329143
in-dis-skewed knn time: 0.303717 0 0 0 0 0 0.519646 0 0 0 0 0 1.60522 0 0 0 0 0 
out-dis-skewed knn time: 0.334081 0 0 0 0 0 0.51885 0 0 0 0 0 1.57783 0 0 0 0 0 
in-dis-uniform knn time: 0.295851 0 0 0 0 0 0.501875 0 0 0 0 0 1.55238 0 0 0 0 0 
out-dis-uniform knn time: 0.330205 0 0 0 0 0 0.508603 0 0 0 0 0 1.53979 0 0 0 0 0 
range count time: 0.000376333 0 0 0 0 0 0.00418867 0 0 0 0 0 0.137359 0 0 0 0 0 
range query time: 0.000569667 0 0 0 0 0 0.010551 0 0 0 0 0 1.47769 0 0 0 0 0 
# Delete
## 0.0001
median: (5188, 0.005498)-> min: (9999, 0.00164567)-> max: (6, 0.0163357)-> tot: 54.2007-> avg: 0.00541957
in-dis-skewed knn time: 0.304524 0 0 0 0 0 0.520408 0 0 0 0 0 1.6099 0 0 0 0 0 
out-dis-skewed knn time: 0.335712 0 0 0 0 0 0.520342 0 0 0 0 0 1.58415 0 0 0 0 0 
in-dis-uniform knn time: 0.296807 0 0 0 0 0 0.50327 0 0 0 0 0 1.5604 0 0 0 0 0 
out-dis-uniform knn time: 0.332491 0 0 0 0 0 0.510678 0 0 0 0 0 1.54801 0 0 0 0 0 
range count time: 0.000446333 0 0 0 0 0 0.00445667 0 0 0 0 0 0.137346 0 0 0 0 0 
range query time: 0.000557333 0 0 0 0 0 0.0105077 0 0 0 0 0 1.48146 0 0 0 0 0 

