Tree: ZdTree; AugType: WithoutBox; Split: MortonCurve; BDO: 6; Inba: 30; Coord: float; 
1.in 
# Insert
## 1
median: (1, 12.09)-> min: (1, 12.09)-> max: (1, 12.09)-> tot: 12.09-> avg: 12.09
in-dis-skewed knn time: 0.115425 0 0 0 0 0 0.192448 0 0 0 0 0 0.779697 0 0 0 0 0 
out-dis-skewed knn time: 0.108249 0 0 0 0 0 0.153734 0 0 0 0 0 0.888292 0 0 0 0 0 
in-dis-uniform knn time: 0.311091 0 0 0 0 0 0.50753 0 0 0 0 0 1.62596 0 0 0 0 0 
out-dis-uniform knn time: 0.154 0 0 0 0 0 0.260964 0 0 0 0 0 1.67654 0 0 0 0 0 
range count time: 0.000371667 0 0 0 0 0 0.00378367 0 0 0 0 0 0.0855377 0 0 0 0 0 
range query time: 0.000757667 0 0 0 0 0 0.008994 0 0 0 0 0 1.58115 0 0 0 0 0 
# Insert
## 0.1
median: (0, 0.922668)-> min: (4, 0.666897)-> max: (2, 1.0883)-> tot: 8.91532-> avg: 0.891531
in-dis-skewed knn time: 0.114629 0 0 0 0 0 0.193137 0 0 0 0 0 0.760159 0 0 0 0 0 
out-dis-skewed knn time: 0.10982 0 0 0 0 0 0.154472 0 0 0 0 0 0.889006 0 0 0 0 0 
in-dis-uniform knn time: 0.310272 0 0 0 0 0 0.50554 0 0 0 0 0 1.59651 0 0 0 0 0 
out-dis-uniform knn time: 0.15135 0 0 0 0 0 0.263949 0 0 0 0 0 1.66508 0 0 0 0 0 
range count time: 0.000379667 0 0 0 0 0 0.00213167 0 0 0 0 0 0.0781883 0 0 0 0 0 
range query time: 0.000605 0 0 0 0 0 0.009044 0 0 0 0 0 1.57234 0 0 0 0 0 
# Insert
## 0.01
median: (48, 0.0814337)-> min: (72, 0.0668993)-> max: (0, 0.105296)-> tot: 8.22194-> avg: 0.0822189
in-dis-skewed knn time: 0.117324 0 0 0 0 0 0.195144 0 0 0 0 0 0.77735 0 0 0 0 0 
out-dis-skewed knn time: 0.112886 0 0 0 0 0 0.156818 0 0 0 0 0 0.889825 0 0 0 0 0 
in-dis-uniform knn time: 0.311221 0 0 0 0 0 0.506653 0 0 0 0 0 1.57642 0 0 0 0 0 
out-dis-uniform knn time: 0.152472 0 0 0 0 0 0.265044 0 0 0 0 0 1.66539 0 0 0 0 0 
range count time: 0.000365333 0 0 0 0 0 0.003463 0 0 0 0 0 0.0745067 0 0 0 0 0 
range query time: 0.000668333 0 0 0 0 0 0.00885233 0 0 0 0 0 1.51545 0 0 0 0 0 
# Insert
## 0.001
median: (801, 0.014075)-> min: (702, 0.00798267)-> max: (403, 0.0276087)-> tot: 14.4706-> avg: 0.0144701
in-dis-skewed knn time: 0.119211 0 0 0 0 0 0.193966 0 0 0 0 0 0.763258 0 0 0 0 0 
out-dis-skewed knn time: 0.11114 0 0 0 0 0 0.157024 0 0 0 0 0 0.890135 0 0 0 0 0 
in-dis-uniform knn time: 0.314018 0 0 0 0 0 0.509588 0 0 0 0 0 1.59645 0 0 0 0 0 
out-dis-uniform knn time: 0.1549 0 0 0 0 0 0.264531 0 0 0 0 0 1.69018 0 0 0 0 0 
range count time: 0.00244533 0 0 0 0 0 0.002378 0 0 0 0 0 0.0730337 0 0 0 0 0 
range query time: 0.000594667 0 0 0 0 0 0.008783 0 0 0 0 0 1.39786 0 0 0 0 0 
# Insert
## 0.0001
median: (360, 0.00924633)-> min: (49, 0.00856267)-> max: (175, 0.0163907)-> tot: 94.3296-> avg: 0.00943246
in-dis-skewed knn time: 0.119494 0 0 0 0 0 0.196138 0 0 0 0 0 0.782569 0 0 0 0 0 
out-dis-skewed knn time: 0.110628 0 0 0 0 0 0.158016 0 0 0 0 0 0.866922 0 0 0 0 0 
in-dis-uniform knn time: 0.317331 0 0 0 0 0 0.513259 0 0 0 0 0 1.60591 0 0 0 0 0 
out-dis-uniform knn time: 0.152514 0 0 0 0 0 0.266721 0 0 0 0 0 1.69357 0 0 0 0 0 
range count time: 0.000369 0 0 0 0 0 0.002333 0 0 0 0 0 0.0736327 0 0 0 0 0 
range query time: 0.000620333 0 0 0 0 0 0.008688 0 0 0 0 0 1.4023 0 0 0 0 0 

Tree: ZdTree; AugType: WithoutBox; Split: MortonCurve; BDO: 6; Inba: 30; Coord: float; 
2_sort_by_0.in 
# Insert
## 1
median: (1, 5.85112)-> min: (1, 5.85112)-> max: (1, 5.85112)-> tot: 5.85112-> avg: 5.85112
in-dis-skewed knn time: 0.148482 0 0 0 0 0 0.284295 0 0 0 0 0 1.20274 0 0 0 0 0 
out-dis-skewed knn time: 0.10241 0 0 0 0 0 0.387466 0 0 0 0 0 2.20307 0 0 0 0 0 
in-dis-uniform knn time: 0.279718 0 0 0 0 0 0.484478 0 0 0 0 0 1.67357 0 0 0 0 0 
out-dis-uniform knn time: 0.102674 0 0 0 0 0 0.343335 0 0 0 0 0 1.91842 0 0 0 0 0 
range count time: 0.000303667 0 0 0 0 0 0.004341 0 0 0 0 0 0.141709 0 0 0 0 0 
range query time: 0.000498 0 0 0 0 0 0.0105677 0 0 0 0 0 1.63602 0 0 0 0 0 
# Insert
## 0.1
median: (5, 0.522051)-> min: (4, 0.416165)-> max: (9, 0.544755)-> tot: 4.84175-> avg: 0.484174
in-dis-skewed knn time: 0.137407 0 0 0 0 0 0.279951 0 0 0 0 0 1.21333 0 0 0 0 0 
out-dis-skewed knn time: 0.103173 0 0 0 0 0 0.390152 0 0 0 0 0 2.20058 0 0 0 0 0 
in-dis-uniform knn time: 0.2782 0 0 0 0 0 0.481334 0 0 0 0 0 1.65192 0 0 0 0 0 
out-dis-uniform knn time: 0.103317 0 0 0 0 0 0.346341 0 0 0 0 0 1.91718 0 0 0 0 0 
range count time: 0.000376667 0 0 0 0 0 0.00447767 0 0 0 0 0 0.135012 0 0 0 0 0 
range query time: 0.000431 0 0 0 0 0 0.010579 0 0 0 0 0 1.63883 0 0 0 0 0 
# Insert
## 0.01
median: (89, 0.057717)-> min: (23, 0.0428667)-> max: (73, 0.0734967)-> tot: 5.61136-> avg: 0.0561131
in-dis-skewed knn time: 0.138075 0 0 0 0 0 0.283176 0 0 0 0 0 1.19757 0 0 0 0 0 
out-dis-skewed knn time: 0.104216 0 0 0 0 0 0.395749 0 0 0 0 0 2.20791 0 0 0 0 0 
in-dis-uniform knn time: 0.277555 0 0 0 0 0 0.480406 0 0 0 0 0 1.63371 0 0 0 0 0 
out-dis-uniform knn time: 0.104353 0 0 0 0 0 0.349524 0 0 0 0 0 1.9256 0 0 0 0 0 
range count time: 0.000412667 0 0 0 0 0 0.00455367 0 0 0 0 0 0.128905 0 0 0 0 0 
range query time: 0.000497 0 0 0 0 0 0.0105527 0 0 0 0 0 1.64841 0 0 0 0 0 
# Insert
## 0.001
median: (136, 0.0134367)-> min: (939, 0.00922633)-> max: (1, 0.0268543)-> tot: 14.3639-> avg: 0.0143634
in-dis-skewed knn time: 0.13998 0 0 0 0 0 0.286038 0 0 0 0 0 1.20131 0 0 0 0 0 
out-dis-skewed knn time: 0.105155 0 0 0 0 0 0.402918 0 0 0 0 0 2.22782 0 0 0 0 0 
in-dis-uniform knn time: 0.278407 0 0 0 0 0 0.479477 0 0 0 0 0 1.61432 0 0 0 0 0 
out-dis-uniform knn time: 0.104932 0 0 0 0 0 0.355267 0 0 0 0 0 1.93892 0 0 0 0 0 
range count time: 0.000919667 0 0 0 0 0 0.00473267 0 0 0 0 0 0.125895 0 0 0 0 0 
range query time: 0.000513333 0 0 0 0 0 0.0104457 0 0 0 0 0 1.5657 0 0 0 0 0 
# Insert
## 0.0001
median: (4677, 0.00914133)-> min: (49, 0.008491)-> max: (121, 0.0208457)-> tot: 93.5989-> avg: 0.00935939
in-dis-skewed knn time: 0.140432 0 0 0 0 0 0.291634 0 0 0 0 0 1.22654 0 0 0 0 0 
out-dis-skewed knn time: 0.105304 0 0 0 0 0 0.407362 0 0 0 0 0 2.25286 0 0 0 0 0 
in-dis-uniform knn time: 0.273586 0 0 0 0 0 0.47647 0 0 0 0 0 1.63354 0 0 0 0 0 
out-dis-uniform knn time: 0.105648 0 0 0 0 0 0.360009 0 0 0 0 0 1.96242 0 0 0 0 0 
range count time: 0.000370667 0 0 0 0 0 0.00530233 0 0 0 0 0 0.128011 0 0 0 0 0 
range query time: 0.000506667 0 0 0 0 0 0.0102817 0 0 0 0 0 1.4734 0 0 0 0 0 

Tree: ZdTree; AugType: WithoutBox; Split: MortonCurve; BDO: 6; Inba: 30; Coord: float; 
2.in 
# Insert
## 1
median: (1, 5.47865)-> min: (1, 5.47865)-> max: (1, 5.47865)-> tot: 5.47865-> avg: 5.47865
in-dis-skewed knn time: 0.279076 0 0 0 0 0 0.489399 0 0 0 0 0 1.6141 0 0 0 0 0 
out-dis-skewed knn time: 0.306437 0 0 0 0 0 0.484058 0 0 0 0 0 1.57028 0 0 0 0 0 
in-dis-uniform knn time: 0.269478 0 0 0 0 0 0.465735 0 0 0 0 0 1.53974 0 0 0 0 0 
out-dis-uniform knn time: 0.301954 0 0 0 0 0 0.473333 0 0 0 0 0 1.52332 0 0 0 0 0 
range count time: 0.000372 0 0 0 0 0 0.00473133 0 0 0 0 0 0.142181 0 0 0 0 0 
range query time: 0.000494667 0 0 0 0 0 0.0106903 0 0 0 0 0 1.58795 0 0 0 0 0 
# Insert
## 0.1
median: (5, 0.594871)-> min: (0, 0.348429)-> max: (9, 0.733179)-> tot: 5.47267-> avg: 0.547266
in-dis-skewed knn time: 0.276874 0 0 0 0 0 0.482754 0 0 0 0 0 1.54794 0 0 0 0 0 
out-dis-skewed knn time: 0.307957 0 0 0 0 0 0.485051 0 0 0 0 0 1.53007 0 0 0 0 0 
in-dis-uniform knn time: 0.272872 0 0 0 0 0 0.46945 0 0 0 0 0 1.50897 0 0 0 0 0 
out-dis-uniform knn time: 0.306455 0 0 0 0 0 0.477711 0 0 0 0 0 1.49854 0 0 0 0 0 
range count time: 0.000374 0 0 0 0 0 0.00484133 0 0 0 0 0 0.11763 0 0 0 0 0 
range query time: 0.000495 0 0 0 0 0 0.00973833 0 0 0 0 0 1.41419 0 0 0 0 0 
# Insert
## 0.01
median: (59, 0.176238)-> min: (0, 0.0789123)-> max: (98, 0.212456)-> tot: 16.4696-> avg: 0.164695
in-dis-skewed knn time: 0.271396 0 0 0 0 0 0.482263 0 0 0 0 0 1.57442 0 0 0 0 0 
out-dis-skewed knn time: 0.303152 0 0 0 0 0 0.486162 0 0 0 0 0 1.55995 0 0 0 0 0 
in-dis-uniform knn time: 0.266466 0 0 0 0 0 0.471183 0 0 0 0 0 1.54054 0 0 0 0 0 
out-dis-uniform knn time: 0.301336 0 0 0 0 0 0.479737 0 0 0 0 0 1.53277 0 0 0 0 0 
range count time: 0.000357 0 0 0 0 0 0.00506467 0 0 0 0 0 0.123585 0 0 0 0 0 
range query time: 0.0005 0 0 0 0 0 0.00971267 0 0 0 0 0 1.41672 0 0 0 0 0 
# Insert
## 0.001
median: (520, 0.0255383)-> min: (2, 0.0105107)-> max: (876, 0.0338653)-> tot: 25.8022-> avg: 0.0258017
in-dis-skewed knn time: 0.266471 0 0 0 0 0 0.478416 0 0 0 0 0 1.58087 0 0 0 0 0 
out-dis-skewed knn time: 0.300009 0 0 0 0 0 0.482876 0 0 0 0 0 1.56618 0 0 0 0 0 
in-dis-uniform knn time: 0.261399 0 0 0 0 0 0.466866 0 0 0 0 0 1.54781 0 0 0 0 0 
out-dis-uniform knn time: 0.298031 0 0 0 0 0 0.475825 0 0 0 0 0 1.54007 0 0 0 0 0 
range count time: 0.000411 0 0 0 0 0 0.00567133 0 0 0 0 0 0.135224 0 0 0 0 0 
range query time: 0.000452333 0 0 0 0 0 0.009883 0 0 0 0 0 1.47562 0 0 0 0 0 
# Insert
## 0.0001
median: (2769, 0.0133297)-> min: (10, 0.00959067)-> max: (957, 0.027944)-> tot: 135.219-> avg: 0.0135214
in-dis-skewed knn time: 0.270259 0 0 0 0 0 0.48444 0 0 0 0 0 1.59091 0 0 0 0 0 
out-dis-skewed knn time: 0.302311 0 0 0 0 0 0.487268 0 0 0 0 0 1.57341 0 0 0 0 0 
in-dis-uniform knn time: 0.265197 0 0 0 0 0 0.471179 0 0 0 0 0 1.55369 0 0 0 0 0 
out-dis-uniform knn time: 0.300027 0 0 0 0 0 0.479905 0 0 0 0 0 1.54835 0 0 0 0 0 
range count time: 0.000421 0 0 0 0 0 0.00609667 0 0 0 0 0 0.146835 0 0 0 0 0 
range query time: 0.000764 0 0 0 0 0 0.010259 0 0 0 0 0 1.52783 0 0 0 0 0 

