Tree: KdTree; AugType: HasBox; Split: MaxStretchDim-ObjectMedian; BDO: 6; Inba: 30; LeafWrap: 1024; Coord: integer; 
1.in 16.5988 24 24 
0.054508 1 24 0 24 24 0.061867 1 24 0 24 24 0.124609 2.06872 26.3413 0 26.3413 25.2726 0.138352 1.91728 26.053 0 26.053 25.1358 0.54115 6.95249 33.9921 0 33.9921 28.0396 0.563534 5.78846 32.315 0 32.315 27.5266 4.95378 41.6479 77.4525 0 77.4525 36.8046 5.0168 32.1157 66.3545 0 66.3545 35.2387 0.777877 2.12915 26.7494 0 7.587e-05 25.6202 0.203664 28.1749 84.3301 0 1.43353 55.7217 2.71271 196.888 462.991 0 88.5071 178.596 
0.0456883 1 24 0 24 24 0.050322 1 24 0 24 24 0.110613 2.06872 26.3413 0 26.3413 25.2726 0.12253 1.91728 26.053 0 26.053 25.1358 0.521756 6.95249 33.9921 0 33.9921 28.0396 0.537245 5.78846 32.315 0 32.315 27.5266 4.9051 41.6479 77.4525 0 77.4525 36.8046 4.99146 32.1157 66.3545 0 66.3545 35.2387 0.958397 2.12915 26.7494 0 7.587e-05 25.6202 0.169287 28.1749 84.3301 0 1.43353 55.7217 2.1505 196.888 462.991 0 88.5071 178.596 

Tree: KdTree; AugType: HasBox; Split: MaxStretchDim-ObjectMedian; BDO: 6; Inba: 30; LeafWrap: 128; Coord: integer; 
1.in 12.5024 26 24.0203 
0.0583133 1 24.0018 0 24.0018 24.0018 0.0613673 1 24.0303 0 24.0303 24.0303 0.125453 2.06927 26.3442 0 26.3442 25.275 0.136552 1.92627 26.1023 0 26.1023 25.176 0.539427 6.95606 33.9991 0 33.9991 28.0431 0.561067 5.84764 32.4336 0 32.4336 27.586 4.96908 41.6733 77.4852 0 77.4852 36.8118 5.01735 32.5316 66.8953 0 66.8953 35.3638 0.776158 2.12955 26.7516 0 7.588e-05 25.622 0.211903 28.1843 84.3506 0 1.43447 55.7318 3.02268 198.145 465.953 0 89.2677 179.541 
0.045926 1 24.0018 0 24.0018 24.0018 0.0488767 1 24.0303 0 24.0303 24.0303 0.110978 2.06927 26.3442 0 26.3442 25.275 0.123612 1.92627 26.1023 0 26.1023 25.176 0.514868 6.95606 33.9991 0 33.9991 28.0431 0.546304 5.84764 32.4336 0 32.4336 27.586 4.94254 41.6733 77.4852 0 77.4852 36.8118 4.99124 32.5316 66.8953 0 66.8953 35.3638 0.959601 2.12955 26.7516 0 7.588e-05 25.622 0.168861 28.1843 84.3506 0 1.43447 55.7318 2.13869 198.145 465.953 0 89.2677 179.541 

Tree: KdTree; AugType: HasBox; Split: MaxStretchDim-ObjectMedian; BDO: 6; Inba: 30; LeafWrap: 16; Coord: integer; 
1.in 14.8282 29 26.512 
0.0570143 1 26.2099 0 26.2099 26.2099 0.060888 1 26.6618 0 26.6618 26.6618 0.12262 3.74403 31.5917 0 31.5917 28.8477 0.129986 3.80937 32.1946 0 32.1946 29.3852 0.58243 20.2434 54.4753 0 54.4753 35.2318 0.60655 20.4705 55.3578 0 55.3578 35.8873 5.64499 162.569 214.754 0 214.754 53.1854 5.89232 164.06 217.288 0 217.288 54.2275 0.70361 3.26002 31.9892 0 0.00851364 29.7207 0.227965 57.7969 159.524 0 8.45196 94.2747 3.59979 411.395 1075.18 0 275.629 389.151 
0.0461787 1 26.2099 0 26.2099 26.2099 0.045281 1 26.6618 0 26.6618 26.6618 0.0935123 3.74403 31.5917 0 31.5917 28.8477 0.097323 3.80937 32.1946 0 32.1946 29.3852 0.520495 20.2434 54.4753 0 54.4753 35.2318 0.522532 20.4705 55.3578 0 55.3578 35.8873 5.2188 162.569 214.754 0 214.754 53.1854 5.21837 164.06 217.288 0 217.288 54.2275 0.824988 3.26002 31.9892 0 0.00851364 29.7207 0.179541 57.7969 159.524 0 8.45196 94.2747 2.61069 411.395 1075.18 0 275.629 389.151 

Tree: KdTree; AugType: HasBox; Split: MaxStretchDim-ObjectMedian; BDO: 6; Inba: 30; LeafWrap: 32; Coord: integer; 
1.in 14.8194 28 25.5294 
0.0550697 1 25.2194 0 25.2194 25.2194 0.061358 1 25.682 0 25.682 25.682 0.119167 2.73843 28.891 0 28.891 27.1525 0.125008 2.77943 29.4809 0 29.4809 27.7014 0.543196 12.0308 42.6558 0 42.6558 31.625 0.5569 12.2049 43.4786 0 43.4786 32.2737 5.16748 86.4883 129.922 0 129.922 44.4339 5.28852 87.6749 132.081 0 132.081 45.4062 0.690971 2.67775 29.3707 0 0.00129481 27.6917 0.219389 42.3381 118.204 0 3.87774 72.9886 3.1129 313.399 769.134 0 175.898 280.837 
0.0454927 1 25.2194 0 25.2194 25.2194 0.0480593 1 25.682 0 25.682 25.682 0.097151 2.73843 28.891 0 28.891 27.1525 0.096552 2.77943 29.4809 0 29.4809 27.7014 0.495879 12.0308 42.6558 0 42.6558 31.625 0.508944 12.2049 43.4786 0 43.4786 32.2737 4.94606 86.4883 129.922 0 129.922 44.4339 4.99401 87.6749 132.081 0 132.081 45.4062 0.822909 2.67775 29.3707 0 0.00129481 27.6917 0.172397 42.3381 118.204 0 3.87774 72.9886 2.46977 313.399 769.134 0 175.898 280.837 

Tree: KdTree; AugType: HasBox; Split: MaxStretchDim-ObjectMedian; BDO: 6; Inba: 30; LeafWrap: 512; Coord: integer; 
1.in 13.2767 24 24 
0.0549217 1 24 0 24 24 0.0627583 1 24 0 24 24 0.125409 2.06872 26.3413 0 26.3413 25.2726 0.140692 1.91728 26.053 0 26.053 25.1358 0.541709 6.95249 33.9921 0 33.9921 28.0396 0.561398 5.78846 32.315 0 32.315 27.5266 4.96146 41.6479 77.4525 0 77.4525 36.8046 5.02311 32.1157 66.3545 0 66.3545 35.2387 0.779444 2.12915 26.7494 0 7.587e-05 25.6202 0.198664 28.1749 84.3301 0 1.43353 55.7217 2.62782 196.889 462.992 0 88.5071 178.596 
0.04581 1 24 0 24 24 0.0502763 1 24 0 24 24 0.113911 2.06872 26.3413 0 26.3413 25.2726 0.123396 1.91728 26.053 0 26.053 25.1358 0.515811 6.95249 33.9921 0 33.9921 28.0396 0.547628 5.78846 32.315 0 32.315 27.5266 4.92923 41.6479 77.4525 0 77.4525 36.8046 4.99342 32.1157 66.3545 0 66.3545 35.2387 0.968425 2.12915 26.7494 0 7.587e-05 25.6202 0.171658 28.1749 84.3301 0 1.43353 55.7217 2.13269 196.889 462.992 0 88.5071 178.596 

Tree: KdTree; AugType: HasBox; Split: MaxStretchDim-ObjectMedian; BDO: 6; Inba: 30; LeafWrap: 64; Coord: integer; 
1.in 14.2404 27 24.5497 
0.0582193 1 24.2712 0 24.2712 24.2712 0.0609437 1 24.6977 0 24.6977 24.6977 0.123559 2.18132 26.843 0 26.843 25.6617 0.134903 2.1911 27.3289 0 27.3289 26.1378 0.539709 7.74306 35.4627 0 35.4627 28.7196 0.55056 7.70109 35.9335 0 35.9335 29.2324 5.02466 48.2273 85.4191 0 85.4191 38.1918 5.0643 47.6609 85.463 0 85.463 38.8021 0.770493 2.23786 27.2915 0 0.00012259 26.0536 0.202902 30.8346 90.4136 0 1.77456 58.8044 2.83703 231.833 548.933 0 111.523 206.576 
0.0429817 1 24.2712 0 24.2712 24.2712 0.045792 1 24.6977 0 24.6977 24.6977 0.105507 2.18132 26.843 0 26.843 25.6617 0.110981 2.1911 27.3289 0 27.3289 26.1378 0.506141 7.74306 35.4627 0 35.4627 28.7196 0.51816 7.70109 35.9335 0 35.9335 29.2324 4.90848 48.2273 85.4191 0 85.4191 38.1918 4.94121 47.6609 85.463 0 85.463 38.8021 0.901258 2.23786 27.2915 0 0.00012259 26.0536 0.172467 30.8346 90.4136 0 1.77456 58.8044 2.17549 231.833 548.933 0 111.523 206.576 

Tree: KdTree; AugType: HasBox; Split: MaxStretchDim-ObjectMedian; BDO: 6; Inba: 30; LeafWrap: 1024; Coord: integer; 
2_sort_by_0.in 17.5735 24 24 
0.19645 1 24 0 24 24 0.195844 1 24 0 24 24 0.363099 1.95934 26.1115 0 26.1115 25.1521 0.373422 1.97363 26.1383 0 26.1383 25.1647 1.15121 6.21079 32.6792 0 32.6792 27.4684 1.17703 6.31103 32.8091 0 32.8091 27.4981 7.24136 34.0628 68.4087 0 68.4087 35.3459 7.40851 34.9512 69.445 0 69.445 35.4938 0.932612 2.64989 27.8919 0 3.358e-05 26.2419 0.25623 34.8947 97.9916 0 0.945205 63.1516 2.78505 226.811 520.815 0 97.2529 197.751 
0.15156 1 24 0 24 24 0.141539 1 24 0 24 24 0.273602 1.95934 26.1115 0 26.1115 25.1521 0.267681 1.97363 26.1383 0 26.1383 25.1647 0.926124 6.21079 32.6792 0 32.6792 27.4684 0.873775 6.31103 32.8091 0 32.8091 27.4981 5.76529 34.0628 68.4087 0 68.4087 35.3459 5.64624 34.9512 69.445 0 69.445 35.4938 1.12517 2.64989 27.8919 0 3.358e-05 26.2419 0.21184 34.8947 97.9916 0 0.945205 63.1516 2.15955 226.811 520.815 0 97.2529 197.751 

Tree: KdTree; AugType: HasBox; Split: MaxStretchDim-ObjectMedian; BDO: 6; Inba: 30; LeafWrap: 128; Coord: integer; 
2_sort_by_0.in 11.7162 26 24.0113 
0.207865 1 24.0128 0 24.0128 24.0128 0.20713 1 24.0122 0 24.0122 24.0122 0.386262 1.96336 26.1321 0 26.1321 25.1687 0.392012 1.97748 26.1581 0 26.1581 25.1806 1.23517 6.23562 32.7292 0 32.7292 27.4936 1.24234 6.33467 32.8572 0 32.8572 27.5225 7.48757 34.239 68.6346 0 68.6346 35.3956 7.61662 35.1207 69.663 0 69.663 35.5423 0.945968 2.65335 27.9078 0 3.358e-05 26.2544 0.266358 34.9841 98.193 0 0.949823 63.2591 3.03956 227.46 522.218 0 97.5626 198.195 
0.146456 1 24.0128 0 24.0128 24.0128 0.139788 1 24.0122 0 24.0122 24.0122 0.280441 1.96336 26.1321 0 26.1321 25.1687 0.272336 1.97748 26.1581 0 26.1581 25.1806 0.909315 6.23562 32.7292 0 32.7292 27.4936 0.884307 6.33467 32.8572 0 32.8572 27.5225 5.72342 34.239 68.6346 0 68.6346 35.3956 5.69132 35.1207 69.663 0 69.663 35.5423 1.11982 2.65335 27.9078 0 3.358e-05 26.2544 0.208753 34.9841 98.193 0 0.949823 63.2591 2.16558 227.46 522.218 0 97.5626 198.195 

Tree: KdTree; AugType: HasBox; Split: MaxStretchDim-ObjectMedian; BDO: 6; Inba: 30; LeafWrap: 16; Coord: integer; 
2_sort_by_0.in 13.5319 29 26.4979 
0.142898 1 26.503 0 26.503 26.503 0.147253 1 26.4705 0 26.4705 26.4705 0.335435 3.79769 31.9481 0 31.9481 29.1504 0.339665 3.79736 31.9178 0 31.9178 29.1204 1.44339 20.3639 54.9694 0 54.9694 35.6055 1.46013 20.3895 54.9393 0 54.9393 35.5497 10.9306 158.868 211.116 0 211.116 53.2475 10.9608 159.101 211.415 0 211.415 53.3135 0.913519 4.48034 35.3518 0 0.00823201 31.8633 0.288922 78.9887 208.19 0 7.79608 122.405 3.72141 475.731 1213.01 0 305.072 433.203 
0.093349 1 26.503 0 26.503 26.503 0.110843 1 26.4705 0 26.4705 26.4705 0.280471 3.79769 31.9481 0 31.9481 29.1504 0.301643 3.79736 31.9178 0 31.9178 29.1204 1.25956 20.3639 54.9694 0 54.9694 35.6055 1.38584 20.3895 54.9393 0 54.9393 35.5497 9.10347 158.868 211.116 0 211.116 53.2475 9.82656 159.101 211.415 0 211.415 53.3135 0.996284 4.48034 35.3518 0 0.00823201 31.8633 0.219374 78.9887 208.19 0 7.79608 122.405 2.81416 475.731 1213.01 0 305.072 433.203 

Tree: KdTree; AugType: HasBox; Split: MaxStretchDim-ObjectMedian; BDO: 6; Inba: 30; LeafWrap: 32; Coord: integer; 
2_sort_by_0.in 14.4901 28 25.5197 
0.15275 1 25.5256 0 25.5256 25.5256 0.155245 1 25.4919 0 25.4919 25.4919 0.325086 2.76611 29.2539 0 29.2539 27.4878 0.329696 2.76914 29.2169 0 29.2169 27.4478 1.28756 12.1529 43.1734 0 43.1734 32.0205 1.28376 12.1687 43.1099 0 43.1099 31.9411 9.20975 85.1034 128.634 0 128.634 44.5309 9.2629 85.1893 128.713 0 128.713 44.5236 0.941096 3.57589 31.8653 0 0.00123691 29.2881 0.267958 56.8927 152.807 0 3.48495 93.4298 3.30106 359.212 862.975 0 193.519 311.244 
0.088378 1 25.5256 0 25.5256 25.5256 0.114888 1 25.4919 0 25.4919 25.4919 0.219602 2.76611 29.2539 0 29.2539 27.4878 0.264904 2.76914 29.2169 0 29.2169 27.4478 0.923133 12.1529 43.1734 0 43.1734 32.0205 1.10382 12.1687 43.1099 0 43.1099 31.9411 6.28275 85.1034 128.634 0 128.634 44.5309 7.43285 85.1893 128.713 0 128.713 44.5236 0.976761 3.57589 31.8653 0 0.00123691 29.2881 0.208293 56.8927 152.807 0 3.48495 93.4298 2.68413 359.212 862.975 0 193.519 311.244 

Tree: KdTree; AugType: HasBox; Split: MaxStretchDim-ObjectMedian; BDO: 6; Inba: 30; LeafWrap: 4; Coord: integer; 
2_sort_by_0.in 14.5148 31 28.378 
0.16566 1 28.3884 0 28.3884 28.3884 0.169699 1 28.3575 0 28.3575 28.3575 0.483792 7.64932 40.3888 0 40.3888 33.7395 0.507154 7.65245 40.3663 0 40.3663 33.7139 2.55975 60.0296 105.486 0 105.486 46.4562 2.6457 60.1994 105.613 0 105.613 46.4132 19.9378 545.392 626.025 0 626.025 81.6337 20.7602 546.696 627.549 0 627.549 81.8533 0.966189 5.7694 44.5287 0 0.191646 39.5677 0.461272 111.929 375.55 0 37.1064 227.515 7.10805 603.345 2199.07 0 728.38 868.348 
0.081347 1 28.3884 0 28.3884 28.3884 0.0858367 1 28.3575 0 28.3575 28.3575 0.270198 7.64932 40.3888 0 40.3888 33.7395 0.269132 7.65245 40.3663 0 40.3663 33.7139 1.4636 60.0296 105.486 0 105.486 46.4562 1.48922 60.1994 105.613 0 105.613 46.4132 10.5605 545.392 626.025 0 626.025 81.6337 10.7568 546.696 627.549 0 627.549 81.8533 1.14431 5.7694 44.5287 0 0.191646 39.5677 0.251681 111.929 375.55 0 37.1064 227.515 2.39296 603.345 2199.07 0 728.38 868.348 

Tree: KdTree; AugType: HasBox; Split: MaxStretchDim-ObjectMedian; BDO: 6; Inba: 30; LeafWrap: 512; Coord: integer; 
2_sort_by_0.in 12.9338 24 24 
0.193101 1 24 0 24 24 0.202363 1 24 0 24 24 0.360605 1.95934 26.1115 0 26.1115 25.1521 0.38311 1.97363 26.1383 0 26.1383 25.1647 1.1671 6.21079 32.6792 0 32.6792 27.4684 1.21183 6.31103 32.8091 0 32.8091 27.4981 7.17266 34.0628 68.4087 0 68.4087 35.3459 7.46617 34.9512 69.445 0 69.445 35.4938 0.920443 2.64989 27.8919 0 3.358e-05 26.2419 0.255412 34.8947 97.9916 0 0.945205 63.1516 2.75217 226.811 520.815 0 97.253 197.751 
0.151067 1 24 0 24 24 0.14247 1 24 0 24 24 0.283944 1.95934 26.1115 0 26.1115 25.1521 0.254311 1.97363 26.1383 0 26.1383 25.1647 0.915598 6.21079 32.6792 0 32.6792 27.4684 0.877365 6.31103 32.8091 0 32.8091 27.4981 5.81838 34.0628 68.4087 0 68.4087 35.3459 5.61054 34.9512 69.445 0 69.445 35.4938 1.12685 2.64989 27.8919 0 3.358e-05 26.2419 0.21211 34.8947 97.9916 0 0.945205 63.1516 2.1648 226.811 520.815 0 97.253 197.751 

Tree: KdTree; AugType: HasBox; Split: MaxStretchDim-ObjectMedian; BDO: 6; Inba: 30; LeafWrap: 64; Coord: integer; 
2_sort_by_0.in 13.5742 27 24.5405 
0.178151 1 24.5456 0 24.5456 24.5456 0.174812 1 24.5179 0 24.5179 24.5179 0.356051 2.18931 27.1142 0 27.1142 25.9249 0.34065 2.19207 27.0898 0 27.0898 25.8977 1.19093 7.76112 35.61 0 35.61 28.8489 1.18076 7.78283 35.5887 0 35.5887 28.8059 7.7958 46.4784 83.4485 0 83.4485 37.9701 7.81036 46.7161 83.715 0 83.715 37.9989 0.919238 2.91069 29.0558 0 9.772e-05 27.1451 0.267897 41.1308 113.005 0 1.46457 71.4097 2.84555 265.104 610.273 0 120.095 226.074 
0.119471 1 24.5456 0 24.5456 24.5456 0.128242 1 24.5179 0 24.5179 24.5179 0.244103 2.18931 27.1142 0 27.1142 25.9249 0.265997 2.19207 27.0898 0 27.0898 25.8977 0.874435 7.76112 35.61 0 35.61 28.8489 0.929685 7.78283 35.5887 0 35.5887 28.8059 5.9113 46.4784 83.4485 0 83.4485 37.9701 6.06043 46.7161 83.715 0 83.715 37.9989 1.04158 2.91069 29.0558 0 9.772e-05 27.1451 0.210279 41.1308 113.005 0 1.46457 71.4097 2.17371 265.104 610.273 0 120.095 226.074 

Tree: KdTree; AugType: HasBox; Split: MaxStretchDim-ObjectMedian; BDO: 6; Inba: 30; LeafWrap: 1024; Coord: integer; 
2.in 14.1824 24 24 
0.417282 1 23.9999 0 23.9999 23.9999 0.411722 1 23.9999 0 23.9999 23.9999 0.676081 1.99526 26.2393 0 26.2393 25.244 0.673071 1.99584 26.2416 0 26.2416 25.2458 1.82874 6.42899 33.2546 0 33.2546 27.8257 1.80633 6.43001 33.2555 0 33.2555 27.8255 9.66323 36.3211 71.8262 0 71.8262 36.5051 9.42482 36.3277 71.8336 0 71.8336 36.5059 1.09928 2.45935 27.3286 0 1.25e-05 25.8692 0.337192 37.5048 102.848 0 0.676837 65.6667 2.7097 280.398 628.969 0 102.36 247.211 
0.356489 1 23.9999 0 23.9999 23.9999 0.350776 1 23.9999 0 23.9999 23.9999 0.559205 1.99526 26.2393 0 26.2393 25.244 0.55408 1.99584 26.2416 0 26.2416 25.2458 1.48506 6.42899 33.2546 0 33.2546 27.8257 1.46283 6.43001 33.2555 0 33.2555 27.8255 7.12189 36.3211 71.8262 0 71.8262 36.5051 6.91326 36.3277 71.8336 0 71.8336 36.5059 1.32001 2.45935 27.3286 0 1.25e-05 25.8692 0.263383 37.5048 102.848 0 0.676837 65.6667 2.10455 280.398 628.969 0 102.36 247.211 

Tree: KdTree; AugType: HasBox; Split: MaxStretchDim-ObjectMedian; BDO: 6; Inba: 30; LeafWrap: 128; Coord: integer; 
2.in 7.51739 26 24.0175 
0.580611 1 24.0214 0 24.0214 24.0214 0.565927 1 24.0214 0 24.0214 24.0214 0.927547 2.00185 26.2738 0 26.2738 25.2719 0.917703 2.00245 26.2763 0 26.2763 25.2738 2.51621 6.47012 33.338 0 33.338 27.8679 2.49125 6.47119 33.3389 0 33.3389 27.8677 13.0734 36.6144 72.2067 0 72.2067 36.5923 12.5555 36.6211 72.2144 0 72.2144 36.5933 1.11918 2.47932 27.4355 0 1.266e-05 25.9562 0.374234 38.2294 104.538 0 0.710741 66.5979 3.48202 283.002 634.654 0 103.481 249.171 
0.336493 1 24.0214 0 24.0214 24.0214 0.333196 1 24.0214 0 24.0214 24.0214 0.545525 2.00185 26.2738 0 26.2738 25.2719 0.546384 2.00245 26.2763 0 26.2763 25.2738 1.48217 6.47012 33.338 0 33.338 27.8679 1.45118 6.47119 33.3389 0 33.3389 27.8677 7.09198 36.6144 72.2067 0 72.2067 36.5923 6.94894 36.6211 72.2144 0 72.2144 36.5933 1.27552 2.47932 27.4355 0 1.266e-05 25.9562 0.260809 38.2294 104.538 0 0.710741 66.5979 2.13502 283.002 634.654 0 103.481 249.171 

Tree: KdTree; AugType: HasBox; Split: MaxStretchDim-ObjectMedian; BDO: 6; Inba: 30; LeafWrap: 16; Coord: integer; 
2.in 10.5238 29 26.505 
0.287538 1 26.4458 0 26.4458 26.4458 0.286688 1 26.4456 0 26.4456 26.4456 0.529362 3.8064 31.9806 0 31.9806 29.1741 0.526316 3.80669 31.9835 0 31.9835 29.1768 1.87313 20.4172 55.2394 0 55.2394 35.8222 1.8687 20.4183 55.239 0 55.239 35.8207 12.8806 160.847 214.431 0 214.431 54.584 13.7896 160.847 214.429 0 214.429 54.5815 0.852104 4.25622 35.1412 0 0.00852809 31.8765 0.341924 90.6253 240.474 0 7.72106 143.127 3.54106 609.9 1518.64 0 351.952 557.787 
0.299193 1 26.4458 0 26.4458 26.4458 0.29107 1 26.4456 0 26.4456 26.4456 0.593589 3.8064 31.9806 0 31.9806 29.1741 0.590084 3.80669 31.9835 0 31.9835 29.1768 2.10019 20.4172 55.2394 0 55.2394 35.8222 2.12909 20.4183 55.239 0 55.239 35.8207 12.5877 160.847 214.431 0 214.431 54.584 11.627 160.847 214.429 0 214.429 54.5815 1.00458 4.25622 35.1412 0 0.00852809 31.8765 0.258389 90.6253 240.474 0 7.72106 143.127 2.5549 609.9 1518.64 0 351.952 557.787 

Tree: KdTree; AugType: HasBox; Split: MaxStretchDim-ObjectMedian; BDO: 6; Inba: 30; LeafWrap: 32; Coord: integer; 
2.in 9.06529 28 25.5267 
0.298362 1 25.4674 0 25.4674 25.4674 0.297257 1 25.4673 0 25.4673 25.4673 0.527127 2.77614 29.2737 0 29.2737 27.4976 0.522205 2.77634 29.2767 0 29.2767 27.5004 1.69016 12.1901 43.393 0 43.393 32.2029 1.67782 12.1908 43.3925 0 43.3925 32.2017 10.6643 86.1904 130.789 0 130.789 45.599 10.4731 86.1909 130.788 0 130.788 45.5968 0.882708 3.45082 31.7755 0 0.00126067 29.3234 0.331682 66.5453 175.687 0 3.34467 106.797 3.26182 460.574 1069.69 0 214.061 396.059 
0.256837 1 25.4674 0 25.4674 25.4674 0.251939 1 25.4673 0 25.4673 25.4673 0.470178 2.77614 29.2737 0 29.2737 27.4976 0.470728 2.77634 29.2767 0 29.2767 27.5004 1.48104 12.1901 43.393 0 43.393 32.2029 1.46779 12.1908 43.3925 0 43.3925 32.2017 8.3898 86.1904 130.789 0 130.789 45.599 8.0244 86.1909 130.788 0 130.788 45.5968 1.00305 3.45082 31.7755 0 0.00126067 29.3234 0.243348 66.5453 175.687 0 3.34467 106.797 2.1658 460.574 1069.69 0 214.061 396.059 

Tree: KdTree; AugType: HasBox; Split: MaxStretchDim-ObjectMedian; BDO: 6; Inba: 30; LeafWrap: 4; Coord: integer; 
2.in 12.6394 31 28.3857 
0.385749 1 28.3329 0 28.3329 28.3329 0.380946 1 28.3329 0 28.3329 28.3329 0.814985 7.65618 40.4455 0 40.4455 33.7893 0.807737 7.65733 40.4497 0 40.4497 33.7923 3.54694 60.2349 105.97 0 105.97 46.7353 3.53411 60.2396 105.974 0 105.974 46.7347 26.0192 552.368 635.091 0 635.091 83.7224 25.4707 552.374 635.1 0 635.1 83.7255 1.02138 5.51702 43.8979 0 0.195804 39.1851 0.528017 128.814 433.407 0 37.0352 268.558 6.53998 783.243 2792.04 0 886.537 1123.26 
0.203692 1 28.3329 0 28.3329 28.3329 0.200906 1 28.3329 0 28.3329 28.3329 0.456064 7.65618 40.4455 0 40.4455 33.7893 0.455588 7.65733 40.4497 0 40.4497 33.7923 2.08147 60.2349 105.97 0 105.97 46.7353 2.07134 60.2396 105.974 0 105.974 46.7347 14.2297 552.368 635.091 0 635.091 83.7224 13.7212 552.374 635.1 0 635.1 83.7255 1.13912 5.51702 43.8979 0 0.195804 39.1851 0.298445 128.814 433.407 0 37.0352 268.558 2.44753 783.243 2792.04 0 886.537 1123.26 

Tree: KdTree; AugType: HasBox; Split: MaxStretchDim-ObjectMedian; BDO: 6; Inba: 30; LeafWrap: 512; Coord: integer; 
2.in 8.87904 24 24 
0.440898 1 23.9999 0 23.9999 23.9999 0.436771 1 24 0 24 24 0.715284 1.99527 26.2393 0 26.2393 25.244 0.714053 1.99584 26.2416 0 26.2416 25.2458 1.93617 6.429 33.2547 0 33.2547 27.8257 1.92064 6.43001 33.2555 0 33.2555 27.8255 9.93833 36.3211 71.8263 0 71.8263 36.5052 9.52625 36.3277 71.8336 0 71.8336 36.506 1.12081 2.45935 27.3286 0 1.25e-05 25.8692 0.334795 37.5048 102.848 0 0.676837 65.6667 2.78654 280.399 628.97 0 102.36 247.211 
0.33385 1 23.9999 0 23.9999 23.9999 0.326802 1 24 0 24 24 0.534891 1.99527 26.2393 0 26.2393 25.244 0.537301 1.99584 26.2416 0 26.2416 25.2458 1.43826 6.429 33.2547 0 33.2547 27.8257 1.41692 6.43001 33.2555 0 33.2555 27.8255 6.91775 36.3211 71.8263 0 71.8263 36.5052 6.71958 36.3277 71.8336 0 71.8336 36.506 1.3103 2.45935 27.3286 0 1.25e-05 25.8692 0.264601 37.5048 102.848 0 0.676837 65.6667 2.10975 280.399 628.97 0 102.36 247.211 

Tree: KdTree; AugType: HasBox; Split: MaxStretchDim-ObjectMedian; BDO: 6; Inba: 30; LeafWrap: 64; Coord: integer; 
2.in 9.28179 27 24.5489 
0.340709 1 24.5085 0 24.5085 24.5085 0.338049 1 24.5085 0 24.5085 24.5085 0.578868 2.20572 27.1727 0 27.1727 25.967 0.577079 2.20603 27.1753 0 27.1753 25.9693 1.69044 7.8541 35.9647 0 35.9647 29.1106 1.67938 7.85449 35.964 0 35.964 29.1095 9.53798 47.8134 85.8448 0 85.8448 39.0314 9.30473 47.8136 85.8439 0 85.8439 39.0303 0.964754 2.76342 29.0609 0 9.41e-05 27.2973 0.329415 47.1642 129.395 0 1.43299 81.7978 2.96399 333.709 754.119 0 131.66 289.749 
0.301219 1 24.5085 0 24.5085 24.5085 0.295377 1 24.5085 0 24.5085 24.5085 0.49739 2.20572 27.1727 0 27.1727 25.967 0.498967 2.20603 27.1753 0 27.1753 25.9693 1.42201 7.8541 35.9647 0 35.9647 29.1106 1.40658 7.85449 35.964 0 35.964 29.1095 7.28462 47.8134 85.8448 0 85.8448 39.0314 6.87664 47.8136 85.8439 0 85.8439 39.0303 1.07242 2.76342 29.0609 0 9.41e-05 27.2973 0.255816 47.1642 129.395 0 1.43299 81.7978 2.13039 333.709 754.119 0 131.66 289.749 

