Tree: KdTree; AugType: HasBox; Split: MaxStretchDim-ObjectMedian; BDO: 6; Inba: 30; Coord: integer; 
1.in 5.94158 28 25.5303 
# Delete
## 1
median: (0, 0.200063)-> min: (0, 0.200063)-> max: (0, 0.200063)-> tot: 0.200065-> avg: 0.200063
# Delete
## 0.1
median: (1, 0.796482)-> min: (9, 0.0273743)-> max: (3, 1.68738)-> tot: 7.94595-> avg: 0.794595
in-dis-skewed knn time: 0.0508463 1 24.6672 0 24.6672 24.6672 0.105994 2.75693 28.3778 0 28.3778 26.6209 0.523818 12.0953 42.1794 0 42.1794 31.0841 
out-dis-skewed knn time: 0.099325 4.00539 50.0606 0 50.0606 47.0552 0.160224 6.86511 57.017 0 57.017 51.1519 1.07588 24.9969 83.6044 0 83.6044 59.6075 
in-dis-uniform knn time: 0.23192 1 24.7416 0 24.7416 24.7416 0.410778 2.79247 28.5461 0 28.5461 26.7537 1.33603 12.3341 42.6537 0 42.6537 31.3196 
out-dis-uniform knn time: 0.212004 4.15109 52.7848 0 52.7848 49.6337 0.378229 7.36539 59.7835 0 59.7835 53.4181 1.64806 27.215 89.0306 0 89.0306 62.8155 
# Delete
## 0.01
median: (69, 0.0922457)-> min: (99, 0.00210767)-> max: (52, 1.12633)-> tot: 13.7879-> avg: 0.137879
in-dis-skewed knn time: 0.0512767 1 24.7057 0 24.7057 24.7057 0.106722 2.756 28.411 0 28.411 26.655 0.524796 12.0898 42.1963 0 42.1963 31.1065 
out-dis-skewed knn time: 0.115322 5.01396 55.2732 0 55.2732 51.2592 0.194636 8.64906 61.5241 0 61.5241 53.875 1.37522 29.7992 92.3068 0 92.3068 63.5076 
in-dis-uniform knn time: 0.23256 1 24.7555 0 24.7555 24.7555 0.411368 2.79494 28.5638 0 28.5638 26.7688 1.33648 12.3571 42.6921 0 42.6921 31.335 
out-dis-uniform knn time: 0.219336 4.25247 53.4519 0 53.4519 50.1994 0.384894 7.34723 60.1629 0 60.1629 53.8156 1.70303 27.9479 89.0558 0 89.0558 62.1079 
# Delete
## 0.001
median: (784, 0.011677)-> min: (999, 0.000247)-> max: (528, 1.27557)-> tot: 22.3368-> avg: 0.0223363
in-dis-skewed knn time: 0.0511893 1 24.7485 0 24.7485 24.7485 0.107084 2.75644 28.4551 0 28.4551 26.6987 0.524645 12.094 42.2488 0 42.2488 31.1548 
out-dis-skewed knn time: 0.0971543 3.99849 49.064 0 49.064 46.0655 0.154911 6.75301 54.6082 0 54.6082 48.8552 1.13641 27.1174 84.6461 0 84.6461 58.5287 
in-dis-uniform knn time: 0.232108 1 24.7761 0 24.7761 24.7761 0.410137 2.79689 28.5868 0 28.5868 26.7899 1.33237 12.3691 42.7299 0 42.7299 31.3609 
out-dis-uniform knn time: 0.206623 4.02478 51.6193 0 51.6193 48.5946 0.365105 7.18088 57.8358 0 57.8358 51.6549 1.54949 25.8 84.207 0 84.207 59.407 
# Delete
## 0.0001
median: (3465, 0.00288)-> min: (9999, 5.8e-05)-> max: (5282, 1.21556)-> tot: 43.4244-> avg: 0.00434194
in-dis-skewed knn time: 0.0511737 1 24.6224 0 24.6224 24.6224 0.106571 2.75666 28.3307 0 28.3307 26.574 0.524864 12.0916 42.1155 0 42.1155 31.0239 
out-dis-skewed knn time: 0.101616 4.26746 51.5567 0 51.5567 48.2893 0.173019 7.62944 61.2605 0 61.2605 54.6311 1.27283 30.2297 95.1045 0 95.1045 65.8748 
in-dis-uniform knn time: 0.232573 1 24.7767 0 24.7767 24.7767 0.409631 2.79534 28.5878 0 28.5878 26.7925 1.32833 12.3626 42.7257 0 42.7257 31.363 
out-dis-uniform knn time: 0.204612 4.12004 50.7258 0 50.7258 47.6058 0.361196 7.06993 57.8333 0 57.8333 51.7634 1.57319 26.0648 84.6496 0 84.6496 59.5848 

Tree: KdTree; AugType: HasBox; Split: MaxStretchDim-ObjectMedian; BDO: 6; Inba: 30; Coord: integer; 
2_sort_by_0.in 4.80677 28 25.5212 
# Delete
## 1
median: (0, 0.301836)-> min: (0, 0.301836)-> max: (0, 0.301836)-> tot: 0.301838-> avg: 0.301836
# Delete
## 0.1
median: (8, 0.661267)-> min: (9, 0.0313777)-> max: (3, 3.63572)-> tot: 10.588-> avg: 1.0588
in-dis-skewed knn time: 0.118386 1 24.6828 0 24.6828 24.6828 0.24477 2.7821 28.4051 0 28.4051 26.623 1.01242 12.2266 42.2887 0 42.2887 31.0621 
out-dis-skewed knn time: 0.098334 1.38922 28.1166 0 28.1166 27.7274 0.478469 13.662 69.1367 0 69.1367 56.4746 2.23112 54.6981 157.506 0 157.506 103.808 
in-dis-uniform knn time: 0.231533 1 24.5479 0 24.5479 24.5479 0.409615 2.78973 28.363 0 28.363 26.5733 1.33512 12.2849 42.537 0 42.537 31.2521 
out-dis-uniform knn time: 0.099405 1.43284 27.9522 0 27.9522 27.5193 0.404955 11.7818 60.1394 0 60.1394 49.3577 1.88094 43.97 126.355 0 126.355 83.3853 
# Delete
## 0.01
median: (58, 0.133569)-> min: (99, 0.002522)-> max: (36, 3.48981)-> tot: 23.7306-> avg: 0.237306
in-dis-skewed knn time: 0.121762 1 24.6828 0 24.6828 24.6828 0.257855 2.7821 28.4051 0 28.4051 26.623 1.03685 12.2266 42.2887 0 42.2887 31.0621 
out-dis-skewed knn time: 0.095366 1.41095 27.3286 0 27.3286 26.9176 0.457779 13.8782 68.0513 0 68.0513 55.1732 2.19414 55.655 156.139 0 156.139 101.484 
in-dis-uniform knn time: 0.231465 1 24.5563 0 24.5563 24.5563 0.409866 2.79055 28.376 0 28.376 26.5855 1.3353 12.2884 42.5622 0 42.5622 31.2738 
out-dis-uniform knn time: 0.096297 1.45809 27.1693 0 27.1693 26.7112 0.399881 11.9606 59.1611 0 59.1611 48.2005 1.85311 44.7866 125.208 0 125.208 81.4213 
# Delete
## 0.001
median: (410, 0.0187273)-> min: (999, 0.000242333)-> max: (368, 3.51833)-> tot: 36.1953-> avg: 0.0361948
in-dis-skewed knn time: 0.122326 1 24.7199 0 24.7199 24.7199 0.253978 2.78646 28.4548 0 28.4548 26.6683 1.01981 12.2437 42.3789 0 42.3789 31.1352 
out-dis-skewed knn time: 0.0846883 1.40038 24.9956 0 24.9956 24.5952 0.43675 14.017 60.3029 0 60.3029 47.2859 2.18332 56.0917 137.561 0 137.561 82.4695 
in-dis-uniform knn time: 0.231242 1 24.5855 0 24.5855 24.5855 0.409823 2.78904 28.4031 0 28.4031 26.614 1.33437 12.2824 42.5757 0 42.5757 31.2933 
out-dis-uniform knn time: 0.084468 1.44236 24.8911 0 24.8911 24.4488 0.382881 12.0827 52.7269 0 52.7269 41.6442 1.85198 45.0754 110.677 0 110.677 66.6017 
# Delete
## 0.0001
median: (5247, 0.003902)-> min: (9999, 0.000211)-> max: (3680, 3.37045)-> tot: 61.622-> avg: 0.00616169
in-dis-skewed knn time: 0.120323 1 24.8298 0 24.8298 24.8298 0.258951 2.77751 28.5549 0 28.5549 26.7774 1.02258 12.2051 42.4533 0 42.4533 31.2482 
out-dis-skewed knn time: 0.0831203 1.39926 25.2627 0 25.2627 24.8635 0.404843 13.6424 54.771 0 54.771 42.1286 1.88728 51.9266 116.45 0 116.45 65.5229 
in-dis-uniform knn time: 0.231419 1 24.5682 0 24.5682 24.5682 0.409782 2.78931 28.3865 0 28.3865 26.5972 1.33375 12.2878 42.5756 0 42.5756 31.2878 
out-dis-uniform knn time: 0.0843507 1.4499 25.1516 0 25.1516 24.7017 0.35541 11.7676 48.2202 0 48.2202 37.4526 1.58286 41.3436 94.3786 0 94.3786 54.035 

Tree: KdTree; AugType: HasBox; Split: MaxStretchDim-ObjectMedian; BDO: 6; Inba: 30; Coord: integer; 
2.in 3.80981 28 25.5245 
# Delete
## 1
median: (0, 0.259018)-> min: (0, 0.259018)-> max: (0, 0.259018)-> tot: 0.25902-> avg: 0.259018
# Delete
## 0.1
median: (4, 0.510083)-> min: (9, 0.0271777)-> max: (0, 0.560393)-> tot: 4.38725-> avg: 0.438724
in-dis-skewed knn time: 0.229076 1 24.9638 0 24.9638 24.9638 0.410105 3.14881 29.4607 0 29.4607 27.3119 1.41891 15.4725 47.2159 0 47.2159 32.7434 
out-dis-skewed knn time: 0.259929 1.40166 26.0292 0 26.0292 25.6275 0.411908 3.28967 29.702 0 29.702 27.4124 1.39687 15.5357 47.316 0 47.316 32.7803 
in-dis-uniform knn time: 0.228996 1 24.9636 0 24.9636 24.9636 0.400105 3.15009 29.4636 0 29.4636 27.3135 1.37537 15.4728 47.2144 0 47.2144 32.7416 
out-dis-uniform knn time: 0.262556 1.40192 26.0304 0 26.0304 25.6285 0.410227 3.29035 29.7044 0 29.7044 27.4141 1.36959 15.5357 47.3172 0 47.3172 32.7815 
# Delete
## 0.01
median: (49, 0.119955)-> min: (99, 0.00328533)-> max: (4, 0.138512)-> tot: 11.0197-> avg: 0.110196
in-dis-skewed knn time: 0.229164 1 24.9638 0 24.9638 24.9638 0.410681 3.14881 29.4607 0 29.4607 27.3119 1.42003 15.4724 47.2158 0 47.2158 32.7433 
out-dis-skewed knn time: 0.260116 1.40166 26.0291 0 26.0291 25.6275 0.412043 3.28967 29.702 0 29.702 27.4123 1.39724 15.5356 47.3159 0 47.3159 32.7803 
in-dis-uniform knn time: 0.228839 1 24.9636 0 24.9636 24.9636 0.400701 3.15008 29.4636 0 29.4636 27.3135 1.37608 15.4728 47.2143 0 47.2143 32.7415 
out-dis-uniform knn time: 0.262871 1.40192 26.0304 0 26.0304 25.6285 0.410393 3.29034 29.7044 0 29.7044 27.414 1.3699 15.5356 47.3171 0 47.3171 32.7815 
# Delete
## 0.001
median: (525, 0.0245333)-> min: (999, 0.000424333)-> max: (68, 0.02797)-> tot: 22.8171-> avg: 0.0228166
in-dis-skewed knn time: 0.228739 1 24.9637 0 24.9637 24.9637 0.410495 3.1488 29.4607 0 29.4607 27.3119 1.41943 15.4724 47.2158 0 47.2158 32.7433 
out-dis-skewed knn time: 0.260117 1.40166 26.0291 0 26.0291 25.6275 0.412142 3.28966 29.702 0 29.702 27.4123 1.39732 15.5356 47.3159 0 47.3159 32.7803 
in-dis-uniform knn time: 0.229038 1 24.9635 0 24.9635 24.9635 0.400576 3.15008 29.4636 0 29.4636 27.3135 1.3754 15.4727 47.2143 0 47.2143 32.7415 
out-dis-uniform knn time: 0.262937 1.40192 26.0304 0 26.0304 25.6285 0.410541 3.29033 29.7044 0 29.7044 27.414 1.36897 15.5356 47.317 0 47.317 32.7814 
# Delete
## 0.0001
median: (4500, 0.00598467)-> min: (9999, 8.13333e-05)-> max: (4479, 0.00914133)-> tot: 57.6163-> avg: 0.00576113
in-dis-skewed knn time: 0.228556 1 24.9637 0 24.9637 24.9637 0.411978 3.1488 29.4607 0 29.4607 27.3119 1.42014 15.4724 47.2158 0 47.2158 32.7433 
out-dis-skewed knn time: 0.260153 1.40166 26.0291 0 26.0291 25.6275 0.412154 3.28966 29.702 0 29.702 27.4123 1.39724 15.5356 47.3159 0 47.3159 32.7803 
in-dis-uniform knn time: 0.22906 1 24.9635 0 24.9635 24.9635 0.400513 3.15008 29.4636 0 29.4636 27.3135 1.37585 15.4727 47.2143 0 47.2143 32.7415 
out-dis-uniform knn time: 0.263136 1.40192 26.0304 0 26.0304 25.6285 0.41068 3.29033 29.7044 0 29.7044 27.414 1.36896 15.5356 47.317 0 47.317 32.7814 

Tree: OrthTree; AugType: HasBox; Split: RotateDim-SpatialMedian; BDO: 6; Inba: 30; Coord: integer; 
1.in 6.56792 20 15.5808 
# Delete
## 1
median: (0, 0.509853)-> min: (0, 0.509853)-> max: (0, 0.509853)-> tot: 0.509855-> avg: 0.509853
# Delete
## 0.1
median: (6, 0.407337)-> min: (9, 0.0524983)-> max: (1, 0.652579)-> tot: 4.03171-> avg: 0.403171
in-dis-skewed knn time: 0.068938 1 16.6979 0 50.0936 50.0936 0.128146 3.02905 18.4779 0 55.4336 53.4042 0.528444 15.5512 25.1434 0 75.4303 60.8642 
out-dis-skewed knn time: 0.0856957 3.53703 23.3781 0 70.1344 67.5554 0.144446 7.877 26.9916 0 80.9748 74.0531 0.885272 33.5718 41.57 0 124.71 90.2298 
in-dis-uniform knn time: 0.22657 1 15.5364 0 46.6091 46.6091 0.38601 3.0855 17.3752 0 52.1255 50.0399 1.28945 16.112 24.3014 0 72.9042 57.7812 
out-dis-uniform knn time: 0.22384 3.47627 25.9591 0 77.8774 75.4003 0.375561 7.87288 29.7053 0 89.1159 82.2356 1.54467 37.2226 45.9151 0 137.745 100.425 
# Delete
## 0.01
median: (57, 0.0561723)-> min: (99, 0.00594633)-> max: (96, 0.088028)-> tot: 5.68497-> avg: 0.0568492
in-dis-skewed knn time: 0.0692203 1 16.6979 0 50.0936 50.0936 0.126583 3.02905 18.4779 0 55.4336 53.4042 0.529826 15.5512 25.1434 0 75.4303 60.8642 
out-dis-skewed knn time: 0.0855933 3.53703 23.3781 0 70.1344 67.5554 0.144235 7.877 26.9916 0 80.9748 74.0531 0.887611 33.5718 41.57 0 124.71 90.2298 
in-dis-uniform knn time: 0.228031 1 15.5364 0 46.6091 46.6091 0.388484 3.0855 17.3752 0 52.1255 50.0399 1.29446 16.112 24.3014 0 72.9042 57.7812 
out-dis-uniform knn time: 0.224648 3.47627 25.9591 0 77.8774 75.4003 0.376493 7.87288 29.7053 0 89.1159 82.2356 1.54503 37.2226 45.9151 0 137.745 100.425 
# Delete
## 0.001
median: (84, 0.008121)-> min: (999, 0.000690333)-> max: (944, 0.0262427)-> tot: 8.75994-> avg: 0.00875944
in-dis-skewed knn time: 0.069189 1 16.6979 0 50.0936 50.0936 0.126699 3.02905 18.4779 0 55.4336 53.4042 0.530241 15.5512 25.1434 0 75.4303 60.8642 
out-dis-skewed knn time: 0.0860843 3.53703 23.3781 0 70.1344 67.5554 0.144288 7.877 26.9916 0 80.9748 74.0531 0.88754 33.5718 41.57 0 124.71 90.2298 
in-dis-uniform knn time: 0.228519 1 15.5364 0 46.6091 46.6091 0.390134 3.0855 17.3752 0 52.1255 50.0399 1.29567 16.112 24.3014 0 72.9042 57.7812 
out-dis-uniform knn time: 0.224872 3.47627 25.9591 0 77.8774 75.4003 0.376603 7.87288 29.7053 0 89.1159 82.2356 1.54993 37.2226 45.9151 0 137.745 100.425 
# Delete
## 0.0001
median: (5094, 0.00184867)-> min: (9999, 8.43333e-05)-> max: (9583, 0.00598333)-> tot: 19.5888-> avg: 0.00195838
in-dis-skewed knn time: 0.069222 1 16.6979 0 50.0936 50.0936 0.126839 3.02905 18.4779 0 55.4336 53.4042 0.53038 15.5512 25.1434 0 75.4303 60.8642 
out-dis-skewed knn time: 0.0857313 3.53703 23.3781 0 70.1344 67.5554 0.144905 7.877 26.9916 0 80.9748 74.0531 0.887367 33.5718 41.57 0 124.71 90.2298 
in-dis-uniform knn time: 0.227944 1 15.5364 0 46.6091 46.6091 0.3874 3.0855 17.3752 0 52.1255 50.0399 1.28891 16.112 24.3014 0 72.9042 57.7812 
out-dis-uniform knn time: 0.224976 3.47627 25.9607 0 77.8821 75.4049 0.376992 7.87288 29.7069 0 89.1207 82.2405 1.55045 37.2226 45.9168 0 137.751 100.429 

Tree: OrthTree; AugType: HasBox; Split: RotateDim-SpatialMedian; BDO: 6; Inba: 30; Coord: integer; 
2_sort_by_0.in 4.60095 14 13.0001 
# Delete
## 1
median: (0, 0.483175)-> min: (0, 0.483175)-> max: (0, 0.483175)-> tot: 0.483178-> avg: 0.483175
# Delete
## 0.1
median: (2, 0.231662)-> min: (9, 0.047514)-> max: (6, 0.268006)-> tot: 1.96681-> avg: 0.19668
in-dis-skewed knn time: 0.106281 1 13 0 39.0001 39.0001 0.215851 3.01639 14.8054 0 44.4161 42.3997 0.944745 16.0165 21.9923 0 65.977 50.9605 
out-dis-skewed knn time: 0.0489543 1.3672 9.52853 0 28.5856 28.2184 0.098572 2.9173 10.9035 0 32.7106 30.7933 1.22831 39.731 70.9507 0 212.852 166.824 
in-dis-uniform knn time: 0.200711 1 13 0 38.9999 38.9999 0.34924 3.02445 14.8436 0 44.5307 42.5063 1.24424 16.0815 22.1412 0 66.4236 51.3419 
out-dis-uniform knn time: 0.049694 1.30996 9.4408 0 28.3224 28.0124 0.100225 2.61475 11.5994 0 34.7981 33.1834 1.32383 39.2806 65.1883 0 195.565 149.988 
# Delete
## 0.01
median: (52, 0.0315957)-> min: (99, 0.00500967)-> max: (61, 0.04108)-> tot: 3.10331-> avg: 0.0310326
in-dis-skewed knn time: 0.1055 1 13 0 39.0001 39.0001 0.212381 3.01639 14.8054 0 44.4161 42.3997 0.956392 16.0165 21.9923 0 65.977 50.9605 
out-dis-skewed knn time: 0.049089 1.3672 9.52853 0 28.5856 28.2184 0.0988673 2.9173 10.9035 0 32.7106 30.7933 1.258 39.731 70.9507 0 212.852 166.824 
in-dis-uniform knn time: 0.202346 1 13 0 38.9999 38.9999 0.350882 3.02445 14.8436 0 44.5307 42.5063 1.24761 16.0815 22.1412 0 66.4236 51.3419 
out-dis-uniform knn time: 0.049094 1.30996 9.4408 0 28.3224 28.0124 0.10048 2.61475 11.5994 0 34.7981 33.1834 1.32974 39.2806 65.1883 0 195.565 149.988 
# Delete
## 0.001
median: (781, 0.004296)-> min: (999, 0.000567)-> max: (540, 0.0142753)-> tot: 4.24576-> avg: 0.00424526
in-dis-skewed knn time: 0.107721 1 13 0 39.0001 39.0001 0.21683 3.01639 14.8054 0 44.4161 42.3997 0.948972 16.0165 21.9923 0 65.977 50.9605 
out-dis-skewed knn time: 0.0490837 1.3672 9.52853 0 28.5856 28.2184 0.0982893 2.9173 10.9035 0 32.7106 30.7933 1.26988 39.731 70.9507 0 212.852 166.824 
in-dis-uniform knn time: 0.205832 1 13 0 38.9999 38.9999 0.35493 3.02445 14.8436 0 44.5307 42.5063 1.25556 16.0815 22.1412 0 66.4236 51.3419 
out-dis-uniform knn time: 0.0491583 1.30996 9.4408 0 28.3224 28.0124 0.100424 2.61475 11.5994 0 34.7981 33.1834 1.3151 39.2806 65.1883 0 195.565 149.988 
# Delete
## 0.0001
median: (2957, 0.000868)-> min: (9999, 0.00012)-> max: (4883, 0.003957)-> tot: 8.74331-> avg: 0.00087383
in-dis-skewed knn time: 0.108561 1 13 0 39.0001 39.0001 0.224229 3.01639 14.8054 0 44.4161 42.3997 0.960896 16.0165 21.9923 0 65.977 50.9605 
out-dis-skewed knn time: 0.0491517 1.3672 9.52853 0 28.5856 28.2184 0.0987927 2.9173 10.9035 0 32.7106 30.7933 1.27751 39.731 70.9507 0 212.852 166.824 
in-dis-uniform knn time: 0.206095 1 13 0 38.9999 38.9999 0.355082 3.02445 14.8436 0 44.5307 42.5063 1.25279 16.0815 22.1412 0 66.4236 51.3419 
out-dis-uniform knn time: 0.0491823 1.30996 9.4408 0 28.3224 28.0124 0.100718 2.61475 11.5994 0 34.7981 33.1834 1.34376 39.2806 65.1883 0 195.565 149.988 

Tree: OrthTree; AugType: HasBox; Split: RotateDim-SpatialMedian; BDO: 6; Inba: 30; Coord: integer; 
2.in 3.27695 14 13.0001 
# Delete
## 1
median: (0, 0.479588)-> min: (0, 0.479588)-> max: (0, 0.479588)-> tot: 0.47959-> avg: 0.479588
# Delete
## 0.1
median: (3, 0.492208)-> min: (9, 0.075536)-> max: (0, 0.525728)-> tot: 4.27769-> avg: 0.427768
in-dis-skewed knn time: 0.21039 1 12.9144 0 38.7432 38.7432 0.392817 4.01266 15.4112 0 46.2337 43.221 1.50261 24.7423 25.4277 0 76.283 52.5381 
out-dis-skewed knn time: 0.237395 1.38984 13.4716 0 40.4147 40.0249 0.395366 4.25595 15.5452 0 46.6355 43.3795 1.4822 24.8256 25.4881 0 76.4643 52.636 
in-dis-uniform knn time: 0.210451 1 12.9141 0 38.7424 38.7424 0.38273 4.01277 15.4117 0 46.2351 43.2223 1.46154 24.743 25.4294 0 76.2881 52.5425 
out-dis-uniform knn time: 0.240208 1.39036 13.4717 0 40.415 40.0246 0.393913 4.25643 15.5455 0 46.6366 43.3802 1.45494 24.8259 25.4888 0 76.4663 52.6377 
# Delete
## 0.01
median: (49, 0.118507)-> min: (99, 0.00802067)-> max: (15, 0.123202)-> tot: 10.2676-> avg: 0.102676
in-dis-skewed knn time: 0.211203 1 12.9144 0 38.7432 38.7432 0.394693 4.01266 15.4112 0 46.2337 43.221 1.5058 24.7423 25.4277 0 76.283 52.5381 
out-dis-skewed knn time: 0.238062 1.38984 13.4716 0 40.4147 40.0249 0.39671 4.25595 15.5452 0 46.6355 43.3795 1.48412 24.8256 25.4881 0 76.4643 52.636 
in-dis-uniform knn time: 0.211432 1 12.9141 0 38.7424 38.7424 0.384513 4.01277 15.4117 0 46.2351 43.2223 1.4628 24.743 25.4294 0 76.2881 52.5425 
out-dis-uniform knn time: 0.241018 1.39036 13.4717 0 40.415 40.0246 0.39553 4.25643 15.5455 0 46.6366 43.3802 1.45678 24.8259 25.4888 0 76.4663 52.6377 
# Delete
## 0.001
median: (318, 0.021894)-> min: (999, 0.000405667)-> max: (430, 0.0241687)-> tot: 19.8019-> avg: 0.0198014
in-dis-skewed knn time: 0.210906 1 12.9144 0 38.7432 38.7432 0.39399 4.01266 15.4112 0 46.2337 43.221 1.50582 24.7423 25.4277 0 76.283 52.5381 
out-dis-skewed knn time: 0.23828 1.38984 13.4716 0 40.4147 40.0249 0.396548 4.25595 15.5452 0 46.6355 43.3795 1.48376 24.8256 25.4881 0 76.4643 52.636 
in-dis-uniform knn time: 0.211422 1 12.9141 0 38.7424 38.7424 0.384257 4.01277 15.4117 0 46.2351 43.2223 1.46347 24.743 25.4294 0 76.2881 52.5425 
out-dis-uniform knn time: 0.241297 1.39036 13.4717 0 40.415 40.0246 0.395316 4.25643 15.5455 0 46.6366 43.3802 1.45682 24.8259 25.4888 0 76.4663 52.6377 
# Delete
## 0.0001
median: (5032, 0.00318267)-> min: (9999, 7.86667e-05)-> max: (2973, 0.00446867)-> tot: 29.796-> avg: 0.0029791
in-dis-skewed knn time: 0.210937 1 12.9144 0 38.7432 38.7432 0.394099 4.01266 15.4112 0 46.2337 43.221 1.50597 24.7423 25.4277 0 76.283 52.5381 
out-dis-skewed knn time: 0.238289 1.38984 13.4716 0 40.4147 40.0249 0.396777 4.25595 15.5452 0 46.6355 43.3795 1.48408 24.8256 25.4881 0 76.4643 52.636 
in-dis-uniform knn time: 0.211538 1 12.9141 0 38.7424 38.7424 0.384886 4.01277 15.4117 0 46.2351 43.2223 1.46413 24.743 25.4294 0 76.2881 52.5425 
out-dis-uniform knn time: 0.241447 1.39036 13.4717 0 40.415 40.0246 0.395549 4.25643 15.5455 0 46.6366 43.3802 1.45715 24.8259 25.4888 0 76.4663 52.6377 

Tree: PTree; AugType: HasBox; Split: HilbertCurve; BDO: 6; Inba: 30; Coord: integer; 
1.in 3.03429 -1 -1 
# Delete
## 1
median: (0, 2.37263)-> min: (0, 2.37263)-> max: (0, 2.37263)-> tot: 2.37263-> avg: 2.37263
# Delete
## 0.1
median: (9, 0.223898)-> min: (1, 0.21638)-> max: (6, 0.235594)-> tot: 2.23651-> avg: 0.223651
in-dis-skewed knn time: 0.449498 14.4907 163.996 0 163.996 150.506 1.3245 31.5878 230.125 0 230.125 199.537 6.77005 74.1713 296.137 0 296.137 222.965 
out-dis-skewed knn time: 0.199116 7.61819 82.6566 0 82.6566 76.0384 0.406218 11.1714 88.6241 0 88.6241 78.4527 2.14135 26.2414 112.513 0 112.513 87.2718 
in-dis-uniform knn time: 2.20425 12.8819 141.999 0 141.999 130.117 3.67328 26.2211 182.608 0 182.608 157.387 8.66103 60.4584 234.792 0 234.792 175.334 
out-dis-uniform knn time: 0.761472 11.9068 139.625 0 139.625 128.718 1.54611 21.8635 174.42 0 174.42 153.556 5.62359 53.1327 220.796 0 220.796 168.663 
# Delete
## 0.01
median: (25, 0.0241913)-> min: (48, 0.0234147)-> max: (68, 0.0321727)-> tot: 2.49176-> avg: 0.024917
in-dis-skewed knn time: 0.461313 14.4907 165.301 0 165.301 151.81 1.35029 31.5878 231.429 0 231.429 200.842 6.8487 74.1713 297.441 0 297.441 224.27 
out-dis-skewed knn time: 0.203116 7.72899 81.3318 0 81.3318 74.6028 0.421705 11.3394 87.7011 0 87.7011 77.3617 2.17322 25.8922 111.569 0 111.569 86.6765 
in-dis-uniform knn time: 2.20356 12.8191 141.799 0 141.799 129.98 3.69539 26.3749 183.217 0 183.217 157.842 8.8177 60.886 235.671 0 235.671 175.785 
out-dis-uniform knn time: 0.814471 12.1377 139.709 0 139.709 128.572 1.62253 22.1176 173.818 0 173.818 152.7 5.72804 53.1872 219.958 0 219.958 167.77 
# Delete
## 0.001
median: (16, 0.00336667)-> min: (31, 0.00280333)-> max: (564, 0.00662733)-> tot: 3.54066-> avg: 0.00354016
in-dis-skewed knn time: 0.463001 14.5008 163.778 0 163.778 150.277 1.37128 31.6992 231.426 0 231.426 200.727 6.95336 74.8395 297.954 0 297.954 224.115 
out-dis-skewed knn time: 0.31195 12.6963 119.199 0 119.199 107.502 0.670138 17.7168 127.048 0 127.048 110.331 3.56925 39.1978 158.565 0 158.565 120.367 
in-dis-uniform knn time: 2.19032 12.6908 139.389 0 139.389 127.698 3.67661 25.958 180.244 0 180.244 155.286 8.75497 59.991 231.832 0 231.832 172.841 
out-dis-uniform knn time: 0.784646 11.6094 132.094 0 132.094 121.485 1.60502 21.5156 167.677 0 167.677 147.161 5.69255 52.2956 212.877 0 212.877 161.581 
# Delete
## 0.0001
median: (8031, 0.000811)-> min: (4615, 0.000575667)-> max: (360, 0.00169967)-> tot: 8.1977-> avg: 0.000819271
in-dis-skewed knn time: 0.459583 14.468 161.969 0 161.969 148.501 1.31974 30.9298 224.417 0 224.417 194.487 6.57489 71.3984 287.617 0 287.617 217.219 
out-dis-skewed knn time: 0.29943 12.2898 115.465 0 115.465 104.175 0.67389 19.0346 124.422 0 124.422 106.388 3.67521 40.4261 158.457 0 158.457 119.031 
in-dis-uniform knn time: 2.19018 12.6567 138.396 0 138.396 126.739 3.66149 25.5514 177.165 0 177.165 152.613 8.63181 58.3517 226.808 0 226.808 169.457 
out-dis-uniform knn time: 0.787398 11.8013 131.415 0 131.415 120.614 1.56527 21.1594 163.557 0 163.557 143.397 5.50008 50.4752 207.286 0 207.286 157.81 

Tree: PTree; AugType: HasBox; Split: HilbertCurve; BDO: 6; Inba: 30; Coord: integer; 
2_sort_by_0.in 3.26655 -1 -1 
# Delete
## 1
median: (0, 2.49678)-> min: (0, 2.49678)-> max: (0, 2.49678)-> tot: 2.49678-> avg: 2.49678
# Delete
## 0.1
median: (7, 0.234783)-> min: (1, 0.232434)-> max: (5, 0.23586)-> tot: 2.34386-> avg: 0.234386
in-dis-skewed knn time: 0.718023 8.56928 90.0433 0 90.0433 82.474 1.25797 16.4509 105.919 0 105.919 90.4686 3.69858 36.74 140.721 0 140.721 104.981 
out-dis-skewed knn time: 0.303278 6.612 97.2437 0 97.2437 91.6317 0.856824 16.3951 121.637 0 121.637 106.242 3.48462 46.5788 168.105 0 168.105 122.526 
in-dis-uniform knn time: 1.95669 11.4223 132.626 0 132.626 122.204 3.13276 23.6812 169.859 0 169.859 147.178 7.16449 56.4601 225.348 0 225.348 169.888 
out-dis-uniform knn time: 0.320057 6.67582 98.2059 0 98.2059 92.5301 0.878804 15.6851 122.276 0 122.276 107.591 3.60941 44.7819 168.336 0 168.336 124.554 
# Delete
## 0.01
median: (21, 0.0250287)-> min: (43, 0.024753)-> max: (26, 0.0266443)-> tot: 2.5114-> avg: 0.0251135
in-dis-skewed knn time: 0.730322 7.33361 79.432 0 79.432 73.0984 1.15572 11.7442 88.0002 0 88.0002 77.256 3.06948 25.0762 109.587 0 109.587 85.5111 
out-dis-skewed knn time: 0.301764 6.56497 95.0126 0 95.0126 89.4476 0.835604 16.2472 117.409 0 117.409 102.161 3.27856 43.9181 161.743 0 161.743 118.825 
in-dis-uniform knn time: 1.87113 9.9261 116.281 0 116.281 107.355 2.91097 19.8079 149.425 0 149.425 130.617 6.43355 47.2058 195.003 0 195.003 148.797 
out-dis-uniform knn time: 0.310465 6.41107 94.4179 0 94.4179 89.0068 0.84931 15.3369 118.009 0 118.009 103.672 3.40139 42.1272 160.171 0 160.171 119.044 
# Delete
## 0.001
median: (673, 0.00318267)-> min: (36, 0.002934)-> max: (7, 0.00492233)-> tot: 3.19596-> avg: 0.00319546
in-dis-skewed knn time: 0.76171 7.33361 79.1596 0 79.1596 72.826 1.21564 11.7442 87.7278 0 87.7278 76.9836 3.11599 25.0762 109.315 0 109.315 85.2387 
out-dis-skewed knn time: 0.316914 6.59459 93.3949 0 93.3949 87.8003 0.882147 16.7763 116.196 0 116.196 100.42 3.57675 46.9345 163.98 0 163.98 118.046 
in-dis-uniform knn time: 1.94246 9.93108 115.389 0 115.389 106.458 3.01153 19.8094 148.253 0 148.253 129.443 6.61462 47.2106 193.738 0 193.738 147.527 
out-dis-uniform knn time: 0.321526 6.40818 91.5183 0 91.5183 86.1101 0.880803 15.7472 115.238 0 115.238 100.49 3.59147 43.7823 161.268 0 161.268 118.485 
# Delete
## 0.0001
median: (8281, 0.000828)-> min: (9999, 0.000588)-> max: (7716, 0.00243667)-> tot: 8.30856-> avg: 0.000830356
in-dis-skewed knn time: 0.782843 7.33361 78.6149 0 78.6149 72.2813 1.22712 11.7442 87.1831 0 87.1831 76.4389 3.13283 25.0762 108.77 0 108.77 84.694 
out-dis-skewed knn time: 0.32362 7.21297 92.7688 0 92.7688 86.5558 0.897284 16.7395 113.717 0 113.717 97.9772 3.50573 45.4599 158.357 0 158.357 113.897 
in-dis-uniform knn time: 1.94536 9.99702 115.721 0 115.721 106.724 3.04885 21.2471 154.354 0 154.354 134.107 6.87271 49.9063 200.084 0 200.084 151.178 
out-dis-uniform knn time: 0.326917 6.80571 90.2005 0 90.2005 84.3948 0.896475 15.6844 113.255 0 113.255 98.5711 3.56756 42.9747 157.494 0 157.494 115.519 

Tree: PTree; AugType: HasBox; Split: HilbertCurve; BDO: 6; Inba: 30; Coord: integer; 
2.in 3.33237 -1 -1 
# Delete
## 1
median: (0, 2.72321)-> min: (0, 2.72321)-> max: (0, 2.72321)-> tot: 2.72321-> avg: 2.72321
# Delete
## 0.1
median: (6, 0.501102)-> min: (9, 0.266929)-> max: (3, 0.648708)-> tot: 4.68771-> avg: 0.468771
in-dis-skewed knn time: 1.90002 8.90621 97.396 0 97.396 89.4898 2.82141 14.4866 109.108 0 109.108 95.6212 5.61104 30.6791 135.33 0 135.33 105.651 
out-dis-skewed knn time: 1.94829 9.16867 98.064 0 98.064 89.8953 2.84056 14.5512 109.245 0 109.245 95.6941 5.62814 30.713 135.393 0 135.393 105.681 
in-dis-uniform knn time: 1.9114 8.9085 97.4184 0 97.4184 89.5099 2.84017 14.4879 109.128 0 109.128 95.6402 5.63861 30.6847 135.361 0 135.361 105.677 
out-dis-uniform knn time: 1.96318 9.16746 98.0505 0 98.0505 89.8831 2.85486 14.5472 109.229 0 109.229 95.6816 5.65154 30.706 135.367 0 135.367 105.661 
# Delete
## 0.01
median: (49, 0.154736)-> min: (99, 0.0276827)-> max: (30, 0.204514)-> tot: 14.3492-> avg: 0.143491
in-dis-skewed knn time: 1.89889 8.91226 97.3074 0 97.3074 89.3951 2.81989 14.5022 109.051 0 109.051 95.5486 5.6134 30.7564 135.32 0 135.32 105.564 
out-dis-skewed knn time: 1.94641 9.17744 97.9777 0 97.9777 89.8003 2.84012 14.5694 109.19 0 109.19 95.6206 5.62752 30.7905 135.384 0 135.384 105.594 
in-dis-uniform knn time: 1.90937 8.91455 97.3302 0 97.3302 89.4157 2.83926 14.5046 109.073 0 109.073 95.5686 5.63653 30.7621 135.352 0 135.352 105.59 
out-dis-uniform knn time: 1.96047 9.17485 97.9628 0 97.9628 89.788 2.85345 14.5647 109.175 0 109.175 95.6108 5.65083 30.7845 135.36 0 135.36 105.575 
# Delete
## 0.001
median: (180, 0.0291367)-> min: (999, 0.00365133)-> max: (322, 0.0349227)-> tot: 27.6024-> avg: 0.027602
in-dis-skewed knn time: 1.89661 8.91156 97.294 0 97.294 89.3825 2.81749 14.4977 109.029 0 109.029 95.5312 5.61446 30.7567 135.315 0 135.315 105.558 
out-dis-skewed knn time: 1.94566 9.17656 97.9634 0 97.9634 89.7868 2.83856 14.5647 109.167 0 109.167 95.6026 5.62567 30.791 135.38 0 135.38 105.589 
in-dis-uniform knn time: 1.9086 8.91377 97.3171 0 97.3171 89.4034 2.83801 14.4998 109.052 0 109.052 95.5518 5.63175 30.7631 135.348 0 135.348 105.585 
out-dis-uniform knn time: 1.96015 9.17376 97.9482 0 97.9482 89.7744 2.85241 14.5595 109.151 0 109.151 95.5916 5.64722 30.7846 135.354 0 135.354 105.569 
# Delete
## 0.0001
median: (5004, 0.00430033)-> min: (9999, 0.000665)-> max: (3256, 0.006395)-> tot: 42.0369-> avg: 0.00420319
in-dis-skewed knn time: 1.8967 8.91183 97.2902 0 97.2902 89.3784 2.81853 14.4981 109.023 0 109.023 95.5252 5.6132 30.7569 135.308 0 135.308 105.551 
out-dis-skewed knn time: 1.94692 9.17692 97.9596 0 97.9596 89.7827 2.84009 14.5651 109.162 0 109.162 95.5965 5.62847 30.7913 135.373 0 135.373 105.582 
in-dis-uniform knn time: 1.90911 8.91406 97.3132 0 97.3132 89.3992 2.8391 14.5002 109.046 0 109.046 95.5453 5.6364 30.7632 135.341 0 135.341 105.578 
out-dis-uniform knn time: 1.96102 9.174 97.9444 0 97.9444 89.7704 2.85398 14.5599 109.145 0 109.145 95.5856 5.64864 30.7848 135.347 0 135.347 105.562 

