Tree: KdTree; Split: MaxStretchDim-ObjectMedian; BDO: 6; Inba: 30; Coord: integer; 
1.in 6.10097 28 25.5294 
# Insert
## 1
median: (0, 6.02533)-> min: (0, 6.02533)-> max: (0, 6.02533)-> tot: 6.02533-> avg: 6.02533
# Insert
## 0.1
median: (2, 1.0117)-> min: (0, 0.452809)-> max: (6, 3.07659)-> tot: 12.747-> avg: 1.2747
in-dis-skewed knn time: 0.050209 1 23.3837 0 23.3837 23.3837 0.10345 2.79344 27.069 0 27.069 25.2756 0.49909 12.1168 40.8057 0 40.8057 29.6889 
out-dis-skewed knn time: 0.297387 18.9584 164.909 0 164.909 146.95 0.48439 30.9284 184.883 0 184.883 154.954 4.51835 103.737 287.537 0 287.537 184.8 
in-dis-uniform knn time: 0.252397 1 24.8211 0 24.8211 24.8211 0.410488 2.82761 28.5911 0 28.5911 26.7635 1.3126 12.2645 42.5294 0 42.5294 31.2649 
out-dis-uniform knn time: 0.152463 5.92417 82.7679 0 82.7679 77.8437 0.205215 9.07749 89.4618 0 89.4618 81.3843 1.22245 24.9396 108.96 0 108.96 85.0202 
# Insert
## 0.01
median: (93, 0.131757)-> min: (0, 0.0532197)-> max: (55, 1.73819)-> tot: 24.9274-> avg: 0.249273
in-dis-skewed knn time: 0.0515847 1 24.4299 0 24.4299 24.4299 0.102777 2.8344 28.1955 0 28.1955 26.3611 0.505753 12.4439 42.3312 0 42.3312 30.8873 
out-dis-skewed knn time: 0.266787 17.9741 156.003 0 156.003 139.029 0.443672 28.9532 170.016 0 170.016 142.063 3.63461 90.9399 237.063 0 237.063 147.123 
in-dis-uniform knn time: 0.253138 1 24.6567 0 24.6567 24.6567 0.410797 2.85627 28.4807 0 28.4807 26.6245 1.31874 12.4779 42.6601 0 42.6601 31.1822 
out-dis-uniform knn time: 0.192631 8.11685 95.5655 0 95.5655 88.4487 0.254017 11.1529 101.664 0 101.664 91.5116 1.64866 35.7366 135.754 0 135.754 101.018 
# Insert
## 0.001
median: (706, 0.0122373)-> min: (0, 0.004583)-> max: (529, 1.7124)-> tot: 32.9802-> avg: 0.0329797
in-dis-skewed knn time: 0.0518103 1 24.1519 0 24.1519 24.1519 0.104233 2.81375 27.8785 0 27.8785 26.0648 0.506605 12.2843 41.8406 0 41.8406 30.5562 
out-dis-skewed knn time: 0.245684 14.0013 149.968 0 149.968 136.967 0.408963 22.9991 163.964 0 163.964 141.964 3.28529 73.9664 215.001 0 215.001 142.035 
in-dis-uniform knn time: 0.255043 1 24.8646 0 24.8646 24.8646 0.410797 2.83627 28.6546 0 28.6546 26.8183 1.3198 12.3378 42.6854 0 42.6854 31.3476 
out-dis-uniform knn time: 0.156866 5.61757 82.4025 0 82.4025 77.7849 0.213291 9.75767 91.1652 0 91.1652 82.4076 1.08546 24.709 108.621 0 108.621 84.9117 
# Insert
## 0.0001
median: (3974, 0.00269333)-> min: (65, 0.00104567)-> max: (6558, 2.4084)-> tot: 53.3143-> avg: 0.00533093
in-dis-skewed knn time: 0.051434 1 23.8413 0 23.8413 23.8413 0.102685 2.80142 27.5466 0 27.5466 25.7451 0.507211 12.1888 41.4014 0 41.4014 30.2126 
out-dis-skewed knn time: 0.396966 26.9004 220.553 0 220.553 194.652 0.635864 38.8794 234.586 0 234.586 196.707 5.82902 127.645 334.362 0 334.362 207.717 
in-dis-uniform knn time: 0.255119 1 24.9025 0 24.9025 24.9025 0.410546 2.82766 28.6771 0 28.6771 26.8494 1.31591 12.268 42.6236 0 42.6236 31.3556 
out-dis-uniform knn time: 0.163166 7.35426 86.3572 0 86.3572 80.0029 0.26175 10.8541 92.0708 0 92.0708 82.2167 1.48516 32.1265 124.537 0 124.537 93.41 

Tree: KdTree; Split: MaxStretchDim-ObjectMedian; BDO: 6; Inba: 30; Coord: integer; 
2_sort_by_0.in 5.05583 28 25.5197 
# Insert
## 1
median: (0, 4.69837)-> min: (0, 4.69837)-> max: (0, 4.69837)-> tot: 4.69837-> avg: 4.69837
# Insert
## 0.1
median: (9, 1.45785)-> min: (0, 0.35282)-> max: (7, 3.21304)-> tot: 14.1572-> avg: 1.41572
in-dis-skewed knn time: 0.164818 1 23.6907 0 23.6907 23.6907 0.255593 2.85948 27.5122 0 27.5122 25.6528 1.0033 12.2911 41.4745 0 41.4745 30.1834 
out-dis-skewed knn time: 0.132945 1.9538 33.2629 0 33.2629 32.3091 0.463028 14.6663 74.3752 0 74.3752 60.7089 2.11432 55.3695 161.266 0 161.266 106.896 
in-dis-uniform knn time: 0.252223 1 24.7473 0 24.7473 24.7473 0.413027 2.86512 28.6511 0 28.6511 26.786 1.32333 12.3406 42.8548 0 42.8548 31.5142 
out-dis-uniform knn time: 0.130851 1.93087 32.3755 0 32.3755 31.4446 0.401137 12.6089 64.4836 0 64.4836 52.8747 1.79722 44.5009 129.642 0 129.642 86.1414 
# Insert
## 0.01
median: (73, 0.233234)-> min: (0, 0.042376)-> max: (58, 0.483194)-> tot: 24.1686-> avg: 0.241686
in-dis-skewed knn time: 0.176911 1 23.2654 0 23.2654 23.2654 0.264717 2.86265 27.0937 0 27.0937 25.2311 1.0011 12.2098 40.9382 0 40.9382 29.7284 
out-dis-skewed knn time: 0.151002 1.95248 37.5112 0 37.5112 36.5588 0.492116 14.7688 81.7858 0 81.7858 68.017 2.19591 55.9103 175.184 0 175.184 120.274 
in-dis-uniform knn time: 0.253579 1 24.8801 0 24.8801 24.8801 0.415152 2.87308 28.824 0 28.824 26.951 1.32833 12.3303 43.076 0 43.076 31.7457 
out-dis-uniform knn time: 0.147048 1.93122 36.1322 0 36.1322 35.201 0.428504 12.687 70.6565 0 70.6565 58.9695 1.84689 45.0191 140.589 0 140.589 96.5701 
# Insert
## 0.001
median: (865, 0.036356)-> min: (1, 0.004082)-> max: (994, 0.0631527)-> tot: 35.7214-> avg: 0.0357209
in-dis-skewed knn time: 0.186475 1 24.0723 0 24.0723 24.0723 0.275209 2.86305 28.8594 0 28.8594 26.9964 1.03896 12.262 44.9732 0 44.9732 33.7111 
out-dis-skewed knn time: 0.187251 1.95548 47.0381 0 47.0381 46.0826 0.701339 15.2065 146.682 0 146.682 132.475 2.81674 58.3581 340.877 0 340.877 283.519 
in-dis-uniform knn time: 0.254055 1 24.6851 0 24.6851 24.6851 0.420738 2.87825 29.6446 0 29.6446 27.7663 1.34677 12.3738 46.2739 0 46.2739 34.9 
out-dis-uniform knn time: 0.183685 1.93244 45.4001 0 45.4001 44.4677 0.597913 13.0893 122.018 0 122.018 109.929 2.34488 46.9688 266.99 0 266.99 221.021 
# Insert
## 0.0001
median: (3236, 0.00390133)-> min: (1, 0.000763)-> max: (7282, 0.009648)-> tot: 39.7773-> avg: 0.00397723
in-dis-skewed knn time: 0.200196 1 23.7272 0 23.7272 23.7272 0.332439 2.90619 34.0821 0 34.0821 32.1759 1.38168 14.4616 66.2052 0 66.2052 52.7436 
out-dis-skewed knn time: 0.204299 1.95237 52.5593 0 52.5593 51.607 1.54324 15.3854 313.294 0 313.294 298.909 7.85632 64.0353 1070.42 0 1070.42 1007.39 
in-dis-uniform knn time: 0.254499 1 24.8612 0 24.8612 24.8612 0.489493 2.89096 36.1026 0 36.1026 34.2117 1.75334 14.3304 70.6019 0 70.6019 57.2715 
out-dis-uniform knn time: 0.204225 1.93905 51.9247 0 51.9247 50.9856 1.43083 13.3322 270.813 0 270.813 258.481 6.45133 52.2853 846.849 0 846.849 795.564 

Tree: KdTree; Split: MaxStretchDim-ObjectMedian; BDO: 6; Inba: 30; Coord: integer; 
2.in 3.90958 28 25.5267 
# Insert
## 1
median: (0, 3.68316)-> min: (0, 3.68316)-> max: (0, 3.68316)-> tot: 3.68316-> avg: 3.68316
# Insert
## 0.1
median: (5, 0.476399)-> min: (0, 0.307318)-> max: (9, 0.582312)-> tot: 4.56632-> avg: 0.456631
in-dis-skewed knn time: 0.25225 1 24.4094 0 24.4094 24.4094 0.422821 2.92005 28.4582 0 28.4582 26.5382 1.3381 12.4148 42.5564 0 42.5564 31.1416 
out-dis-skewed knn time: 0.277119 1.41553 25.5246 0 25.5246 25.1091 0.414248 2.96722 28.6023 0 28.6023 26.6351 1.30697 12.4169 42.5821 0 42.5821 31.1652 
in-dis-uniform knn time: 0.250791 1 24.4906 0 24.4906 24.4906 0.402257 2.88575 28.4088 0 28.4088 26.5231 1.28405 12.3799 42.5108 0 42.5108 31.1309 
out-dis-uniform knn time: 0.27697 1.41565 25.5242 0 25.5242 25.1086 0.409731 2.96747 28.6025 0 28.6025 26.635 1.27448 12.4162 42.5821 0 42.5821 31.1659 
# Insert
## 0.01
median: (49, 0.113732)-> min: (1, 0.0392673)-> max: (99, 0.138738)-> tot: 10.6142-> avg: 0.106141
in-dis-skewed knn time: 0.251266 1 24.3433 0 24.3433 24.3433 0.433588 2.98698 28.8126 0 28.8126 26.8256 1.36229 12.6166 42.97 0 42.97 31.3534 
out-dis-skewed knn time: 0.279148 1.41549 25.6014 0 25.6014 25.1859 0.416867 2.96444 28.6897 0 28.6897 26.7253 1.31453 12.4486 42.7556 0 42.7556 31.307 
in-dis-uniform knn time: 0.253007 1 24.563 0 24.563 24.563 0.405916 2.88254 28.4936 0 28.4936 26.611 1.29167 12.411 42.6851 0 42.6851 31.2741 
out-dis-uniform knn time: 0.279407 1.41525 25.6018 0 25.6018 25.1865 0.412913 2.96408 28.6882 0 28.6882 26.7242 1.28322 12.4494 42.7559 0 42.7559 31.3065 
# Insert
## 0.001
median: (499, 0.0221067)-> min: (1, 0.003897)-> max: (929, 0.0262783)-> tot: 20.8448-> avg: 0.0208443
in-dis-skewed knn time: 0.251589 1 24.366 0 24.366 24.366 0.435632 2.9979 28.8925 0 28.8925 26.8946 1.36494 12.6526 43.072 0 43.072 31.4195 
out-dis-skewed knn time: 0.280716 1.4151 25.6502 0 25.6502 25.2351 0.417935 2.96455 28.7426 0 28.7426 26.778 1.31517 12.4616 42.8333 0 42.8333 31.3717 
in-dis-uniform knn time: 0.253856 1 24.6097 0 24.6097 24.6097 0.407093 2.88375 28.5461 0 28.5461 26.6624 1.29276 12.4222 42.7617 0 42.7617 31.3395 
out-dis-uniform knn time: 0.280386 1.41543 25.6494 0 25.6494 25.234 0.414006 2.96479 28.7416 0 28.7416 26.7769 1.28406 12.4613 42.8299 0 42.8299 31.3686 
# Insert
## 0.0001
median: (5966, 0.00505633)-> min: (1, 0.000761)-> max: (7475, 0.006857)-> tot: 49.5528-> avg: 0.00495478
in-dis-skewed knn time: 0.253256 1 24.4366 0 24.4366 24.4366 0.433937 2.99914 28.9736 0 28.9736 26.9744 1.36464 12.6584 43.1567 0 43.1567 31.4983 
out-dis-skewed knn time: 0.280734 1.41546 25.7231 0 25.7231 25.3076 0.418115 2.96489 28.818 0 28.818 26.8532 1.31389 12.4639 42.9144 0 42.9144 31.4505 
in-dis-uniform knn time: 0.255425 1 24.6833 0 24.6833 24.6833 0.407772 2.88393 28.6216 0 28.6216 26.7377 1.29236 12.424 42.8396 0 42.8396 31.4156 
out-dis-uniform knn time: 0.281107 1.41539 25.7232 0 25.7232 25.3078 0.414615 2.96539 28.8204 0 28.8204 26.855 1.28336 12.4638 42.9182 0 42.9182 31.4545 


