Tree: KdTree; AugType: HasBox; Split: MaxStretchDim-ObjectMedian; BDO: 6; Inba: 30; Coord: integer; 
1.in 8.00315 28 25.5236 
# Insert
## 1
median: (0, 7.74593)-> min: (0, 7.74593)-> max: (0, 7.74593)-> tot: 7.74593-> avg: 7.74593
# Insert
## 0.1
median: (4, 2.16443)-> min: (0, 0.627011)-> max: (9, 3.89725)-> tot: 20.0822-> avg: 2.00822
in-dis-skewed knn time: 0.049516 1 25.4393 0 25.4393 25.4393 0.154838 5.5822 36.7216 0 36.7216 32.1394 0.789416 21.9636 63.5481 0 63.5481 42.5845 
out-dis-skewed knn time: 0.553169 24.1685 207.489 0 207.489 184.32 0.86721 47.6222 254.531 0 254.531 207.909 3.8844 111.582 365.796 0 365.796 255.214 
in-dis-uniform knn time: 0.27791 1 24.7616 0 24.7616 24.7616 0.860993 5.60858 36.245 0 36.245 31.6364 2.7002 22.1894 63.6415 0 63.6415 42.4521 
out-dis-uniform knn time: 0.852127 21.6732 192.452 0 192.452 171.779 1.45595 39.1663 225.183 0 225.183 187.016 5.45172 114.247 334.107 0 334.107 220.86 
# Insert
## 0.01
median: (95, 0.161386)-> min: (0, 0.0598097)-> max: (92, 2.05817)-> tot: 25.872-> avg: 0.25872
in-dis-skewed knn time: 0.0479717 1 24.3754 0 24.3754 24.3754 0.153714 5.57375 35.6433 0 35.6433 31.0696 0.791432 21.9132 62.4 0 62.4 41.4869 
out-dis-skewed knn time: 0.656223 29.3203 230.67 0 230.67 202.35 1.0954 56.6265 279.927 0 279.927 224.3 5.88806 154.628 444.88 0 444.88 291.251 
in-dis-uniform knn time: 0.278796 1 24.6619 0 24.6619 24.6619 0.865332 5.57005 36.0424 0 36.0424 31.4723 2.71344 21.9176 63.0875 0 63.0875 42.1699 
out-dis-uniform knn time: 0.795986 20.1099 177.165 0 177.165 158.055 1.4239 38.0516 211.016 0 211.016 173.965 5.1007 104.542 311.651 0 311.651 208.108 
# Insert
## 0.001
median: (577, 0.0159357)-> min: (0, 0.004861)-> max: (501, 2.25222)-> tot: 41.4362-> avg: 0.0414357
in-dis-skewed knn time: 0.0495523 1 25.3712 0 25.3712 25.3712 0.154574 5.54523 36.5267 0 36.5267 31.9815 0.795435 21.7183 62.9792 0 62.9792 42.2609 
out-dis-skewed knn time: 1.45372 65.8097 443.134 0 443.134 378.324 2.66217 117.573 521.883 0 521.883 405.31 12.4706 301.303 744.888 0 744.888 444.585 
in-dis-uniform knn time: 0.279178 1 24.9443 0 24.9443 24.9443 0.865989 5.56756 36.3134 0 36.3134 31.7458 2.72289 21.9013 63.3302 0 63.3302 42.4289 
out-dis-uniform knn time: 1.12429 35.361 260.291 0 260.291 225.93 2.0616 62.2709 306.116 0 306.116 244.845 8.21792 175.983 444 0 444 269.018 
# Insert
## 0.0001
median: (4143, 0.00323867)-> min: (0, 0.00138667)-> max: (3257, 1.97872)-> tot: 65.4235-> avg: 0.00654185
in-dis-skewed knn time: 0.0478213 1 24.3083 0 24.3083 24.3083 0.152698 5.55263 35.5446 0 35.5446 30.992 0.791911 21.7783 62.1697 0 62.1697 41.3915 
out-dis-skewed knn time: 0.466573 15.3498 179.099 0 179.099 164.749 0.653102 28.2819 206.545 0 206.545 179.263 3.2185 88.0617 330.162 0 330.162 243.1 
in-dis-uniform knn time: 0.278719 1 24.5569 0 24.5569 24.5569 0.862791 5.59139 35.9971 0 35.9971 31.4057 2.71029 22.0659 63.2317 0 63.2317 42.1657 
out-dis-uniform knn time: 0.723328 17.8386 171.215 0 171.215 154.376 1.26869 33.7518 202.547 0 202.547 169.795 4.73472 98.1305 303.11 0 303.11 205.979 

Tree: KdTree; AugType: HasBox; Split: MaxStretchDim-ObjectMedian; BDO: 6; Inba: 30; Coord: integer; 
2_sort_by_0.in 5.60756 28 25.5201 
# Insert
## 1
median: (0, 5.80644)-> min: (0, 5.80644)-> max: (0, 5.80644)-> tot: 5.80644-> avg: 5.80644
# Insert
## 0.1
median: (2, 1.6128)-> min: (0, 0.428117)-> max: (7, 3.67467)-> tot: 16.5661-> avg: 1.6566
in-dis-skewed knn time: 0.169947 1 23.7226 0 23.7226 23.7226 0.645563 5.72809 35.9408 0 35.9408 31.2127 2.35121 23.5998 66.2033 0 66.2033 43.6034 
out-dis-skewed knn time: 0.353435 2.79832 44.693 0 44.693 42.8947 1.96327 20.4489 104.342 0 104.342 84.8929 8.4404 98.5146 275.42 0 275.42 177.905 
in-dis-uniform knn time: 0.275748 1 24.7412 0 24.7412 24.7412 0.93735 5.99683 38.9714 0 38.9714 33.9746 3.13834 25.2317 74.4795 0 74.4795 50.2478 
out-dis-uniform knn time: 0.37466 2.91558 42.3711 0 42.3711 40.4555 1.69213 17.4459 87.948 0 87.948 71.5021 6.5195 75.4782 209.774 0 209.774 135.296 
# Insert
## 0.01
median: (88, 0.210749)-> min: (1, 0.041236)-> max: (56, 0.382991)-> tot: 20.4831-> avg: 0.204831
in-dis-skewed knn time: 0.20754 1 23.2765 0 23.2765 23.2765 0.735097 5.65381 37.694 0 37.694 33.0402 2.53733 23.441 71.6965 0 71.6965 49.2555 
out-dis-skewed knn time: 0.733838 2.76713 62.598 0 62.598 60.8309 3.56269 21.086 184.167 0 184.167 164.081 13.8121 106.008 532.522 0 532.522 427.514 
in-dis-uniform knn time: 0.279721 1 24.8593 0 24.8593 24.8593 0.965529 5.97207 41.9074 0 41.9074 36.9353 3.22447 25.1058 81.9322 0 81.9322 57.8264 
out-dis-uniform knn time: 0.749335 2.88661 58.9843 0 58.9843 57.0977 2.9962 18.0757 151.386 0 151.386 134.31 10.5692 81.8992 398.343 0 398.343 317.443 
# Insert
## 0.001
median: (533, 0.0311063)-> min: (1, 0.00441633)-> max: (647, 0.040124)-> tot: 27.6963-> avg: 0.0276958
in-dis-skewed knn time: 0.247912 1 23.637 0 23.637 23.637 0.994743 5.72655 49.1554 0 49.1554 44.4289 3.44984 25.5152 109.2 0 109.2 84.6849 
out-dis-skewed knn time: 0.82606 2.7021 62.3576 0 62.3576 60.6555 6.49795 21.9431 318.632 0 318.632 297.689 31.8804 118.493 1397.02 0 1397.02 1279.52 
in-dis-uniform knn time: 0.277314 1 24.8736 0 24.8736 24.8736 1.18328 6.07985 54.7115 0 54.7115 49.6316 4.20955 28.4197 128.249 0 128.249 100.829 
out-dis-uniform knn time: 0.922633 2.83256 62.578 0 62.578 60.7455 5.65025 18.9373 273.545 0 273.545 255.607 24.6729 92.9795 1070.55 0 1070.55 978.57 
# Insert
## 0.0001
median: (2857, 0.00709633)-> min: (1, 0.000832333)-> max: (9285, 0.0135077)-> tot: 68.1861-> avg: 0.00681811
in-dis-skewed knn time: 0.247028 1 23.7666 0 23.7666 23.7666 1.0082 5.80788 50.191 0 50.191 45.3831 3.52018 26.3104 112.974 0 112.974 87.664 
out-dis-skewed knn time: 0.832022 2.69508 62.5117 0 62.5117 60.8167 6.70174 22.3671 325.854 0 325.854 304.487 33.3494 122.224 1453.51 0 1453.51 1332.29 
in-dis-uniform knn time: 0.278372 1 24.926 0 24.926 24.926 1.20923 6.10208 55.5876 0 55.5876 50.4856 4.30867 28.6494 131.134 0 131.134 103.485 
out-dis-uniform knn time: 0.931187 2.82828 62.7665 0 62.7665 60.9382 5.84154 19.3533 280.41 0 280.41 262.057 25.9072 96.1404 1117.56 0 1117.56 1022.42 

Tree: KdTree; AugType: HasBox; Split: MaxStretchDim-ObjectMedian; BDO: 6; Inba: 30; Coord: integer; 
2.in 4.66033 28 25.526 
# Insert
## 1
median: (0, 4.62416)-> min: (0, 4.62416)-> max: (0, 4.62416)-> tot: 4.62416-> avg: 4.62416
# Insert
## 0.1
median: (5, 0.584391)-> min: (0, 0.380962)-> max: (9, 0.751327)-> tot: 5.64605-> avg: 0.564604
in-dis-skewed knn time: 0.276478 1 24.4097 0 24.4097 24.4097 0.952014 5.99811 38.8041 0 38.8041 33.806 3.17006 25.2123 73.8917 0 73.8917 49.6794 
out-dis-skewed knn time: 0.452225 2.33921 29.5343 0 29.5343 28.1951 0.926882 6.21242 39.3846 0 39.3846 34.1721 3.05464 25.3063 74.064 0 74.064 49.7578 
in-dis-uniform knn time: 0.271886 1 24.4901 0 24.4901 24.4901 0.8736 5.95829 38.7281 0 38.7281 33.7698 2.97949 25.189 73.8375 0 73.8375 49.6485 
out-dis-uniform knn time: 0.447897 2.33984 29.5333 0 29.5333 28.1935 0.892568 6.21433 39.3802 0 39.3802 34.1659 2.9447 25.3059 74.0606 0 74.0606 49.7547 
# Insert
## 0.01
median: (50, 0.143685)-> min: (1, 0.044295)-> max: (95, 0.173632)-> tot: 13.2992-> avg: 0.132991
in-dis-skewed knn time: 0.276675 1 24.3405 0 24.3405 24.3405 0.972875 6.11068 39.2544 0 39.2544 34.1437 3.19374 25.3628 74.4837 0 74.4837 50.1209 
out-dis-skewed knn time: 0.455005 2.34092 29.6229 0 29.6229 28.282 0.93031 6.22377 39.5256 0 39.5256 34.3018 3.06267 25.2493 74.3299 0 74.3299 50.0806 
in-dis-uniform knn time: 0.273648 1 24.5584 0 24.5584 24.5584 0.878477 5.96664 38.8614 0 38.8614 33.8948 2.98487 25.1297 74.1008 0 74.1008 49.971 
out-dis-uniform knn time: 0.451093 2.34043 29.6234 0 29.6234 28.283 0.899446 6.22266 39.5224 0 39.5224 34.2997 2.94924 25.2492 74.3277 0 74.3277 50.0785 
# Insert
## 0.001
median: (504, 0.0256367)-> min: (1, 0.0044)-> max: (936, 0.0300473)-> tot: 24.332-> avg: 0.0243315
in-dis-skewed knn time: 0.277402 1 24.3705 0 24.3705 24.3705 0.97473 6.13166 39.3665 0 39.3665 34.2348 3.19756 25.3882 74.6992 0 74.6992 50.311 
out-dis-skewed knn time: 0.4573 2.34193 29.6919 0 29.6919 28.35 0.930528 6.22898 39.6115 0 39.6115 34.3825 3.06429 25.2422 74.5016 0 74.5016 50.2593 
in-dis-uniform knn time: 0.274805 1 24.6114 0 24.6114 24.6114 0.879899 5.97193 38.954 0 38.954 33.9821 2.98599 25.1222 74.2683 0 74.2683 50.1461 
out-dis-uniform knn time: 0.453075 2.34183 29.6876 0 29.6876 28.3458 0.901318 6.22893 39.6076 0 39.6076 34.3786 2.95177 25.241 74.4991 0 74.4991 50.2581 
# Insert
## 0.0001
median: (2730, 0.00367967)-> min: (1, 0.000839667)-> max: (5516, 0.00780833)-> tot: 36.3951-> avg: 0.00363902
in-dis-skewed knn time: 0.276728 1 24.4429 0 24.4429 24.4429 0.974733 6.13547 39.4602 0 39.4602 34.3247 3.19665 25.3964 74.8481 0 74.8481 50.4517 
out-dis-skewed knn time: 0.457374 2.34221 29.7706 0 29.7706 28.4284 0.930975 6.23094 39.7041 0 39.7041 34.4731 3.0656 25.2409 74.6387 0 74.6387 50.3978 
in-dis-uniform knn time: 0.277348 1 24.6856 0 24.6856 24.6856 0.88109 5.97228 39.0322 0 39.0322 34.06 2.98608 25.1204 74.3979 0 74.3979 50.2775 
out-dis-uniform knn time: 0.454085 2.34216 29.7707 0 29.7707 28.4285 0.902521 6.23045 39.7025 0 39.7025 34.472 2.9534 25.2452 74.6357 0 74.6357 50.3905 

Tree: OrthTree; AugType: HasBox; Split: RotateDim-SpatialMedian; BDO: 6; Inba: 30; Coord: integer; 
1.in 11.2577 16 13.329 
# Insert
## 1
median: (0, 11.0035)-> min: (0, 11.0035)-> max: (0, 11.0035)-> tot: 11.0035-> avg: 11.0035
# Insert
## 0.1
median: (4, 1.20684)-> min: (8, 1.02957)-> max: (0, 3.30254)-> tot: 13.831-> avg: 1.3831
in-dis-skewed knn time: 0.136262 1 14.8317 0 103.822 103.822 0.277194 6.2551 18.6796 0 130.757 125.499 0.960236 31.2931 27.5026 0 192.518 161.128 
out-dis-skewed knn time: 0.994585 13.7681 102.843 0 719.901 706.502 1.35796 41.9771 113.081 0 791.57 749.871 5.38166 155.606 166.078 0 1162.54 1006.93 
in-dis-uniform knn time: 0.4636 1 14.3543 0 100.48 100.48 0.986716 6.28589 18.2538 0 127.777 122.488 2.76497 31.9296 27.3125 0 191.188 159.207 
out-dis-uniform knn time: 1.30661 14.2652 75.6006 0 529.205 515.927 2.05288 40.2801 89.8301 0 628.811 589.515 6.44632 170.547 134.419 0 940.933 769.855 
# Insert
## 0.01
median: (60, 0.113033)-> min: (94, 0.0909817)-> max: (0, 0.315781)-> tot: 11.6887-> avg: 0.116887
in-dis-skewed knn time: 0.135173 1 14.8316 0 103.821 103.821 0.284391 6.25506 18.6794 0 130.756 125.497 0.964529 31.2927 27.5016 0 192.511 161.121 
out-dis-skewed knn time: 1.00906 13.7681 102.843 0 719.9 706.501 1.35577 41.9771 113.081 0 791.569 749.87 5.44029 155.605 166.077 0 1162.54 1006.92 
in-dis-uniform knn time: 0.467761 1 14.3541 0 100.479 100.479 0.995885 6.2857 18.2527 0 127.769 122.481 2.78245 31.9278 27.3082 0 191.157 159.179 
out-dis-uniform knn time: 1.32362 14.241 75.618 0 529.326 516.073 2.07803 40.2107 89.8357 0 628.85 589.624 6.51304 170.703 134.296 0 940.072 768.838 
# Insert
## 0.001
median: (320, 0.012277)-> min: (708, 0.00956567)-> max: (0, 0.0249513)-> tot: 12.4422-> avg: 0.0124417
in-dis-skewed knn time: 0.136903 1 14.8307 0 103.815 103.815 0.285212 6.25429 18.6751 0 130.726 125.469 0.94743 31.2861 27.4859 0 192.401 161.024 
out-dis-skewed knn time: 0.996426 13.768 102.811 0 719.675 706.276 1.35377 41.9468 113.076 0 791.532 749.866 5.47553 155.529 166.069 0 1162.48 1006.96 
in-dis-uniform knn time: 0.471677 1 14.3533 0 100.473 100.473 1.00345 6.28515 18.2492 0 127.744 122.457 2.79493 31.9233 27.295 0 191.065 159.098 
out-dis-uniform knn time: 1.33228 14.232 75.5298 0 528.709 515.465 2.08945 40.1555 89.7794 0 628.456 589.285 6.54449 170.576 134.295 0 940.067 768.96 
# Insert
## 0.0001
median: (7567, 0.00209767)-> min: (9999, 0.00112933)-> max: (1147, 0.00486633)-> tot: 21.2867-> avg: 0.00212817
in-dis-skewed knn time: 0.136786 1 14.8296 0 103.807 103.807 0.279211 6.25346 18.6698 0 130.689 125.433 0.947717 31.2789 27.4662 0 192.263 160.902 
out-dis-skewed knn time: 0.989197 13.7679 102.811 0 719.675 706.277 1.38789 41.9468 113.076 0 791.534 749.867 5.44084 155.53 166.069 0 1162.49 1006.96 
in-dis-uniform knn time: 0.473479 1 14.353 0 100.471 100.471 1.00461 6.28495 18.2476 0 127.733 122.446 2.7931 31.9211 27.2887 0 191.021 159.058 
out-dis-uniform knn time: 1.34093 14.216 75.568 0 528.976 515.748 2.10709 40.1711 89.9695 0 629.786 590.6 6.5753 170.698 134.402 0 940.813 769.585 

Tree: OrthTree; AugType: HasBox; Split: RotateDim-SpatialMedian; BDO: 6; Inba: 30; Coord: integer; 
2_sort_by_0.in 6.49316 9 8.99999 
# Insert
## 1
median: (0, 6.31302)-> min: (0, 6.31302)-> max: (0, 6.31302)-> tot: 6.31303-> avg: 6.31302
# Insert
## 0.1
median: (2, 0.622559)-> min: (6, 0.564825)-> max: (0, 0.675794)-> tot: 6.16433-> avg: 0.616432
in-dis-skewed knn time: 0.190752 1 8.99996 0 62.9997 62.9997 0.616825 7.63265 13.4662 0 94.2633 87.6306 2.35505 43.2176 25.6687 0 179.681 137.459 
out-dis-skewed knn time: 0.3846 2.27974 15.2267 0 106.587 105.307 1.82261 23.1219 37.3985 0 261.79 239.668 7.91774 146.053 103.303 0 723.124 578.066 
in-dis-uniform knn time: 0.304538 1 8.99996 0 62.9997 62.9997 0.872182 7.91628 14.184 0 99.2883 92.372 3.01736 45.1611 28.0642 0 196.45 152.284 
out-dis-uniform knn time: 0.38835 2.37209 14.5705 0 101.994 100.622 1.56793 20.1352 31.7007 0 221.905 202.769 6.20761 117.206 78.4331 0 549.032 432.821 
# Insert
## 0.01
median: (93, 0.0607273)-> min: (64, 0.050529)-> max: (88, 0.0795803)-> tot: 6.08457-> avg: 0.0608452
in-dis-skewed knn time: 0.193859 1 8.99996 0 62.9997 62.9997 0.62543 7.63265 13.4662 0 94.2633 87.6306 2.38708 43.2176 25.6687 0 179.681 137.459 
out-dis-skewed knn time: 0.393463 2.27974 15.2267 0 106.587 105.307 1.84026 23.1219 37.3985 0 261.79 239.668 7.94111 146.053 103.303 0 723.124 578.066 
in-dis-uniform knn time: 0.308791 1 8.99996 0 62.9997 62.9997 0.880026 7.91628 14.184 0 99.2883 92.372 3.0203 45.1611 28.0642 0 196.45 152.284 
out-dis-uniform knn time: 0.396291 2.37209 14.5705 0 101.994 100.622 1.58301 20.1352 31.7007 0 221.905 202.769 6.22841 117.206 78.4331 0 549.032 432.821 
# Insert
## 0.001
median: (780, 0.00654233)-> min: (51, 0.004383)-> max: (554, 0.00962967)-> tot: 6.56664-> avg: 0.00656615
in-dis-skewed knn time: 0.20163 1 8.99996 0 62.9997 62.9997 0.65222 7.63265 13.4662 0 94.2633 87.6306 2.45487 43.2176 25.6687 0 179.681 137.459 
out-dis-skewed knn time: 0.405054 2.27974 15.2267 0 106.587 105.307 1.90961 23.1219 37.3985 0 261.79 239.668 8.14119 146.053 103.303 0 723.124 578.066 
in-dis-uniform knn time: 0.313545 1 8.99996 0 62.9997 62.9997 0.888459 7.91628 14.184 0 99.2883 92.372 3.03722 45.1611 28.0642 0 196.45 152.284 
out-dis-uniform knn time: 0.409964 2.37209 14.5705 0 101.994 100.622 1.64019 20.1352 31.7007 0 221.905 202.769 6.37009 117.206 78.4331 0 549.032 432.821 
# Insert
## 0.0001
median: (8200, 0.00208367)-> min: (1719, 0.000832667)-> max: (2874, 0.00451233)-> tot: 19.8513-> avg: 0.00198463
in-dis-skewed knn time: 0.203618 1 8.99996 0 62.9997 62.9997 0.662341 7.63265 13.4662 0 94.2633 87.6306 2.50191 43.2176 25.6687 0 179.681 137.459 
out-dis-skewed knn time: 0.411366 2.27974 15.2267 0 106.587 105.307 1.9652 23.1219 37.3985 0 261.79 239.668 8.37267 146.053 103.303 0 723.124 578.066 
in-dis-uniform knn time: 0.323323 1 8.99996 0 62.9997 62.9997 0.89318 7.91628 14.184 0 99.2883 92.372 2.98781 45.1611 28.0642 0 196.45 152.284 
out-dis-uniform knn time: 0.418431 2.37209 14.5705 0 101.994 100.622 1.68901 20.1352 31.7007 0 221.905 202.769 6.54259 117.206 78.4331 0 549.032 432.821 

Tree: OrthTree; AugType: HasBox; Split: RotateDim-SpatialMedian; BDO: 6; Inba: 30; Coord: integer; 
2.in 5.05682 9 8.99999 
# Insert
## 1
median: (0, 4.64036)-> min: (0, 4.64036)-> max: (0, 4.64036)-> tot: 4.64036-> avg: 4.64036
# Insert
## 0.1
median: (8, 0.631188)-> min: (1, 0.37938)-> max: (5, 0.719096)-> tot: 5.69359-> avg: 0.569359
in-dis-skewed knn time: 0.326503 1 8.36749 0 58.5725 58.5725 0.951741 6.68798 12.5409 0 87.7866 82.0986 3.1323 36.6139 22.8973 0 160.281 124.607 
out-dis-skewed knn time: 0.493038 2.18849 9.78528 0 68.497 67.3085 0.931438 6.86693 12.6823 0 88.7763 82.9093 3.02191 36.4192 22.9026 0 160.318 124.842 
in-dis-uniform knn time: 0.324889 1 8.36735 0 58.5715 58.5715 0.897372 6.68847 12.541 0 87.7873 82.0989 2.95521 36.614 22.894 0 160.258 124.584 
out-dis-uniform knn time: 0.497735 2.18864 9.78709 0 68.5096 67.321 0.923392 6.86778 12.686 0 88.8023 82.9346 2.92463 36.4241 22.9054 0 160.338 124.857 
# Insert
## 0.01
median: (82, 0.149071)-> min: (2, 0.0412387)-> max: (58, 0.161578)-> tot: 12.4887-> avg: 0.124887
in-dis-skewed knn time: 0.33388 1 8.36749 0 58.5725 58.5725 0.978392 6.68798 12.5409 0 87.7866 82.0986 3.21515 36.6139 22.8973 0 160.281 124.607 
out-dis-skewed knn time: 0.503313 2.18849 9.78528 0 68.497 67.3085 0.954681 6.86693 12.6823 0 88.7763 82.9093 3.09795 36.4192 22.9026 0 160.318 124.842 
in-dis-uniform knn time: 0.330078 1 8.36735 0 58.5715 58.5715 0.918119 6.68847 12.541 0 87.7873 82.0989 3.02625 36.614 22.894 0 160.258 124.584 
out-dis-uniform knn time: 0.507089 2.18864 9.78709 0 68.5096 67.321 0.942889 6.86778 12.686 0 88.8023 82.9346 2.99087 36.4241 22.9054 0 160.338 124.857 
# Insert
## 0.001
median: (780, 0.0274153)-> min: (0, 0.00436667)-> max: (604, 0.03107)-> tot: 24.1518-> avg: 0.0241512
in-dis-skewed knn time: 0.334427 1 8.36749 0 58.5725 58.5725 0.980035 6.68798 12.5409 0 87.7866 82.0986 3.24038 36.6139 22.8973 0 160.281 124.607 
out-dis-skewed knn time: 0.505559 2.18849 9.78528 0 68.497 67.3085 0.959025 6.86693 12.6823 0 88.7763 82.9093 3.10797 36.4192 22.9026 0 160.318 124.842 
in-dis-uniform knn time: 0.331659 1 8.36735 0 58.5715 58.5715 0.921974 6.68847 12.541 0 87.7873 82.0989 3.0369 36.614 22.894 0 160.258 124.584 
out-dis-uniform knn time: 0.508908 2.18864 9.78709 0 68.5096 67.321 0.94822 6.86778 12.686 0 88.8023 82.9346 3.00247 36.4241 22.9054 0 160.338 124.857 
# Insert
## 0.0001
median: (9527, 0.00384467)-> min: (0, 0.000662333)-> max: (9879, 0.00653)-> tot: 35.2934-> avg: 0.00352884
in-dis-skewed knn time: 0.33615 1 8.36749 0 58.5725 58.5725 0.980726 6.68798 12.5409 0 87.7866 82.0986 3.2289 36.6139 22.8973 0 160.281 124.607 
out-dis-skewed knn time: 0.506059 2.18849 9.78528 0 68.497 67.3085 0.96023 6.86693 12.6823 0 88.7763 82.9093 3.11054 36.4192 22.9026 0 160.318 124.842 
in-dis-uniform knn time: 0.331966 1 8.36735 0 58.5715 58.5715 0.923813 6.68847 12.541 0 87.7873 82.0989 3.03965 36.614 22.894 0 160.258 124.584 
out-dis-uniform knn time: 0.509896 2.18864 9.78709 0 68.5096 67.321 0.949073 6.86778 12.686 0 88.8023 82.9346 3.00547 36.4241 22.9054 0 160.338 124.857 

Tree: PTree; AugType: HasBox; Split: HilbertCurve; BDO: 6; Inba: 30; Coord: integer; 
1.in 3.38179 -1 -1 
# Insert
## 1
median: (0, 3.37703)-> min: (0, 3.37703)-> max: (0, 3.37703)-> tot: 3.37704-> avg: 3.37703
# Insert
## 0.1
median: (5, 0.307857)-> min: (2, 0.299104)-> max: (8, 0.311971)-> tot: 3.06503-> avg: 0.306503
in-dis-skewed knn time: 1.10764 47.3977 349.429 0 349.429 303.031 2.95803 92.0665 462.363 0 462.363 371.296 12.0489 188.766 611.067 0 611.067 423.301 
out-dis-skewed knn time: 0.799289 24.488 285.242 0 285.242 261.754 1.02648 30.4911 296.246 0 296.246 266.755 3.33332 61.371 343.774 0 343.774 283.403 
in-dis-uniform knn time: 10.3166 58.3116 425.561 0 425.561 368.249 19.6212 122.083 604.675 0 604.675 483.592 39.1198 242.337 782.968 0 782.968 541.631 
out-dis-uniform knn time: 1.47749 35.3713 305.061 0 305.061 270.69 2.94689 62.9293 399.293 0 399.293 337.363 9.07657 119.572 484.932 0 484.932 366.359 
# Insert
## 0.01
median: (77, 0.0326993)-> min: (29, 0.0311597)-> max: (68, 0.034947)-> tot: 3.27545-> avg: 0.0327539
in-dis-skewed knn time: 1.13811 39.2913 299.991 0 299.991 261.7 3.14705 76.5827 401.313 0 401.313 325.73 12.0849 142.731 497.259 0 497.259 355.528 
out-dis-skewed knn time: 1.12928 41.3322 394.269 0 394.269 353.937 1.41519 50.8032 410.847 0 410.847 361.044 4.38542 90.0083 473.84 0 473.84 384.832 
in-dis-uniform knn time: 10.0272 57.4244 425.66 0 425.66 369.236 19.0019 117.412 594.289 0 594.289 477.877 39.2175 235.552 774.097 0 774.097 539.545 
out-dis-uniform knn time: 1.41175 35.0549 299.764 0 299.764 265.71 2.91415 65.6736 408.943 0 408.943 344.269 9.08005 128.88 512.205 0 512.205 384.325 
# Insert
## 0.001
median: (467, 0.00445233)-> min: (4, 0.004101)-> max: (193, 0.00652967)-> tot: 4.48639-> avg: 0.00448589
in-dis-skewed knn time: 1.24725 42.9795 331.009 0 331.009 289.029 3.41895 82.0144 431.651 0 431.651 350.637 13.3127 171.069 563.878 0 563.878 393.81 
out-dis-skewed knn time: 1.12002 40.5743 382.105 0 382.105 342.531 1.45379 51.9505 400.418 0 400.418 349.468 4.70707 91.5339 453.583 0 453.583 363.05 
in-dis-uniform knn time: 10.4377 59.346 449.844 0 449.844 391.498 19.5453 126.268 645.097 0 645.097 519.829 40.3317 263.629 857.212 0 857.212 594.583 
out-dis-uniform knn time: 1.96276 43.782 364.394 0 364.394 321.612 3.78746 78.2451 494.279 0 494.279 417.034 11.7496 161.098 622.883 0 622.883 462.785 
# Insert
## 0.0001
median: (1140, 0.000934)-> min: (320, 0.000793667)-> max: (8344, 0.00264067)-> tot: 9.45333-> avg: 0.000944833
in-dis-skewed knn time: 1.12959 39.3464 309.981 0 309.981 271.635 3.18293 80.1728 430.3 0 430.3 351.128 13.3887 179.528 577.555 0 577.555 399.028 
out-dis-skewed knn time: 1.03394 33.1264 370.493 0 370.493 338.367 1.29703 42.3645 387.114 0 387.114 345.749 4.10628 86.5565 447.987 0 447.987 362.431 
in-dis-uniform knn time: 10.3001 56.0335 432.934 0 432.934 377.9 19.3644 120.553 625.77 0 625.77 506.218 39.1991 249.019 820.161 0 820.161 572.142 
out-dis-uniform knn time: 1.81618 38.5348 339.405 0 339.405 301.871 3.48157 69.9259 461.68 0 461.68 392.754 10.724 147.32 577.483 0 577.483 431.163 

Tree: PTree; AugType: HasBox; Split: HilbertCurve; BDO: 6; Inba: 30; Coord: integer; 
2_sort_by_0.in 3.84756 -1 -1 
# Insert
## 1
median: (0, 3.8494)-> min: (0, 3.8494)-> max: (0, 3.8494)-> tot: 3.8494-> avg: 3.8494
# Insert
## 0.1
median: (6, 0.369302)-> min: (1, 0.363719)-> max: (3, 0.372776)-> tot: 3.68766-> avg: 0.368766
in-dis-skewed knn time: 2.81868 20.4981 161.721 0 161.721 142.222 5.38096 38.8439 204.035 0 204.035 166.191 12.4204 86.0032 285.326 0 285.326 200.323 
out-dis-skewed knn time: 0.95912 16.4605 153.565 0 153.565 138.105 1.97812 31.4429 201.124 0 201.124 170.681 10.4283 96.4807 336.915 0 336.915 241.434 
in-dis-uniform knn time: 6.13349 26.7354 204.252 0 204.252 178.517 10.7954 54.1045 277.454 0 277.454 224.349 22.7403 120.505 399.516 0 399.516 280.011 
out-dis-uniform knn time: 1.08796 16.5189 150.131 0 150.131 134.612 2.42954 32.3805 196.569 0 196.569 165.188 11.7092 96.5169 320.925 0 320.925 225.408 
# Insert
## 0.01
median: (91, 0.039305)-> min: (0, 0.037584)-> max: (42, 0.0416513)-> tot: 3.94357-> avg: 0.0394352
in-dis-skewed knn time: 3.6187 21.9558 172.875 0 172.875 151.919 6.97132 43.7828 235.52 0 235.52 192.738 15.5675 97.4252 333.824 0 333.824 237.399 
out-dis-skewed knn time: 0.971684 14.3884 143.204 0 143.204 129.816 1.89832 27.4814 186.832 0 186.832 160.351 9.71275 89.7836 317.613 0 317.613 228.829 
in-dis-uniform knn time: 6.01333 25.4204 199.085 0 199.085 174.665 10.446 50.9369 268.79 0 268.79 218.853 21.5837 113.079 384.466 0 384.466 272.387 
out-dis-uniform knn time: 1.05328 14.7285 141.062 0 141.062 127.334 2.17917 28.5077 182.602 0 182.602 155.094 10.7403 90.0516 302.115 0 302.115 213.063 
# Insert
## 0.001
median: (683, 0.005707)-> min: (0, 0.00488967)-> max: (504, 0.008215)-> tot: 5.75811-> avg: 0.00575762
in-dis-skewed knn time: 4.17771 31.2348 257.121 0 257.121 226.886 9.50945 80.3084 434.871 0 434.871 355.562 26.7698 251.004 813.2 0 813.2 563.196 
out-dis-skewed knn time: 2.01566 29.3436 300.011 0 300.011 271.667 4.13421 64.3442 414.962 0 414.962 351.618 16.085 180.694 655.56 0 655.56 475.865 
in-dis-uniform knn time: 8.88682 43.7606 361.779 0 361.779 319.018 18.4387 107.283 585.586 0 585.586 479.303 46.8801 313.115 1023.38 0 1023.38 711.266 
out-dis-uniform knn time: 2.21244 30.3794 301.063 0 301.063 271.683 4.75718 68.5995 427.894 0 427.894 360.294 18.5873 194.936 677.055 0 677.055 483.119 
# Insert
## 0.0001
median: (7094, 0.001258)-> min: (4, 0.000899)-> max: (8519, 0.00300933)-> tot: 12.5461-> avg: 0.00125411
in-dis-skewed knn time: 3.89735 29.0608 236.563 0 236.563 208.502 9.04773 83.3559 428.911 0 428.911 346.555 23.4661 214.994 679.452 0 679.452 465.458 
out-dis-skewed knn time: 1.62826 22.7831 244.638 0 244.638 222.855 3.11361 44.9457 327.218 0 327.218 283.272 12.5025 128.764 511.485 0 511.485 383.721 
in-dis-uniform knn time: 8.10104 39.6994 328.967 0 328.967 290.267 16.7676 99.3918 531.527 0 531.527 433.135 40.029 257.134 841.144 0 841.144 585.011 
out-dis-uniform knn time: 1.79409 23.9019 246.903 0 246.903 224.001 3.65231 48.8935 337.772 0 337.772 289.879 14.5818 139.25 520.75 0 520.75 382.5 

Tree: PTree; AugType: HasBox; Split: HilbertCurve; BDO: 6; Inba: 30; Coord: integer; 
2.in 4.02188 -1 -1 
# Insert
## 1
median: (0, 4.0319)-> min: (0, 4.0319)-> max: (0, 4.0319)-> tot: 4.03191-> avg: 4.0319
# Insert
## 0.1
median: (9, 0.473072)-> min: (0, 0.375258)-> max: (6, 0.53673)-> tot: 4.68123-> avg: 0.468123
in-dis-skewed knn time: 6.26522 25.6406 188.314 0 188.314 163.674 10.3899 46.4939 238.878 0 238.878 193.384 21.0671 99.9555 338.584 0 338.584 239.628 
out-dis-skewed knn time: 6.56915 26.9735 193.14 0 193.14 167.167 10.4105 46.626 239.281 0 239.281 193.655 21.0824 99.9227 338.577 0 338.577 239.654 
in-dis-uniform knn time: 6.28642 25.6302 188.259 0 188.259 163.629 10.3986 46.4628 238.808 0 238.808 193.346 21.0888 99.8935 338.489 0 338.489 239.595 
out-dis-uniform knn time: 6.58846 26.9792 193.17 0 193.17 167.191 10.4281 46.636 239.318 0 239.318 193.682 21.0787 99.9383 338.62 0 338.62 239.682 
# Insert
## 0.01
median: (50, 0.0706827)-> min: (0, 0.041044)-> max: (99, 0.0878877)-> tot: 7.0131-> avg: 0.0701305
in-dis-skewed knn time: 6.27054 25.7377 189.568 0 189.568 164.83 10.3822 46.8405 240.998 0 240.998 195.157 21.0813 101.194 342.552 0 342.552 242.359 
out-dis-skewed knn time: 6.58696 27.1132 194.478 0 194.478 168.365 10.4229 46.993 241.411 0 241.411 195.418 21.0895 101.159 342.532 0 342.532 242.372 
in-dis-uniform knn time: 6.29736 25.7552 189.534 0 189.534 164.779 10.3979 46.8257 240.926 0 240.926 195.1 21.0873 101.118 342.416 0 342.416 242.298 
out-dis-uniform knn time: 6.60241 27.1133 194.485 0 194.485 168.372 10.4353 47.0026 241.448 0 241.448 195.446 21.0952 101.171 342.569 0 342.569 242.397 
# Insert
## 0.001
median: (515, 0.015299)-> min: (0, 0.005039)-> max: (921, 0.019992)-> tot: 14.539-> avg: 0.0145385
in-dis-skewed knn time: 6.24308 25.6799 189.937 0 189.937 165.257 10.3427 46.7912 241.302 0 241.302 195.511 21.0038 101.282 342.924 0 342.924 242.642 
out-dis-skewed knn time: 6.55761 27.0611 194.869 0 194.869 168.807 10.3739 46.9524 241.727 0 241.727 195.774 21.0057 101.258 342.918 0 342.918 242.66 
in-dis-uniform knn time: 6.26748 25.6996 189.892 0 189.892 165.193 10.3471 46.7812 241.225 0 241.225 195.444 21.0095 101.214 342.78 0 342.78 242.566 
out-dis-uniform knn time: 6.57586 27.0691 194.9 0 194.9 168.831 10.391 46.9601 241.757 0 241.757 195.797 21.033 101.272 342.946 0 342.946 242.674 
# Insert
## 0.0001
median: (4908, 0.003003)-> min: (4, 0.000887333)-> max: (8264, 0.00647367)-> tot: 28.9468-> avg: 0.00289418
in-dis-skewed knn time: 6.18443 25.347 188.006 0 188.006 163.659 10.2659 46.3237 239.648 0 239.648 194.324 20.7809 100.012 339.816 0 339.816 240.804 
out-dis-skewed knn time: 6.49872 26.7407 192.994 0 192.994 167.253 10.296 46.4948 240.117 0 240.117 194.622 20.7817 100.019 339.877 0 339.877 240.858 
in-dis-uniform knn time: 6.20843 25.3641 187.951 0 187.951 163.587 10.2692 46.3032 239.523 0 239.523 194.219 20.7773 99.9309 339.613 0 339.613 240.682 
out-dis-uniform knn time: 6.52024 26.7379 192.966 0 192.966 167.229 10.3154 46.4937 240.09 0 240.09 194.596 20.7999 100.009 339.827 0 339.827 240.818 

