Tree: KdTree; AugType: HasBox; Split: MaxStretchDim-ObjectMedian; BDO: 6; Inba: 30; Coord: integer; 
1.in 7.43979 28 25.5236 
# Delete
## 1
median: (0, 0.645065)-> min: (0, 0.645065)-> max: (0, 0.645065)-> tot: 0.645067-> avg: 0.645065
# Delete
## 0.1
median: (8, 0.980127)-> min: (9, 0.0643807)-> max: (4, 2.63808)-> tot: 12.0742-> avg: 1.20741
in-dis-skewed knn time: 0.0486213 1 24.7225 0 24.7225 24.7225 0.157053 5.54249 35.9152 0 35.9152 31.3727 0.794372 21.6783 62.3866 0 62.3866 41.7083 
out-dis-skewed knn time: 0.601686 19.3799 232 0 232 213.62 0.864948 33.9588 264.695 0 264.695 231.737 4.46711 114.473 373.038 0 373.038 259.564 
in-dis-uniform knn time: 0.277984 1 24.5884 0 24.5884 24.5884 0.864289 5.56361 35.965 0 35.965 31.4014 2.71725 21.8698 62.9596 0 62.9596 42.0898 
out-dis-uniform knn time: 0.719383 17.9984 174.791 0 174.791 157.793 1.22277 30.5973 197.574 0 197.574 167.977 4.70537 95.1769 292.046 0 292.046 197.869 
# Delete
## 0.01
median: (24, 0.118692)-> min: (99, 0.00632033)-> max: (65, 2.59584)-> tot: 23.2967-> avg: 0.232966
in-dis-skewed knn time: 0.048856 1 24.8007 0 24.8007 24.8007 0.157569 5.54855 36.0088 0 36.0088 31.4602 0.794728 21.7022 62.5159 0 62.5159 41.8137 
out-dis-skewed knn time: 2.0627 70.0598 629.83 0 629.83 560.77 3.48497 109.948 709.763 0 709.763 600.815 15.3918 324.096 1008.12 0 1008.12 685.025 
in-dis-uniform knn time: 0.27864 1 24.622 0 24.622 24.622 0.864822 5.57502 36.0237 0 36.0237 31.4487 2.72066 21.9427 63.1092 0 63.1092 42.1665 
out-dis-uniform knn time: 1.08626 26.9404 247.795 0 247.795 221.854 1.89072 46.3186 284.333 0 284.333 239.014 7.20711 142.662 414.339 0 414.339 272.677 
# Delete
## 0.001
median: (975, 0.014097)-> min: (999, 0.000385)-> max: (657, 2.68622)-> tot: 36.3737-> avg: 0.0363732
in-dis-skewed knn time: 0.048634 1 24.8707 0 24.8707 24.8707 0.157353 5.54874 36.086 0 36.086 31.5372 0.794068 21.6806 62.5526 0 62.5526 41.872 
out-dis-skewed knn time: 2.61814 104.179 746.189 0 746.189 643.009 5.45688 197.806 903.275 0 903.275 706.469 22.7521 490.711 1306.3 0 1306.3 816.588 
in-dis-uniform knn time: 0.278321 1 24.6374 0 24.6374 24.6374 0.862781 5.57325 36.0306 0 36.0306 31.4573 2.71564 21.9288 63.0801 0 63.0801 42.1513 
out-dis-uniform knn time: 1.35341 37.902 287.605 0 287.605 250.703 2.63389 73.5751 346.642 0 346.642 274.067 9.65708 195.636 516.35 0 516.35 321.714 
# Delete
## 0.0001
median: (7794, 0.00367333)-> min: (9999, 5.9e-05)-> max: (6577, 2.61946)-> tot: 66.1358-> avg: 0.00661308
in-dis-skewed knn time: 0.048781 1 24.8202 0 24.8202 24.8202 0.157747 5.5535 36.0098 0 36.0098 31.4563 0.79477 21.7138 62.4686 0 62.4686 41.7548 
out-dis-skewed knn time: 2.30215 83.0788 689.707 0 689.707 607.628 3.68771 129.084 772.991 0 772.991 644.908 20.4267 439.932 1365.79 0 1365.79 926.861 
in-dis-uniform knn time: 0.277975 1 24.6455 0 24.6455 24.6455 0.86121 5.57415 36.0417 0 36.0417 31.4676 2.70913 21.9386 63.1192 0 63.1192 42.1806 
out-dis-uniform knn time: 1.2406 32.6844 281.503 0 281.503 249.819 2.12818 56.4704 324.279 0 324.279 268.808 8.67167 174.584 530.84 0 530.84 357.256 

Tree: KdTree; AugType: HasBox; Split: MaxStretchDim-ObjectMedian; BDO: 6; Inba: 30; Coord: integer; 
2_sort_by_0.in 5.83346 28 25.5201 
# Delete
## 1
median: (0, 0.681798)-> min: (0, 0.681798)-> max: (0, 0.681798)-> tot: 0.6818-> avg: 0.681798
# Delete
## 0.1
median: (5, 0.844842)-> min: (9, 0.0679873)-> max: (3, 5.60844)-> tot: 14.2202-> avg: 1.42202
in-dis-skewed knn time: 0.1676 1 24.6957 0 24.6957 24.6957 0.642962 5.73658 36.7962 0 36.7962 32.0596 2.36183 23.7074 66.9402 0 66.9402 44.2328 
out-dis-skewed knn time: 0.335869 2.79986 41.138 0 41.138 39.3381 1.94561 20.5401 99.6132 0 99.6132 80.0731 8.44992 99.3504 268.034 0 268.034 169.684 
in-dis-uniform knn time: 0.275265 1 24.5689 0 24.5689 24.5689 0.934197 6.00666 38.7713 0 38.7713 33.7646 3.12575 25.2765 74.1421 0 74.1421 49.8656 
out-dis-uniform knn time: 0.35874 2.91417 39.0499 0 39.0499 37.1357 1.67366 17.533 83.6602 0 83.6602 67.1272 6.52916 76.2224 203.442 0 203.442 128.219 
# Delete
## 0.01
median: (21, 0.172381)-> min: (99, 0.00687167)-> max: (36, 5.68706)-> tot: 27.8313-> avg: 0.278312
in-dis-skewed knn time: 0.168963 1 24.6957 0 24.6957 24.6957 0.650333 5.73658 36.7962 0 36.7962 32.0596 2.35709 23.7074 66.9402 0 66.9402 44.2328 
out-dis-skewed knn time: 0.277443 2.81114 36.3587 0 36.3587 34.5475 1.70974 20.1053 86.4115 0 86.4115 67.3062 7.57583 95.141 235.084 0 235.084 140.943 
in-dis-uniform knn time: 0.275152 1 24.5739 0 24.5739 24.5739 0.931741 6.00914 38.8434 0 38.8434 33.8342 3.11921 25.2817 74.3262 0 74.3262 50.0445 
out-dis-uniform knn time: 0.302956 2.91694 34.8214 0 34.8214 32.9044 1.47922 17.0958 73.2633 0 73.2633 57.1675 5.84005 72.7276 178.933 0 178.933 107.205 
# Delete
## 0.001
median: (935, 0.0214043)-> min: (999, 0.001043)-> max: (368, 5.45716)-> tot: 37.5569-> avg: 0.0375564
in-dis-skewed knn time: 0.167998 1 24.6749 0 24.6749 24.6749 0.648417 5.74487 36.8341 0 36.8341 32.0893 2.37375 23.7621 67.073 0 67.073 44.3108 
out-dis-skewed knn time: 0.195466 2.97369 31.7223 0 31.7223 29.7486 0.910418 16.1131 58.1944 0 58.1944 43.0813 3.6308 62.9029 128.104 0 128.104 66.2012 
in-dis-uniform knn time: 0.275869 1 24.554 0 24.554 24.554 0.935807 6.01143 38.9085 0 38.9085 33.8971 3.13237 25.3021 74.5114 0 74.5114 50.2093 
out-dis-uniform knn time: 0.200697 2.96975 30.2522 0 30.2522 28.2824 0.780604 13.338 50.3119 0 50.3119 37.9739 2.85361 47.3881 101.682 0 101.682 55.2944 
# Delete
## 0.0001
median: (1259, 0.00443133)-> min: (9999, 8.1e-05)-> max: (3680, 5.46703)-> tot: 64.7446-> avg: 0.00647396
in-dis-skewed knn time: 0.169252 1 24.7677 0 24.7677 24.7677 0.647167 5.72918 36.7878 0 36.7878 32.0586 2.35926 23.6581 66.8949 0 66.8949 44.2368 
out-dis-skewed knn time: 0.120605 2.56799 26.8793 0 26.8793 25.3113 0.346135 9.30275 40.5254 0 40.5254 32.2227 1.50674 34.5786 79.1006 0 79.1006 45.522 
in-dis-uniform knn time: 0.275273 1 24.5424 0 24.5424 24.5424 0.934245 6.00997 38.9632 0 38.9632 33.9532 3.13379 25.3329 74.6675 0 74.6675 50.3346 
out-dis-uniform knn time: 0.116401 2.4639 26.4393 0 26.4393 24.9754 0.336281 8.24898 39.4566 0 39.4566 32.2076 1.56089 31.2595 79.0424 0 79.0424 48.7829 

Tree: KdTree; AugType: HasBox; Split: MaxStretchDim-ObjectMedian; BDO: 6; Inba: 30; Coord: integer; 
2.in 4.62286 28 25.526 
# Delete
## 1
median: (0, 0.686069)-> min: (0, 0.686069)-> max: (0, 0.686069)-> tot: 0.686072-> avg: 0.686069
# Delete
## 0.1
median: (4, 0.626353)-> min: (9, 0.088696)-> max: (0, 0.706762)-> tot: 5.41972-> avg: 0.541971
in-dis-skewed knn time: 0.269005 1 24.9652 0 24.9652 24.9652 0.906694 6.68933 41.168 0 41.168 35.4787 3.12924 30.6353 84.1108 0 84.1108 54.4755 
out-dis-skewed knn time: 0.434125 2.43903 30.5278 0 30.5278 29.0888 0.888554 7.02677 41.9571 0 41.9571 35.9303 3.04257 30.7894 84.4058 0 84.4058 54.6164 
in-dis-uniform knn time: 0.265331 1 24.9651 0 24.9651 24.9651 0.845522 6.68657 41.1602 0 41.1602 35.4736 2.97931 30.6331 84.1025 0 84.1025 54.4694 
out-dis-uniform knn time: 0.435529 2.43869 30.5237 0 30.5237 29.085 0.874267 7.02558 41.9533 0 41.9533 35.9277 2.96325 30.7903 84.3984 0 84.3984 54.6081 
# Delete
## 0.01
median: (46, 0.141652)-> min: (99, 0.00925133)-> max: (10, 0.167552)-> tot: 12.9793-> avg: 0.129792
in-dis-skewed knn time: 0.269315 1 24.9652 0 24.9652 24.9652 0.908507 6.68932 41.168 0 41.168 35.4786 3.13821 30.6352 84.1106 0 84.1106 54.4754 
out-dis-skewed knn time: 0.436125 2.43903 30.5278 0 30.5278 29.0888 0.890679 7.02675 41.957 0 41.957 35.9303 3.0525 30.7893 84.4056 0 84.4056 54.6163 
in-dis-uniform knn time: 0.265766 1 24.9651 0 24.9651 24.9651 0.849136 6.68656 41.1601 0 41.1601 35.4735 2.98291 30.633 84.1023 0 84.1023 54.4693 
out-dis-uniform knn time: 0.437222 2.43869 30.5236 0 30.5236 29.0849 0.877845 7.02556 41.9532 0 41.9532 35.9277 2.9653 30.7902 84.3982 0 84.3982 54.608 
# Delete
## 0.001
median: (521, 0.0272373)-> min: (999, 0.00108733)-> max: (143, 0.0313983)-> tot: 25.7141-> avg: 0.0257136
in-dis-skewed knn time: 0.268423 1 24.9652 0 24.9652 24.9652 0.908096 6.68931 41.1679 0 41.1679 35.4786 3.14184 30.6351 84.1105 0 84.1105 54.4754 
out-dis-skewed knn time: 0.437738 2.43903 30.5278 0 30.5278 29.0887 0.891416 7.02674 41.957 0 41.957 35.9302 3.05131 30.7893 84.4055 0 84.4055 54.6162 
in-dis-uniform knn time: 0.265913 1 24.9651 0 24.9651 24.9651 0.849109 6.68655 41.1601 0 41.1601 35.4735 2.98151 30.633 84.1022 0 84.1022 54.4693 
out-dis-uniform knn time: 0.437208 2.43868 30.5236 0 30.5236 29.0849 0.877923 7.02556 41.9532 0 41.9532 35.9277 2.96454 30.7901 84.3981 0 84.3981 54.608 
# Delete
## 0.0001
median: (4202, 0.006481)-> min: (9999, 8.2e-05)-> max: (5320, 0.008526)-> tot: 60.4204-> avg: 0.00604155
in-dis-skewed knn time: 0.268142 1 24.9652 0 24.9652 24.9652 0.907255 6.68931 41.1679 0 41.1679 35.4786 3.13442 30.6351 84.1105 0 84.1105 54.4754 
out-dis-skewed knn time: 0.435247 2.43903 30.5278 0 30.5278 29.0887 0.889212 7.02674 41.957 0 41.957 35.9302 3.04634 30.7893 84.4055 0 84.4055 54.6162 
in-dis-uniform knn time: 0.266715 1 24.9651 0 24.9651 24.9651 0.846671 6.68655 41.1601 0 41.1601 35.4735 2.9794 30.633 84.1022 0 84.1022 54.4693 
out-dis-uniform knn time: 0.436224 2.43868 30.5236 0 30.5236 29.0849 0.876062 7.02556 41.9532 0 41.9532 35.9277 2.96384 30.7901 84.3981 0 84.3981 54.608 

Tree: OrthTree; AugType: HasBox; Split: RotateDim-SpatialMedian; BDO: 6; Inba: 30; Coord: integer; 
1.in 11.3938 16 13.329 
# Delete
## 1
median: (0, 1.66588)-> min: (0, 1.66588)-> max: (0, 1.66588)-> tot: 1.66588-> avg: 1.66588
# Delete
## 0.1
median: (2, 0.67757)-> min: (9, 0.159091)-> max: (6, 0.768212)-> tot: 6.13799-> avg: 0.613799
in-dis-skewed knn time: 0.144258 1 14.8317 0 103.822 103.822 0.284636 6.2551 18.6796 0 130.757 125.499 0.944036 31.2931 27.5026 0 192.518 161.128 
out-dis-skewed knn time: 1.02441 13.7636 102.815 0 719.706 706.312 1.39061 41.9515 113.084 0 791.586 749.915 5.41266 155.576 166.108 0 1162.76 1007.18 
in-dis-uniform knn time: 0.466584 1 14.3548 0 100.484 100.484 0.991303 6.28638 18.2561 0 127.793 122.503 2.77532 31.9342 27.32 0 191.24 159.251 
out-dis-uniform knn time: 1.33924 14.1526 75.6588 0 529.611 516.447 2.09221 40.0581 90.0622 0 630.435 591.363 6.53832 170.91 134.744 0 943.209 771.776 
# Delete
## 0.01
median: (46, 0.0722337)-> min: (99, 0.015456)-> max: (55, 0.117786)-> tot: 7.24111-> avg: 0.0724106
in-dis-skewed knn time: 0.158681 1 14.8317 0 103.822 103.822 0.283073 6.2551 18.6796 0 130.757 125.499 0.947919 31.2931 27.5026 0 192.518 161.128 
out-dis-skewed knn time: 1.0217 13.7636 102.815 0 719.706 706.312 1.3744 41.9515 113.084 0 791.586 749.915 5.53405 155.576 166.108 0 1162.76 1007.18 
in-dis-uniform knn time: 0.471895 1 14.3548 0 100.484 100.484 1.00278 6.28638 18.2561 0 127.793 122.503 2.80014 31.9342 27.32 0 191.24 159.251 
out-dis-uniform knn time: 1.35332 14.1526 75.6588 0 529.611 516.447 2.11107 40.0581 90.0622 0 630.435 591.363 6.58955 170.91 134.744 0 943.209 771.776 
# Delete
## 0.001
median: (161, 0.010377)-> min: (999, 0.00173833)-> max: (555, 0.020084)-> tot: 10.3783-> avg: 0.0103778
in-dis-skewed knn time: 0.151618 1 14.8317 0 103.822 103.822 0.286557 6.2551 18.6796 0 130.757 125.499 0.949091 31.2931 27.5026 0 192.518 161.128 
out-dis-skewed knn time: 1.03073 13.7636 102.815 0 719.706 706.312 1.41807 41.9515 113.084 0 791.586 749.915 5.42537 155.576 166.108 0 1162.76 1007.18 
in-dis-uniform knn time: 0.474488 1 14.3548 0 100.484 100.484 1.01204 6.28638 18.2561 0 127.793 122.503 2.81994 31.9342 27.32 0 191.24 159.251 
out-dis-uniform knn time: 1.36276 14.1526 75.6588 0 529.611 516.447 2.1282 40.0581 90.0622 0 630.435 591.363 6.6224 170.91 134.744 0 943.209 771.776 
# Delete
## 0.0001
median: (3003, 0.00230867)-> min: (9999, 0.000144)-> max: (728, 0.00500267)-> tot: 23.6263-> avg: 0.00236214
in-dis-skewed knn time: 0.161005 1 14.8317 0 103.822 103.822 0.28097 6.2551 18.6796 0 130.757 125.499 0.95093 31.2931 27.5026 0 192.518 161.128 
out-dis-skewed knn time: 1.04127 13.7636 102.815 0 719.706 706.312 1.4165 41.9515 113.084 0 791.586 749.915 5.47076 155.576 166.108 0 1162.76 1007.18 
in-dis-uniform knn time: 0.475802 1 14.3548 0 100.484 100.484 1.0151 6.28638 18.2561 0 127.793 122.503 2.82528 31.9342 27.32 0 191.24 159.251 
out-dis-uniform knn time: 1.3682 14.1526 75.6588 0 529.611 516.447 2.13713 40.0581 90.0622 0 630.435 591.363 6.6468 170.91 134.744 0 943.209 771.776 

Tree: OrthTree; AugType: HasBox; Split: RotateDim-SpatialMedian; BDO: 6; Inba: 30; Coord: integer; 
2_sort_by_0.in 6.84823 9 8.99999 
# Delete
## 1
median: (0, 2.30354)-> min: (0, 2.30354)-> max: (0, 2.30354)-> tot: 2.30354-> avg: 2.30354
# Delete
## 0.1
median: (6, 0.439206)-> min: (9, 0.228951)-> max: (4, 0.533464)-> tot: 4.33454-> avg: 0.433453
in-dis-skewed knn time: 0.187084 1 8.99996 0 62.9997 62.9997 0.604742 7.63265 13.4662 0 94.2633 87.6306 2.34238 43.2176 25.6687 0 179.681 137.459 
out-dis-skewed knn time: 0.377583 2.27974 15.2267 0 106.587 105.307 1.77641 23.1219 37.3985 0 261.79 239.668 7.78231 146.053 103.303 0 723.124 578.066 
in-dis-uniform knn time: 0.299605 1 8.99996 0 62.9997 62.9997 0.857979 7.91628 14.184 0 99.2883 92.372 2.9794 45.1611 28.0642 0 196.45 152.284 
out-dis-uniform knn time: 0.380571 2.37209 14.5705 0 101.994 100.622 1.53033 20.1352 31.7007 0 221.905 202.769 6.11113 117.206 78.4331 0 549.032 432.821 
# Delete
## 0.01
median: (44, 0.0526287)-> min: (99, 0.02387)-> max: (24, 0.063356)-> tot: 5.15966-> avg: 0.0515961
in-dis-skewed knn time: 0.19486 1 8.99996 0 62.9997 62.9997 0.635333 7.63265 13.4662 0 94.2633 87.6306 2.42319 43.2176 25.6687 0 179.681 137.459 
out-dis-skewed knn time: 0.393266 2.27974 15.2267 0 106.587 105.307 1.87418 23.1219 37.3985 0 261.79 239.668 8.09594 146.053 103.303 0 723.124 578.066 
in-dis-uniform knn time: 0.308768 1 8.99996 0 62.9997 62.9997 0.885444 7.91628 14.184 0 99.2883 92.372 3.04512 45.1611 28.0642 0 196.45 152.284 
out-dis-uniform knn time: 0.397943 2.37209 14.5705 0 101.994 100.622 1.61234 20.1352 31.7007 0 221.905 202.769 6.345 117.206 78.4331 0 549.032 432.821 
# Delete
## 0.001
median: (414, 0.005462)-> min: (999, 0.00123067)-> max: (552, 0.009296)-> tot: 5.91508-> avg: 0.00591459
in-dis-skewed knn time: 0.200489 1 8.99996 0 62.9997 62.9997 0.653058 7.63265 13.4662 0 94.2633 87.6306 2.47934 43.2176 25.6687 0 179.681 137.459 
out-dis-skewed knn time: 0.404229 2.27974 15.2267 0 106.587 105.307 1.94243 23.1219 37.3985 0 261.79 239.668 8.31455 146.053 103.303 0 723.124 578.066 
in-dis-uniform knn time: 0.312675 1 8.99996 0 62.9997 62.9997 0.898381 7.91628 14.184 0 99.2883 92.372 3.07218 45.1611 28.0642 0 196.45 152.284 
out-dis-uniform knn time: 0.410669 2.37209 14.5705 0 101.994 100.622 1.66903 20.1352 31.7007 0 221.905 202.769 6.50361 117.206 78.4331 0 549.032 432.821 
# Delete
## 0.0001
median: (212, 0.00222233)-> min: (9999, 0.000178333)-> max: (1329, 0.00394833)-> tot: 21.2579-> avg: 0.00212529
in-dis-skewed knn time: 0.202043 1 8.99996 0 62.9997 62.9997 0.663477 7.63265 13.4662 0 94.2633 87.6306 2.51005 43.2176 25.6687 0 179.681 137.459 
out-dis-skewed knn time: 0.410012 2.27974 15.2267 0 106.587 105.307 1.97798 23.1219 37.3985 0 261.79 239.668 8.44503 146.053 103.303 0 723.124 578.066 
in-dis-uniform knn time: 0.315009 1 8.99996 0 62.9997 62.9997 0.893722 7.91628 14.184 0 99.2883 92.372 3.03977 45.1611 28.0642 0 196.45 152.284 
out-dis-uniform knn time: 0.416511 2.37209 14.5705 0 101.994 100.622 1.69811 20.1352 31.7007 0 221.905 202.769 6.59874 117.206 78.4331 0 549.032 432.821 

Tree: OrthTree; AugType: HasBox; Split: RotateDim-SpatialMedian; BDO: 6; Inba: 30; Coord: integer; 
2.in 4.80767 9 8.99999 
# Delete
## 1
median: (0, 2.25916)-> min: (0, 2.25916)-> max: (0, 2.25916)-> tot: 2.25916-> avg: 2.25916
# Delete
## 0.1
median: (4, 0.661984)-> min: (9, 0.232913)-> max: (6, 0.84278)-> tot: 5.87576-> avg: 0.587575
in-dis-skewed knn time: 0.332687 1 8.91414 0 62.399 62.399 1.03887 9.29092 15.3548 0 107.484 99.1927 3.80474 64.8881 34.4262 0 240.984 176.721 
out-dis-skewed knn time: 0.511354 2.17854 11.0158 0 77.1106 75.9321 1.02797 9.88221 15.6649 0 109.655 100.772 3.69422 65.1885 34.5176 0 241.623 177.051 
in-dis-uniform knn time: 0.332964 1 8.91421 0 62.3994 62.3994 0.987381 9.29163 15.3555 0 107.489 99.197 3.61952 64.8866 34.4216 0 240.951 176.689 
out-dis-uniform knn time: 0.520505 2.17878 11.0178 0 77.1244 75.9456 1.02676 9.88418 15.6684 0 109.679 100.795 3.60292 65.1942 34.5204 0 241.643 177.065 
# Delete
## 0.01
median: (40, 0.146515)-> min: (99, 0.0297233)-> max: (18, 0.1508)-> tot: 12.4617-> avg: 0.124616
in-dis-skewed knn time: 0.338265 1 8.91414 0 62.399 62.399 1.05858 9.29092 15.3548 0 107.484 99.1927 3.8728 64.8881 34.4262 0 240.984 176.721 
out-dis-skewed knn time: 0.521042 2.17854 11.0158 0 77.1106 75.9321 1.04936 9.88221 15.6649 0 109.655 100.772 3.75497 65.1885 34.5176 0 241.623 177.051 
in-dis-uniform knn time: 0.338567 1 8.91421 0 62.3994 62.3994 1.00782 9.29163 15.3555 0 107.489 99.197 3.67832 64.8866 34.4216 0 240.951 176.689 
out-dis-uniform knn time: 0.530747 2.17878 11.0178 0 77.1244 75.9456 1.04833 9.88418 15.6684 0 109.679 100.795 3.66571 65.1942 34.5204 0 241.643 177.065 
# Delete
## 0.001
median: (350, 0.026716)-> min: (999, 0.003747)-> max: (246, 0.029096)-> tot: 23.7309-> avg: 0.0237304
in-dis-skewed knn time: 0.33922 1 8.91414 0 62.399 62.399 1.06326 9.29092 15.3548 0 107.484 99.1927 3.89331 64.8881 34.4262 0 240.984 176.721 
out-dis-skewed knn time: 0.52389 2.17854 11.0158 0 77.1106 75.9321 1.05533 9.88221 15.6649 0 109.655 100.772 3.77339 65.1885 34.5176 0 241.623 177.051 
in-dis-uniform knn time: 0.340371 1 8.91421 0 62.3994 62.3994 1.01262 9.29163 15.3555 0 107.489 99.197 3.69541 64.8866 34.4216 0 240.951 176.689 
out-dis-uniform knn time: 0.533774 2.17878 11.0178 0 77.1244 75.9456 1.05447 9.88418 15.6684 0 109.679 100.795 3.68283 65.1942 34.5204 0 241.643 177.065 
# Delete
## 0.0001
median: (3795, 0.00379533)-> min: (9999, 0.000583667)-> max: (3901, 0.00684967)-> tot: 35.1379-> avg: 0.00351329
in-dis-skewed knn time: 0.339347 1 8.91414 0 62.399 62.399 1.06503 9.29092 15.3548 0 107.484 99.1927 3.90167 64.8881 34.4262 0 240.984 176.721 
out-dis-skewed knn time: 0.524622 2.17854 11.0158 0 77.1106 75.9321 1.0675 9.88221 15.6649 0 109.655 100.772 3.78091 65.1885 34.5176 0 241.623 177.051 
in-dis-uniform knn time: 0.340544 1 8.91421 0 62.3994 62.3994 1.01495 9.29163 15.3555 0 107.489 99.197 3.7011 64.8866 34.4216 0 240.951 176.689 
out-dis-uniform knn time: 0.534508 2.17878 11.0178 0 77.1244 75.9456 1.05644 9.88418 15.6684 0 109.679 100.795 3.6897 65.1942 34.5204 0 241.643 177.065 

Tree: PTree; AugType: HasBox; Split: HilbertCurve; BDO: 6; Inba: 30; Coord: integer; 
1.in 3.35933 -1 -1 
# Delete
## 1
median: (0, 2.58254)-> min: (0, 2.58254)-> max: (0, 2.58254)-> tot: 2.58254-> avg: 2.58254
# Delete
## 0.1
median: (5, 0.248266)-> min: (2, 0.240363)-> max: (9, 0.252999)-> tot: 2.46725-> avg: 0.246725
in-dis-skewed knn time: 1.03134 41.5412 297.718 0 297.718 257.176 2.97412 85.9141 413.712 0 413.712 328.798 12.8823 176.458 538.356 0 538.356 362.898 
out-dis-skewed knn time: 0.919801 31.9181 346.833 0 346.833 315.915 1.1397 38.5168 355.998 0 355.998 318.482 3.46384 73.091 402.214 0 402.214 330.123 
in-dis-uniform knn time: 9.89501 54.1829 386.433 0 386.433 333.25 18.4699 113.877 547.241 0 547.241 434.364 36.8123 223.409 708.205 0 708.205 485.796 
out-dis-uniform knn time: 1.41333 36.8215 313.843 0 313.843 278.022 3.0629 70.9504 424.264 0 424.264 354.314 10.1255 141.768 524.516 0 524.516 383.747 
# Delete
## 0.01
median: (62, 0.0265357)-> min: (16, 0.0255507)-> max: (0, 0.0287113)-> tot: 2.6528-> avg: 0.0265275
in-dis-skewed knn time: 1.04378 41.0439 300.52 0 300.52 260.476 3.01637 85.7055 419.608 0 419.608 334.902 13.291 176.792 545.214 0 545.214 369.422 
out-dis-skewed knn time: 1.90411 77.3085 598.99 0 598.99 522.682 5.2445 167.632 882.445 0 882.445 715.812 19.55 295.176 1066.16 0 1066.16 771.989 
in-dis-uniform knn time: 9.71383 54.1702 385.568 0 385.568 332.398 18.1403 111.665 538.289 0 538.289 427.624 36.6891 219.052 696.568 0 696.568 478.517 
out-dis-uniform knn time: 1.96815 50.6779 395.977 0 395.977 346.299 4.76106 110.657 589.256 0 589.256 479.599 15.1098 208.753 728.756 0 728.756 521.004 
# Delete
## 0.001
median: (232, 0.003397)-> min: (153, 0.00313433)-> max: (893, 0.00483833)-> tot: 3.42583-> avg: 0.00342534
in-dis-skewed knn time: 1.08766 41.0436 295.891 0 295.891 255.847 3.23181 85.7052 414.978 0 414.978 330.272 13.5495 176.791 540.583 0 540.583 364.792 
out-dis-skewed knn time: 2.09305 77.312 588.134 0 588.134 511.822 3.70356 110.903 697.295 0 697.295 587.392 12.5202 184.463 797.709 0 797.709 614.245 
in-dis-uniform knn time: 9.48585 54.1975 382.417 0 382.417 329.219 17.3933 111.304 533.218 0 533.218 422.914 35.0851 217.903 690.086 0 690.086 473.184 
out-dis-uniform knn time: 2.14164 50.598 390.655 0 390.655 341.057 4.32166 91.5786 524.283 0 524.283 433.705 13.3368 173.327 638.52 0 638.52 466.193 
# Delete
## 0.0001
median: (3143, 0.000717333)-> min: (369, 0.000582)-> max: (2375, 0.00408333)-> tot: 7.25517-> avg: 0.000725018
in-dis-skewed knn time: 1.12191 41.0436 294.891 0 294.891 254.847 3.34878 85.7052 413.978 0 413.978 329.272 13.7794 176.791 539.583 0 539.583 363.792 
out-dis-skewed knn time: 2.23938 78.0434 603.885 0 603.885 526.842 6.33163 174.053 899.872 0 899.872 726.819 21.3789 304.324 1097.11 0 1097.11 793.787 
in-dis-uniform knn time: 9.55684 54.2797 381.802 0 381.802 328.523 17.4045 111.027 531.347 0 531.347 421.321 34.8105 217.297 687.898 0 687.898 471.602 
out-dis-uniform knn time: 2.23477 50.992 394.729 0 394.729 344.737 5.15718 111.332 585.124 0 585.124 474.792 15.6351 208.318 724.584 0 724.584 517.266 

Tree: PTree; AugType: HasBox; Split: HilbertCurve; BDO: 6; Inba: 30; Coord: integer; 
2_sort_by_0.in 3.85947 -1 -1 
# Delete
## 1
median: (0, 3.08085)-> min: (0, 3.08085)-> max: (0, 3.08085)-> tot: 3.08085-> avg: 3.08085
# Delete
## 0.1
median: (3, 0.296273)-> min: (1, 0.292437)-> max: (9, 0.300967)-> tot: 2.96192-> avg: 0.296191
in-dis-skewed knn time: 3.0264 21.1687 158.175 0 158.175 138.007 5.75815 41.26 208.664 0 208.664 168.404 13.0113 89.6579 293.8 0 293.8 205.142 
out-dis-skewed knn time: 1.0503 16.737 174.109 0 174.109 158.372 2.26836 34.5922 234.922 0 234.922 201.33 11.7307 108.665 390.583 0 390.583 282.919 
in-dis-uniform knn time: 7.14814 30.4477 224.743 0 224.743 195.296 12.448 58.8422 298.796 0 298.796 240.954 25.726 127.887 427.295 0 427.295 300.408 
out-dis-uniform knn time: 1.20549 17.1981 169.967 0 169.967 153.769 2.78391 36.3047 229.036 0 229.036 193.731 13.0672 108.903 369.131 0 369.131 261.228 
# Delete
## 0.01
median: (43, 0.0321717)-> min: (9, 0.0309087)-> max: (0, 0.0341747)-> tot: 3.21348-> avg: 0.0321343
in-dis-skewed knn time: 3.4594 23.1029 176.369 0 176.369 154.266 6.6043 46.3133 236.466 0 236.466 191.153 15.0887 102.828 337.975 0 337.975 236.146 
out-dis-skewed knn time: 1.08863 15.623 163.423 0 163.423 148.8 2.25952 33.0622 223.328 0 223.328 191.266 10.8517 103.244 371.146 0 371.146 268.902 
in-dis-uniform knn time: 6.73827 28.8605 216.334 0 216.334 188.474 11.7054 57.3553 294.323 0 294.323 237.967 24.3598 126.128 421.958 0 421.958 296.83 
out-dis-uniform knn time: 1.21515 15.9438 159.416 0 159.416 144.473 2.69692 34.6344 218.949 0 218.949 185.315 12.1315 103.32 352.247 0 352.247 249.928 
# Delete
## 0.001
median: (467, 0.006112)-> min: (425, 0.00423567)-> max: (561, 0.00988267)-> tot: 6.0231-> avg: 0.0060226
in-dis-skewed knn time: 3.46124 23.1146 176.314 0 176.314 154.2 6.58981 46.5715 237.357 0 237.357 191.785 15.0329 103.376 339.344 0 339.344 236.969 
out-dis-skewed knn time: 1.08713 16.3009 159.98 0 159.98 144.679 2.2615 34.1314 219.326 0 219.326 186.194 10.9024 106.558 368.529 0 368.529 262.971 
in-dis-uniform knn time: 6.77883 28.9915 216.861 0 216.861 188.869 11.7003 57.5009 294.132 0 294.132 237.631 24.177 125.43 420.277 0 420.277 295.846 
out-dis-uniform knn time: 1.22939 16.5802 156.849 0 156.849 141.269 2.74326 35.9338 217.006 0 217.006 182.072 12.2788 106.837 353.265 0 353.265 247.429 
# Delete
## 0.0001
median: (2791, 0.00211067)-> min: (9999, 0.000694667)-> max: (868, 0.00498)-> tot: 20.1423-> avg: 0.00201373
in-dis-skewed knn time: 3.46738 23.1146 176.159 0 176.159 154.045 6.59358 46.2153 235.194 0 235.194 189.978 14.9526 101.687 334.867 0 334.867 234.18 
out-dis-skewed knn time: 1.06562 16.3029 155.238 0 155.238 139.935 2.19483 33.2097 210.791 0 210.791 178.581 10.6993 103.492 356.841 0 356.841 254.349 
in-dis-uniform knn time: 6.76087 28.9799 216.073 0 216.073 188.093 11.6527 56.8058 289.955 0 289.955 234.15 24.0279 123 413.213 0 413.213 291.213 
out-dis-uniform knn time: 1.20376 16.5918 152.495 0 152.495 136.903 2.66298 34.8232 208.651 0 208.651 174.828 12.0415 103.313 341.424 0 341.424 239.112 

Tree: PTree; AugType: HasBox; Split: HilbertCurve; BDO: 6; Inba: 30; Coord: integer; 
2.in 4.03925 -1 -1 
# Delete
## 1
median: (0, 3.30042)-> min: (0, 3.30042)-> max: (0, 3.30042)-> tot: 3.30043-> avg: 3.30042
# Delete
## 0.1
median: (6, 0.607703)-> min: (9, 0.323072)-> max: (3, 0.789506)-> tot: 5.72949-> avg: 0.572948
in-dis-skewed knn time: 6.26373 25.6117 189.116 0 189.116 164.505 10.364 46.3384 239.687 0 239.687 194.349 20.9862 99.7203 339.568 0 339.568 240.847 
out-dis-skewed knn time: 6.58147 26.9606 194.002 0 194.002 168.041 10.4026 46.5079 240.152 0 240.152 194.644 20.9945 99.7516 339.624 0 339.624 240.873 
in-dis-uniform knn time: 6.28333 25.6005 189.049 0 189.049 164.449 10.3766 46.3216 239.617 0 239.617 194.295 20.9946 99.6769 339.434 0 339.434 240.757 
out-dis-uniform knn time: 6.60612 26.9641 194.028 0 194.028 168.064 10.4239 46.52 240.203 0 240.203 194.683 21.0231 99.7753 339.686 0 339.686 240.91 
# Delete
## 0.01
median: (49, 0.188073)-> min: (99, 0.035809)-> max: (31, 0.252641)-> tot: 17.5283-> avg: 0.175282
in-dis-skewed knn time: 6.25231 25.62 188.886 0 188.886 164.266 10.3422 46.3775 239.465 0 239.465 194.087 20.9926 99.8325 339.382 0 339.382 240.549 
out-dis-skewed knn time: 6.5608 26.9729 193.771 0 193.771 167.798 10.3872 46.5496 239.929 0 239.929 194.38 21.0011 99.8655 339.441 0 339.441 240.576 
in-dis-uniform knn time: 6.27688 25.6095 188.822 0 188.822 164.213 10.3646 46.3605 239.398 0 239.398 194.037 21.0081 99.7888 339.254 0 339.254 240.465 
out-dis-uniform knn time: 6.59173 26.9757 193.803 0 193.803 167.828 10.4157 46.5617 239.989 0 239.989 194.428 21.0437 99.8924 339.51 0 339.51 240.618 
# Delete
## 0.001
median: (637, 0.0348593)-> min: (999, 0.00450967)-> max: (323, 0.041419)-> tot: 33.1949-> avg: 0.0331944
in-dis-skewed knn time: 6.25817 25.6099 188.867 0 188.867 164.257 10.3517 46.3626 239.44 0 239.44 194.077 20.9888 99.8188 339.362 0 339.362 240.543 
out-dis-skewed knn time: 6.56332 26.9627 193.751 0 193.751 167.789 10.3794 46.5359 239.907 0 239.907 194.371 20.9817 99.8516 339.422 0 339.422 240.57 
in-dis-uniform knn time: 6.26615 25.5988 188.803 0 188.803 164.205 10.3433 46.3468 239.375 0 239.375 194.028 20.9744 99.777 339.237 0 339.237 240.46 
out-dis-uniform knn time: 6.57628 26.9659 193.785 0 193.785 167.819 10.3916 46.547 239.966 0 239.966 194.419 21.002 99.8794 339.491 0 339.491 240.611 
# Delete
## 0.0001
median: (1839, 0.004984)-> min: (9999, 0.000694)-> max: (2773, 0.008524)-> tot: 49.0294-> avg: 0.00490244
in-dis-skewed knn time: 6.25595 25.6078 188.852 0 188.852 164.245 10.3528 46.3577 239.416 0 239.416 194.059 20.992 99.8136 339.339 0 339.339 240.526 
out-dis-skewed knn time: 6.56963 26.9608 193.737 0 193.737 167.776 10.3894 46.5312 239.884 0 239.884 194.353 21.0046 99.8468 339.4 0 339.4 240.553 
in-dis-uniform knn time: 6.28453 25.5967 188.789 0 188.789 164.192 10.3639 46.3417 239.351 0 239.351 194.01 21.0072 99.7715 339.214 0 339.214 240.442 
out-dis-uniform knn time: 6.58678 26.9636 193.77 0 193.77 167.807 10.4084 46.5417 239.942 0 239.942 194.4 21.046 99.8739 339.468 0 339.468 240.594 

