Tree: KdTree; Split: MaxStretchDim-ObjectMedian; BDO: 6; Inba: 30; Coord: integer; 
1.in 5.89164 28 25.5294 
# Insert
## 1
median: (0, 5.75949)-> min: (0, 5.75949)-> max: (0, 5.75949)-> tot: 5.75949-> avg: 5.75949
# Insert
## 0.1
median: (2, 0.964492)-> min: (0, 0.442726)-> max: (6, 2.9778)-> tot: 12.5729-> avg: 1.25729
in-dis-skewed knn time: 0.059175 1.16692 23.7106 23.7106 23.7106 23.5437 0.112109 3.06011 27.4544 27.4544 27.4544 25.3943 0.506347 12.6247 41.405 41.405 41.405 29.7803 
out-dis-skewed knn time: 6.08011 350.255 2491.4 2491.4 2491.4 2142.14 6.2388 352.266 2491.44 2491.44 2491.44 2140.18 10.0898 389.299 2507.58 2507.58 2507.58 2119.29 
in-dis-uniform knn time: 0.177195 1.12917 25.0627 25.0627 25.0627 24.9336 0.346532 3.04969 28.8822 28.8822 28.8822 26.8325 1.26784 12.7023 42.9959 42.9959 42.9959 31.2935 
out-dis-uniform knn time: 1.98899 119.681 790.171 790.171 790.171 671.489 2.27937 122.923 799.168 799.168 799.168 677.245 5.05597 161.552 842.82 842.82 842.82 682.267 
# Insert
## 0.01
median: (19, 0.129721)-> min: (0, 0.0524173)-> max: (37, 1.79603)-> tot: 25.2477-> avg: 0.252476
in-dis-skewed knn time: 0.06565 1.17082 24.7656 24.7656 24.7656 24.5948 0.114424 3.11117 28.5941 28.5941 28.5941 26.4829 0.509391 12.9765 42.9561 42.9561 42.9561 30.9796 
out-dis-skewed knn time: 5.25488 334.078 2085.44 2085.44 2085.44 1752.36 5.65612 346.01 2106.3 2106.3 2106.3 1761.29 13.4475 439.597 2186.95 2186.95 2186.95 1748.35 
in-dis-uniform knn time: 0.177726 1.13173 24.903 24.903 24.903 24.7713 0.347927 3.08425 28.7781 28.7781 28.7781 26.6938 1.27884 12.9295 43.1394 43.1394 43.1394 31.2099 
out-dis-uniform knn time: 1.43737 92.9501 579.708 579.708 579.708 487.758 1.71746 99.5059 596.179 596.179 596.179 497.673 4.44304 137.459 633.578 633.578 633.578 497.118 
# Insert
## 0.001
median: (792, 0.0121017)-> min: (0, 0.00439267)-> max: (529, 1.69428)-> tot: 32.814-> avg: 0.0328135
in-dis-skewed knn time: 0.0625907 1.16875 24.4836 24.4836 24.4836 24.3148 0.113299 3.085 28.2719 28.2719 28.2719 26.1869 0.510607 12.8043 42.4532 42.4532 42.4532 30.6489 
out-dis-skewed knn time: 4.93732 314.445 1938.66 1938.66 1938.66 1625.22 5.18915 318.437 1946.64 1946.64 1946.64 1629.2 10.3343 381.221 2003.4 2003.4 2003.4 1623.18 
in-dis-uniform knn time: 0.177969 1.12999 25.1077 25.1077 25.1077 24.9777 0.348648 3.06023 28.9477 28.9477 28.9477 26.8875 1.27655 12.7807 43.1574 43.1574 43.1574 31.3767 
out-dis-uniform knn time: 1.76816 108.678 701.3 701.3 701.3 593.621 1.96568 113.092 712.593 712.593 712.593 600.501 4.1316 143.384 737.935 737.935 737.935 595.551 
# Insert
## 0.0001
median: (6430, 0.002694)-> min: (68, 0.001091)-> max: (6558, 2.56022)-> tot: 52.8809-> avg: 0.00528759
in-dis-skewed knn time: 0.0634667 1.16774 24.171 24.171 24.171 24.0033 0.113786 3.07026 27.9363 27.9363 27.9363 25.866 0.510431 12.7013 42.0056 42.0056 42.0056 30.3043 
out-dis-skewed knn time: 8.11852 494.34 2773.46 2773.46 2773.46 2280.12 8.55248 502.296 2798.27 2798.27 2798.27 2296.97 15.3936 583.034 2856.11 2856.11 2856.11 2274.07 
in-dis-uniform knn time: 0.177715 1.12947 25.145 25.145 25.145 25.0155 0.347963 3.04972 28.9685 28.9685 28.9685 26.9188 1.27352 12.7057 43.0905 43.0905 43.0905 31.3848 
out-dis-uniform knn time: 2.14748 132.199 783.225 783.225 783.225 652.026 2.43179 136.383 798.878 798.878 798.878 663.494 4.80672 167.662 827.589 827.589 827.589 660.928 

Tree: KdTree; Split: MaxStretchDim-ObjectMedian; BDO: 6; Inba: 30; Coord: integer; 
2_sort_by_0.in 4.91383 28 25.5197 
# Insert
## 1
median: (0, 5.07671)-> min: (0, 5.07671)-> max: (0, 5.07671)-> tot: 5.07671-> avg: 5.07671
# Insert
## 0.1
median: (9, 1.444)-> min: (0, 0.338683)-> max: (7, 3.0799)-> tot: 13.881-> avg: 1.3881
in-dis-skewed knn time: 0.0928473 1.04463 23.7353 23.7353 23.7353 23.6907 0.220086 2.98345 27.5982 27.5982 27.5982 25.6148 0.951675 12.5707 41.6569 41.6569 41.6569 30.0862 
out-dis-skewed knn time: 0.274078 12.4133 52.7242 52.7242 52.7242 41.3109 0.644074 28.1162 90.3877 90.3877 90.3877 63.2715 2.23188 64.8509 169.668 169.668 169.668 105.817 
in-dis-uniform knn time: 0.167229 1.0445 24.7916 24.7916 24.7916 24.7471 0.339274 2.98934 28.7374 28.7374 28.7374 26.748 1.26163 12.6216 43.0386 43.0386 43.0386 31.417 
out-dis-uniform knn time: 0.226703 9.56979 45.9369 45.9369 45.9369 37.3671 0.519683 21.435 74.3735 74.3735 74.3735 53.9385 1.86289 50.2096 134.496 134.496 134.496 85.2866 
# Insert
## 0.01
median: (37, 0.23324)-> min: (0, 0.0468047)-> max: (58, 0.477705)-> tot: 23.8166-> avg: 0.238166
in-dis-skewed knn time: 0.0964677 1.04416 23.3096 23.3096 23.3096 23.2654 0.221578 2.98632 27.1778 27.1778 27.1778 25.1914 0.952746 12.4859 41.1093 41.1093 41.1093 29.6234 
out-dis-skewed knn time: 0.288801 12.5755 57.2164 57.2164 57.2164 45.6409 0.67525 28.532 97.8922 97.8922 97.8922 70.3602 2.30378 65.8954 183.668 183.668 183.668 118.773 
in-dis-uniform knn time: 0.167222 1.04453 24.9245 24.9245 24.9245 24.88 0.342842 2.99813 28.9101 28.9101 28.9101 26.912 1.26908 12.6127 43.2533 43.2533 43.2533 31.6406 
out-dis-uniform knn time: 0.240757 9.69248 49.8766 49.8766 49.8766 41.1841 0.547536 21.736 80.5933 80.5933 80.5933 59.8573 1.91556 51.0164 145.511 145.511 145.511 95.4949 
# Insert
## 0.001
median: (315, 0.035171)-> min: (0, 0.00410633)-> max: (994, 0.0622983)-> tot: 34.7722-> avg: 0.0347717
in-dis-skewed knn time: 0.111878 1.04439 24.118 24.118 24.118 24.0736 0.234831 2.98715 28.9438 28.9438 28.9438 26.9566 0.984718 12.537 45.1473 45.1473 45.1473 33.6103 
out-dis-skewed knn time: 0.381649 13.2237 91.2597 91.2597 91.2597 79.036 0.878933 30.0417 176.859 176.859 176.859 147.817 2.82721 69.3584 355.848 355.848 355.848 287.49 
in-dis-uniform knn time: 0.168465 1.04449 24.7294 24.7294 24.7294 24.6849 0.343979 3.00412 29.7314 29.7314 29.7314 27.7273 1.27552 12.6547 46.4533 46.4533 46.4533 34.7987 
out-dis-uniform knn time: 0.310914 10.1787 75.8617 75.8617 75.8617 66.683 0.707283 22.8879 140.386 140.386 140.386 118.498 2.32456 53.6242 275.651 275.651 275.651 223.027 
# Insert
## 0.0001
median: (3885, 0.003787)-> min: (2, 0.000793667)-> max: (7325, 0.009324)-> tot: 38.545-> avg: 0.003854
in-dis-skewed knn time: 0.119001 1.04603 23.7786 23.7786 23.7786 23.7326 0.252611 3.03369 34.1731 34.1731 34.1731 32.1394 1.22284 14.7614 66.4112 66.4112 66.4112 52.6498 
out-dis-skewed knn time: 0.858354 13.9543 269.834 269.834 269.834 256.88 1.9792 31.7729 597.753 597.753 597.753 566.98 5.51372 76.6859 1277.38 1277.38 1277.38 1201.69 
in-dis-uniform knn time: 0.169147 1.04467 24.9058 24.9058 24.9058 24.8611 0.375755 3.01627 36.1967 36.1967 36.1967 34.1804 1.59551 14.6282 70.8187 70.8187 70.8187 57.1905 
out-dis-uniform knn time: 0.673095 10.7507 210.774 210.774 210.774 201.024 1.53372 24.1928 458.196 458.196 458.196 435.003 4.42348 59.9787 969.886 969.886 969.886 910.907 

Tree: KdTree; Split: MaxStretchDim-ObjectMedian; BDO: 6; Inba: 30; Coord: integer; 
2.in 3.49476 28 25.5267 
# Insert
## 1
median: (0, 3.69216)-> min: (0, 3.69216)-> max: (0, 3.69216)-> tot: 3.69217-> avg: 3.69216
# Insert
## 0.1
median: (5, 0.410916)-> min: (0, 0.299329)-> max: (9, 0.464201)-> tot: 3.98434-> avg: 0.398433
in-dis-skewed knn time: 0.172822 1.09883 24.5879 24.5879 24.5879 24.4891 0.345432 3.04508 28.5448 28.5448 28.5448 26.4997 1.27487 12.6971 42.737 42.737 42.737 31.0399 
out-dis-skewed knn time: 0.198318 1.48215 25.5817 25.5817 25.5817 25.0995 0.342611 3.09921 28.6912 28.6912 28.6912 26.592 1.24981 12.6996 42.7634 42.7634 42.7634 31.0639 
in-dis-uniform knn time: 0.163553 1.0448 24.5356 24.5356 24.5356 24.4908 0.331545 3.01307 28.4957 28.4957 28.4957 26.4826 1.22948 12.6613 42.6912 42.6912 42.6912 31.0299 
out-dis-uniform knn time: 0.193593 1.48232 25.5813 25.5813 25.5813 25.099 0.33433 3.09928 28.6913 28.6913 28.6913 26.592 1.21674 12.6991 42.7633 42.7633 42.7633 31.0642 
# Insert
## 0.01
median: (47, 0.0773257)-> min: (2, 0.040848)-> max: (99, 0.0967583)-> tot: 7.39295-> avg: 0.073929
in-dis-skewed knn time: 0.181851 1.18961 24.9571 24.9571 24.9571 24.7675 0.353062 3.10666 28.8968 28.8968 28.8968 26.7902 1.30342 12.9004 43.1502 43.1502 43.1502 31.2498 
out-dis-skewed knn time: 0.199423 1.48199 25.6586 25.6586 25.6586 25.1766 0.344283 3.09549 28.7788 28.7788 28.7788 26.6833 1.26023 12.7306 42.9384 42.9384 42.9384 31.2078 
in-dis-uniform knn time: 0.164448 1.04456 24.608 24.608 24.608 24.5634 0.333024 3.00926 28.5806 28.5806 28.5806 26.5713 1.23749 12.6918 42.8674 42.8674 42.8674 31.1756 
out-dis-uniform knn time: 0.194808 1.48173 25.659 25.659 25.659 25.1772 0.336449 3.09514 28.7774 28.7774 28.7774 26.6823 1.22224 12.7315 42.939 42.939 42.939 31.2074 
# Insert
## 0.001
median: (524, 0.0151187)-> min: (1, 0.00391833)-> max: (973, 0.0210743)-> tot: 14.3136-> avg: 0.0143131
in-dis-skewed knn time: 0.183951 1.20381 25.038 25.038 25.038 24.8342 0.355915 3.11699 28.9764 28.9764 28.9764 26.8595 1.30894 12.9367 43.252 43.252 43.252 31.3153 
out-dis-skewed knn time: 0.199707 1.48172 25.7073 25.7073 25.7073 25.2255 0.344839 3.09546 28.8315 28.8315 28.8315 26.7361 1.26312 12.7432 43.0156 43.0156 43.0156 31.2723 
in-dis-uniform knn time: 0.165621 1.0448 24.6546 24.6546 24.6546 24.6098 0.332917 3.01036 28.6327 28.6327 28.6327 26.6223 1.23728 12.7027 42.9434 42.9434 42.9434 31.2407 
out-dis-uniform knn time: 0.195739 1.48203 25.7064 25.7064 25.7064 25.2244 0.336117 3.09561 28.8305 28.8305 28.8305 26.7349 1.22401 12.743 43.0125 43.0125 43.0125 31.2695 
# Insert
## 0.0001
median: (9825, 0.00370033)-> min: (1, 0.000772667)-> max: (9624, 0.00475433)-> tot: 36.099-> avg: 0.0036094
in-dis-skewed knn time: 0.184722 1.20553 25.1154 25.1154 25.1154 24.9099 0.356325 3.11836 29.0576 29.0576 29.0576 26.9393 1.30943 12.943 43.3365 43.3365 43.3365 31.3935 
out-dis-skewed knn time: 0.200331 1.48197 25.7801 25.7801 25.7801 25.2981 0.3463 3.0958 28.9067 28.9067 28.9067 26.8109 1.26186 12.7454 43.0968 43.0968 43.0968 31.3514 
in-dis-uniform knn time: 0.166347 1.04482 24.7283 24.7283 24.7283 24.6835 0.333691 3.0106 28.7083 28.7083 28.7083 26.6977 1.23854 12.7043 43.0211 43.0211 43.0211 31.3169 
out-dis-uniform knn time: 0.196016 1.48212 25.7802 25.7802 25.7802 25.2981 0.336787 3.0962 28.9092 28.9092 28.9092 26.813 1.22518 12.7453 43.1005 43.1005 43.1005 31.3552 

