Tree: KdTree; Split: MaxStretchDim-ObjectMedian; BDO: 6; Inba: 30; Coord: integer; 
1.in 5.77425 28 25.5294
# Insert
## 1
median: (0, 6.02774)-> min: (0, 6.02774)-> max: (0, 6.02774)-> tot: 6.02774-> avg: 6.02774
# Insert
## 0.1
median: (2, 1.03804)-> min: (0, 0.442655)-> max: (6, 2.97701)-> tot: 12.8727-> avg: 1.28727
in-dis-skewed knn time: 0.059377 1.16692 23.7106 23.7106 23.7106 23.5437 0.112351 3.06011 27.4544 27.4544 27.4544 25.3943 0.510303 12.6247 41.05 41.405 41.405 29.7803 
out-dis-skewed knn time: 6.01764 350.255 2491.4 2491.4 2491.4 2142.14 6.19568 352.266 2491.44 2491.44 2491.44 2140.18 10.1267 389.299 2507.58 2507.58 2507.58 2119.29 
in-dis-uniform knn time: 0.177599 1.12917 25.0627 25.0627 25.0627 24.9336 0.34588 3.04969 28.8822 28.8822 28.8822 26.8325 1.26564 12.7023 42.9 959 42.9959 42.9959 31.2935 
out-dis-uniform knn time: 1.9488 119.681 790.171 790.171 790.171 671.489 2.25448 122.923 799.168 799.168 799.168 677.245 5.06021 161.552 842.8 2 842.82 842.82 682.267 
# Insert
## 0.01
median: (93, 0.127096)-> min: (0, 0.0499503)-> max: (55, 1.78873)-> tot: 25.2625-> avg: 0.252624
in-dis-skewed knn time: 0.0638853 1.17082 24.7656 24.7656 24.7656 24.5948 0.115408 3.11117 28.5941 28.5941 28.5941 26.4829 0.519237 12.9765 42 .9561 42.9561 42.9561 30.9796 
out-dis-skewed knn time: 5.23965 334.078 2085.44 2085.44 2085.44 1752.36 5.67169 346.01 2106.3 2106.3 2106.3 1761.29 13.7922 439.597 2186.95 2 186.95 2186.95 1748.35 
in-dis-uniform knn time: 0.178035 1.13173 24.903 24.903 24.903 24.7713 0.34802 3.08425 28.7781 28.7781 28.7781 26.6938 1.28057 12.9295 43.1394 43.1394 43.1394 31.2099 
out-dis-uniform knn time: 1.43619 92.9501 579.708 579.708 579.708 487.758 1.71656 99.5059 596.179 596.179 596.179 497.673 4.48439 137.459 633.  578 633.578 633.578 497.118 
# Insert
## 0.001
median: (991, 0.0120187)-> min: (0, 0.00486567)-> max: (529, 1.698)-> tot: 32.8127-> avg: 0.0328122
in-dis-skewed knn time: 0.0623723 1.16875 24.4836 24.4836 24.4836 24.3148 0.11409 3.085 28.2719 28.2719 28.2719 26.1869 0.519585 12.8043 42.45 32 42.4532 42.4532 30.6489 
out-dis-skewed knn time: 4.88205 314.445 1938.66 1938.66 1938.66 1625.22 5.13062 318.437 1946.64 1946.64 1946.64 1629.2 10.3338 381.221 2003.4 2003.4 2003.4 1623.18 
in-dis-uniform knn time: 0.177919 1.12999 25.1077 25.1077 25.1077 24.9777 0.347801 3.06023 28.9477 28.9477 28.9477 26.8875 1.27801 12.7807 43.  1574 43.1574 43.1574 31.3767 
out-dis-uniform knn time: 1.73192 108.678 701.3 701.3 701.3 593.621 1.94874 113.092 712.593 712.593 712.593 600.501 4.15399 143.384 737.935 73 7.935 737.935 595.551 
# Insert
## 0.0001
median: (4664, 0.002683)-> min: (213, 0.00112933)-> max: (6558, 2.43179)-> tot: 52.7292-> avg: 0.00527242
in-dis-skewed knn time: 0.06178 1.16774 24.171 24.171 24.171 24.0033 0.114157 3.07026 27.9363 27.9363 27.9363 25.866 0.520873 12.7013 42.0056 42.0056 42.0056 30.3043 
out-dis-skewed knn time: 7.9332 494.34 2773.46 2773.46 2773.46 2280.12 8.40053 502.296 2798.27 2798.27 2798.27 2296.97 15.4051 583.034 2856.11 2856.11 2856.11 2274.07 
in-dis-uniform knn time: 0.17816 1.12947 25.145 25.145 25.145 25.0155 0.348316 3.04972 28.9685 28.9685 28.9685 26.9188 1.27801 12.7057 43.0905 43.0905 43.0905 31.3848 
out-dis-uniform knn time: 2.13118 132.199 783.225 783.225 783.225 652.026 2.39791 136.383 798.878 798.878 798.878 663.494 4.81395 167.662 827.589 827.589 827.589 660.928 

