Tree: KdTree; Split: MaxStretchDim-ObjectMedian; BDO: 6; Inba: 30; Coord: integer; 
1.in 6.11441 28 25.5294 
# Delete
## 1
median: (0, 0.291798)-> min: (0, 0.291798)-> max: (0, 0.291798)-> tot: 0.2918-> avg: 0.291798
# Delete
## 0.1
median: (1, 0.829535)-> min: (9, 0.030475)-> max: (5, 1.77709)-> tot: 9.25212-> avg: 0.925211
in-dis-skewed knn time: 0.0705887 1.16654 25.5472 25.5472 25.5472 25.3807 0.119312 3.05616 29.3105 29.3105 29.3105 27.2543 0.5211 12.626 43.3101 43.3101 43.3101 31.6841 
out-dis-skewed knn time: 3.96295 235.632 1720.7 1720.7 1720.7 1486.07 4.24531 237.633 1736.58 1736.58 1736.58 1499.95 10.6187 305.33 1782.41 1782.41 1782.41 1478.08 
in-dis-uniform knn time: 0.17763 1.12902 24.8847 24.8847 24.8847 24.7557 0.347263 3.04195 28.6987 28.6987 28.6987 26.6568 1.2699 12.6567 42.7632 42.7632 42.7632 31.1065 
out-dis-uniform knn time: 1.49345 82.1301 661.297 661.297 661.297 580.167 1.80278 84.6391 667.018 667.018 667.018 583.379 4.93015 129.753 697.662 697.662 697.662 568.909 
# Delete
## 0.01
median: (5, 0.0961143)-> min: (99, 0.00321433)-> max: (54, 1.96061)-> tot: 18.8875-> avg: 0.188875
in-dis-skewed knn time: 0.0739097 1.16654 25.5472 25.5472 25.5472 25.3807 0.11986 3.05616 29.3105 29.3105 29.3105 27.2543 0.522284 12.626 43.3101 43.3101 43.3101 31.6841 
out-dis-skewed knn time: 3.44632 215.881 1469.88 1469.88 1469.88 1255 3.76668 221.869 1482.86 1482.86 1482.86 1261.99 12.904 338.192 1584.29 1584.29 1584.29 1247.1 
in-dis-uniform knn time: 0.177919 1.12908 24.9366 24.9366 24.9366 24.8075 0.347876 3.04344 28.7535 28.7535 28.7535 26.7101 1.27315 12.671 42.836 42.836 42.836 31.165 
out-dis-uniform knn time: 1.79946 104.359 743.043 743.043 743.043 639.684 2.16606 109.754 753.499 753.499 753.499 644.745 6.06138 161.275 810.233 810.233 810.233 649.958 
# Delete
## 0.001
median: (372, 0.011383)-> min: (999, 0.000247)-> max: (542, 1.95106)-> tot: 28.3536-> avg: 0.0283531
in-dis-skewed knn time: 0.069967 1.16654 25.5472 25.5472 25.5472 25.3807 0.120755 3.05616 29.3105 29.3105 29.3105 27.2543 0.522594 12.626 43.3101 43.3101 43.3101 31.6841 
out-dis-skewed knn time: 3.78712 238.722 1575.24 1575.24 1575.24 1337.52 4.13578 243.702 1579.27 1579.27 1579.27 1336.56 12.285 341.151 1640.01 1640.01 1640.01 1299.86 
in-dis-uniform knn time: 0.177313 1.12903 24.9429 24.9429 24.9429 24.8139 0.347189 3.04298 28.7597 28.7597 28.7597 26.7167 1.27127 12.6654 42.8382 42.8382 42.8382 31.1728 
out-dis-uniform knn time: 1.89461 106.321 812.329 812.329 812.329 707.008 2.05397 107.357 814.351 814.351 814.351 707.994 4.03919 132.93 835.151 835.151 835.151 703.221 
# Delete
## 0.0001
median: (1419, 0.00285967)-> min: (9999, 5.93333e-05)-> max: (5428, 1.86256)-> tot: 50.7355-> avg: 0.00507305
in-dis-skewed knn time: 0.0699087 1.16654 25.5472 25.5472 25.5472 25.3807 0.119888 3.05616 29.3105 29.3105 29.3105 27.2543 0.523135 12.626 43.3101 43.3101 43.3101 31.6841 
out-dis-skewed knn time: 2.89332 179.159 1265.48 1265.48 1265.48 1087.32 3.16123 185.137 1283.37 1283.37 1283.37 1099.24 9.22566 278.666 1402.66 1402.66 1402.66 1124.99 
in-dis-uniform knn time: 0.176566 1.12885 24.9088 24.9088 24.9088 24.7799 0.346021 3.04233 28.725 28.725 28.725 26.6827 1.26793 12.6637 42.8058 42.8058 42.8058 31.1421 
out-dis-uniform knn time: 1.74635 95.9016 745.969 745.969 745.969 651.067 2.05237 100.682 750.571 750.571 750.571 650.889 6.03298 153.655 798.414 798.414 798.414 645.759 

Tree: KdTree; Split: MaxStretchDim-ObjectMedian; BDO: 6; Inba: 30; Coord: integer; 
2_sort_by_0.in 5.20514 28 25.5197 
# Delete
## 1
median: (0, 0.289024)-> min: (0, 0.289024)-> max: (0, 0.289024)-> tot: 0.289026-> avg: 0.289024
# Delete
## 0.1
median: (8, 0.632058)-> min: (9, 0.029406)-> max: (3, 3.65827)-> tot: 10.3063-> avg: 1.03063
in-dis-skewed knn time: 0.103123 1.04509 24.6787 24.6787 24.6787 24.6336 0.223498 3.013 28.5657 28.5657 28.5657 26.5527 0.953606 12.7583 42.7179 42.7179 42.7179 30.9596 
out-dis-skewed knn time: 0.269466 12.6119 50.5143 50.5143 50.5143 38.9024 0.644365 28.409 87.5822 87.5822 87.5822 60.1732 2.26032 65.673 166.396 166.396 166.396 101.723 
in-dis-uniform knn time: 0.16861 1.04481 24.5887 24.5887 24.5887 24.5439 0.339212 3.01193 28.5437 28.5437 28.5437 26.5318 1.25942 12.7294 42.8529 42.8529 42.8529 31.1235 
out-dis-uniform knn time: 0.222981 9.70897 43.6759 43.6759 43.6759 34.9669 0.51928 21.6558 71.6996 71.6996 71.6996 51.0438 1.88776 50.8267 131.526 131.526 131.526 81.6996 
# Delete
## 0.01
median: (46, 0.127595)-> min: (99, 0.00303833)-> max: (36, 3.60241)-> tot: 23.6626-> avg: 0.236626
in-dis-skewed knn time: 0.102477 1.04509 24.6787 24.6787 24.6787 24.6336 0.225031 3.013 28.5657 28.5657 28.5657 26.5527 0.958809 12.7583 42.7179 42.7179 42.7179 30.9596 
out-dis-skewed knn time: 0.265132 12.7659 49.4638 49.4638 49.4638 37.6979 0.637503 28.9659 87.1063 87.1063 87.1063 59.1405 2.22654 66.8788 166.443 166.443 166.443 100.564 
in-dis-uniform knn time: 0.168773 1.04487 24.5992 24.5992 24.5992 24.5543 0.340218 3.01286 28.5591 28.5591 28.5591 26.5463 1.26542 12.7403 42.8917 42.8917 42.8917 31.1515 
out-dis-uniform knn time: 0.218727 9.84677 42.6888 42.6888 42.6888 33.8421 0.515073 22.073 71.0764 71.0764 71.0764 50.0035 1.85665 51.7476 131.233 131.233 131.233 80.4854 
# Delete
## 0.001
median: (559, 0.018068)-> min: (999, 0.000230333)-> max: (368, 3.72795)-> tot: 35.6436-> avg: 0.0356431
in-dis-skewed knn time: 0.103093 1.0445 24.8382 24.8382 24.8382 24.7937 0.221134 2.99262 28.6941 28.6941 28.6941 26.7015 0.947816 12.5928 42.6793 42.6793 42.6793 31.0865 
out-dis-skewed knn time: 37.1398 2704.51 4446.67 4446.67 4446.67 1743.17 37.2892 2706.31 4452.04 4452.04 4452.04 1746.73 38.4988 2717.28 4466.66 4466.66 4466.66 1750.38 
in-dis-uniform knn time: 0.168003 1.04477 24.6327 24.6327 24.6327 24.588 0.340009 3.01046 28.598 28.598 28.598 26.5876 1.26434 12.7114 42.9221 42.9221 42.9221 31.2107 
out-dis-uniform knn time: 20.7753 1515.2 2499.34 2499.34 2499.34 985.135 20.933 1517.08 2505.42 2505.42 2505.42 989.34 22.0838 1528.65 2521.14 2521.14 2521.14 993.487 
# Delete
## 0.0001
median: (8010, 0.00383667)-> min: (9999, 6.6e-05)-> max: (3680, 3.70052)-> tot: 61.1261-> avg: 0.00611211
in-dis-skewed knn time: 0.102017 1.0446 24.8516 24.8516 24.8516 24.807 0.224745 2.99697 28.7097 28.7097 28.7097 26.7128 0.958214 12.6306 42.7137 42.7137 42.7137 31.0831 
out-dis-skewed knn time: 31.2222 2264.24 3578.84 3578.84 3578.84 1315.6 31.4011 2265.98 3584.08 3584.08 3584.08 1319.11 32.4772 2274.97 3596.41 3596.41 3596.41 1322.44 
in-dis-uniform knn time: 0.167628 1.04469 24.6117 24.6117 24.6117 24.567 0.339416 3.01193 28.5813 28.5813 28.5813 26.5693 1.26187 12.7269 42.9245 42.9245 42.9245 31.1976 
out-dis-uniform knn time: 17.6041 1275.84 2025.63 2025.63 2025.63 750.794 17.7592 1277.65 2031.72 2031.72 2031.72 755.064 18.8151 1287.38 2045.49 2045.49 2045.49 759.114 

Tree: KdTree; Split: MaxStretchDim-ObjectMedian; BDO: 6; Inba: 30; Coord: integer; 
2.in 3.68353 28 25.5267 
# Delete
## 1
median: (0, 0.293169)-> min: (0, 0.293169)-> max: (0, 0.293169)-> tot: 0.293171-> avg: 0.293169
# Delete
## 0.1
median: (4, 0.487135)-> min: (9, 0.042582)-> max: (1, 0.530046)-> tot: 4.235-> avg: 0.423499
in-dis-skewed knn time: 0.160943 1.03166 24.9978 24.9978 24.9978 24.9662 0.344223 3.51716 29.7547 29.7547 29.7547 27.2375 1.35147 16.2223 47.756 47.756 47.756 32.5337 
out-dis-skewed knn time: 0.193575 1.60393 26.2323 26.2323 26.2323 25.6284 0.344629 3.66739 30.0047 30.0047 30.0047 27.3373 1.32956 16.2871 47.8555 47.8555 47.8555 32.5684 
in-dis-uniform knn time: 0.155483 1.03167 24.9976 24.9976 24.9976 24.9659 0.328579 3.51702 29.7566 29.7566 29.7566 27.2396 1.30494 16.2234 47.7592 47.7592 47.7592 32.5358 
out-dis-uniform knn time: 0.189263 1.60394 26.2323 26.2323 26.2323 25.6284 0.335093 3.66695 30.0029 30.0029 30.0029 27.336 1.28978 16.2885 47.8555 47.8555 47.8555 32.5669 
# Delete
## 0.01
median: (48, 0.104157)-> min: (99, 0.00456533)-> max: (7, 0.117322)-> tot: 9.58264-> avg: 0.0958259
in-dis-skewed knn time: 0.161766 1.03166 24.9978 24.9978 24.9978 24.9662 0.346246 3.51714 29.7547 29.7547 29.7547 27.2375 1.3582 16.2223 47.7559 47.7559 47.7559 32.5336 
out-dis-skewed knn time: 0.194248 1.60393 26.2323 26.2323 26.2323 25.6284 0.344231 3.66739 30.0046 30.0046 30.0046 27.3373 1.33176 16.287 47.8554 47.8554 47.8554 32.5684 
in-dis-uniform knn time: 0.155851 1.03167 24.9976 24.9976 24.9976 24.9659 0.329475 3.51701 29.7565 29.7565 29.7565 27.2395 1.3059 16.2233 47.7591 47.7591 47.7591 32.5358 
out-dis-uniform knn time: 0.19013 1.60393 26.2323 26.2323 26.2323 25.6284 0.335939 3.66694 30.0029 30.0029 30.0029 27.336 1.29198 16.2885 47.8554 47.8554 47.8554 32.5669 
# Delete
## 0.001
median: (499, 0.0194843)-> min: (999, 0.000359667)-> max: (89, 0.023806)-> tot: 18.2942-> avg: 0.0182937
in-dis-skewed knn time: 0.161955 1.03166 24.9978 24.9978 24.9978 24.9662 0.345516 3.51714 29.7547 29.7547 29.7547 27.2375 1.35928 16.2222 47.7559 47.7559 47.7559 32.5336 
out-dis-skewed knn time: 0.193638 1.60393 26.2323 26.2323 26.2323 25.6284 0.343697 3.66738 30.0046 30.0046 30.0046 27.3373 1.33188 16.287 47.8554 47.8554 47.8554 32.5684 
in-dis-uniform knn time: 0.156403 1.03168 24.9976 24.9976 24.9976 24.9659 0.340527 3.51701 29.7565 29.7565 29.7565 27.2395 1.30895 16.2233 47.7591 47.7591 47.7591 32.5358 
out-dis-uniform knn time: 0.189372 1.60393 26.2323 26.2323 26.2323 25.6284 0.336232 3.66693 30.0029 30.0029 30.0029 27.336 1.29465 16.2884 47.8554 47.8554 47.8554 32.5669 
# Delete
## 0.0001
median: (5909, 0.004933)-> min: (9999, 7.73333e-05)-> max: (1542, 0.00646867)-> tot: 47.1085-> avg: 0.00471035
in-dis-skewed knn time: 0.162041 1.03166 24.9978 24.9978 24.9978 24.9662 0.345501 3.51714 29.7547 29.7547 29.7547 27.2375 1.36006 16.2222 47.7559 47.7559 47.7559 32.5336 
out-dis-skewed knn time: 0.193748 1.60393 26.2323 26.2323 26.2323 25.6284 0.343688 3.66738 30.0046 30.0046 30.0046 27.3372 1.33263 16.287 47.8554 47.8554 47.8554 32.5684 
in-dis-uniform knn time: 0.156145 1.03168 24.9976 24.9976 24.9976 24.9659 0.331628 3.51701 29.7565 29.7565 29.7565 27.2395 1.30504 16.2233 47.7591 47.7591 47.7591 32.5358 
out-dis-uniform knn time: 0.189597 1.60393 26.2323 26.2323 26.2323 25.6284 0.336491 3.66693 30.0029 30.0029 30.0029 27.336 1.29364 16.2884 47.8553 47.8553 47.8553 32.5669 

