Tree: KdTree; AugType: HasBox; Split: MaxStretchDim-ObjectMedian; BDO: 6; Inba: 30; Coord: integer; 
1.in 5.94447 28 25.5303 
# Insert
## 1
median: (0, 5.82912)-> min: (0, 5.82912)-> max: (0, 5.82912)-> tot: 5.82912-> avg: 5.82912
# Insert
## 0.1
median: (4, 0.986398)-> min: (0, 0.443686)-> max: (6, 2.68362)-> tot: 11.4418-> avg: 1.14418
in-dis-skewed knn time: 0.051467 1 24.9148 0 24.9148 24.9148 0.10525 2.75513 28.6175 0 28.6175 26.8624 0.511826 12.0704 42.3958 0 42.3958 31.3254 
out-dis-skewed knn time: 0.108554 4.3094 55.6719 0 55.6719 52.3625 0.168956 6.51539 59.3583 0 59.3583 53.8429 0.986433 24.2296 84.1002 0 84.1002 60.8707 
in-dis-uniform knn time: 0.232799 1 24.7715 0 24.7715 24.7715 0.41055 2.77246 28.5367 0 28.5367 26.7643 1.33228 12.1491 42.4474 0 42.4474 31.2983 
out-dis-uniform knn time: 0.226623 4.68254 57.8555 0 57.8555 54.1729 0.393049 7.66896 63.6084 0 63.6084 56.9395 1.64629 26.7614 89.9961 0 89.9961 64.2347 
# Insert
## 0.01
median: (78, 0.111599)-> min: (0, 0.046173)-> max: (37, 2.49207)-> tot: 17.7066-> avg: 0.177065
in-dis-skewed knn time: 0.0511903 1 24.1191 0 24.1191 24.1191 0.104333 2.8114 27.9171 0 27.9171 26.1057 0.515608 12.4882 42.1348 0 42.1348 30.6466 
out-dis-skewed knn time: 0.111507 3.89077 56.7961 0 56.7961 53.9053 0.176349 6.67074 62.7756 0 62.7756 57.1049 1.25592 30.3212 97.669 0 97.669 68.3478 
in-dis-uniform knn time: 0.233385 1 24.7114 0 24.7114 24.7114 0.412368 2.80276 28.5303 0 28.5303 26.7276 1.33862 12.3729 42.681 0 42.681 31.3081 
out-dis-uniform knn time: 0.226334 4.49043 56.1403 0 56.1403 52.6499 0.393412 7.62954 62.1614 0 62.1614 55.5319 1.68043 28.3598 89.9444 0 89.9444 62.5846 
# Insert
## 0.001
median: (413, 0.0121903)-> min: (0, 0.00434667)-> max: (907, 2.96645)-> tot: 29.3765-> avg: 0.029376
in-dis-skewed knn time: 0.0506 1 23.8738 0 23.8738 23.8738 0.10523 2.77342 27.6023 0 27.6023 25.8289 0.521454 12.2161 41.5168 0 41.5168 30.3008 
out-dis-skewed knn time: 0.107306 3.80294 54.3287 0 54.3287 51.5257 0.163679 6.28783 58.5841 0 58.5841 53.2962 1.06001 23.638 85.9341 0 85.9341 63.2961 
in-dis-uniform knn time: 0.233786 1 24.877 0 24.877 24.877 0.413688 2.77536 28.6476 0 28.6476 26.8723 1.33773 12.1732 42.5867 0 42.5867 31.4135 
out-dis-uniform knn time: 0.250961 5.02008 63.5969 0 63.5969 59.5768 0.428432 8.17346 70.0679 0 70.0679 62.8945 1.93102 31.9649 106.025 0 106.025 75.0602 
# Insert
## 0.0001
median: (3552, 0.00263433)-> min: (279, 0.00120067)-> max: (5110, 3.11277)-> tot: 48.1403-> avg: 0.00481353
in-dis-skewed knn time: 0.0518017 1 24.6615 0 24.6615 24.6615 0.105512 2.81199 28.4654 0 28.4654 26.6534 0.518754 12.5155 42.7272 0 42.7272 31.2117 
out-dis-skewed knn time: 0.0982903 3.34447 51.0367 0 51.0367 48.6922 0.151865 6.28054 57.0795 0 57.0795 51.7989 1.01497 25.0987 85.7991 0 85.7991 61.7004 
in-dis-uniform knn time: 0.233717 1 25.2201 0 25.2201 25.2201 0.411924 2.79167 29.0223 0 29.0223 27.2307 1.33174 12.2977 43.1006 0 43.1006 31.8029 
out-dis-uniform knn time: 0.269573 5.79699 68.3442 0 68.3442 63.5472 0.477876 9.44684 75.6589 0 75.6589 67.212 2.21828 35.4384 108.731 0 108.731 74.2927 

Tree: KdTree; AugType: HasBox; Split: MaxStretchDim-ObjectMedian; BDO: 6; Inba: 30; Coord: integer; 
2_sort_by_0.in 5.03274 28 25.5212 
# Insert
## 1
median: (0, 4.74305)-> min: (0, 4.74305)-> max: (0, 4.74305)-> tot: 4.74305-> avg: 4.74305
# Insert
## 0.1
median: (9, 1.44369)-> min: (0, 0.342188)-> max: (7, 2.90595)-> tot: 13.8558-> avg: 1.38558
in-dis-skewed knn time: 0.119298 1 23.762 0 23.762 23.762 0.25378 2.766 27.4876 0 27.4876 25.7216 1.01299 12.1291 41.398 0 41.398 30.2689 
out-dis-skewed knn time: 0.10246 1.39916 30.3912 0 30.3912 29.992 0.466608 13.7544 71.5585 0 71.5585 58.8042 2.21128 54.8491 160.251 0 160.251 106.402 
in-dis-uniform knn time: 0.231377 1 24.7356 0 24.7356 24.7356 0.409052 2.77135 28.5401 0 28.5401 26.7687 1.33276 12.1832 42.7001 0 42.7001 31.5169 
out-dis-uniform knn time: 0.10165 1.45418 30.251 0 30.251 29.7969 0.408147 11.8821 62.5102 0 62.5102 51.6281 1.86949 44.1219 129.041 0 129.041 85.9194 
# Insert
## 0.01
median: (73, 0.224607)-> min: (0, 0.0422707)-> max: (57, 0.582932)-> tot: 23.8281-> avg: 0.23828
in-dis-skewed knn time: 0.123861 1 23.2839 0 23.2839 23.2839 0.253631 2.77363 27.0228 0 27.0228 25.2492 1.03887 12.0871 40.8562 0 40.8562 29.7691 
out-dis-skewed knn time: 0.122645 1.41357 34.4408 0 34.4408 34.0272 0.51021 13.7884 79.1734 0 79.1734 66.385 2.31004 55.4761 174.587 0 174.587 120.111 
in-dis-uniform knn time: 0.233097 1 24.8792 0 24.8792 24.8792 0.412867 2.7802 28.724 0 28.724 26.9438 1.33993 12.1819 42.9303 0 42.9303 31.7484 
out-dis-uniform knn time: 0.122397 1.46378 34.0277 0 34.0277 33.5639 0.439871 11.9002 68.8296 0 68.8296 57.9294 1.94553 44.6062 140.216 0 140.216 96.6098 
# Insert
## 0.001
median: (682, 0.0359763)-> min: (1, 0.00415133)-> max: (399, 0.0596993)-> tot: 35.3927-> avg: 0.0353922
in-dis-skewed knn time: 0.130048 1 24.0714 0 24.0714 24.0714 0.272596 2.77106 28.7471 0 28.7471 26.976 1.03788 12.1056 44.7783 0 44.7783 33.6728 
out-dis-skewed knn time: 0.146339 1.40624 40.2439 0 40.2439 39.8376 0.71977 14.1657 140.057 0 140.057 126.892 2.9799 57.4115 336.493 0 336.493 280.081 
in-dis-uniform knn time: 0.232572 1 24.684 0 24.684 24.684 0.416812 2.78374 29.5231 0 29.5231 27.7394 1.35243 12.216 46.0699 0 46.0699 34.854 
out-dis-uniform knn time: 0.148306 1.4491 40.3117 0 40.3117 39.8626 0.61506 12.2185 117.563 0 117.563 106.344 2.47388 46.1802 263.991 0 263.991 218.811 
# Insert
## 0.0001
median: (3259, 0.004138)-> min: (1, 0.000767)-> max: (9492, 0.009341)-> tot: 42.3035-> avg: 0.00422985
in-dis-skewed knn time: 0.147023 1 23.7333 0 23.7333 23.7333 0.331311 2.81337 33.9141 0 33.9141 32.1007 1.41472 14.3283 65.9947 0 65.9947 52.6664 
out-dis-skewed knn time: 0.153477 1.39553 41.2146 0 41.2146 40.8191 1.60199 14.2906 292.926 0 292.926 279.636 8.54297 62.9881 1053.68 0 1053.68 991.689 
in-dis-uniform knn time: 0.234337 1 24.866 0 24.866 24.866 0.487138 2.79606 35.9206 0 35.9206 34.1246 1.77282 14.1843 70.37 0 70.37 57.1857 
out-dis-uniform knn time: 0.159809 1.44367 42.0848 0 42.0848 41.6411 1.47301 12.371 253.447 0 253.447 242.076 6.98512 51.3674 832.716 0 832.716 782.348 

Tree: KdTree; AugType: HasBox; Split: MaxStretchDim-ObjectMedian; BDO: 6; Inba: 30; Coord: integer; 
2.in 3.67731 28 25.5245 
# Insert
## 1
median: (0, 3.63713)-> min: (0, 3.63713)-> max: (0, 3.63713)-> tot: 3.63714-> avg: 3.63713
# Insert
## 0.1
median: (5, 0.489114)-> min: (0, 0.30884)-> max: (9, 0.598193)-> tot: 4.639-> avg: 0.4639
in-dis-skewed knn time: 0.232865 1 24.404 0 24.404 24.404 0.418672 2.82623 28.3561 0 28.3561 26.5299 1.35287 12.2544 42.4065 0 42.4065 31.1521 
out-dis-skewed knn time: 0.266176 1.35291 25.445 0 25.445 25.092 0.413751 2.87212 28.4991 0 28.4991 26.6269 1.32075 12.255 42.4338 0 42.4338 31.1788 
in-dis-uniform knn time: 0.231445 1 24.4851 0 24.4851 24.4851 0.402354 2.79216 28.3055 0 28.3055 26.5133 1.30001 12.2184 42.3669 0 42.3669 31.1485 
out-dis-uniform knn time: 0.266004 1.35289 25.4454 0 25.4454 25.0925 0.409932 2.87166 28.4993 0 28.4993 26.6276 1.28962 12.256 42.432 0 42.432 31.1759 
# Insert
## 0.01
median: (49, 0.113367)-> min: (1, 0.0371507)-> max: (99, 0.1394)-> tot: 10.5943-> avg: 0.105942
in-dis-skewed knn time: 0.231851 1 24.3447 0 24.3447 24.3447 0.430721 2.89382 28.7186 0 28.7186 26.8248 1.37518 12.458 42.8319 0 42.8319 31.3739 
out-dis-skewed knn time: 0.267138 1.35205 25.5275 0 25.5275 25.1754 0.41556 2.8683 28.5919 0 28.5919 26.7236 1.32734 12.2925 42.6155 0 42.6155 31.3229 
in-dis-uniform knn time: 0.233114 1 24.5648 0 24.5648 24.5648 0.404415 2.78883 28.3988 0 28.3988 26.61 1.30594 12.2544 42.5463 0 42.5463 31.2919 
out-dis-uniform knn time: 0.267826 1.35248 25.5288 0 25.5288 25.1763 0.411351 2.86922 28.597 0 28.597 26.7278 1.29893 12.2934 42.6177 0 42.6177 31.3242 
# Insert
## 0.001
median: (521, 0.0221843)-> min: (1, 0.003956)-> max: (648, 0.026631)-> tot: 20.8889-> avg: 0.0208884
in-dis-skewed knn time: 0.232363 1 24.3698 0 24.3698 24.3698 0.432569 2.90532 28.8006 0 28.8006 26.8952 1.3778 12.4955 42.9367 0 42.9367 31.4412 
out-dis-skewed knn time: 0.26759 1.35241 25.5784 0 25.5784 25.226 0.416419 2.8686 28.6475 0 28.6475 26.7789 1.32927 12.3055 42.6973 0 42.6973 31.3918 
in-dis-uniform knn time: 0.234861 1 24.6139 0 24.6139 24.6139 0.405997 2.78989 28.456 0 28.456 26.6661 1.30909 12.2672 42.6287 0 42.6287 31.3615 
out-dis-uniform knn time: 0.269318 1.35256 25.5796 0 25.5796 25.2271 0.4127 2.86882 28.6481 0 28.6481 26.7793 1.3019 12.3049 42.6984 0 42.6984 31.3935 
# Insert
## 0.0001
median: (3878, 0.00512133)-> min: (2, 0.000810333)-> max: (8700, 0.006077)-> tot: 48.977-> avg: 0.0048972
in-dis-skewed knn time: 0.231951 1 24.4419 0 24.4419 24.4419 0.432858 2.90678 28.8811 0 28.8811 26.9743 1.37829 12.5022 43.0272 0 43.0272 31.5249 
out-dis-skewed knn time: 0.268176 1.35199 25.6511 0 25.6511 25.2991 0.41684 2.86868 28.7241 0 28.7241 26.8554 1.3306 12.3073 42.7772 0 42.7772 31.4698 
in-dis-uniform knn time: 0.23505 1 24.6884 0 24.6884 24.6884 0.406169 2.7896 28.5311 0 28.5311 26.7415 1.30912 12.2692 42.7097 0 42.7097 31.4405 
out-dis-uniform knn time: 0.26988 1.35275 25.655 0 25.655 25.3022 0.413307 2.86937 28.7259 0 28.7259 26.8565 1.30319 12.3081 42.7815 0 42.7815 31.4734 

Tree: OrthTree; AugType: HasBox; Split: RotateDim-SpatialMedian; BDO: 6; Inba: 30; Coord: integer; 
1.in 6.44259 20 15.5808 
# Insert
## 1
median: (0, 6.51148)-> min: (0, 6.51148)-> max: (0, 6.51148)-> tot: 6.51148-> avg: 6.51148
# Insert
## 0.1
median: (6, 0.723612)-> min: (7, 0.651136)-> max: (3, 0.780259)-> tot: 7.14389-> avg: 0.714388
in-dis-skewed knn time: 0.0689113 1 16.697 0 50.0909 50.0909 0.128367 3.02753 18.4758 0 55.4274 53.3994 0.534977 15.5371 25.1352 0 75.4056 60.8537 
out-dis-skewed knn time: 0.0858447 3.53122 23.4685 0 70.4056 67.831 0.144294 7.89302 27.0462 0 81.1387 74.116 0.88365 32.3474 40.8555 0 122.566 89.1055 
in-dis-uniform knn time: 0.225263 1 15.5061 0 46.5184 46.5184 0.38273 3.02818 17.3029 0 51.9086 49.8802 1.26874 15.5747 24.012 0 72.0361 57.4504 
out-dis-uniform knn time: 0.21963 3.45657 25.854 0 77.5621 75.1046 0.370514 7.60348 29.4168 0 88.2503 81.6226 1.49564 33.6266 44.1264 0 132.379 98.683 
# Insert
## 0.01
median: (15, 0.072086)-> min: (51, 0.0569187)-> max: (90, 0.091172)-> tot: 7.23895-> avg: 0.072389
in-dis-skewed knn time: 0.0691383 1 16.6969 0 50.0908 50.0908 0.128614 3.02746 18.4757 0 55.427 53.3991 0.536325 15.5366 25.1346 0 75.4039 60.8527 
out-dis-skewed knn time: 0.0856453 3.53121 23.4685 0 70.4055 67.8309 0.144313 7.89314 27.0461 0 81.1383 74.1156 0.891995 32.3472 40.8549 0 122.565 89.1048 
in-dis-uniform knn time: 0.227301 1 15.506 0 46.5179 46.5179 0.384817 3.02791 17.3025 0 51.9074 49.8792 1.27485 15.5723 24.0104 0 72.0311 57.4479 
out-dis-uniform knn time: 0.223352 3.46889 25.8976 0 77.6929 75.2231 0.373144 7.68443 29.4625 0 88.3875 81.6758 1.50459 33.7722 44.1783 0 132.535 98.6795 
# Insert
## 0.001
median: (342, 0.008282)-> min: (592, 0.00681133)-> max: (0, 0.0153113)-> tot: 8.34319-> avg: 0.00834268
in-dis-skewed knn time: 0.069271 1 16.6966 0 50.0897 50.0897 0.126626 3.02715 18.4751 0 55.4252 53.3978 0.529578 15.5397 25.1333 0 75.3999 60.849 
out-dis-skewed knn time: 0.087552 3.51763 24.161 0 72.483 69.9219 0.148173 8.24534 28.1043 0 84.3128 76.6738 0.894239 32.7874 42.1178 0 126.353 91.1827 
in-dis-uniform knn time: 0.227215 1 15.5056 0 46.5167 46.5167 0.385613 3.02711 17.3014 0 51.9043 49.877 1.27289 15.5654 24.0059 0 72.0177 57.4414 
out-dis-uniform knn time: 0.223178 3.37505 25.9233 0 77.7698 75.3939 0.376265 7.70586 29.5256 0 88.5769 81.77 1.50806 34.2366 44.2617 0 132.785 98.3403 
# Insert
## 0.0001
median: (8866, 0.001604)-> min: (7837, 0.001224)-> max: (5285, 0.004272)-> tot: 16.3465-> avg: 0.00163414
in-dis-skewed knn time: 0.0691307 1 16.6963 0 50.0888 50.0888 0.126589 3.02664 18.4743 0 55.4229 53.3961 0.529562 15.5348 25.1296 0 75.3887 60.8425 
out-dis-skewed knn time: 0.0870097 3.5186 23.9192 0 71.7577 69.1957 0.148252 8.02126 27.8445 0 83.5336 76.1717 0.890171 32.2493 41.7193 0 125.158 90.7796 
in-dis-uniform knn time: 0.226482 1 15.5051 0 46.5153 46.5153 0.381667 3.02642 17.3003 0 51.9008 49.8742 1.24758 15.5594 24.0008 0 72.0025 57.4329 
out-dis-uniform knn time: 0.223001 3.36839 25.9023 0 77.7068 75.3375 0.376705 7.69135 29.4693 0 88.4078 81.6568 1.50565 34.1081 44.1517 0 132.455 98.1861 

Tree: OrthTree; AugType: HasBox; Split: RotateDim-SpatialMedian; BDO: 6; Inba: 30; Coord: integer; 
2_sort_by_0.in 4.35353 14 13.0001 
# Insert
## 1
median: (0, 4.62955)-> min: (0, 4.62955)-> max: (0, 4.62955)-> tot: 4.62955-> avg: 4.62955
# Insert
## 0.1
median: (3, 0.547597)-> min: (0, 0.423227)-> max: (4, 0.682428)-> tot: 5.4439-> avg: 0.544389
in-dis-skewed knn time: 0.103377 1 13 0 39.0001 39.0001 0.212976 3.01639 14.8054 0 44.4161 42.3997 0.946913 16.0165 21.9923 0 65.977 50.9605 
out-dis-skewed knn time: 0.04476 1.30933 8.9613 0 26.8839 26.5746 0.0932533 2.44079 9.98358 0 29.9507 28.5099 1.20496 37.8845 68.6387 0 205.916 164.419 
in-dis-uniform knn time: 0.199064 1 13 0 38.9999 38.9999 0.34778 3.02445 14.8435 0 44.5306 42.5061 1.23821 16.0815 22.141 0 66.423 51.3414 
out-dis-uniform knn time: 0.044264 1.25424 8.89792 0 26.6938 26.4395 0.100082 2.24303 10.7984 0 32.3952 31.1521 1.28523 37.4626 62.9164 0 188.749 147.675 
# Insert
## 0.01
median: (55, 0.0564683)-> min: (0, 0.04438)-> max: (37, 0.0778533)-> tot: 5.6869-> avg: 0.0568685
in-dis-skewed knn time: 0.105926 1 13 0 39.0001 39.0001 0.216754 3.01639 14.8054 0 44.4161 42.3997 0.940271 16.0165 21.9923 0 65.977 50.9605 
out-dis-skewed knn time: 0.045661 1.30933 8.9613 0 26.8839 26.5746 0.0952153 2.44079 9.98358 0 29.9507 28.5099 1.23752 37.8845 68.6387 0 205.916 164.419 
in-dis-uniform knn time: 0.203599 1 13 0 38.9999 38.9999 0.352406 3.02445 14.8435 0 44.5306 42.5061 1.24943 16.0815 22.141 0 66.423 51.3414 
out-dis-uniform knn time: 0.0451777 1.25424 8.89792 0 26.6938 26.4395 0.101664 2.24303 10.7984 0 32.3952 31.1521 1.31797 37.4626 62.9164 0 188.749 147.675 
# Insert
## 0.001
median: (629, 0.00567167)-> min: (0, 0.004478)-> max: (992, 0.00825667)-> tot: 5.74892-> avg: 0.00574843
in-dis-skewed knn time: 0.106578 1 13 0 39.0001 39.0001 0.220713 3.01639 14.8054 0 44.4161 42.3997 0.955027 16.0165 21.9923 0 65.977 50.9605 
out-dis-skewed knn time: 0.0460903 1.30933 8.9613 0 26.8839 26.5746 0.0953273 2.44079 9.98358 0 29.9507 28.5099 1.25442 37.8845 68.6387 0 205.916 164.419 
in-dis-uniform knn time: 0.205157 1 13 0 38.9999 38.9999 0.35542 3.02445 14.8435 0 44.5306 42.5061 1.25355 16.0815 22.141 0 66.423 51.3414 
out-dis-uniform knn time: 0.0455967 1.25424 8.89792 0 26.6938 26.4395 0.102174 2.24303 10.7984 0 32.3952 31.1521 1.325 37.4626 62.9164 0 188.749 147.675 
# Insert
## 0.0001
median: (278, 0.000935)-> min: (9690, 0.000739667)-> max: (5755, 0.00218867)-> tot: 9.42742-> avg: 0.000942239
in-dis-skewed knn time: 0.110437 1 13 0 39.0001 39.0001 0.216046 3.01639 14.8054 0 44.4161 42.3997 0.94894 16.0165 21.9923 0 65.977 50.9605 
out-dis-skewed knn time: 0.046369 1.30933 8.9613 0 26.8839 26.5746 0.0960697 2.44079 9.98358 0 29.9507 28.5099 1.25423 37.8845 68.6387 0 205.916 164.419 
in-dis-uniform knn time: 0.205864 1 13 0 38.9999 38.9999 0.35121 3.02445 14.8435 0 44.5306 42.5061 1.21899 16.0815 22.141 0 66.423 51.3414 
out-dis-uniform knn time: 0.0458637 1.25424 8.89792 0 26.6938 26.4395 0.101371 2.24303 10.7984 0 32.3952 31.1521 1.3306 37.4626 62.9164 0 188.749 147.675 

Tree: OrthTree; AugType: HasBox; Split: RotateDim-SpatialMedian; BDO: 6; Inba: 30; Coord: integer; 
2.in 3.22713 14 13.0001 
# Insert
## 1
median: (0, 3.11677)-> min: (0, 3.11677)-> max: (0, 3.11677)-> tot: 3.11678-> avg: 3.11677
# Insert
## 0.1
median: (7, 0.505307)-> min: (0, 0.269602)-> max: (5, 0.527754)-> tot: 4.2943-> avg: 0.42943
in-dis-skewed knn time: 0.217195 1 12.3677 0 37.1032 37.1032 0.382005 2.96172 14.0749 0 42.2248 40.2631 1.25989 14.638 20.2304 0 60.6912 47.053 
out-dis-skewed knn time: 0.2419 1.32426 12.7333 0 38.1999 37.8757 0.380872 3.03311 14.122 0 42.366 40.3328 1.23999 14.552 20.2251 0 60.6752 47.1231 
in-dis-uniform knn time: 0.214091 1 12.3677 0 37.103 37.103 0.371116 2.96198 14.0756 0 42.2269 40.2649 1.22708 14.6388 20.2316 0 60.6948 47.0558 
out-dis-uniform knn time: 0.242706 1.32434 12.7329 0 38.1988 37.8744 0.377883 3.03282 14.1217 0 42.3651 40.3323 1.21902 14.5516 20.2251 0 60.6753 47.1235 
# Insert
## 0.01
median: (50, 0.117644)-> min: (0, 0.03252)-> max: (63, 0.126416)-> tot: 10.1521-> avg: 0.101521
in-dis-skewed knn time: 0.217602 1 12.3677 0 37.1032 37.1032 0.384184 2.96172 14.0749 0 42.2248 40.2631 1.26774 14.638 20.2304 0 60.6912 47.053 
out-dis-skewed knn time: 0.242638 1.32426 12.7333 0 38.1999 37.8757 0.382759 3.03311 14.122 0 42.366 40.3328 1.24796 14.552 20.2251 0 60.6752 47.1231 
in-dis-uniform knn time: 0.214621 1 12.3677 0 37.103 37.103 0.372504 2.96198 14.0756 0 42.2269 40.2649 1.23353 14.6388 20.2316 0 60.6948 47.0558 
out-dis-uniform knn time: 0.243139 1.32434 12.7329 0 38.1988 37.8744 0.379232 3.03282 14.1217 0 42.3651 40.3323 1.22501 14.5516 20.2251 0 60.6753 47.1235 
# Insert
## 0.001
median: (523, 0.0218847)-> min: (0, 0.00315433)-> max: (935, 0.024271)-> tot: 19.7145-> avg: 0.019714
in-dis-skewed knn time: 0.217011 1 12.3677 0 37.1032 37.1032 0.382867 2.96172 14.0749 0 42.2248 40.2631 1.26708 14.638 20.2304 0 60.6912 47.053 
out-dis-skewed knn time: 0.242659 1.32426 12.7333 0 38.1999 37.8757 0.382519 3.03311 14.122 0 42.366 40.3328 1.24702 14.552 20.2251 0 60.6752 47.1231 
in-dis-uniform knn time: 0.215009 1 12.3677 0 37.103 37.103 0.372698 2.96198 14.0756 0 42.2269 40.2649 1.23374 14.6388 20.2316 0 60.6948 47.0558 
out-dis-uniform knn time: 0.243296 1.32434 12.7329 0 38.1988 37.8744 0.379334 3.03282 14.1217 0 42.3651 40.3323 1.22478 14.5516 20.2251 0 60.6753 47.1235 
# Insert
## 0.0001
median: (3657, 0.003147)-> min: (0, 0.000612)-> max: (9840, 0.00512)-> tot: 29.381-> avg: 0.0029376
in-dis-skewed knn time: 0.216672 1 12.3677 0 37.1032 37.1032 0.382432 2.96172 14.0749 0 42.2248 40.2631 1.26622 14.638 20.2304 0 60.6912 47.053 
out-dis-skewed knn time: 0.242761 1.32426 12.7333 0 38.1999 37.8757 0.382773 3.03311 14.122 0 42.366 40.3328 1.24684 14.552 20.2251 0 60.6752 47.1231 
in-dis-uniform knn time: 0.215005 1 12.3677 0 37.103 37.103 0.372738 2.96198 14.0756 0 42.2269 40.2649 1.23381 14.6388 20.2316 0 60.6948 47.0558 
out-dis-uniform knn time: 0.243616 1.32434 12.7329 0 38.1988 37.8744 0.379598 3.03282 14.1217 0 42.3651 40.3323 1.2256 14.5516 20.2251 0 60.6753 47.1235 

Tree: PTree; AugType: HasBox; Split: HilbertCurve; BDO: 6; Inba: 30; Coord: integer; 
1.in 3.03704 -1 -1 
# Insert
## 1
median: (0, 3.05935)-> min: (0, 3.05935)-> max: (0, 3.05935)-> tot: 3.05935-> avg: 3.05935
# Insert
## 0.1
median: (4, 0.271551)-> min: (1, 0.261773)-> max: (7, 0.285959)-> tot: 2.72286-> avg: 0.272285
in-dis-skewed knn time: 0.514214 17.5281 204.025 0 204.025 187.497 1.25198 32.5831 253.675 0 253.675 222.092 6.71378 84.7618 330.314 0 330.314 246.553 
out-dis-skewed knn time: 0.36133 13.0839 126.128 0 126.128 114.045 0.754628 18.022 136.281 0 136.281 119.259 3.94107 37.7797 166.82 0 166.82 130.04 
in-dis-uniform knn time: 2.11599 13.7743 154.717 0 154.717 141.942 3.58443 28.7255 203.683 0 203.683 175.957 9.27797 73.1944 272.23 0 272.23 200.036 
out-dis-uniform knn time: 0.763132 13.2566 151.468 0 151.468 139.212 1.67932 26.3105 204.448 0 204.448 179.138 7.03129 72.6907 276.589 0 276.589 204.899 
# Insert
## 0.01
median: (27, 0.0289393)-> min: (0, 0.027264)-> max: (74, 0.033435)-> tot: 2.93651-> avg: 0.0293645
in-dis-skewed knn time: 0.483718 14.1924 173.052 0 173.052 159.86 1.44411 32.5628 262.885 0 262.885 231.322 7.79726 84.5381 340.659 0 340.659 257.121 
out-dis-skewed knn time: 0.327562 13.1477 131.255 0 131.255 119.107 0.728791 20.8643 143.211 0 143.211 123.347 4.64529 50.5797 190.654 0 190.654 141.074 
in-dis-uniform knn time: 2.22499 13.1214 148.988 0 148.988 136.867 3.79163 27.2969 199.882 0 199.882 173.586 9.48788 69.4142 267.053 0 267.053 198.639 
out-dis-uniform knn time: 0.8006 11.9032 135.847 0 135.847 124.943 1.5919 21.5976 172.76 0 172.76 152.163 5.79545 54.8665 222.798 0 222.798 168.931 
# Insert
## 0.001
median: (885, 0.00409867)-> min: (74, 0.00360767)-> max: (155, 0.00545467)-> tot: 4.14039-> avg: 0.00413989
in-dis-skewed knn time: 0.459354 13.9522 168.086 0 168.086 155.134 1.37587 32.3956 257.827 0 257.827 226.432 7.08866 76.9364 329.734 0 329.734 253.797 
out-dis-skewed knn time: 0.261804 9.41881 108.839 0 108.839 100.42 0.513267 14.4831 119.196 0 119.196 105.713 2.97417 35.5022 148.962 0 148.962 114.46 
in-dis-uniform knn time: 2.26133 13.1389 149.662 0 149.662 137.523 3.80899 26.5054 195.367 0 195.367 169.862 9.24906 64.5764 254.895 0 254.895 191.319 
out-dis-uniform knn time: 0.845309 12.1408 142.877 0 142.877 131.736 1.53595 19.4318 165.955 0 165.955 147.523 5.41779 49.4893 213.073 0 213.073 164.584 
# Insert
## 0.0001
median: (5887, 0.000903333)-> min: (233, 0.000716)-> max: (7095, 0.002885)-> tot: 9.13298-> avg: 0.000912798
in-dis-skewed knn time: 0.488126 14.9885 177.66 0 177.66 163.672 1.44824 34.4033 270.219 0 270.219 236.816 7.39801 84.5413 348.361 0 348.361 264.82 
out-dis-skewed knn time: 0.293293 11.363 111.386 0 111.386 101.023 0.591544 15.9672 117.13 0 117.13 102.163 3.29459 35.7303 145.045 0 145.045 110.314 
in-dis-uniform knn time: 2.30409 13.2596 148.089 0 148.089 135.829 3.95532 27.9805 202.534 0 202.534 175.554 9.69777 68.8038 267.917 0 267.917 200.113 
out-dis-uniform knn time: 0.830736 12.1233 140.855 0 140.855 129.732 1.70612 23.0884 186.321 0 186.321 164.232 6.25432 58.9397 239.737 0 239.737 181.797 

Tree: PTree; AugType: HasBox; Split: HilbertCurve; BDO: 6; Inba: 30; Coord: integer; 
2_sort_by_0.in 3.33271 -1 -1 
# Insert
## 1
median: (0, 3.28693)-> min: (0, 3.28693)-> max: (0, 3.28693)-> tot: 3.28694-> avg: 3.28693
# Insert
## 0.1
median: (3, 0.29829)-> min: (0, 0.29506)-> max: (9, 0.302923)-> tot: 2.97823-> avg: 0.297822
in-dis-skewed knn time: 0.606734 6.94797 73.528 0 73.528 67.58 1.01626 11.4383 82.0596 0 82.0596 71.6213 2.75019 25.1426 103.256 0 103.256 79.1135 
out-dis-skewed knn time: 0.256952 6.99734 85.898 0 85.898 79.9007 0.723812 15.793 108.373 0 108.373 93.5803 3.38415 48.7348 157.633 0 157.633 109.898 
in-dis-uniform knn time: 1.78052 9.84153 114.143 0 114.143 105.302 2.82053 20.1539 148.27 0 148.27 129.116 6.27945 49.4949 197.629 0 197.629 149.134 
out-dis-uniform knn time: 0.258253 6.82386 84.467 0 84.467 78.6432 0.73023 14.8764 107.436 0 107.436 93.5593 3.37394 46.1318 153.272 0 153.272 108.14 
# Insert
## 0.01
median: (44, 0.03066)-> min: (6, 0.0300273)-> max: (26, 0.031843)-> tot: 3.06671-> avg: 0.0306665
in-dis-skewed knn time: 0.754257 6.89174 79.7086 0 79.7086 73.8168 1.17262 9.93768 85.8118 0 85.8118 76.8741 2.78355 19.2381 100.419 0 100.419 82.1807 
out-dis-skewed knn time: 0.255679 6.06501 78.3428 0 78.3428 73.2778 0.695774 13.6971 96.9788 0 96.9788 84.2817 3.02411 42.9518 140.373 0 140.373 98.4216 
in-dis-uniform knn time: 1.72333 10.0867 119.933 0 119.933 110.846 2.70994 20.6673 153.274 0 153.274 133.607 6.20717 47.519 198.409 0 198.409 151.89 
out-dis-uniform knn time: 0.261372 6.08158 78.4155 0 78.4155 73.3339 0.690292 12.6454 94.4353 0 94.4353 82.7899 3.0091 39.8067 134.187 0 134.187 95.3801 
# Insert
## 0.001
median: (154, 0.004039)-> min: (43, 0.00376333)-> max: (3, 0.00581067)-> tot: 4.07836-> avg: 0.00407787
in-dis-skewed knn time: 0.66662 6.64881 79.1689 0 79.1689 73.5201 1.05357 10.1249 86.8956 0 86.8956 77.7707 2.65343 21.1838 103.84 0 103.84 83.6564 
out-dis-skewed knn time: 0.271927 5.67751 75.3012 0 75.3012 70.6237 0.699816 13.0555 92.5228 0 92.5228 80.4673 3.29029 40.2244 133.475 0 133.475 94.2504 
in-dis-uniform knn time: 1.79377 10.3197 123.552 0 123.552 114.232 2.81206 20.3318 153.807 0 153.807 134.475 6.41985 47.4629 199.228 0 199.228 152.765 
out-dis-uniform knn time: 0.280119 5.64525 77.7212 0 77.7212 73.076 0.690567 11.9431 93.5047 0 93.5047 82.5616 3.26272 37.1924 130.595 0 130.595 94.4028 
# Insert
## 0.0001
median: (1594, 0.000885)-> min: (4178, 0.000757333)-> max: (8578, 0.00190733)-> tot: 8.94519-> avg: 0.000894019
in-dis-skewed knn time: 0.781687 8.0252 93.1153 0 93.1153 86.0901 1.26523 12.7851 105.468 0 105.468 93.6833 3.26133 27.2864 128.319 0 128.319 102.032 
out-dis-skewed knn time: 0.450555 9.8243 141.461 0 141.461 132.637 0.967588 18.2079 163.13 0 163.13 145.922 4.97997 59.0579 233.594 0 233.594 175.536 
in-dis-uniform knn time: 2.10744 15.9596 199.75 0 199.75 184.79 3.80465 33.1535 262.115 0 262.115 229.962 12.3027 109.319 415.535 0 415.535 307.216 
out-dis-uniform knn time: 0.494117 10.8141 153.983 0 153.983 144.169 0.95466 17.6117 170.103 0 170.103 153.492 5.4393 61.3159 249.665 0 249.665 189.349 

Tree: PTree; AugType: HasBox; Split: HilbertCurve; BDO: 6; Inba: 30; Coord: integer; 
2.in 3.33094 -1 -1 
# Insert
## 1
median: (0, 3.33434)-> min: (0, 3.33434)-> max: (0, 3.33434)-> tot: 3.33434-> avg: 3.33434
# Insert
## 0.1
median: (9, 0.392556)-> min: (0, 0.305937)-> max: (6, 0.44746)-> tot: 3.88309-> avg: 0.388309
in-dis-skewed knn time: 1.89201 8.9241 97.2526 0 97.2526 89.3285 2.80075 14.5092 108.907 0 108.907 95.3975 5.60711 30.7602 135.129 0 135.129 105.369 
out-dis-skewed knn time: 1.94093 9.16863 97.8796 0 97.8796 89.711 2.83489 14.5423 108.993 0 108.993 95.4511 5.61596 30.7319 135.128 0 135.128 105.396 
in-dis-uniform knn time: 1.90117 8.91481 97.2377 0 97.2377 89.3229 2.82174 14.4908 108.879 0 108.879 95.3878 5.62532 30.7186 135.096 0 135.096 105.378 
out-dis-uniform knn time: 1.95486 9.16825 97.8668 0 97.8668 89.6985 2.83637 14.5414 108.977 0 108.977 95.4359 5.63939 30.728 135.104 0 135.104 105.376 
# Insert
## 0.01
median: (49, 0.060039)-> min: (0, 0.0313703)-> max: (99, 0.075732)-> tot: 5.97093-> avg: 0.0597088
in-dis-skewed knn time: 1.89035 8.90832 97.5076 0 97.5076 89.5993 2.80324 14.5607 109.419 0 109.419 95.8588 5.60953 31.1333 136.068 0 136.068 105.934 
out-dis-skewed knn time: 1.94043 9.16398 98.142 0 98.142 89.978 2.82388 14.6051 109.491 0 109.491 95.8864 5.62205 31.104 136.042 0 136.042 105.938 
in-dis-uniform knn time: 1.90263 8.90444 97.4756 0 97.4756 89.5712 2.82178 14.55 109.363 0 109.363 95.813 5.62899 31.087 136 0 136 105.913 
out-dis-uniform knn time: 1.95544 9.16137 98.1202 0 98.1202 89.9588 2.83726 14.6011 109.468 0 109.468 95.8669 5.64325 31.0928 136.005 0 136.005 105.913 
# Insert
## 0.001
median: (442, 0.0135367)-> min: (0, 0.00413)-> max: (998, 0.017214)-> tot: 12.7808-> avg: 0.0127803
in-dis-skewed knn time: 1.87869 8.87139 97.4586 0 97.4586 89.5872 2.78952 14.5269 109.441 0 109.441 95.9143 5.59011 31.14 136.291 0 136.291 106.151 
out-dis-skewed knn time: 1.92888 9.13055 98.107 0 98.107 89.9764 2.80931 14.58 109.53 0 109.53 95.9504 5.59977 31.1264 136.293 0 136.293 106.167 
in-dis-uniform knn time: 1.89116 8.87133 97.4405 0 97.4405 89.5692 2.80806 14.5255 109.401 0 109.401 95.8753 5.6093 31.1113 136.247 0 136.247 106.136 
out-dis-uniform knn time: 1.94388 9.12833 98.082 0 98.082 89.9537 2.82272 14.575 109.498 0 109.498 95.9227 5.62235 31.1191 136.25 0 136.25 106.13 
# Insert
## 0.0001
median: (5046, 0.00274667)-> min: (2, 0.000788)-> max: (1722, 0.00592033)-> tot: 26.3004-> avg: 0.00262953
in-dis-skewed knn time: 1.89288 8.9709 98.7724 0 98.7724 90.8015 2.82856 14.7772 111.026 0 111.026 97.2489 5.67981 31.7475 138.463 0 138.463 107.715 
out-dis-skewed knn time: 1.94367 9.22841 99.408 0 99.408 91.1796 2.84791 14.8286 111.105 0 111.105 97.276 5.69008 31.7323 138.453 0 138.453 107.721 
in-dis-uniform knn time: 1.90666 8.96792 98.7388 0 98.7388 90.7709 2.84674 14.7732 110.973 0 110.973 97.1997 5.70005 31.7171 138.411 0 138.411 107.694 
out-dis-uniform knn time: 1.95777 9.22489 99.3725 0 99.3725 91.1476 2.8618 14.8208 111.06 0 111.06 97.2391 5.71222 31.7156 138.397 0 138.397 107.681 

