Tree: KdTree; Split: MaxStretchDim-ObjectMedian; BDO: 6; Inba: 30; Coord: integer; 
1.in 5.93664 28 25.5294 Incre Insert--------------------------
1
median: (0, 6.24403)-> min: (0, 6.24403)-> max: (0, 6.24403)-> tot: 6.24403-> avg: 6.24403
knn time: 0.0915247 26.714 25.5474 25.5474 25.3809 0.126148 32.3669 29.3107 29.3107 27.2546 0.521678 55.9363 43.3104 43.3104 31.6844 
Incre Insert--------------------------
0.1
median: (2, 1.03222)-> min: (0, 0.447559)-> max: (6, 3.05859)-> tot: 13.0088-> avg: 1.30088
knn time: 0.0635223 24.8776 23.7106 23.7106 23.5437 0.113916 30.5146 27.4545 27.4545 25.3944 0.512034 54.0299 41.4052 41.4052 29.7804 
Incre Insert--------------------------
0.01
median: (93, 0.139074)-> min: (0, 0.059141)-> max: (55, 1.78443)-> tot: 25.8545-> avg: 0.258544
knn time: 0.074253 25.9365 24.7656 24.7656 24.5948 0.119661 31.7053 28.5941 28.5941 26.483 0.516365 55.9327 42.9562 42.9562 30.9797 
Incre Insert--------------------------
0.001
median: (340, 0.012471)-> min: (0, 0.00443933)-> max: (529, 1.73785)-> tot: 33.7658-> avg: 0.0337653
knn time: 0.0709797 25.6523 24.4836 24.4836 24.3149 0.116771 31.3569 28.272 28.272 26.187 0.520193 55.2577 42.4534 42.4534 30.649 
Incre Insert--------------------------
0.0001
median: (7016, 0.002791)-> min: (68, 0.00112367)-> max: (6558, 2.50816)-> tot: 55.4896-> avg: 0.00554846
knn time: 0.071823 25.3388 24.1711 24.1711 24.0034 0.117303 31.0066 27.9364 27.9364 25.8661 0.523204 54.7071 42.0058 42.0058 30.3045 

Tree: KdTree; Split: MaxStretchDim-ObjectMedian; BDO: 6; Inba: 30; Coord: integer; 
2_sort_by_0.in 5.33592 28 25.5197 Incre Insert--------------------------
1
median: (0, 5.0134)-> min: (0, 5.0134)-> max: (0, 5.0134)-> tot: 5.0134-> avg: 5.0134
knn time: 0.107706 26.6145 25.57 25.57 25.5256 0.223101 32.4041 29.4264 29.4264 27.4487 0.952405 56.0544 43.4785 43.4785 31.9026 
Incre Insert--------------------------
0.1
median: (9, 1.50079)-> min: (0, 0.349836)-> max: (7, 3.17775)-> tot: 14.4016-> avg: 1.44016
knn time: 0.096637 26.2499 25.2057 25.2057 25.1615 0.223013 32.0204 29.0383 29.0383 27.0562 0.941235 55.4881 42.969 42.969 31.4499 
Incre Insert--------------------------
0.01
median: (65, 0.244407)-> min: (0, 0.0742587)-> max: (58, 0.513801)-> tot: 25.6566-> avg: 0.256566
knn time: 0.101352 25.8349 24.7888 24.7888 24.7426 0.227471 31.8182 28.7813 28.7813 26.7444 0.961132 56.1842 43.3024 43.3024 31.4206 
Incre Insert--------------------------
0.001
median: (506, 0.038958)-> min: (0, 0.00474233)-> max: (994, 0.0730773)-> tot: 38.4497-> avg: 0.0384492
knn time: 0.120113 25.485 24.4406 24.4406 24.3962 0.239673 32.3008 29.3161 29.3161 27.3314 0.975644 58.1983 45.6623 45.6623 34.1262 
Incre Insert--------------------------
0.0001
median: (5330, 0.00395833)-> min: (1, 0.000762667)-> max: (6567, 0.010325)-> tot: 41.0275-> avg: 0.00410225
knn time: 0.125457 26.0874 25.0414 25.0414 24.9953 0.265062 39.4422 36.4064 36.4064 34.3706 1.24269 85.8595 71.0798 71.0798 57.3002 

Tree: KdTree; Split: MaxStretchDim-ObjectMedian; BDO: 6; Inba: 30; Coord: integer; 
2.in 3.98818 28 25.5267 Incre Insert--------------------------
1
median: (0, 3.8522)-> min: (0, 3.8522)-> max: (0, 3.8522)-> tot: 3.8522-> avg: 3.8522
knn time: 0.179277 26.5563 25.5119 25.5119 25.4676 0.355554 32.4376 29.4481 29.4481 27.4585 1.28955 56.3177 43.7012 43.7012 32.0847 
Incre Insert--------------------------
0.1
median: (5, 0.415453)-> min: (0, 0.288831)-> max: (9, 0.464252)-> tot: 3.99989-> avg: 0.399989
knn time: 0.18812 26.7908 25.6651 25.6651 25.5394 0.365129 32.6799 29.6208 29.6208 27.5617 1.32462 56.7361 43.9388 43.9388 32.1415 
Incre Insert--------------------------
0.01
median: (44, 0.078815)-> min: (3, 0.0442023)-> max: (88, 0.106593)-> tot: 7.62534-> avg: 0.0762528
knn time: 0.19774 27.3409 26.124 26.124 25.9072 0.373354 33.1874 30.0597 30.0597 27.932 1.34632 57.3006 44.3216 44.3216 32.3426 
Incre Insert--------------------------
0.001
median: (542, 0.015602)-> min: (1, 0.00391533)-> max: (833, 0.0215163)-> tot: 14.7453-> avg: 0.0147448
knn time: 0.200947 27.4494 26.2185 26.2185 25.9875 0.3743 33.2881 30.1509 30.1509 28.0137 1.35241 57.4259 44.4183 44.4183 32.4107 
Incre Insert--------------------------
0.0001
median: (8046, 0.00372733)-> min: (3, 0.000794667)-> max: (6603, 0.00686233)-> tot: 36.0261-> avg: 0.00360211
knn time: 0.200319 27.5301 26.2975 26.2975 26.065 0.373126 33.3716 30.2328 30.2328 28.094 1.35395 57.5146 44.5025 44.5025 32.4905 

Tree: OrthTree; Split: RotateDim-SpatialMedian; BDO: 6; Inba: 30; Coord: integer; 
1.in 12.1899 28 24.5588 Incre Insert--------------------------
1
median: (0, 11.9353)-> min: (0, 11.9353)-> max: (0, 11.9353)-> tot: 11.9353-> avg: 11.9353
knn time: 0.100766 53.3512 52.2038 52.2038 52.0564 0.159264 60.6479 57 57 54.352 0.577154 93.3196 76.0458 76.0458 59.772 
Incre Insert--------------------------
0.1
median: (7, 1.00091)-> min: (8, 0.701289)-> max: (0, 1.76103)-> tot: 10.3855-> avg: 1.03855
knn time: 0.0997313 53.3513 52.2038 52.2038 52.0564 0.160644 60.648 56.9998 56.9998 54.3516 0.587221 93.3173 76.0433 76.0433 59.7693 
Incre Insert--------------------------
0.01
median: (95, 0.115839)-> min: (86, 0.060294)-> max: (67, 0.283688)-> tot: 12.4225-> avg: 0.124224
knn time: 0.0986797 53.3507 52.2034 52.2034 52.056 0.159943 60.6469 56.9992 56.9992 54.3515 0.590617 93.3135 76.042 76.042 59.7704 
Incre Insert--------------------------
0.001
median: (710, 0.020531)-> min: (687, 0.00597067)-> max: (678, 0.079911)-> tot: 25.0162-> avg: 0.0250157
knn time: 0.114027 54.4111 53.119 53.119 52.8269 0.192871 70.7457 64.5872 64.5872 59.4287 0.803932 129.258 101.613 101.613 74.9677 
Incre Insert--------------------------
0.0001
median: (997, 0.006772)-> min: (3998, 0.000904667)-> max: (6831, 0.0312277)-> tot: 83.5841-> avg: 0.00835791
knn time: 0.193496 64.6008 62.8494 62.8494 62.098 0.287432 105.321 92.1158 92.1158 79.9105 1.29418 232.703 177.044 177.044 122.384 

Tree: OrthTree; Split: RotateDim-SpatialMedian; BDO: 6; Inba: 30; Coord: integer; 
2_sort_by_0.in 5.00551 14 13.0001 Incre Insert--------------------------
1
median: (0, 4.83324)-> min: (0, 4.83324)-> max: (0, 4.83324)-> tot: 4.83324-> avg: 4.83324
knn time: 0.103725 27.0001 26.0001 26.0001 26.0001 0.194355 34.5152 30.988 30.988 28.4609 0.961862 68.4828 50.7351 50.7351 33.9873 
Incre Insert--------------------------
0.1
median: (5, 0.63347)-> min: (0, 0.46076)-> max: (9, 0.709123)-> tot: 6.18648-> avg: 0.618648
knn time: 0.084934 27.0001 26.0001 26.0001 26.0001 0.197965 34.5152 30.988 30.988 28.4609 0.967699 68.4828 50.7351 50.7351 33.9873 
Incre Insert--------------------------
0.01
median: (44, 0.0758247)-> min: (75, 0.0459817)-> max: (20, 0.102222)-> tot: 7.62006-> avg: 0.0762
knn time: 0.0851347 27.0001 26.0001 26.0001 26.0001 0.198557 34.5152 30.988 30.988 28.4609 0.986431 68.4828 50.7351 50.7351 33.9873 
Incre Insert--------------------------
0.001
median: (942, 0.014021)-> min: (0, 0.00466167)-> max: (991, 0.0218523)-> tot: 13.0292-> avg: 0.0130287
knn time: 0.0932567 28.4234 27.4234 27.4234 27.4233 0.251597 37.9759 33.6213 33.6213 30.2668 1.23047 79.2241 57.4794 57.4794 36.7346 
Incre Insert--------------------------
0.0001
median: (5483, 0.00333833)-> min: (20, 0.000774)-> max: (3577, 0.00858667)-> tot: 32.0749-> avg: 0.00320699
knn time: 0.099876 30.5812 29.5812 29.5812 29.5811 0.362386 48.1336 40.9037 40.9037 34.6737 1.79213 118.807 81.5946 81.5946 45.3817 

Tree: OrthTree; Split: RotateDim-SpatialMedian; BDO: 6; Inba: 30; Coord: integer; 
2.in 3.2949 14 13.0001 Incre Insert--------------------------
1
median: (0, 3.15022)-> min: (0, 3.15022)-> max: (0, 3.15022)-> tot: 3.15022-> avg: 3.15022
knn time: 0.139269 27.0001 26.0001 26.0001 26.0001 0.300749 34.607 31.0699 31.0699 28.5329 1.29538 68.8826 51.0634 51.0634 34.2442 
Incre Insert--------------------------
0.1
median: (9, 0.39332)-> min: (0, 0.267272)-> max: (5, 0.527961)-> tot: 3.77915-> avg: 0.377914
knn time: 0.138052 27.0001 26.0001 26.0001 26.0001 0.305691 34.6093 31.0705 31.0705 28.5317 1.33447 68.8799 51.0601 51.0601 34.2404 
Incre Insert--------------------------
0.01
median: (50, 0.0893227)-> min: (0, 0.0307853)-> max: (79, 0.103227)-> tot: 7.8862-> avg: 0.0788615
knn time: 0.1394 27 26 26 26 0.30638 34.6183 31.0726 31.0726 28.5268 1.33945 68.8647 51.0513 51.0513 34.2379 
Incre Insert--------------------------
0.001
median: (523, 0.01673)-> min: (0, 0.003043)-> max: (621, 0.0217877)-> tot: 15.5568-> avg: 0.0155563
knn time: 0.138987 26.9995 25.9995 25.9995 25.9995 0.307783 34.6331 31.0771 31.0771 28.5211 1.34348 68.8157 51.022 51.022 34.2284 
Incre Insert--------------------------
0.0001
median: (5762, 0.002474)-> min: (2, 0.000566333)-> max: (8713, 0.00814867)-> tot: 23.8246-> avg: 0.00238196
knn time: 0.1401 26.9987 25.9987 25.9987 25.9987 0.307987 34.6392 31.0794 31.0794 28.5195 1.34125 68.715 50.9641 50.9641 34.2132 

Tree: PTree; Split: HilbertCurve; BDO: 6; Inba: 30; Coord: integer; 
1.in 3.0938 -1 -1 Incre Insert--------------------------
1
median: (0, 3.09527)-> min: (0, 3.09527)-> max: (0, 3.09527)-> tot: 3.09528-> avg: 3.09527
knn time: 7.41398 219.342 0 202.033 185.724 5.58577 433.735 0 378.295 323.856 14.1077 705.27 0 543.785 383.3 
Incre Insert--------------------------
0.1
median: (9, 0.277862)-> min: (3, 0.269381)-> max: (7, 0.290203)-> tot: 2.77262-> avg: 0.277262
knn time: 7.80287 310.045 0 287.875 266.706 5.64603 466.05 0 407.58 350.111 13.4409 754.985 0 583.756 413.527 
Incre Insert--------------------------
0.01
median: (95, 0.031331)-> min: (21, 0.0280047)-> max: (82, 0.0373413)-> tot: 3.16453-> avg: 0.0316448
knn time: 7.78315 285.811 0 265.599 246.388 6.44063 350.492 0 315.419 281.347 10.2075 574.784 0 459.459 345.134 
Incre Insert--------------------------
0.001
median: (145, 0.00434533)-> min: (841, 0.003635)-> max: (358, 0.008764)-> tot: 4.5919-> avg: 0.0045914
knn time: 7.38276 286.365 0 266.114 246.862 5.64744 419.712 0 370.11 321.508 13.2634 682.186 0 531.118 381.05 
Incre Insert--------------------------
0.0001
median: (7196, 0.000922333)-> min: (8991, 0.000718667)-> max: (9235, 0.00601233)-> tot: 10.2154-> avg: 0.00102104
knn time: 6.68941 288.603 0 268.546 249.489 4.83005 467.611 0 416.803 366.995 15.6414 741.642 0 582.136 423.631 

Tree: PTree; Split: HilbertCurve; BDO: 6; Inba: 30; Coord: integer; 
2_sort_by_0.in 3.33892 -1 -1 Incre Insert--------------------------
1
median: (0, 3.33698)-> min: (0, 3.33698)-> max: (0, 3.33698)-> tot: 3.33698-> avg: 3.33698
knn time: 6.50772 83.061 0 75.8435 69.626 6.52516 97.5175 0 85.453 74.3885 7.18032 132.545 0 107.284 83.0227 
Incre Insert--------------------------
0.1
median: (6, 0.309757)-> min: (0, 0.299845)-> max: (2, 0.345531)-> tot: 3.12076-> avg: 0.312075
knn time: 5.98849 80.1084 0 73.0756 67.0427 5.87889 95.252 0 83.1231 71.9943 6.30753 135.631 0 107.767 80.9024 
Incre Insert--------------------------
0.01
median: (21, 0.0331183)-> min: (51, 0.030804)-> max: (54, 0.0367303)-> tot: 3.31021-> avg: 0.0331016
knn time: 5.82253 67.7868 0 61.9157 57.0445 5.85839 75.2957 0 66.8267 59.3578 6.35707 96.678 0 79.8321 63.9861 
Incre Insert--------------------------
0.001
median: (559, 0.004304)-> min: (22, 0.003792)-> max: (547, 0.008755)-> tot: 4.49496-> avg: 0.00449446
knn time: 5.57569 81.3733 0 74.8633 69.3533 5.54189 97.5024 0 86.6776 76.8528 5.82337 130.671 0 106.799 83.9266 
Incre Insert--------------------------
0.0001
median: (6377, 0.000872333)-> min: (22, 0.000743667)-> max: (588, 0.005636)-> tot: 9.7306-> avg: 0.000972562
knn time: 5.61479 121.44 0 112.496 104.551 5.56285 166.487 0 148.933 132.38 7.23525 394.621 0 318.958 244.295 

Tree: PTree; Split: HilbertCurve; BDO: 6; Inba: 30; Coord: integer; 
2.in 3.35287 -1 -1 Incre Insert--------------------------
1
median: (0, 3.32935)-> min: (0, 3.32935)-> max: (0, 3.32935)-> tot: 3.32935-> avg: 3.32935
knn time: 6.65574 118.69 0 109.067 100.443 7.25238 138.763 0 122.679 107.595 8.50901 184.767 0 151.541 119.315 
Incre Insert--------------------------
0.1
median: (5, 0.400478)-> min: (0, 0.309428)-> max: (6, 0.451787)-> tot: 3.93516-> avg: 0.393516
knn time: 5.91783 119.129 0 109.498 100.868 6.33507 139.512 0 123.355 108.198 6.76871 186.522 0 152.786 120.049 
Incre Insert--------------------------
0.01
median: (32, 0.062023)-> min: (0, 0.0347793)-> max: (97, 0.0782793)-> tot: 6.18667-> avg: 0.0618662
knn time: 5.49556 119.472 0 109.864 101.255 5.93703 140.224 0 124.006 108.788 6.54501 188.063 0 153.927 120.791 
Incre Insert--------------------------
0.001
median: (313, 0.0144683)-> min: (7, 0.00440267)-> max: (937, 0.0224817)-> tot: 13.8743-> avg: 0.0138737
knn time: 5.91977 118.981 0 109.434 100.887 6.19221 139.615 0 123.489 108.363 6.46919 187.372 0 153.377 120.382 
Incre Insert--------------------------
0.0001
median: (6664, 0.00288833)-> min: (0, 0.000756)-> max: (8626, 0.009396)-> tot: 28.76-> avg: 0.0028755
knn time: 5.93675 119.457 0 109.884 101.311 6.3327 140.009 0 123.85 108.691 6.54301 187.972 0 153.848 120.725 

