Tree: KdTree; Split: MaxStretchDim-ObjectMedian; BDO: 6; Inba: 30; Coord: integer; 
1.in 5.87695 28 25.5294 Incre Insert--------------------------
1
median: (0, 5.98969)-> min: (0, 5.98969)-> max: (0, 5.98969)-> tot: 5.98969-> avg: 5.98969
(38839817, 515296671)  (931631546, 986332358) 
(9223372036854775807, 9223372036854775807)  (-9223372036854775808, -9223372036854775808) 
Incre Insert--------------------------
0.1
median: (2, 1.00906)-> min: (0, 0.437548)-> max: (6, 2.74469)-> tot: 12.5247-> avg: 1.25247
(38839817, 515296671)  (931631546, 986332358) 
(38839817, 515296671)  (931631546, 986332358) 
in-dis-skewed knn time: 0.061062 24.8775 23.7106 23.7106 23.5437 0.111196 30.5145 27.4544 27.4544 25.3943 0.505467 54.0297 41.405 41.405 29.7803 
out-dis-skewed knn time: 6.03545 2841.65 2491.4 2491.4 2142.14 6.19914 2843.71 2491.44 2491.44 2140.18 10.0094 2896.88 2507.58 2507.58 2119.29
in-dis-uniform knn time: 0.179959 26.1919 25.0627 25.0627 24.9336 0.344534 31.9319 28.8822 28.8822 26.8325 1.26635 55.6982 42.9959 42.9959 31.2935 
out-dis-uniform knn time: 1.97212 909.852 790.171 790.171 671.489 2.2684 922.091 799.168 799.168 677.245 5.04352 1004.37 842.82 842.82 682.267 
Incre Insert--------------------------
0.01
median: (2, 1.00906)-> min: (0, 0.437548)-> max: (6, 2.74469)-> tot: 12.5247-> avg: 1.25247
(38839817, 515296671)  (931631546, 986332358) 
(38839817, 515296671)  (931631546, 986332358) 
in-dis-skewed knn time: 0.061062 24.8775 23.7106 23.7106 23.5437 0.111196 30.5145 27.4544 27.4544 25.3943 0.505467 54.0297 41.405 41.405 29.7803 
out-dis-skewed knn time: 6.03545 2841.65 2491.4 2491.4 2142.14 6.19914 2843.71 2491.44 2491.44 2140.18 10.0094 2896.88 2507.58 2507.58 2119.29
in-dis-uniform knn time: 0.179959 26.1919 25.0627 25.0627 24.9336 0.344534 31.9319 28.8822 28.8822 26.8325 1.26635 55.6982 42.9959 42.9959 31.2935 
out-dis-uniform knn time: 1.97212 909.852 790.171 790.171 671.489 2.2684 922.091 799.168 799.168 677.245 5.04352 1004.37 842.82 842.82 682.267 
Incre Insert--------------------------
0.001
median: (2, 1.00906)-> min: (0, 0.437548)-> max: (6, 2.74469)-> tot: 12.5247-> avg: 1.25247
(38839817, 515296671)  (931631546, 986332358) 
(38839817, 515296671)  (931631546, 986332358) 
in-dis-skewed knn time: 0.061062 24.8775 23.7106 23.7106 23.5437 0.111196 30.5145 27.4544 27.4544 25.3943 0.505467 54.0297 41.405 41.405 29.7803 
out-dis-skewed knn time: 6.03545 2841.65 2491.4 2491.4 2142.14 6.19914 2843.71 2491.44 2491.44 2140.18 10.0094 2896.88 2507.58 2507.58 2119.29
in-dis-uniform knn time: 0.179959 26.1919 25.0627 25.0627 24.9336 0.344534 31.9319 28.8822 28.8822 26.8325 1.26635 55.6982 42.9959 42.9959 31.2935 
out-dis-uniform knn time: 1.97212 909.852 790.171 790.171 671.489 2.2684 922.091 799.168 799.168 677.245 5.04352 1004.37 842.82 842.82 682.267 
Incre Insert--------------------------
0.0001
median: (2, 1.00906)-> min: (0, 0.437548)-> max: (6, 2.74469)-> tot: 12.5247-> avg: 1.25247
(38839817, 515296671)  (931631546, 986332358) 
(38839817, 515296671)  (931631546, 986332358) 
in-dis-skewed knn time: 0.061062 24.8775 23.7106 23.7106 23.5437 0.111196 30.5145 27.4544 27.4544 25.3943 0.505467 54.0297 41.405 41.405 29.7803 
out-dis-skewed knn time: 6.03545 2841.65 2491.4 2491.4 2142.14 6.19914 2843.71 2491.44 2491.44 2140.18 10.0094 2896.88 2507.58 2507.58 2119.29
in-dis-uniform knn time: 0.179959 26.1919 25.0627 25.0627 24.9336 0.344534 31.9319 28.8822 28.8822 26.8325 1.26635 55.6982 42.9959 42.9959 31.2935 
out-dis-uniform knn time: 1.97212 909.852 790.171 790.171 671.489 2.2684 922.091 799.168 799.168 677.245 5.04352 1004.37 842.82 842.82 682.267 

