Tree: OrthTree; AugType: HasBox; Split: RotateDim-SpatialMedian; BDO: 6; Inba: 30; Coord: integer; 
1.in 
# Insert
## 1
median: 12.2424 -> min: 12.2424-> max: 12.2424-> tot: 12.2424-> avg: 12.2424
in-dis-skewed knn time: 0.0950533 1 25.304 0 75.912 75.912 0.154745 3.15499 27.1499 0 81.4498 79.2945 0.574592 16.0724 34.0105 0 102.032 86.9477 
out-dis-skewed knn time: 0.156731 6.97083 43.9343 0 131.803 57.4051 0.279296 16.9235 55.8615 0 167.584 72.3359 1.05373 56.809 73.8417 0 221.525 86.3671 
in-dis-uniform knn time: 0.232175 1 24.5412 0 73.6236 73.6236 0.391719 3.15454 26.4065 0 79.2194 77.0646 1.29865 16.0696 33.3009 0 99.9027 84.823 
out-dis-uniform knn time: 0.097398 2.21009 29.0366 0 87.1097 83.4601 0.145762 5.07648 31.9281 0 95.7844 88.8796 0.487045 17.0404 37.2232 0 111.67 92.3332 
range count time: 0.000594 3.35962 49.9073 49.9073 0.00208 47.5456 0.003038 37.9116 116.795 116.795 5.74294 74.1407 0.0540063 379.039 874.062 874.062 195.348 300.674 
range query time: 0.000798333 3.35962 49.9073 49.9073 0.00208 47.5456 0.006824 37.9116 116.795 116.795 5.74294 74.1407 1.11582 379.039 874.062 874.062 195.348 300.674 
# Insert
## 0.1
median: (1, 1.30309)-> min: (9, 1.10983)-> max: (2, 1.80393)-> tot: 13.7452-> avg: 1.37452
in-dis-skewed knn time: 0.0988447 1 25.9258 0 77.7773 77.7773 0.156996 3.02786 27.6898 0 83.0695 81.0416 0.562013 15.4717 34.3437 0 103.031 88.5507 
out-dis-skewed knn time: 0.13722 5.98681 39.0179 0 117.054 49.5142 0.238634 13.9718 46.0005 0 138.001 60.4832 1.1615 48.9276 68.9352 0 206.806 86.3882 
in-dis-uniform knn time: 0.24034 1 25.1668 0 75.5004 75.5004 0.396219 3.03083 26.9475 0 80.8426 78.8115 1.28553 15.5394 33.633 0 100.899 86.3495 
out-dis-uniform knn time: 0.109476 2.66568 32.7207 0 98.1621 94.2675 0.197653 8.87767 38.8672 0 116.602 106.424 1.12387 34.4874 53.0089 0 159.027 122.306 
range count time: 0.00058 2.84902 50.2055 50.2055 0.00356 48.3529 0.00284033 34.647 114.301 114.301 6.05186 74.6019 0.0493807 354.3 871.588 871.588 206.651 311.636 
range query time: 0.000707667 2.84902 50.2055 50.2055 0.00356 48.3529 0.006744 34.647 114.301 114.301 6.05186 74.6019 1.06666 354.3 871.588 871.588 206.651 311.636 
# Insert
## 0.01
median: (43, 0.111974)-> min: (63, 0.091541)-> max: (36, 0.176842)-> tot: 11.4691-> avg: 0.11469
in-dis-skewed knn time: 0.099861 1 25.9258 0 77.7773 77.7773 0.158668 3.02702 27.6896 0 83.0688 81.0414 0.568368 15.4624 34.342 0 103.026 88.5514 
out-dis-skewed knn time: 0.141864 6.97681 38.0256 0 114.077 46.5394 0.242434 13.9688 45.0063 0 135.019 58.4977 1.18382 45.9537 68.9311 0 206.793 90.3456 
in-dis-uniform knn time: 0.245855 1 25.1668 0 75.5005 75.5005 0.401645 3.03095 26.9476 0 80.8428 78.8117 1.29974 15.5407 33.6333 0 100.9 86.3491 
out-dis-uniform knn time: 0.112366 2.701 32.6853 0 98.056 94.1614 0.195921 8.87761 38.5393 0 115.618 105.476 1.12897 34.0889 52.7163 0 158.149 122.447 
range count time: 0.000580667 2.84902 50.2055 50.2055 0.00356 48.3529 0.002881 34.647 114.301 114.301 6.05186 74.6019 0.0497753 354.626 872.355 872.355 206.907 311.822 
range query time: 0.000715 2.84902 50.2055 50.2055 0.00356 48.3529 0.00662933 34.647 114.301 114.301 6.05186 74.6019 1.03342 354.626 872.355 872.355 206.907 311.822 
# Insert
## 0.001
median: (668, 0.0124757)-> min: (832, 0.0103827)-> max: (717, 0.020577)-> tot: 12.6321-> avg: 0.0126316
in-dis-skewed knn time: 0.100855 1 25.9256 0 77.7767 77.7767 0.160039 3.02768 27.6893 0 83.068 81.0402 0.566879 15.4696 34.3413 0 103.024 88.5451 
out-dis-skewed knn time: 0.142838 6.97692 39.0187 0 117.056 47.5362 0.246999 13.9689 46.0001 0 138 59.4962 1.18459 46.9451 68.9346 0 206.804 87.3809 
in-dis-uniform knn time: 0.246038 1 25.1664 0 75.4991 75.4991 0.402518 3.03027 26.9465 0 80.8394 78.8089 1.30045 15.5351 33.6286 0 100.886 86.3413 
out-dis-uniform knn time: 0.111001 2.69956 33.0312 0 99.0937 95.1298 0.198204 8.8703 38.9644 0 116.893 106.688 1.13385 34.0245 52.7839 0 158.352 122.651 
range count time: 0.000585333 2.83512 50.1735 50.1735 0.00356 48.3348 0.00283667 34.55 114.106 114.106 6.02312 74.5326 0.049668 354.027 870.999 870.999 206.57 311.402 
range query time: 0.000767333 2.83512 50.1735 50.1735 0.00356 48.3348 0.006657 34.55 114.106 114.106 6.02312 74.5326 1.01853 354.027 870.999 870.999 206.57 311.402 
# Insert
## 0.0001
median: (7309, 0.00256767)-> min: (9999, 0.000844333)-> max: (2847, 0.00590267)-> tot: 26.1847-> avg: 0.00261796
in-dis-skewed knn time: 0.100157 1 25.9254 0 77.7762 77.7762 0.160007 3.02724 27.6888 0 83.0665 81.0391 0.56763 15.4656 34.3391 0 103.017 88.5422 
out-dis-skewed knn time: 0.143173 6.97692 39.018 0 117.054 47.5344 0.247087 13.9688 45.9989 0 137.997 59.4927 1.19534 46.9444 68.9319 0 206.796 87.3746 
in-dis-uniform knn time: 0.2462 1 25.1662 0 75.4985 75.4985 0.398805 3.03001 26.946 0 80.838 78.8078 1.27492 15.5327 33.6266 0 100.88 86.3379 
out-dis-uniform knn time: 0.110885 2.69766 32.7248 0 98.1744 94.2125 0.198534 8.87826 38.65 0 115.95 105.736 1.13394 33.9992 52.3985 0 157.196 121.519 
range count time: 0.000579667 2.8735 50.2551 50.2551 0.00364 48.378 0.00285933 34.5753 114.155 114.155 6.03736 74.5428 0.0499697 353.74 870.304 870.304 206.377 311.187 
range query time: 0.000734 2.8735 50.2551 50.2551 0.00364 48.378 0.00668667 34.5753 114.155 114.155 6.03736 74.5428 1.00804 353.74 870.304 870.304 206.377 311.187 

Tree: OrthTree; AugType: HasBox; Split: RotateDim-SpatialMedian; BDO: 6; Inba: 30; Coord: integer; 
2_sort_by_0.in 
# Insert
## 1
median: 4.63208 -> min: 4.63208-> max: 4.63208-> tot: 4.63208-> avg: 4.63208
in-dis-skewed knn time: 0.0987617 1 12.3687 0 37.1061 37.1061 0.220373 3.06434 14.1396 0 42.4188 40.3545 0.958692 15.7269 20.8148 0 62.4445 47.7174 
out-dis-skewed knn time: 0.101728 1.5257 14.9311 0 44.7934 44.2677 0.37304 12.2161 29.1429 0 87.4286 76.2125 1.64146 47.912 57.0467 0 171.14 124.228 
in-dis-uniform knn time: 0.203815 1 12.3675 0 37.1025 37.1025 0.369071 3.06942 14.1732 0 42.5197 40.4503 1.29829 15.7672 20.9428 0 62.8285 48.0612 
out-dis-uniform knn time: 0.101075 1.53803 14.6388 0 43.9163 43.3782 0.324564 10.3712 25.5528 0 76.6583 67.2871 1.39431 38.949 46.4729 0 139.419 101.47 
range count time: 0.000382333 2.13928 27.4834 27.4834 0.00668 26.3374 0.006482 81.1319 229.41 229.41 4.87678 144.401 0.097919 518.666 1342.12 1342.12 314.905 509.554 
range query time: 0.000457667 2.13928 27.4834 27.4834 0.00668 26.3374 0.00950233 81.1319 229.41 229.41 4.87678 144.401 1.21666 518.666 1342.12 1342.12 314.905 509.554 
# Insert
## 0.1
median: (8, 0.552143)-> min: (0, 0.45287)-> max: (7, 0.58998)-> tot: 5.28539-> avg: 0.528538
in-dis-skewed knn time: 0.104259 1 13 0 39.0001 39.0001 0.211576 3.01498 14.8065 0 44.4195 42.4045 0.940871 16.0206 21.9995 0 65.9985 50.9779 
out-dis-skewed knn time: 0.0377223 1.08947 7.13812 0 21.4144 21.3249 0.322236 8.06685 31.7808 0 95.3423 88.2754 2.21587 63.214 84.8999 0 254.7 187.856 
in-dis-uniform knn time: 0.198423 1 13 0 39.0001 39.0001 0.34604 3.02294 14.8428 0 44.5285 42.5056 1.24238 16.0821 22.1422 0 66.4267 51.3445 
out-dis-uniform knn time: 0.0514703 1.19734 8.89909 0 26.6973 26.4999 0.335632 8.97308 31.1193 0 93.3579 85.3848 1.99808 53.5024 70.7955 0 212.387 155.258 
range count time: 0.000382667 2.0659 28.4315 28.4315 0.00544 27.3602 0.005062 69.5956 194.584 194.584 5.32062 120.668 0.073045 467.153 1191.14 1191.14 294.94 430.042 
range query time: 0.000463 2.0659 28.4315 28.4315 0.00544 27.3602 0.008728 69.5956 194.584 194.584 5.32062 120.668 1.15495 467.153 1191.14 1191.14 294.94 430.042 
# Insert
## 0.01
median: (46, 0.0562527)-> min: (38, 0.0482593)-> max: (62, 0.0835457)-> tot: 5.66695-> avg: 0.056669
in-dis-skewed knn time: 0.108659 1 13 0 39.0001 39.0001 0.21835 3.01498 14.8065 0 44.4195 42.4045 0.955553 16.0206 21.9995 0 65.9985 50.9779 
out-dis-skewed knn time: 0.0392847 1.08947 7.13812 0 21.4144 21.3249 0.329318 8.06685 31.7808 0 95.3423 88.2754 2.25441 63.214 84.8999 0 254.7 187.856 
in-dis-uniform knn time: 0.204209 1 13 0 39.0001 39.0001 0.352078 3.02294 14.8428 0 44.5285 42.5056 1.2531 16.0821 22.1422 0 66.4267 51.3445 
out-dis-uniform knn time: 0.0507167 1.19734 8.89909 0 26.6973 26.4999 0.342902 8.97308 31.1193 0 93.3579 85.3848 2.02907 53.5024 70.7955 0 212.387 155.258 
range count time: 0.000383667 2.0659 28.4315 28.4315 0.00544 27.3602 0.0052 69.5956 194.584 194.584 5.32062 120.668 0.0729647 467.153 1191.14 1191.14 294.94 430.042 
range query time: 0.000431667 2.0659 28.4315 28.4315 0.00544 27.3602 0.00808 69.5956 194.584 194.584 5.32062 120.668 1.07786 467.153 1191.14 1191.14 294.94 430.042 
# Insert
## 0.001
median: (590, 0.005627)-> min: (26, 0.00454367)-> max: (911, 0.00869133)-> tot: 5.72078-> avg: 0.00572028
in-dis-skewed knn time: 0.109131 1 13 0 39.0001 39.0001 0.221196 3.01498 14.8065 0 44.4195 42.4045 0.968256 16.0206 21.9995 0 65.9985 50.9779 
out-dis-skewed knn time: 0.0382603 1.08947 7.13812 0 21.4144 21.3249 0.331805 8.06685 31.7808 0 95.3423 88.2754 2.26371 63.214 84.8999 0 254.7 187.856 
in-dis-uniform knn time: 0.20701 1 13 0 39.0001 39.0001 0.35664 3.02294 14.8428 0 44.5285 42.5056 1.2595 16.0821 22.1422 0 66.4267 51.3445 
out-dis-uniform knn time: 0.0509833 1.19734 8.89909 0 26.6973 26.4999 0.345641 8.97308 31.1193 0 93.3579 85.3848 2.04219 53.5024 70.7955 0 212.387 155.258 
range count time: 0.000400333 2.0659 28.4315 28.4315 0.00544 27.3602 0.00507 69.5956 194.584 194.584 5.32062 120.668 0.0737993 467.153 1191.14 1191.14 294.94 430.042 
range query time: 0.000431667 2.0659 28.4315 28.4315 0.00544 27.3602 0.008219 69.5956 194.584 194.584 5.32062 120.668 1.05577 467.153 1191.14 1191.14 294.94 430.042 
# Insert
## 0.0001
median: (1656, 0.000925667)-> min: (3938, 0.000747667)-> max: (6583, 0.00464533)-> tot: 9.40421-> avg: 0.000939922
in-dis-skewed knn time: 0.109256 1 13 0 39.0001 39.0001 0.226893 3.01498 14.8065 0 44.4195 42.4045 0.960103 16.0206 21.9995 0 65.9985 50.9779 
out-dis-skewed knn time: 0.0392467 1.08947 7.13812 0 21.4144 21.3249 0.33256 8.06685 31.7808 0 95.3423 88.2754 2.29525 63.214 84.8999 0 254.7 187.856 
in-dis-uniform knn time: 0.207716 1 13 0 39.0001 39.0001 0.352723 3.02294 14.8428 0 44.5285 42.5056 1.22703 16.0821 22.1422 0 66.4267 51.3445 
out-dis-uniform knn time: 0.051064 1.19734 8.89909 0 26.6973 26.4999 0.34715 8.97308 31.1193 0 93.3579 85.3848 2.07122 53.5024 70.7955 0 212.387 155.258 
range count time: 0.000388667 2.0659 28.4315 28.4315 0.00544 27.3602 0.005222 69.5956 194.584 194.584 5.32062 120.668 0.0739563 467.153 1191.14 1191.14 294.94 430.042 
range query time: 0.000440667 2.0659 28.4315 28.4315 0.00544 27.3602 0.00805633 69.5956 194.584 194.584 5.32062 120.668 1.01189 467.153 1191.14 1191.14 294.94 430.042 

Tree: OrthTree; AugType: HasBox; Split: RotateDim-SpatialMedian; BDO: 6; Inba: 30; Coord: integer; 
2.in 
# Insert
## 1
median: 3.23007 -> min: 3.23007-> max: 3.23007-> tot: 3.23007-> avg: 3.23007
in-dis-skewed knn time: 0.202787 1 12.3678 0 37.1034 37.1034 0.361613 2.96084 14.0751 0 42.2252 40.2644 1.22135 14.6398 20.2332 0 60.6996 47.0597 
out-dis-skewed knn time: 0.229734 1.32293 12.7318 0 38.1953 37.8724 0.36268 3.032 14.1212 0 42.3635 40.3315 1.19936 14.5528 20.2276 0 60.6829 47.13 
in-dis-uniform knn time: 0.20269 1 12.3674 0 37.1022 37.1022 0.353333 2.96017 14.0761 0 42.2282 40.268 1.18501 14.6392 20.2325 0 60.6975 47.0581 
out-dis-uniform knn time: 0.229682 1.32304 12.7316 0 38.1947 37.8717 0.359614 3.03172 14.12 0 42.36 40.3283 1.17515 14.5508 20.225 0 60.6751 47.1241 
range count time: 0.000409667 2.35978 28.2445 28.2445 0.0054 26.8794 0.00490533 64.9048 183.664 183.664 5.64974 114.11 0.0782373 445.238 1075.39 1075.39 244.638 386.511 
range query time: 0.000480667 2.35978 28.2445 28.2445 0.0054 26.8794 0.007887 64.9048 183.664 183.664 5.64974 114.11 1.14478 445.238 1075.39 1075.39 244.638 386.511 
# Insert
## 0.1
median: (8, 0.496001)-> min: (0, 0.273946)-> max: (5, 0.517326)-> tot: 4.26782-> avg: 0.426781
in-dis-skewed knn time: 0.217119 1 12.3678 0 37.1034 37.1034 0.38062 2.96084 14.0751 0 42.2252 40.2644 1.26082 14.6398 20.2332 0 60.6996 47.0597 
out-dis-skewed knn time: 0.241554 1.32293 12.7318 0 38.1953 37.8724 0.379243 3.032 14.1212 0 42.3635 40.3315 1.23885 14.5527 20.2276 0 60.6828 47.13 
in-dis-uniform knn time: 0.214694 1 12.3674 0 37.1023 37.1023 0.369701 2.96017 14.0761 0 42.2282 40.268 1.22575 14.6392 20.2325 0 60.6975 47.0581 
out-dis-uniform knn time: 0.242688 1.32303 12.7316 0 38.1947 37.8717 0.376949 3.03172 14.12 0 42.36 40.3282 1.21729 14.5508 20.225 0 60.675 47.1241 
range count time: 0.000414 2.35982 28.2445 28.2445 0.0054 26.8793 0.005066 64.9061 183.666 183.666 5.65018 114.11 0.079916 445.274 1075.45 1075.45 244.669 386.511 
range query time: 0.000483667 2.35982 28.2445 28.2445 0.0054 26.8793 0.00791267 64.9061 183.666 183.666 5.65018 114.11 1.03509 445.274 1075.45 1075.45 244.669 386.511 
# Insert
## 0.01
median: (49, 0.117727)-> min: (0, 0.0350647)-> max: (59, 0.128656)-> tot: 10.2987-> avg: 0.102987
in-dis-skewed knn time: 0.217677 1 12.3678 0 37.1034 37.1034 0.382728 2.96084 14.0751 0 42.2252 40.2644 1.26874 14.6398 20.2332 0 60.6996 47.0597 
out-dis-skewed knn time: 0.242641 1.32293 12.7318 0 38.1953 37.8724 0.381897 3.032 14.1212 0 42.3635 40.3315 1.24686 14.5527 20.2276 0 60.6828 47.13 
in-dis-uniform knn time: 0.214541 1 12.3674 0 37.1023 37.1023 0.372085 2.96017 14.0761 0 42.2282 40.268 1.2334 14.6392 20.2325 0 60.6975 47.0581 
out-dis-uniform knn time: 0.242918 1.32303 12.7316 0 38.1947 37.8717 0.378114 3.03172 14.12 0 42.36 40.3282 1.22463 14.5508 20.225 0 60.675 47.1241 
range count time: 0.000414333 2.35982 28.2445 28.2445 0.0054 26.8793 0.005123 64.9061 183.666 183.666 5.65018 114.11 0.0803777 445.274 1075.45 1075.45 244.669 386.511 
range query time: 0.000461333 2.35982 28.2445 28.2445 0.0054 26.8793 0.00800033 64.9061 183.666 183.666 5.65018 114.11 1.04852 445.274 1075.45 1075.45 244.669 386.511 
# Insert
## 0.001
median: (506, 0.0219013)-> min: (0, 0.003192)-> max: (712, 0.0258097)-> tot: 19.743-> avg: 0.0197425
in-dis-skewed knn time: 0.217041 1 12.3678 0 37.1034 37.1034 0.382856 2.96084 14.0751 0 42.2252 40.2644 1.2678 14.6398 20.2332 0 60.6996 47.0597 
out-dis-skewed knn time: 0.244094 1.32293 12.7318 0 38.1953 37.8724 0.383063 3.032 14.1212 0 42.3635 40.3315 1.24653 14.5527 20.2276 0 60.6828 47.13 
in-dis-uniform knn time: 0.215051 1 12.3674 0 37.1023 37.1023 0.371458 2.96017 14.0761 0 42.2282 40.268 1.23384 14.6392 20.2325 0 60.6975 47.0581 
out-dis-uniform knn time: 0.243322 1.32303 12.7316 0 38.1947 37.8717 0.378421 3.03172 14.12 0 42.36 40.3282 1.22376 14.5508 20.225 0 60.675 47.1241 
range count time: 0.000410333 2.35982 28.2445 28.2445 0.0054 26.8793 0.00516067 64.9061 183.666 183.666 5.65018 114.11 0.080372 445.274 1075.45 1075.45 244.669 386.511 
range query time: 0.000481 2.35982 28.2445 28.2445 0.0054 26.8793 0.008015 64.9061 183.666 183.666 5.65018 114.11 1.05125 445.274 1075.45 1075.45 244.669 386.511 
# Insert
## 0.0001
median: (4997, 0.003191)-> min: (0, 0.000569)-> max: (5357, 0.00655133)-> tot: 29.7347-> avg: 0.00297297
in-dis-skewed knn time: 0.21692 1 12.3678 0 37.1034 37.1034 0.381462 2.96084 14.0751 0 42.2252 40.2644 1.26933 14.6398 20.2332 0 60.6996 47.0597 
out-dis-skewed knn time: 0.242686 1.32293 12.7318 0 38.1953 37.8724 0.381563 3.032 14.1212 0 42.3635 40.3315 1.24606 14.5527 20.2276 0 60.6828 47.13 
in-dis-uniform knn time: 0.215096 1 12.3674 0 37.1023 37.1023 0.371814 2.96017 14.0761 0 42.2282 40.268 1.23388 14.6392 20.2325 0 60.6975 47.0581 
out-dis-uniform knn time: 0.243568 1.32303 12.7316 0 38.1947 37.8717 0.378499 3.03172 14.12 0 42.36 40.3282 1.22399 14.5508 20.225 0 60.675 47.1241 
range count time: 0.000411 2.35982 28.2445 28.2445 0.0054 26.8793 0.00512267 64.9061 183.666 183.666 5.65018 114.11 0.08028 445.274 1075.45 1075.45 244.669 386.511 
range query time: 0.000459667 2.35982 28.2445 28.2445 0.0054 26.8793 0.00800633 64.9061 183.666 183.666 5.65018 114.11 1.04382 445.274 1075.45 1075.45 244.669 386.511 

