Tree: KdTree; AugType: HasBox; Split: MaxStretchDim-ObjectMedian; BDO: 6; Inba: 30; Coord: integer; 
1.in 
# Insert
## 1
median: 6.10325 -> min: 6.10325-> max: 6.10325-> tot: 6.10325-> avg: 6.10325
in-dis-skewed knn time: 0.0517917 1 24.6057 0 24.6057 24.6057 0.109592 2.76483 28.3079 0 28.3079 26.5431 0.523714 12.2008 42.207 0 42.207 31.0062 
out-dis-skewed knn time: 0.412386 17.9474 174.597 0 174.597 157.65 0.632215 29.9088 190.578 0 190.578 161.669 5.49649 111.644 282.349 0 282.349 171.705 
in-dis-uniform knn time: 0.223235 1 24.4898 0 24.4898 24.4898 0.396668 2.78131 28.2443 0 28.2443 26.463 1.29686 12.2742 42.2609 0 42.2609 30.9867 
out-dis-uniform knn time: 0.104253 3.43279 52.9138 0 52.9138 50.4811 0.167737 6.70816 58.6196 0 58.6196 52.9114 1.18663 24.9245 81.0541 0 81.0541 57.1296 
range count time: 0.000698333 2.25636 27.9745 0 0.00094 26.7172 0.00240833 25.8909 77.698 0 4.28096 48.5261 0.0596457 266.699 671.416 0 164.264 241.454 
range query time: 0.000419667 2.25636 27.9745 0 0.00094 26.7172 0.00675467 25.8909 77.698 0 4.28096 48.5261 1.06892 266.699 671.416 0 164.264 241.454 
# Insert
## 0.1
median: (2, 0.979041)-> min: (0, 0.449258)-> max: (6, 3.18654)-> tot: 12.7977-> avg: 1.27977
in-dis-skewed knn time: 0.0518637 1 23.3837 0 23.3837 23.3837 0.108846 2.74188 27.0384 0 27.0384 25.2966 0.526556 12.0265 40.7539 0 40.7539 29.7274 
out-dis-skewed knn time: 0.334952 13.988 148.926 0 148.926 135.938 0.581776 28.9267 173.846 0 173.846 145.919 4.71233 102.722 279.47 0 279.47 177.748 
in-dis-uniform knn time: 0.232571 1 24.8211 0 24.8211 24.8211 0.410194 2.76403 28.5453 0 28.5453 26.7812 1.32887 12.1558 42.456 0 42.456 31.3003 
out-dis-uniform knn time: 0.116582 3.66573 57.813 0 57.813 55.1473 0.187793 7.17439 64.6938 0 64.6938 58.5194 1.22232 22.8321 81.393 0 81.393 59.5609 
range count time: 0.00113033 2.26538 29.2276 0 0.00142 27.9608 0.002585 26.0646 78.9014 0 4.30058 49.5363 0.063568 265.729 667.872 0 162.473 240.669 
range query time: 0.000462667 2.26538 29.2276 0 0.00142 27.9608 0.006679 26.0646 78.9014 0 4.30058 49.5363 1.0392 265.729 667.872 0 162.473 240.669 
# Insert
## 0.01
median: (14, 0.129943)-> min: (0, 0.054179)-> max: (55, 1.7866)-> tot: 25.2318-> avg: 0.252318
in-dis-skewed knn time: 0.0536317 1 24.4299 0 24.4299 24.4299 0.109357 2.77973 28.1628 0 28.1628 26.3831 0.528704 12.347 42.2761 0 42.2761 30.9291 
out-dis-skewed knn time: 0.326887 14.9833 141.024 0 141.024 127.041 0.50798 26.9525 155.036 0 155.036 129.083 3.8114 88.9352 226.036 0 226.036 138.101 
in-dis-uniform knn time: 0.234721 1 24.6567 0 24.6567 24.6567 0.412796 2.79063 28.4335 0 28.4335 26.6428 1.33974 12.3643 42.5842 0 42.5842 31.2199 
out-dis-uniform knn time: 0.146556 5.90543 67.9269 0 67.9269 63.0214 0.228692 8.89953 73.5116 0 73.5116 65.6121 1.6455 32.7317 106.171 0 106.171 74.4391 
range count time: 0.00109933 2.26952 29.8598 0 0.0017 28.5886 0.00264867 26.122 79.7686 0 4.35624 50.2904 0.0637217 267.04 673.959 0 164.962 242.958 
range query time: 0.000433667 2.26952 29.8598 0 0.0017 28.5886 0.00665367 26.122 79.7686 0 4.35624 50.2904 1.03039 267.04 673.959 0 164.962 242.958 
# Insert
## 0.001
median: (958, 0.012314)-> min: (0, 0.00472333)-> max: (529, 1.65024)-> tot: 32.8626-> avg: 0.0328621
in-dis-skewed knn time: 0.056437 1 24.1519 0 24.1519 24.1519 0.109365 2.7605 27.8467 0 27.8467 26.0862 0.529816 12.1908 41.7865 0 41.7865 30.5958 
out-dis-skewed knn time: 0.300549 12.0042 135.004 0 135.004 124 0.478464 21.0015 148.997 0 148.997 128.995 3.40516 71.9654 203.991 0 203.991 133.025 
in-dis-uniform knn time: 0.234984 1 24.8646 0 24.8646 24.8646 0.412928 2.77194 28.6082 0 28.6082 26.8363 1.33827 12.2268 42.6108 0 42.6108 31.384 
out-dis-uniform knn time: 0.115602 3.77234 56.7014 0 56.7014 53.9291 0.190391 7.56213 64.1527 0 64.1527 57.5906 1.08342 21.97 79.8859 0 79.8859 58.9159 
range count time: 0.00133067 2.25454 28.6299 0 0.00126 27.3741 0.00252967 26.0507 78.6769 0 4.312 49.3142 0.063304 265.688 669.474 0 163.238 241.547 
range query time: 0.000427 2.25454 28.6299 0 0.00126 27.3741 0.00655233 26.0507 78.6769 0 4.312 49.3142 1.02877 265.688 669.474 0 163.238 241.547 
# Insert
## 0.0001
median: (1603, 0.002714)-> min: (68, 0.00111167)-> max: (6558, 2.33816)-> tot: 53.5551-> avg: 0.00535501
in-dis-skewed knn time: 0.0527987 1 23.8413 0 23.8413 23.8413 0.108999 2.74915 27.5156 0 27.5156 25.7664 0.529937 12.0974 41.3483 0 41.3483 30.2509 
out-dis-skewed knn time: 0.462794 20.9348 195.634 0 195.634 175.699 0.724764 34.8923 214.611 0 214.611 180.719 6.0128 122.676 312.428 0 312.428 190.751 
in-dis-uniform knn time: 0.235532 1 24.9025 0 24.9025 24.9025 0.412508 2.76396 28.631 0 28.631 26.8671 1.33441 12.1589 42.55 0 42.55 31.3911 
out-dis-uniform knn time: 0.144158 5.5239 67.102 0 67.102 62.5781 0.255268 9.07514 73.0279 0 73.0279 64.9528 1.5003 28.8815 101.838 0 101.838 73.9565 
range count time: 0.00152767 2.26482 29.5754 0 0.00134 28.3093 0.002544 25.8804 79.0489 0 4.2422 49.9262 0.063601 265.389 668.612 0 163.001 241.221 
range query time: 0.000418667 2.26482 29.5754 0 0.00134 28.3093 0.006752 25.8804 79.0489 0 4.2422 49.9262 1.03048 265.389 668.612 0 163.001 241.221 

Tree: KdTree; AugType: HasBox; Split: MaxStretchDim-ObjectMedian; BDO: 6; Inba: 30; Coord: integer; 
2_sort_by_0.in 
# Insert
## 1
median: 5.15728 -> min: 5.15728-> max: 5.15728-> tot: 5.15728-> avg: 5.15728
in-dis-skewed knn time: 0.118317 1 24.5632 0 24.5632 24.5632 0.243248 2.80161 28.3174 0 28.3174 26.5158 0.992297 12.3384 42.3011 0 42.3011 30.9627 
out-dis-skewed knn time: 0.0976993 1.49791 30.1322 0 30.1322 29.6343 0.435053 13.7026 70.5441 0 70.5441 57.8415 2.09131 54.8834 158.821 0 158.821 104.938 
in-dis-uniform knn time: 0.22414 1 24.4828 0 24.4828 24.4828 0.398076 2.81032 28.3254 0 28.3254 26.5151 1.30674 12.3948 42.5766 0 42.5766 31.1818 
out-dis-uniform knn time: 0.0989607 1.5122 29.6045 0 29.6045 29.0923 0.380028 11.8249 61.381 0 61.381 50.5561 1.76989 44.1589 127.673 0 127.673 84.5141 
range count time: 0.000383667 1.83186 25.9946 0 0.00242 25.1603 0.00459233 52.4644 138.541 0 3.41954 83.657 0.0932553 360.67 863.948 0 198.146 306.132 
range query time: 0.000456333 1.83186 25.9946 0 0.00242 25.1603 0.00774367 52.4644 138.541 0 3.41954 83.657 1.1071 360.67 863.948 0 198.146 306.132 
# Insert
## 0.1
median: (9, 1.39454)-> min: (0, 0.379797)-> max: (7, 3.13196)-> tot: 13.7388-> avg: 1.37388
in-dis-skewed knn time: 0.120532 1 23.6907 0 23.6907 23.6907 0.256409 2.77052 27.4251 0 27.4251 25.6545 1.02412 12.1434 41.3481 0 41.3481 30.2047 
out-dis-skewed knn time: 0.105409 1.50525 31.2676 0 31.2676 30.7623 0.466269 13.7285 71.643 0 71.643 58.9145 2.21479 54.4324 159.264 0 159.264 105.832 
in-dis-uniform knn time: 0.232204 1 24.7473 0 24.7473 24.7473 0.410808 2.77542 28.5623 0 28.5623 26.7869 1.33595 12.1914 42.7263 0 42.7263 31.5349 
out-dis-uniform knn time: 0.105007 1.51075 30.7138 0 30.7138 30.203 0.407117 11.7829 62.4022 0 62.4022 51.6193 1.86653 43.7422 128.23 0 128.23 85.4874 
range count time: 0.000338333 1.81436 25.8375 0 0.0023 25.0208 0.00479 51.7484 138.869 0 3.41844 84.7019 0.0975263 355.477 860.343 0 198.649 307.217 
range query time: 0.000435 1.81436 25.8375 0 0.0023 25.0208 0.00794833 51.7484 138.869 0 3.41844 84.7019 1.07663 355.477 860.343 0 198.649 307.217 
# Insert
## 0.01
median: (73, 0.229033)-> min: (0, 0.0490087)-> max: (58, 0.50244)-> tot: 23.9734-> avg: 0.239733
in-dis-skewed knn time: 0.124522 1 23.2654 0 23.2654 23.2654 0.25554 2.7745 27.0071 0 27.0071 25.2326 1.03125 12.068 40.8144 0 40.8144 29.7464 
out-dis-skewed knn time: 0.125984 1.50267 35.3128 0 35.3128 34.8102 0.510793 13.8236 78.9447 0 78.9447 66.1211 2.30438 54.9515 173.114 0 173.114 119.162 
in-dis-uniform knn time: 0.234146 1 24.8801 0 24.8801 24.8801 0.415752 2.78344 28.7352 0 28.7352 26.9517 1.34102 12.184 42.948 0 42.948 31.7641 
out-dis-uniform knn time: 0.124052 1.51235 34.3596 0 34.3596 33.8472 0.438005 11.8585 68.5038 0 68.5038 57.6453 1.95023 44.2523 139.146 0 139.146 95.8937 
range count time: 0.000932667 1.81488 25.2704 0 0.00286 24.4526 0.00483767 51.4004 137.468 0 3.4961 83.571 0.097069 354.177 858.977 0 198.001 307.799 
range query time: 0.000480333 1.81488 25.2704 0 0.00286 24.4526 0.00799367 51.4004 137.468 0 3.4961 83.571 1.06672 354.177 858.977 0 198.001 307.799 
# Insert
## 0.001
median: (143, 0.0363383)-> min: (0, 0.004097)-> max: (994, 0.061028)-> tot: 35.8361-> avg: 0.0358356
in-dis-skewed knn time: 0.134183 1 24.0723 0 24.0723 24.0723 0.273582 2.77441 28.773 0 28.773 26.9986 1.04465 12.1177 44.8507 0 44.8507 33.7331 
out-dis-skewed knn time: 0.155432 1.50549 41.7661 0 41.7661 41.2606 0.719195 14.2363 139.54 0 139.54 126.303 2.97769 57.3693 336.352 0 336.352 279.983 
in-dis-uniform knn time: 0.233484 1 24.6851 0 24.6851 24.6851 0.418221 2.7885 29.5559 0 29.5559 27.7674 1.35638 12.2263 46.1474 0 46.1474 34.9211 
out-dis-uniform knn time: 0.15312 1.51393 41.0911 0 41.0911 40.5771 0.614969 12.2372 116.901 0 116.901 105.664 2.47562 46.1721 263.985 0 263.985 218.813 
range count time: 0.00117267 1.81598 26.2002 0 0.0025 25.3817 0.00484167 50.684 133.48 0 3.46306 80.3331 0.0986963 357.136 903.011 0 195.833 351.043 
range query time: 0.000512667 1.81598 26.2002 0 0.0025 25.3817 0.00777433 50.684 133.48 0 3.46306 80.3331 1.06306 357.136 903.011 0 195.833 351.043 
# Insert
## 0.0001
median: (9955, 0.003904)-> min: (9, 0.000874667)-> max: (6678, 0.0105353)-> tot: 39.9188-> avg: 0.00399138
in-dis-skewed knn time: 0.149903 1 23.7272 0 23.7272 23.7272 0.331408 2.81589 33.9959 0 33.9959 32.18 1.41218 14.3313 66.1077 0 66.1077 52.7764 
out-dis-skewed knn time: 0.163266 1.49303 43.3127 0 43.3127 42.8196 1.61081 14.389 294.378 0 294.378 280.989 8.54193 62.984 1051.72 0 1051.72 989.74 
in-dis-uniform knn time: 0.235131 1 24.8612 0 24.8612 24.8612 0.489631 2.80149 36.0134 0 36.0134 34.2119 1.77961 14.2018 70.5012 0 70.5012 57.2995 
out-dis-uniform knn time: 0.166832 1.5101 43.4758 0 43.4758 42.9657 1.48482 12.4534 254.566 0 254.566 243.112 6.99026 51.4245 832.026 0 832.026 781.601 
range count time: 0.00114367 1.78658 27.8151 0 0.00242 27.0261 0.00409967 47.6046 124.565 0 3.1574 74.8034 0.108039 344.382 1235.11 0 208.501 683.224 
range query time: 0.000464 1.78658 27.8151 0 0.00242 27.0261 0.007356 47.6046 124.565 0 3.1574 74.8034 1.08503 344.382 1235.11 0 208.501 683.224 

Tree: KdTree; AugType: HasBox; Split: MaxStretchDim-ObjectMedian; BDO: 6; Inba: 30; Coord: integer; 
2.in 
# Insert
## 1
median: 3.66259 -> min: 3.66259-> max: 3.66259-> tot: 3.66259-> avg: 3.66259
in-dis-skewed knn time: 0.220624 1 24.4833 0 24.4833 24.4833 0.398443 2.80954 28.3256 0 28.3256 26.5161 1.30191 12.2859 42.456 0 42.456 31.1701 
out-dis-skewed knn time: 0.252803 1.35512 25.4498 0 25.4498 25.0946 0.397463 2.88882 28.5204 0 28.5204 26.6315 1.27833 12.324 42.5289 0 42.5289 31.2049 
in-dis-uniform knn time: 0.221124 1 24.4828 0 24.4828 24.4828 0.388568 2.80958 28.3229 0 28.3229 26.5133 1.26113 12.2858 42.4548 0 42.4548 31.169 
out-dis-uniform knn time: 0.255778 1.35586 25.4499 0 25.4499 25.094 0.395716 2.88927 28.5228 0 28.5228 26.6335 1.25609 12.3235 42.5282 0 42.5282 31.2047 
range count time: 0.000619 2.08564 27.4 0 0.00184 26.3126 0.004486 53.3363 138.96 0 3.434 83.19 0.0965543 371.408 885.85 0 196.042 319.4 
range query time: 0.000414 2.08564 27.4 0 0.00184 26.3126 0.00752367 53.3363 138.96 0 3.434 83.19 1.08118 371.408 885.85 0 196.042 319.4 
# Insert
## 0.1
median: (5, 0.462397)-> min: (0, 0.302653)-> max: (9, 0.58463)-> tot: 4.51714-> avg: 0.451713
in-dis-skewed knn time: 0.233856 1 24.4094 0 24.4094 24.4094 0.420134 2.83038 28.3691 0 28.3691 26.5387 1.3526 12.267 42.4279 0 42.4279 31.1608 
out-dis-skewed knn time: 0.266653 1.35425 25.454 0 25.454 25.0998 0.414029 2.87537 28.512 0 28.512 26.6366 1.32112 12.2687 42.4534 0 42.4534 31.1847 
in-dis-uniform knn time: 0.232345 1 24.4906 0 24.4906 24.4906 0.402708 2.79542 28.3192 0 28.3192 26.5238 1.30079 12.2323 42.3826 0 42.3826 31.1503 
out-dis-uniform knn time: 0.266989 1.35439 25.4536 0 25.4536 25.0992 0.410083 2.8756 28.5119 0 28.5119 26.6363 1.29364 12.2681 42.4535 0 42.4535 31.1854 
range count time: 0.000372667 2.1205 27.3941 0 0.00208 26.2715 0.00495367 53.2561 140.155 0 3.3752 84.5238 0.102468 370.773 884.149 0 194.929 319.447 
range query time: 0.000435667 2.1205 27.3941 0 0.00208 26.2715 0.00783967 53.2561 140.155 0 3.3752 84.5238 1.04904 370.773 884.149 0 194.929 319.447 
# Insert
## 0.01
median: (49, 0.113171)-> min: (1, 0.0369023)-> max: (90, 0.139266)-> tot: 10.635-> avg: 0.10635
in-dis-skewed knn time: 0.232382 1 24.3433 0 24.3433 24.3433 0.431295 2.89818 28.7248 0 28.7248 26.8266 1.37527 12.4667 42.8426 0 42.8426 31.3759 
out-dis-skewed knn time: 0.267647 1.35418 25.531 0 25.531 25.1768 0.41714 2.87269 28.5998 0 28.5998 26.7271 1.32923 12.2986 42.6271 0 42.6271 31.3285 
in-dis-uniform knn time: 0.233962 1 24.563 0 24.563 24.563 0.404664 2.7923 28.4045 0 28.4045 26.6122 1.30831 12.2616 42.557 0 42.557 31.2954 
out-dis-uniform knn time: 0.269121 1.35404 25.5313 0 25.5313 25.1773 0.411784 2.87223 28.598 0 28.598 26.7258 1.30181 12.2994 42.6272 0 42.6272 31.3278 
range count time: 0.000360667 2.11476 27.4546 0 0.00222 26.3376 0.00498367 53.0331 140.501 0 3.41796 85.0503 0.103415 370.429 887.235 0 196.371 321.434 
range query time: 0.000436333 2.11476 27.4546 0 0.00222 26.3376 0.00798533 53.0331 140.501 0 3.41796 85.0503 1.04824 370.429 887.235 0 196.371 321.434 
# Insert
## 0.001
median: (481, 0.0220363)-> min: (1, 0.00383033)-> max: (774, 0.02695)-> tot: 20.8876-> avg: 0.0208871
in-dis-skewed knn time: 0.232075 1 24.366 0 24.366 24.366 0.433278 2.90914 28.8044 0 28.8044 26.8953 1.37841 12.5025 42.945 0 42.945 31.4425 
out-dis-skewed knn time: 0.268347 1.35385 25.5796 0 25.5796 25.2257 0.416125 2.87256 28.6522 0 28.6522 26.7796 1.32933 12.3114 42.7045 0 42.7045 31.3931 
in-dis-uniform knn time: 0.235087 1 24.6097 0 24.6097 24.6097 0.405552 2.79356 28.4567 0 28.4567 26.6632 1.31029 12.2726 42.6337 0 42.6337 31.3611 
out-dis-uniform knn time: 0.269736 1.35421 25.579 0 25.579 25.2248 0.412789 2.87302 28.6513 0 28.6513 26.7783 1.30439 12.3113 42.7016 0 42.7016 31.3903 
range count time: 0.000828333 2.09896 27.2702 0 0.00232 26.169 0.00501133 53.1011 140.834 0 3.40728 85.3257 0.103544 370.668 887.362 0 196.233 321.462 
range query time: 0.000423667 2.09896 27.2702 0 0.00232 26.169 0.00797933 53.1011 140.834 0 3.40728 85.3257 1.04296 370.668 887.362 0 196.233 321.462 
# Insert
## 0.0001
median: (3465, 0.00498633)-> min: (1, 0.000755667)-> max: (9016, 0.006289)-> tot: 48.8645-> avg: 0.00488596
in-dis-skewed knn time: 0.23235 1 24.4366 0 24.4366 24.4366 0.432673 2.91045 28.8855 0 28.8855 26.9751 1.37687 12.5083 43.0297 0 43.0297 31.5215 
out-dis-skewed knn time: 0.268556 1.35411 25.6527 0 25.6527 25.2985 0.416365 2.8729 28.7276 0 28.7276 26.8547 1.33004 12.3136 42.786 0 42.786 31.4724 
in-dis-uniform knn time: 0.235592 1 24.6833 0 24.6833 24.6833 0.405891 2.79373 28.5323 0 28.5323 26.7386 1.30997 12.2744 42.7115 0 42.7115 31.4371 
out-dis-uniform knn time: 0.270514 1.35412 25.6529 0 25.6529 25.2988 0.41316 2.87347 28.73 0 28.73 26.8565 1.30491 12.3137 42.7898 0 42.7898 31.4761 
range count time: 0.00198433 2.11364 27.1105 0 0.00262 25.9943 0.005068 53.0603 140.479 0 3.38572 85.0325 0.102851 370.526 888.443 0 196.424 322.493 
range query time: 0.000424333 2.11364 27.1105 0 0.00262 25.9943 0.00792367 53.0603 140.479 0 3.38572 85.0325 1.04652 370.526 888.443 0 196.424 322.493 

