Tree: OrthTree; AugType: HasBox; Split: RotateDim-SpatialMedian; BDO: 6; Inba: 30; Coord: integer; 
1.in 
# Insert
## 1
median: 11.8225 -> min: 11.8225-> max: 11.8225-> tot: 11.8225-> avg: 11.8225
in-dis-skewed knn time: 0.0953383 1 25.304 0 75.912 75.912 0.154989 3.15499 27.1499 0 81.4498 79.2945 0.5757 16.0724 34.0105 0 102.032 86.9477 
out-dis-skewed knn time: 0.156146 6.97083 43.9343 0 131.803 57.4051 0.278599 16.9235 55.8615 0 167.584 72.3359 1.05635 56.809 73.8417 0 221.525 86.3671 
in-dis-uniform knn time: 0.232536 1 24.5412 0 73.6236 73.6236 0.392459 3.15454 26.4065 0 79.2194 77.0646 1.30098 16.0696 33.3009 0 99.9027 84.823 
out-dis-uniform knn time: 0.0972957 2.21009 29.0366 0 87.1097 83.4601 0.145759 5.07648 31.9281 0 95.7844 88.8796 0.487522 17.0404 37.2232 0 111.67 92.3332 
range count time: 0.000598667 3.35962 49.9073 49.9073 0.00208 47.5456 0.00312567 37.9116 116.795 116.795 5.74294 74.1407 0.0537967 379.039 874.062 874.062 195.348 300.674 
range query time: 0.000730333 3.35962 49.9073 49.9073 0.00208 47.5456 0.006721 37.9116 116.795 116.795 5.74294 74.1407 1.11753 379.039 874.062 874.062 195.348 300.674 
# Delete
## 0.1
median: (2, 0.710365)-> min: (9, 0.053329)-> max: (1, 0.99328)-> tot: 6.7916-> avg: 0.67916
in-dis-skewed knn time: 0.0993727 1 25.9258 0 77.7774 77.7774 0.157801 3.02705 27.6897 0 83.0692 81.0417 0.563447 15.4625 34.3425 0 103.027 88.5524 
out-dis-skewed knn time: 0.138362 6.97702 38.0251 0 114.075 46.5377 0.243022 13.9691 45.0064 0 135.019 58.4971 1.16392 45.9528 68.9302 0 206.79 90.3412 
in-dis-uniform knn time: 0.242878 1 25.1674 0 75.5023 75.5023 0.397447 3.03208 26.9491 0 80.8473 78.815 1.28758 15.5509 33.6395 0 100.919 86.3574 
out-dis-uniform knn time: 0.110969 2.70052 32.9971 0 98.9914 95.0973 0.19865 8.87748 38.932 0 116.796 106.654 1.1386 34.9401 54.3001 0 162.9 126.357 
range count time: 0.000577333 2.83512 50.1735 50.1735 0.00356 48.3348 0.00284767 34.5631 114.134 114.134 6.02878 74.5423 0.0496103 354.911 873.07 873.07 207.098 312.061 
range query time: 0.000703333 2.83512 50.1735 50.1735 0.00356 48.3348 0.00664467 34.5631 114.134 114.134 6.02878 74.5423 1.06789 354.911 873.07 873.07 207.098 312.061 
# Delete
## 0.01
median: (33, 0.08515)-> min: (99, 0.00605)-> max: (54, 0.124359)-> tot: 8.47719-> avg: 0.0847714
in-dis-skewed knn time: 0.0998927 1 25.9258 0 77.7774 77.7774 0.158649 3.02705 27.6897 0 83.0692 81.0417 0.574215 15.4625 34.3425 0 103.027 88.5524 
out-dis-skewed knn time: 0.138897 6.97702 38.0251 0 114.075 46.5377 0.243515 13.9691 45.0064 0 135.019 58.4971 1.18144 45.9528 68.9302 0 206.79 90.3412 
in-dis-uniform knn time: 0.248304 1 25.1674 0 75.5023 75.5023 0.402003 3.03208 26.9491 0 80.8473 78.815 1.30082 15.5509 33.6395 0 100.919 86.3574 
out-dis-uniform knn time: 0.112016 2.70052 32.9971 0 98.9914 95.0973 0.199146 8.87748 38.932 0 116.796 106.654 1.14619 34.9401 54.3001 0 162.9 126.357 
range count time: 0.000576667 2.83512 50.1735 50.1735 0.00356 48.3348 0.00284 34.5631 114.134 114.134 6.02878 74.5423 0.0501007 354.911 873.07 873.07 207.098 312.061 
range query time: 0.000679 2.83512 50.1735 50.1735 0.00356 48.3348 0.006743 34.5631 114.134 114.134 6.02878 74.5423 1.03083 354.911 873.07 873.07 207.098 312.061 
# Delete
## 0.001
median: (205, 0.0125453)-> min: (999, 0.000620667)-> max: (356, 0.0176237)-> tot: 12.5348-> avg: 0.0125343
in-dis-skewed knn time: 0.0999917 1 25.9258 0 77.7774 77.7774 0.159093 3.02705 27.6897 0 83.0692 81.0417 0.567831 15.4625 34.3425 0 103.027 88.5524 
out-dis-skewed knn time: 0.138716 6.97702 38.0251 0 114.075 46.5377 0.239025 13.9691 45.0064 0 135.019 58.4971 1.15374 45.9528 68.9302 0 206.79 90.3412 
in-dis-uniform knn time: 0.247408 1 25.1674 0 75.5023 75.5023 0.404663 3.03208 26.9491 0 80.8473 78.815 1.30695 15.5509 33.6395 0 100.919 86.3574 
out-dis-uniform knn time: 0.111583 2.70052 32.9971 0 98.9914 95.0973 0.199281 8.87748 38.932 0 116.796 106.654 1.14926 34.9401 54.3001 0 162.9 126.357 
range count time: 0.000569 2.83512 50.1735 50.1735 0.00356 48.3348 0.002875 34.5631 114.134 114.134 6.02878 74.5423 0.0497957 354.911 873.07 873.07 207.098 312.061 
range query time: 0.000674 2.83512 50.1735 50.1735 0.00356 48.3348 0.00667767 34.5631 114.134 114.134 6.02878 74.5423 1.02361 354.911 873.07 873.07 207.098 312.061 
# Delete
## 0.0001
median: (8840, 0.00275167)-> min: (9999, 3.83333e-05)-> max: (1573, 0.00573133)-> tot: 28.3067-> avg: 0.00283017
in-dis-skewed knn time: 0.100189 1 25.9258 0 77.7774 77.7774 0.159677 3.02705 27.6897 0 83.0692 81.0417 0.568132 15.4625 34.3425 0 103.027 88.5524 
out-dis-skewed knn time: 0.139291 6.97702 38.0251 0 114.075 46.5377 0.238618 13.9691 45.0064 0 135.019 58.4971 1.17894 45.9528 68.9302 0 206.79 90.3412 
in-dis-uniform knn time: 0.248322 1 25.1674 0 75.5023 75.5023 0.404019 3.03208 26.9491 0 80.8473 78.815 1.30516 15.5509 33.6395 0 100.919 86.3574 
out-dis-uniform knn time: 0.112406 2.70052 32.9971 0 98.9914 95.0973 0.20151 8.87748 38.932 0 116.796 106.654 1.14751 34.9401 54.3001 0 162.9 126.357 
range count time: 0.000584333 2.83512 50.1735 50.1735 0.00356 48.3348 0.002843 34.5631 114.134 114.134 6.02878 74.5423 0.049767 354.911 873.07 873.07 207.098 312.061 
range query time: 0.000684667 2.83512 50.1735 50.1735 0.00356 48.3348 0.00651567 34.5631 114.134 114.134 6.02878 74.5423 1.01302 354.911 873.07 873.07 207.098 312.061 

Tree: OrthTree; AugType: HasBox; Split: RotateDim-SpatialMedian; BDO: 6; Inba: 30; Coord: integer; 
2_sort_by_0.in 
# Insert
## 1
median: 4.56713 -> min: 4.56713-> max: 4.56713-> tot: 4.56713-> avg: 4.56713
in-dis-skewed knn time: 0.101382 1 12.3687 0 37.1061 37.1061 0.21887 3.06434 14.1396 0 42.4188 40.3545 0.973357 15.7269 20.8148 0 62.4445 47.7174 
out-dis-skewed knn time: 0.103022 1.5257 14.9311 0 44.7934 44.2677 0.376552 12.2161 29.1429 0 87.4286 76.2125 1.6555 47.912 57.0467 0 171.14 124.228 
in-dis-uniform knn time: 0.204271 1 12.3675 0 37.1025 37.1025 0.370279 3.06942 14.1732 0 42.5197 40.4503 1.29754 15.7672 20.9428 0 62.8285 48.0612 
out-dis-uniform knn time: 0.102339 1.53803 14.6388 0 43.9163 43.3782 0.327722 10.3712 25.5528 0 76.6583 67.2871 1.4033 38.949 46.4729 0 139.419 101.47 
range count time: 0.000379 2.13928 27.4834 27.4834 0.00668 26.3374 0.006702 81.1319 229.41 229.41 4.87678 144.401 0.0980757 518.666 1342.12 1342.12 314.905 509.554 
range query time: 0.000485333 2.13928 27.4834 27.4834 0.00668 26.3374 0.00942433 81.1319 229.41 229.41 4.87678 144.401 1.20135 518.666 1342.12 1342.12 314.905 509.554 
# Delete
## 0.1
median: (2, 0.229523)-> min: (9, 0.047609)-> max: (6, 0.250934)-> tot: 1.92283-> avg: 0.192282
in-dis-skewed knn time: 0.10194 1 13 0 39.0001 39.0001 0.209874 3.01498 14.8065 0 44.4195 42.4045 0.951085 16.0206 21.9995 0 65.9985 50.9779 
out-dis-skewed knn time: 0.0407127 1.1023 7.61383 0 22.8415 22.7392 0.312581 8.21715 32.4007 0 97.2022 89.985 2.21306 65.5111 87.5195 0 262.558 190.168 
in-dis-uniform knn time: 0.19815 1 13 0 39.0001 39.0001 0.345439 3.02294 14.8429 0 44.5287 42.5057 1.24301 16.0821 22.1424 0 66.4271 51.345 
out-dis-uniform knn time: 0.0527917 1.20525 9.36776 0 28.1033 27.898 0.326312 9.12224 31.7375 0 95.2126 87.0904 1.99215 55.7979 73.4138 0 220.241 157.569 
range count time: 0.000376 2.0659 28.4315 28.4315 0.00544 27.3602 0.00496567 69.5956 194.584 194.584 5.32062 120.668 0.072802 467.153 1191.14 1191.14 294.94 430.042 
range query time: 0.000509667 2.0659 28.4315 28.4315 0.00544 27.3602 0.00813967 69.5956 194.584 194.584 5.32062 120.668 1.1571 467.153 1191.14 1191.14 294.94 430.042 
# Delete
## 0.01
median: (95, 0.031407)-> min: (99, 0.00674467)-> max: (47, 0.0425047)-> tot: 3.08388-> avg: 0.0308384
in-dis-skewed knn time: 0.105247 1 13 0 39.0001 39.0001 0.216406 3.01498 14.8065 0 44.4195 42.4045 0.957093 16.0206 21.9995 0 65.9985 50.9779 
out-dis-skewed knn time: 0.0417097 1.1023 7.61383 0 22.8415 22.7392 0.31621 8.21715 32.4007 0 97.2022 89.985 2.23179 65.5111 87.5195 0 262.558 190.168 
in-dis-uniform knn time: 0.201251 1 13 0 39.0001 39.0001 0.349192 3.02294 14.8429 0 44.5287 42.5057 1.24679 16.0821 22.1424 0 66.4271 51.345 
out-dis-uniform knn time: 0.0532673 1.20525 9.36776 0 28.1033 27.898 0.329876 9.12224 31.7375 0 95.2126 87.0904 2.00883 55.7979 73.4138 0 220.241 157.569 
range count time: 0.000386333 2.0659 28.4315 28.4315 0.00544 27.3602 0.00503633 69.5956 194.584 194.584 5.32062 120.668 0.073913 467.153 1191.14 1191.14 294.94 430.042 
range query time: 0.000503 2.0659 28.4315 28.4315 0.00544 27.3602 0.00798267 69.5956 194.584 194.584 5.32062 120.668 1.10293 467.153 1191.14 1191.14 294.94 430.042 
# Delete
## 0.001
median: (188, 0.004296)-> min: (999, 0.000494667)-> max: (881, 0.0115763)-> tot: 4.24677-> avg: 0.00424628
in-dis-skewed knn time: 0.107356 1 13 0 39.0001 39.0001 0.216676 3.01498 14.8065 0 44.4195 42.4045 0.958125 16.0206 21.9995 0 65.9985 50.9779 
out-dis-skewed knn time: 0.040629 1.1023 7.61383 0 22.8415 22.7392 0.319243 8.21715 32.4007 0 97.2022 89.985 2.25327 65.5111 87.5195 0 262.558 190.168 
in-dis-uniform knn time: 0.205376 1 13 0 39.0001 39.0001 0.354813 3.02294 14.8429 0 44.5287 42.5057 1.25668 16.0821 22.1424 0 66.4271 51.345 
out-dis-uniform knn time: 0.053324 1.20525 9.36776 0 28.1033 27.898 0.333152 9.12224 31.7375 0 95.2126 87.0904 2.02665 55.7979 73.4138 0 220.241 157.569 
range count time: 0.000395 2.0659 28.4315 28.4315 0.00544 27.3602 0.00534933 69.5956 194.584 194.584 5.32062 120.668 0.0729343 467.153 1191.14 1191.14 294.94 430.042 
range query time: 0.000468333 2.0659 28.4315 28.4315 0.00544 27.3602 0.00813633 69.5956 194.584 194.584 5.32062 120.668 1.07139 467.153 1191.14 1191.14 294.94 430.042 
# Delete
## 0.0001
median: (1246, 0.000860667)-> min: (9999, 0.000126667)-> max: (7161, 0.00463)-> tot: 8.73645-> avg: 0.000873147
in-dis-skewed knn time: 0.108964 1 13 0 39.0001 39.0001 0.222395 3.01498 14.8065 0 44.4195 42.4045 0.963272 16.0206 21.9995 0 65.9985 50.9779 
out-dis-skewed knn time: 0.0411347 1.1023 7.61383 0 22.8415 22.7392 0.321589 8.21715 32.4007 0 97.2022 89.985 2.26605 65.5111 87.5195 0 262.558 190.168 
in-dis-uniform knn time: 0.207302 1 13 0 39.0001 39.0001 0.35548 3.02294 14.8429 0 44.5287 42.5057 1.25503 16.0821 22.1424 0 66.4271 51.345 
out-dis-uniform knn time: 0.0534633 1.20525 9.36776 0 28.1033 27.898 0.336211 9.12224 31.7375 0 95.2126 87.0904 2.03614 55.7979 73.4138 0 220.241 157.569 
range count time: 0.000384667 2.0659 28.4315 28.4315 0.00544 27.3602 0.00516833 69.5956 194.584 194.584 5.32062 120.668 0.0730387 467.153 1191.14 1191.14 294.94 430.042 
range query time: 0.000485 2.0659 28.4315 28.4315 0.00544 27.3602 0.00801333 69.5956 194.584 194.584 5.32062 120.668 1.02431 467.153 1191.14 1191.14 294.94 430.042 

Tree: OrthTree; AugType: HasBox; Split: RotateDim-SpatialMedian; BDO: 6; Inba: 30; Coord: integer; 
2.in 
# Insert
## 1
median: 3.33088 -> min: 3.33088-> max: 3.33088-> tot: 3.33088-> avg: 3.33088
in-dis-skewed knn time: 0.204068 1 12.3678 0 37.1034 37.1034 0.362062 2.96084 14.0751 0 42.2252 40.2644 1.2223 14.6398 20.2332 0 60.6996 47.0597 
out-dis-skewed knn time: 0.229829 1.32293 12.7318 0 38.1953 37.8724 0.363341 3.032 14.1212 0 42.3635 40.3315 1.20084 14.5528 20.2276 0 60.6829 47.13 
in-dis-uniform knn time: 0.203394 1 12.3674 0 37.1022 37.1022 0.353546 2.96017 14.0761 0 42.2282 40.268 1.18562 14.6392 20.2325 0 60.6975 47.0581 
out-dis-uniform knn time: 0.230378 1.32304 12.7316 0 38.1947 37.8717 0.360601 3.03172 14.12 0 42.36 40.3283 1.17567 14.5508 20.225 0 60.6751 47.1241 
range count time: 0.000407333 2.35978 28.2445 28.2445 0.0054 26.8794 0.00486733 64.9048 183.664 183.664 5.64974 114.11 0.078304 445.238 1075.39 1075.39 244.638 386.511 
range query time: 0.000528333 2.35978 28.2445 28.2445 0.0054 26.8794 0.00786967 64.9048 183.664 183.664 5.64974 114.11 1.143 445.238 1075.39 1075.39 244.638 386.511 
# Delete
## 0.1
median: (4, 0.509612)-> min: (9, 0.0789137)-> max: (1, 0.520912)-> tot: 4.32335-> avg: 0.432335
in-dis-skewed knn time: 0.211469 1 12.9142 0 38.7425 38.7425 0.392882 4.01094 15.4102 0 46.2305 43.2196 1.50455 24.7398 25.4291 0 76.2872 52.5448 
out-dis-skewed knn time: 0.237793 1.38831 13.4696 0 40.4089 40.0206 0.396199 4.25508 15.5443 0 46.633 43.3779 1.48382 24.8218 25.4891 0 76.4674 52.6429 
in-dis-uniform knn time: 0.211159 1 12.9141 0 38.7422 38.7422 0.383121 4.01101 15.4115 0 46.2345 43.2235 1.46323 24.7416 25.429 0 76.2871 52.5429 
out-dis-uniform knn time: 0.241468 1.38846 13.4694 0 40.4082 40.0198 0.393802 4.25421 15.5432 0 46.6295 43.3753 1.45577 24.8236 25.4874 0 76.4621 52.6358 
range count time: 0.000425333 3.00408 30.9162 30.9162 0.01456 28.8976 0.00601 97.8468 263.321 263.321 11.7264 154.748 0.0866773 647.81 1583.42 1583.42 388.217 548.393 
range query time: 0.000487667 3.00408 30.9162 30.9162 0.01456 28.8976 0.009326 97.8468 263.321 263.321 11.7264 154.748 1.17988 647.81 1583.42 1583.42 388.217 548.393 
# Delete
## 0.01
median: (58, 0.117498)-> min: (99, 0.008318)-> max: (5, 0.127389)-> tot: 10.2417-> avg: 0.102417
in-dis-skewed knn time: 0.211683 1 12.9142 0 38.7425 38.7425 0.394084 4.01094 15.4102 0 46.2305 43.2196 1.50882 24.7398 25.4291 0 76.2872 52.5448 
out-dis-skewed knn time: 0.238593 1.38831 13.4696 0 40.4089 40.0206 0.396409 4.25508 15.5443 0 46.633 43.3779 1.48723 24.8218 25.4891 0 76.4674 52.6429 
in-dis-uniform knn time: 0.211625 1 12.9141 0 38.7422 38.7422 0.384291 4.01101 15.4115 0 46.2345 43.2235 1.46742 24.7416 25.429 0 76.2871 52.5429 
out-dis-uniform knn time: 0.241798 1.38846 13.4694 0 40.4082 40.0198 0.394677 4.25421 15.5432 0 46.6295 43.3753 1.45908 24.8236 25.4874 0 76.4621 52.6358 
range count time: 0.000409 3.00408 30.9162 30.9162 0.01456 28.8976 0.00606 97.8468 263.321 263.321 11.7264 154.748 0.0878637 647.81 1583.42 1583.42 388.217 548.393 
range query time: 0.000503667 3.00408 30.9162 30.9162 0.01456 28.8976 0.00923367 97.8468 263.321 263.321 11.7264 154.748 1.178 647.81 1583.42 1583.42 388.217 548.393 
# Delete
## 0.001
median: (380, 0.0215703)-> min: (999, 0.000483)-> max: (383, 0.0260057)-> tot: 19.5645-> avg: 0.019564
in-dis-skewed knn time: 0.211809 1 12.9142 0 38.7425 38.7425 0.394366 4.01094 15.4102 0 46.2305 43.2196 1.51045 24.7398 25.4291 0 76.2872 52.5448 
out-dis-skewed knn time: 0.240568 1.38831 13.4696 0 40.4089 40.0206 0.396991 4.25508 15.5443 0 46.633 43.3779 1.48938 24.8218 25.4891 0 76.4674 52.6429 
in-dis-uniform knn time: 0.21379 1 12.9141 0 38.7422 38.7422 0.384762 4.01101 15.4115 0 46.2345 43.2235 1.46867 24.7416 25.429 0 76.2871 52.5429 
out-dis-uniform knn time: 0.241897 1.38846 13.4694 0 40.4082 40.0198 0.395579 4.25421 15.5432 0 46.6295 43.3753 1.46093 24.8236 25.4874 0 76.4621 52.6358 
range count time: 0.000410667 3.00408 30.9162 30.9162 0.01456 28.8976 0.006269 97.8468 263.321 263.321 11.7264 154.748 0.0878913 647.81 1583.42 1583.42 388.217 548.393 
range query time: 0.000501 3.00408 30.9162 30.9162 0.01456 28.8976 0.00930367 97.8468 263.321 263.321 11.7264 154.748 1.17607 647.81 1583.42 1583.42 388.217 548.393 
# Delete
## 0.0001
median: (4541, 0.003178)-> min: (9999, 8.43333e-05)-> max: (4040, 0.00684)-> tot: 29.8677-> avg: 0.00298627
in-dis-skewed knn time: 0.211728 1 12.9142 0 38.7425 38.7425 0.39441 4.01094 15.4102 0 46.2305 43.2196 1.51108 24.7398 25.4291 0 76.2872 52.5448 
out-dis-skewed knn time: 0.239191 1.38831 13.4696 0 40.4089 40.0206 0.397254 4.25508 15.5443 0 46.633 43.3779 1.48989 24.8218 25.4891 0 76.4674 52.6429 
in-dis-uniform knn time: 0.212219 1 12.9141 0 38.7422 38.7422 0.384691 4.01101 15.4115 0 46.2345 43.2235 1.46959 24.7416 25.429 0 76.2871 52.5429 
out-dis-uniform knn time: 0.241972 1.38846 13.4694 0 40.4082 40.0198 0.39561 4.25421 15.5432 0 46.6295 43.3753 1.46149 24.8236 25.4874 0 76.4621 52.6358 
range count time: 0.000424 3.00408 30.9162 30.9162 0.01456 28.8976 0.00604833 97.8468 263.321 263.321 11.7264 154.748 0.088525 647.81 1583.42 1583.42 388.217 548.393 
range query time: 0.000508333 3.00408 30.9162 30.9162 0.01456 28.8976 0.00914933 97.8468 263.321 263.321 11.7264 154.748 1.17662 647.81 1583.42 1583.42 388.217 548.393 

