Tree: KdTree; AugType: HasBox; Split: MaxStretchDim-ObjectMedian; BDO: 6; Inba: 30; Coord: integer; 
1.in 
# Insert
## 1
median: (1, 6.10325)-> min: (1, 6.10325)-> max: (1, 6.10325)-> tot: 6.10325-> avg: 6.10325
in-dis-skewed knn time: 0.0517917 1 24.6057 0 24.6057 24.6057 0.109592 2.76483 28.3079 0 28.3079 26.5431 0.523714 12.2008 42.207 0 42.207 31.0062 
out-dis-skewed knn time: 0.412386 17.9474 174.597 0 174.597 157.65 0.632215 29.9088 190.578 0 190.578 161.669 5.49649 111.644 282.349 0 282.349 171.705 
in-dis-uniform knn time: 0.223235 1 24.4898 0 24.4898 24.4898 0.396668 2.78131 28.2443 0 28.2443 26.463 1.29686 12.2742 42.2609 0 42.2609 30.9867 
out-dis-uniform knn time: 0.104253 3.43279 52.9138 0 52.9138 50.4811 0.167737 6.70816 58.6196 0 58.6196 52.9114 1.18663 24.9245 81.0541 0 81.0541 57.1296 
range count time: 0.000698333 2.25636 27.9745 0 0.00094 26.7172 0.00240833 25.8909 77.698 0 4.28096 48.5261 0.0596457 266.699 671.416 0 164.264 241.454 
range query time: 0.000419667 2.25636 27.9745 0 0.00094 26.7172 0.00675467 25.8909 77.698 0 4.28096 48.5261 1.06892 266.699 671.416 0 164.264 241.454 
# Insert
## 0.1
median: (2, 0.979041)-> min: (0, 0.449258)-> max: (6, 3.18654)-> tot: 12.7977-> avg: 1.27977
in-dis-skewed knn time: 0.0518637 1 23.3837 0 23.3837 23.3837 0.108846 2.74188 27.0384 0 27.0384 25.2966 0.526556 12.0265 40.7539 0 40.7539 29.7274 
out-dis-skewed knn time: 0.334952 13.988 148.926 0 148.926 135.938 0.581776 28.9267 173.846 0 173.846 145.919 4.71233 102.722 279.47 0 279.47 177.748 
in-dis-uniform knn time: 0.232571 1 24.8211 0 24.8211 24.8211 0.410194 2.76403 28.5453 0 28.5453 26.7812 1.32887 12.1558 42.456 0 42.456 31.3003 
out-dis-uniform knn time: 0.116582 3.66573 57.813 0 57.813 55.1473 0.187793 7.17439 64.6938 0 64.6938 58.5194 1.22232 22.8321 81.393 0 81.393 59.5609 
range count time: 0.00113033 2.26538 29.2276 0 0.00142 27.9608 0.002585 26.0646 78.9014 0 4.30058 49.5363 0.063568 265.729 667.872 0 162.473 240.669 
range query time: 0.000462667 2.26538 29.2276 0 0.00142 27.9608 0.006679 26.0646 78.9014 0 4.30058 49.5363 1.0392 265.729 667.872 0 162.473 240.669 
# Insert
## 0.01
median: (14, 0.129943)-> min: (0, 0.054179)-> max: (55, 1.7866)-> tot: 25.2318-> avg: 0.252318
in-dis-skewed knn time: 0.0536317 1 24.4299 0 24.4299 24.4299 0.109357 2.77973 28.1628 0 28.1628 26.3831 0.528704 12.347 42.2761 0 42.2761 30.9291 
out-dis-skewed knn time: 0.326887 14.9833 141.024 0 141.024 127.041 0.50798 26.9525 155.036 0 155.036 129.083 3.8114 88.9352 226.036 0 226.036 138.101 
in-dis-uniform knn time: 0.234721 1 24.6567 0 24.6567 24.6567 0.412796 2.79063 28.4335 0 28.4335 26.6428 1.33974 12.3643 42.5842 0 42.5842 31.2199 
out-dis-uniform knn time: 0.146556 5.90543 67.9269 0 67.9269 63.0214 0.228692 8.89953 73.5116 0 73.5116 65.6121 1.6455 32.7317 106.171 0 106.171 74.4391 
range count time: 0.00109933 2.26952 29.8598 0 0.0017 28.5886 0.00264867 26.122 79.7686 0 4.35624 50.2904 0.0637217 267.04 673.959 0 164.962 242.958 
range query time: 0.000433667 2.26952 29.8598 0 0.0017 28.5886 0.00665367 26.122 79.7686 0 4.35624 50.2904 1.03039 267.04 673.959 0 164.962 242.958 
# Insert
## 0.001
median: (958, 0.012314)-> min: (0, 0.00472333)-> max: (529, 1.65024)-> tot: 32.8626-> avg: 0.0328621
in-dis-skewed knn time: 0.056437 1 24.1519 0 24.1519 24.1519 0.109365 2.7605 27.8467 0 27.8467 26.0862 0.529816 12.1908 41.7865 0 41.7865 30.5958 
out-dis-skewed knn time: 0.300549 12.0042 135.004 0 135.004 124 0.478464 21.0015 148.997 0 148.997 128.995 3.40516 71.9654 203.991 0 203.991 133.025 
in-dis-uniform knn time: 0.234984 1 24.8646 0 24.8646 24.8646 0.412928 2.77194 28.6082 0 28.6082 26.8363 1.33827 12.2268 42.6108 0 42.6108 31.384 
out-dis-uniform knn time: 0.115602 3.77234 56.7014 0 56.7014 53.9291 0.190391 7.56213 64.1527 0 64.1527 57.5906 1.08342 21.97 79.8859 0 79.8859 58.9159 
range count time: 0.00133067 2.25454 28.6299 0 0.00126 27.3741 0.00252967 26.0507 78.6769 0 4.312 49.3142 0.063304 265.688 669.474 0 163.238 241.547 
range query time: 0.000427 2.25454 28.6299 0 0.00126 27.3741 0.00655233 26.0507 78.6769 0 4.312 49.3142 1.02877 265.688 669.474 0 163.238 241.547 
# Insert
## 0.0001
median: (1603, 0.002714)-> min: (68, 0.00111167)-> max: (6558, 2.33816)-> tot: 53.5551-> avg: 0.00535501
in-dis-skewed knn time: 0.0527987 1 23.8413 0 23.8413 23.8413 0.108999 2.74915 27.5156 0 27.5156 25.7664 0.529937 12.0974 41.3483 0 41.3483 30.2509 
out-dis-skewed knn time: 0.462794 20.9348 195.634 0 195.634 175.699 0.724764 34.8923 214.611 0 214.611 180.719 6.0128 122.676 312.428 0 312.428 190.751 
in-dis-uniform knn time: 0.235532 1 24.9025 0 24.9025 24.9025 0.412508 2.76396 28.631 0 28.631 26.8671 1.33441 12.1589 42.55 0 42.55 31.3911 
out-dis-uniform knn time: 0.144158 5.5239 67.102 0 67.102 62.5781 0.255268 9.07514 73.0279 0 73.0279 64.9528 1.5003 28.8815 101.838 0 101.838 73.9565 
range count time: 0.00152767 2.26482 29.5754 0 0.00134 28.3093 0.002544 25.8804 79.0489 0 4.2422 49.9262 0.063601 265.389 668.612 0 163.001 241.221 
range query time: 0.000418667 2.26482 29.5754 0 0.00134 28.3093 0.006752 25.8804 79.0489 0 4.2422 49.9262 1.03048 265.389 668.612 0 163.001 241.221 

Tree: KdTree; AugType: HasBox; Split: MaxStretchDim-ObjectMedian; BDO: 6; Inba: 30; Coord: integer; 
2_sort_by_0.in 
# Insert
## 1
median: (1, 5.15728)-> min: (1, 5.15728)-> max: (1, 5.15728)-> tot: 5.15728-> avg: 5.15728
in-dis-skewed knn time: 0.118317 1 24.5632 0 24.5632 24.5632 0.243248 2.80161 28.3174 0 28.3174 26.5158 0.992297 12.3384 42.3011 0 42.3011 30.9627 
out-dis-skewed knn time: 0.0976993 1.49791 30.1322 0 30.1322 29.6343 0.435053 13.7026 70.5441 0 70.5441 57.8415 2.09131 54.8834 158.821 0 158.821 104.938 
in-dis-uniform knn time: 0.22414 1 24.4828 0 24.4828 24.4828 0.398076 2.81032 28.3254 0 28.3254 26.5151 1.30674 12.3948 42.5766 0 42.5766 31.1818 
out-dis-uniform knn time: 0.0989607 1.5122 29.6045 0 29.6045 29.0923 0.380028 11.8249 61.381 0 61.381 50.5561 1.76989 44.1589 127.673 0 127.673 84.5141 
range count time: 0.000383667 1.83186 25.9946 0 0.00242 25.1603 0.00459233 52.4644 138.541 0 3.41954 83.657 0.0932553 360.67 863.948 0 198.146 306.132 
range query time: 0.000456333 1.83186 25.9946 0 0.00242 25.1603 0.00774367 52.4644 138.541 0 3.41954 83.657 1.1071 360.67 863.948 0 198.146 306.132 
# Insert
## 0.1
median: (9, 1.39454)-> min: (0, 0.379797)-> max: (7, 3.13196)-> tot: 13.7388-> avg: 1.37388
in-dis-skewed knn time: 0.120532 1 23.6907 0 23.6907 23.6907 0.256409 2.77052 27.4251 0 27.4251 25.6545 1.02412 12.1434 41.3481 0 41.3481 30.2047 
out-dis-skewed knn time: 0.105409 1.50525 31.2676 0 31.2676 30.7623 0.466269 13.7285 71.643 0 71.643 58.9145 2.21479 54.4324 159.264 0 159.264 105.832 
in-dis-uniform knn time: 0.232204 1 24.7473 0 24.7473 24.7473 0.410808 2.77542 28.5623 0 28.5623 26.7869 1.33595 12.1914 42.7263 0 42.7263 31.5349 
out-dis-uniform knn time: 0.105007 1.51075 30.7138 0 30.7138 30.203 0.407117 11.7829 62.4022 0 62.4022 51.6193 1.86653 43.7422 128.23 0 128.23 85.4874 
range count time: 0.000338333 1.81436 25.8375 0 0.0023 25.0208 0.00479 51.7484 138.869 0 3.41844 84.7019 0.0975263 355.477 860.343 0 198.649 307.217 
range query time: 0.000435 1.81436 25.8375 0 0.0023 25.0208 0.00794833 51.7484 138.869 0 3.41844 84.7019 1.07663 355.477 860.343 0 198.649 307.217 
# Insert
## 0.01
median: (73, 0.229033)-> min: (0, 0.0490087)-> max: (58, 0.50244)-> tot: 23.9734-> avg: 0.239733
in-dis-skewed knn time: 0.124522 1 23.2654 0 23.2654 23.2654 0.25554 2.7745 27.0071 0 27.0071 25.2326 1.03125 12.068 40.8144 0 40.8144 29.7464 
out-dis-skewed knn time: 0.125984 1.50267 35.3128 0 35.3128 34.8102 0.510793 13.8236 78.9447 0 78.9447 66.1211 2.30438 54.9515 173.114 0 173.114 119.162 
in-dis-uniform knn time: 0.234146 1 24.8801 0 24.8801 24.8801 0.415752 2.78344 28.7352 0 28.7352 26.9517 1.34102 12.184 42.948 0 42.948 31.7641 
out-dis-uniform knn time: 0.124052 1.51235 34.3596 0 34.3596 33.8472 0.438005 11.8585 68.5038 0 68.5038 57.6453 1.95023 44.2523 139.146 0 139.146 95.8937 
range count time: 0.000932667 1.81488 25.2704 0 0.00286 24.4526 0.00483767 51.4004 137.468 0 3.4961 83.571 0.097069 354.177 858.977 0 198.001 307.799 
range query time: 0.000480333 1.81488 25.2704 0 0.00286 24.4526 0.00799367 51.4004 137.468 0 3.4961 83.571 1.06672 354.177 858.977 0 198.001 307.799 
# Insert
## 0.001
median: (143, 0.0363383)-> min: (0, 0.004097)-> max: (994, 0.061028)-> tot: 35.8361-> avg: 0.0358356
in-dis-skewed knn time: 0.134183 1 24.0723 0 24.0723 24.0723 0.273582 2.77441 28.773 0 28.773 26.9986 1.04465 12.1177 44.8507 0 44.8507 33.7331 
out-dis-skewed knn time: 0.155432 1.50549 41.7661 0 41.7661 41.2606 0.719195 14.2363 139.54 0 139.54 126.303 2.97769 57.3693 336.352 0 336.352 279.983 
in-dis-uniform knn time: 0.233484 1 24.6851 0 24.6851 24.6851 0.418221 2.7885 29.5559 0 29.5559 27.7674 1.35638 12.2263 46.1474 0 46.1474 34.9211 
out-dis-uniform knn time: 0.15312 1.51393 41.0911 0 41.0911 40.5771 0.614969 12.2372 116.901 0 116.901 105.664 2.47562 46.1721 263.985 0 263.985 218.813 
range count time: 0.00117267 1.81598 26.2002 0 0.0025 25.3817 0.00484167 50.684 133.48 0 3.46306 80.3331 0.0986963 357.136 903.011 0 195.833 351.043 
range query time: 0.000512667 1.81598 26.2002 0 0.0025 25.3817 0.00777433 50.684 133.48 0 3.46306 80.3331 1.06306 357.136 903.011 0 195.833 351.043 
# Insert
## 0.0001
median: (9955, 0.003904)-> min: (9, 0.000874667)-> max: (6678, 0.0105353)-> tot: 39.9188-> avg: 0.00399138
in-dis-skewed knn time: 0.149903 1 23.7272 0 23.7272 23.7272 0.331408 2.81589 33.9959 0 33.9959 32.18 1.41218 14.3313 66.1077 0 66.1077 52.7764 
out-dis-skewed knn time: 0.163266 1.49303 43.3127 0 43.3127 42.8196 1.61081 14.389 294.378 0 294.378 280.989 8.54193 62.984 1051.72 0 1051.72 989.74 
in-dis-uniform knn time: 0.235131 1 24.8612 0 24.8612 24.8612 0.489631 2.80149 36.0134 0 36.0134 34.2119 1.77961 14.2018 70.5012 0 70.5012 57.2995 
out-dis-uniform knn time: 0.166832 1.5101 43.4758 0 43.4758 42.9657 1.48482 12.4534 254.566 0 254.566 243.112 6.99026 51.4245 832.026 0 832.026 781.601 
range count time: 0.00114367 1.78658 27.8151 0 0.00242 27.0261 0.00409967 47.6046 124.565 0 3.1574 74.8034 0.108039 344.382 1235.11 0 208.501 683.224 
range query time: 0.000464 1.78658 27.8151 0 0.00242 27.0261 0.007356 47.6046 124.565 0 3.1574 74.8034 1.08503 344.382 1235.11 0 208.501 683.224 

Tree: KdTree; AugType: HasBox; Split: MaxStretchDim-ObjectMedian; BDO: 6; Inba: 30; Coord: integer; 
2.in 
# Insert
## 1
median: (1, 3.66259)-> min: (1, 3.66259)-> max: (1, 3.66259)-> tot: 3.66259-> avg: 3.66259
in-dis-skewed knn time: 0.220624 1 24.4833 0 24.4833 24.4833 0.398443 2.80954 28.3256 0 28.3256 26.5161 1.30191 12.2859 42.456 0 42.456 31.1701 
out-dis-skewed knn time: 0.252803 1.35512 25.4498 0 25.4498 25.0946 0.397463 2.88882 28.5204 0 28.5204 26.6315 1.27833 12.324 42.5289 0 42.5289 31.2049 
in-dis-uniform knn time: 0.221124 1 24.4828 0 24.4828 24.4828 0.388568 2.80958 28.3229 0 28.3229 26.5133 1.26113 12.2858 42.4548 0 42.4548 31.169 
out-dis-uniform knn time: 0.255778 1.35586 25.4499 0 25.4499 25.094 0.395716 2.88927 28.5228 0 28.5228 26.6335 1.25609 12.3235 42.5282 0 42.5282 31.2047 
range count time: 0.000619 2.08564 27.4 0 0.00184 26.3126 0.004486 53.3363 138.96 0 3.434 83.19 0.0965543 371.408 885.85 0 196.042 319.4 
range query time: 0.000414 2.08564 27.4 0 0.00184 26.3126 0.00752367 53.3363 138.96 0 3.434 83.19 1.08118 371.408 885.85 0 196.042 319.4 
# Insert
## 0.1
median: (5, 0.462397)-> min: (0, 0.302653)-> max: (9, 0.58463)-> tot: 4.51714-> avg: 0.451713
in-dis-skewed knn time: 0.233856 1 24.4094 0 24.4094 24.4094 0.420134 2.83038 28.3691 0 28.3691 26.5387 1.3526 12.267 42.4279 0 42.4279 31.1608 
out-dis-skewed knn time: 0.266653 1.35425 25.454 0 25.454 25.0998 0.414029 2.87537 28.512 0 28.512 26.6366 1.32112 12.2687 42.4534 0 42.4534 31.1847 
in-dis-uniform knn time: 0.232345 1 24.4906 0 24.4906 24.4906 0.402708 2.79542 28.3192 0 28.3192 26.5238 1.30079 12.2323 42.3826 0 42.3826 31.1503 
out-dis-uniform knn time: 0.266989 1.35439 25.4536 0 25.4536 25.0992 0.410083 2.8756 28.5119 0 28.5119 26.6363 1.29364 12.2681 42.4535 0 42.4535 31.1854 
range count time: 0.000372667 2.1205 27.3941 0 0.00208 26.2715 0.00495367 53.2561 140.155 0 3.3752 84.5238 0.102468 370.773 884.149 0 194.929 319.447 
range query time: 0.000435667 2.1205 27.3941 0 0.00208 26.2715 0.00783967 53.2561 140.155 0 3.3752 84.5238 1.04904 370.773 884.149 0 194.929 319.447 
# Insert
## 0.01
median: (49, 0.113171)-> min: (1, 0.0369023)-> max: (90, 0.139266)-> tot: 10.635-> avg: 0.10635
in-dis-skewed knn time: 0.232382 1 24.3433 0 24.3433 24.3433 0.431295 2.89818 28.7248 0 28.7248 26.8266 1.37527 12.4667 42.8426 0 42.8426 31.3759 
out-dis-skewed knn time: 0.267647 1.35418 25.531 0 25.531 25.1768 0.41714 2.87269 28.5998 0 28.5998 26.7271 1.32923 12.2986 42.6271 0 42.6271 31.3285 
in-dis-uniform knn time: 0.233962 1 24.563 0 24.563 24.563 0.404664 2.7923 28.4045 0 28.4045 26.6122 1.30831 12.2616 42.557 0 42.557 31.2954 
out-dis-uniform knn time: 0.269121 1.35404 25.5313 0 25.5313 25.1773 0.411784 2.87223 28.598 0 28.598 26.7258 1.30181 12.2994 42.6272 0 42.6272 31.3278 
range count time: 0.000360667 2.11476 27.4546 0 0.00222 26.3376 0.00498367 53.0331 140.501 0 3.41796 85.0503 0.103415 370.429 887.235 0 196.371 321.434 
range query time: 0.000436333 2.11476 27.4546 0 0.00222 26.3376 0.00798533 53.0331 140.501 0 3.41796 85.0503 1.04824 370.429 887.235 0 196.371 321.434 
# Insert
## 0.001
median: (481, 0.0220363)-> min: (1, 0.00383033)-> max: (774, 0.02695)-> tot: 20.8876-> avg: 0.0208871
in-dis-skewed knn time: 0.232075 1 24.366 0 24.366 24.366 0.433278 2.90914 28.8044 0 28.8044 26.8953 1.37841 12.5025 42.945 0 42.945 31.4425 
out-dis-skewed knn time: 0.268347 1.35385 25.5796 0 25.5796 25.2257 0.416125 2.87256 28.6522 0 28.6522 26.7796 1.32933 12.3114 42.7045 0 42.7045 31.3931 
in-dis-uniform knn time: 0.235087 1 24.6097 0 24.6097 24.6097 0.405552 2.79356 28.4567 0 28.4567 26.6632 1.31029 12.2726 42.6337 0 42.6337 31.3611 
out-dis-uniform knn time: 0.269736 1.35421 25.579 0 25.579 25.2248 0.412789 2.87302 28.6513 0 28.6513 26.7783 1.30439 12.3113 42.7016 0 42.7016 31.3903 
range count time: 0.000828333 2.09896 27.2702 0 0.00232 26.169 0.00501133 53.1011 140.834 0 3.40728 85.3257 0.103544 370.668 887.362 0 196.233 321.462 
range query time: 0.000423667 2.09896 27.2702 0 0.00232 26.169 0.00797933 53.1011 140.834 0 3.40728 85.3257 1.04296 370.668 887.362 0 196.233 321.462 
# Insert
## 0.0001
median: (3465, 0.00498633)-> min: (1, 0.000755667)-> max: (9016, 0.006289)-> tot: 48.8645-> avg: 0.00488596
in-dis-skewed knn time: 0.23235 1 24.4366 0 24.4366 24.4366 0.432673 2.91045 28.8855 0 28.8855 26.9751 1.37687 12.5083 43.0297 0 43.0297 31.5215 
out-dis-skewed knn time: 0.268556 1.35411 25.6527 0 25.6527 25.2985 0.416365 2.8729 28.7276 0 28.7276 26.8547 1.33004 12.3136 42.786 0 42.786 31.4724 
in-dis-uniform knn time: 0.235592 1 24.6833 0 24.6833 24.6833 0.405891 2.79373 28.5323 0 28.5323 26.7386 1.30997 12.2744 42.7115 0 42.7115 31.4371 
out-dis-uniform knn time: 0.270514 1.35412 25.6529 0 25.6529 25.2988 0.41316 2.87347 28.73 0 28.73 26.8565 1.30491 12.3137 42.7898 0 42.7898 31.4761 
range count time: 0.00198433 2.11364 27.1105 0 0.00262 25.9943 0.005068 53.0603 140.479 0 3.38572 85.0325 0.102851 370.526 888.443 0 196.424 322.493 
range query time: 0.000424333 2.11364 27.1105 0 0.00262 25.9943 0.00792367 53.0603 140.479 0 3.38572 85.0325 1.04652 370.526 888.443 0 196.424 322.493 

Tree: OrthTree; AugType: HasBox; Split: RotateDim-SpatialMedian; BDO: 6; Inba: 30; Coord: integer; 
1.in 
# Insert
## 1
median: (1, 12.2424)-> min: (1, 12.2424)-> max: (1, 12.2424)-> tot: 12.2424-> avg: 12.2424
in-dis-skewed knn time: 0.0950533 1 25.304 0 75.912 75.912 0.154745 3.15499 27.1499 0 81.4498 79.2945 0.574592 16.0724 34.0105 0 102.032 86.9477 
out-dis-skewed knn time: 0.156731 6.97083 43.9343 0 131.803 57.4051 0.279296 16.9235 55.8615 0 167.584 72.3359 1.05373 56.809 73.8417 0 221.525 86.3671 
in-dis-uniform knn time: 0.232175 1 24.5412 0 73.6236 73.6236 0.391719 3.15454 26.4065 0 79.2194 77.0646 1.29865 16.0696 33.3009 0 99.9027 84.823 
out-dis-uniform knn time: 0.097398 2.21009 29.0366 0 87.1097 83.4601 0.145762 5.07648 31.9281 0 95.7844 88.8796 0.487045 17.0404 37.2232 0 111.67 92.3332 
range count time: 0.000594 3.35962 49.9073 49.9073 0.00208 47.5456 0.003038 37.9116 116.795 116.795 5.74294 74.1407 0.0540063 379.039 874.062 874.062 195.348 300.674 
range query time: 0.000798333 3.35962 49.9073 49.9073 0.00208 47.5456 0.006824 37.9116 116.795 116.795 5.74294 74.1407 1.11582 379.039 874.062 874.062 195.348 300.674 
# Insert
## 0.1
median: (1, 1.30309)-> min: (9, 1.10983)-> max: (2, 1.80393)-> tot: 13.7452-> avg: 1.37452
in-dis-skewed knn time: 0.0988447 1 25.9258 0 77.7773 77.7773 0.156996 3.02786 27.6898 0 83.0695 81.0416 0.562013 15.4717 34.3437 0 103.031 88.5507 
out-dis-skewed knn time: 0.13722 5.98681 39.0179 0 117.054 49.5142 0.238634 13.9718 46.0005 0 138.001 60.4832 1.1615 48.9276 68.9352 0 206.806 86.3882 
in-dis-uniform knn time: 0.24034 1 25.1668 0 75.5004 75.5004 0.396219 3.03083 26.9475 0 80.8426 78.8115 1.28553 15.5394 33.633 0 100.899 86.3495 
out-dis-uniform knn time: 0.109476 2.66568 32.7207 0 98.1621 94.2675 0.197653 8.87767 38.8672 0 116.602 106.424 1.12387 34.4874 53.0089 0 159.027 122.306 
range count time: 0.00058 2.84902 50.2055 50.2055 0.00356 48.3529 0.00284033 34.647 114.301 114.301 6.05186 74.6019 0.0493807 354.3 871.588 871.588 206.651 311.636 
range query time: 0.000707667 2.84902 50.2055 50.2055 0.00356 48.3529 0.006744 34.647 114.301 114.301 6.05186 74.6019 1.06666 354.3 871.588 871.588 206.651 311.636 
# Insert
## 0.01
median: (43, 0.111974)-> min: (63, 0.091541)-> max: (36, 0.176842)-> tot: 11.4691-> avg: 0.11469
in-dis-skewed knn time: 0.099861 1 25.9258 0 77.7773 77.7773 0.158668 3.02702 27.6896 0 83.0688 81.0414 0.568368 15.4624 34.342 0 103.026 88.5514 
out-dis-skewed knn time: 0.141864 6.97681 38.0256 0 114.077 46.5394 0.242434 13.9688 45.0063 0 135.019 58.4977 1.18382 45.9537 68.9311 0 206.793 90.3456 
in-dis-uniform knn time: 0.245855 1 25.1668 0 75.5005 75.5005 0.401645 3.03095 26.9476 0 80.8428 78.8117 1.29974 15.5407 33.6333 0 100.9 86.3491 
out-dis-uniform knn time: 0.112366 2.701 32.6853 0 98.056 94.1614 0.195921 8.87761 38.5393 0 115.618 105.476 1.12897 34.0889 52.7163 0 158.149 122.447 
range count time: 0.000580667 2.84902 50.2055 50.2055 0.00356 48.3529 0.002881 34.647 114.301 114.301 6.05186 74.6019 0.0497753 354.626 872.355 872.355 206.907 311.822 
range query time: 0.000715 2.84902 50.2055 50.2055 0.00356 48.3529 0.00662933 34.647 114.301 114.301 6.05186 74.6019 1.03342 354.626 872.355 872.355 206.907 311.822 
# Insert
## 0.001
median: (668, 0.0124757)-> min: (832, 0.0103827)-> max: (717, 0.020577)-> tot: 12.6321-> avg: 0.0126316
in-dis-skewed knn time: 0.100855 1 25.9256 0 77.7767 77.7767 0.160039 3.02768 27.6893 0 83.068 81.0402 0.566879 15.4696 34.3413 0 103.024 88.5451 
out-dis-skewed knn time: 0.142838 6.97692 39.0187 0 117.056 47.5362 0.246999 13.9689 46.0001 0 138 59.4962 1.18459 46.9451 68.9346 0 206.804 87.3809 
in-dis-uniform knn time: 0.246038 1 25.1664 0 75.4991 75.4991 0.402518 3.03027 26.9465 0 80.8394 78.8089 1.30045 15.5351 33.6286 0 100.886 86.3413 
out-dis-uniform knn time: 0.111001 2.69956 33.0312 0 99.0937 95.1298 0.198204 8.8703 38.9644 0 116.893 106.688 1.13385 34.0245 52.7839 0 158.352 122.651 
range count time: 0.000585333 2.83512 50.1735 50.1735 0.00356 48.3348 0.00283667 34.55 114.106 114.106 6.02312 74.5326 0.049668 354.027 870.999 870.999 206.57 311.402 
range query time: 0.000767333 2.83512 50.1735 50.1735 0.00356 48.3348 0.006657 34.55 114.106 114.106 6.02312 74.5326 1.01853 354.027 870.999 870.999 206.57 311.402 
# Insert
## 0.0001
median: (7309, 0.00256767)-> min: (9999, 0.000844333)-> max: (2847, 0.00590267)-> tot: 26.1847-> avg: 0.00261796
in-dis-skewed knn time: 0.100157 1 25.9254 0 77.7762 77.7762 0.160007 3.02724 27.6888 0 83.0665 81.0391 0.56763 15.4656 34.3391 0 103.017 88.5422 
out-dis-skewed knn time: 0.143173 6.97692 39.018 0 117.054 47.5344 0.247087 13.9688 45.9989 0 137.997 59.4927 1.19534 46.9444 68.9319 0 206.796 87.3746 
in-dis-uniform knn time: 0.2462 1 25.1662 0 75.4985 75.4985 0.398805 3.03001 26.946 0 80.838 78.8078 1.27492 15.5327 33.6266 0 100.88 86.3379 
out-dis-uniform knn time: 0.110885 2.69766 32.7248 0 98.1744 94.2125 0.198534 8.87826 38.65 0 115.95 105.736 1.13394 33.9992 52.3985 0 157.196 121.519 
range count time: 0.000579667 2.8735 50.2551 50.2551 0.00364 48.378 0.00285933 34.5753 114.155 114.155 6.03736 74.5428 0.0499697 353.74 870.304 870.304 206.377 311.187 
range query time: 0.000734 2.8735 50.2551 50.2551 0.00364 48.378 0.00668667 34.5753 114.155 114.155 6.03736 74.5428 1.00804 353.74 870.304 870.304 206.377 311.187 

Tree: OrthTree; AugType: HasBox; Split: RotateDim-SpatialMedian; BDO: 6; Inba: 30; Coord: integer; 
2_sort_by_0.in 
# Insert
## 1
median: (1, 4.63208)-> min: (1, 4.63208)-> max: (1, 4.63208)-> tot: 4.63208-> avg: 4.63208
in-dis-skewed knn time: 0.0987617 1 12.3687 0 37.1061 37.1061 0.220373 3.06434 14.1396 0 42.4188 40.3545 0.958692 15.7269 20.8148 0 62.4445 47.7174 
out-dis-skewed knn time: 0.101728 1.5257 14.9311 0 44.7934 44.2677 0.37304 12.2161 29.1429 0 87.4286 76.2125 1.64146 47.912 57.0467 0 171.14 124.228 
in-dis-uniform knn time: 0.203815 1 12.3675 0 37.1025 37.1025 0.369071 3.06942 14.1732 0 42.5197 40.4503 1.29829 15.7672 20.9428 0 62.8285 48.0612 
out-dis-uniform knn time: 0.101075 1.53803 14.6388 0 43.9163 43.3782 0.324564 10.3712 25.5528 0 76.6583 67.2871 1.39431 38.949 46.4729 0 139.419 101.47 
range count time: 0.000382333 2.13928 27.4834 27.4834 0.00668 26.3374 0.006482 81.1319 229.41 229.41 4.87678 144.401 0.097919 518.666 1342.12 1342.12 314.905 509.554 
range query time: 0.000457667 2.13928 27.4834 27.4834 0.00668 26.3374 0.00950233 81.1319 229.41 229.41 4.87678 144.401 1.21666 518.666 1342.12 1342.12 314.905 509.554 
# Insert
## 0.1
median: (8, 0.552143)-> min: (0, 0.45287)-> max: (7, 0.58998)-> tot: 5.28539-> avg: 0.528538
in-dis-skewed knn time: 0.104259 1 13 0 39.0001 39.0001 0.211576 3.01498 14.8065 0 44.4195 42.4045 0.940871 16.0206 21.9995 0 65.9985 50.9779 
out-dis-skewed knn time: 0.0377223 1.08947 7.13812 0 21.4144 21.3249 0.322236 8.06685 31.7808 0 95.3423 88.2754 2.21587 63.214 84.8999 0 254.7 187.856 
in-dis-uniform knn time: 0.198423 1 13 0 39.0001 39.0001 0.34604 3.02294 14.8428 0 44.5285 42.5056 1.24238 16.0821 22.1422 0 66.4267 51.3445 
out-dis-uniform knn time: 0.0514703 1.19734 8.89909 0 26.6973 26.4999 0.335632 8.97308 31.1193 0 93.3579 85.3848 1.99808 53.5024 70.7955 0 212.387 155.258 
range count time: 0.000382667 2.0659 28.4315 28.4315 0.00544 27.3602 0.005062 69.5956 194.584 194.584 5.32062 120.668 0.073045 467.153 1191.14 1191.14 294.94 430.042 
range query time: 0.000463 2.0659 28.4315 28.4315 0.00544 27.3602 0.008728 69.5956 194.584 194.584 5.32062 120.668 1.15495 467.153 1191.14 1191.14 294.94 430.042 
# Insert
## 0.01
median: (46, 0.0562527)-> min: (38, 0.0482593)-> max: (62, 0.0835457)-> tot: 5.66695-> avg: 0.056669
in-dis-skewed knn time: 0.108659 1 13 0 39.0001 39.0001 0.21835 3.01498 14.8065 0 44.4195 42.4045 0.955553 16.0206 21.9995 0 65.9985 50.9779 
out-dis-skewed knn time: 0.0392847 1.08947 7.13812 0 21.4144 21.3249 0.329318 8.06685 31.7808 0 95.3423 88.2754 2.25441 63.214 84.8999 0 254.7 187.856 
in-dis-uniform knn time: 0.204209 1 13 0 39.0001 39.0001 0.352078 3.02294 14.8428 0 44.5285 42.5056 1.2531 16.0821 22.1422 0 66.4267 51.3445 
out-dis-uniform knn time: 0.0507167 1.19734 8.89909 0 26.6973 26.4999 0.342902 8.97308 31.1193 0 93.3579 85.3848 2.02907 53.5024 70.7955 0 212.387 155.258 
range count time: 0.000383667 2.0659 28.4315 28.4315 0.00544 27.3602 0.0052 69.5956 194.584 194.584 5.32062 120.668 0.0729647 467.153 1191.14 1191.14 294.94 430.042 
range query time: 0.000431667 2.0659 28.4315 28.4315 0.00544 27.3602 0.00808 69.5956 194.584 194.584 5.32062 120.668 1.07786 467.153 1191.14 1191.14 294.94 430.042 
# Insert
## 0.001
median: (590, 0.005627)-> min: (26, 0.00454367)-> max: (911, 0.00869133)-> tot: 5.72078-> avg: 0.00572028
in-dis-skewed knn time: 0.109131 1 13 0 39.0001 39.0001 0.221196 3.01498 14.8065 0 44.4195 42.4045 0.968256 16.0206 21.9995 0 65.9985 50.9779 
out-dis-skewed knn time: 0.0382603 1.08947 7.13812 0 21.4144 21.3249 0.331805 8.06685 31.7808 0 95.3423 88.2754 2.26371 63.214 84.8999 0 254.7 187.856 
in-dis-uniform knn time: 0.20701 1 13 0 39.0001 39.0001 0.35664 3.02294 14.8428 0 44.5285 42.5056 1.2595 16.0821 22.1422 0 66.4267 51.3445 
out-dis-uniform knn time: 0.0509833 1.19734 8.89909 0 26.6973 26.4999 0.345641 8.97308 31.1193 0 93.3579 85.3848 2.04219 53.5024 70.7955 0 212.387 155.258 
range count time: 0.000400333 2.0659 28.4315 28.4315 0.00544 27.3602 0.00507 69.5956 194.584 194.584 5.32062 120.668 0.0737993 467.153 1191.14 1191.14 294.94 430.042 
range query time: 0.000431667 2.0659 28.4315 28.4315 0.00544 27.3602 0.008219 69.5956 194.584 194.584 5.32062 120.668 1.05577 467.153 1191.14 1191.14 294.94 430.042 
# Insert
## 0.0001
median: (1656, 0.000925667)-> min: (3938, 0.000747667)-> max: (6583, 0.00464533)-> tot: 9.40421-> avg: 0.000939922
in-dis-skewed knn time: 0.109256 1 13 0 39.0001 39.0001 0.226893 3.01498 14.8065 0 44.4195 42.4045 0.960103 16.0206 21.9995 0 65.9985 50.9779 
out-dis-skewed knn time: 0.0392467 1.08947 7.13812 0 21.4144 21.3249 0.33256 8.06685 31.7808 0 95.3423 88.2754 2.29525 63.214 84.8999 0 254.7 187.856 
in-dis-uniform knn time: 0.207716 1 13 0 39.0001 39.0001 0.352723 3.02294 14.8428 0 44.5285 42.5056 1.22703 16.0821 22.1422 0 66.4267 51.3445 
out-dis-uniform knn time: 0.051064 1.19734 8.89909 0 26.6973 26.4999 0.34715 8.97308 31.1193 0 93.3579 85.3848 2.07122 53.5024 70.7955 0 212.387 155.258 
range count time: 0.000388667 2.0659 28.4315 28.4315 0.00544 27.3602 0.005222 69.5956 194.584 194.584 5.32062 120.668 0.0739563 467.153 1191.14 1191.14 294.94 430.042 
range query time: 0.000440667 2.0659 28.4315 28.4315 0.00544 27.3602 0.00805633 69.5956 194.584 194.584 5.32062 120.668 1.01189 467.153 1191.14 1191.14 294.94 430.042 

Tree: OrthTree; AugType: HasBox; Split: RotateDim-SpatialMedian; BDO: 6; Inba: 30; Coord: integer; 
2.in 
# Insert
## 1
median: (1, 3.23007)-> min: (1, 3.23007)-> max: (1, 3.23007)-> tot: 3.23007-> avg: 3.23007
in-dis-skewed knn time: 0.202787 1 12.3678 0 37.1034 37.1034 0.361613 2.96084 14.0751 0 42.2252 40.2644 1.22135 14.6398 20.2332 0 60.6996 47.0597 
out-dis-skewed knn time: 0.229734 1.32293 12.7318 0 38.1953 37.8724 0.36268 3.032 14.1212 0 42.3635 40.3315 1.19936 14.5528 20.2276 0 60.6829 47.13 
in-dis-uniform knn time: 0.20269 1 12.3674 0 37.1022 37.1022 0.353333 2.96017 14.0761 0 42.2282 40.268 1.18501 14.6392 20.2325 0 60.6975 47.0581 
out-dis-uniform knn time: 0.229682 1.32304 12.7316 0 38.1947 37.8717 0.359614 3.03172 14.12 0 42.36 40.3283 1.17515 14.5508 20.225 0 60.6751 47.1241 
range count time: 0.000409667 2.35978 28.2445 28.2445 0.0054 26.8794 0.00490533 64.9048 183.664 183.664 5.64974 114.11 0.0782373 445.238 1075.39 1075.39 244.638 386.511 
range query time: 0.000480667 2.35978 28.2445 28.2445 0.0054 26.8794 0.007887 64.9048 183.664 183.664 5.64974 114.11 1.14478 445.238 1075.39 1075.39 244.638 386.511 
# Insert
## 0.1
median: (8, 0.496001)-> min: (0, 0.273946)-> max: (5, 0.517326)-> tot: 4.26782-> avg: 0.426781
in-dis-skewed knn time: 0.217119 1 12.3678 0 37.1034 37.1034 0.38062 2.96084 14.0751 0 42.2252 40.2644 1.26082 14.6398 20.2332 0 60.6996 47.0597 
out-dis-skewed knn time: 0.241554 1.32293 12.7318 0 38.1953 37.8724 0.379243 3.032 14.1212 0 42.3635 40.3315 1.23885 14.5527 20.2276 0 60.6828 47.13 
in-dis-uniform knn time: 0.214694 1 12.3674 0 37.1023 37.1023 0.369701 2.96017 14.0761 0 42.2282 40.268 1.22575 14.6392 20.2325 0 60.6975 47.0581 
out-dis-uniform knn time: 0.242688 1.32303 12.7316 0 38.1947 37.8717 0.376949 3.03172 14.12 0 42.36 40.3282 1.21729 14.5508 20.225 0 60.675 47.1241 
range count time: 0.000414 2.35982 28.2445 28.2445 0.0054 26.8793 0.005066 64.9061 183.666 183.666 5.65018 114.11 0.079916 445.274 1075.45 1075.45 244.669 386.511 
range query time: 0.000483667 2.35982 28.2445 28.2445 0.0054 26.8793 0.00791267 64.9061 183.666 183.666 5.65018 114.11 1.03509 445.274 1075.45 1075.45 244.669 386.511 
# Insert
## 0.01
median: (49, 0.117727)-> min: (0, 0.0350647)-> max: (59, 0.128656)-> tot: 10.2987-> avg: 0.102987
in-dis-skewed knn time: 0.217677 1 12.3678 0 37.1034 37.1034 0.382728 2.96084 14.0751 0 42.2252 40.2644 1.26874 14.6398 20.2332 0 60.6996 47.0597 
out-dis-skewed knn time: 0.242641 1.32293 12.7318 0 38.1953 37.8724 0.381897 3.032 14.1212 0 42.3635 40.3315 1.24686 14.5527 20.2276 0 60.6828 47.13 
in-dis-uniform knn time: 0.214541 1 12.3674 0 37.1023 37.1023 0.372085 2.96017 14.0761 0 42.2282 40.268 1.2334 14.6392 20.2325 0 60.6975 47.0581 
out-dis-uniform knn time: 0.242918 1.32303 12.7316 0 38.1947 37.8717 0.378114 3.03172 14.12 0 42.36 40.3282 1.22463 14.5508 20.225 0 60.675 47.1241 
range count time: 0.000414333 2.35982 28.2445 28.2445 0.0054 26.8793 0.005123 64.9061 183.666 183.666 5.65018 114.11 0.0803777 445.274 1075.45 1075.45 244.669 386.511 
range query time: 0.000461333 2.35982 28.2445 28.2445 0.0054 26.8793 0.00800033 64.9061 183.666 183.666 5.65018 114.11 1.04852 445.274 1075.45 1075.45 244.669 386.511 
# Insert
## 0.001
median: (506, 0.0219013)-> min: (0, 0.003192)-> max: (712, 0.0258097)-> tot: 19.743-> avg: 0.0197425
in-dis-skewed knn time: 0.217041 1 12.3678 0 37.1034 37.1034 0.382856 2.96084 14.0751 0 42.2252 40.2644 1.2678 14.6398 20.2332 0 60.6996 47.0597 
out-dis-skewed knn time: 0.244094 1.32293 12.7318 0 38.1953 37.8724 0.383063 3.032 14.1212 0 42.3635 40.3315 1.24653 14.5527 20.2276 0 60.6828 47.13 
in-dis-uniform knn time: 0.215051 1 12.3674 0 37.1023 37.1023 0.371458 2.96017 14.0761 0 42.2282 40.268 1.23384 14.6392 20.2325 0 60.6975 47.0581 
out-dis-uniform knn time: 0.243322 1.32303 12.7316 0 38.1947 37.8717 0.378421 3.03172 14.12 0 42.36 40.3282 1.22376 14.5508 20.225 0 60.675 47.1241 
range count time: 0.000410333 2.35982 28.2445 28.2445 0.0054 26.8793 0.00516067 64.9061 183.666 183.666 5.65018 114.11 0.080372 445.274 1075.45 1075.45 244.669 386.511 
range query time: 0.000481 2.35982 28.2445 28.2445 0.0054 26.8793 0.008015 64.9061 183.666 183.666 5.65018 114.11 1.05125 445.274 1075.45 1075.45 244.669 386.511 
# Insert
## 0.0001
median: (4997, 0.003191)-> min: (0, 0.000569)-> max: (5357, 0.00655133)-> tot: 29.7347-> avg: 0.00297297
in-dis-skewed knn time: 0.21692 1 12.3678 0 37.1034 37.1034 0.381462 2.96084 14.0751 0 42.2252 40.2644 1.26933 14.6398 20.2332 0 60.6996 47.0597 
out-dis-skewed knn time: 0.242686 1.32293 12.7318 0 38.1953 37.8724 0.381563 3.032 14.1212 0 42.3635 40.3315 1.24606 14.5527 20.2276 0 60.6828 47.13 
in-dis-uniform knn time: 0.215096 1 12.3674 0 37.1023 37.1023 0.371814 2.96017 14.0761 0 42.2282 40.268 1.23388 14.6392 20.2325 0 60.6975 47.0581 
out-dis-uniform knn time: 0.243568 1.32303 12.7316 0 38.1947 37.8717 0.378499 3.03172 14.12 0 42.36 40.3282 1.22399 14.5508 20.225 0 60.675 47.1241 
range count time: 0.000411 2.35982 28.2445 28.2445 0.0054 26.8793 0.00512267 64.9061 183.666 183.666 5.65018 114.11 0.08028 445.274 1075.45 1075.45 244.669 386.511 
range query time: 0.000459667 2.35982 28.2445 28.2445 0.0054 26.8793 0.00800633 64.9061 183.666 183.666 5.65018 114.11 1.04382 445.274 1075.45 1075.45 244.669 386.511 

Tree: PTree; AugType: HasBox; Split: HilbertCurve; BDO: 6; Inba: 30; Coord: integer; 
1.in 
# Insert
## 1
median: (1, 3.08969)-> min: (1, 3.08969)-> max: (1, 3.08969)-> tot: 3.08969-> avg: 3.08969
in-dis-skewed knn time: 0.505931 12.8589 171.423 0 171.423 159.564 2.23753 46.3945 290.184 0 290.184 244.789 13.3071 134.854 428.803 0 428.803 294.948 
out-dis-skewed knn time: 0.283858 11.975 104.134 0 104.134 93.1587 0.565426 19.0435 117.567 0 117.567 99.5232 3.57708 38.2555 145.824 0 145.824 108.568 
in-dis-uniform knn time: 1.29248 8.15147 112.159 0 112.159 105.008 2.69576 24.7432 171.078 0 171.078 147.335 8.71075 65.8455 231.495 0 231.495 166.649 
out-dis-uniform knn time: 0.183445 5.17477 75.5945 0 75.5945 71.4198 0.391301 9.98244 96.7066 0 96.7066 87.7242 2.50004 26.8616 120.651 0 120.651 94.7895 
range count time: 0.000522 4.0073 41.959 0 0 38.9517 0.002169 18.4003 71.3244 0 1.27028 52.6538 0.10337 200.289 516.042 0 96.6906 220.063 
range query time: 0.000707 4.0073 41.959 0 0 38.9517 0.00845733 18.4003 71.3244 0 1.27028 52.6538 1.15022 200.289 516.042 0 96.6906 220.063 
# Insert
## 0.1
median: (6, 0.271016)-> min: (3, 0.267381)-> max: (9, 0.273952)-> tot: 2.70701-> avg: 0.270701
in-dis-skewed knn time: 0.533919 13.3316 193.091 0 193.091 180.759 2.16685 45.1755 305.865 0 305.865 261.689 14.3231 162.052 510.161 0 510.161 349.109 
out-dis-skewed knn time: 0.291546 11.9748 103.125 0 103.125 92.1505 0.528225 17.0288 116.497 0 116.497 100.468 3.66736 42.2141 154.024 0 154.024 112.81 
in-dis-uniform knn time: 1.26855 8.42177 122.469 0 122.469 115.047 2.64199 23.7083 180.35 0 180.35 157.641 9.0516 74.2637 267.99 0 267.99 194.726 
out-dis-uniform knn time: 0.19817 5.84996 86.2989 0 86.2989 81.449 0.469465 10.8626 123.014 0 123.014 113.151 3.67629 37.6826 163.447 0 163.447 126.764 
range count time: 0.000505333 4.15962 44.203 0 6e-05 41.0433 0.00231567 21.7008 79.8596 0 1.96132 57.1974 0.105366 216.692 568.86 0 110.873 242.295 
range query time: 0.000669 4.15962 44.203 0 6e-05 41.0433 0.008581 21.7008 79.8596 0 1.96132 57.1974 1.18572 216.692 568.86 0 110.873 242.295 
# Insert
## 0.01
median: (22, 0.029392)-> min: (30, 0.0276583)-> max: (52, 0.0332027)-> tot: 2.95449-> avg: 0.0295444
in-dis-skewed knn time: 0.490707 10.87 163.61 0 163.61 153.74 1.46158 24.4099 210.036 0 210.036 186.626 10.7587 109.188 392.607 0 392.607 284.419 
out-dis-skewed knn time: 0.199105 7.0207 84.3571 0 84.3571 78.3364 0.408175 14.0487 107.629 0 107.629 94.5802 2.41039 31.4012 128.495 0 128.495 98.0935 
in-dis-uniform knn time: 1.39567 8.3118 120.383 0 120.383 113.071 2.83774 20.8951 166.762 0 166.762 146.867 9.20463 65.7738 250.822 0 250.822 186.048 
out-dis-uniform knn time: 0.271771 8.25105 107.615 0 107.615 100.363 0.661942 14.9361 131.892 0 131.892 117.956 4.13915 40.2293 163.328 0 163.328 124.098 
range count time: 0.000554667 3.45504 45.1095 0 0 42.6545 0.00239267 19.4736 79.5798 0 1.47992 59.6264 0.10446 202.62 529.692 0 99.359 228.713 
range query time: 0.000780333 3.45504 45.1095 0 0 42.6545 0.00875467 19.4736 79.5798 0 1.47992 59.6264 1.20393 202.62 529.692 0 99.359 228.713 
# Insert
## 0.001
median: (550, 0.00411233)-> min: (74, 0.00356433)-> max: (791, 0.009092)-> tot: 4.17652-> avg: 0.00417602
in-dis-skewed knn time: 0.483216 10.2114 166.398 0 166.398 157.186 1.85641 35.7441 261.506 0 261.506 226.762 12.0215 125.807 412.31 0 412.31 287.503 
out-dis-skewed knn time: 0.299284 10.9837 116.036 0 116.036 106.052 0.580064 19.0485 133.492 0 133.492 115.443 3.7423 41.2721 169.761 0 169.761 129.489 
in-dis-uniform knn time: 1.42186 8.31925 119.531 0 119.531 112.212 2.90375 22.0541 168.798 0 168.798 147.744 8.93253 64.1565 233.102 0 233.102 169.945 
out-dis-uniform knn time: 0.191051 5.01963 78.696 0 78.696 74.6763 0.498197 10.9465 113.788 0 113.788 103.842 3.6164 36.084 157.751 0 157.751 122.667 
range count time: 0.000588 4.01316 46.52 0 2e-05 43.5068 0.00247733 18.4186 77.2209 0 1.28702 58.5153 0.107066 204.712 532.539 0 101.578 227.248 
range query time: 0.00081 4.01316 46.52 0 2e-05 43.5068 0.009229 18.4186 77.2209 0 1.28702 58.5153 1.22949 204.712 532.539 0 101.578 227.248 
# Insert
## 0.0001
median: (2415, 0.000908333)-> min: (290, 0.000736333)-> max: (5200, 0.00462333)-> tot: 9.22566-> avg: 0.000922066
in-dis-skewed knn time: 0.562933 12.4314 189.14 0 189.14 177.708 2.2604 37.8398 327.21 0 327.21 290.37 15.082 137.567 479.642 0 479.642 343.075 
out-dis-skewed knn time: 0.272032 9.99175 114.141 0 114.141 105.149 0.493538 17.0709 126.733 0 126.733 110.662 3.08333 37.3563 154.13 0 154.13 117.774 
in-dis-uniform knn time: 1.45184 8.55337 123.335 0 123.335 115.782 3.07895 24.4593 192.557 0 192.557 169.098 9.84492 71.663 263.689 0 263.689 193.026 
out-dis-uniform knn time: 0.202397 5.04197 82.6461 0 82.6461 78.6041 0.410571 8.62551 100.447 0 100.447 92.8217 2.09252 22.9877 117.956 0 117.956 95.968 
range count time: 0.000584 4.17708 49.4493 0 2e-05 46.2722 0.002445 18.9706 77.4147 0 1.38194 58.0621 0.107286 205.899 544.011 0 102.143 236.968 
range query time: 0.000834667 4.17708 49.4493 0 2e-05 46.2722 0.008436 18.9706 77.4147 0 1.38194 58.0621 1.2282 205.899 544.011 0 102.143 236.968 

Tree: PTree; AugType: HasBox; Split: HilbertCurve; BDO: 6; Inba: 30; Coord: integer; 
2_sort_by_0.in 
# Insert
## 1
median: (1, 3.32396)-> min: (1, 3.32396)-> max: (1, 3.32396)-> tot: 3.32396-> avg: 3.32396
in-dis-skewed knn time: 0.466377 4.30811 50.764 0 50.764 47.4559 0.854544 8.66183 59.4057 0 59.4057 51.7439 2.57024 21.2955 79.6323 0 79.6323 59.3368 
out-dis-skewed knn time: 0.227399 4.00484 64.9037 0 64.9037 61.8989 0.661111 13.8734 93.2904 0 93.2904 80.417 2.56416 37.1828 140.074 0 140.074 103.891 
in-dis-uniform knn time: 1.1497 5.43029 68.823 0 68.823 64.3927 2.09149 14.4346 100.732 0 100.732 87.2976 5.28546 38.5883 140.209 0 140.209 102.62 
out-dis-uniform knn time: 0.234966 4.14776 65.2175 0 65.2175 62.0697 0.619242 12.1292 87.5912 0 87.5912 76.462 2.37633 31.5904 124.241 0 124.241 93.6509 
range count time: 0.000395333 1.98122 28.7715 0 0 27.7903 0.00382067 36.6545 108.672 0 0.83594 72.1817 0.155994 263.666 607.946 0 108.576 236.703 
range query time: 0.000661667 1.98122 28.7715 0 0 27.7903 0.00977933 36.6545 108.672 0 0.83594 72.1817 1.19292 263.666 607.946 0 108.576 236.703 
# Insert
## 0.1
median: (8, 0.299523)-> min: (1, 0.295157)-> max: (5, 0.30102)-> tot: 2.98497-> avg: 0.298497
in-dis-skewed knn time: 0.411507 4.40114 53.7508 0 53.7508 50.3497 0.803623 8.93598 62.9722 0 62.9722 55.0363 2.60335 24.0092 85.8731 0 85.8731 62.8639 
out-dis-skewed knn time: 0.235286 3.54263 63.4578 0 63.4578 60.9152 0.647232 11.8011 89.044 0 89.044 78.243 2.40602 31.1004 129.277 0 129.277 99.1768 
in-dis-uniform knn time: 1.14038 5.45688 72.9613 0 72.9613 68.5044 2.06939 14.2294 104.748 0 104.748 91.5185 5.50804 39.1558 144.1 0 144.1 105.944 
out-dis-uniform knn time: 0.243817 3.57875 64.2136 0 64.2136 61.6348 0.604188 10.094 83.8846 0 83.8846 74.7906 2.22451 25.9862 114.989 0 114.989 90.0031 
range count time: 0.000374 2.01022 28.7725 0 2e-05 27.7623 0.00397733 38.3283 112.243 0 0.95278 73.9619 0.159043 265.361 615.96 0 112.203 239.396 
range query time: 0.000582 2.01022 28.7725 0 2e-05 27.7623 0.00994967 38.3283 112.243 0 0.95278 73.9619 1.20393 265.361 615.96 0 112.203 239.396 
# Insert
## 0.01
median: (83, 0.0306677)-> min: (2, 0.0300127)-> max: (50, 0.0354773)-> tot: 3.09206-> avg: 0.0309201
in-dis-skewed knn time: 0.482668 3.43171 41.9985 0 41.9985 39.5668 0.802983 5.78379 46.8279 0 46.8279 42.0441 2.20835 13.6108 58.7817 0 58.7817 46.171 
out-dis-skewed knn time: 0.227969 3.30883 61.7889 0 61.7889 59.4801 0.639952 12.2128 90.6193 0 90.6193 79.4065 2.31112 35.8844 138.786 0 138.786 103.902 
in-dis-uniform knn time: 1.05943 5.18297 69.8184 0 69.8184 65.6355 1.87951 13.5124 98.8203 0 98.8203 86.3079 4.99493 37.1437 136.661 0 136.661 100.518 
out-dis-uniform knn time: 0.23431 3.36327 62.1649 0 62.1649 59.8016 0.592284 10.9027 84.5895 0 84.5895 74.6869 2.09287 29.9656 121.638 0 121.638 92.672 
range count time: 0.000393667 1.85942 27.2547 0 0 26.3953 0.00423033 36.3618 107.534 0 0.80946 71.3626 0.162122 261.412 604.169 0 108.521 235.236 
range query time: 0.000672333 1.85942 27.2547 0 0 26.3953 0.010134 36.3618 107.534 0 0.80946 71.3626 1.2282 261.412 604.169 0 108.521 235.236 
# Insert
## 0.001
median: (213, 0.00404167)-> min: (44, 0.00380167)-> max: (59, 0.006228)-> tot: 4.119-> avg: 0.0041185
in-dis-skewed knn time: 0.456827 3.53643 45.1644 0 45.1644 42.628 0.827178 7.50488 58.4838 0 58.4838 51.9789 2.57256 19.829 77.174 0 77.174 58.345 
out-dis-skewed knn time: 0.243197 3.11762 64.9965 0 64.9965 62.8789 0.666761 12.2117 95.5313 0 95.5313 84.3196 2.38429 36.9732 145.545 0 145.545 109.572 
in-dis-uniform knn time: 1.12352 5.61206 78.1234 0 78.1234 73.5114 2.03094 14.8035 108 0 108 94.1967 5.5535 42.3323 150.529 0 150.529 109.197 
out-dis-uniform knn time: 0.246491 3.16206 65.4143 0 65.4143 63.2522 0.613483 10.8402 89.3565 0 89.3565 79.5163 2.14824 30.9747 128.37 0 128.37 98.3949 
range count time: 0.000395667 1.98018 26.15 0 0 25.1698 0.004481 37.7197 108.091 0 0.93354 70.4375 0.157607 270.72 622.041 0 113.062 239.259 
range query time: 0.000553667 1.98018 26.15 0 0 25.1698 0.0101563 37.7197 108.091 0 0.93354 70.4375 1.28261 270.72 622.041 0 113.062 239.259 
# Insert
## 0.0001
median: (6557, 0.000867)-> min: (21, 0.000738333)-> max: (2756, 0.005107)-> tot: 8.84979-> avg: 0.000884476
in-dis-skewed knn time: 0.508644 4.19556 55.8101 0 55.8101 52.6146 1.04495 10.4504 79.5752 0 79.5752 70.1248 3.66594 30.4125 114.548 0 114.548 85.1355 
out-dis-skewed knn time: 0.310707 3.6145 81.0718 0 81.0718 78.4573 0.797347 12.2458 111.819 0 111.819 100.573 2.83446 36.2376 165.563 0 165.563 130.325 
in-dis-uniform knn time: 1.36601 9.23033 131.516 0 131.516 123.286 3.04323 26.5086 194.923 0 194.923 169.414 10.2175 81.9581 286.835 0 286.835 205.877 
out-dis-uniform knn time: 0.321935 3.62217 81.6343 0 81.6343 79.0121 0.744715 10.6411 105.563 0 105.563 95.9222 2.65852 30.9059 148.468 0 148.468 118.562 
range count time: 0.000452 2.13502 34.3572 0 4e-05 33.2221 0.00471433 37.8871 121.285 0 0.96358 83.4344 0.162163 271.599 668.632 0 116.538 281.496 
range query time: 0.000664667 2.13502 34.3572 0 4e-05 33.2221 0.0103923 37.8871 121.285 0 0.96358 83.4344 1.2943 271.599 668.632 0 116.538 281.496 

Tree: PTree; AugType: HasBox; Split: HilbertCurve; BDO: 6; Inba: 30; Coord: integer; 
2.in 
# Insert
## 1
median: (1, 3.34444)-> min: (1, 3.34444)-> max: (1, 3.34444)-> tot: 3.34444-> avg: 3.34444
in-dis-skewed knn time: 1.11417 4.92512 61.9913 0 61.9913 58.0662 1.93295 9.96535 73.4343 0 73.4343 64.4689 4.65735 25.3624 97.6118 0 97.6118 73.2493 
out-dis-skewed knn time: 1.12882 5.12152 62.5362 0 62.5362 58.4146 1.93021 10.0093 73.5392 0 73.5392 64.5299 4.63346 25.3728 97.6456 0 97.6456 73.2728 
in-dis-uniform knn time: 1.09103 4.92444 61.9854 0 61.9854 58.0609 1.92125 9.96379 73.4234 0 73.4234 64.4596 4.62165 25.3582 97.5966 0 97.5966 73.2385 
out-dis-uniform knn time: 1.12775 5.11925 62.5105 0 62.5105 58.3912 1.93013 10.0041 73.5084 0 73.5084 64.5043 4.61942 25.3538 97.5918 0 97.5918 73.238 
range count time: 0.000422333 2.08512 27.8222 0 0 26.737 0.00375167 36.3258 109.573 0 0.857 73.3904 0.156579 266.333 622.721 0 109.395 247.993 
range query time: 0.000581333 2.08512 27.8222 0 0 26.737 0.009469 36.3258 109.573 0 0.857 73.3904 1.16527 266.333 622.721 0 109.395 247.993 
# Insert
## 0.1
median: (9, 0.394699)-> min: (0, 0.30684)-> max: (6, 0.449352)-> tot: 3.89754-> avg: 0.389753
in-dis-skewed knn time: 1.1512 4.94442 62.1979 0 62.1979 58.2535 1.9538 10.0191 73.6897 0 73.6897 64.6707 4.62284 25.5982 98.195 0 98.195 73.5969 
out-dis-skewed knn time: 1.18024 5.14107 62.7271 0 62.7271 58.586 1.96391 10.0469 73.7622 0 73.7622 64.7153 4.62704 25.5682 98.1832 0 98.1832 73.615 
in-dis-uniform knn time: 1.14698 4.94066 62.1659 0 62.1659 58.2253 1.95944 9.9979 73.6316 0 73.6316 64.6337 4.63466 25.5521 98.1304 0 98.1304 73.5783 
out-dis-uniform knn time: 1.1844 5.13836 62.6993 0 62.6993 58.5609 1.97116 10.0394 73.7243 0 73.7243 64.6849 4.64052 25.5508 98.1284 0 98.1284 73.5776 
range count time: 0.000440667 2.09764 27.7195 0 2e-05 26.6218 0.00453033 36.5117 110.15 0 0.88416 73.7537 0.160198 268.078 626.965 0 110.45 249.437 
range query time: 0.000565 2.09764 27.7195 0 2e-05 26.6218 0.00991967 36.5117 110.15 0 0.88416 73.7537 1.2385 268.078 626.965 0 110.45 249.437 
# Insert
## 0.01
median: (51, 0.061239)-> min: (0, 0.0322057)-> max: (82, 0.0793383)-> tot: 5.9985-> avg: 0.0599845
in-dis-skewed knn time: 1.15374 4.94102 62.3738 0 62.3738 58.4327 1.95792 10.1123 74.0946 0 74.0946 64.9823 4.65886 26.0395 99.072 0 99.072 74.0325 
out-dis-skewed knn time: 1.1829 5.1513 62.9051 0 62.9051 58.7538 1.96509 10.1382 74.1277 0 74.1277 64.9895 4.65966 26.0015 99.0206 0 99.0206 74.0191 
in-dis-uniform knn time: 1.15019 4.95099 62.349 0 62.349 58.398 1.96312 10.093 74.0159 0 74.0159 64.923 4.66982 25.9905 98.9816 0 98.9816 73.9911 
out-dis-uniform knn time: 1.18751 5.14962 62.8824 0 62.8824 58.7328 1.97424 10.1329 74.0975 0 74.0975 64.9646 4.67478 25.9844 98.9683 0 98.9683 73.9839 
range count time: 0.000448 2.08694 28.2686 0 0 27.1817 0.004843 37.0074 111.49 0 0.92586 74.5573 0.163048 271.313 635.194 0 112.652 252.228 
range query time: 0.000592 2.08694 28.2686 0 0 27.1817 0.0102957 37.0074 111.49 0 0.92586 74.5573 1.2519 271.313 635.194 0 112.652 252.228 
# Insert
## 0.001
median: (512, 0.0136563)-> min: (0, 0.00408533)-> max: (945, 0.019445)-> tot: 12.9613-> avg: 0.0129608
in-dis-skewed knn time: 1.14848 4.91815 62.3287 0 62.3287 58.4105 1.95073 10.1139 74.0589 0 74.0589 64.945 4.6408 26.1133 99.1359 0 99.1359 74.0226 
out-dis-skewed knn time: 1.17755 5.13225 62.8592 0 62.8592 58.727 1.95701 10.1412 74.0822 0 74.0822 64.9409 4.63976 26.0826 99.0742 0 99.0742 73.9916 
in-dis-uniform knn time: 1.14566 4.9316 62.3161 0 62.3161 58.3845 1.95453 10.0985 73.9845 0 73.9845 64.886 4.65036 26.0787 99.0583 0 99.0583 73.9796 
out-dis-uniform knn time: 1.18221 5.13161 62.8472 0 62.8472 58.7156 1.96595 10.1377 74.0651 0 74.0651 64.9274 4.65778 26.0721 99.041 0 99.041 73.9689 
range count time: 0.000460667 2.11748 28.6024 0 2e-05 27.4849 0.00476167 37.206 111.916 0 0.93478 74.7751 0.162014 272.488 638.424 0 113.431 253.505 
range query time: 0.000622333 2.11748 28.6024 0 2e-05 27.4849 0.0101117 37.206 111.916 0 0.93478 74.7751 1.25109 272.488 638.424 0 113.431 253.505 
# Insert
## 0.0001
median: (5466, 0.00277067)-> min: (0, 0.000775)-> max: (8848, 0.00703367)-> tot: 26.7705-> avg: 0.00267655
in-dis-skewed knn time: 1.15274 4.95803 62.8892 0 62.8892 58.9312 1.95513 10.1355 74.4108 0 74.4108 65.2753 4.65892 26.2089 99.6639 0 99.6639 74.455 
out-dis-skewed knn time: 1.18361 5.17219 63.4271 0 63.4271 59.2549 1.96175 10.1639 74.4433 0 74.4433 65.2794 4.65805 26.1834 99.6179 0 99.6179 74.4345 
in-dis-uniform knn time: 1.15085 4.97039 62.8732 0 62.8732 58.9028 1.95935 10.1214 74.3413 0 74.3413 65.2199 4.66804 26.1775 99.5998 0 99.5998 74.4223 
out-dis-uniform knn time: 1.18839 5.17137 63.4135 0 63.4135 59.2421 1.97056 10.1625 74.4284 0 74.4284 65.266 4.67521 26.176 99.5957 0 99.5957 74.4197 
range count time: 0.000455333 2.10304 28.3284 0 4e-05 27.2253 0.004809 37.1955 112.352 0 0.93098 75.2251 0.163445 272.815 638.998 0 113.552 253.631 
range query time: 0.00065 2.10304 28.3284 0 4e-05 27.2253 0.0105547 37.1955 112.352 0 0.93098 75.2251 1.25097 272.815 638.998 0 113.552 253.631 

