Tree: KdTree; AugType: HasBox; Split: MaxStretchDim-ObjectMedian; BDO: 6; Inba: 30; Coord: integer; 
1.in 
## incre insert full: 869.83307 
in-dis-skewed knn time: 0.73242 7.97477 61.64346 
out-dis-skewed knn time: 0.63026 1.05646 41.81561 
in-dis-uniform knn time: 0.63212 1.05163 23.96658 
out-dis-uniform knn time: 0.61702 1.04792 18.02231 
range count time: 0.00145 0.00431 0.52839 
range query time: 0.00069 0.01071 6.01681 
## incre insert half: 406.78382 
in-dis-skewed knn time: 0.63101 0.92188 9.59320 
out-dis-skewed knn time: 0.62037 0.92395 8.12645 
in-dis-uniform knn time: 0.62665 0.92350 6.10839 
out-dis-uniform knn time: 0.62797 0.92854 5.34549 
range count time: 0.00065 0.00426 0.52075 
range query time: 0.00050 0.00982 4.45006 
## build tree half: 123.41761 
in-dis-skewed knn time: 0.51917 0.63086 2.42692 
out-dis-skewed knn time: 0.50850 0.62122 2.28459 
in-dis-uniform knn time: 0.51937 0.63757 1.93789 
out-dis-uniform knn time: 0.52813 0.63897 2.12952 
range count time: 0.00059 0.00225 0.44475 
range query time: 0.00037 0.00916 4.21237 
## incre delete half: 317.50240 
in-dis-skewed knn time: 0.50337 0.61681 2.11422 
out-dis-skewed knn time: 0.50340 0.62427 1.71946 
in-dis-uniform knn time: 0.50242 0.61332 1.83179 
out-dis-uniform knn time: 0.52923 0.64771 1.78555 
range count time: 0.00266 0.00301 0.42902 
range query time: 0.00037 0.01065 4.20443 

