Tree: CPAM; AugType: HasBox; Split: MortonCurve; BDO: 6; Inba: 30; Coord: integer; 
1.in 
# Insert
## 1
median: (1, 10.6345)-> min: (1, 10.6345)-> max: (1, 10.6345)-> tot: 10.6345-> avg: 10.6345
in-dis-skewed knn time: 2.4636 57.4163 384.088 0 384.088 327.672 14.5329 274.434 1188.91 0 1188.91 915.48 51.6632 580.895 1647.92 0 1647.92 1068.03 
out-dis-skewed knn time: 1.37194 33.0628 300.9 0 300.9 268.837 2.24344 57.3107 367.415 0 367.415 311.104 6.16089 99.412 435.617 0 435.617 337.205 
in-dis-uniform knn time: 19.4292 77.6206 529.195 0 529.195 452.574 42.5388 217.186 943.754 0 943.754 727.568 83.5682 436.27 1259.75 0 1259.75 824.478 
out-dis-uniform knn time: 1.61248 29.7705 256.63 0 256.63 227.86 3.51155 64.2149 370.584 0 370.584 307.37 10.4787 128.423 466.784 0 466.784 339.362 
range count time: 0.00176733 0 0 0 0 0 0.0102733 0 0 0 0 0 0.846336 0 0 0 0 0 
range query time: 0.00227533 0 0 0 0 0 0.015115 0 0 0 0 0 2.06183 0 0 0 0 0 
# Delete
## 0.1
median: (1, 1.68002)-> min: (7, 1.61616)-> max: (5, 1.82997)-> tot: 16.8528-> avg: 1.68528
in-dis-skewed knn time: 2.86209 62.9214 426.736 0 426.736 364.814 18.3556 330.312 1460.06 0 1460.06 1130.74 60.0323 658.42 1946.22 0 1946.22 1288.8 
out-dis-skewed knn time: 1.7058 39.7501 379.28 0 379.28 340.53 5.08102 120.35 660.269 0 660.269 540.919 17.1993 211.708 817.706 0 817.706 606.998 
in-dis-uniform knn time: 19.1998 69.9072 484.684 0 484.684 415.776 45.0096 212.915 939.227 0 939.227 727.312 88.9663 427.581 1250.89 0 1250.89 824.304 
out-dis-uniform knn time: 1.98094 34.5953 297.924 0 297.924 264.328 6.02044 103.523 578.71 0 578.71 476.187 17.4858 204.716 738.957 0 738.957 535.24 
range count time: 0.001718 0 0 0 0 0 0.0107247 0 0 0 0 0 0.887466 0 0 0 0 0 
range query time: 0.002119 0 0 0 0 0 0.0156677 0 0 0 0 0 2.10428 0 0 0 0 0 
# Delete
## 0.01
median: (86, 0.120768)-> min: (31, 0.104604)-> max: (37, 0.1443)-> tot: 12.103-> avg: 0.12103
in-dis-skewed knn time: 2.95232 62.9227 427.008 0 427.008 365.086 18.9218 321.611 1429.46 0 1429.46 1108.85 58.2596 625.027 1878.58 0 1878.58 1254.55 
out-dis-skewed knn time: 1.7228 39.7491 377.187 0 377.187 338.438 5.59847 129.013 676.602 0 676.602 548.589 18.8186 229.909 836.399 0 836.399 607.49 
in-dis-uniform knn time: 18.3319 70.0107 484.72 0 484.72 415.709 43.8272 211.595 933.219 0 933.219 722.624 89.0478 422.602 1239.53 0 1239.53 817.928 
out-dis-uniform knn time: 2.09829 34.3434 296.713 0 296.713 263.369 6.51246 107.366 591.419 0 591.419 485.053 19.0219 215.503 759.049 0 759.049 544.546 
range count time: 0.001747 0 0 0 0 0 0.011292 0 0 0 0 0 0.900255 0 0 0 0 0 
range query time: 0.002135 0 0 0 0 0 0.0165333 0 0 0 0 0 2.14269 0 0 0 0 0 
# Delete
## 0.001
median: (157, 0.00914567)-> min: (177, 0.008372)-> max: (521, 0.0124387)-> tot: 9.29983-> avg: 0.00929933
in-dis-skewed knn time: 2.64968 55.6086 377.968 0 377.968 323.359 18.998 314.564 1385.6 0 1385.6 1072.04 59.0405 616.893 1823.23 0 1823.23 1207.33 
out-dis-skewed knn time: 1.77509 39.7392 375.684 0 375.684 336.945 5.97858 128.967 674.933 0 674.933 546.967 19.5733 232.305 840.412 0 840.412 609.108 
in-dis-uniform knn time: 17.7162 69.9743 483.922 0 483.922 414.948 42.1996 210.077 926.578 0 926.578 717.502 87.8797 419.338 1230.23 0 1230.23 811.895 
out-dis-uniform knn time: 2.05283 32.0052 285.232 0 285.232 254.226 6.60881 103.489 578.203 0 578.203 475.714 18.3892 204.947 736.906 0 736.906 532.959 
range count time: 0.00175933 0 0 0 0 0 0.0119523 0 0 0 0 0 0.897516 0 0 0 0 0 
range query time: 0.00170633 0 0 0 0 0 0.0169133 0 0 0 0 0 2.1761 0 0 0 0 0 
# Delete
## 0.0001
median: (6925, 0.00186667)-> min: (8795, 0.00158233)-> max: (4295, 0.00609767)-> tot: 19.0884-> avg: 0.00190834
in-dis-skewed knn time: 2.69636 55.6068 374.343 0 374.343 319.736 19.2143 314.478 1381.98 0 1381.98 1068.5 59.1871 616.848 1819.64 0 1819.64 1203.79 
out-dis-skewed knn time: 1.79287 39.7443 373.656 0 373.656 334.912 6.03959 128.939 671.824 0 671.824 543.885 19.6846 232.262 837.277 0 837.277 606.015 
in-dis-uniform knn time: 17.6389 69.7802 481.942 0 481.942 413.162 41.9949 209.487 923.718 0 923.718 715.231 87.9233 418.34 1226.66 0 1226.66 809.318 
out-dis-uniform knn time: 2.07917 32.2522 284.019 0 284.019 252.767 6.85256 106.567 583.831 0 583.831 478.263 18.9272 209.961 744.291 0 744.291 535.33 
range count time: 0.00181933 0 0 0 0 0 0.0122833 0 0 0 0 0 0.891271 0 0 0 0 0 
range query time: 0.003734 0 0 0 0 0 0.0184303 0 0 0 0 0 2.18636 0 0 0 0 0 

Tree: CPAM; AugType: HasBox; Split: MortonCurve; BDO: 6; Inba: 30; Coord: integer; 
2_sort_by_0.in 
# Insert
## 1
median: (1, 10.6482)-> min: (1, 10.6482)-> max: (1, 10.6482)-> tot: 10.6482-> avg: 10.6482
in-dis-skewed knn time: 13.2497 92.6266 502.446 0 502.446 410.82 37.0217 271.135 940.85 0 940.85 670.715 83.116 554.045 1359.38 0 1359.38 806.334 
out-dis-skewed knn time: 4.52793 50.6373 423.24 0 423.24 373.603 13.5157 134.822 640.371 0 640.371 506.549 52.0894 389.709 1055 0 1055 666.287 
in-dis-uniform knn time: 26.8878 101.445 627.454 0 627.454 527.009 60.3692 268.418 1079.59 0 1079.59 812.176 121.038 564.59 1556.34 0 1556.34 992.755 
out-dis-uniform knn time: 5.71721 52.4784 414.184 0 414.184 362.705 17.4486 145.163 654.721 0 654.721 510.558 55.724 378.669 1027.18 0 1027.18 649.513 
range count time: 0.00224433 0 0 0 0 0 0.107887 0 0 0 0 0 1.77673 0 0 0 0 0 
range query time: 0.00172233 0 0 0 0 0 0.117592 0 0 0 0 0 2.67688 0 0 0 0 0 
# Delete
## 0.1
median: (2, 1.70828)-> min: (0, 1.47906)-> max: (3, 1.83233)-> tot: 16.606-> avg: 1.6606
in-dis-skewed knn time: 14.3911 94.8153 527.126 0 527.126 433.311 42.4012 270.667 970.934 0 970.934 701.267 94.6353 553.976 1396.89 0 1396.89 843.914 
out-dis-skewed knn time: 4.99699 49.8828 438.606 0 438.606 389.723 15.1731 139.305 672.406 0 672.406 534.101 58.4883 390.643 1097.81 0 1097.81 708.166 
in-dis-uniform knn time: 31.1239 113.699 714.277 0 714.277 601.578 68.6555 285.86 1161.81 0 1161.81 876.946 137.851 601.439 1670.95 0 1670.95 1070.51 
out-dis-uniform knn time: 6.51232 55.5751 449.914 0 449.914 395.338 19.3607 149.871 680.634 0 680.634 531.763 62.115 380.167 1056.71 0 1056.71 677.548 
range count time: 0.00144067 0 0 0 0 0 0.121073 0 0 0 0 0 1.8611 0 0 0 0 0 
range query time: 0.00148933 0 0 0 0 0 0.131177 0 0 0 0 0 2.76409 0 0 0 0 0 
# Delete
## 0.01
median: (3, 0.12643)-> min: (12, 0.109289)-> max: (27, 0.138583)-> tot: 12.6036-> avg: 0.126036
in-dis-skewed knn time: 12.9228 90.2276 500.803 0 500.803 411.575 39.6545 268.869 953.74 0 953.74 685.871 93.5079 547.314 1370.61 0 1370.61 824.298 
out-dis-skewed knn time: 4.90379 48.68 418.307 0 418.307 370.627 15.0242 147.246 685.196 0 685.196 538.95 58.3391 407.933 1118.58 0 1118.58 711.649 
in-dis-uniform knn time: 27.8771 110.059 687.005 0 687.005 577.946 64.1187 283.407 1145.59 0 1145.59 863.18 134.427 593.995 1645.25 0 1645.25 1052.25 
out-dis-uniform knn time: 6.19805 54.1365 428.924 0 428.924 375.787 18.6104 154.643 685.029 0 685.029 531.386 61.4182 389.524 1062.77 0 1062.77 674.245 
range count time: 0.00144233 0 0 0 0 0 0.125487 0 0 0 0 0 1.88306 0 0 0 0 0 
range query time: 0.00140133 0 0 0 0 0 0.131161 0 0 0 0 0 2.86811 0 0 0 0 0 
# Delete
## 0.001
median: (496, 0.014594)-> min: (999, 0.00945)-> max: (835, 0.0242057)-> tot: 14.3854-> avg: 0.0143849
in-dis-skewed knn time: 12.7383 88.3122 487.236 0 487.236 399.923 38.1153 256.784 906.655 0 906.655 650.871 89.4305 520.866 1300.04 0 1300.04 780.17 
out-dis-skewed knn time: 4.53414 45.7477 399.421 0 399.421 354.673 14.1143 140.966 661.283 0 661.283 521.317 56.6144 401.109 1091.64 0 1091.64 691.528 
in-dis-uniform knn time: 27.4849 107.018 668.152 0 668.152 562.134 63.0644 276.012 1112.42 0 1112.42 837.403 131.7 577.561 1597.05 0 1597.05 1020.49 
out-dis-uniform knn time: 5.84003 51.989 413.182 0 413.182 362.193 17.7448 148.523 663.397 0 663.397 515.873 59.9074 382.459 1039.24 0 1039.24 657.783 
range count time: 0.00148833 0 0 0 0 0 0.122532 0 0 0 0 0 1.86382 0 0 0 0 0 
range query time: 0.001301 0 0 0 0 0 0.127943 0 0 0 0 0 2.8611 0 0 0 0 0 
# Delete
## 0.0001
median: (49, 0.00618433)-> min: (9999, 0.00177667)-> max: (5081, 0.012946)-> tot: 60.3608-> avg: 0.00603558
in-dis-skewed knn time: 12.7523 88.552 488.872 0 488.872 401.32 38.1032 257.517 910.642 0 910.642 654.125 89.4123 522.85 1305.13 0 1305.13 783.277 
out-dis-skewed knn time: 4.51123 44.413 395.444 0 395.444 352.031 14.2687 140.368 660.723 0 660.723 521.355 57.0659 399.203 1086.12 0 1086.12 687.912 
in-dis-uniform knn time: 27.5424 107.118 669.708 0 669.708 563.589 63.3788 276.822 1118.06 0 1118.06 842.238 132.24 578.423 1603.28 0 1603.28 1025.85 
out-dis-uniform knn time: 5.92212 51.5366 413.816 0 413.816 363.279 18.2083 150.356 671.21 0 671.21 521.854 61.0823 385.905 1047.57 0 1047.57 662.66 
range count time: 0.001485 0 0 0 0 0 0.124613 0 0 0 0 0 1.86509 0 0 0 0 0 
range query time: 0.00174133 0 0 0 0 0 0.129122 0 0 0 0 0 2.85784 0 0 0 0 0 

Tree: CPAM; AugType: HasBox; Split: MortonCurve; BDO: 6; Inba: 30; Coord: integer; 
2.in 
# Insert
## 1
median: (1, 11.6029)-> min: (1, 11.6029)-> max: (1, 11.6029)-> tot: 11.6029-> avg: 11.6029
in-dis-skewed knn time: 26.7748 98.3867 621.67 0 621.67 524.283 62.2858 275.442 1133.72 0 1133.72 859.277 126.077 582.891 1637.45 0 1637.45 1055.56 
out-dis-skewed knn time: 27.2074 99.8296 627.076 0 627.076 528.247 62.4587 275.646 1134.41 0 1134.41 859.767 126.083 583.024 1637.87 0 1637.87 1055.85 
in-dis-uniform knn time: 26.8333 98.3961 621.757 0 621.757 524.361 62.4967 275.439 1133.75 0 1133.75 859.315 