Tree: CPAM; AugType: HasBox; Split: HilbertCurve; BDO: 6; Inba: 30; Coord: integer; 
1.in 
# Insert
## 1
median: (1, 11.2201)-> min: (1, 11.2201)-> max: (1, 11.2201)-> tot: 11.2201-> avg: 11.2201
in-dis-skewed knn time: 1.85572 45.8471 356.36 0 356.36 311.513 9.01731 163.828 797.12 0 797.12 634.292 35.2819 382.826 1132.06 0 1132.06 750.236 
out-dis-skewed knn time: 1.03738 22.1673 237.846 0 237.846 216.678 1.74158 40.333 271.674 0 271.674 232.341 6.89037 82.5275 327.869 0 327.869 246.341 
in-dis-uniform knn time: 7.99382 40.9758 323.67 0 323.67 283.694 17.1947 103.287 506.974 0 506.974 404.687 38.8628 234.471 701.685 0 701.685 468.214 
out-dis-uniform knn time: 1.48252 26.3597 238.315 0 238.315 212.955 3.18872 55.2346 313.971 0 313.971 259.737 10.5826 114.887 397.107 0 397.107 283.221 
range count time: 0.00118167 0 0 0 0 0 0.007397 0 0 0 0 0 0.670747 0 0 0 0 0 
range query time: 0.00121 0 0 0 0 0 0.015022 0 0 0 0 0 1.94689 0 0 0 0 0 
# Insert
## 0.1
median: (5, 1.62202)-> min: (8, 1.5617)-> max: (1, 1.76622)-> tot: 16.3845-> avg: 1.63845
in-dis-skewed knn time: 2.08778 54.064 439.923 0 439.923 386.859 15.7398 295.03 1496.81 0 1496.81 1202.78 63.0394 728.053 2175.96 0 2175.96 1448.91 
out-dis-skewed knn time: 0.876064 11.1149 218.457 0 218.457 208.343 1.84888 38.1391 316.648 0 316.648 279.509 7.3996 81.3228 371.121 0 371.121 290.798 
in-dis-uniform knn time: 7.74315 37.3861 302.401 0 302.401 266.015 18.0433 113.487 560.874 0 560.874 448.387 42.9867 271.627 793.695 0 793.695 523.068 
out-dis-uniform knn time: 1.383 21.3037 218.095 0 218.095 197.791 3.27856 51.9984 328.134 0 328.134 277.135 11.2595 114.146 419.036 0 419.036 305.89 
range count time: 0.001236 0 0 0 0 0 0.00764867 0 0 0 0 0 0.699624 0 0 0 0 0 
range query time: 0.001651 0 0 0 0 0 0.013642 0 0 0 0 0 1.98181 0 0 0 0 0 
# Insert
## 0.01
median: (44, 0.118813)-> min: (49, 0.104238)-> max: (50, 0.133734)-> tot: 11.8602-> avg: 0.118602
in-dis-skewed knn time: 2.27661 48.0042 407.679 0 407.679 360.675 11.5415 184.082 1043.38 0 1043.38 860.298 42.9823 451.404 1462.02 0 1462.02 1011.62 
out-dis-skewed knn time: 1.05349 23.6698 257.603 0 257.603 234.934 2.11828 52.8978 323.816 0 323.816 271.918 8.61217 112.246 408.89 0 408.89 297.644 
in-dis-uniform knn time: 7.77678 38.6134 327.689 0 327.689 290.076 17.9312 108.093 559.445 0 559.445 452.352 43.365 261.428 791.245 0 791.245 530.817 
out-dis-uniform knn time: 1.54822 25.451 245.212 0 245.212 220.761 3.72283 62.8011 355.282 0 355.282 293.481 13.0287 147.23 479.539 0 479.539 333.309 
range count time: 0.00113267 0 0 0 0 0 0.00861467 0 0 0 0 0 0.717645 0 0 0 0 0 
range query time: 0.00112767 0 0 0 0 0 0.0154763 0 0 0 0 0 2.01349 0 0 0 0 0 
# Insert
## 0.001
median: (384, 0.00962867)-> min: (152, 0.008618)-> max: (203, 0.0124137)-> tot: 9.71875-> avg: 0.00971824
in-dis-skewed knn time: 2.19275 50.6557 395.982 0 395.982 346.327 11.2127 181.39 958.218 0 958.218 777.827 40.0505 439.798 1395.08 0 1395.08 956.286 
out-dis-skewed knn time: 1.10618 21.5546 276.464 0 276.464 255.909 1.65498 35.79 306.115 0 306.115 271.325 5.86324 75.3055 369.367 0 369.367 295.061 
in-dis-uniform knn time: 7.67011 37.1571 317.028 0 317.028 280.87 17.284 101.271 526.741 0 526.741 426.47 42.4211 243.596 745.441 0 745.441 502.845 
out-dis-uniform knn time: 1.87274 28.2651 265.445 0 265.445 238.18 3.95342 59.6937 359.31 0 359.31 300.616 13.3539 145.284 483.52 0 483.52 339.236 
range count time: 0.00124233 0 0 0 0 0 0.00879667 0 0 0 0 0 0.720481 0 0 0 0 0 
range query time: 0.00134633 0 0 0 0 0 0.0153467 0 0 0 0 0 2.06263 0 0 0 0 0 
# Insert
## 0.0001
median: (9286, 0.00189933)-> min: (2572, 0.001624)-> max: (6761, 0.006784)-> tot: 19.4565-> avg: 0.00194515
in-dis-skewed knn time: 2.44952 50.7933 420.161 0 420.161 370.367 10.8487 162.195 896.487 0 896.487 735.292 44.2551 450.782 1335.84 0 1335.84 886.056 
out-dis-skewed knn time: 1.18495 23.9 257.335 0 257.335 234.435 2.01324 42.2135 320.832 0 320.832 279.618 7.44521 92.3289 394.337 0 394.337 303.008 
in-dis-uniform knn time: 7.93687 39.0753 332.862 0 332.862 294.787 18.2863 110.503 566.264 0 566.264 456.761 45.4114 271.237 804.199 0 804.199 533.962 
out-dis-uniform knn time: 1.91805 27.5418 254.941 0 254.941 228.399 4.08723 59.9865 360.581 0 360.581 301.594 13.9455 144.107 483.578 0 483.578 340.471 
range count time: 0.001172 0 0 0 0 0 0.00889833 0 0 0 0 0 0.722003 0 0 0 0 0 
range query time: 0.001254 0 0 0 0 0 0.0155317 0 0 0 0 0 2.07005 0 0 0 0 0 

Tree: CPAM; AugType: HasBox; Split: HilbertCurve; BDO: 6; Inba: 30; Coord: integer; 
2_sort_by_0.in 
# Insert
## 1
median: (1, 11.4345)-> min: (1, 11.4345)-> max: (1, 11.4345)-> tot: 11.4345-> avg: 11.4345
in-dis-skewed knn time: 2.25755 11.7752 91.167 0 91.167 80.3919 4.76476 25.4654 119.738 0 119.738 95.2727 11.831 61.9117 180.035 0 180.035 119.123 
out-dis-skewed knn time: 0.603442 6.78633 71.7014 0 71.7014 65.915 1.38364 14.1504 100.593 0 100.593 87.4431 9.64047 61.3841 206.36 0 206.36 145.976 
in-dis-uniform knn time: 4.29225 13.7114 106.333 0 106.333 93.6214 8.25003 29.7248 143.841 0 143.841 115.116 18.638 73.6867 223.118 0 223.118 150.432 
out-dis-uniform knn time: 0.672957 6.84379 70.4062 0 70.4062 64.5625 1.74191 14.8983 97.6544 0 97.6544 83.7561 10.5705 61.7751 193.847 0 193.847 133.072 
range count time: 0.001149 0 0 0 0 0 0.0773333 0 0 0 0 0 1.37343 0 0 0 0 0 
range query time: 0.000801 0 0 0 0 0 0.0868533 0 0 0 0 0 2.33836 0 0 0 0 0 
# Insert
## 0.1
median: (0, 1.60776)-> min: (5, 1.50697)-> max: (2, 1.68672)-> tot: 15.9531-> avg: 1.59531
in-dis-skewed knn time: 1.99738 10.9735 84.6841 0 84.6841 74.7105 4.55494 25.3529 115.146 0 115.146 90.7929 11.9417 64.1994 177.8 0 177.8 114.6 
out-dis-skewed knn time: 0.606454 6.45404 68.838 0 68.838 63.3839 1.35338 13.3484 96.5408 0 96.5408 84.1924 9.5271 58.1098 199.37 0 199.37 142.26 
in-dis-uniform knn time: 3.92556 12.8651 101.839 0 101.839 89.9736 7.93097 29.1088 140.741 0 140.741 112.632 18.5977 73.9637 221.012 0 221.012 148.048 
out-dis-uniform knn time: 0.654694 6.42506 67.3015 0 67.3015 61.8765 1.65875 13.9058 93.4052 0 93.4052 80.4994 10.4602 58.7674 187.592 0 187.592 129.825 
range count time: 0.00137633 0 0 0 0 0 0.091489 0 0 0 0 0 1.43725 0 0 0 0 0 
range query time: 0.000885 0 0 0 0 0 0.097583 0 0 0 0 0 2.42133 0 0 0 0 0 
# Insert
## 0.01
median: (12, 0.126596)-> min: (75, 0.108609)-> max: (57, 0.146676)-> tot: 12.7014-> avg: 0.127014
in-dis-skewed knn time: 2.38018 11.138 89.3951 0 89.3951 79.2571 5.38904 26.3604 129.772 0 129.772 104.411 14.0633 64.7322 195.009 0 195.009 131.277 
out-dis-skewed knn time: 0.649716 6.3677 70.0397 0 70.0397 64.672 1.40478 13.2625 98.0005 0 98.0005 85.7381 9.8853 58.3771 201.391 0 201.391 144.014 
in-dis-uniform knn time: 4.01584 13.1943 107.206 0 107.206 95.0122 8.18947 29.8319 148.817 0 148.817 119.985 19.6377 75.1407 231.45 0 231.45 157.309 
out-dis-uniform knn time: 0.683624 6.31833 68.1459 0 68.1459 62.8276 1.64862 13.6487 93.9111 0 93.9111 81.2624 10.7884 58.4591 187.258 0 187.258 129.799 
range count time: 0.00123567 0 0 0 0 0 0.0885203 0 0 0 0 0 1.46662 0 0 0 0 0 
range query time: 0.000898 0 0 0 0 0 0.0974367 0 0 0 0 0 2.49051 0 0 0 0 0 
# Insert
## 0.001
median: (300, 0.0126107)-> min: (197, 0.00983067)-> max: (990, 0.0192563)-> tot: 12.6815-> avg: 0.012681
in-dis-skewed knn time: 2.23648 10.6111 84.3648 0 84.3648 74.7538 5.14852 25.7998 122.878 0 122.878 98.0783 13.48 63.6843 185.286 0 185.286 122.602 
out-dis-skewed knn time: 0.675563 6.14576 71.6102 0 71.6102 66.4644 1.42451 12.7233 99.3861 0 99.3861 87.6628 9.82899 55.5794 199.662 0 199.662 145.083 
in-dis-uniform knn time: 3.93062 12.4978 102.275 0 102.275 90.7773 7.98351 28.2316 142.12 0 142.12 114.889 19.0198 70.9205 220.144 0 220.144 150.224 
out-dis-uniform knn time: 0.714156 6.13466 69.8623 0 69.8623 64.7277 1.69878 13.3378 95.7647 0 95.7647 83.427 10.8865 56.3113 186.729 0 186.729 131.418 
range count time: 0.000823667 0 0 0 0 0 0.0909043 0 0 0 0 0 1.46931 0 0 0 0 0 
range query time: 0.000880667 0 0 0 0 0 0.09843 0 0 0 0 0 2.51136 0 0 0 0 0 
# Insert
## 0.0001
median: (129, 0.00492633)-> min: (7866, 0.001953)-> max: (7675, 0.009554)-> tot: 47.9908-> avg: 0.00479858
in-dis-skewed knn time: 2.3605 11.645 92.263 0 92.263 81.618 5.43318 27.7061 132.631 0 132.631 105.924 14.2863 68.1599 199.694 0 199.694 132.534 
out-dis-skewed knn time: 0.707854 6.58291 75.4923 0 75.4923 69.9094 1.48984 13.478 104.341 0 104.341 91.8629 10.146 58.4387 208.364 0 208.364 150.925 
in-dis-uniform knn time: 4.16223 13.3679 109.371 0 109.371 97.0034 8.49085 30.1826 151.557 0 151.557 122.374 20.1814 75.7985 234.903 0 234.903 160.105 
out-dis-uniform knn time: 0.754542 6.57538 73.705 0 73.705 68.1296 1.77706 14.1407 100.684 0 100.684 87.543 11.1782 58.8368 194.661 0 194.661 136.824 
range count time: 0.0009 0 0 0 0 0 0.08931 0 0 0 0 0 1.47948 0 0 0 0 0 
range query time: 0.000891333 0 0 0 0 0 0.097878 0 0 0 0 0 2.51214 0 0 0 0 0 

Tree: CPAM; AugType: HasBox; Split: HilbertCurve; BDO: 6; Inba: 30; Coord: integer; 
2.in 
# Insert
## 1
median: (1, 12.5139)-> min: (1, 12.5139)-> max: (1, 12.5139)-> tot: 12.5139-> avg: 12.5139
in-dis-skewed knn time: 4.46405 14.0964 116.038 0 116.038 102.942 8.83091 31.6138 159.153 0 159.153 128.539 20.3557 80.5239 247.846 0 247.846 168.322 
out-dis-skewed knn time: 4.65059 14.99 119.532 0 119.532 105.541 8.77049 31.7614 159.592 0 159.592 128.831 20.2432 80.5925 248.037 0 248.037 168.444 
in-dis-uniform knn time: 4.38861 14.0957 116.021 0 116.021 102.925 8.72464 31.6214 159.172 0 159.172 128.55 20.1979 80.5367 247.869 0 247.869 168.332 
out-dis-uniform knn time: 4.65053 14.987 119.504 0 119.504 105.517 8.7589 31.7556 159.549 0 159.549 128.793 20.1901 80.5742 247.967 0 247.967 168.393 
range count time: 0.000936333 0 0 0 0 0 0.063705 0 0 0 0 0 1.16849 0 0 0 0 0 
range query time: 0.00218 0 0 0 0 0 0.0771097 0 0 0 0 0 2.22324 0 0 0 0 0 
# Insert
## 0.1
median: (6, 1.91929)-> min: (0, 1.54169)-> max: (9, 2.36939)-> tot: 19.2669-> avg: 1.92669
in-dis-skewed knn time: 4.26761 14.0805 115.775 0 115.775 102.694 8.67273 31.5905 158.916 0 158.916 128.325 20.9706 80.4146 247.379 0 247.379 167.965 
out-dis-skewed knn time: 4.4925 14.9805 119.263 0 119.263 105.282 8.69095 31.7339 159.343 0 159.343 128.609 20.9595 80.4499 247.554 0 247.554 168.104 
in-dis-uniform knn time: 4.24432 14.081 115.736 0 115.736 102.655 8.65477 31.5864 158.899 0 158.899 128.313 20.9207 80.3827 247.351 0 247.351 167.968 
out-dis-uniform knn time: 4.49962 14.9718 119.216 0 119.216 105.244 8.68922 31.7215 159.284 0 159.284 128.562 20.9453 80.4213 247.452 0 247.452 168.031 
range count time: 0.00128 0 0 0 0 0 0.0765503 0 0 0 0 0 1.26637 0 0 0 0 0 
range query time: 0.000946333 0 0 0 0 0 0.086115 0 0 0 0 0 2.3626 0 0 0 0 0 
# Insert
## 0.01
median: (52, 0.449857)-> min: (1, 0.125575)-> max: (99, 0.71896)-> tot: 44.1019-> avg: 0.441018
in-dis-skewed knn time: 4.28614 14.0407 115.864 0 115.864 102.823 8.68817 31.5228 158.695 0 158.695 128.173 20.9896 80.3309 247.14 0 247.14 167.809 
out-dis-skewed knn time: 4.51044 14.9551 119.338 0 119.338 105.383 8.6956 31.6496 159.027 0 159.027 128.378 20.9543 80.3012 247.143 0 247.143 167.842 
in-dis-uniform knn time: 4.26197 14.0551 115.82 0 115.82 102.765 8.66362 31.5066 158.613 0 158.613 128.106 20.9358 80.2443 246.986 0 246.986 167.741 
out-dis-uniform knn time: 4.5212 14.9528 119.318 0 119.318 105.365 8.70375 31.6484 159.01 0 159.01 128.362 20.9442 80.2952 247.106 0 247.106 167.811 
range count time: 0.000941333 0 0 0 0 0 0.0770147 0 0 0 0 0 1.26465 0 0 0 0 0 
range query time: 0.001984 0 0 0 0 0 0.0877047 0 0 0 0 0 2.38649 0 0 0 0 0 
# Insert
## 0.001
median: (508, 0.139661)-> min: (0, 0.0107353)-> max: (977, 0.157299)-> tot: 124.211-> avg: 0.12421
in-dis-skewed knn time: 4.28884 14.0871 116.038 0 116.038 102.951 8.72246 31.7831 159.84 0 159.84 129.056 21.0983 81.2423 249.428 0 249.428 169.186 
out-dis-skewed knn time: 4.51176 15.0022 119.521 0 119.521 105.519 8.73149 31.9166 160.189 0 160.189 129.272 21.0631 81.235 249.454 0 249.454 169.219 
in-dis-uniform knn time: 4.26337 14.1027 116.004 0 116.004 102.901 8.696 31.7754 159.766 0 159.766 128.991 21.0438 81.1799 249.291 0 249.291 169.111 
out-dis-uniform knn time: 4.52317 15.0021 119.517 0 119.517 105.515 8.7373 31.916 160.174 0 160.174 129.258 21.0573 81.2284 249.418 0 249.418 169.19 
range count time: 0.000996 0 0 0 0 0 0.078612 0 0 0 0 0 1.2702 0 0 0 0 0 
range query time: 0.000971667 0 0 0 0 0 0.0862377 0 0 0 0 0 2.38506 0 0 0 0 0 
# Insert
## 0.0001
median: (7320, 0.0183043)-> min: (3, 0.00207267)-> max: (6595, 0.0236933)-> tot: 178.987-> avg: 0.0178982
in-dis-skewed knn time: 4.26631 14.0776 116.174 0 116.174 103.097 8.62473 31.5278 158.746 0 158.746 128.218 20.8742 80.8152 248.013 0 248.013 168.198 
out-dis-skewed knn time: 4.4869 14.9947 119.671 0 119.671 105.676 8.62954 31.6675 159.11 0 159.11 128.443 20.8397 80.8279 248.065 0 248.065 168.237 
in-dis-uniform knn time: 4.23796 14.09 116.138 0 116.138 103.048 8.59294 31.5216 158.686 0 158.686 128.164 20.8344 80.7679 247.898 0 247.898 168.13 
out-dis-uniform knn time: 4.49985 14.9858 119.628 0 119.628 105.642 8.64075 31.6541 159.049 0 159.049 128.395 20.8398 80.7981 247.962 0 247.962 168.164 
range count time: 0.000943667 0 0 0 0 0 0.0802343 0 0 0 0 0 1.2631 0 0 0 0 0 
range query time: 0.000987 0 0 0 0 0 0.0886537 0 0 0 0 0 2.38679 0 0 0 0 0 

