Tree: PTree; AugType: HasBox; Split: MortonCurve; BDO: 6; Inba: 30; Coord: integer; 
1.in 
# Insert
## 1
median: (1, 3.17131)-> min: (1, 3.17131)-> max: (1, 3.17131)-> tot: 3.17131-> avg: 3.17131
in-dis-skewed knn time: 1.82416 57.4163 384.088 0 384.088 327.672 11.7035 274.434 1188.91 0 1188.91 915.48 45.0443 580.895 1647.92 0 1647.92 1068.03 
out-dis-skewed knn time: 1.07683 33.0628 300.9 0 300.9 268.837 1.83054 57.3107 367.415 0 367.415 311.104 5.38677 99.412 435.617 0 435.617 337.205 
in-dis-uniform knn time: 15.9855 77.6206 529.195 0 529.195 452.574 35.1143 217.186 943.754 0 943.754 727.568 70.2994 436.27 1259.75 0 1259.75 824.478 
out-dis-uniform knn time: 1.2483 29.7705 256.63 0 256.63 227.86 2.82826 64.2149 370.584 0 370.584 307.37 9.03491 128.423 466.784 0 466.784 339.362 
range count time: 0.00151067 8.90072 104.45 0 0 96.5494 0.00913267 52.153 240.918 0 0.52878 189.236 0.688609 750.805 1627.38 0 131.64 745.936 
range query time: 0.00157267 8.90072 104.45 0 0 96.5494 0.0144283 52.153 240.918 0 0.52878 189.236 1.77116 750.805 1627.38 0 131.64 745.936 
# Insert
## 0.1
median: (4, 0.262328)-> min: (1, 0.257841)-> max: (0, 0.263601)-> tot: 2.61514-> avg: 0.261514
in-dis-skewed knn time: 1.96659 65.9791 460.862 0 460.862 395.882 11.5426 269.474 1234.27 0 1234.27 965.796 41.4639 556.298 1655.36 0 1655.36 1100.07 
out-dis-skewed knn time: 1.18995 35.8395 312.507 0 312.507 277.668 1.77093 54.2245 364.773 0 364.773 311.548 5.71345 101.565 442.637 0 442.637 342.072 
in-dis-uniform knn time: 15.6063 82.7505 586.538 0 586.538 504.787 35.3416 228.452 1032.01 0 1032.01 804.558 72.8439 471.409 1388.17 0 1388.17 917.765 
out-dis-uniform knn time: 1.44404 33.5338 278.31 0 278.31 245.777 3.35594 73.5988 430.222 0 430.222 357.623 10.9425 156.04 551.811 0 551.811 396.771 
range count time: 0.00143833 8.365 100.88 0 0 93.515 0.008928 56.3164 242.034 0 0.72632 185.992 0.702151 804.467 1746.47 0 149.964 793.034 
range query time: 0.00148867 8.365 100.88 0 0 93.515 0.014223 56.3164 242.034 0 0.72632 185.992 1.8173 804.467 1746.47 0 149.964 793.034 
# Insert
## 0.01
median: (84, 0.02732)-> min: (83, 0.0264007)-> max: (9, 0.0293897)-> tot: 2.73523-> avg: 0.0273518
in-dis-skewed knn time: 2.0334 55.0491 396.564 0 396.564 342.515 10.9482 221.074 990.559 0 990.559 770.485 37.7794 444.958 1312.38 0 1312.38 868.424 
out-dis-skewed knn time: 1.51087 50.7312 390.068 0 390.068 340.337 2.41289 77.5482 433.384 0 433.384 356.836 7.53374 131.829 501.895 0 501.895 371.066 
in-dis-uniform knn time: 15.5614 78.7606 563.717 0 563.717 485.957 33.8018 205.606 945.392 0 945.392 740.787 69.5795 421.727 1262.09 0 1262.09 841.36 
out-dis-uniform knn time: 1.85091 39.9153 319.587 0 319.587 280.671 4.23907 90.0209 483.792 0 483.792 394.771 12.5679 173.216 603.417 0 603.417 431.202 
range count time: 0.00168467 8.93412 108.615 0 0 100.681 0.009433 50.0534 237.712 0 0.47468 188.184 0.728302 771.969 1703.91 0 140.382 792.559 
range query time: 0.00171 8.93412 108.615 0 0 100.681 0.0152423 50.0534 237.712 0 0.47468 188.184 1.85444 771.969 1703.91 0 140.382 792.559 
# Insert
## 0.001
median: (983, 0.00373933)-> min: (38, 0.00342467)-> max: (519, 0.00570267)-> tot: 3.81258-> avg: 0.00381208
in-dis-skewed knn time: 2.57226 61.8919 468.228 0 468.228 407.336 14.8699 301.307 1387.64 0 1387.64 1087.33 48.8062 640.937 1849.98 0 1849.98 1210.04 
out-dis-skewed knn time: 1.33952 36.0506 361.338 0 361.338 326.287 1.89985 54.6092 395.342 0 395.342 341.733 11.1668 159.764 600.873 0 600.873 442.109 
in-dis-uniform knn time: 15.7216 74.7073 555.149 0 555.149 481.442 34.6181 216.82 1007.53 0 1007.53 791.712 71.4901 454.967 1359.52 0 1359.52 905.557 
out-dis-uniform knn time: 1.83559 32.3926 314.222 0 314.222 282.829 4.60244 85.7011 519.325 0 519.325 434.624 15.8636 202.887 710.414 0 710.414 508.528 
range count time: 0.001684 8.7878 113.398 0 0 105.61 0.0104923 51.987 254.946 0 0.54268 203.417 0.71651 771.884 1733.14 0 143.523 818.735 
range query time: 0.001693 8.7878 113.398 0 0 105.61 0.015212 51.987 254.946 0 0.54268 203.417 1.90755 771.884 1733.14 0 143.523 818.735 
# Insert
## 0.0001
median: (9024, 0.000838333)-> min: (524, 0.000699)-> max: (2583, 0.00446533)-> tot: 8.55962-> avg: 0.00085546
in-dis-skewed knn time: 1.69426 48.4989 352.309 0 352.309 304.81 13.4851 270.332 1205.19 0 1205.19 935.853 47.6228 591.403 1617.97 0 1617.97 1027.57 
out-dis-skewed knn time: 1.60372 44.8733 429.832 0 429.832 385.958 2.27116 70.9029 472.561 0 472.561 402.658 6.85961 132.808 571.442 0 571.442 439.633 
in-dis-uniform knn time: 15.6902 74.4929 550.162 0 550.162 476.669 34.5047 217.221 999.784 0 999.784 783.563 71.2071 455.662 1346.82 0 1346.82 892.161 
out-dis-uniform knn time: 1.9452 35.5055 331.008 0 331.008 296.502 5.1371 95.6778 577.12 0 577.12 482.442 15.1517 201.329 737.494 0 737.494 537.165 
range count time: 0.00163267 8.83246 114.487 0 0 106.655 0.010668 53.4013 261.271 0 0.61002 208.259 0.707686 775.817 1760.01 0 147.777 837.417 
range query time: 0.00175933 8.83246 114.487 0 0 106.655 0.0151217 53.4013 261.271 0 0.61002 208.259 1.90987 775.817 1760.01 0 147.777 837.417 

Tree: PTree; AugType: HasBox; Split: MortonCurve; BDO: 6; Inba: 30; Coord: integer; 
2_sort_by_0.in 
# Insert
## 1
median: (1, 3.1928)-> min: (1, 3.1928)-> max: (1, 3.1928)-> tot: 3.1928-> avg: 3.1928
in-dis-skewed knn time: 10.5113 92.6266 502.446 0 502.446 410.82 29.5923 271.135 940.85 0 940.85 670.715 68.2701 554.045 1359.38 0 1359.38 806.334 
out-dis-skewed knn time: 3.3825 50.6373 423.24 0 423.24 373.603 10.2362 134.822 640.371 0 640.371 506.549 41.691 389.709 1055 0 1055 666.287 
in-dis-uniform knn time: 22.1178 101.445 627.454 0 627.454 527.009 49.8617 268.418 1079.59 0 1079.59 812.176 101.121 564.59 1556.34 0 1556.34 992.755 
out-dis-uniform knn time: 4.31508 52.4784 414.184 0 414.184 362.705 13.5719 145.163 654.721 0 654.721 510.558 45.4286 378.669 1027.18 0 1027.18 649.513 
range count time: 0.00147433 6.77284 60.4391 0 0 54.6663 0.081415 213.232 582.547 0 0.0594 370.256 1.46527 1555.42 2926.76 0 112.201 1260.14 
range query time: 0.00126333 6.77284 60.4391 0 0 54.6663 0.0895547 213.232 582.547 0 0.0594 370.256 2.30108 1555.42 2926.76 0 112.201 1260.14 
# Insert
## 0.1
median: (7, 0.301209)-> min: (1, 0.295917)-> max: (5, 0.305984)-> tot: 3.01153-> avg: 0.301152
in-dis-skewed knn time: 7.55044 62.2725 378.192 0 378.192 316.92 26.2787 233.563 875.353 0 875.353 642.79 63.7789 512.733 1290.45 0 1290.45 778.72 
out-dis-skewed knn time: 4.20923 63.64 511.537 0 511.537 448.897 11.168 153.605 714.528 0 714.528 561.922 44.2808 422.952 1152.15 0 1152.15 730.201 
in-dis-uniform knn time: 24.7101 109.146 712.326 0 712.326 604.179 54.0787 278.395 1163.7 0 1163.7 886.304 109.694 584.461 1658.44 0 1658.44 1074.98 
out-dis-uniform knn time: 5.63101 70.7876 533.743 0 533.743 463.955 14.6171 163.438 725.563 0 725.563 563.126 48.6597 410.682 1115.28 0 1115.28 705.599 
range count time: 0.00165633 7.25522 82.4352 0 0 76.18 0.0875887 212.962 615.914 0 0.09468 403.857 1.50399 1487.36 2877.43 0 108.699 1282.38 
range query time: 0.001415 7.25522 82.4352 0 0 76.18 0.0968813 212.962 615.914 0 0.09468 403.857 2.35753 1487.36 2877.43 0 108.699 1282.38 
# Insert
## 0.01
median: (38, 0.0325177)-> min: (13, 0.0303227)-> max: (48, 0.0368257)-> tot: 3.26865-> avg: 0.0326859
in-dis-skewed knn time: 6.75068 49.9927 335.439 0 335.439 286.446 24.0106 205.257 807.301 0 807.301 603.044 58.9792 450.152 1196.17 0 1196.17 747.014 
out-dis-skewed knn time: 4.5938 58.3952 468.875 0 468.875 411.48 12.0704 139.378 639.623 0 639.623 501.245 46.093 376.094 1004.94 0 1004.94 629.843 
in-dis-uniform knn time: 22.4733 107.119 688.112 0 688.112 581.993 47.6384 267.975 1103.93 0 1103.93 836.958 98.0274 566.314 1597.01 0 1597.01 1031.7 
out-dis-uniform knn time: 5.74374 64.9398 481.516 0 481.516 417.576 14.6164 145.863 638.309 0 638.309 493.446 47.317 356.823 959.411 0 959.411 603.588 
range count time: 0.00150633 6.65854 83.4674 0 0 77.8088 0.081044 212.096 624.377 0 0.06278 413.218 1.49758 1557.3 3042.58 0 119.881 1366.4 
range query time: 0.00153733 6.65854 83.4674 0 0 77.8088 0.0924317 212.096 624.377 0 0.06278 413.218 2.44315 1557.3 3042.58 0 119.881 1366.4 
# Insert
## 0.001
median: (400, 0.00509633)-> min: (0, 0.003937)-> max: (634, 0.00794267)-> tot: 5.15117-> avg: 0.00515067
in-dis-skewed knn time: 6.10476 48.6987 335.803 0 335.803 288.104 19.6568 185.536 743.394 0 743.394 558.857 53.0304 447.613 1162.57 0 1162.57 715.957 
out-dis-skewed knn time: 4.25242 54.1273 473.095 0 473.095 419.967 10.1541 127.705 657.584 0 657.584 530.879 38.7798 370.649 1094.02 0 1094.02 724.374 
in-dis-uniform knn time: 20.8467 103.544 678.446 0 678.446 575.902 42.7186 253.385 1057.69 0 1057.69 805.304 91.3934 565.683 1576.51 0 1576.51 1011.82 
out-dis-uniform knn time: 5.36217 63.0688 499.552 0 499.552 437.483 12.5921 139.438 669.728 0 669.728 531.29 41.6304 364.135 1055.47 0 1055.47 692.337 
range count time: 0.00201067 6.96484 101.325 0 0 95.3604 0.0872447 226.657 672.153 0 0.07678 446.419 1.50036 1663.99 3225.88 0 134.862 1428.03 
range query time: 0.001587 6.96484 101.325 0 0 95.3604 0.095087 226.657 672.153 0 0.07678 446.419 2.47471 1663.99 3225.88 0 134.862 1428.03 
# Insert
## 0.0001
median: (6610, 0.00122467)-> min: (0, 0.000755333)-> max: (9816, 0.00634833)-> tot: 12.4645-> avg: 0.00124594
in-dis-skewed knn time: 6.11184 48.4077 324.218 0 324.218 276.81 21.2805 210.113 795.29 0 795.29 586.177 54.9113 482.723 1221.17 0 1221.17 739.449 
out-dis-skewed knn time: 4.36422 57.7437 481.782 0 481.782 425.038 10.1887 131.147 669.511 0 669.511 539.364 37.9508 370.872 1107.19 0 1107.19 737.315 
in-dis-uniform knn time: 21.3339 106.713 691.571 0 691.571 585.858 44.1113 266.587 1092.5 0 1092.5 826.911 93.0496 584.982 1616.78 0 1616.78 1032.8 
out-dis-uniform knn time: 5.24268 63.2262 494.328 0 494.328 432.101 12.1268 138.354 664.817 0 664.817 527.463 39.6328 357.757 1046.75 0 1046.75 689.991 
range count time: 0.001564 7.122 91.0287 0 0 84.9067 0.0873663 229.589 660.502 0 0.08212 431.831 1.49728 1689.77 3255.27 0 139.073 1427.43 
range query time: 0.00162233 7.122 91.0287 0 0 84.9067 0.0940943 229.589 660.502 0 0.08212 431.831 2.46728 1689.77 3255.27 0 139.073 1427.43 

Tree: PTree; AugType: HasBox; Split: MortonCurve; BDO: 6; Inba: 30; Coord: integer; 
2.in 
# Insert
## 1
median: (1, 3.27585)-> min: (1, 3.27585)-> max: (1, 3.27585)-> tot: 3.27585-> avg: 3.27585
in-dis-skewed knn time: 22.0753 98.3867 621.67 0 621.67 524.283 51.3286 275.442 1133.72 0 1133.72 859.277 105.789 582.891 1637.45 0 1637.45 1055.56 
out-dis-skewed knn time: 22.443 99.8296 627.076 0 627.076 528.247 51.4322 275.646 1134.41 0 1134.41 859.767 105.913 583.024 1637.87 0 1637.87 1055.85 
in-dis-uniform knn time: 22.0937 98.3961 621.757 0 621.757 524.361 51.4177 275.439 1133.75 0 1133.75 859.315 105.963 582.891 1637.53 0 1637.53 1055.64 
out-dis-uniform knn time: 22.4856 99.8668 627.252 0 627.252 528.385 51.4667 275.663 1134.46 0 1134.46 859.793 106.004 583.036 1637.91 0 1637.91 1055.87 
range count time: 0.001352 7.84008 63.9571 0 0 57.117 0.0586453 186.021 517.143 0 0.08104 332.041 1.26873 1382.25 2553.11 0 112.645 1059.21 
range query time: 0.00244733 7.84008 63.9571 0 0 57.117 0.0673537 186.021 517.143 0 0.08104 332.041 2.16527 1382.25 2553.11 0 112.645 1059.21 
# Insert
## 0.1
median: (9, 0.393793)-> min: (0, 0.299821)-> max: (6, 0.456482)-> tot: 3.90512-> avg: 0.390511
in-dis-skewed knn time: 21.2136 98.8523 628.346 0 628.346 530.493 50.1355 282.026 1155.91 0 1155.91 874.882 104.479 603.792 1674.38 0 1674.38 1071.59 
out-dis-skewed knn time: 21.6529 100.311 633.808 0 633.808 534.497 50.3719 282.222 1156.65 0 1156.65 875.424 104.771 603.942 1674.91 0 1674.91 1071.97 
in-dis-uniform knn time: 21.3448 98.8787 628.489 0 628.489 530.61 50.3673 282.011 1155.99 0 1155.99 874.981 104.866 603.79 1674.51 0 1674.51 1071.72 
out-dis-uniform knn time: 21.6959 100.332 633.918 0 633.918 534.586 50.4538 282.218 1156.6 0 1156.6 875.385 104.883 603.9 1674.8 0 1674.8 1071.9 
range count time: 0.00148133 7.75404 66.4709 0 0 59.7168 0.0597587 186.869 520.501 0 0.08558 334.547 1.31314 1392.3 2579.72 0 115.95 1072.48 
range query time: 0.00217967 7.75404 66.4709 0 0 59.7168 0.06856 186.869 520.501 0 0.08558 334.547 2.31448 1392.3 2579.72 0 115.95 1072.48 
# Insert
## 0.01
median: (51, 0.0628987)-> min: (0, 0.031069)-> max: (99, 0.0795013)-> tot: 6.19079-> avg: 0.0619074
in-dis-skewed knn time: 21.0282 98.0746 629.862 0 629.862 532.788 49.9645 283.792 1164.45 0 1164.45 881.657 104.068 607.077 1687.45 0 1687.45 1081.37 
out-dis-skewed knn time: 21.5489 99.6572 635.524 0 635.524 536.867 50.2118 284.008 1165.18 0 1165.18 882.169 104.088 607.215 1687.9 0 1687.9 1081.69 
in-dis-uniform knn time: 21.185 98.195 630.055 0 630.055 532.86 50.1466 283.805 1164.53 0 1164.53 881.724 104.167 607.089 1687.59 0 1687.59 1081.5 
out-dis-uniform knn time: 21.535 99.6889 635.676 0 635.676 536.987 50.2621 284.002 1165.13 0 1165.13 882.127 104.2 607.176 1687.78 0 1687.78 1081.61 
range count time: 0.00156033 7.88562 68.1097 0 0 61.2241 0.0641427 189.473 527.105 0 0.08908 338.542 1.30961 1413.23 2624.72 0 120.597 1091.89 
range query time: 0.00169267 7.88562 68.1097 0 0 61.2241 0.0696237 189.473 527.105 0 0.08908 338.542 2.32422 1413.23 2624.72 0 120.597 1091.89 
# Insert
## 0.001
median: (541, 0.014404)-> min: (3, 0.004034)-> max: (553, 0.0215137)-> tot: 13.5617-> avg: 0.0135612
in-dis-skewed knn time: 20.9659 98.2545 632.091 0 632.091 534.837 49.9605 284.478 1170.23 0 1170.23 886.75 104.217 611.236 1700.73 0 1700.73 1090.49 
out-dis-skewed knn time: 21.4397 99.849 637.73 0 637.73 538.881 50.2028 284.69 1170.97 0 1170.97 887.283 104.447 611.385 1701.26 0 1701.26 1090.87 
in-dis-uniform knn time: 21.154 98.4075 632.386 0 632.386 534.978 50.2257 284.513 1170.4 0 1170.4 886.889 104.513 611.278 1700.97 0 1700.97 1090.69 
out-dis-uniform knn time: 21.5036 99.8934 637.946 0 637.946 539.053 50.2947 284.738 1171.07 0 1171.07 887.327 104.662 611.427 1701.29 0 1701.29 1090.87 
range count time: 0.00158667 7.88382 71.541 0 0 64.6572 0.0620827 190.336 531.761 0 0.0905 342.335 1.31064 1420.58 2638.86 0 122.022 1097.26 
range query time: 0.00206433 7.88382 71.541 0 0 64.6572 0.0658697 190.336 531.761 0 0.0905 342.335 2.32019 1420.58 2638.86 0 122.022 1097.26 
# Insert
## 0.0001
median: (5492, 0.002924)-> min: (4, 0.000784667)-> max: (5110, 0.00737367)-> tot: 28.3061-> avg: 0.00283012
in-dis-skewed knn time: 21.5475 104.07 666.393 0 666.393 563.323 49.7296 286.293 1166.48 0 1166.48 881.19 103.124 610.553 1689.25 0 1689.25 1079.7 
out-dis-skewed knn time: 22.037 105.701 672.204 0 672.204 567.503 49.9205 286.507 1167.22 0 1167.22 881.712 103.325 610.688 1689.72 0 1689.72 1080.03 
in-dis-uniform knn time: 21.7473 104.238 666.791 0 666.791 563.554 49.9642 286.318 1166.65 0 1166.65 881.334 103.544 610.606 1689.52 0 1689.52 1079.92 
out-dis-uniform knn time: 22.0936 105.723 672.281 0 672.281 567.558 50.0262 286.534 1167.27 0 1167.27 881.736 103.547 610.733 1689.78 0 1689.78 1080.05 
range count time: 0.00167667 7.78148 83.0317 0 0 76.2503 0.0644013 190.65 536.441 0 0.0923 346.699 1.3136 1422.12 2643.21 0 122.231 1099.86 
range query time: 0.00184 7.78148 83.0317 0 0 76.2503 0.0684257 190.65 536.441 0 0.0923 346.699 2.31866 1422.12 2643.21 0 122.231 1099.86 

